200 50 100 1.0 33
1	42	57.375	6.791492840311326
2	38	47.63	3.0908089555972227
3	34	44.67	2.8602622257408497
4	34	42.235	2.872242155529369
5	33	39.94	2.706732347314745
6	29	38.025	2.8043493006399904
7	26	35.985	2.702734726161633
8	26	34.335	2.3691295870002556
9	26	32.98	2.6324133414036632
10	23	31.925	3.0048918449754574
11	23	30.285	2.6141490011091575
12	21	28.81	2.6313304619526603
13	20	27.875	2.6475224267227655
14	20	27.28	2.810978477327781
15	20	26.4	2.624880949681338
16	20	25.535	2.570753780508743
17	19	25.375	2.480801281844235
18	19	25.03	2.368353858695949
19	20	25.03	2.5979030004986696
20	19	24.855	2.3353747022694242
21	18	24.65	2.414021540914661
22	16	24.455	2.3723353472896704
23	15	24.215	2.86509598443054
24	15	23.45	2.6396022427631016
25	16	23.345	2.442534544279773
26	15	23.0	2.6683328128252666
27	15	22.545	2.7235959685680258
28	16	22.43	2.4052234823400522
29	17	22.46	2.471517752313343
30	17	22.555	2.7325766228964183
31	16	21.835	2.3995364135599178
32	16	21.675	2.473737051507295
33	16	21.73	2.399395757268901
34	17	22.09	2.581065671384594
35	17	21.84	2.506870559083577
36	17	21.675	2.7311856399739667
37	15	21.295	2.420325391347204
38	15	20.805	2.46109223719876
39	15	20.67	2.459898371884497
40	15	20.43	2.4869861278262086
41	14	20.38	2.585652722234755
42	14	19.955	2.504590784938728
43	13	20.05	2.736329658502426
44	13	19.375	2.6219029348928995
45	12	19.23	2.4672048962337922
46	12	19.255	2.7495408707637017
47	12	18.89	2.5608397060339394
48	12	18.465	2.578521863393831
49	12	18.52	2.5336929569306545
50	12	18.34	2.6142685401465555
51	12	18.13	2.7171860444216946
52	12	17.85	2.5821502667350713
53	10	17.315	2.6221699029620495
54	11	17.23	2.463148391794533
55	10	17.125	2.5533066795823802
56	10	17.16	2.5168233946783
57	10	16.705	2.4975938420808124
58	10	16.815	2.7277784000904477
59	10	16.71	2.779550323343688
60	10	16.645	2.592098570656602
61	11	16.54	2.64355820817322
62	10	16.605	2.5037921239591747
63	11	16.26	2.7445218162732843
64	11	16.32	2.5763540129415436
65	11	16.27	2.614784885989668
66	10	16.375	2.4686787964415298
67	10	16.6	2.513961017995308
68	11	16.615	2.47523231232949
69	11	16.575	2.474747461863534
70	11	16.695	2.5791422992925375
71	11	17.19	2.276817954953801
72	11	17.405	2.2783711286794337
73	11	17.38	2.3907321054438553
74	11	17.355	2.5236828247622554
75	11	17.315	2.5170965416527036
76	11	17.175	2.579607528287976
77	11	17.055	2.423215838508819
78	11	17.42	2.6083711392361337
79	11	17.42	2.6407574670915928
80	11	17.26	2.4540578640284765
81	9	17.33	2.453792982303111
82	12	17.495	2.387462041583069
83	12	17.435	2.548681031435671
84	11	17.445	2.678987681942563
85	11	17.22	2.466090022687735
86	11	17.46	2.555073384464721
87	12	17.96	2.6397727174891408
88	12	17.97	2.3662417458915708
89	12	17.905	2.717715032890679
90	12	17.625	2.5854158272896837
91	11	17.82	2.62251787410496
92	13	18.15	2.690260210462921
93	12	17.78	2.4538948632734843
94	12	17.94	2.6165626306282066
95	12	18.045	2.4825339876827455
96	12	18.43	2.4566440523608635
97	13	18.285	2.7953130415035807
98	12	17.765	2.5019542361921814
99	12	17.845	2.514154927604904
100	11	17.74	2.6575176386996953
101	11	17.23	2.589806942611745
102	11	17.5	2.90516780926679
103	11	17.085	2.8138541184645653
104	11	16.925	2.4144098657850126
105	11	17.11	2.4285592436669097
106	11	17.66	2.7266096163550815
107	11	17.505	2.4899748994718793
108	11	17.425	2.5931399885081414
109	11	17.62	2.5230140705116946
110	12	17.39	2.574470819411244
111	11	17.265	2.5287892359783575
112	11	17.325	2.5669777949955086
113	11	17.05	2.428476888916179
114	11	17.25	2.7087820141163075
115	11	17.04	2.4896586111352694
116	11	17.19	2.4277355704441965
117	11	17.505	2.328083976148627
118	12	17.81	2.7025728482318483
119	12	17.92	2.5949181104612915
120	12	18.0	2.455605831561735
121	11	17.83	2.584782389293151
122	11	17.635	2.524237508635034
123	11	17.59	2.685498091602376
124	12	17.125	2.383143931868153
125	12	17.385	2.4853118516596666
126	9	17.64	2.453650341837645
127	12	17.895	2.594990366070749
128	12	17.785	2.2357940423929934
129	11	17.835	2.4551527447391126
130	11	17.815	2.6307365888663194
131	11	17.88	2.743282705081635
132	12	17.25	2.4243555844801317
133	11	17.65	2.671610001478508
134	11	17.205	2.5715705317956985
135	11	17.295	2.3469075397211543
136	12	17.39	2.626385348725507
137	11	17.22	2.882984564648239
138	12	16.965	2.232437009189734
139	11	17.335	2.4213167905088344
140	11	17.54	2.407986710926787
141	12	17.925	2.525742465098135
142	11	18.105	2.684022168313817
143	11	17.965	2.7845601088861427
144	11	17.66	2.6276224995230963
145	9	17.39	2.6053598599809593
146	9	17.49	2.6134077370360718
147	11	17.19	2.6007498918581162
148	11	17.23	2.5410824465176245
149	11	17.585	2.6158698362112762
150	11	17.55	2.4448926356795306
151	13	17.835	2.5822035163789856
152	11	18.055	2.5616352199327688
153	11	17.845	2.6778676218215147
154	11	17.71	2.6506414318047624
155	11	17.735	2.4402407668097026
156	10	18.05	2.6396022427631034
157	11	17.75	2.6224988083886713
158	10	17.415	2.6292156625123035
159	11	17.515	2.4899347381005796
160	11	17.34	2.5621085066796048
161	10	17.075	2.4411831148031475
162	11	17.06	2.712268423294421
163	9	16.835	2.5549510758525282
164	9	17.055	2.5321877892447087
165	11	17.395	2.465557746231064
166	10	17.455	2.5667050862925405
167	9	17.315	2.7831232455642345
168	10	17.015	2.6897537061969077
169	9	16.83	2.662911939963469
170	9	16.79	2.6638130565037774
171	11	16.94	2.920000000000001
172	11	16.735	2.711968842003905
173	10	16.825	2.7521582439968824
174	10	16.69	2.5087646362303495
175	10	16.67	2.406470444447634
176	10	17.01	2.865292306205423
177	11	16.845	2.6572495178285407
178	9	16.78	2.7002962800403947
179	11	16.9	2.567099530598687
180	10	17.01	2.6362662991435437
181	11	17.41	2.7206433062788657
182	9	17.445	2.5626109732068176
183	9	17.26	2.6291443475016747
184	9	17.225	3.02396676569039
185	9	16.93	2.9419551322207482
186	9	16.375	2.270324866621515
187	10	16.785	2.6492970765846566
188	10	16.7	2.7037011669191546
189	9	16.525	2.624761893962955
190	10	16.515	2.481889401242529
191	10	16.825	2.5776685201941696
192	10	16.845	2.6116996381666886
193	10	17.05	2.6320144376503727
194	10	17.045	2.569625459089319
195	10	16.87	2.9467100298468503
196	9	16.845	2.722310599472443
197	7	16.96	2.8806943607401325
198	7	16.595	2.7678466359247587
199	11	16.795	2.715322264483537
200	10	16.96	2.673649191648
201	10	16.92	2.4563387388550457
202	10	17.505	2.565146194664155
203	10	17.965	2.8431980233532808
204	10	17.63	2.8130232846530046
205	10	17.355	2.727448441309203
206	7	17.305	2.936319975751961
207	7	16.99	2.7766706682644227
208	10	16.92	2.7610867425707584
209	10	17.035	2.6179715430080606
210	7	17.175	2.9789889224366037
211	10	17.025	2.7630372780691905
212	11	17.29	2.5779643131742542
213	10	17.26	2.4783865719455473
214	11	17.74	2.6537520607622707
215	11	17.665	2.729977106131112
216	11	17.72	2.563513214321316
217	11	18.01	2.7730668942526413
218	11	18.225	2.6747663449355716
219	12	18.11	2.7527985759949805
220	8	17.985	2.7775483794166393
221	8	17.82	2.7959971387682074
222	10	17.875	2.9714264251365874
223	10	17.335	2.7152854361926675
224	10	17.15	2.7050877989447946
225	8	17.37	2.823667827489625
226	9	17.46	3.032886413962779
227	9	17.455	2.8209883019963056
228	8	17.615	2.7288779745529097
229	9	18.035	2.93151411390087
230	10	18.145	3.253302168566578
231	9	17.11	2.904806361876811
232	11	17.175	2.9162261572107195
233	10	17.125	2.6171310628243285
234	12	17.59	2.545957580165074
235	10	17.645	2.868619005723834
236	11	17.915	2.6014947626316682
237	11	17.8	2.5219040425836994
238	11	17.85	2.8173569173961606
239	11	17.465	2.5920599915896996
240	11	17.56	2.7233068134163654
241	10	17.565	2.6843574650183974
242	10	17.64	2.9275245515622923
243	11	17.13	2.5735384201523033
244	11	17.56	2.639393869811779
245	11	17.83	2.6909292075415148
246	11	18.125	2.913653205170444
247	11	18.19	2.6728075127101842
248	11	18.235	2.711046845777475
249	10	17.855	2.893782127251462
250	10	17.69	2.7647603874477085
251	11	17.465	2.6360529205613448
252	11	17.79	2.606894704432843
253	10	17.475	2.769363645316374
254	12	17.325	2.531674347146569
255	12	17.39	2.5115533042322644
256	11	17.275	2.418548118189918
257	11	17.385	2.3909778334397
258	11	18.025	2.6859588604444413
259	11	17.875	2.3514623109886323
260	13	17.975	2.4767670459694027
261	11	18.395	2.5785606450110885
262	11	18.23	2.7599094188034496
263	11	17.885	2.7895833022155827
264	11	17.895	2.5795299959488744
265	11	17.89	2.4955760857966225
266	11	18.025	2.6691524872138723
267	12	18.05	2.739981751764052
268	12	17.51	2.4979791832599405
269	9	17.895	2.6275416266921447
270	10	17.785	2.72924440092858
271	10	17.67	2.7260044020507372
272	11	17.78	2.638484413446476
273	9	17.3	2.725802634087803
274	10	17.415	2.717126239246166
275	12	17.58	2.850192975922859
276	10	17.635	2.655517840271461
277	8	17.62	2.8152442167598863
278	10	17.395	2.8176186754065924
279	8	17.28	2.67424755772535
280	8	17.7	2.6267851073127413
281	8	18.13	2.8762997062197853
282	8	17.425	2.893851240129666
283	10	16.82	2.4995199539111512
284	10	17.275	2.7421478807679205
285	10	17.065	2.8409109454539396
286	9	16.96	2.6397727174891417
287	10	16.84	2.512846990964632
288	10	16.705	2.64914608883693
289	10	16.97	2.551293789433115
290	9	17.15	2.6244046944021417
291	9	17.365	2.842846284975676
292	9	17.625	2.879995659718952
293	9	17.48	2.4919069003476038
294	9	17.715	2.9178373840911696
295	11	17.41	2.7353061985817964
296	11	17.355	2.489774086137134
297	11	17.8	2.6851443164195112
298	12	17.45	2.5995191863111926
299	10	17.69	2.6007498918581144
300	9	17.92	2.492709369340919
301	9	18.32	2.842111890830479
302	8	17.845	3.2110706937095013
303	9	17.395	2.7638695700050677
304	10	17.12	2.8081310510729396
305	10	16.845	2.747903746494773
306	10	16.735	2.3968260262271865
307	10	17.41	2.6176134168360288
308	10	17.58	2.784528685433138
309	9	17.735	2.827503315647924
310	9	17.415	2.903924069255258
311	6	17.29	2.9420910930832855
312	6	16.915	2.7798875876552986
313	9	17.18	3.0459152975747696
314	9	16.875	2.6906086671978144
315	9	17.23	2.8243760372868194
316	9	17.215	2.9323667915184157
317	9	17.565	2.8575820198202533
318	9	17.29	2.822392602031121
319	9	17.39	2.916830471590696
320	8	17.29	2.994311273064308
321	8	16.945	2.848152910220939
322	10	16.81	2.7374988584472515
323	9	17.01	2.7712632498555587
324	10	17.485	2.565107210235081
325	10	17.655	2.7140329769551435
326	7	17.915	2.909944157539796
327	11	18.065	2.7369280224368335
328	11	17.92	2.726462910072316
329	9	18.04	3.0213242129900597
330	8	17.735	2.9486903872736456
331	10	17.49	2.7073788061518087
332	10	17.8	2.8827070610799153
333	10	17.58	2.8850649906024666
334	13	17.865	2.344520206780057
335	10	18.375	2.775675593436668
336	10	18.055	2.746265646291341
337	10	18.385	2.8296245333966112
338	10	18.445	2.7344057855409813
339	11	19.035	2.713627645790778
340	9	18.885	2.7734049469920534
341	10	18.62	2.7286626761107686
342	10	18.47	2.5630255558616653
343	10	18.835	2.8875205626973446
344	10	18.965	2.897201235675562
345	10	18.68	2.932166434566769
346	13	18.83	2.623185086874353
347	8	18.955	2.755535338187481
348	10	18.525	2.925640955414727
349	10	18.535	2.824672547393767
350	9	18.12	2.9556048450359556
351	10	17.475	2.8389038377514653
352	10	16.92	2.6331729908990025
353	10	17.165	2.645330792169476
354	10	17.555	2.9063680083568206
355	10	17.33	2.6155496554261775
356	10	17.615	2.7160219071281433
357	12	17.65	2.4753787588973113
358	10	18.12	2.639242315514059
359	12	18.345	2.491179439542643
360	11	18.475	2.509855573534063
361	12	18.56	2.6488488065572935
362	12	18.56	2.6639069052802875
363	11	18.335	2.8218389394152172
364	10	17.95	2.650943228362313
365	10	17.675	2.692466341479499
366	12	17.99	2.787454035495472
367	11	17.81	2.4685825892604853
368	12	18.34	2.7063628729348173
369	11	18.19	2.6256237354198344
370	10	18.26	2.73173937263422
371	7	18.055	2.96681226234489
372	7	17.76	3.018675206112773
373	7	17.41	3.116392144772541
374	7	16.865	3.105925787909299
375	7	16.595	3.1370328337459275
376	9	16.21	2.9926409741230233
377	9	16.57	2.869686394015904
378	10	17.285	2.5852997891927356
379	11	17.82	2.7124896313165885
380	11	18.05	2.7069355367278334
381	9	18.235	3.042987840922142
382	11	17.89	2.9202568380195593
383	11	18.05	2.411949419038468
384	7	18.985	2.8221932960022413
385	11	19.195	2.857791979833381
386	10	18.89	2.906527137323853
387	10	18.895	2.6122739136621957
388	10	19.015	2.6916119705485038
389	10	19.01	2.9815935336661825
390	6	18.175	3.2255813429519957
391	6	17.92	3.0287951399855357
392	9	17.585	3.056595328138812
393	6	17.31	3.2594324659363627
394	10	17.115	2.5654970278680884
395	9	17.585	2.8289176375426712
396	10	17.775	2.7118950938412056
397	10	18.125	2.699884256778427
398	9	18.245	2.764954791673816
399	9	18.34	2.7192646064699186
400	10	18.44	2.8118321429274533
1	39	55.105	7.205829237499316
2	38	45.87	3.0187911487878734
3	34	42.985	2.6897537061969077
4	33	40.335	2.6669786275859066
5	32	38.315	2.544754408582489
6	30	36.81	2.552234315261826
7	28	35.195	2.5936412627809573
8	26	33.495	2.723963105477016
9	24	32.135	2.765280275125834
10	22	30.825	2.8362607425975495
11	22	29.575	2.648466537451438
12	23	28.83	2.5556016904048255
13	21	28.095	2.4466252267153603
14	18	27.2	2.912043955712209
15	20	26.245	2.7027717254699843
16	18	26.19	2.795335400269528
17	19	25.26	2.944893886033926
18	18	24.485	2.7239263940128775
19	17	23.99	2.613407737036071
20	17	23.19	2.6275273547577016
21	16	22.865	2.603223962704708
22	16	22.52	2.5844922131823114
23	16	22.395	2.63229462636689
24	15	22.37	2.5677032538827356
25	14	22.09	2.7643986687885675
26	13	21.365	2.6854748183514965
27	15	21.195	2.5430247737684337
28	13	21.18	2.566632034398387
29	13	20.935	2.9649241137000444
30	13	20.565	2.871545750984997
31	13	20.36	2.6039201216627204
32	13	19.97	2.830035335468444
33	13	19.745	2.8017806837795156
34	13	19.515	2.7239263940128784
35	13	19.05	2.5332785081786797
36	13	19.22	2.6403787607083937
37	12	19.195	2.727081773618092
38	13	19.325	2.597955927262818
39	13	19.01	2.6095785100280073
40	13	19.4	2.634387974463898
41	13	19.38	2.6824615561084912
42	13	19.67	2.6193701533002165
43	12	19.185	2.7019946335994085
44	12	18.97	2.4918065735526063
45	12	19.13	2.4966177120256123
46	13	19.655	2.7066538382290406
47	12	19.66	2.556247249387273
48	14	19.785	2.5688080893675207
49	13	19.84	2.6597744265256793
50	11	19.47	2.7402737089568263
51	13	19.27	2.749018006488863
52	11	19.095	2.562415852276907
53	12	19.21	2.836529569738345
54	13	19.12	2.6297528400973373
55	11	18.715	2.739301918372635
56	9	18.705	2.801423745169588
57	9	18.455	3.1109443903740868
58	12	17.905	2.801066761075142
59	11	17.74	2.530296425322535
60	11	18.055	2.6855120554560914
61	10	18.085	2.9862643888309677
62	10	18.205	2.698698760514039
63	7	18.11	2.9762224379236164
64	7	17.85	2.885740806101614
65	9	17.905	3.030837343045646
66	10	17.68	2.652847526715396
67	10	17.5	2.7856776554368237
68	9	17.56	2.9114257675578816
69	10	17.72	2.8708186985597
70	11	17.75	2.6509432283623124
71	11	17.965	2.567834690940988
72	8	18.275	2.7837699258379796
73	12	18.16	2.7247752200869706
74	9	18.055	2.8691418577686254
75	9	18.17	2.8427275634502873
76	8	18.49	2.9647765514453184
77	10	18.205	2.8005311996119606
78	11	18.25	2.880538144166815
79	11	18.485	2.722090189541852
80	9	18.25	3.2183070083508194
81	9	17.29	2.8117432315202606
82	9	17.095	3.1616411877377857
83	9	16.51	2.9949791318137766
84	9	16.56	2.6069906022078406
85	9	16.845	2.8161986790707827
86	10	16.365	2.983584253879887
87	9	16.17	2.6872104495182367
88	10	16.475	2.847696437473628
89	10	16.69	2.638920233731971
90	10	17.085	2.5313583310151877
91	9	17.225	2.6952504521843608
92	8	17.625	2.661648925008706
93	8	17.81	3.189655153774464
94	8	17.42	2.921232616550761
95	8	17.285	2.7117844678366305
96	8	17.21	3.017598382820351
97	8	16.735	2.9094286380662453
98	6	16.895	2.6446124479779645
99	8	17.15	2.7326726843879414
100	9	17.08	2.726462910072315
101	10	17.365	2.839326504648594
102	9	17.6	2.981610303175116
103	9	17.27	3.2166908461958226
104	9	16.845	2.8514864544654617
105	10	16.78	2.6686326086593475
106	9	16.955	2.8377764182542626
107	10	16.945	2.88131480404346
108	10	16.78	2.594532713226024
109	10	17.025	2.8114720343620707
110	11	17.19	2.367255795219436
111	11	17.53	2.790895913501611
112	11	17.765	2.651372286194452
113	11	17.785	2.497753991088796
114	10	18.015	2.5758056991939426
115	10	18.175	2.6933946981458172
116	12	18.005	2.6598825162025506
117	10	17.985	2.7558619341324047
118	10	17.35	2.797766966707556
119	10	17.405	2.7314785373493247
120	10	17.235	2.87745981726939
121	10	16.985	2.6028397953005085
122	10	17.07	2.6523762930625057
123	8	17.21	2.7849416510943286
124	8	16.695	2.6985134796772834
125	8	16.445	3.1602175558021313
126	8	16.095	2.6164814159477583
127	10	16.44	2.7561567444541306
128	10	16.425	2.9856950614555404
129	11	16.26	2.335037472932715
130	11	17.32	2.7198529372008324
131	10	17.26	2.8726990792632634
132	9	17.15	2.9081781238431725
133	11	17.015	2.5951445046470916
134	9	17.415	2.8359786670565783
135	9	17.505	3.224899223231631
136	9	17.25	2.9491524206117257
137	10	16.915	3.106086766334771
138	9	16.82	2.7088004725339223
139	8	17.065	2.8619530045058386
140	9	17.025	3.1708634470755745
141	9	16.595	2.8932637280413975
142	11	16.25	2.770830200499482
143	8	16.53	2.7926868782589995
144	9	16.5	2.835489375751565
145	9	16.685	2.947163890929718
146	6	16.505	2.8177961246335737
147	6	16.66	2.797212898583159
148	6	16.76	3.2973322550207165
149	7	15.815	3.03821905069401
150	8	15.885	2.76979692396392
151	9	16.12	2.7830918058878353
152	8	15.775	3.0040597530675046
153	8	15.86	2.8914356295791905
154	8	16.085	2.7852782625798804
155	8	16.42	2.746561486659275
156	10	16.615	2.8402068586636413
157	9	16.7	2.745906043549197
158	9	17.055	2.821697184320104
159	8	16.735	2.7739457456842964
160	10	17.15	2.8368115905008557
161	10	17.365	2.758944544567723
162	10	17.165	3.23693914060799
163	8	16.225	2.790049282718854
164	10	16.465	2.80513368665381
165	10	16.32	2.7399999999999993
166	10	16.27	2.609041969765914
167	8	16.795	2.5851450636279596
168	11	16.71	2.5992114188730397
169	12	17.22	2.6118192893077414
170	8	17.675	2.6113933062639187
171	8	17.675	2.762132328473783
172	7	17.495	2.90344192295971
173	7	17.325	3.1031234264850003
174	10	17.065	2.929295990506933
175	8	17.075	2.5786382064958246
176	9	17.395	3.029682326581453
177	9	17.015	2.893920351357307
178	9	17.09	2.9380095302772595
179	9	17.055	2.5498970567456247
180	9	17.19	2.7429728398217876
181	10	17.32	2.6791043279424547
182	10	17.31	2.773788023624011
183	9	17.235	2.9085692358958886
184	9	16.67	2.760633985156307
185	9	16.295	2.7835184569174314
186	10	16.455	2.5412546114075236
187	10	16.66	2.7174252519618642
188	9	16.71	2.6713105397912833
189	11	16.54	2.797927804644001
190	7	17.155	2.764231357900422
191	8	17.08	2.8484381685407887
192	9	17.085	2.675401838976716
193	10	17.4	2.7367864366808012
194	12	17.655	2.442534544279774
195	10	18.0	2.6019223662515376
196	11	18.055	2.7932015680935027
197	11	17.9	3.0545048698602524
198	10	17.34	2.665408036305135
199	9	17.32	3.0475563981655855
200	9	17.065	3.0200620854545344
201	9	17.04	3.114225425366635
202	9	16.815	2.900133617611437
203	9	16.95	2.695830113341714
204	10	17.04	2.8650305408494336
205	10	16.84	2.807917377701845
206	8	16.995	2.8469237783966075
207	6	16.94	2.8664263465158157
208	7	16.87	3.12299535702505
209	10	16.885	2.8899437710792917
210	6	16.81	3.0844610550305216
211	5	16.385	3.2934442457706785
212	5	15.99	2.9205992535779353
213	7	15.66	3.05849636259388
214	8	15.765	2.807093692771938
215	9	15.86	2.76050719977326
216	9	16.21	2.748799738067507
217	9	16.23	2.996180902415607
218	8	16.15	3.149206249199946
219	4	16.23	3.218244863275633
220	4	16.015	2.8956475959619117
221	5	15.9	3.203123475609394
222	7	15.695	3.056464460778172
223	7	16.065	3.0101121241575046
224	5	15.85	2.7069355367278316
225	4	15.7	2.958039891549808
226	8	15.91	2.9123701687800607
227	8	16.16	2.8800000000000003
228	9	16.55	2.708782014116308
229	9	17.16	2.9604729351912686
230	9	17.405	3.0101453453280302
231	7	17.175	3.1199959935871715
232	7	17.255	3.1112658195660505
233	7	17.24	3.138853293800143
234	7	16.49	3.1559309244658698
235	6	16.325	2.9050602403392607
236	6	15.985	3.0256858726576352
237	6	16.075	3.0853484406141236
238	9	15.92	2.5891311283903704
239	7	16.095	2.859366188511012
240	8	16.47	2.595977657839142
241	8	16.895	2.7265316796252344
242	8	17.115	3.1751810971974503
243	11	17.05	3.0327380368241514
244	10	17.25	2.6033632093889625
245	10	17.585	2.7951341649373496
246	10	17.42	2.7827324700732556
247	7	17.54	2.5996922894835075
248	5	18.01	2.814231689111612
249	5	17.67	2.875952016289562
250	8	17.735	3.2687574091694236
251	5	17.515	3.1463907894602037
252	7	17.245	2.850434177454374
253	6	17.665	3.134130660964855
254	9	17.105	3.3591628421379034
255	9	16.68	2.916779045454076
256	9	16.67	2.6364938839299423
257	10	17.13	2.7628065440779626
258	10	17.135	2.8560068277229322
259	9	17.25	3.0376800358168072
260	10	17.32	2.6415147169758475
261	9	17.6	3.006659275674582
262	9	17.175	2.730270133155326
263	12	17.69	2.5756358438257525
264	7	17.955	2.8005311996119584
265	9	18.17	2.872472802308145
266	9	18.295	3.1093367459958396
267	9	17.79	3.0977249716525828
268	10	17.29	2.693677783254709
269	11	17.46	2.4715177523133436
270	10	18.225	2.9145111082306747
271	10	18.19	2.7099630993797685
272	7	18.445	3.2057721378787964
273	9	18.15	3.1268994227509137
274	9	17.585	2.685660998711491
275	10	17.79	2.9403911304450636
276	9	17.48	2.7874002224294956
277	9	17.45	2.989565185775349
278	9	17.455	2.7033266543279586
279	9	17.31	3.1118965278427884
280	9	16.88	2.7523807876091584
281	9	17.045	2.644423377600492
282	9	17.405	2.8338974928532616
283	9	17.675	2.856461972440733
284	9	17.62	2.6335527334762054
285	9	18.28	2.771569952211203
286	11	18.045	2.970349306058126
287	9	17.75	2.8297526393662045
288	10	17.925	2.9426816001735574
289	12	17.595	2.6059499227728837
290	10	17.61	2.633989369758352
291	12	17.695	2.4396669854715833
292	11	17.64	2.5358233376952732
293	10	17.675	2.5078626357916813
294	12	17.81	2.50077987835795
295	12	18.38	2.3549097647256056
296	12	18.55	2.5411611519146122
297	10	18.705	2.5608543496263114
298	8	18.56	2.9028262090590267
299	11	18.45	2.7399817517640517
300	8	18.335	2.9125203861947484
301	9	17.875	2.964688010567048
302	11	17.305	2.478300829197295
303	12	17.685	2.556516184185033
304	11	18.14	2.613503395827144
305	10	17.775	2.7045101219999155
306	11	17.84	2.7192646064699186
307	11	17.745	2.778484299037879
308	10	17.435	2.92844241876121
309	9	17.115	2.5771641391265714
310	11	17.43	2.5465859498552184
311	12	17.57	2.641041461242138
312	11	17.62	2.50511476783001
313	11	17.625	2.394655507583502
314	11	17.57	2.4423554204906393
315	12	17.75	2.389037463080058
316	11	18.035	2.3651162762113844
317	11	17.865	2.566471312911953
318	11	17.76	2.506471623617552
319	13	17.935	2.553580819163553
320	13	17.69	2.4807055447997044
321	12	17.755	2.5129614004198304
322	13	17.935	2.4760401854574186
323	12	17.505	2.3748631539522447
324	12	17.76	2.472326839234652
325	12	17.59	2.542026750449333
326	12	17.145	2.250327753906085
327	12	17.455	2.331946611738785
328	13	17.645	2.401869063875048
329	13	17.88	2.45674581509769
330	12	17.85	2.426417111710185
331	12	18.0	2.3021728866442674
332	12	18.16	2.6276224995230963
333	11	17.795	2.3985360118205454
334	11	18.045	2.651975678621505
335	11	17.765	2.551426071827283
336	9	17.7	2.495996794869737
337	11	17.455	2.5608543496263114
338	12	16.9	2.3622023622035426
339	10	17.055	2.5083809519289537
340	10	17.035	2.5852997891927356
341	11	17.03	2.422622545920018
342	10	17.12	2.6543549122150214
343	11	16.54	2.434830589589345
344	10	16.865	2.479269045505147
345	11	16.995	2.604798456694878
346	12	16.695	2.2565404937647378
347	11	16.665	2.5637423817536744
348	11	16.68	2.2399999999999984
349	9	16.695	2.47426251638746
350	10	16.855	2.616099195367026
351	10	16.715	2.6332062205607825
352	10	16.43	2.28803409065512
353	11	17.165	2.48148644969099
354	11	17.22	2.427261831776703
355	10	17.17	2.8250840695455435
356	10	16.94	2.7159528714615075
357	10	16.795	2.5832102121197966
358	10	16.925	2.7220167155989325
359	10	16.67	2.582847266099952
360	10	17.295	2.481526747790561
361	10	17.09	2.4478357788054326
362	11	17.49	2.4999799999199994
363	12	17.63	2.3522542379598317
364	12	17.635	2.6003413237496336
365	12	17.805	2.628112440516958
366	12	17.605	2.6151433995098623
367	12	17.75	2.5743931323712004
368	11	17.9	2.88790581563873
369	12	17.355	2.4877650612547804
370	11	17.42	2.69510667692394
371	11	17.17	2.324026677988014
372	11	17.725	2.5766984689714847
373	11	17.845	2.6797341286030623
374	10	18.01	2.773066894252642
375	9	18.055	2.8340739228185283
376	9	17.995	2.717531048580682
377	12	17.665	2.514512875290163
378	12	18.07	2.6990924400620298
379	12	17.875	2.557220170419434
380	12	18.09	2.3498723369579038
381	9	18.46	2.84401125173583
382	11	18.115	2.6290254848517542
383	11	18.13	2.7482903776711827
384	11	18.2	2.7422618401604195
385	10	18.515	2.6570237108464054
386	11	18.455	2.8509603645087735
387	10	17.81	2.565911144213689
388	11	17.99	2.7676524348263087
389	11	17.655	2.8224058885992993
390	11	17.175	2.5306866657095255
391	11	17.09	2.718804884503485
392	11	16.835	2.686591706977447
393	11	17.15	2.568559907808264
394	12	17.465	2.555146766821819
395	11	17.44	2.5605468165999232
396	11	17.53	2.5512937894331182
397	11	17.45	2.483445187637529
398	11	17.93	2.50501497001515
399	11	18.115	2.698476421983338
400	12	17.74	2.5985380505199456
1	41	53.48	6.915894736041025
2	38	46.03	2.769313994475885
3	33	42.935	3.1049597420900636
4	29	39.925	2.9511650241895993
5	28	37.67	2.8444858937952207
6	25	35.42	2.8937173324289995
7	23	33.385	2.824318501869079
8	23	31.615	2.8101201041948363
9	23	30.32	3.0736948449707877
10	22	29.155	2.9036141272558944
11	23	28.18	2.576354012941545
12	22	27.56	2.537006109570885
13	19	27.155	2.7131116821833947
14	18	26.44	2.6844738776900017
15	19	26.11	2.8174279050225928
16	19	24.905	2.570209135459601
17	19	24.58	2.6539781461044485
18	16	24.335	2.581235169448922
19	15	23.48	2.7165419194262412
20	15	22.99	2.513941128984527
21	15	22.765	2.6739063184786405
22	14	22.21	2.848841869953472
23	15	21.84	2.506870559083576
24	15	21.675	2.7998883906327428
25	15	21.27	2.8172859279810423
26	14	21.1	2.5884358211089564
27	15	21.055	2.4923833974731897
28	14	20.93	2.706492194705169
29	11	20.68	2.972810118389669
30	13	19.895	2.888593948619293
31	12	19.58	2.788117644576714
32	12	19.46	2.6378779350076083
33	12	19.435	2.6411692486472713
34	10	19.63	2.6632874422412587
35	12	19.46	2.8352072234670964
36	12	18.78	2.5751893134292083
37	11	19.145	2.7665818260084043
38	11	18.65	2.79240040108864
39	10	18.61	2.8753956249532
40	12	18.475	2.3810449386771344
41	10	18.79	2.637404026689882
42	12	18.9	2.867054237366289
43	11	18.69	2.752071946733951
44	11	18.775	2.7375856150995523
45	11	18.83	2.8392076359435223
46	11	18.905	2.8767994368742484
47	11	18.915	2.969473859120499
48	12	18.695	2.867398646857462
49	11	18.71	2.8277022474086624
50	9	18.635	2.8743303567961704
51	11	18.825	2.93843070362396
52	10	18.74	3.0186752061127753
53	10	18.365	2.8916733909624033
54	10	18.485	2.8930563423480025
55	8	18.095	2.8028512268759442
56	7	17.775	2.9957261223282736
57	7	17.84	3.211603960640229
58	7	17.05	3.13488436788345
59	7	17.1	3.046309242345563
60	10	16.995	2.804456275287603
61	10	17.045	2.608251329914354
62	7	17.33	2.882897847652599
63	10	17.375	2.96384463155544
64	10	17.2	2.685144316419512
65	7	17.68	2.7636208133533797
66	9	17.8	2.8861739379323637
67	9	17.705	2.810333610089734
68	5	17.625	3.21782146801217
69	8	17.555	3.175999842569264
70	9	17.28	2.7589128293586955
71	8	17.115	2.9328782790971744
72	10	16.995	2.680480367396861
73	8	17.245	3.060224664955172
74	8	17.125	2.7512497160381497
75	11	17.65	2.6603571188846047
76	11	17.77	2.74537793391001
77	11	17.84	2.6597744265256784
78	8	18.515	3.0248595008694203
79	10	18.04	2.7853904573685884
80	12	18.175	2.5776685201941696
81	7	18.385	3.0946364891534492
82	7	18.4	2.9376861643136767
83	12	18.245	2.6916491227498422
84	11	18.41	2.762589365070386
85	7	18.23	2.849052474069229
86	7	18.18	2.8753434577455264
87	7	18.275	3.4913285436922146
88	3	17.435	3.3534720812912693
89	6	17.015	3.5092413710088395
90	7	16.295	3.6834732250961175
91	7	15.695	3.4193530089769912
92	7	15.34	3.2255852182200972
93	6	15.22	3.038354817989499
94	7	15.3	3.14801524773944
95	0	15.445	3.2782579215186822
