200 50 100 0.8 33
1	42	56.97	7.034138184596603
2	39	47.045	3.1769442865747566
3	37	43.53	2.653130226732189
4	34	41.665	2.41096972191689
5	33	39.925	2.443230443490749
6	32	37.995	2.375915612979553
7	30	36.27	2.446855124440349
8	25	34.695	2.5674841771664347
9	25	32.98	2.7385397568777425
10	25	31.115	2.6479756418819274
11	24	29.62	2.8329489935401186
12	23	28.21	2.1623829448088054
13	21	27.595	2.300211946756211
14	21	27.155	2.5161428814755356
15	21	26.455	2.33408975834264
16	21	25.705	2.479511040507785
17	20	25.11	2.342626730830157
18	19	24.535	2.5295800046648056
19	18	23.975	2.4888501361070343
20	19	23.385	2.5252277125043587
21	19	23.01	2.2649282549343592
22	16	22.73	2.438667669035697
23	16	22.645	2.628492914200075
24	16	21.815	2.6590928904421527
25	16	21.275	2.683165108598425
26	16	20.72	2.387802336877992
27	15	20.275	2.566977794995507
28	14	20.08	2.737444063355451
29	15	19.705	2.3405074236156564
30	14	19.35	2.4611988948477928
31	14	19.09	2.5713615070619698
32	14	18.495	2.3748631539522433
33	13	18.36	2.4739442192579832
34	13	18.03	2.378886294046015
35	13	17.705	2.4531561303757243
36	13	17.315	2.4750303028447957
37	13	17.055	2.532187789244708
38	12	16.84	2.5640592816859757
39	12	16.725	2.636166724621186
40	12	15.915	2.4037002724965513
41	11	15.945	2.375284193522957
42	12	15.585	2.454134266905544
43	12	15.7	2.5159491250818258
44	12	15.605	2.4328943667985263
45	11	15.395	2.378860021102545
46	11	15.535	2.4917413589696658
47	11	15.295	2.453156130375725
48	11	15.445	2.6357114788990073
49	11	14.97	2.513782011233274
50	11	14.93	2.599057521487357
51	11	14.94	2.4852364072659174
52	11	14.96	2.5413382301456857
53	11	15.01	2.5670800532901183
54	11	14.9	2.50199920063936
55	11	14.895	2.575650403296225
56	11	14.85	2.5293279739883454
57	11	14.44	2.493270943960964
58	11	14.71	2.5447789687908062
59	11	14.78	2.5439339614070158
60	11	14.28	2.416940214403328
61	11	14.02	2.3768887226792947
62	11	14.53	2.489799188689723
63	11	13.975	2.3967425810879237
64	11	13.92	2.377730009904403
65	11	14.045	2.3818007893188717
66	11	14.08	2.4563387388550466
67	11	14.185	2.4618641311006577
68	11	14.175	2.5562423594017862
69	11	13.965	2.4194575838398165
70	11	14.255	2.5592918942551277
71	11	14.32	2.601461127904854
72	11	14.04	2.675518641310504
73	11	14.22	2.3794116919944712
74	11	14.245	2.566120612909689
75	11	14.19	2.5600585930794653
76	11	14.035	2.478663954633626
77	11	14.42	2.5697470692657673
78	11	13.98	2.481854145593574
79	11	14.195	2.5762327146436124
80	11	14.07	2.57198367024365
81	11	14.215	2.6055277776297077
82	11	14.27	2.5840085139178632
83	11	14.225	2.5757280524154718
84	11	14.01	2.351573941002068
85	11	13.8	2.521904042583699
86	11	14.285	2.5404281135273252
87	11	14.22	2.2959965156767974
88	11	14.45	2.572450193881312
89	11	14.015	2.6238854776838103
90	11	14.08	2.437949958469205
91	11	13.99	2.4227876506206645
92	11	14.525	2.555264174209781
93	11	13.95	2.393219588754865
94	11	14.32	2.4591868574795197
95	11	13.92	2.4866845397034165
96	11	14.03	2.3683538586959507
97	11	14.21	2.570194545165795
98	11	14.21	2.4178296052451675
99	11	13.905	2.5934484764498396
100	11	14.245	2.4809222075671773
101	11	14.245	2.622017353108098
102	11	14.09	2.5282207182127108
103	11	13.645	2.457432603348462
104	11	14.015	2.51888368131599
105	11	14.225	2.4462982238476148
106	11	14.43	2.616314201314513
107	11	13.99	2.563181616663166
108	11	14.285	2.5226523739905202
109	11	13.975	2.602762955015305
110	11	14.22	2.707692744755209
111	11	13.995	2.680480367396862
112	11	14.305	2.6233518635516675
113	11	14.235	2.4859153243825496
114	11	13.925	2.457513987752662
115	11	14.05	2.55293948224395
116	11	13.89	2.5254504548693872
117	11	13.92	2.5305335405799294
118	11	13.915	2.442902986203093
119	11	14.125	2.5611276813154005
120	11	14.32	2.5451129640941277
121	11	14.325	2.6456331945301863
122	11	14.11	2.5035774403840576
123	11	14.29	2.517121371726044
124	11	13.9	2.48596057893121
125	11	14.205	2.536331011520381
126	11	13.935	2.4105549153670003
127	11	14.155	2.5828230678852173
128	11	14.17	2.465988645553747
129	11	13.975	2.6878197484206416
130	11	14.245	2.5248712838479506
131	11	14.215	2.6379490139121353
132	11	14.465	2.519677558736434
133	11	13.99	2.507967304412081
134	11	14.33	2.543835686517507
135	11	13.75	2.4591665254715878
136	11	14.015	2.405155920101646
137	11	13.715	2.6026476903338267
138	11	14.04	2.5648391762447806
139	11	14.02	2.5592186307543177
140	11	14.37	2.615931956301614
141	11	13.785	2.3661730705931046
142	11	14.29	2.616467083683648
143	11	14.15	2.5233905761891076
144	11	14.135	2.448831353931911
145	11	14.15	2.4428467000612204
146	11	13.935	2.45372675740393
147	11	14.085	2.523445065778132
148	11	14.155	2.4002031164049447
149	11	13.885	2.567445228237596
150	11	13.975	2.4133741939450664
151	11	14.15	2.675350444334347
152	11	14.05	2.50349755342401
153	11	14.31	2.5443859770089916
154	11	14.055	2.6873732528251453
155	11	13.82	2.609137788619068
156	11	13.995	2.5049900199402013
157	11	14.08	2.5305335405799307
158	11	13.865	2.5390500192000944
159	11	14.09	2.5143388793080375
160	11	14.2	2.400000000000001
161	11	14.435	2.378187334925485
162	11	14.01	2.617231361572759
163	11	14.24	2.615798157350831
164	11	14.175	2.5523273692847486
165	11	14.515	2.549465630284118
166	11	14.11	2.6320904239786276
167	11	14.28	2.5751893134292096
168	11	14.515	2.5709482686355245
169	11	14.125	2.5998798049140657
170	11	14.05	2.55293948224395
171	11	14.405	2.4780990698517287
172	11	14.19	2.6858704361901005
173	11	14.11	2.684753247507114
174	11	14.25	2.6033632093889625
175	11	14.07	2.562245109274285
176	11	14.005	2.6028782145924563
177	11	14.22	2.6194655943531684
178	11	13.99	2.6095785100280082
179	11	13.905	2.5408610745178475
180	11	14.135	2.463082418434268
181	11	14.44	2.507269431074369
182	11	14.03	2.7182899035974812
183	11	14.03	2.4533854161138238
184	11	13.86	2.372846391994225
185	11	14.045	2.7391558918761816
186	11	14.165	2.4037002724965513
187	11	14.11	2.6472438497425945
188	11	14.32	2.5821696303690036
189	11	14.22	2.5102987869972764
190	11	14.015	2.6352941012342423
191	11	14.1	2.4515301344262506
192	11	13.89	2.5841633075330184
193	11	13.865	2.5547553698935657
194	11	13.955	2.4785025721189005
195	11	13.925	2.5611276813153983
196	11	14.485	2.493947673869683
197	11	14.24	2.6424231303862
198	11	14.16	2.478790027412567
199	11	14.23	2.5430493506811858
200	11	14.43	2.482961940908478
201	11	14.37	2.724536657855788
202	11	13.855	2.466571507173469
203	11	14.02	2.527765811937492
204	11	13.765	2.499954999594992
205	11	14.15	2.6224988083886696
206	11	14.255	2.580692736456628
207	11	13.775	2.618086133036878
208	11	13.92	2.6539781461044463
209	11	14.195	2.440691500374432
210	11	13.875	2.6380627361759235
211	11	14.16	2.5247574140895193
212	11	13.955	2.5637813869361024
213	11	14.1	2.6720778431774765
214	11	14.16	2.6915423087887715
215	10	13.765	2.609554559690215
216	10	13.625	2.5854158272896837
217	10	13.8	2.569046515733027
218	10	13.615	2.44883135393191
219	10	13.69	2.5226771493792075
220	10	13.835	2.6301663445493326
221	10	13.78	2.5321137415211017
222	10	13.82	2.609137788619068
223	10	13.815	2.642115629566579
224	10	13.665	2.472402677558815
225	10	13.985	2.562181687546768
226	10	13.985	2.608596365864217
227	10	13.72	2.6060698378976737
228	10	13.86	2.578836947152728
229	10	13.635	2.5083410852593406
230	10	13.635	2.472200436857822
231	10	13.21	2.4871469598718927
232	10	13.335	2.6330163311305164
233	10	13.07	2.6277556964071067
234	10	13.23	2.5410824465176263
235	10	13.2	2.61151297144012
236	10	13.405	2.621254470668579
237	10	13.265	2.514910535188081
238	10	13.06	2.5429117169103597
239	10	12.945	2.4211515855063697
240	10	13.2	2.6532998322843224
241	10	13.095	2.5643663934781227
242	10	13.315	2.505149696125964
243	10	13.06	2.4690889007891137
244	10	13.095	2.7578932176572755
245	10	13.15	2.5391927851189235
246	10	13.385	2.5370800145048626
247	10	13.115	2.4983544584385933
248	10	12.98	2.531718783751466
249	10	12.9	2.570992026436487
250	10	13.29	2.6544114225191264
251	10	12.98	2.4309668858295885
252	10	13.31	2.631330461952661
253	10	12.99	2.5238660820257475
254	10	13.145	2.4380268661358104
255	10	13.38	2.606837164074503
256	10	12.97	2.6568966859853624
257	10	13.435	2.6411692486472704
258	10	13.545	2.4182586710275635
259	10	13.37	2.730036629790887
260	10	13.155	2.6116996381666877
261	10	12.995	2.5189233811293295
262	10	13.185	2.5220576916478348
263	10	12.885	2.6891959764955775
264	10	12.93	2.4708500561547635
265	10	13.42	2.5226176880375677
266	10	13.12	2.5642932749590117
267	10	13.25	2.5273503912200224
268	10	13.28	2.6346916328101875
269	10	13.45	2.5705057868053913
270	10	12.875	2.4777762207269647
271	10	13.14	2.4900602402351644
272	10	13.41	2.5791277595342175
273	10	13.125	2.5336485549499557
274	10	13.05	2.3510635891017513
275	10	13.105	2.480720661420789
276	10	13.61	2.5569317550533106
277	10	13.57	2.6879546127120517
278	10	13.805	2.4813252507480743
279	10	13.6	2.833725463060951
280	10	12.82	2.495515978710615
281	10	13.565	2.5604247694474433
282	10	13.25	2.5194245374688244
283	10	13.26	2.6272418997876845
284	10	13.15	2.4834451876375283
285	10	13.105	2.6465024088407696
286	10	13.055	2.5321877892447073
287	10	13.09	2.625242845909688
288	10	13.055	2.4580429206993104
289	10	13.065	2.4941481511730625
290	10	13.465	2.694211387400774
291	10	13.355	2.6113167176732897
292	10	13.19	2.5911194491956566
293	10	13.385	2.669602030265934
294	10	13.05	2.4366985862022417
295	10	12.94	2.4054937123177025
296	10	13.53	2.62280384321817
297	10	13.155	2.510174296737181
298	10	13.04	2.4245411937106787
299	10	13.105	2.518724875805215
300	10	13.385	2.5955298110405107
301	10	13.025	2.6123504741898618
302	10	13.075	2.645633194530187
303	10	12.825	2.4767670459694027
304	10	13.155	2.514154927604901
305	10	12.99	2.6095785100280082
306	10	13.03	2.5882619651032246
307	10	13.105	2.512762424106185
308	10	13.165	2.4955510413533917
309	10	13.035	2.5047504865754604
310	10	12.995	2.585531860178871
311	10	13.12	2.6505848411246933
312	10	12.795	2.490577242327568
313	10	13.005	2.4361804120384867
314	10	13.075	2.4838226587258605
315	10	13.32	2.712489631316588
316	10	13.465	2.6793236086743986
317	10	13.4	2.6172504656604776
318	10	13.195	2.4712294511032344
319	10	12.97	2.6531302267321886
320	10	13.315	2.570170227825388
321	10	13.065	2.6871499772063343
322	10	13.205	2.540270654871248
323	10	13.17	2.410622326288381
324	10	13.215	2.4039082761203696
325	10	13.235	2.5119265514739872
326	10	13.3	2.7276363393971725
327	10	13.365	2.472200436857822
328	10	13.32	2.541180827882973
329	10	13.425	2.6446880723442616
330	10	12.76	2.555856020983969
331	10	12.95	2.6014419078657145
332	10	13.19	2.6179954163443453
333	10	13.025	2.6276177423666462
334	10	13.265	2.480881899647785
335	10	12.96	2.597768272960468
336	10	12.855	2.498794709454939
337	10	12.855	2.4706223912204788
338	10	13.25	2.66786431439082
339	10	13.05	2.6584770076116904
340	10	13.645	2.557141959297529
341	10	12.995	2.674878501913688
342	10	13.165	2.5957224427892895
343	10	13.27	2.584008513917863
344	10	13.265	2.640979931767753
345	10	13.48	2.515869630962624
346	10	13.075	2.6924663414795
347	10	13.115	2.4086874018851003
348	10	13.02	2.487890672839144
349	10	13.105	2.594990366070748
350	10	13.685	2.5779400691249594
351	10	13.235	2.5514260718272825
352	10	13.065	2.4981543186921025
353	10	13.205	2.5851450636279587
354	10	12.715	2.402868077943522
355	10	13.18	2.6282313444596155
356	10	13.005	2.430015432049765
357	10	13.15	2.591814036538885
358	10	13.605	2.6284929142000735
359	10	13.145	2.4339217325131886
360	10	13.155	2.5001949923955937
361	10	13.08	2.5852659437667147
362	10	13.24	2.5888993800455062
363	10	13.15	2.6282123201902836
364	10	13.175	2.484828967957354
365	10	13.25	2.515452245621053
366	10	13.205	2.748267636166463
367	10	13.085	2.588005989173906
368	10	13.575	2.54054620111503
369	10	12.975	2.454460225793036
370	10	13.25	2.517439175034821
371	10	13.015	2.5641324068776172
372	10	12.99	2.617231361572759
373	10	12.965	2.6690400896202364
374	10	13.16	2.606606989939219
375	10	12.925	2.6569484375877512
376	10	13.245	2.5777849018100785
377	10	13.235	2.4939476738696813
378	10	12.97	2.5747038664669764
379	10	12.97	2.5843954805718106
380	10	13.425	2.540546201115029
381	10	13.14	2.439344174158293
382	10	12.985	2.682307775032537
383	10	13.125	2.566977794995508
384	10	13.185	2.592445756423845
385	10	13.205	2.587078468079389
386	10	13.06	2.6844738776900017
387	10	13.29	2.5369075663098197
388	10	13.12	2.426025556336951
389	10	13.3	2.6925824035672536
390	10	13.415	2.565691914474537
391	10	13.275	2.349335012296032
392	10	13.11	2.4714165978240086
393	10	13.02	2.5728583326720504
394	10	13.225	2.6597697268748655
395	10	13.395	2.5630011705030493
396	10	13.11	2.5995961224774895
397	10	13.04	2.5156311335328954
398	10	13.06	2.7324714088165667
399	10	13.33	2.5438356865175074
400	10	13.005	2.6277319117444256
1	40	55.18	6.84087713674204
2	38	46.625	3.300662812224236
3	35	42.795	2.653860395725443
4	31	40.225	2.732100840013048
5	30	37.94	2.460975416374573
6	30	36.05	2.5821502667350726
7	28	34.48	2.531718783751465
8	27	32.855	2.520709225595051
9	26	31.35	2.34040594769369
10	25	30.27	2.4118664971345325
11	22	29.155	2.461904750391454
12	23	28.135	2.3381135558394077
13	23	27.245	2.0844603618202955
14	22	26.69	2.333216663749853
15	19	25.915	2.5333327850876595
16	19	25.25	2.3911294402436685
17	19	24.53	2.41849126523128
18	19	23.93	2.4525700805481594
19	18	23.46	2.511652842253483
20	18	22.965	2.390350392724883
21	17	22.455	2.336230938927058
22	17	21.965	2.384066903423644
23	17	21.7	2.5690465157330267
24	16	20.89	2.4099585058668525
25	15	20.32	2.162775993948517
26	15	20.355	2.603646481379529
27	15	19.745	2.31516198137409
28	15	19.505	2.4576360593057696
29	15	19.75	2.4428467000612217
30	15	19.54	2.5215868019959196
31	15	19.1	2.399999999999999
32	15	19.16	2.4029981273400947
33	15	19.015	2.390559557927808
34	14	18.79	2.5210910336598307
35	14	18.66	2.554290508145069
36	14	18.435	2.4588157718706785
37	14	18.145	2.4947895702844356
38	13	18.275	2.4206145913796355
39	13	18.13	2.4193180857423435
40	13	18.155	2.418878872535789
41	13	17.58	2.552175542551885
42	13	17.93	2.587489130411952
43	12	17.67	2.605973906239277
44	13	17.495	2.7784842990378733
45	13	17.025	2.6333201476463137
46	11	16.555	2.5093774128257382
47	11	16.075	2.5118469300496797
48	11	16.165	2.517493793438227
49	11	15.78	2.627089644454485
50	11	15.575	2.3988278387579225
51	11	15.875	2.7165005061659753
52	11	15.365	2.5498578391745697
53	10	15.385	2.6280743901191213
54	10	15.19	2.6840081967087954
55	10	14.63	2.615931956301614
56	10	14.67	2.7168179916954314
57	10	14.495	2.638176453537554
58	10	14.52	2.511891717411401
59	10	14.67	2.7533797413360923
60	9	14.645	2.70351160530152
61	9	14.38	2.534876722840778
62	9	14.665	2.8324503526099103
63	9	14.335	2.6912404203266576
64	9	14.55	2.829752639366204
65	9	14.13	2.744649340079716
66	9	13.99	2.751345125570399
67	9	13.72	2.776976773399447
68	9	13.785	2.615105160409426
69	9	13.54	2.7052541470257476
70	9	13.2	2.660826939130016
71	9	13.265	2.691611970548506
72	9	13.48	2.6906504789734407
73	7	13.115	2.705877861249469
74	7	12.865	2.7416737588560767
75	9	13.155	2.760611345336391
76	8	12.86	2.569124364447936
77	8	12.785	2.673719319599573
78	8	12.555	2.5053891913233746
79	9	12.64	2.455687276507333
80	9	12.835	2.5666661255410674
81	9	12.655	2.442534544279772
82	9	12.565	2.6126184183688204
83	9	12.44	2.605071975973024
84	9	12.55	2.539192785118923
85	9	12.32	2.6697565432076384
86	9	12.485	2.60763781994356
87	7	12.845	2.670388548507503
88	7	12.555	2.5897828094263025
89	7	12.32	2.5879721791394896
90	5	12.365	2.557689386927194
91	5	12.135	2.587812783027397
92	5	12.27	2.6166963904893508
93	5	12.56	2.585807417423037
94	5	12.71	2.8558536377062476
95	5	11.905	2.7867498990759816
96	5	12.26	2.94659125092029
97	5	12.02	3.075646273549675
98	5	11.91	2.961739353825721
99	5	11.725	3.072356587377187
100	5	11.19	3.102241125380168
101	5	10.705	3.0558100399075854
102	5	10.175	2.8660730974627997
103	3	9.78	2.851596044323248
104	3	9.69	2.8607516494795577
105	3	9.78	3.021853735705948
106	5	9.9	2.5258661880630187
107	5	9.765	2.9815725716473835
108	5	9.95	2.9064583258667263
109	5	9.69	2.773788023624014
110	5	9.73	2.9473886747424407
111	5	9.71	2.7759502877393163
112	5	9.5	2.894822965226026
113	5	9.53	2.976424028931361
114	5	9.055	2.6929491268867305
115	5	8.82	2.9744915531902256
116	5	8.93	2.815155413116655
117	5	9.035	2.706247401846327
118	5	9.105	2.682158645568899
119	5	9.06	2.645070887518897
120	5	9.025	2.7155800485347483
121	5	9.255	2.681412873840951
122	5	9.08	2.837886537548675
123	5	8.85	2.716155371108212
124	5	9.01	2.679533541495608
125	5	8.75	2.8368115905008566
126	5	9.195	2.648957342049887
127	5	9.445	2.7923063943629103
128	5	9.125	2.8300839210171844
129	5	8.795	2.8727991576161416
130	5	8.345	2.818860585413899
131	5	9.335	2.823610277641021
132	5	9.1	2.7604347483684486
133	5	9.23	2.5936653600647888
134	5	9.435	2.6768965239620304
135	5	9.23	2.8839382795059976
136	5	9.54	2.673649191647998
137	5	9.915	2.7564061747137325
138	5	9.86	2.7929196193231225
139	5	9.665	2.8430221596041063
140	5	9.81	2.806047041658425
141	5	9.65	2.9116146723081324
142	5	9.62	2.8715152794300067
143	5	9.125	2.872172522673386
144	5	9.255	2.5019942046295784
145	5	9.34	3.0007332437256053
146	5	9.305	2.738973347807531
147	5	9.185	2.780427125461122
148	5	8.97	2.7602717257545484
149	5	9.35	2.6396022427631007
150	5	9.375	2.878259022395309
151	5	9.625	2.7321008400130475
152	3	9.39	2.9963144027287916
153	3	9.07	2.8026951314761304
154	3	9.07	2.7865929017350206
155	3	9.145	2.795348815443255
156	5	9.375	2.544479318053106
157	5	9.6	3.024896692450836
158	5	8.84	2.7792804824270614
159	5	8.865	2.8699782229138973
160	5	9.33	2.817995741657537
161	5	9.345	2.604990403053338
162	5	9.585	2.7042143036379356
163	5	9.385	2.92006421162275
164	5	8.85	2.8909341050947504
165	5	9.095	2.7921273251769883
166	5	9.315	2.8063811216582812
167	5	9.03	2.6942717012209467
168	5	8.89	2.792472023136488
169	5	9.23	2.7031648118455545
170	5	9.08	2.70621506905863
171	5	9.415	2.6177805484799532
172	5	9.515	2.812432221405521
173	5	9.315	2.7974586681486455
174	5	9.28	2.7877589565814325
175	5	9.31	2.802481043646861
176	5	9.685	2.6750280372362476
177	5	9.33	2.8602622257408514
178	5	9.57	2.7431915718739006
179	5	9.47	2.8105337571358224
180	5	9.465	2.6774568157115057
181	5	9.48	2.776616646208117
182	5	9.62	2.7304944607158603
183	5	9.16	2.839788724535682
184	5	9.18	2.8596503282744217
185	5	9.125	2.8265482483056963
186	5	8.745	2.78387769127884
187	5	8.935	2.7876109843376615
188	5	8.92	2.878124389250749
189	5	9.4	2.9051678092667874
190	5	9.01	2.696275208505244
191	5	9.065	2.7929867525643557
192	5	8.87	2.8641054449862713
193	5	9.115	2.670538335242541
194	5	9.095	2.8400660203593864
195	5	9.26	2.7445218162732834
196	5	9.085	2.765461082712969
197	5	8.98	2.8774294083434984
198	5	9.24	2.7004444078706755
199	5	9.22	2.702147294282825
200	5	9.34	2.8362651498052833
201	5	9.18	2.8102668912400484
202	5	8.98	2.790985489034296
203	5	9.295	2.643477822868955
204	5	9.24	2.9055808369412155
205	5	8.81	2.741149393958674
206	5	8.815	2.792986752564362
207	5	8.965	2.7683523980880764
208	5	8.795	2.895336767977088
209	5	8.985	2.8521526957720873
210	5	9.355	2.7035116053015185
211	5	9.33	2.6459591833586567
212	5	9.355	2.6942485037575876
213	5	9.165	2.9525878479733665
214	5	9.07	2.750472686648608
215	5	9.045	2.8040996772582822
216	5	9.31	2.8397006884529223
217	5	9.175	2.8096930437327114
218	5	8.925	2.763941931372656
219	5	9.15	2.7216722800513655
220	5	9.175	2.87999565971895
221	5	9.24	2.7372248720191052
222	5	8.765	2.971493732115211
223	5	8.745	2.8740172233304393
224	5	9.085	2.71436456652381
225	5	8.735	2.8257344178107076
226	5	9.285	2.764737781417979
227	5	8.98	2.9016547003391047
228	5	9.095	2.7542648746988734
229	5	9.21	2.74515937606544
230	5	9.37	2.768230481733772
231	3	9.21	2.8698257786841337
232	5	8.735	2.9316846692644183
233	5	9.25	2.7798381247835278
234	5	8.965	2.7953130415035807
235	5	8.895	2.7575305981983247
236	5	8.995	2.7449908925167708
237	5	9.085	2.6940257979462605
238	5	8.89	2.856203774243007
239	5	9.145	2.786391035012854
240	5	8.81	2.848490828491467
241	5	8.975	2.8503289283870394
242	5	9.12	2.7065845636151855
243	5	9.155	2.6421534777525695
244	5	9.235	2.6739063184786396
245	5	9.3	2.767670500619611
246	5	8.995	2.855691685038848
247	5	8.81	2.9041177662071505
248	5	9.245	2.8293064521186095
249	5	9.165	2.745500865051766
250	5	9.17	2.718657757055861
251	5	9.005	2.8044562752876017
252	5	9.375	2.6503537499737653
253	5	9.295	2.9795930930246146
254	5	8.91	2.8128099829174373
255	5	9.145	2.608443022187758
256	5	9.065	2.8356260331715086
257	5	8.82	2.8350661367946954
258	5	9.02	2.7639826338094085
259	5	8.98	2.8283564131841685
260	5	9.0	2.7202941017470885
261	5	9.08	2.860699215226936
262	5	9.43	2.7009442793215883
263	5	9.425	2.6710250841203282
264	5	9.45	2.8943911276812617
265	5	9.57	2.73771802784728
266	3	9.58	2.8833314065504148
267	5	9.385	2.906333600948107
268	5	9.29	2.914772718412193
269	5	9.235	2.789224802700563
270	3	9.15	2.843853020111973
271	3	9.035	2.9246837435866455
272	3	9.105	2.8432331947977794
273	3	9.07	2.7340629107612
274	3	8.69	2.892040801925173
275	3	8.975	2.6859588604444413
276	3	8.885	2.932878279097172
277	3	9.07	2.74136827150239
278	5	8.75	2.7888169534768683
279	5	9.065	2.807271807289061
280	5	9.115	2.7407617554249426
281	5	8.975	2.8468183995471166
282	5	8.955	2.6894190822554975
283	5	9.295	2.8245309345093035
284	5	9.23	2.7526532654876843
285	5	9.27	2.777966882451982
286	5	9.36	2.796497809761345
287	5	8.87	2.8059044887522466
288	5	9.3	2.7147743920996454
289	5	9.41	2.793188142606939
290	5	9.205	2.7844164559203435
291	5	9.07	2.7468345417953377
292	5	9.3	2.720294101747088
293	5	8.74	2.924448665988173
294	5	8.91	2.8145870034518374
295	5	9.105	2.8308965011105567
296	5	8.935	2.893229164791476
297	5	9.305	2.6929491268867287
298	5	9.03	2.7475625561577326
299	5	9.065	2.8880399927978817
300	5	9.06	2.7868261517360566
301	5	8.775	2.890393571816818
302	5	9.375	2.5660037022576563
303	5	9.3	2.9103264421710504
304	5	9.475	2.7109730725331804
305	5	9.23	2.842023926711388
306	5	9.17	2.830388665890251
307	5	9.205	2.7682079040418928
308	5	8.98	2.8034978152301138
309	5	9.59	2.6347485648539584
310	5	9.635	2.7697969239639226
311	5	9.695	2.931207089238151
312	5	9.345	2.845342685864041
313	5	9.475	2.87565209995924
314	5	9.3	2.839013913315679
315	5	9.05	2.89784402616842
316	5	9.085	2.760031702716472
317	5	9.395	2.675626094954229
318	5	9.345	2.883743227126852
319	5	8.725	2.8283166371536246
320	5	9.37	2.715345281911674
321	5	9.105	2.837952607074331
322	5	8.935	2.7569503078583026
323	5	9.145	2.7539017774786387
324	5	8.94	2.8559411758647957
325	5	9.27	2.6621607765121897
326	5	9.22	2.812756654956129
327	5	9.215	2.7547731304047534
328	5	9.08	2.9057873287630684
329	5	9.29	2.618377360122104
330	5	8.92	2.9195205085767064
331	5	9.385	2.7598505394314357
332	5	9.055	2.8074855297935204
333	5	9.03	2.7693139944758904
334	5	8.905	2.854115449662118
335	5	9.255	2.814245014208961
336	5	9.015	2.85565666703825
337	5	9.24	2.6948840420322373
338	5	9.44	2.745250443948604
339	5	9.41	2.826994870883214
340	5	8.895	2.8024944246153303
341	5	9.095	2.8117565684105728
342	5	9.195	2.8314263190130866
343	5	9.43	2.6523762930625066
344	5	9.12	2.81879406839166
345	5	8.85	2.9064583258667223
346	5	9.15	2.7599818839985146
347	5	9.195	2.6808534088979954
348	5	8.935	2.8108317274429617
349	5	9.375	2.7284381979440178
350	5	9.01	2.9342631102203485
351	5	9.57	2.438257574580668
352	5	10.005	2.8696646145499343
353	3	10.16	2.8221268575313907
354	5	9.96	2.998066043301914
355	5	9.795	2.9005128856807376
356	5	9.78	2.8864511081949744
357	5	9.775	2.830967149226566
358	5	9.495	2.9291594357426116
359	5	9.41	2.809252569634848
360	5	9.41	2.803907987078036
361	5	9.54	2.847525241327984
362	5	9.735	2.8292711075469605
363	5	9.785	2.8158080545378095
364	5	9.87	2.8236678274896327
365	5	9.585	2.787969691370408
366	5	9.735	2.822193296002244
367	3	9.95	2.817356917396164
368	5	10.09	2.8551532358176512
369	5	10.125	2.894715011879408
370	5	9.86	2.9900501668032278
371	5	9.535	2.8980640089549436
372	5	9.245	3.105636005716059
373	5	8.945	2.8986160490827326
374	5	9.15	2.820904110387305
375	5	8.82	2.799571395767574
376	5	9.055	2.825238927949281
377	5	8.945	2.7426219207174722
378	5	9.195	2.635711478899008
379	5	9.5	2.6115129714401193
380	5	9.99	2.8142316891116104
381	5	9.67	2.936170975948098
382	5	9.355	2.778304338980882
383	5	9.47	2.756646513428953
384	5	9.625	2.704510121999916
385	5	9.58	2.8833314065504156
386	5	9.375	2.850328928387038
387	5	9.275	2.815914593875318
388	5	9.365	2.7498681786587538
389	5	9.17	2.8759520162895615
390	5	9.045	2.8518371271866143
391	5	9.1	2.8565713714171372
392	5	9.34	2.7063628729348164
393	5	8.86	2.7785607785326567
394	5	8.97	2.763892183135947
395	5	9.07	2.7595470642842836
396	5	9.055	2.849907893248482
397	5	9.655	2.5151491009480926
398	5	9.615	3.1601859122526306
399	5	9.445	2.6527297261500267
400	5	9.53	2.692415272575908
1	36	53.635	7.451964506088316
2	35	45.29	3.354981371036209
3	31	41.63	2.9871558379167293
4	30	39.075	2.9153687588365202
5	30	36.41	2.55380108857366
6	29	34.95	2.507488783623968
7	27	33.485	2.284682691316236
8	27	32.57	2.1201650879117886
9	26	31.755	2.214717814982305
10	26	30.715	2.261365737778832
11	23	29.99	2.408298154299006
12	23	28.85	2.1719806628973464
13	22	28.28	2.4741867350707394
14	22	27.765	2.559252820649027
15	19	26.725	2.9630010124871693
16	19	25.17	2.498219365868418
17	19	24.015	2.3291146386556396
18	16	23.425	2.4029929254993663
19	17	22.905	2.5721537667876686
20	17	22.57	2.4769134017966805
21	17	22.15	2.487468592766549
22	15	21.7	2.487971060924946
23	15	21.645	2.6979575608226307
24	16	20.5	2.4248711305964283
25	15	20.25	2.543127995205904
26	15	19.75	2.3553131426627756
27	14	19.495	2.4899748994718784
28	14	19.665	2.514512875290163
29	14	19.18	2.7363479310935603
30	13	18.935	2.6364322483234806
31	13	18.465	2.699773138617391
32	12	18.325	2.5728146066127664
33	12	18.335	2.79870952404854
34	13	18.17	2.785875086934088
35	12	17.76	2.7408757724493817
36	12	17.155	2.767846635924761
37	12	17.18	2.8368292158676036
38	12	16.31	2.5911194491956553
39	12	16.335	2.6406012572897106
40	10	16.06	2.63939386981178
41	12	16.28	2.6630058204968328
42	12	15.61	2.6641884317742996
43	12	15.725	2.7165005061659753
44	11	15.85	2.584085911884509
45	12	15.545	2.5274443614054105
46	12	15.77	2.7105534490210665
47	11	15.725	2.7421478807679205
48	11	15.245	2.8008882519657936
49	11	14.835	2.5115284191105607
50	11	15.57	2.654260725701227
51	10	15.055	2.6743176699861224
52	9	15.105	2.602686112461508
53	9	15.405	2.713111682183395
54	9	14.98	2.613350340080718
55	9	14.745	2.5884309919331447
56	9	15.39	2.790680920492345
57	9	14.45	2.67535044433435
58	9	14.03	2.801624528733285
59	9	14.06	2.7288092641296853
60	9	14.525	2.9187968411658933
61	9	13.76	2.786108397029808
62	9	13.38	2.871515279430008
63	9	13.23	2.810177930309753
64	9	13.285	2.6596569327640736
65	9	13.08	2.746561486659274
66	9	12.905	2.7048059080089266
67	9	12.745	2.753175439379047
68	9	12.95	2.820904110387307
69	9	12.635	2.702179675743271
70	9	12.755	2.61820071805047
71	9	12.62	2.6824615561084917
72	9	12.35	2.7032387981826544
73	9	12.49	2.7604166352201243
74	9	12.36	2.760507199773258
75	9	12.4	2.9189039038652824
76	9	12.665	2.685660998711491
77	9	12.515	2.722090189541852
78	9	13.14	2.607757657452088
79	9	12.895	2.8220515587068933
80	9	12.755	2.919755982954739
81	9	12.65	2.7290108097990378
82	9	12.5	2.705549851693737
83	9	12.375	2.7321008400130475
84	9	12.685	2.7759277728355958
85	9	12.315	2.6430616716225166
86	9	12.415	2.7933447692685585
87	9	12.595	2.711268153466198
88	9	12.68	2.701407040784487
89	9	12.495	2.6962891165451794
90	9	12.43	2.6953849446785885
91	9	12.65	2.7381563140186125
92	9	12.56	2.747071167625623
93	9	12.69	2.7338434483342304
94	9	12.58	2.6312734559524578
95	9	12.41	2.8216838944148206
96	9	12.725	2.767557587476724
97	9	12.235	2.738571708025918
98	9	12.595	2.681599336217104
99	9	12.415	2.680069961773389
100	9	12.535	2.7274117767583244
101	9	12.555	2.7049907578400316
102	9	12.395	2.6568731621964945
103	9	12.365	2.7261282068164014
104	9	12.62	2.6392423155140556
105	9	12.515	2.783841769928743
106	9	12.76	2.7207351947589475
107	9	12.37	2.7519265978583056
108	9	12.625	2.68223321133715
109	9	12.88	2.8992412800593215
110	9	12.63	2.750109088745388
111	9	13.075	2.656948437587752
112	9	12.795	2.7880055595353475
113	9	12.44	2.6582701141908047
114	9	12.57	2.9791106055331333
115	9	12.605	2.634193424940544
116	9	12.72	2.7949239703433797
117	9	12.52	2.725729260216429
118	9	12.565	2.8117210032291613
119	9	12.55	2.765411361804964
120	9	12.475	2.790945180400357
121	9	12.255	2.8017806837795134
122	9	12.59	2.6705617386609863
123	9	12.72	2.7389048906451663
124	9	12.65	2.6921181251943596
125	9	12.69	2.631330461952659
126	9	12.675	2.6906086671978153
127	9	12.52	2.7603622950620093
128	9	12.595	2.6478245787816106
129	9	12.56	2.6993332510084795
130	9	13.235	2.6551412391810714
131	9	13.165	2.896165568471526
132	8	12.755	2.8115787380046813
133	8	12.5	2.6229754097208002
134	8	12.5	2.670205984563738
135	8	12.315	2.669414729861213
136	9	12.725	2.7238529696002294
137	9	12.41	2.802124194249781
138	9	12.665	2.793344769268556
139	9	12.54	2.81040922287129
140	9	12.62	2.635450625604659
141	9	12.755	2.6916491227498422
142	9	12.585	2.791554226591348
143	9	12.735	2.741308993893249
144	9	13.11	2.6547881271393394
145	9	12.5	2.7422618401604177
146	9	12.965	2.6988469760251315
147	9	12.715	2.720987872078815
148	9	12.745	2.672073165165954
149	9	12.305	2.655555497443051
150	9	12.255	2.7276317566709762
151	9	12.46	2.7835947980983167
152	9	12.705	2.7709159135563826
153	9	12.715	2.6179715430080597
154	9	12.635	2.764376059800839
155	9	12.365	2.704029400727738
156	9	12.645	2.7219432396727186
157	9	12.55	2.801338965566287
158	9	12.23	2.8839382795059962
159	9	12.58	2.713595400939497
160	9	12.67	2.7786867401706163
161	9	12.76	2.746343023003501
162	9	12.615	2.79406066505364
163	9	12.505	2.709238822990691
164	9	12.305	2.698513479677285
165	9	12.325	2.63426934841523
166	9	12.4	2.870540018881463
167	9	12.38	2.6316534726289462
168	9	12.69	2.7283511504203406
169	9	12.7	2.6172504656604807
170	9	12.775	2.8256636388643264
171	9	12.345	2.6788010377779066
172	9	12.685	2.7231920607992364
173	9	12.4	2.747726332806815
174	9	12.725	2.692466341479498
175	9	12.53	2.6493584128992445
176	9	12.845	2.615525759766094
177	9	12.67	2.746106334430626
178	9	12.465	2.859855765593783
179	9	12.9	2.8035691537752365
180	9	12.605	2.7438977750637856
181	9	12.71	2.894114717836873
182	9	12.37	2.7391787090294035
183	9	12.13	2.678264363351761
184	9	12.63	2.7951923010769737
185	9	12.74	2.8164516683231073
186	9	12.555	2.808375865157651
187	9	12.3	2.7730849247724105
188	9	12.77	2.727104691793111
189	9	12.695	2.7535386323783455
190	9	12.555	2.725247695164603
191	9	12.615	2.808340257162582
192	9	12.565	2.8045989018039648
193	9	12.62	2.7065845636151837
194	9	12.515	2.754954627575561
195	9	12.625	2.893851240129665
196	9	12.55	2.6995369973386163
197	9	12.41	2.7003518289289614
198	9	12.575	2.717420652015437
199	9	12.56	2.765212469232699
200	9	12.785	2.576582038282501
201	9	12.77	2.6976100533620495
202	9	12.905	2.6069090893239815
203	9	12.945	2.6687028684362746
204	9	13.12	2.6430285658690877
205	9	12.955	2.7555353381874825
206	9	12.89	2.6111108747044804
207	9	12.88	2.713963890695676
208	9	12.905	2.808197820667197
209	9	12.555	2.533174885395794
210	9	12.39	2.637783160155513
211	9	12.535	2.7016245112894586
212	9	12.765	2.7945974665414677
213	9	12.77	2.6262330437339325
214	9	12.3	2.6000000000000014
215	9	12.6	2.751363298439521
216	9	12.8	2.67020598456374
217	9	12.82	2.7436472076416827
218	9	12.415	2.6837986139053003
219	9	12.495	2.6888612831457084
220	9	12.935	2.6722228574727804
221	9	12.63	2.7609961970274393
222	9	12.525	2.645633194530186
223	9	12.4	2.672077843177476
224	9	12.53	2.6208967930843845
225	9	12.525	2.851205885235229
226	9	12.72	2.655484889808264
227	9	12.735	2.6541995026749614
228	9	12.935	2.609746156238189
229	9	12.835	2.727228446610221
230	9	12.64	2.8618874890533372
231	9	12.85	2.7617928959282936
232	9	12.605	2.762059919697614
233	9	12.76	2.7644891028904444
234	9	12.67	2.791254198384663
235	9	12.705	2.790694358040664
236	9	12.725	2.792736113563184
237	9	12.685	2.7433146009891023
238	9	12.515	2.7202527456102312
239	9	12.055	2.744444388214124
240	9	12.635	2.7462292329665434
241	9	12.735	2.6710999606903534
242	9	12.315	2.7139961311689453
243	9	12.695	2.7932015680935036
244	9	12.435	2.8134987115689225
245	9	12.49	2.613407737036071
246	9	12.76	2.668782493947381
247	9	12.635	2.7187818963646224
248	9	12.625	2.595067436503337
249	9	12.495	2.90344192295971
250	9	12.815	2.756950307858307
251	9	12.57	2.7883866302935814
252	9	12.715	2.7881490275808427
253	9	12.335	2.775387360351705
254	9	12.625	2.890393571816821
255	9	12.87	2.661409401050505
256	9	12.705	2.76549724281186
257	9	12.605	2.7016615258022227
258	9	12.82	2.650962089506374
259	9	13.07	2.7847980178102696
260	9	12.98	2.731226830565343
261	9	12.725	2.6209492555179295
262	9	12.645	2.7420749442712187
263	9	12.56	2.6807461647832307
264	9	12.47	2.703534723283575
265	9	12.42	2.6064535292231867
266	9	12.605	2.729281040860393
267	9	12.61	2.812098860282118
268	9	12.505	2.7910526687972013
269	9	12.09	2.780629425148197
270	9	12.29	2.682517474314009
271	9	12.66	2.7503454328502097
272	9	12.765	2.5806539868800678
273	9	12.58	2.7465614866592714
274	9	12.575	2.693394698145819
275	9	12.39	2.7636750894415942
276	9	12.6	2.7404379212089447
277	9	12.615	2.7325400271542213
278	9	12.585	2.644385561902805
279	9	12.275	2.9187968411658933
280	9	12.43	2.757734577511041
281	9	12.58	2.7628970302926583
282	9	12.175	2.793631149597242
283	9	12.505	2.81602112918209
284	9	12.695	2.856917044647954
285	9	12.57	2.712028760909441
286	9	12.58	2.722792683991933
287	9	12.75	2.675350444334349
288	9	12.415	2.8987540426879996
289	9	12.815	2.762385744243554
290	9	12.575	2.748522330271306
291	9	12.2	2.7331300737432915
292	9	12.5	2.7440845468024486
293	9	12.685	2.7795278376011976
294	9	12.76	2.876178019525219
295	9	12.5	2.6076809620810595
296	9	12.51	2.686987160371258
297	9	12.44	2.665783186982767
298	9	12.645	2.7962430151902056
299	9	12.485	2.7349177318522764
300	9	12.675	2.6794355748925933
301	9	12.535	2.7108624089023783
302	9	12.65	2.797766966707556
303	9	12.66	2.737590181162989
304	9	12.725	2.7566963924233647
305	9	12.445	2.8154884123363035
306	9	12.955	2.7446265684059834
307	9	12.615	2.706801618146404
308	9	12.52	2.7639826338094093
309	9	12.745	2.905163506586162
310	9	12.515	2.63813854829499
311	9	12.5	2.6476404589747453
312	9	12.245	2.8026728314236036
313	9	12.7	2.7422618401604177
314	9	12.815	2.7314419268950263
315	9	12.63	2.7171860444216898
316	9	12.545	2.6829042099933416
317	9	12.025	2.7720705257983598
318	9	12.585	2.8058465745653334
319	9	12.335	2.7060626378559682
320	9	12.89	2.7618653117051157
321	9	12.475	2.7109730725331787
322	9	12.66	2.9024816967553835
323	9	12.24	2.7825168463101893
324	9	12.47	2.8016245287332846
325	9	12.53	2.805191615558553
326	9	12.195	2.7940964550279914
327	9	12.75	2.8332843133014376
328	9	12.725	2.8034576865007237
329	9	12.415	2.807628002424826
330	9	12.545	2.8280691292823796
331	9	12.76	2.7445218162732843
332	9	12.705	2.911696241025151
333	9	12.74	2.6818650227034193
334	9	12.955	2.674504627029087
335	9	12.88	2.9009653565666746
336	9	12.5	2.7766886753829643
337	9	12.555	2.6032623763270566
338	9	12.425	2.7284381979440178
339	9	12.935	2.6572118846640724
340	9	12.705	2.7960641981184913
341	9	12.305	2.791410933560305
342	9	12.825	2.7155800485347514
343	9	12.72	2.751654048022755
344	9	12.515	2.9171518644047305
345	9	12.62	2.7992141754428137
346	9	12.62	2.6693819509392047
347	9	12.405	2.7624219445986187
348	9	12.105	2.663451707840785
349	9	12.62	2.667508200549718
350	9	12.39	2.7564288490726554
351	9	12.435	2.7920915099616606
352	9	12.5	2.598076211353316
353	9	12.305	2.640449772292593
354	9	12.785	2.790837687863629
355	9	12.625	2.7266050319032273
356	9	12.525	2.709128088518517
357	9	12.66	2.752162785883133
358	9	12.95	2.7454507826584695
359	9	12.515	2.82484955351608
360	9	12.925	2.6887497094374564
361	9	12.625	2.7210981239198264
362	9	12.83	2.736987394928957
363	9	12.595	2.756986579582862
364	9	12.585	2.791554226591347
365	9	12.47	2.6455812215843975
366	9	12.76	2.862236887471057
367	9	12.72	2.7913437624198147
368	9	12.28	2.6441633837567617
369	9	12.525	2.7927361135631834
370	9	12.425	2.763037278069191
371	9	12.66	2.82566806260042
372	9	12.88	2.9556048450359547
373	9	12.865	2.678950354149925
374	9	12.76	2.735397594500661
375	9	12.405	2.881141266928786
376	9	12.515	2.734917731852276
377	9	12.64	2.782157436235414
378	9	12.46	2.6717784339274853
379	9	12.955	2.674504627029089
380	9	12.445	2.7707354619306392
381	9	12.85	2.812027738127771
382	9	12.525	2.6682156959286467
383	9	12.575	2.7448816003609355
384	9	12.73	2.7544690958513227
385	9	12.47	2.845891775876236
386	9	12.48	2.783810338367184
387	9	12.71	2.8453295064016766
388	9	13.01	2.6305702803764808
389	9	12.49	2.7477081358834305
390	9	12.37	2.820124110744062
391	9	13.02	2.703627193235043
392	9	12.84	2.66165362134144
393	9	12.795	2.759162010466222
394	9	12.595	2.76965250527932
395	9	12.39	2.8527004749885685
396	9	12.675	2.7819732205756407
397	9	12.655	2.788543526646121
398	9	12.73	2.710553449021067
399	9	12.335	2.8022803214525136
400	9	12.49	2.7676524348263083
1	37	52.77	7.088518886199007
2	35	45.2	3.0610455730027932
3	33	42.215	2.762023714597687
4	32	40.245	2.853940258659946
5	30	38.07	3.0716607885637375
6	27	36.045	2.8918808758315047
7	26	34.325	2.9085004727522374
8	24	32.73	3.2057916339026145
9	24	30.575	2.702660726025375
10	24	29.375	2.7630372780691905
11	22	27.98	2.5455058436389426
12	21	27.2	2.760434748368453
13	21	26.11	2.6547881271393377
14	21	25.63	2.4765096406030778
15	18	25.03	2.6775175069455632
16	18	23.895	2.530607634541554
17	16	23.385	2.7104934975018833
18	18	23.14	2.657141321044105
19	17	22.665	2.4683547151898573
20	17	22.045	2.6044145215383803
21	15	21.505	2.4413060029418676
22	14	20.79	2.624099845661365
23	14	20.585	2.5754174418917035
24	14	20.055	2.6855120554560914
25	13	19.925	2.596030623856354
26	13	19.705	2.8298365677190613
27	13	19.335	2.8359786670565783
28	13	18.855	2.7099769371712363
29	12	18.415	2.9210914056222226
30	11	17.33	2.6269944803900893
31	11	16.88	2.6581196361337867
32	8	16.225	2.7357585785299112
33	8	15.905	2.6336239291136443
34	10	16.07	2.734062910761198
35	10	15.845	2.7460835748389014
36	10	15.34	2.672901045680517
37	10	15.47	2.949423672516377
38	8	15.205	2.7790241092872883
39	8	14.555	2.7049907578400334
40	10	14.525	2.578638206495823
41	10	14.785	2.656835523701083
42	9	14.845	2.9259143869908444
43	9	14.48	2.664507459175148
44	10	14.81	2.8659902302694613
45	9	14.29	2.8170729490022084
46	7	14.31	2.581453079178469
47	10	14.585	2.5461294154068463
48	9	15.08	2.8833314065504156
49	8	14.315	2.9113184298527015
50	8	13.875	2.6550659125528315
51	6	13.6	2.6362852652928135
52	6	13.845	2.954822329684139
53	6	13.425	2.770266232693169
54	6	13.415	2.843022159604109
55	6	13.33	2.7479264910109955
56	6	13.27	3.0293728723945486
57	6	12.66	2.7339348931530894
58	6	12.71	2.712176247960299
59	6	12.69	2.867734297315567
60	6	12.39	2.9694949065455556
61	6	11.975	2.852082572437202
62	6	11.85	2.859632843565759
63	6	11.15	2.8473672049807663
64	5	11.415	2.9364561975278995
65	5	10.91	2.811031839022818
66	5	11.145	2.9873022947134085
67	5	10.75	2.9491524206117257
68	5	10.72	2.993593158730827
69	5	10.415	2.791554226591347
70	5	10.595	2.925914386990844
71	5	10.495	3.0446633639862357
72	4	10.12	2.8992412800593215
73	4	10.295	2.8049910873298685
74	4	10.45	2.669737814842499
75	4	10.64	2.9241067011995314
76	4	10.355	2.9426136341694606
77	4	10.475	2.9187968411658924
78	5	10.19	2.8113875577728518
79	5	9.965	2.7845601088861427
80	5	9.98	2.8582512135919775
81	4	9.345	3.048930140229519
82	4	9.305	2.715138118033776
83	4	9.095	2.875060868920866
84	4	9.14	2.817871537171273
85	4	8.86	2.7441574298862688
86	4	8.865	2.8207756025604036
87	4	8.775	2.916226157210716
88	4	8.845	2.791231806926828
89	4	8.68	2.85965032827442
90	4	8.675	2.808803125888321
91	4	8.495	2.8460455020958437
92	4	8.635	2.86212770504742
93	4	8.45	3.0294388919402224
94	4	8.825	2.8007811410390513
95	4	8.275	3.0494876618868294
96	4	8.03	2.8703832496724218
97	4	8.09	2.9192293503594433
98	4	8.545	2.66607858098744
99	4	8.465	2.9101159770703284
100	4	8.31	2.953624891552751
101	4	8.71	2.7506181123522024
102	4	8.605	2.9898118669909626
103	4	8.255	2.803564695169346
104	4	8.08	2.8763866221354877
105	4	8.105	2.6858843981080036
106	4	8.325	2.8686887248357915
107	4	8.355	2.8581418789136404
108	4	8.275	2.8599606640651545
109	4	8.445	2.7707354619306397
110	4	8.32	2.9202054722228
111	4	8.08	2.836124115760806
112	4	7.985	2.916294738190912
113	4	8.215	2.844077178980909
114	4	8.08	3.00892007205243
115	4	8.025	2.87999565971895
116	4	8.305	2.865654375531006
117	4	8.355	2.690534333547891
118	4	8.17	2.9001896489712515
119	4	8.535	2.7890455356626935
120	4	8.41	2.963427070133497
121	4	7.995	2.895682130345115
122	4	8.12	2.84527678794173
123	4	8.455	2.86495636965033
124	4	7.86	2.8355599094358785
125	4	8.175	2.9773100275248443
126	4	8.435	2.7885076654009766
127	4	7.975	2.862581876558295
128	4	8.075	2.9562433932272896
129	4	7.985	2.9094286380662435
130	4	8.335	2.748231249367491
131	4	8.21	2.9010170630315146
132	4	8.295	2.7309293290013925
133	4	8.385	2.7994240479069945
134	4	8.185	2.929295990506934
135	4	8.125	2.8756520999592423
136	4	8.44	2.8594405047141658
137	4	8.25	2.894391127681261
138	4	8.275	2.90506024033926
139	4	8.21	2.792113894525077
140	4	8.48	2.7712091223868347
141	4	7.98	2.979865768788926
142	4	8.095	2.933594211884119
143	4	8.01	2.9427708031717312
144	4	8.135	2.9046127108445985
145	4	7.78	2.903721749754956
146	4	8.485	2.798173511417762
147	4	8.12	2.904410439314665
148	4	8.14	2.8072050156695005
149	4	8.61	2.8245176579373683
150	4	8.555	2.930354074169195
151	4	8.355	3.019764063631461
152	4	8.085	2.928783877311535
153	4	7.945	2.881314804043459
154	4	7.975	2.883465796571897
155	4	8.045	2.825415898589091
156	4	8.51	2.810676075253068
157	4	8.645	2.8335445999666224
158	4	8.59	2.8287629805269994
159	4	8.485	2.9748571394270367
160	4	8.505	2.8390095103750497
161	4	8.38	2.955604845035951
162	4	8.395	2.7053604196114085
163	4	8.745	2.780283258950427
164	4	8.93	2.8661995743492827
165	4	9.285	2.8589814619895666
166	4	9.325	2.976470224947665
167	4	9.11	3.3072496125935213
168	4	8.49	2.7495272320891813
169	4	8.51	3.0626622406004866
170	4	7.835	2.797816112613552
171	4	8.36	2.7148480620469346
172	4	8.065	2.875895512705562
173	4	8.09	2.8968776294486474
174	4	7.85	2.8173569173961597
175	4	8.35	2.7959792560031613
176	4	8.25	2.8102490992792792
177	4	8.405	2.7241466553766895
178	4	8.26	2.890051902648116
179	4	7.96	2.920342445673107
180	4	8.225	2.7792759848564876
181	4	8.19	2.7665682713426762
182	4	8.295	2.840418103026382
183	4	7.865	2.8278569624363974
184	4	8.36	2.8443628460518173
185	4	8.4	2.6172504656604776
186	4	8.505	3.0479460297059022
187	4	8.71	2.732379915019138
188	4	8.375	2.960468712889903
189	4	8.34	2.766658634526492
190	4	8.285	2.8467130167967434
191	4	7.955	2.946688819675401
192	4	7.89	2.9065271373238537
193	4	8.24	2.653752060762272
194	4	8.41	2.8145870034518388
195	4	8.12	2.911288374586071
196	4	8.095	2.8259467440134114
197	4	8.005	2.8661777683877205
198	4	8.105	2.7611546497796877
199	4	8.285	2.7556804967194597
200	4	8.32	2.743647207641681
201	4	8.325	2.6831651085984256
202	4	8.695	2.8726251060658794
203	4	8.38	3.057057408685677
204	4	7.97	2.891210819016834
205	4	7.89	2.877133990623307
206	4	8.18	2.669756543207641
207	4	8.0	2.930870177950569
208	4	7.725	2.9747899085481633
209	4	8.12	2.8294169010592984
210	4	8.17	2.9276441040536314
211	4	8.055	2.6966599711494967
212	4	8.105	2.7738015430091596
213	4	7.93	2.83991197046669
214	4	7.8	2.8583211855912922
215	4	8.235	2.870500827381868
216	4	8.25	2.658477007611689
217	4	8.405	2.8479773524380434
218	4	8.315	2.7650994557158337
219	4	8.375	2.8886631856275664
220	4	8.245	2.726715056620327
221	4	8.33	2.9616042949725765
222	4	7.875	2.8617084058303357
223	4	8.28	2.6667583317578654
224	4	7.96	2.9271829461104715
225	4	8.43	2.743191571873902
226	4	7.81	2.7899641574758642
227	4	8.165	2.7253944668616317
228	4	7.925	2.9324690961713498
229	4	8.495	2.6702013032728424
230	4	8.39	2.954301948007346
231	4	7.965	2.7356489175330965
232	4	7.9	2.8000000000000003
233	4	7.875	2.9781495932877515
234	4	8.295	2.790694358040664
235	4	7.815	2.7768282265923467
236	4	7.95	2.852630365119182
237	4	7.71	2.7777508887587468
238	4	8.165	2.8049554363661446
239	4	8.135	2.7994240479069994
240	4	8.75	2.75816968296006
241	4	8.6	2.844292530665579
242	4	8.155	2.9497415140991587
243	4	7.825	2.9007542122696295
244	4	8.45	2.714313909627993
245	4	8.365	2.803885696671676
246	4	8.74	2.803997146931502
247	4	8.61	2.9134000755131444
248	4	8.5	2.7658633371878665
249	4	8.18	2.82623424365356
250	4	7.975	2.9127950494327624
251	4	8.125	2.799888390632741
252	4	8.195	2.826123670330086
253	4	8.165	2.808518292623353
254	4	8.195	2.8402420671485022
255	4	7.81	2.761141068471514
256	4	7.79	2.9199143823064397
257	4	8.4	2.7110883423451906
258	4	8.745	2.961414358039077
259	4	8.245	2.9723685841429552
260	4	7.905	2.824176871231686
261	4	8.025	2.825663638864327
262	4	8.145	2.8885939486192935
263	4	8.005	2.9317187791464616
264	4	7.795	2.9296714832895527
265	4	7.74	2.8359125515431565
266	4	7.705	2.808553898361219
267	4	7.85	2.8683619018526927
268	4	7.905	2.980935255922208
269	4	8.105	2.795348815443252
270	4	7.86	2.9530323398161418
271	4	7.985	2.754047022111278
272	4	7.89	2.806759697587237
273	4	7.96	2.8387321113483015
274	4	7.915	2.899616353933741
275	4	7.955	2.613995983164473
276	4	7.835	2.8350970001042306
277	4	7.995	2.8661777683877223
278	4	7.545	2.952621716373435
279	4	8.4	2.782085548648709
280	4	8.225	2.83626074259755
281	4	8.44	2.6393938698117796
282	4	8.185	2.8897707521531877
283	4	8.17	2.7424623971897955
284	4	8.295	2.8067730581577117
285	4	8.29	2.9488811437560525
286	4	8.33	2.676023168808522
287	4	7.93	2.781204774913203
288	4	8.03	2.7747252116200642
289	4	7.935	2.830331252698171
290	4	8.415	2.820066488577885
291	4	8.27	2.894322027694913
292	4	8.205	2.830719873106487
293	4	8.26	2.77351762208211
294	4	8.3	2.8284271247461903
295	4	7.97	2.760271725754548
296	4	8.2	2.861817604250839
297	4	7.77	2.9354897376758093
298	4	7.93	2.930034129494057
299	4	8.08	2.85369935347086
300	4	8.24	2.7152163818009076
301	4	7.65	2.8120277381277723
302	4	8.055	2.786032124725055
303	4	8.05	2.9098969053902923
304	4	7.995	2.9197559829547437
305	4	8.045	2.7969581691544834
306	4	8.285	2.742950054229936
307	4	8.385	2.840206858663641
308	4	8.02	2.8930260973589568
309	4	8.34	2.8765256821380887
310	4	8.58	2.6858145877926853
311	4	8.295	2.982947367956732
312	4	8.295	2.8227601740140793
313	4	8.37	2.7754459101196676
314	4	8.18	2.8049242414011846
315	4	8.31	2.804264609483207
316	4	8.135	2.763471548614172
317	4	7.73	2.868292174796705
318	4	7.915	2.794239610341245
319	4	7.76	2.8587409816211062
320	4	8.03	2.7675079042344235
321	4	8.1	2.8548204847240366
322	4	8.305	2.58495164364829
323	4	8.31	2.86947730431868
324	4	8.085	2.835097000104227
325	4	8.04	2.906613149354417
326	4	7.68	2.8648909228799635
327	4	8.02	2.776616646208113
328	4	8.195	2.7178990047461284
329	4	7.99	2.821329473847391
330	4	8.12	2.820567318820809
331	4	8.23	2.680876722268296
332	4	8.0	2.9137604568666933
333	4	8.18	2.778056874867757
334	4	8.12	2.7010368379568623
335	4	8.245	2.8748869542992463
336	4	8.285	2.864223280402561
337	4	8.285	2.841438896052493
338	4	8.18	2.8526478927480707
339	4	8.29	2.8099644125860372
340	4	7.945	2.941423974880193
341	4	8.095	2.868096058363458
342	4	8.255	2.7477217835872665
343	4	8.355	2.8511357386136487
344	4	7.97	2.9221738483533084
345	4	8.01	2.906871170175932
346	4	8.31	2.9041177662071487
347	4	8.215	2.675588720263265
348	4	8.18	2.794208295743181
349	4	8.19	2.867734297315567
350	4	8.455	2.845694115677228
351	4	8.32	2.686559137633117
352	4	8.27	2.8083981199253056
353	4	8.3	2.8407745422683597
354	4	8.385	2.633775806707927
355	4	8.375	2.95031777949427
356	4	8.555	2.8367190555287642
357	4	8.125	3.039634024023287
358	4	7.85	2.870104527713231
359	4	8.075	2.7783763244024375
360	4	7.85	2.8508770580296847
361	4	7.74	2.8883213117657127
362	4	8.115	2.8038856966716756
363	4	8.3	2.753179979587241
364	4	8.0	2.9664793948382653
365	4	7.615	2.876938476922995
366	4	7.965	2.827326475665659
367	4	8.025	2.8079129260003755
368	4	8.365	2.7021796757432717
369	4	7.95	2.989565185775349
370	4	7.815	2.8320972794026704
371	4	8.635	2.596492826872434
372	4	8.555	3.0342997544738393
373	4	8.01	2.942770803171731
374	4	8.1	2.807133769523637
375	4	8.07	2.6805036840116454
376	4	8.19	2.7575169990409867
377	4	8.04	2.9340074982862614
378	4	8.06	2.952354992205376
379	4	8.375	2.8168022649806286
380	4	8.265	2.79191242699337
381	4	7.825	2.815026642857934
382	4	8.085	2.7473214227679996
383	4	7.98	2.9899163867907763
384	4	7.8	2.796426290821915
385	4	8.19	2.7701804995342822
386	4	8.255	2.742257281875644
387	4	8.0	2.894822965226026
388	4	7.835	2.7996026503773734
389	4	8.055	2.72433019290981
390	4	7.895	2.7971369290758745
391	4	8.52	2.6663833182796486
392	4	8.275	2.991550601276869
393	4	8.27	2.785157087131709
394	4	8.785	2.531555845720177
395	4	9.115	3.164138903398523
396	4	9.01	2.8844236859379726
397	4	8.485	2.8354496997830876
398	4	8.725	2.5921757270678984
399	4	9.28	2.7661525626761807
400	4	9.435	3.302389286562079
1	39	52.03	6.777101150196886
2	39	44.7	2.705549851693735
3	35	41.985	2.5307656944094994
4	33	39.765	2.338755010684103
5	32	38.285	2.6690400896202355
6	32	36.7	2.5159491250818244
7	30	35.21	2.5329626921847854
8	28	33.95	2.3339880033967626
9	27	32.73	2.487388188441843
10	25	31.735	2.4667336702611413
11	26	30.625	2.402992925499366
12	21	30.0	2.8035691537752374
13	19	28.535	3.052666866855928
14	19	26.695	3.0053244417200617
15	18	25.3	2.966479394838266
16	17	23.595	2.6834632473726945
17	18	22.75	2.386943652456002
18	18	22.34	2.4298971171636055
19	17	22.065	2.486116449404574
20	17	21.82	2.5194443831924533
21	16	21.26	2.5460557731518785
22	15	20.755	2.8293064521186095
23	15	20.08	2.5423611073173698
24	13	19.61	2.5175186195935084
25	15	18.85	2.342541355024496
26	15	18.99	2.624861901129276
27	15	18.895	2.5581194264537377
28	14	18.605	2.4897740861371345
29	14	18.445	2.5469540631899887
30	13	18.395	2.6868150289887835
31	14	18.15	2.5705057868053887
32	13	17.845	2.5672894266132156
33	13	17.435	2.4951502960743652
34	12	16.98	2.5376366958254684
35	11	16.66	2.400916491675626
36	11	16.43	2.5524693925686956
37	12	16.475	2.5591746716470904
38	12	15.93	2.4667995459704466
39	12	15.435	2.460848430927835
40	10	15.45	2.5253712598348788
41	10	15.11	2.372319540028281
42	10	15.28	2.5261828912412505
43	10	14.88	2.5329034723020953
44	10	14.845	2.5536199795584316
45	10	14.435	2.654387876705286
46	10	14.825	2.5892807881726543
47	10	14.74	2.5064716236175504
48	10	14.675	2.6794355748925938
49	10	14.54	2.6226703948456818
50	10	14.585	2.5343194352725162
51	10	14.335	2.7189657960334848
52	10	13.655	2.558510308753904
53	10	13.095	2.53495068985572
54	10	13.045	2.6235424524867135
55	10	13.16	2.5188092424794695
56	10	13.085	2.5174937934382284
57	10	12.91	2.524262268465781
58	10	13.31	2.665314240385175
59	10	13.17	2.7039045841153504
60	10	13.295	2.49158082349339
61	10	12.855	2.438026866135809
62	10	13.175	2.654124149319322
63	10	13.19	2.530592815922784
64	10	13.145	2.6065254650587995
65	10	13.34	2.522776248500846
66	10	13.47	2.597903000498671
67	10	13.23	2.5351725779520424
68	10	13.43	2.650490520639529
69	10	13.22	2.602229813064171
70	10	13.235	2.555342442804877
71	10	13.49	2.641950037377694
72	10	13.235	2.485915324382549
73	10	13.195	2.5955683385339703
74	10	13.235	2.501954236192181
75	10	13.115	2.644196475302089
76	10	13.32	2.6072207424765543
77	10	13.655	2.5837908197065786
78	10	13.51	2.59420508055936
79	10	13.2	2.4718414188616564
80	10	13.645	2.555185903217221
81	10	13.49	2.580678205433602
82	10	13.475	2.4595477226514615
83	10	13.16	2.627622499523095
84	10	13.505	2.6172456896516207
85	10	13.375	2.4422069936841964
86	10	13.18	2.597614290074644
87	10	13.115	2.5537766151329673
88	10	13.255	2.734954295778999
89	10	13.265	2.552405727935903
90	10	13.255	2.6795475364322243
91	10	13.11	2.451101793071841
92	10	13.1	2.594224354214568
93	10	13.045	2.6463134734947786
94	10	13.23	2.6808767222682954
95	10	13.06	2.622289076360574
96	10	13.375	2.5640544065990487
97	10	13.46	2.5687350972803724
98	10	13.1	2.5670995305986857
99	10	13.19	2.5404527155607526
100	10	13.575	2.4828159416275724
101	10	13.595	2.5457759131549675
102	10	13.35	2.70138853184802
103	10	12.985	2.54062492312423
104	10	13.21	2.6487544242530316
105	10	13.445	2.616672505301341
106	10	13.44	2.562498780487513
107	10	13.325	2.603723295590374
108	10	13.25	2.6865405264019375
109	10	13.45	2.5840859118845105
110	10	13.245	2.542631510856419
111	10	13.41	2.696646065022251
112	10	13.385	2.607062523224174
113	10	12.88	2.5933761778808733
114	10	13.48	2.6171740484728954
115	10	13.15	2.652828678976461
116	10	13.235	2.6626631405418135
117	10	13.38	2.5740240869113853
118	10	13.005	2.4667742093673697
119	10	13.47	2.645581221584398
120	10	13.23	2.5312249998765415
121	10	13.105	2.669077556010689
122	10	12.98	2.6133503400807174
123	10	13.41	2.5733052675498875
124	10	12.845	2.5982638434154457
125	10	12.955	2.6005720524530758
126	10	13.045	2.5383015975254013
127	10	13.45	2.595669470483482
128	10	13.48	2.6588719412562924
129	10	13.18	2.5956887332652183
130	10	13.395	2.6113167176732888
131	10	13.04	2.6829834140374422
132	10	13.25	2.56661255354212
133	10	13.18	2.6939933184772364
134	10	13.755	2.570014591398266
135	10	13.625	2.685958860444441
136	10	13.8	2.6248809496813394
137	10	13.71	2.6881034206294983
138	10	13.035	2.4584090383823445
139	10	12.86	2.455687276507335
140	10	13.27	2.756283729952343
141	10	13.44	2.599307600111997
142	10	13.12	2.618320072107307
143	10	13.495	2.6907201638223155
144	10	13.18	2.5744125543509915
145	10	13.07	2.6749018673588747
146	10	13.3	2.7276363393971725
147	10	13.365	2.7095709992543107
148	10	13.115	2.6460867332723605
149	10	13.28	2.6891634386924133
150	10	12.95	2.5724501938813145
151	10	13.225	2.6747663449355707
152	10	13.135	2.699402711712352
153	10	13.21	2.5934340168972874
154	10	13.125	2.6075611210477887
155	10	13.135	2.6089796856242486
156	10	13.21	2.499179865475873
157	10	13.125	2.6961778502168583
158	10	12.975	2.488850136107034
159	10	13.465	2.576582038282499
160	10	13.015	2.5208679060990073
161	10	13.075	2.664465237153602
162	10	13.035	2.617971543008061
163	10	13.585	2.636811521516093
164	10	13.16	2.633324894501247
165	10	13.35	2.558808316384797
166	10	13.21	2.4384216206390565
167	10	13.605	2.7475398086288014
168	10	13.385	2.5645223726846273
169	10	13.52	2.6663833182796517
170	10	13.455	2.6415856980230634
171	10	13.535	2.6699765916576883
172	10	13.2	2.6115129714401206
173	10	12.945	2.594604979568183
174	10	13.235	2.5198759890121565
175	10	13.275	2.6342693484152298
176	10	13.36	2.5691243644479327
177	10	13.11	2.5254504548693872
178	10	13.33	2.662911939963467
179	10	13.22	2.6441633837567595
180	10	13.425	2.7503408879627993
181	10	13.195	2.605182335269452
182	10	13.285	2.5166992271624364
183	10	13.13	2.5046157389907147
184	10	13.395	2.5571419592975277
185	10	13.31	2.698870133963471
186	10	13.26	2.542125095269704
187	10	13.355	2.5843712968534533
188	10	13.525	2.6247618939629542
189	10	13.32	2.6282313444596146
190	10	13.395	2.563001170503048
191	10	13.44	2.589671793876589
192	10	13.47	2.6493584128992445
193	9	12.98	2.651339284210906
194	9	13.68	2.605302285724249
195	10	13.37	2.61784262323005
196	10	13.455	2.635901174171746
197	10	13.42	2.5364542179980307
198	10	13.31	2.490762935327246
199	10	13.34	2.556247249387275
200	10	13.485	2.638138548294991
201	10	13.425	2.4988747467610306
202	10	13.305	2.6309646519860364
203	10	13.02	2.70547592855675
204	10	13.31	2.6332299557767462
205	10	13.225	2.5385773574976986
206	10	13.17	2.549725475418874
207	10	13.385	2.578134015135753
208	10	13.155	2.6964745502229395
209	10	13.32	2.550999803998423
210	10	13.385	2.5272069563057142
211	10	13.085	2.529382335670115
212	10	13.44	2.6601503716895385
213	10	13.49	2.6832629390352336
214	10	13.525	2.527721305840499
215	10	13.555	2.6071008802882925
216	10	13.175	2.644688072344262
217	10	13.415	2.548092423755467
218	10	13.13	2.524499950485246
219	10	13.245	2.536725251185078
220	10	13.205	2.5618304003192707
221	10	13.145	2.5930628607883754
222	10	13.125	2.7109730725331818
223	10	13.34	2.610440575841558
224	10	12.97	2.6961268516151082
225	10	13.56	2.542911716910361
226	10	13.45	2.6052830940226057
227	10	13.18	2.6072207424765543
228	10	13.27	2.5606835025047516
229	10	13.055	2.567484177166433
230	10	13.365	2.623313744103058
231	10	13.395	2.5668998811796286
232	10	13.305	2.6611980384781604
233	10	13.31	2.5949759151098117
234	10	13.455	2.593834034783256
235	10	13.225	2.62571418855899
236	10	12.965	2.5697811190838804
237	10	13.39	2.6921924151144925
238	10	13.315	2.57794006912496
239	10	13.21	2.660056390379725
240	10	13.53	2.5058132412452463
241	10	13.4	2.6153393661244038
242	10	13.25	2.641495788374458
243	10	13.305	2.565536006373718
244	10	13.275	2.5998798049140643
245	10	13.305	2.437616663874779
246	10	13.385	2.5429854502139784
247	10	13.415	2.6519379706169626
248	10	13.045	2.5928700314516346
249	10	12.84	2.5484112697914356
250	10	12.98	2.561171606901811
251	10	13.525	2.745792235403108
252	10	13.24	2.5966131787387967
253	10	13.34	2.6027677575995916
254	10	13.195	2.628112440516957
255	10	12.95	2.5431279952059054
256	10	13.635	2.555733749826066
257	10	13.41	2.7607788756073868
258	10	13.125	2.6475224267227655
259	10	13.09	2.4803024009180814
260	10	12.98	2.620992178546133
261	10	13.02	2.7091696144759942
262	10	13.43	2.5090037863662142
263	10	13.505	2.592291457378971
264	10	13.205	2.540270654871248
265	10	13.26	2.5869673364772128
266	10	13.19	2.6784137096423315
267	10	13.0	2.4859605789312105
268	10	13.0	2.543619468395381
269	10	12.96	2.632185403804224
270	10	13.405	2.6136133991086004
271	10	13.145	2.558119426453737
272	10	13.235	2.640033143731343
273	10	13.34	2.7045147439050883
274	10	13.015	2.5854931831277366
275	10	12.995	2.6916491227498462
276	10	13.315	2.682494175203369
277	10	13.555	2.6546139078969637
278	10	13.375	2.669152487213872
279	10	13.35	2.5332785081786806
280	10	12.93	2.674901867358876
281	10	13.29	2.6145554115374967
282	10	13.065	2.5496617422709233
283	10	13.04	2.708948135347004
284	10	13.02	2.4636558201177388
285	10	13.1	2.5199206336708295
286	10	13.095	2.548720267114459
287	10	13.5	2.543619468395381
288	10	13.21	2.6240998456613664
289	10	12.86	2.5807750773750144
290	10	13.02	2.723894271075881
291	10	13.155	2.4619047503914544
292	10	13.805	2.673382688654955
293	10	12.955	2.4885688658343375
294	10	12.98	2.5883585532147597
295	10	13.065	2.5398375932330803
296	10	13.33	2.625090474631302
297	10	13.28	2.5063120316512886
298	10	13.33	2.492207856499934
299	10	13.165	2.5705592776670203
300	10	13.42	2.3861265683110777
301	10	13.645	2.7710963534312567
302	10	13.545	2.6735697110791774
303	10	13.215	2.5196775587364364
304	10	13.115	2.5360944383046924
305	10	13.005	2.6334340698031573
306	10	13.52	2.6343120544081335
307	10	13.335	2.452096042164743
308	10	13.3	2.6438608132804577
309	10	13.03	2.5921226822818397
310	10	13.345	2.566315452160937
311	10	13.465	2.6662286098532513
312	10	13.12	2.423963696097781
313	10	13.205	2.7005508697301006
314	10	13.135	2.5897441958618237
315	10	13.085	2.614913956519413
316	10	13.27	2.580135655348376
317	10	13.205	2.598648687298843
318	10	13.08	2.470546498246896
319	10	13.215	2.543378658399101
320	10	13.09	2.5301976207403247
321	10	13.235	2.4999549995949923
322	10	13.315	2.530963255363461
323	10	13.015	2.6390860160290326
324	10	13.01	2.6038241108031857
325	10	13.195	2.6546139078969637
326	10	13.135	2.5993797337057165
327	10	13.195	2.6395027940883096
328	10	13.1	2.507987240796889
329	10	13.355	2.5551859032172195
330	10	13.195	2.4386420401526734
331	10	13.665	2.5656919144745354
332	10	13.175	2.6008412100703113
333	10	12.955	2.7464477056736407
334	10	13.32	2.562732916243906
335	10	13.065	2.600149034190157
336	10	13.23	2.6109576787071824
337	10	13.095	2.5702091354596024
338	10	13.19	2.5678590303986715
339	10	13.3	2.5845695966640183
340	10	13.425	2.596993453977119
341	10	13.335	2.5145128752901633
342	10	13.155	2.6307746007592527
343	10	13.605	2.5998028771428032
344	10	13.47	2.613254675687005
345	10	13.1	2.6172504656604785
346	10	13.25	2.4672859582950655
347	10	13.07	2.3843447737271553
348	10	13.27	2.4793345881506195
349	10	12.68	2.3785709995709605
350	10	13.155	2.506187343356439
351	10	13.01	2.6813988886400315
352	10	13.065	2.549661742270924
353	10	13.2	2.5079872407968917
354	10	13.01	2.617231361572759
355	10	13.415	2.5402312886821963
356	10	13.19	2.552234315261826
357	10	13.235	2.6152963503205515
358	10	13.195	2.556750867800771
359	10	13.31	2.5988266583210216
360	10	13.08	2.869425029513752
361	10	13.365	2.598417787808575
362	10	13.015	2.573863827011832
363	10	13.1	2.4454038521274963
364	10	13.295	2.5686523704074866
365	10	13.0	2.6210684844162313
366	10	13.495	2.4596696932718416
367	10	13.27	2.5898069426117463
368	10	13.125	2.495871591248236
369	10	13.235	2.582590753487667
370	10	13.275	2.699884256778427
371	10	13.29	2.5701945451657955
372	10	13.38	2.6278508329050934
373	10	13.385	2.652692028864261
374	10	13.06	2.6393938698117796
375	10	13.145	2.524673246184543
376	10	13.24	2.53227170738055
377	10	13.41	2.494373668879624
378	10	13.395	2.806951193020639
379	10	13.065	2.7351005465978764
380	10	13.455	2.4490763565066715
381	10	13.285	2.4887295955969186
382	10	13.35	2.6584770076116877
383	10	13.28	2.5261828912412505
384	10	13.155	2.5536199795584316
385	10	13.09	2.584937136566381
386	10	13.165	2.624457086713364
387	10	13.25	2.5685599078082646
388	10	13.4	2.673948391424187
389	10	12.99	2.5592772417227483
390	10	13.465	2.584332602433363
391	10	13.43	2.6972393293884758
392	10	13.11	2.7070094200057744
393	10	12.905	2.6011487846718784
394	10	12.89	2.5075685434300676
395	10	13.14	2.59237342989007
396	10	13.255	2.679547536432224
397	10	13.15	2.5607616054603755
398	10	13.2	2.6570660511172863
399	10	13.12	2.5681900241220497
400	10	13.16	2.748526878165828
1	36	51.68	7.155249820935676
2	35	44.37	2.8165759354222986
3	34	41.6	2.5159491250818258
4	34	39.48	2.433022811237084
5	30	37.93	2.764977395929305
6	29	35.475	2.7621323284737818
7	27	33.185	2.451688193877843
8	26	31.955	2.571570531795695
9	24	30.89	2.5588864765753074
10	23	29.615	2.781505887105038
11	21	28.235	2.74039686906842
12	20	26.76	2.9038595007334638
13	18	25.475	2.699884256778426
14	17	24.345	2.6317247196467943
15	17	23.595	2.5497009628581937
16	17	22.92	2.6483202223296187
17	16	22.405	2.746083574838902
18	12	21.5	2.6057628441590768
19	14	21.265	2.5912882896351004
20	14	20.54	2.513642774938396
21	15	20.225	2.5247524631139577
22	13	19.83	2.6212783141055445
23	12	19.625	2.5660037022576563
24	12	18.925	2.8808635858020093
25	12	18.47	2.806973459083644
26	9	17.8	2.774887385102323
27	10	17.375	2.9806668716916356
28	9	16.395	2.873843245551156
29	10	16.05	2.8822734082664696
30	10	15.86	2.7839540226088517
31	10	15.145	2.4543787401295662
32	9	15.025	2.836260742597548
33	9	14.735	2.843373876225215
34	7	14.125	2.5902461273014192
35	9	13.805	2.7289146194045717
36	7	13.26	2.606223321206378
37	7	13.15	2.5860201081971494
38	7	12.8	2.5416530054277686
39	7	12.81	2.762951320599045
40	7	12.96	2.5036772954995623
41	8	12.88	2.4669008897805385
42	8	12.62	2.5817823300967873
43	8	12.735	2.400994585583234
44	8	12.51	2.6038241108031857
45	8	12.735	2.5680294001432316
46	7	12.415	2.739119384035681
47	7	12.305	2.664953095272035
48	7	11.95	2.599519186311193
49	6	11.55	2.7527259217001623
50	6	11.565	2.766907118065222
51	6	11.515	2.891327549759798
52	6	11.34	2.855591007129696
53	6	10.68	2.8209218351453833
54	5	10.465	2.62274188588965
55	6	10.295	2.6168635807011413
56	6	10.665	2.6930976588308115
57	6	10.22	2.8216307341677433
58	6	10.03	2.716449889101584
59	6	9.845	2.6853258647694886
60	6	9.7	2.6381811916545836
61	6	9.64	2.729542086138261
62	6	9.615	2.710493497501884
63	6	9.565	2.6487308281514754
64	6	9.705	2.652918204543819
65	6	9.945	2.760792458697321
66	6	9.475	2.743970663108478
67	6	9.79	2.574082360764706
68	5	9.41	2.7407845592092763
69	5	9.84	2.7412405950591054
70	5	9.61	2.719908086682341
71	5	9.845	2.6059499227728837
72	5	9.725	2.636166724621186
73	5	9.55	2.645278813282259
74	5	9.28	2.6928794997177277
75	5	9.7	2.679552201394853
76	5	9.745	2.690720163822318
77	5	9.5	2.72213151776324
78	5	9.355	2.8105115192790078
79	5	9.475	2.688749709437453
80	5	10.12	2.3655020608741832
81	5	10.33	2.8967395464556356
82	5	10.075	2.901615929098819
83	5	9.97	2.8808158566628315
84	5	9.585	2.9022017503957254
85	5	9.64	2.792919619323121
86	5	9.49	2.8053342046893444
87	4	9.285	2.8042423219115724
88	4	9.215	2.7818653813583447
89	3	8.98	2.8336548837146713
90	4	9.285	2.678390374833362
91	4	9.355	2.8807941613381534
92	4	9.245	2.892226650869533
93	4	9.045	2.6782410272415738
94	5	8.67	2.8091101793984534
95	5	8.935	2.800138389437206
96	4	9.01	2.722113149742309
97	4	8.61	2.760054347291008
98	4	8.785	2.8581068909332292
99	4	8.535	2.7420384752953417
100	4	8.9	2.8178005607210745
101	4	9.015	2.5893580285468443
102	4	9.085	2.6810026109647844
103	4	9.0	2.814249455894058
104	4	9.035	2.820243783788911
105	4	8.77	2.5898069426117445
106	4	8.94	2.8260219390514276
107	4	8.91	2.7095940655382305
108	4	9.09	2.657423564281767
109	3	8.715	2.80067402601588
110	3	8.84	2.73576314764272
111	3	9.01	2.742243606975864
112	3	8.65	2.7870235018743554
113	3	8.705	2.92369201524374
114	3	9.325	2.655065912552833
115	3	9.14	2.9172589874743724
116	3	8.905	2.8383049519035133
117	3	8.92	2.6596240335806867
118	4	8.965	2.7264950027461996
119	4	8.71	2.7831457022585093
120	4	8.8	2.7294688127912377
121	4	8.84	2.79721289858316
122	4	8.99	2.7349405843637626
123	4	8.825	2.8185767685127905
124	4	9.01	2.703682673687872
125	4	8.86	2.7037751385793913
126	3	8.615	2.678950354149924
127	3	8.7	2.756809750418044
128	3	8.74	2.9295733477760906
129	3	8.64	2.6963679274164365
130	3	8.79	2.6713105397912846
131	3	8.405	2.9276227557525254
132	3	8.78	2.79671235560613
133	3	8.725	2.8964417826015403
134	3	8.59	2.787812762722775
135	3	8.565	2.902718553356492
136	3	8.37	2.8059044887522435
137	3	9.015	2.755861934132406
138	3	8.96	2.9305972087613816
139	3	8.655	2.8523630554331603
140	3	8.805	3.0425277320017954
141	3	8.365	3.0449589488201645
142	3	8.47	2.723802489168405
143	0	8.505	3.148011276981069
