200 50 100 0.4 33
1	40	56.4	7.204859471218021
2	38	46.735	3.2961758144856295
3	33	42.48	2.8512453419514774
4	32	39.32	2.6697565432076376
5	30	36.8	2.410394158638791
6	29	34.545	2.192709511084403
7	28	32.56	2.0288913228657632
8	26	31.42	2.3417087777945422
9	25	29.77	2.084970023765329
10	24	28.07	1.8452913049163813
11	24	27.08	1.8529975715040752
12	23	25.905	1.6204860381996522
13	22	25.565	1.8209269617422863
14	22	24.84	1.8906083676954364
15	20	23.865	1.9991935874246904
16	19	22.925	2.1399474292608227
17	19	21.795	2.081579928804082
18	19	20.8	1.865475810617763
19	18	20.485	2.0856114211424903
20	18	19.975	1.8612831595434391
21	17	20.07	2.1342680244055576
22	16	19.445	2.301515804855574
23	15	19.24	2.4088171371027727
24	15	18.305	1.980397687334544
25	15	18.085	2.141909195087412
26	14	17.6	2.284731931759174
27	14	16.855	2.1386853438502826
28	14	16.63	2.3028460651984504
29	14	16.355	2.224629182583018
30	14	16.325	2.2134531845060574
31	12	15.795	2.214266244154032
32	12	15.385	2.2992988061580864
33	12	14.9	2.088061301782106
34	12	14.59	2.486342695607344
35	11	13.14	2.0421557237390138
36	11	13.45	2.359555042799381
37	11	13.29	2.266252413126126
38	11	13.35	2.416091885669913
39	10	12.845	2.265165556863338
40	10	12.445	2.3488241739219236
41	10	12.74	2.47232683923465
42	10	12.255	2.325935295746637
43	10	12.17	2.6478481829591374
44	10	11.625	2.460563959745814
45	10	11.64	2.6192365299834974
46	10	11.47	2.349276484367049
47	10	11.63	2.4986196189096055
48	10	11.855	2.629443857548589
49	10	11.53	2.4102074599502843
50	10	11.54	2.368206072114499
51	10	12.0	2.6551836094703507
52	10	11.755	2.618200718050469
53	10	11.72	2.594532713226024
54	10	11.59	2.4519176168868313
55	10	11.26	2.2366045694310785
56	10	12.01	2.668314074467248
57	10	11.715	2.5463257843410387
58	10	11.73	2.597518046135577
59	10	11.745	2.6683281282480964
60	10	11.67	2.4537929823031144
61	10	11.77	2.5173597279689672
62	10	11.65	2.5214083366245936
63	10	11.68	2.5234103907212573
64	10	11.52	2.404079865561873
65	10	11.53	2.4736814669637637
66	10	11.675	2.4656388624451853
67	10	11.56	2.519206224190469
68	10	11.56	2.3804201309852826
69	10	11.3	2.3000000000000043
70	10	11.635	2.4334697450348557
71	10	11.375	2.386288959870535
72	10	11.925	2.664465237153606
73	10	11.56	2.4711131095115824
74	10	11.68	2.4367191056828856
75	10	11.9	2.657066051117281
76	10	11.81	2.5891890622355125
77	10	11.27	2.452977782206761
78	10	11.67	2.5399015728960848
79	10	11.385	2.422142646501231
80	10	11.74	2.6023835228497703
81	10	11.725	2.5098555735340646
82	10	11.785	2.511727493180739
83	10	11.76	2.5558560209839656
84	10	11.825	2.63901023112833
85	10	11.725	2.5197966187770016
86	10	11.42	2.3777300099044023
87	10	11.64	2.422890835345251
88	10	11.885	2.653634300351126
89	10	11.82	2.589903473104744
90	10	11.485	2.433058774464769
91	10	11.68	2.5015195382007325
92	10	11.19	2.133986879059946
93	10	11.405	2.387671459811837
94	10	11.315	2.314254739651625
95	10	11.585	2.5303705262273355
96	10	11.87	2.565755249434366
97	10	11.59	2.5063718798294876
98	10	11.545	2.467382216033827
99	10	11.5	2.3916521486202797
100	10	11.83	2.526083925763352
101	10	11.675	2.5375923628510524
102	10	11.355	2.1491800762151105
103	10	11.515	2.483903178467308
104	10	11.675	2.5728146066127637
105	10	11.615	2.5527974851131416
106	10	11.58	2.42561332450166
107	10	11.795	2.552053095058958
108	10	12.155	2.8073074288363933
109	10	11.79	2.5972870461310205
110	10	11.855	2.7025867238629027
111	10	11.61	2.523469833384183
112	10	11.61	2.5802906812992985
113	10	11.85	2.5821502667350686
114	10	11.7	2.467792535850614
115	10	11.795	2.6782410272415755
116	10	11.63	2.3985620692406484
117	10	11.745	2.5826294740051248
118	10	11.76	2.555856020983965
119	10	11.865	2.712337552739333
120	10	11.965	2.7755675095374674
121	10	11.745	2.5258612392607778
122	10	11.735	2.510931102200935
123	10	11.63	2.615931956301613
124	10	11.615	2.5033527518110548
125	10	11.96	2.6997036874442326
126	10	11.585	2.5695865426173152
127	10	11.695	2.4943887026684535
128	10	11.475	2.3936112884092102
129	10	11.535	2.559057443669445
130	10	11.765	2.59032333889034
131	10	11.74	2.5362176562747902
132	10	11.725	2.4858348698173836
133	10	11.6	2.4859605789312065
134	10	11.98	2.5786818338057906
135	10	11.675	2.67196089043234
136	10	11.55	2.426417111710186
137	10	11.325	2.3472057856097766
138	10	11.335	2.2074362957965525
139	10	11.73	2.6186064996482354
140	10	11.685	2.394947807364497
141	10	12.02	2.854750426920018
142	10	11.675	2.641850677082258
143	10	11.69	2.540452715560751
144	10	11.73	2.5936653600647857
145	10	11.635	2.4640971977582393
146	10	11.85	2.6358110706194364
147	10	11.88	2.6010767001378503
148	10	11.745	2.4879660367456777
149	10	11.45	2.325403190846695
150	10	11.535	2.5668609233848247
151	10	11.85	2.448979379251691
152	10	11.9	2.563201123595257
153	10	11.425	2.3925666134927157
154	10	11.72	2.536059936200245
155	10	11.52	2.381092186371623
156	10	11.75	2.6603571188846056
157	10	11.55	2.4591665254715864
158	10	11.86	2.643936459145718
159	10	11.55	2.554897258208241
160	10	11.98	2.734885738015391
161	10	11.855	2.55811942645374
162	10	12.12	2.717646040234087
163	10	11.87	2.627375115966506
164	10	11.63	2.454200480808359
165	10	11.73	2.5743154429867348
166	10	11.8	2.649528259898355
167	10	11.62	2.428085665704569
168	10	11.78	2.611819289307744
169	10	11.615	2.5586666449539646
170	10	11.595	2.5536199795584293
171	10	11.815	2.747867354877237
172	10	11.465	2.4307971943376896
173	10	11.535	2.5117274931807385
174	10	11.585	2.3901412092175662
175	10	11.945	2.7169790208980245
176	10	11.45	2.374342014116751
177	10	11.59	2.5301976207403243
178	10	11.68	2.52934774200781
179	10	11.66	2.5796123739817927
180	10	11.675	2.6152198760333683
181	10	11.86	2.46381817510952
182	10	11.735	2.5208679060990087
183	10	11.62	2.521031534907883
184	10	11.525	2.418548118189915
185	10	11.62	2.417767565337909
186	10	11.57	2.4052234823400545
187	10	11.69	2.4807055447997026
188	10	11.995	2.7395209435227925
189	10	11.75	2.5194245374688244
190	10	11.5	2.5079872407968904
191	10	11.33	2.28278338876031
192	10	11.545	2.4875640695266523
193	10	11.195	2.17875537865085
194	10	11.305	2.1799025207563782
195	10	12.06	2.7652124692327003
196	10	11.785	2.595915060243689
197	10	11.81	2.6045920985828124
198	10	11.615	2.5370800145048604
199	10	11.535	2.412213713583437
200	10	11.84	2.6446927987953543
201	10	11.39	2.3125527021021584
202	10	12.0	2.6324893162176366
203	10	11.695	2.4983944844639727
204	10	11.62	2.530928683309744
205	10	11.535	2.372503951524632
206	10	11.285	2.1985847720749794
207	10	11.725	2.543496609001082
208	10	11.85	2.6490564357899187
209	10	11.685	2.456781431059753
210	10	11.43	2.4238605570453116
211	10	11.595	2.4476468290993285
212	10	11.54	2.560937328401453
213	10	11.73	2.428394531372526
214	10	12.045	2.8183284052785633
215	10	11.61	2.582227720399578
216	10	11.49	2.368522746354782
217	10	11.765	2.5297776582142553
218	10	11.66	2.4888551585015914
219	10	11.69	2.6007498918581144
220	10	11.65	2.4448926356795306
221	10	11.67	2.54383568651751
222	10	11.565	2.438395989169928
223	10	11.745	2.547542933887474
224	10	11.675	2.4019523309174953
225	10	11.86	2.5904439773907493
226	10	11.67	2.5300395253829557
227	10	11.675	2.609477917132081
228	10	11.65	2.4428467000612217
229	10	11.715	2.4887295955969195
230	10	11.605	2.639881626134022
231	10	11.52	2.4123847122712405
232	10	11.58	2.5285569006846567
233	10	11.425	2.3925666134927144
234	10	11.745	2.653295121165378
235	10	11.63	2.546193236971613
236	10	11.465	2.340678320487458
237	10	11.6	2.37907545067406
238	10	11.9	2.6400757564888147
239	10	11.59	2.476267352286501
240	10	11.565	2.4608484309278382
241	10	11.845	2.626970688835338
242	10	11.675	2.4615797772974957
243	10	11.715	2.6103208615034306
244	10	11.325	2.35995233002703
245	10	11.525	2.4534414604795396
246	10	11.725	2.5650292395994265
247	10	11.48	2.3429895432971923
248	10	11.695	2.4661660528034197
249	10	11.975	2.6008412100703096
250	10	11.23	2.122993170031402
251	10	11.53	2.4205577869573776
252	10	11.605	2.4594664055440973
253	10	11.625	2.538577357497699
254	10	11.6	2.4392621835300896
255	10	11.66	2.39466072753532
256	10	11.755	2.5544030613824424
257	10	11.62	2.5837182508934657
258	10	11.63	2.5481561961543844
259	10	11.73	2.5213290146270064
260	10	11.45	2.2907422377910596
261	10	11.625	2.5108514492100085
262	10	11.795	2.5025936545911747
263	10	11.585	2.5909023524633277
264	10	11.48	2.4309668858295845
265	10	11.845	2.6666411457112136
266	10	11.755	2.5855318601788677
267	10	11.49	2.404142258686037
268	10	12.085	2.70513862861037
269	10	11.35	2.3059705115200404
270	10	11.585	2.3838571685400987
271	10	11.72	2.5399999999999987
272	10	11.915	2.660408803172923
273	10	11.475	2.4370832977147088
274	10	11.73	2.477317097183966
275	10	11.83	2.6478481829591347
276	10	11.585	2.406818439351005
277	10	11.945	2.666828640914145
278	10	11.515	2.3874201557329595
279	10	11.65	2.465258607124209
280	10	11.685	2.497153379350176
281	10	11.71	2.5011797216513614
282	10	11.71	2.5111551126921614
283	10	11.52	2.3852882425400894
284	10	11.84	2.5796123739817975
285	10	11.77	2.5820728107472095
286	10	11.865	2.5742523186354513
287	10	11.61	2.4714165978240086
288	10	11.42	2.4563387388550435
289	10	11.865	2.525227712504359
290	10	11.795	2.5481316684975304
291	10	11.785	2.7547731304047516
292	10	11.5	2.477902338672773
293	10	11.6	2.5317977802344283
294	10	11.68	2.5860394428546534
295	10	11.655	2.562415852276911
296	10	11.575	2.5326616434099525
297	10	11.845	2.6797341286030623
298	10	11.545	2.4203253913472045
299	10	11.58	2.386126568311077
300	10	11.415	2.377556518781412
301	10	11.77	2.656520280366781
302	10	11.66	2.614268540146551
303	10	11.97	2.5901930429989206
304	10	11.725	2.5296985986476743
305	10	11.7	2.5884358211089595
306	10	11.66	2.4626002517664105
307	10	11.76	2.5401574754333627
308	10	11.875	2.651296852485591
309	10	11.59	2.5694162761218737
310	10	11.61	2.3807351805692285
311	10	11.83	2.6497358358900582
312	10	11.82	2.684697375869395
313	10	11.47	2.497819048690278
314	10	11.705	2.469407823750461
315	10	11.67	2.555601690404827
316	10	11.92	2.6690073060971597
317	10	11.865	2.699402711712354
318	10	11.825	2.5188042798121484
319	10	11.885	2.6780169902373685
320	10	11.825	2.5989180441098934
321	10	11.475	2.349335012296032
322	10	11.725	2.5805764859813807
323	10	11.765	2.6133838217912033
324	10	11.555	2.403533856636927
325	10	12.0	2.831960451701259
326	10	11.85	2.6033632093889603
327	10	11.795	2.663263974899975
328	10	11.66	2.5950722533293713
329	10	11.445	2.344562859042172
330	10	11.535	2.370395536614089
331	10	11.675	2.4636101558485244
332	10	11.505	2.3999947916610154
333	10	11.615	2.680816107083807
334	10	11.63	2.5793603858321124
335	10	11.735	2.5089390187886194
336	10	11.505	2.5218990860064165
337	10	11.515	2.3494201412263402
338	10	11.965	2.802458741890774
339	10	11.995	2.57195936981905
340	10	11.61	2.5055737865806305
341	10	11.525	2.5158249144167373
342	10	11.37	2.367086817165773
343	10	11.99	2.71659713612453
344	10	11.54	2.455280024762955
345	10	11.705	2.5215025282557204
346	10	11.13	2.207509909377528
347	10	11.54	2.4694938752707967
348	10	11.515	2.4144927003410044
349	10	11.685	2.4527076874344416
350	10	11.705	2.5822422427030336
351	10	11.38	2.3206895526976465
352	10	11.46	2.3787391618250204
353	10	11.7	2.4859605789312136
354	10	11.865	2.7779083858183657
355	10	11.84	2.5757329054077007
356	10	11.55	2.448979379251689
357	10	11.985	2.7008841145076925
358	10	11.535	2.3534602184868127
359	10	11.485	2.4412650409162877
360	10	11.45	2.41402154091466
361	10	11.725	2.4615797772974997
362	10	11.54	2.4755605425842404
363	10	11.625	2.520788567095622
364	10	12.185	2.7551361127900775
365	10	11.585	2.4254432584581345
366	10	11.68	2.4995199539111517
367	10	11.44	2.4179330015531804
368	10	11.68	2.580232547659224
369	10	11.595	2.482131140773992
370	10	11.695	2.5420415024149405
371	10	11.62	2.487086649073571
372	10	11.695	2.5361338687064623
373	10	11.95	2.6697378148424997
374	10	11.535	2.3809189402413504
375	10	11.595	2.476080572194693
376	10	11.465	2.3934859514941764
377	10	11.63	2.5657552494343605
378	10	11.455	2.380750931954035
379	10	11.46	2.5314817795117546
380	10	11.915	2.6320666784866953
381	10	11.79	2.5915053540365287
382	10	11.345	2.277273589185104
383	10	11.58	2.556090765211594
384	10	11.585	2.385953687731598
385	10	11.445	2.411840583454886
386	10	11.93	2.7304029006723516
387	10	11.31	2.2480880765663938
388	10	11.83	2.626994480390087
389	10	11.425	2.398827838757922
390	10	11.51	2.3430535631948284
391	10	11.82	2.572469630530166
392	10	11.55	2.4057223447438814
393	10	11.69	2.532567866810284
394	10	11.495	2.5179306980137444
395	10	11.745	2.541648087363787
396	10	11.595	2.383479599241412
397	10	11.62	2.501119749232333
398	10	11.595	2.4209450633998277
399	10	11.625	2.4360572653367574
400	10	11.82	2.682834322130238
1	42	55.865	6.684068745906199
2	42	47.735	2.5719204886621214
3	39	44.925	2.4061120090303354
4	35	42.255	2.0952267180427038
5	35	39.985	2.0529917194182725
6	32	38.04	2.0416659863944457
7	28	36.35	2.194880406764795
8	28	34.655	2.270677211758642
9	21	33.04	2.308332731648539
10	21	31.175	2.790049282718856
11	20	28.57	3.0008498796174408
12	20	25.825	2.839784322796363
13	20	23.765	2.1908388804291383
14	19	22.41	2.069275235438727
15	19	21.895	2.1642492924799575
16	18	21.04	1.8704010265181092
17	16	21.005	2.0383755787391107
18	16	20.485	2.1725043153006642
19	15	20.225	2.3715764798968646
20	15	19.42	2.4502244795120305
21	15	18.675	2.582513310711101
22	15	17.445	2.2264265090049564
23	15	16.73	2.029063823540305
24	15	16.555	2.323139040178177
25	15	16.205	2.1337701375734017
26	15	16.74	2.347850080392699
27	14	16.585	2.4439261445469267
28	14	16.295	2.2108765230107235
29	13	16.38	2.2661862235924057
30	13	16.39	2.282082382386753
31	12	16.06	2.4158642345959755
32	12	15.325	2.3171911876234996
33	12	14.59	2.1217681305929736
34	11	14.55	2.560761605460375
35	11	13.84	2.4747525128788137
36	11	13.625	2.4092270544720353
37	11	13.22	2.4395901295094617
38	11	12.775	2.413374193945065
39	11	12.59	2.34774359758471
40	11	12.835	2.5549510758525265
41	11	12.62	2.340000000000001
42	11	12.78	2.567411147440162
43	11	12.64	2.527924049491993
44	11	12.525	2.319347968718791
45	11	12.635	2.4802772022497814
46	11	12.725	2.447319962734748
47	11	12.915	2.6528805099363204
48	11	12.64	2.4556872765073336
49	11	12.89	2.5705835913270745
50	11	12.645	2.439052069964884
51	11	12.535	2.280082235359066
52	11	12.37	2.261216486761052
53	11	12.75	2.5548972582082436
54	11	12.74	2.4763683086326225
55	11	12.78	2.5182533629482178
56	11	12.88	2.532903472302095
57	11	12.655	2.521105908128415
58	11	12.865	2.4711889850839
59	11	12.83	2.569260594023112
60	11	13.02	2.5883585532147624
61	11	12.515	2.449443814419918
62	11	12.695	2.4943887026684526
63	11	12.79	2.523073522511778
64	11	12.815	2.500154995195299
65	11	12.41	2.2095022063804324
66	11	12.675	2.4288629026768866
67	11	12.78	2.5043162739558293
68	11	12.5	2.3302360395462087
69	11	12.465	2.4287393849484937
70	11	12.755	2.496993191820914
71	11	12.625	2.3652431164681573
72	11	12.66	2.4113066996962425
73	11	12.71	2.513145439484151
74	11	12.655	2.4343325573963797
75	11	12.665	2.408894974879562
76	11	12.48	2.395746230300694
77	11	12.845	2.494188244700069
78	11	13.155	2.6288733328176916
79	11	12.755	2.4929851583994624
80	11	12.715	2.488729595596921
81	11	12.67	2.4435834342211455
82	11	12.905	2.574096929021901
83	11	12.845	2.4619047503914544
84	11	13.095	2.6241141362372145
85	11	12.72	2.486282365299644
86	11	12.86	2.574956310308973
87	11	12.93	2.616314201314513
88	11	12.95	2.5588083163847983
89	11	12.65	2.5134637455113618
90	11	12.555	2.374231454597461
91	11	12.68	2.5627329162439083
92	11	12.98	2.6850698314941446
93	11	13.085	2.643439993644643
94	11	12.875	2.541530050973232
95	11	12.915	2.622551238774943
96	11	12.795	2.5715705317956976
97	11	13.13	2.634976280728163
98	11	12.945	2.472240886321554
99	11	12.75	2.572450193881312
100	9	12.485	2.3323325234622985
101	9	12.545	2.4774936932311244
102	9	12.72	2.6779843166082937
103	9	12.49	2.5864841000864467
104	9	11.925	2.8336151820598343
105	9	10.925	2.6380627361759275
106	9	11.07	2.708338974353103
107	9	10.73	2.5351725779520393
108	9	10.615	2.5781340151357504
109	9	11.095	2.7415278586948517
110	9	10.85	2.6014419078657105
111	9	10.655	2.54675774269953
112	9	10.925	2.6700889498292044
113	9	10.95	2.6753504443343505
114	9	10.9	2.7092434368288107
115	9	10.86	2.6926566806780237
116	9	10.88	2.629752840097337
117	9	10.575	2.514831008238924
118	9	10.92	2.7135954009395027
119	9	10.97	2.597903000498673
120	9	10.815	2.592445756423847
121	9	10.825	2.59121110679929
122	9	11.02	2.731226830565346
123	9	10.845	2.609784473859866
124	9	10.705	2.613039417995831
125	9	11.02	2.738539756877746
126	9	10.77	2.677144000609606
127	9	11.065	2.7369280224368318
128	9	10.855	2.6821586455689026
129	9	10.8	2.6589471600616674
130	9	10.53	2.4411267890054376
131	9	10.49	2.420723032484303
132	9	10.475	2.397785436606038
133	9	10.925	2.5630792028339697
134	9	10.72	2.6232803891311334
135	9	11.1	2.812472222085048
136	9	10.855	2.5911339216644147
137	9	10.96	2.5881267356912776
138	9	10.805	2.5449901767983314
139	9	10.955	2.6044145215383825
140	9	10.855	2.5814676058397494
141	9	10.89	2.7143875920730283
142	9	10.715	2.538459178320583
143	9	10.88	2.748745168254054
144	9	10.58	2.516664459160179
145	9	10.62	2.5933761778808724
146	9	10.82	2.632033434438099
147	9	11.04	2.7255091267504503
148	9	11.005	2.708315897379775
149	9	10.875	2.6437426122828223
150	9	10.585	2.472402677558817
151	9	10.805	2.6300142585164834
152	9	10.58	2.500719896349848
153	9	10.915	2.6995879315184346
154	9	10.735	2.5543639129928217
155	9	11.05	2.7032387981826558
156	9	10.96	2.6340842811117464
157	9	11.04	2.6624049278800532
158	9	10.855	2.606525465058802
159	9	10.8	2.555386467836129
160	9	10.89	2.5666904760800437
161	9	10.63	2.417250504188588
162	9	11.03	2.7016846596151782
163	9	10.49	2.497979183259941
164	9	11.125	2.720179222036666
165	9	10.835	2.679136987912336
166	9	10.785	2.643629134353
167	9	10.74	2.55389897999118
168	9	10.635	2.540034448585295
169	9	11.0	2.6457513110645907
170	9	10.985	2.761299512910543
171	9	10.78	2.5868127106537897
172	9	11.195	2.9080878597456454
173	9	10.98	2.6286118009321946
174	9	10.91	2.678040328299785
175	9	10.61	2.597672034726478
176	9	10.92	2.6064535292231885
177	9	10.605	2.4431485832834663
178	9	10.745	2.5495048538883
179	9	10.625	2.5346350822159787
180	9	10.91	2.8074721726136525
181	9	11.145	2.7044361704429254
182	9	10.905	2.6487685818130626
183	9	10.93	2.583621489305274
184	9	11.015	2.7266783822079166
185	9	10.89	2.6641884317743005
186	9	10.975	2.6560073418573213
187	9	11.14	2.7947092872068127
188	9	10.87	2.6614094010505074
189	9	11.075	2.686889465534448
190	9	11.035	2.7006989835966566
191	9	10.825	2.5757280524154695
192	9	10.745	2.7110837316468093
193	9	10.905	2.603070302546588
194	9	11.055	2.823468611477734
195	9	10.63	2.550117644345056
196	9	10.785	2.662475351998584
197	9	11.11	2.736402748134856
198	9	10.87	2.6968685544534843
199	9	10.755	2.6220173531080975
200	9	10.855	2.6896049895849043
201	9	10.885	2.670538335242543
202	9	10.545	2.5373164958278265
203	9	10.885	2.7261282068164028
204	9	11.19	2.7989105023205045
205	9	10.68	2.5392124763398605
206	9	10.58	2.468521824898454
207	9	11.05	2.7527259217001636
208	9	10.855	2.621826653308721
209	9	10.905	2.641207110394788
210	9	10.79	2.6240998456613642
211	9	11.065	2.713074823885251
212	9	11.055	2.711452562741971
213	9	11.05	2.6490564357899244
214	9	10.525	2.455478568426118
215	9	10.84	2.5168233946783
216	9	11.225	2.6840966823123154
217	9	10.865	2.6901254617582433
218	9	10.775	2.5969934539771167
219	9	11.15	2.7726341266023504
220	9	10.83	2.7076004136504315
221	9	10.67	2.5161677209597952
222	9	10.575	2.486840364800283
223	9	10.62	2.5269744755339345
224	9	10.6	2.4269322199023153
225	9	10.89	2.6959043009721264
226	9	10.945	2.6404497722925893
227	9	10.525	2.2955119254754446
228	9	10.975	2.691537664607351
229	9	10.57	2.5090037863662156
230	9	11.14	2.692656680678027
231	9	11.305	2.8569170446479526
232	9	11.015	2.70643215322313
233	9	10.72	2.5419677417308013
234	9	10.98	2.6813429471069146
235	9	10.845	2.6515985744452375
236	9	10.69	2.6122595583134522
237	9	10.745	2.5806927364566254
238	9	10.655	2.4074831255898754
239	9	10.68	2.4794354196066504
240	9	10.65	2.5743931323712013
241	9	10.69	2.5325678668102842
242	9	10.815	2.6078295573138996
243	9	11.135	2.7743062195799513
244	9	10.805	2.589782809426305
245	9	10.94	2.6299049412478768
246	9	10.83	2.5101991952831133
247	9	11.02	2.6682578586036287
248	9	11.01	2.582614953879111
249	9	10.64	2.5140405724649715
250	9	10.825	2.5854158272896828
251	9	10.7	2.559296778413947
252	9	10.79	2.6336096901401302
253	9	11.115	2.775207199471778
254	9	10.815	2.590516357794332
255	9	10.925	2.6906086671978175
256	9	11.075	2.7548820301421237
257	9	11.09	2.7261511330078534
258	9	10.93	2.7377180278472806
259	9	10.67	2.598287897828108
260	9	10.6	2.5039968051097783
261	9	10.765	2.6419263805034388
262	9	10.975	2.7100507375324154
263	9	11.05	2.6358110706194418
264	9	10.78	2.606069837897674
265	9	11.04	2.6511129738281602
266	9	10.92	2.640757467091596
267	9	10.88	2.6430285658690877
268	9	10.6	2.592296279363139
269	9	10.92	2.579457307264459
270	9	10.895	2.6160991953670223
271	9	10.595	2.539876965524119
272	9	10.435	2.3991196301977076
273	9	10.705	2.5254653036618797
274	9	10.935	2.6871499772063303
275	9	10.795	2.6819722220783744
276	9	10.425	2.4340039030371345
277	9	10.91	2.6611839470431238
278	9	10.745	2.61533458662558
279	9	10.88	2.669381950939207
280	9	10.755	2.579723822427508
281	9	10.95	2.5509802037648206
282	9	10.865	2.624266564204177
283	9	10.335	2.2897106804135774
284	9	10.845	2.645935562329516
285	9	10.795	2.694990723546188
286	9	11.135	2.7507771629123283
287	9	10.55	2.4489793792516914
288	9	10.815	2.6796968112083155
289	9	10.795	2.5244751929856637
290	9	10.72	2.590675587563983
291	9	10.965	2.6746541832543533
292	9	10.98	2.75492286643383
293	9	10.84	2.663531490333839
294	9	10.915	2.6320666784866975
295	9	10.705	2.618773567913039
296	9	10.945	2.6099760535299903
297	9	10.945	2.600379779955225
298	9	10.705	2.6415856980230625
299	9	11.01	2.7981958473273454
300	9	10.495	2.410388972759372
301	9	10.74	2.602383522849773
302	9	10.515	2.4535229772716605
303	9	10.845	2.6097844738598655
304	9	10.81	2.5502744950299
305	9	11.32	2.803141095271515
306	9	11.005	2.661761634707364
307	9	10.315	2.237358934100652
308	9	10.915	2.675401838976714
309	9	10.775	2.4605639597458127
310	9	10.975	2.6840966823123185
311	9	10.905	2.5604638251691796
312	9	10.99	2.664563754163147
313	9	11.155	2.685325864769488
314	9	10.705	2.6225893693065996
315	9	10.48	2.455524383914766
316	9	10.77	2.5331995578714275
317	9	10.385	2.2818358836691126
318	9	10.81	2.6389202337319735
319	9	10.485	2.3790281629270393
320	9	10.725	2.64563319453019
321	9	10.62	2.587585747371475
322	9	11.135	2.7068016181464065
323	9	11.01	2.5884165043516485
324	9	11.035	2.631306709602665
325	9	10.79	2.570194545165793
326	9	10.895	2.6103591706889646
327	9	10.95	2.7870235018743577
328	9	10.855	2.530607634541556
329	9	11.01	2.698128981349856
330	9	10.465	2.4957513898623755
331	9	10.875	2.601802259972883
332	9	11.165	2.7400319341204744
333	9	10.935	2.6326365111803782
334	9	10.8	2.6608269391300152
335	9	10.485	2.3895135488211836
336	9	10.69	2.558104767205596
337	9	10.895	2.6294438575485843
338	9	10.76	2.5124490044576024
339	9	10.97	2.6868382906308326
340	9	10.845	2.605949922772887
341	9	10.66	2.589285615763541
342	9	11.125	2.7275217689323763
343	9	10.87	2.5986727381492303
344	9	10.355	2.330016094365012
345	9	10.755	2.7120057153332096
346	9	11.005	2.713848743021618
347	9	10.895	2.702586723862895
348	9	10.815	2.6534458728227355
349	9	10.69	2.5775763810215193
350	9	11.035	2.64457463498386
351	9	10.995	2.7303800101817344
352	9	10.745	2.555381576203443
353	9	10.835	2.660408803172923
354	9	10.755	2.6143785112335958
355	9	10.96	2.6435582081732174
356	9	10.85	2.5763346055976486
357	9	10.81	2.581453079178472
358	9	10.545	2.572542516655458
359	9	11.02	2.679477561018196
360	9	10.77	2.515372735798812
361	9	10.64	2.473944219257986
362	9	10.8	2.5238858928247945
363	9	10.71	2.5210910336598285
364	9	10.865	2.6242665642041776
365	9	10.805	2.708685105360164
366	9	10.735	2.661724065338104
367	9	11.14	2.664657576500217
368	9	10.855	2.631344713259745
369	9	10.61	2.4835257196171736
370	9	10.86	2.7313732809705797
371	9	11.04	2.756519544643206
372	9	10.765	2.4919420137715877
373	9	10.67	2.5418693908224332
374	9	11.225	2.7576031259048093
375	9	10.955	2.6986987605140365
376	9	10.925	2.6323706046071895
377	9	11.035	2.698846976025135
378	9	10.895	2.6026861124615044
379	9	10.76	2.5734024170346923
380	9	10.41	2.354124040912034
381	9	11.24	2.811120772930254
382	9	10.965	2.7080943484302793
383	9	10.625	2.595067436503337
384	9	10.695	2.490376477563184
385	9	10.78	2.6517164252611947
386	9	10.975	2.715580048534749
387	9	11.305	2.7480856973537042
388	9	10.825	2.648466537451435
389	9	10.625	2.631420718927325
390	9	10.415	2.448014501591032
391	9	10.925	2.743970663108485
392	9	10.965	2.814920069913179
393	9	10.565	2.4830978635567296
394	9	10.72	2.5222212432695095
395	9	10.8	2.553429066960742
396	9	10.76	2.6119724347703204
397	9	10.82	2.677237382078775
398	9	10.895	2.5266529243249822
399	9	10.93	2.7613583613866552
400	9	11.12	2.732325017270093
1	38	53.58	7.132573168219166
2	36	45.455	2.7817215892321068
3	36	42.155	2.490175696612593
4	35	39.8	2.014944167960988
5	33	38.12	2.250688783461633
6	30	36.465	2.192891926201562
7	30	34.475	1.7231874535290694
8	28	33.675	2.097468712519924
9	28	32.515	2.195398597066145
10	25	31.125	1.8679868843222642
11	24	30.06	1.906934713093242
12	24	28.785	1.994686692190029
13	24	27.415	1.978073557782926
14	23	26.315	1.9302266706270546
15	22	25.595	1.7666281442340928
16	21	25.35	2.1183720164314837
17	20	24.45	1.8486481547336138
18	20	23.635	2.1099229843764444
19	19	22.61	1.837906417639375
20	19	21.985	1.8560105064357801
21	18	21.63	1.8229371903606542
22	18	20.935	1.8112909760720413
23	18	20.595	2.090687685906242
24	18	20.1	2.172556098240044
25	17	19.355	1.7941502166764074
26	17	19.29	2.1438050284482477
27	16	19.14	2.128473631502165
28	16	18.82	2.1418683432928387
29	15	18.02	1.8972611839174902
30	15	17.82	2.048804529475667
31	13	17.315	2.12973589911989
32	13	16.915	2.208568540933244
33	13	16.215	2.109211938141826
34	13	16.18	2.2444598459317535
35	12	15.795	2.2434292946290957
36	12	15.135	2.3359741008838277
37	12	14.975	2.348270640279776
38	11	14.165	2.257825281105691
39	11	13.735	2.4134570640473383
40	11	13.47	2.355652775771506
41	11	13.56	2.4034142381204266
42	11	12.875	2.3215027460677278
43	11	12.57	2.4627423738588665
44	11	12.485	2.449443814419919
45	11	12.71	2.5388777048136797
46	11	12.695	2.4722408863215586
47	11	12.715	2.54632578434104
48	11	12.76	2.534245449833144
49	11	12.885	2.5674452282375966
50	11	12.585	2.337258008864237
51	10	12.525	2.385241077962556
52	10	12.735	2.3462256924686504
53	10	12.3	2.156385865284786
54	10	12.635	2.5023538918386428
55	10	12.28	2.4436857408431236
56	10	11.77	2.3931360178644234
57	10	11.705	2.469407823750461
58	10	11.82	2.511493579525939
59	10	11.58	2.4358981916328104
60	10	11.75	2.46322958735072
61	10	12.065	2.5516220331389197
62	10	11.665	2.5812351694489215
63	10	11.505	2.3558384919174746
64	10	11.56	2.3950782868207052
65	10	11.83	2.510199195283112
66	10	11.475	2.3258063117981256
67	10	11.515	2.424824735934537
68	10	11.68	2.424376208429708
69	10	11.485	2.2912387479265464
70	8	11.54	2.5156311335328914
71	8	11.52	2.4350770008359075
72	8	11.595	2.512165400605621
73	8	11.155	2.410596399234017
74	8	10.575	2.717420652015439
75	8	9.545	2.5919056695798166
76	8	9.655	2.501194714531437
77	8	9.96	2.6378779350076047
78	8	9.855	2.6007643107363663
79	8	10.16	2.8168067026333223
80	8	9.76	2.5597656142701806
81	8	9.775	2.5542856144135477
82	8	9.905	2.6544255499071703
83	8	10.06	2.728809264129688
84	8	9.75	2.620591536275732
85	8	9.755	2.6542371785505514
86	8	9.92	2.627470266244704
87	8	10.085	2.778088371524561
88	8	9.935	2.6477868116598784
89	8	9.46	2.422478070076178
90	8	9.805	2.6223987111040166
91	8	9.715	2.5007548860294198
92	8	9.94	2.511254666496411
93	8	9.925	2.6700889498292035
94	8	9.775	2.5679515182339396
95	8	9.69	2.625623735419833
96	8	9.725	2.5158249144167426
97	8	9.99	2.673929692419006
98	8	9.945	2.7298305808236494
99	8	9.755	2.623923588826472
100	8	9.775	2.6161756439505344
101	8	9.88	2.6749953270987237
102	8	9.55	2.4834451876375288
103	8	10.025	2.6859588604444435
104	8	10.085	2.7762879893843846
105	8	9.81	2.5736938434864425
106	8	9.68	2.4794354196066504
107	8	9.52	2.5218247361781496
108	8	9.6	2.5632011235952548
109	8	9.95	2.6790856649237638
110	8	9.905	2.7360509863670277
111	8	9.865	2.5684187742655977
112	8	10.17	2.784079740237338
113	8	9.69	2.695162332773296
114	8	9.585	2.4905370906694015
115	8	9.805	2.5430247737684364
116	8	9.55	2.4874685927665503
117	8	9.8	2.6153393661244055
118	8	9.765	2.640033143731343
119	8	10.005	2.6466913306995234
120	8	9.85	2.6396022427631007
121	8	10.08	2.7647061326658178
122	8	9.865	2.7068016181464065
123	8	9.83	2.62889710715349
124	8	10.03	2.696126851615107
125	8	9.91	2.7003518289289676
126	8	9.565	2.4198708643231344
127	8	9.565	2.5506420760271324
128	8	9.785	2.662475351998586
129	8	9.86	2.6721526902480695
130	8	10.07	2.6860938181679392
131	8	9.725	2.5434966090010835
132	8	9.935	2.6590928904421514
133	8	9.78	2.642271749839523
134	8	9.67	2.6364938839299454
135	8	9.785	2.615105160409425
136	8	9.695	2.5577284844173764
137	8	9.77	2.6109576787071824
138	8	9.83	2.5847823892931467
139	8	9.995	2.741345472573643
140	8	9.585	2.569586542617314
141	8	9.975	2.697104929364076
142	8	9.94	2.706732347314746
143	8	9.95	2.7870235018743577
144	8	9.99	2.764036902792726
145	8	9.635	2.5301729189919033
146	8	9.885	2.6574000451569235
147	8	9.655	2.58185495332329
148	8	9.885	2.625219038480412
149	8	9.985	2.743132333665293
150	8	9.745	2.5592918942551264
151	8	9.81	2.6045920985828124
152	8	9.555	2.527246525371036
153	8	9.82	2.6072207424765583
154	8	9.895	2.6294438575485826
155	8	9.935	2.636432248323478
156	8	9.79	2.6973876250920985
157	8	10.185	2.7551361127900793
158	8	9.955	2.621635939637692
159	8	9.915	2.654764584666593
160	8	9.745	2.6702013032728424
161	8	9.825	2.6409042012159385
162	8	10.41	2.844626513270236
163	8	9.585	2.452096042164747
164	8	9.965	2.720987872078819
165	8	10.145	2.782799849072871
166	8	10.05	2.6659894973536584
167	8	9.8	2.6134268690743974
168	8	10.145	2.715506398445784
169	8	9.805	2.616672505301343
170	8	9.9	2.6795522013948503
171	8	9.94	2.7324714088165676
172	8	9.785	2.5746407516389533
173	8	9.645	2.5217008149263047
174	8	9.655	2.464949289539239
175	8	9.925	2.7566963924233696
176	8	9.815	2.5730866677980373
177	8	10.0	2.727636339397171
178	8	9.81	2.585323964225764
179	8	9.98	2.776616646208113
180	8	9.615	2.42214264650123
181	8	9.815	2.5943737201875936
182	8	9.91	2.71143873248134
183	8	9.84	2.6008460162031892
184	8	9.67	2.5260839257633565
185	8	9.96	2.669906365399354
186	8	9.835	2.6547645846665917
187	8	9.73	2.576256974760085
188	8	9.91	2.7389596565119434
189	8	9.705	2.6283026842431956
190	8	10.21	2.7487997380675067
191	8	10.05	2.7179955849853785
192	8	9.975	2.6142637586900057
193	8	9.775	2.488850136107032
194	8	9.645	2.4997949915943085
195	8	10.015	2.76129951291054
196	8	10.02	2.780215818960828
197	8	9.745	2.71476978766156
198	8	9.785	2.675588720263261
199	8	9.91	2.6799067147943822
200	8	9.965	2.6540111152743897
201	8	9.895	2.6218266533087164
202	8	9.72	2.6536013264995155
203	8	9.975	2.697104929364075
204	8	9.51	2.5534094853744045
205	8	9.91	2.716965218768915
206	8	10.05	2.725344014982331
207	8	9.875	2.5689248723931186
208	8	9.98	2.698073386696513
209	8	10.125	2.742147880767921
210	8	9.835	2.5135184503002925
211	8	9.995	2.730380010181734
212	8	9.965	2.642683295440453
213	8	9.775	2.61043578737344
214	8	9.975	2.652239619642236
215	8	9.905	2.6222080390388527
216	8	9.85	2.6244046944021395
217	8	9.765	2.673906318478641
218	8	9.765	2.5767760865081
219	8	10.09	2.7896057069055447
220	8	9.92	2.6913936910084373
221	8	9.82	2.635830040044315
222	8	10.37	2.802338309340967
223	8	9.855	2.655932039793189
224	8	9.905	2.6750654197607933
225	8	10.265	2.841614857787739
226	8	10.1	2.749545416973506
227	8	9.625	2.516818428095281
228	8	9.835	2.572503644312284
229	8	9.845	2.6136133991086004
230	8	9.94	2.710424321024292
231	8	9.85	2.641495788374455
232	8	9.945	2.6910917858742733
233	8	9.665	2.498554582153451
234	8	10.23	2.7580971701519132
235	8	9.675	2.6190408549696174
236	8	9.685	2.483097863556733
237	8	9.755	2.5893966478699224
238	8	9.88	2.6392423155140583
239	8	9.995	2.7504499631878434
240	8	10.37	2.9399149647566314
241	8	9.87	2.6101915638512083
242	8	9.905	2.736050986367028
243	8	9.825	2.5776685201941683
244	8	9.865	2.67334528260006
245	8	9.84	2.5366119135571368
246	8	9.845	2.653483559398854
247	8	10.05	2.669737814842502
248	8	9.725	2.5883150890106124
249	8	10.15	2.693974758604835
250	8	10.07	2.6916723426152775
251	8	9.765	2.5494656302841183
252	8	9.595	2.531990323836169
253	8	9.775	2.54840636476995
254	8	10.095	2.669452190993496
255	8	9.95	2.6958301133417155
256	8	9.755	2.6636394275502067
257	8	9.665	2.604376124909765
258	8	9.595	2.594412264849208
259	8	9.845	2.6383659715816554
260	8	9.835	2.624457086713361
261	8	9.825	2.583481178565077
262	8	9.985	2.6860333207166285
263	8	9.8	2.624880949681339
264	8	10.04	2.8192906909362847
265	8	9.755	2.5009948020737656
266	8	9.805	2.658378265033029
267	8	9.8	2.5632011235952614
268	8	9.905	2.6393133576746783
269	8	9.91	2.609961685542533
270	8	10.05	2.72901080979904
271	8	10.005	2.704621045544091
272	8	10.3	2.769476484825244
273	8	9.84	2.598922853799243
274	8	9.81	2.652150071168677
275	8	9.94	2.6563885257996422
276	8	10.065	2.718597984255853
277	8	9.84	2.640908934439052
278	8	9.915	2.6130011481053717
279	8	9.745	2.619155398215234
280	8	9.885	2.6891959764955815
281	8	10.195	2.756261054399602
282	8	10.055	2.6985134796772843
283	8	9.97	2.731135295074195
284	8	9.64	2.4900602402351617
285	8	10.095	2.804634557299752
286	8	9.845	2.630774600759253
287	8	9.83	2.6288971071534895
288	8	9.69	2.5541926317331654
289	8	9.7	2.5865034312755144
290	8	9.69	2.575635843825752
291	8	9.64	2.4900602402351644
292	8	9.83	2.56926059402311
293	8	9.58	2.5027185219277044
294	8	9.715	2.5127226269526863
295	8	10.11	2.730915597377552
296	8	9.945	2.746265646291339
297	8	10.27	2.836741087938767
298	8	9.84	2.7302747114530437
299	8	10.035	2.7117844678366327
300	8	9.815	2.6572118846640773
301	8	10.02	2.815954545087691
302	8	9.81	2.6199045784150257
303	8	9.565	2.4363445979581777
304	8	9.825	2.625714188558991
305	8	9.695	2.555772877233031
306	8	10.24	2.8146758250285218
307	8	10.06	2.797570374449946
308	8	10.105	2.6988840286310944
309	8	9.885	2.655517840271461
310	8	9.87	2.6044385191438124
311	8	9.78	2.5906755875639877
312	8	9.54	2.493671991261075
313	8	9.605	2.497794026736393
314	8	9.66	2.470708400439029
315	8	9.82	2.6091377886190705
316	8	9.765	2.6286450882536427
317	8	10.075	2.7457922354031066
318	8	9.57	2.552469392568695
319	8	10.065	2.738754278864752
320	8	9.805	2.6583782650330274
321	8	10.0	2.6551836094703507
322	8	9.79	2.568248430350926
323	8	10.135	2.680816107083811
324	8	9.965	2.6727841289561747
325	8	10.175	2.7357585785299086
326	8	9.8	2.5961509971494348
327	8	9.83	2.609808422087718
328	8	9.49	2.578740002404274
329	8	9.815	2.659092890442156
330	8	9.785	2.5236431998204494
331	8	10.075	2.8652006910511503
332	8	9.645	2.566899881179627
333	8	9.895	2.6103591706889646
334	8	10.01	2.6683140744672476
335	8	9.91	2.7517085601494995
336	8	9.375	2.4278333962609544
337	8	9.97	2.6700374529208424
338	8	10.235	2.7874316135108987
339	8	9.985	2.6314967223996297
340	8	10.115	2.726128206816398
341	8	9.69	2.510756858001187
342	8	9.625	2.4666525900499243
343	8	9.675	2.639957386019703
344	8	9.925	2.720179222036669
345	8	9.645	2.5017943560572657
346	8	9.96	2.6642822673282924
347	8	9.98	2.7220580449358516
348	8	9.57	2.411451844843685
349	8	9.715	2.5639374017319563
350	8	9.935	2.769616399431514
351	8	10.13	2.8623591668412303
352	8	9.96	2.6529983038064664
353	8	9.85	2.6697378148424966
354	8	9.96	2.639772717489138
355	8	10.08	2.693250823818679
356	8	9.915	2.6110869384223863
357	8	9.965	2.683984910538808
358	8	9.815	2.636432248323481
359	8	9.36	2.4393441741582933
360	8	10.215	2.7656418784795664
361	8	10.035	2.726495002746202
362	8	10.025	2.721098123919828
363	8	9.825	2.619995229003288
364	8	9.94	2.7196323280914276
365	8	10.035	2.7953130415035843
366	8	9.795	2.5618304003192733
367	8	9.895	2.7136644965802197
368	8	9.74	2.5064716236175495
369	8	9.985	2.650429210524211
370	8	9.87	2.726371214636778
371	8	9.835	2.5412152604610223
372	8	10.01	2.731281750387536
373	8	9.665	2.694953617411623
374	8	10.02	2.7165419194262443
375	8	10.255	2.7766841736142776
376	8	9.89	2.6053598599809598
377	8	9.995	2.7431687880989037
378	8	10.025	2.648466537451438
379	8	10.24	2.7699097458220527
380	8	10.015	2.728511498967886
381	8	10.075	2.7256879865457804
382	8	9.81	2.644598268168535
383	8	10.105	2.7099769371712377
384	8	9.995	2.723045170392884
385	8	9.77	2.6052063258022384
386	8	9.99	2.7385945300463885
387	8	9.77	2.6734060671734854
388	8	9.755	2.564171406127132
389	8	9.955	2.7718179954679556
390	8	10.02	2.720220579291323
391	8	10.03	2.670037452920836
392	8	9.945	2.584951643648287
393	8	9.85	2.6509432283623102
394	8	9.76	2.5927591480891525
395	8	9.93	2.646714944983686
396	8	9.84	2.6428015438167147
397	8	9.795	2.659506533174906
398	8	9.82	2.545112964094131
399	8	10.12	2.7794963572561158
400	8	9.685	2.57794006912496
1	39	52.17	6.675410099761661
2	37	44.885	2.7480493081456876
3	35	41.685	2.5031530117034424
4	30	39.195	2.6071008802882942
5	28	36.6	2.6532998322843198
6	27	34.15	2.4119494190384665
7	25	32.14	2.39382539045771
8	25	30.38	2.4770143318115845
9	23	28.31	2.055212884350424
10	21	27.02	2.233741256278355
11	21	25.645	2.353502708730117
12	21	24.165	1.9818614986925798
13	19	23.225	2.0986602869449844
14	18	22.365	2.2675482354296226
15	17	21.605	2.4205319663247598
16	17	20.425	2.1896061289647495
17	17	19.735	2.234899326591692
18	16	18.97	2.02462342177502
19	16	18.685	2.2595962028645746
20	15	18.28	2.3219819120742544
21	13	17.725	2.0222203144069124
22	13	17.05	2.2577643809751264
23	13	16.68	2.395328787452778
24	11	15.57	2.1714281015037087
25	11	14.565	2.25959620286457
26	11	14.24	2.443849422529958
27	9	13.48	2.507907494306757
28	9	12.565	2.4404456560226855
29	9	12.365	2.414906830500924
30	9	12.01	2.295626276204381
31	9	11.365	2.5693919514157444
32	9	10.24	2.1708063018150647
33	9	10.74	2.563669245437091
34	9	10.67	2.476105813570981
35	9	10.74	2.563669245437092
36	9	10.69	2.602671704230096
37	9	10.89	2.6585522375909814
38	9	10.73	2.4893975174728507
39	9	10.9	2.5119713374160937
40	9	10.825	2.546443598432918
41	9	10.715	2.4907378424876465
42	9	10.81	2.581453079178472
43	9	10.82	2.541180827882977
44	9	10.475	2.4185481181899187
45	9	10.72	2.470141696340514
46	9	10.865	2.3930681143669914
47	9	10.9	2.617250465660479
48	9	10.74	2.5302964253225335
49	9	10.665	2.4582056464014563
50	9	10.57	2.4546079116632886
51	9	10.675	2.4595477226514606
52	9	10.565	2.376083963162916
53	9	10.865	2.580072673395074
54	9	10.7	2.529822128134707
55	9	10.8	2.572936066053723
56	9	10.575	2.3225793850803047
57	9	10.835	2.521462869050421
58	9	10.385	2.2905839866723947
59	9	10.98	2.592219126540037
60	9	10.555	2.4118405834548806
61	9	10.45	2.3254031908466954
62	9	10.695	2.5063868416507464
63	9	10.85	2.586020108197147
64	9	10.425	2.2966007489330824
65	9	10.865	2.5469148003025146
66	9	10.28	2.213955735781549
67	9	10.73	2.5193451530109945
68	9	10.675	2.5078626357916787
69	9	10.885	2.6156786882184164
70	9	10.3	2.188606862823933
71	9	10.395	2.380960940460802
72	8	10.62	2.5720808696462085
73	8	10.61	2.4653397331808047
74	8	10.18	2.3382899734635116
75	8	10.335	2.5539723960920173
76	8	9.575	2.466652590049925
77	8	9.55	2.4387496796514396
78	8	10.005	2.8486795186542158
79	8	9.7	2.505992817228335
80	8	9.605	2.420531966324759
81	8	9.65	2.348935929309267
82	7	9.645	2.497794026736389
83	7	9.79	2.5487055538056964
84	6	9.65	2.336129277244732
85	6	9.645	2.5901689134108588
86	6	9.895	2.89378212725146
87	6	9.225	2.5718427245848434
88	6	8.96	2.819290690936285
89	6	7.75	2.6014419078657127
90	6	7.845	2.6402604038238393
91	6	8.07	2.7450136611681946
92	6	8.14	2.8758303148829927
93	3	7.8	2.7313000567495336
94	3	8.0	2.898275349237888
95	3	7.675	2.8088031258883177
96	3	7.205	2.79338056841527
97	3	6.855	3.3111893633557123
98	3	4.96	2.8737432035587287
99	3	5.145	2.8590164392671813
100	3	5.07	2.8627085076898804
101	3	5.04	2.794351445326802
102	3	5.075	2.8617084058303335
103	3	4.885	2.7661841948792962
104	3	4.695	2.655555497443052
105	3	5.03	2.9221738483533084
106	3	4.85	2.8049064155511454
107	3	5.18	3.0344027418917254
108	3	4.83	2.702054773686127
109	3	4.87	2.922858190196716
110	3	4.885	2.7842009625743653
111	3	5.295	2.9963269180782026
112	3	4.99	2.8266411162367255
113	3	4.685	2.671287142933154
114	3	4.995	2.8800998246588634
115	3	5.17	2.8846316922615984
116	3	5.08	2.8867975336001632
117	3	4.96	2.8299116593985727
118	3	5.155	2.924205020172154
119	3	5.535	3.0852512053315837
120	3	5.105	2.8414740892712733
121	3	4.83	2.760633985156305
122	3	5.04	2.8281442678901625
123	3	5.04	2.7619558287561343
124	0	4.855	2.7881848934387428
