200 50 100 0.0 33
1	40	56.685	7.42669340959
2	36	47.04	3.04111821539
3	34	43.585	2.31792471836
4	34	40.98	2.20671701856
5	34	38.475	2.26260358879
6	32	35.55	1.19895788083
7	32	34.025	1.08828994298
8	32	32.88	0.863481325797
9	32	32.0	0.0
10	32	32.0	0.0
11	32	32.0	0.0
12	32	32.0	0.0
13	32	32.0	0.0
14	32	32.0	0.0
15	32	32.0	0.0
16	32	32.0	0.0
17	32	32.0	0.0
18	32	32.0	0.0
19	32	32.0	0.0
20	32	32.0	0.0
21	32	32.0	0.0
22	32	32.0	0.0
23	32	32.0	0.0
24	32	32.0	0.0
25	32	32.0	0.0
26	32	32.0	0.0
27	32	32.0	0.0
28	32	32.0	0.0
29	32	32.0	0.0
30	32	32.0	0.0
31	32	32.0	0.0
32	32	32.0	0.0
33	32	32.0	0.0
34	32	32.0	0.0
35	32	32.0	0.0
36	32	32.0	0.0
37	32	32.0	0.0
38	32	32.0	0.0
39	32	32.0	0.0
40	32	32.0	0.0
41	32	32.0	0.0
42	32	32.0	0.0
43	32	32.0	0.0
44	32	32.0	0.0
45	32	32.0	0.0
46	32	32.0	0.0
47	32	32.0	0.0
48	32	32.0	0.0
49	32	32.0	0.0
50	32	32.0	0.0
51	32	32.0	0.0
52	32	32.0	0.0
53	32	32.0	0.0
54	32	32.0	0.0
55	32	32.0	0.0
56	32	32.0	0.0
57	32	32.0	0.0
58	32	32.0	0.0
59	32	32.0	0.0
60	32	32.0	0.0
61	32	32.0	0.0
62	32	32.0	0.0
63	32	32.0	0.0
64	32	32.0	0.0
65	32	32.0	0.0
66	32	32.0	0.0
67	32	32.0	0.0
68	32	32.0	0.0
69	32	32.0	0.0
70	32	32.0	0.0
71	32	32.0	0.0
72	32	32.0	0.0
73	32	32.0	0.0
74	32	32.0	0.0
75	32	32.0	0.0
76	32	32.0	0.0
77	32	32.0	0.0
78	32	32.0	0.0
79	32	32.0	0.0
80	32	32.0	0.0
81	32	32.0	0.0
82	32	32.0	0.0
83	32	32.0	0.0
84	32	32.0	0.0
85	32	32.0	0.0
86	32	32.0	0.0
87	32	32.0	0.0
88	32	32.0	0.0
89	32	32.0	0.0
90	32	32.0	0.0
91	32	32.0	0.0
92	32	32.0	0.0
93	32	32.0	0.0
94	32	32.0	0.0
95	32	32.0	0.0
96	32	32.0	0.0
97	32	32.0	0.0
98	32	32.0	0.0
99	32	32.0	0.0
100	32	32.0	0.0
101	32	32.0	0.0
102	32	32.0	0.0
103	32	32.0	0.0
104	32	32.0	0.0
105	32	32.0	0.0
106	32	32.0	0.0
107	32	32.0	0.0
108	32	32.0	0.0
109	32	32.0	0.0
110	32	32.0	0.0
111	32	32.0	0.0
112	32	32.0	0.0
113	32	32.0	0.0
114	32	32.0	0.0
115	32	32.0	0.0
116	32	32.0	0.0
117	32	32.0	0.0
118	32	32.0	0.0
119	32	32.0	0.0
120	32	32.0	0.0
121	32	32.0	0.0
122	32	32.0	0.0
123	32	32.0	0.0
124	32	32.0	0.0
125	32	32.0	0.0
126	32	32.0	0.0
127	32	32.0	0.0
128	32	32.0	0.0
129	32	32.0	0.0
130	32	32.0	0.0
131	32	32.0	0.0
132	32	32.0	0.0
133	32	32.0	0.0
134	32	32.0	0.0
135	32	32.0	0.0
136	32	32.0	0.0
137	32	32.0	0.0
138	32	32.0	0.0
139	32	32.0	0.0
140	32	32.0	0.0
141	32	32.0	0.0
142	32	32.0	0.0
143	32	32.0	0.0
144	32	32.0	0.0
145	32	32.0	0.0
146	32	32.0	0.0
147	32	32.0	0.0
148	32	32.0	0.0
149	32	32.0	0.0
150	32	32.0	0.0
151	32	32.0	0.0
152	32	32.0	0.0
153	32	32.0	0.0
154	32	32.0	0.0
155	32	32.0	0.0
156	32	32.0	0.0
157	32	32.0	0.0
158	32	32.0	0.0
159	32	32.0	0.0
160	32	32.0	0.0
161	32	32.0	0.0
162	32	32.0	0.0
163	32	32.0	0.0
164	32	32.0	0.0
165	32	32.0	0.0
166	32	32.0	0.0
167	32	32.0	0.0
168	32	32.0	0.0
169	32	32.0	0.0
170	32	32.0	0.0
171	32	32.0	0.0
172	32	32.0	0.0
173	32	32.0	0.0
174	32	32.0	0.0
175	32	32.0	0.0
176	32	32.0	0.0
177	32	32.0	0.0
178	32	32.0	0.0
179	32	32.0	0.0
180	32	32.0	0.0
181	32	32.0	0.0
182	32	32.0	0.0
183	32	32.0	0.0
184	32	32.0	0.0
185	32	32.0	0.0
186	32	32.0	0.0
187	32	32.0	0.0
188	32	32.0	0.0
189	32	32.0	0.0
190	32	32.0	0.0
191	32	32.0	0.0
192	32	32.0	0.0
193	32	32.0	0.0
194	32	32.0	0.0
195	32	32.0	0.0
196	32	32.0	0.0
197	32	32.0	0.0
198	32	32.0	0.0
199	32	32.0	0.0
200	32	32.0	0.0
201	32	32.0	0.0
202	32	32.0	0.0
203	32	32.0	0.0
204	32	32.0	0.0
205	32	32.0	0.0
206	32	32.0	0.0
207	32	32.0	0.0
208	32	32.0	0.0
209	32	32.0	0.0
210	32	32.0	0.0
211	32	32.0	0.0
212	32	32.0	0.0
213	32	32.0	0.0
214	32	32.0	0.0
215	32	32.0	0.0
216	32	32.0	0.0
217	32	32.0	0.0
218	32	32.0	0.0
219	32	32.0	0.0
220	32	32.0	0.0
221	32	32.0	0.0
222	32	32.0	0.0
223	32	32.0	0.0
224	32	32.0	0.0
225	32	32.0	0.0
226	32	32.0	0.0
227	32	32.0	0.0
228	32	32.0	0.0
229	32	32.0	0.0
230	32	32.0	0.0
231	32	32.0	0.0
232	32	32.0	0.0
233	32	32.0	0.0
234	32	32.0	0.0
235	32	32.0	0.0
236	32	32.0	0.0
237	32	32.0	0.0
238	32	32.0	0.0
239	32	32.0	0.0
240	32	32.0	0.0
241	32	32.0	0.0
242	32	32.0	0.0
243	32	32.0	0.0
244	32	32.0	0.0
245	32	32.0	0.0
246	32	32.0	0.0
247	32	32.0	0.0
248	32	32.0	0.0
249	32	32.0	0.0
250	32	32.0	0.0
251	32	32.0	0.0
252	32	32.0	0.0
253	32	32.0	0.0
254	32	32.0	0.0
255	32	32.0	0.0
256	32	32.0	0.0
257	32	32.0	0.0
258	32	32.0	0.0
259	32	32.0	0.0
260	32	32.0	0.0
261	32	32.0	0.0
262	32	32.0	0.0
263	32	32.0	0.0
264	32	32.0	0.0
265	32	32.0	0.0
266	32	32.0	0.0
267	32	32.0	0.0
268	32	32.0	0.0
269	32	32.0	0.0
270	32	32.0	0.0
271	32	32.0	0.0
272	32	32.0	0.0
273	32	32.0	0.0
274	32	32.0	0.0
275	32	32.0	0.0
276	32	32.0	0.0
277	32	32.0	0.0
278	32	32.0	0.0
279	32	32.0	0.0
280	32	32.0	0.0
281	32	32.0	0.0
282	32	32.0	0.0
283	32	32.0	0.0
284	32	32.0	0.0
285	32	32.0	0.0
286	32	32.0	0.0
287	32	32.0	0.0
288	32	32.0	0.0
289	32	32.0	0.0
290	32	32.0	0.0
291	32	32.0	0.0
292	32	32.0	0.0
293	32	32.0	0.0
294	32	32.0	0.0
295	32	32.0	0.0
296	32	32.0	0.0
297	32	32.0	0.0
298	32	32.0	0.0
299	32	32.0	0.0
300	32	32.0	0.0
301	32	32.0	0.0
302	32	32.0	0.0
303	32	32.0	0.0
304	32	32.0	0.0
305	32	32.0	0.0
306	32	32.0	0.0
307	32	32.0	0.0
308	32	32.0	0.0
309	32	32.0	0.0
310	32	32.0	0.0
311	32	32.0	0.0
312	32	32.0	0.0
313	32	32.0	0.0
314	32	32.0	0.0
315	32	32.0	0.0
316	32	32.0	0.0
317	32	32.0	0.0
318	32	32.0	0.0
319	32	32.0	0.0
320	32	32.0	0.0
321	32	32.0	0.0
322	32	32.0	0.0
323	32	32.0	0.0
324	32	32.0	0.0
325	32	32.0	0.0
326	32	32.0	0.0
327	32	32.0	0.0
328	32	32.0	0.0
329	32	32.0	0.0
330	32	32.0	0.0
331	32	32.0	0.0
332	32	32.0	0.0
333	32	32.0	0.0
334	32	32.0	0.0
335	32	32.0	0.0
336	32	32.0	0.0
337	32	32.0	0.0
338	32	32.0	0.0
339	32	32.0	0.0
340	32	32.0	0.0
341	32	32.0	0.0
342	32	32.0	0.0
343	32	32.0	0.0
344	32	32.0	0.0
345	32	32.0	0.0
346	32	32.0	0.0
347	32	32.0	0.0
348	32	32.0	0.0
349	32	32.0	0.0
350	32	32.0	0.0
351	32	32.0	0.0
352	32	32.0	0.0
353	32	32.0	0.0
354	32	32.0	0.0
355	32	32.0	0.0
356	32	32.0	0.0
357	32	32.0	0.0
358	32	32.0	0.0
359	32	32.0	0.0
360	32	32.0	0.0
361	32	32.0	0.0
362	32	32.0	0.0
363	32	32.0	0.0
364	32	32.0	0.0
365	32	32.0	0.0
366	32	32.0	0.0
367	32	32.0	0.0
368	32	32.0	0.0
369	32	32.0	0.0
370	32	32.0	0.0
371	32	32.0	0.0
372	32	32.0	0.0
373	32	32.0	0.0
374	32	32.0	0.0
375	32	32.0	0.0
376	32	32.0	0.0
377	32	32.0	0.0
378	32	32.0	0.0
379	32	32.0	0.0
380	32	32.0	0.0
381	32	32.0	0.0
382	32	32.0	0.0
383	32	32.0	0.0
384	32	32.0	0.0
385	32	32.0	0.0
386	32	32.0	0.0
387	32	32.0	0.0
388	32	32.0	0.0
389	32	32.0	0.0
390	32	32.0	0.0
391	32	32.0	0.0
392	32	32.0	0.0
393	32	32.0	0.0
394	32	32.0	0.0
395	32	32.0	0.0
396	32	32.0	0.0
397	32	32.0	0.0
398	32	32.0	0.0
399	32	32.0	0.0
400	32	32.0	0.0
1	40	55.43	6.8106607609
2	36	46.42	3.15651706791
3	33	42.605	2.40186906388
4	29	39.395	2.63988162613
5	27	36.195	2.87523477302
6	26	32.945	2.50638684165
7	25	29.965	1.63210753322
8	25	28.005	1.24297023295
9	25	26.28	0.656962708226
10	24	25.7	0.469041575982
11	24	24.975	0.15612494996
12	24	24.885	0.319021942819
13	24	24.52	0.499599839872
14	24	24.0	0.0
15	24	24.0	0.0
16	24	24.0	0.0
17	24	24.0	0.0
18	24	24.0	0.0
19	24	24.0	0.0
20	24	24.0	0.0
21	24	24.0	0.0
22	24	24.0	0.0
23	24	24.0	0.0
24	24	24.0	0.0
25	24	24.0	0.0
26	24	24.0	0.0
27	24	24.0	0.0
28	24	24.0	0.0
29	24	24.0	0.0
30	24	24.0	0.0
31	24	24.0	0.0
32	24	24.0	0.0
33	24	24.0	0.0
34	24	24.0	0.0
35	24	24.0	0.0
36	24	24.0	0.0
37	24	24.0	0.0
38	24	24.0	0.0
39	24	24.0	0.0
40	24	24.0	0.0
41	24	24.0	0.0
42	24	24.0	0.0
43	24	24.0	0.0
44	24	24.0	0.0
45	24	24.0	0.0
46	24	24.0	0.0
47	24	24.0	0.0
48	24	24.0	0.0
49	24	24.0	0.0
50	24	24.0	0.0
51	24	24.0	0.0
52	24	24.0	0.0
53	24	24.0	0.0
54	24	24.0	0.0
55	24	24.0	0.0
56	24	24.0	0.0
57	24	24.0	0.0
58	24	24.0	0.0
59	24	24.0	0.0
60	24	24.0	0.0
61	24	24.0	0.0
62	24	24.0	0.0
63	24	24.0	0.0
64	24	24.0	0.0
65	24	24.0	0.0
66	24	24.0	0.0
67	24	24.0	0.0
68	24	24.0	0.0
69	24	24.0	0.0
70	24	24.0	0.0
71	24	24.0	0.0
72	24	24.0	0.0
73	24	24.0	0.0
74	24	24.0	0.0
75	24	24.0	0.0
76	24	24.0	0.0
77	24	24.0	0.0
78	24	24.0	0.0
79	24	24.0	0.0
80	24	24.0	0.0
81	24	24.0	0.0
82	24	24.0	0.0
83	24	24.0	0.0
84	24	24.0	0.0
85	24	24.0	0.0
86	24	24.0	0.0
87	24	24.0	0.0
88	24	24.0	0.0
89	24	24.0	0.0
90	24	24.0	0.0
91	24	24.0	0.0
92	24	24.0	0.0
93	24	24.0	0.0
94	24	24.0	0.0
95	24	24.0	0.0
96	24	24.0	0.0
97	24	24.0	0.0
98	24	24.0	0.0
99	24	24.0	0.0
100	24	24.0	0.0
101	24	24.0	0.0
102	24	24.0	0.0
103	24	24.0	0.0
104	24	24.0	0.0
105	24	24.0	0.0
106	24	24.0	0.0
107	24	24.0	0.0
108	24	24.0	0.0
109	24	24.0	0.0
110	24	24.0	0.0
111	24	24.0	0.0
112	24	24.0	0.0
113	24	24.0	0.0
114	24	24.0	0.0
115	24	24.0	0.0
116	24	24.0	0.0
117	24	24.0	0.0
118	24	24.0	0.0
119	24	24.0	0.0
120	24	24.0	0.0
121	24	24.0	0.0
122	24	24.0	0.0
123	24	24.0	0.0
124	24	24.0	0.0
125	24	24.0	0.0
126	24	24.0	0.0
127	24	24.0	0.0
128	24	24.0	0.0
129	24	24.0	0.0
130	24	24.0	0.0
131	24	24.0	0.0
132	24	24.0	0.0
133	24	24.0	0.0
134	24	24.0	0.0
135	24	24.0	0.0
136	24	24.0	0.0
137	24	24.0	0.0
138	24	24.0	0.0
139	24	24.0	0.0
140	24	24.0	0.0
141	24	24.0	0.0
142	24	24.0	0.0
143	24	24.0	0.0
144	24	24.0	0.0
145	24	24.0	0.0
146	24	24.0	0.0
147	24	24.0	0.0
148	24	24.0	0.0
149	24	24.0	0.0
150	24	24.0	0.0
151	24	24.0	0.0
152	24	24.0	0.0
153	24	24.0	0.0
154	24	24.0	0.0
155	24	24.0	0.0
156	24	24.0	0.0
157	24	24.0	0.0
158	24	24.0	0.0
159	24	24.0	0.0
160	24	24.0	0.0
161	24	24.0	0.0
162	24	24.0	0.0
163	24	24.0	0.0
164	24	24.0	0.0
165	24	24.0	0.0
166	24	24.0	0.0
167	24	24.0	0.0
168	24	24.0	0.0
169	24	24.0	0.0
170	24	24.0	0.0
171	24	24.0	0.0
172	24	24.0	0.0
173	24	24.0	0.0
174	24	24.0	0.0
175	24	24.0	0.0
176	24	24.0	0.0
177	24	24.0	0.0
178	24	24.0	0.0
179	24	24.0	0.0
180	24	24.0	0.0
181	24	24.0	0.0
182	24	24.0	0.0
183	24	24.0	0.0
184	24	24.0	0.0
185	24	24.0	0.0
186	24	24.0	0.0
187	24	24.0	0.0
188	24	24.0	0.0
189	24	24.0	0.0
190	24	24.0	0.0
191	24	24.0	0.0
192	24	24.0	0.0
193	24	24.0	0.0
194	24	24.0	0.0
195	24	24.0	0.0
196	24	24.0	0.0
197	24	24.0	0.0
198	24	24.0	0.0
199	24	24.0	0.0
200	24	24.0	0.0
201	24	24.0	0.0
202	24	24.0	0.0
203	24	24.0	0.0
204	24	24.0	0.0
205	24	24.0	0.0
206	24	24.0	0.0
207	24	24.0	0.0
208	24	24.0	0.0
209	24	24.0	0.0
210	24	24.0	0.0
211	24	24.0	0.0
212	24	24.0	0.0
213	24	24.0	0.0
214	24	24.0	0.0
215	24	24.0	0.0
216	24	24.0	0.0
217	24	24.0	0.0
218	24	24.0	0.0
219	24	24.0	0.0
220	24	24.0	0.0
221	24	24.0	0.0
222	24	24.0	0.0
223	24	24.0	0.0
224	24	24.0	0.0
225	24	24.0	0.0
226	24	24.0	0.0
227	24	24.0	0.0
228	24	24.0	0.0
229	24	24.0	0.0
230	24	24.0	0.0
231	24	24.0	0.0
232	24	24.0	0.0
233	24	24.0	0.0
234	24	24.0	0.0
235	24	24.0	0.0
236	24	24.0	0.0
237	24	24.0	0.0
238	24	24.0	0.0
239	24	24.0	0.0
240	24	24.0	0.0
241	24	24.0	0.0
242	24	24.0	0.0
243	24	24.0	0.0
244	24	24.0	0.0
245	24	24.0	0.0
246	24	24.0	0.0
247	24	24.0	0.0
248	24	24.0	0.0
249	24	24.0	0.0
250	24	24.0	0.0
251	24	24.0	0.0
252	24	24.0	0.0
253	24	24.0	0.0
254	24	24.0	0.0
255	24	24.0	0.0
256	24	24.0	0.0
257	24	24.0	0.0
258	24	24.0	0.0
259	24	24.0	0.0
260	24	24.0	0.0
261	24	24.0	0.0
262	24	24.0	0.0
263	24	24.0	0.0
264	24	24.0	0.0
265	24	24.0	0.0
266	24	24.0	0.0
267	24	24.0	0.0
268	24	24.0	0.0
269	24	24.0	0.0
270	24	24.0	0.0
271	24	24.0	0.0
272	24	24.0	0.0
273	24	24.0	0.0
274	24	24.0	0.0
275	24	24.0	0.0
276	24	24.0	0.0
277	24	24.0	0.0
278	24	24.0	0.0
279	24	24.0	0.0
280	24	24.0	0.0
281	24	24.0	0.0
282	24	24.0	0.0
283	24	24.0	0.0
284	24	24.0	0.0
285	24	24.0	0.0
286	24	24.0	0.0
287	24	24.0	0.0
288	24	24.0	0.0
289	24	24.0	0.0
290	24	24.0	0.0
291	24	24.0	0.0
292	24	24.0	0.0
293	24	24.0	0.0
294	24	24.0	0.0
295	24	24.0	0.0
296	24	24.0	0.0
297	24	24.0	0.0
298	24	24.0	0.0
299	24	24.0	0.0
300	24	24.0	0.0
301	24	24.0	0.0
302	24	24.0	0.0
303	24	24.0	0.0
304	24	24.0	0.0
305	24	24.0	0.0
306	24	24.0	0.0
307	24	24.0	0.0
308	24	24.0	0.0
309	24	24.0	0.0
310	24	24.0	0.0
311	24	24.0	0.0
312	24	24.0	0.0
313	24	24.0	0.0
314	24	24.0	0.0
315	24	24.0	0.0
316	24	24.0	0.0
317	24	24.0	0.0
318	24	24.0	0.0
319	24	24.0	0.0
320	24	24.0	0.0
321	24	24.0	0.0
322	24	24.0	0.0
323	24	24.0	0.0
324	24	24.0	0.0
325	24	24.0	0.0
326	24	24.0	0.0
327	24	24.0	0.0
328	24	24.0	0.0
329	24	24.0	0.0
330	24	24.0	0.0
331	24	24.0	0.0
332	24	24.0	0.0
333	24	24.0	0.0
334	24	24.0	0.0
335	24	24.0	0.0
336	24	24.0	0.0
337	24	24.0	0.0
338	24	24.0	0.0
339	24	24.0	0.0
340	24	24.0	0.0
341	24	24.0	0.0
342	24	24.0	0.0
343	24	24.0	0.0
344	24	24.0	0.0
345	24	24.0	0.0
346	24	24.0	0.0
347	24	24.0	0.0
348	24	24.0	0.0
349	24	24.0	0.0
350	24	24.0	0.0
351	24	24.0	0.0
352	24	24.0	0.0
353	24	24.0	0.0
354	24	24.0	0.0
355	24	24.0	0.0
356	24	24.0	0.0
357	24	24.0	0.0
358	24	24.0	0.0
359	24	24.0	0.0
360	24	24.0	0.0
361	24	24.0	0.0
362	24	24.0	0.0
363	24	24.0	0.0
364	24	24.0	0.0
365	24	24.0	0.0
366	24	24.0	0.0
367	24	24.0	0.0
368	24	24.0	0.0
369	24	24.0	0.0
370	24	24.0	0.0
371	24	24.0	0.0
372	24	24.0	0.0
373	24	24.0	0.0
374	24	24.0	0.0
375	24	24.0	0.0
376	24	24.0	0.0
377	24	24.0	0.0
378	24	24.0	0.0
379	24	24.0	0.0
380	24	24.0	0.0
381	24	24.0	0.0
382	24	24.0	0.0
383	24	24.0	0.0
384	24	24.0	0.0
385	24	24.0	0.0
386	24	24.0	0.0
387	24	24.0	0.0
388	24	24.0	0.0
389	24	24.0	0.0
390	24	24.0	0.0
391	24	24.0	0.0
392	24	24.0	0.0
393	24	24.0	0.0
394	24	24.0	0.0
395	24	24.0	0.0
396	24	24.0	0.0
397	24	24.0	0.0
398	24	24.0	0.0
399	24	24.0	0.0
400	24	24.0	0.0
1	34	53.325	7.41952660215
2	32	44.785	3.34346751143
3	32	40.88	3.15841732518
4	32	36.575	2.54251352012
5	32	33.75	1.21963109177
6	30	32.255	0.905524709768
7	29	31.93	0.913838060052
8	27	31.29	1.08899035808
9	27	30.04	0.931879820578
10	27	29.335	1.35380020683
11	27	27.62	0.731846978541
12	27	27.0	0.0
13	27	27.0	0.0
14	27	27.0	0.0
15	27	27.0	0.0
16	27	27.0	0.0
17	27	27.0	0.0
18	27	27.0	0.0
19	27	27.0	0.0
20	27	27.0	0.0
21	27	27.0	0.0
22	27	27.0	0.0
23	27	27.0	0.0
24	27	27.0	0.0
25	27	27.0	0.0
26	27	27.0	0.0
27	27	27.0	0.0
28	27	27.0	0.0
29	27	27.0	0.0
30	27	27.0	0.0
31	27	27.0	0.0
32	27	27.0	0.0
33	27	27.0	0.0
34	27	27.0	0.0
35	27	27.0	0.0
36	27	27.0	0.0
37	27	27.0	0.0
38	27	27.0	0.0
39	27	27.0	0.0
40	27	27.0	0.0
41	27	27.0	0.0
42	27	27.0	0.0
43	27	27.0	0.0
44	27	27.0	0.0
45	27	27.0	0.0
46	27	27.0	0.0
47	27	27.0	0.0
48	27	27.0	0.0
49	27	27.0	0.0
50	27	27.0	0.0
51	27	27.0	0.0
52	27	27.0	0.0
53	27	27.0	0.0
54	27	27.0	0.0
55	27	27.0	0.0
56	27	27.0	0.0
57	27	27.0	0.0
58	27	27.0	0.0
59	27	27.0	0.0
60	27	27.0	0.0
61	27	27.0	0.0
62	27	27.0	0.0
63	27	27.0	0.0
64	27	27.0	0.0
65	27	27.0	0.0
66	27	27.0	0.0
67	27	27.0	0.0
68	27	27.0	0.0
69	27	27.0	0.0
70	27	27.0	0.0
71	27	27.0	0.0
72	27	27.0	0.0
73	27	27.0	0.0
74	27	27.0	0.0
75	27	27.0	0.0
76	27	27.0	0.0
77	27	27.0	0.0
78	27	27.0	0.0
79	27	27.0	0.0
80	27	27.0	0.0
81	27	27.0	0.0
82	27	27.0	0.0
83	27	27.0	0.0
84	27	27.0	0.0
85	27	27.0	0.0
86	27	27.0	0.0
87	27	27.0	0.0
88	27	27.0	0.0
89	27	27.0	0.0
90	27	27.0	0.0
91	27	27.0	0.0
92	27	27.0	0.0
93	27	27.0	0.0
94	27	27.0	0.0
95	27	27.0	0.0
96	27	27.0	0.0
97	27	27.0	0.0
98	27	27.0	0.0
99	27	27.0	0.0
100	27	27.0	0.0
101	27	27.0	0.0
102	27	27.0	0.0
103	27	27.0	0.0
104	27	27.0	0.0
105	27	27.0	0.0
106	27	27.0	0.0
107	27	27.0	0.0
108	27	27.0	0.0
109	27	27.0	0.0
110	27	27.0	0.0
111	27	27.0	0.0
112	27	27.0	0.0
113	27	27.0	0.0
114	27	27.0	0.0
115	27	27.0	0.0
116	27	27.0	0.0
117	27	27.0	0.0
118	27	27.0	0.0
119	27	27.0	0.0
120	27	27.0	0.0
121	27	27.0	0.0
122	27	27.0	0.0
123	27	27.0	0.0
124	27	27.0	0.0
125	27	27.0	0.0
126	27	27.0	0.0
127	27	27.0	0.0
128	27	27.0	0.0
129	27	27.0	0.0
130	27	27.0	0.0
131	27	27.0	0.0
132	27	27.0	0.0
133	27	27.0	0.0
134	27	27.0	0.0
135	27	27.0	0.0
136	27	27.0	0.0
137	27	27.0	0.0
138	27	27.0	0.0
139	27	27.0	0.0
140	27	27.0	0.0
141	27	27.0	0.0
142	27	27.0	0.0
143	27	27.0	0.0
144	27	27.0	0.0
145	27	27.0	0.0
146	27	27.0	0.0
147	27	27.0	0.0
148	27	27.0	0.0
149	27	27.0	0.0
150	27	27.0	0.0
151	27	27.0	0.0
152	27	27.0	0.0
153	27	27.0	0.0
154	27	27.0	0.0
155	27	27.0	0.0
156	27	27.0	0.0
157	27	27.0	0.0
158	27	27.0	0.0
159	27	27.0	0.0
160	27	27.0	0.0
161	27	27.0	0.0
162	27	27.0	0.0
163	27	27.0	0.0
164	27	27.0	0.0
165	27	27.0	0.0
166	27	27.0	0.0
167	27	27.0	0.0
168	27	27.0	0.0
169	27	27.0	0.0
170	27	27.0	0.0
171	27	27.0	0.0
172	27	27.0	0.0
173	27	27.0	0.0
174	27	27.0	0.0
175	27	27.0	0.0
176	27	27.0	0.0
177	27	27.0	0.0
178	27	27.0	0.0
179	27	27.0	0.0
180	27	27.0	0.0
181	27	27.0	0.0
182	27	27.0	0.0
183	27	27.0	0.0
184	27	27.0	0.0
185	27	27.0	0.0
186	27	27.0	0.0
187	27	27.0	0.0
188	27	27.0	0.0
189	27	27.0	0.0
190	27	27.0	0.0
191	27	27.0	0.0
192	27	27.0	0.0
193	27	27.0	0.0
194	27	27.0	0.0
195	27	27.0	0.0
196	27	27.0	0.0
197	27	27.0	0.0
198	27	27.0	0.0
199	27	27.0	0.0
200	27	27.0	0.0
201	27	27.0	0.0
202	27	27.0	0.0
203	27	27.0	0.0
204	27	27.0	0.0
205	27	27.0	0.0
206	27	27.0	0.0
207	27	27.0	0.0
208	27	27.0	0.0
209	27	27.0	0.0
210	27	27.0	0.0
211	27	27.0	0.0
212	27	27.0	0.0
213	27	27.0	0.0
214	27	27.0	0.0
215	27	27.0	0.0
216	27	27.0	0.0
217	27	27.0	0.0
218	27	27.0	0.0
219	27	27.0	0.0
220	27	27.0	0.0
221	27	27.0	0.0
222	27	27.0	0.0
223	27	27.0	0.0
224	27	27.0	0.0
225	27	27.0	0.0
226	27	27.0	0.0
227	27	27.0	0.0
228	27	27.0	0.0
229	27	27.0	0.0
230	27	27.0	0.0
231	27	27.0	0.0
232	27	27.0	0.0
233	27	27.0	0.0
234	27	27.0	0.0
235	27	27.0	0.0
236	27	27.0	0.0
237	27	27.0	0.0
238	27	27.0	0.0
239	27	27.0	0.0
240	27	27.0	0.0
241	27	27.0	0.0
242	27	27.0	0.0
243	27	27.0	0.0
244	27	27.0	0.0
245	27	27.0	0.0
246	27	27.0	0.0
247	27	27.0	0.0
248	27	27.0	0.0
249	27	27.0	0.0
250	27	27.0	0.0
251	27	27.0	0.0
252	27	27.0	0.0
253	27	27.0	0.0
254	27	27.0	0.0
255	27	27.0	0.0
256	27	27.0	0.0
257	27	27.0	0.0
258	27	27.0	0.0
259	27	27.0	0.0
260	27	27.0	0.0
261	27	27.0	0.0
262	27	27.0	0.0
263	27	27.0	0.0
264	27	27.0	0.0
265	27	27.0	0.0
266	27	27.0	0.0
267	27	27.0	0.0
268	27	27.0	0.0
269	27	27.0	0.0
270	27	27.0	0.0
271	27	27.0	0.0
272	27	27.0	0.0
273	27	27.0	0.0
274	27	27.0	0.0
275	27	27.0	0.0
276	27	27.0	0.0
277	27	27.0	0.0
278	27	27.0	0.0
279	27	27.0	0.0
280	27	27.0	0.0
281	27	27.0	0.0
282	27	27.0	0.0
283	27	27.0	0.0
284	27	27.0	0.0
285	27	27.0	0.0
286	27	27.0	0.0
287	27	27.0	0.0
288	27	27.0	0.0
289	27	27.0	0.0
290	27	27.0	0.0
291	27	27.0	0.0
292	27	27.0	0.0
293	27	27.0	0.0
294	27	27.0	0.0
295	27	27.0	0.0
296	27	27.0	0.0
297	27	27.0	0.0
298	27	27.0	0.0
299	27	27.0	0.0
300	27	27.0	0.0
301	27	27.0	0.0
302	27	27.0	0.0
303	27	27.0	0.0
304	27	27.0	0.0
305	27	27.0	0.0
306	27	27.0	0.0
307	27	27.0	0.0
308	27	27.0	0.0
309	27	27.0	0.0
310	27	27.0	0.0
311	27	27.0	0.0
312	27	27.0	0.0
313	27	27.0	0.0
314	27	27.0	0.0
315	27	27.0	0.0
316	27	27.0	0.0
317	27	27.0	0.0
318	27	27.0	0.0
319	27	27.0	0.0
320	27	27.0	0.0
321	27	27.0	0.0
322	27	27.0	0.0
323	27	27.0	0.0
324	27	27.0	0.0
325	27	27.0	0.0
326	27	27.0	0.0
327	27	27.0	0.0
328	27	27.0	0.0
329	27	27.0	0.0
330	27	27.0	0.0
331	27	27.0	0.0
332	27	27.0	0.0
333	27	27.0	0.0
334	27	27.0	0.0
335	27	27.0	0.0
336	27	27.0	0.0
337	27	27.0	0.0
338	27	27.0	0.0
339	27	27.0	0.0
340	27	27.0	0.0
341	27	27.0	0.0
342	27	27.0	0.0
343	27	27.0	0.0
344	27	27.0	0.0
345	27	27.0	0.0
346	27	27.0	0.0
347	27	27.0	0.0
348	27	27.0	0.0
349	27	27.0	0.0
350	27	27.0	0.0
351	27	27.0	0.0
352	27	27.0	0.0
353	27	27.0	0.0
354	27	27.0	0.0
355	27	27.0	0.0
356	27	27.0	0.0
357	27	27.0	0.0
358	27	27.0	0.0
359	27	27.0	0.0
360	27	27.0	0.0
361	27	27.0	0.0
362	27	27.0	0.0
363	27	27.0	0.0
364	27	27.0	0.0
365	27	27.0	0.0
366	27	27.0	0.0
367	27	27.0	0.0
368	27	27.0	0.0
369	27	27.0	0.0
370	27	27.0	0.0
371	27	27.0	0.0
372	27	27.0	0.0
373	27	27.0	0.0
374	27	27.0	0.0
375	27	27.0	0.0
376	27	27.0	0.0
377	27	27.0	0.0
378	27	27.0	0.0
379	27	27.0	0.0
380	27	27.0	0.0
381	27	27.0	0.0
382	27	27.0	0.0
383	27	27.0	0.0
384	27	27.0	0.0
385	27	27.0	0.0
386	27	27.0	0.0
387	27	27.0	0.0
388	27	27.0	0.0
389	27	27.0	0.0
390	27	27.0	0.0
391	27	27.0	0.0
392	27	27.0	0.0
393	27	27.0	0.0
394	27	27.0	0.0
395	27	27.0	0.0
396	27	27.0	0.0
397	27	27.0	0.0
398	27	27.0	0.0
399	27	27.0	0.0
400	27	27.0	0.0
1	40	52.805	7.26202278983
2	37	44.985	2.62959597657
3	36	41.895	1.89577820433
4	33	39.785	2.02454315834
5	32	37.395	1.74326561373
6	31	35.255	1.90524932752
7	28	33.29	1.51191931002
8	28	31.775	1.36542118044
9	28	30.435	1.25529876922
10	28	28.755	0.651901066114
11	28	28.0	0.0
12	28	28.0	0.0
13	28	28.0	0.0
14	28	28.0	0.0
15	28	28.0	0.0
16	28	28.0	0.0
17	28	28.0	0.0
18	28	28.0	0.0
19	28	28.0	0.0
20	28	28.0	0.0
21	28	28.0	0.0
22	28	28.0	0.0
23	28	28.0	0.0
24	28	28.0	0.0
25	28	28.0	0.0
26	28	28.0	0.0
27	28	28.0	0.0
28	28	28.0	0.0
29	28	28.0	0.0
30	28	28.0	0.0
31	28	28.0	0.0
32	28	28.0	0.0
33	28	28.0	0.0
34	28	28.0	0.0
35	28	28.0	0.0
36	28	28.0	0.0
37	28	28.0	0.0
38	28	28.0	0.0
39	28	28.0	0.0
40	28	28.0	0.0
41	28	28.0	0.0
42	28	28.0	0.0
43	28	28.0	0.0
44	28	28.0	0.0
45	28	28.0	0.0
46	28	28.0	0.0
47	28	28.0	0.0
48	28	28.0	0.0
49	28	28.0	0.0
50	28	28.0	0.0
51	28	28.0	0.0
52	28	28.0	0.0
53	28	28.0	0.0
54	28	28.0	0.0
55	28	28.0	0.0
56	28	28.0	0.0
57	28	28.0	0.0
58	28	28.0	0.0
59	28	28.0	0.0
60	28	28.0	0.0
61	28	28.0	0.0
62	28	28.0	0.0
63	28	28.0	0.0
64	28	28.0	0.0
65	28	28.0	0.0
66	28	28.0	0.0
67	28	28.0	0.0
68	28	28.0	0.0
69	28	28.0	0.0
70	28	28.0	0.0
71	28	28.0	0.0
72	28	28.0	0.0
73	28	28.0	0.0
74	28	28.0	0.0
75	28	28.0	0.0
76	28	28.0	0.0
77	28	28.0	0.0
78	28	28.0	0.0
79	28	28.0	0.0
80	28	28.0	0.0
81	28	28.0	0.0
82	28	28.0	0.0
83	28	28.0	0.0
84	28	28.0	0.0
85	28	28.0	0.0
86	28	28.0	0.0
87	28	28.0	0.0
88	28	28.0	0.0
89	28	28.0	0.0
90	28	28.0	0.0
91	28	28.0	0.0
92	28	28.0	0.0
93	28	28.0	0.0
94	28	28.0	0.0
95	28	28.0	0.0
96	28	28.0	0.0
97	28	28.0	0.0
98	28	28.0	0.0
99	28	28.0	0.0
100	28	28.0	0.0
101	28	28.0	0.0
102	28	28.0	0.0
103	28	28.0	0.0
104	28	28.0	0.0
105	28	28.0	0.0
106	28	28.0	0.0
107	28	28.0	0.0
108	28	28.0	0.0
109	28	28.0	0.0
110	28	28.0	0.0
111	28	28.0	0.0
112	28	28.0	0.0
113	28	28.0	0.0
114	28	28.0	0.0
115	28	28.0	0.0
116	28	28.0	0.0
117	28	28.0	0.0
118	28	28.0	0.0
119	28	28.0	0.0
120	28	28.0	0.0
121	28	28.0	0.0
122	28	28.0	0.0
123	28	28.0	0.0
124	28	28.0	0.0
125	28	28.0	0.0
126	28	28.0	0.0
127	28	28.0	0.0
128	28	28.0	0.0
129	28	28.0	0.0
130	28	28.0	0.0
131	28	28.0	0.0
132	28	28.0	0.0
133	28	28.0	0.0
134	28	28.0	0.0
135	28	28.0	0.0
136	28	28.0	0.0
137	28	28.0	0.0
138	28	28.0	0.0
139	28	28.0	0.0
140	28	28.0	0.0
141	28	28.0	0.0
142	28	28.0	0.0
143	28	28.0	0.0
144	28	28.0	0.0
145	28	28.0	0.0
146	28	28.0	0.0
147	28	28.0	0.0
148	28	28.0	0.0
149	28	28.0	0.0
150	28	28.0	0.0
151	28	28.0	0.0
152	28	28.0	0.0
153	28	28.0	0.0
154	28	28.0	0.0
155	28	28.0	0.0
156	28	28.0	0.0
157	28	28.0	0.0
158	28	28.0	0.0
159	28	28.0	0.0
160	28	28.0	0.0
161	28	28.0	0.0
162	28	28.0	0.0
163	28	28.0	0.0
164	28	28.0	0.0
165	28	28.0	0.0
166	28	28.0	0.0
167	28	28.0	0.0
168	28	28.0	0.0
169	28	28.0	0.0
170	28	28.0	0.0
171	28	28.0	0.0
172	28	28.0	0.0
173	28	28.0	0.0
174	28	28.0	0.0
175	28	28.0	0.0
176	28	28.0	0.0
177	28	28.0	0.0
178	28	28.0	0.0
179	28	28.0	0.0
180	28	28.0	0.0
181	28	28.0	0.0
182	28	28.0	0.0
183	28	28.0	0.0
184	28	28.0	0.0
185	28	28.0	0.0
186	28	28.0	0.0
187	28	28.0	0.0
188	28	28.0	0.0
189	28	28.0	0.0
190	28	28.0	0.0
191	28	28.0	0.0
192	28	28.0	0.0
193	28	28.0	0.0
194	28	28.0	0.0
195	28	28.0	0.0
196	28	28.0	0.0
197	28	28.0	0.0
198	28	28.0	0.0
199	28	28.0	0.0
200	28	28.0	0.0
201	28	28.0	0.0
202	28	28.0	0.0
203	28	28.0	0.0
204	28	28.0	0.0
205	28	28.0	0.0
206	28	28.0	0.0
207	28	28.0	0.0
208	28	28.0	0.0
209	28	28.0	0.0
210	28	28.0	0.0
211	28	28.0	0.0
212	28	28.0	0.0
213	28	28.0	0.0
214	28	28.0	0.0
215	28	28.0	0.0
216	28	28.0	0.0
217	28	28.0	0.0
218	28	28.0	0.0
219	28	28.0	0.0
220	28	28.0	0.0
221	28	28.0	0.0
222	28	28.0	0.0
223	28	28.0	0.0
224	28	28.0	0.0
225	28	28.0	0.0
226	28	28.0	0.0
227	28	28.0	0.0
228	28	28.0	0.0
229	28	28.0	0.0
230	28	28.0	0.0
231	28	28.0	0.0
232	28	28.0	0.0
233	28	28.0	0.0
234	28	28.0	0.0
235	28	28.0	0.0
236	28	28.0	0.0
237	28	28.0	0.0
238	28	28.0	0.0
239	28	28.0	0.0
240	28	28.0	0.0
241	28	28.0	0.0
242	28	28.0	0.0
243	28	28.0	0.0
244	28	28.0	0.0
245	28	28.0	0.0
246	28	28.0	0.0
247	28	28.0	0.0
248	28	28.0	0.0
249	28	28.0	0.0
250	28	28.0	0.0
251	28	28.0	0.0
252	28	28.0	0.0
253	28	28.0	0.0
254	28	28.0	0.0
255	28	28.0	0.0
256	28	28.0	0.0
257	28	28.0	0.0
258	28	28.0	0.0
259	28	28.0	0.0
260	28	28.0	0.0
261	28	28.0	0.0
262	28	28.0	0.0
263	28	28.0	0.0
264	28	28.0	0.0
265	28	28.0	0.0
266	28	28.0	0.0
267	28	28.0	0.0
268	28	28.0	0.0
269	28	28.0	0.0
270	28	28.0	0.0
271	28	28.0	0.0
272	28	28.0	0.0
273	28	28.0	0.0
274	28	28.0	0.0
275	28	28.0	0.0
276	28	28.0	0.0
277	28	28.0	0.0
278	28	28.0	0.0
279	28	28.0	0.0
280	28	28.0	0.0
281	28	28.0	0.0
282	28	28.0	0.0
283	28	28.0	0.0
284	28	28.0	0.0
285	28	28.0	0.0
286	28	28.0	0.0
287	28	28.0	0.0
288	28	28.0	0.0
289	28	28.0	0.0
290	28	28.0	0.0
291	28	28.0	0.0
292	28	28.0	0.0
293	28	28.0	0.0
294	28	28.0	0.0
295	28	28.0	0.0
296	28	28.0	0.0
297	28	28.0	0.0
298	28	28.0	0.0
299	28	28.0	0.0
300	28	28.0	0.0
301	28	28.0	0.0
302	28	28.0	0.0
303	28	28.0	0.0
304	28	28.0	0.0
305	28	28.0	0.0
306	28	28.0	0.0
307	28	28.0	0.0
308	28	28.0	0.0
309	28	28.0	0.0
310	28	28.0	0.0
311	28	28.0	0.0
312	28	28.0	0.0
313	28	28.0	0.0
314	28	28.0	0.0
315	28	28.0	0.0
316	28	28.0	0.0
317	28	28.0	0.0
318	28	28.0	0.0
319	28	28.0	0.0
320	28	28.0	0.0
321	28	28.0	0.0
322	28	28.0	0.0
323	28	28.0	0.0
324	28	28.0	0.0
325	28	28.0	0.0
326	28	28.0	0.0
327	28	28.0	0.0
328	28	28.0	0.0
329	28	28.0	0.0
330	28	28.0	0.0
331	28	28.0	0.0
332	28	28.0	0.0
333	28	28.0	0.0
334	28	28.0	0.0
335	28	28.0	0.0
336	28	28.0	0.0
337	28	28.0	0.0
338	28	28.0	0.0
339	28	28.0	0.0
340	28	28.0	0.0
341	28	28.0	0.0
342	28	28.0	0.0
343	28	28.0	0.0
344	28	28.0	0.0
345	28	28.0	0.0
346	28	28.0	0.0
347	28	28.0	0.0
348	28	28.0	0.0
349	28	28.0	0.0
350	28	28.0	0.0
351	28	28.0	0.0
352	28	28.0	0.0
353	28	28.0	0.0
354	28	28.0	0.0
355	28	28.0	0.0
356	28	28.0	0.0
357	28	28.0	0.0
358	28	28.0	0.0
359	28	28.0	0.0
360	28	28.0	0.0
361	28	28.0	0.0
362	28	28.0	0.0
363	28	28.0	0.0
364	28	28.0	0.0
365	28	28.0	0.0
366	28	28.0	0.0
367	28	28.0	0.0
368	28	28.0	0.0
369	28	28.0	0.0
370	28	28.0	0.0
371	28	28.0	0.0
372	28	28.0	0.0
373	28	28.0	0.0
374	28	28.0	0.0
375	28	28.0	0.0
376	28	28.0	0.0
377	28	28.0	0.0
378	28	28.0	0.0
379	28	28.0	0.0
380	28	28.0	0.0
381	28	28.0	0.0
382	28	28.0	0.0
383	28	28.0	0.0
384	28	28.0	0.0
385	28	28.0	0.0
386	28	28.0	0.0
387	28	28.0	0.0
388	28	28.0	0.0
389	28	28.0	0.0
390	28	28.0	0.0
391	28	28.0	0.0
392	28	28.0	0.0
393	28	28.0	0.0
394	28	28.0	0.0
395	28	28.0	0.0
396	28	28.0	0.0
397	28	28.0	0.0
398	28	28.0	0.0
399	28	28.0	0.0
400	28	28.0	0.0
1	36	51.845	6.83893083749
2	36	44.775	2.55232736928
3	33	41.23	2.42014462378
4	30	38.515	2.27810776742
5	30	36.11	2.04643592619
6	30	34.035	2.21444688354
7	30	31.045	1.39748881928
8	29	29.99	0.0994987437107
9	29	29.96	0.195959179423
10	29	29.835	0.409603466782
11	29	29.425	0.65144071104
12	29	29.0	0.0
13	29	29.0	0.0
14	29	29.0	0.0
15	29	29.0	0.0
16	29	29.0	0.0
17	29	29.0	0.0
18	29	29.0	0.0
19	29	29.0	0.0
20	29	29.0	0.0
21	29	29.0	0.0
22	29	29.0	0.0
23	29	29.0	0.0
24	29	29.0	0.0
25	29	29.0	0.0
26	29	29.0	0.0
27	29	29.0	0.0
28	29	29.0	0.0
29	29	29.0	0.0
30	29	29.0	0.0
31	29	29.0	0.0
32	29	29.0	0.0
33	29	29.0	0.0
34	29	29.0	0.0
35	29	29.0	0.0
36	29	29.0	0.0
37	29	29.0	0.0
38	29	29.0	0.0
39	29	29.0	0.0
40	29	29.0	0.0
41	29	29.0	0.0
42	29	29.0	0.0
43	29	29.0	0.0
44	29	29.0	0.0
45	29	29.0	0.0
46	29	29.0	0.0
47	29	29.0	0.0
48	29	29.0	0.0
49	29	29.0	0.0
50	29	29.0	0.0
51	29	29.0	0.0
52	29	29.0	0.0
53	29	29.0	0.0
54	29	29.0	0.0
55	29	29.0	0.0
56	29	29.0	0.0
57	29	29.0	0.0
58	29	29.0	0.0
59	29	29.0	0.0
60	29	29.0	0.0
61	29	29.0	0.0
62	29	29.0	0.0
63	29	29.0	0.0
64	29	29.0	0.0
65	29	29.0	0.0
66	29	29.0	0.0
67	29	29.0	0.0
68	29	29.0	0.0
69	29	29.0	0.0
70	29	29.0	0.0
71	29	29.0	0.0
72	29	29.0	0.0
73	29	29.0	0.0
74	29	29.0	0.0
75	29	29.0	0.0
76	29	29.0	0.0
77	29	29.0	0.0
78	29	29.0	0.0
79	29	29.0	0.0
80	29	29.0	0.0
81	29	29.0	0.0
82	29	29.0	0.0
83	29	29.0	0.0
84	29	29.0	0.0
85	29	29.0	0.0
86	29	29.0	0.0
87	29	29.0	0.0
88	29	29.0	0.0
89	29	29.0	0.0
90	29	29.0	0.0
91	29	29.0	0.0
92	29	29.0	0.0
93	29	29.0	0.0
94	29	29.0	0.0
95	29	29.0	0.0
96	29	29.0	0.0
97	29	29.0	0.0
98	29	29.0	0.0
99	29	29.0	0.0
100	29	29.0	0.0
101	29	29.0	0.0
102	29	29.0	0.0
103	29	29.0	0.0
104	29	29.0	0.0
105	29	29.0	0.0
106	29	29.0	0.0
107	29	29.0	0.0
108	29	29.0	0.0
109	29	29.0	0.0
110	29	29.0	0.0
111	29	29.0	0.0
112	29	29.0	0.0
113	29	29.0	0.0
114	29	29.0	0.0
115	29	29.0	0.0
116	29	29.0	0.0
117	29	29.0	0.0
118	29	29.0	0.0
119	29	29.0	0.0
120	29	29.0	0.0
121	29	29.0	0.0
122	29	29.0	0.0
123	29	29.0	0.0
124	29	29.0	0.0
125	29	29.0	0.0
126	29	29.0	0.0
127	29	29.0	0.0
128	29	29.0	0.0
129	29	29.0	0.0
130	29	29.0	0.0
131	29	29.0	0.0
132	29	29.0	0.0
133	29	29.0	0.0
134	29	29.0	0.0
135	29	29.0	0.0
136	29	29.0	0.0
137	29	29.0	0.0
138	29	29.0	0.0
139	29	29.0	0.0
140	29	29.0	0.0
141	29	29.0	0.0
142	29	29.0	0.0
143	29	29.0	0.0
144	29	29.0	0.0
145	29	29.0	0.0
146	29	29.0	0.0
147	29	29.0	0.0
148	29	29.0	0.0
149	29	29.0	0.0
150	29	29.0	0.0
151	29	29.0	0.0
152	29	29.0	0.0
153	29	29.0	0.0
154	29	29.0	0.0
155	29	29.0	0.0
156	29	29.0	0.0
157	29	29.0	0.0
158	29	29.0	0.0
159	29	29.0	0.0
160	29	29.0	0.0
161	29	29.0	0.0
162	29	29.0	0.0
163	29	29.0	0.0
164	29	29.0	0.0
165	29	29.0	0.0
166	29	29.0	0.0
167	29	29.0	0.0
168	29	29.0	0.0
169	29	29.0	0.0
170	29	29.0	0.0
171	29	29.0	0.0
172	29	29.0	0.0
173	29	29.0	0.0
174	29	29.0	0.0
175	29	29.0	0.0
176	29	29.0	0.0
177	29	29.0	0.0
178	29	29.0	0.0
179	29	29.0	0.0
180	29	29.0	0.0
181	29	29.0	0.0
182	29	29.0	0.0
183	29	29.0	0.0
184	29	29.0	0.0
185	29	29.0	0.0
186	29	29.0	0.0
187	29	29.0	0.0
188	29	29.0	0.0
189	29	29.0	0.0
190	29	29.0	0.0
191	29	29.0	0.0
192	29	29.0	0.0
193	29	29.0	0.0
194	29	29.0	0.0
195	29	29.0	0.0
196	29	29.0	0.0
197	29	29.0	0.0
198	29	29.0	0.0
199	29	29.0	0.0
200	29	29.0	0.0
201	29	29.0	0.0
202	29	29.0	0.0
203	29	29.0	0.0
204	29	29.0	0.0
205	29	29.0	0.0
206	29	29.0	0.0
207	29	29.0	0.0
208	29	29.0	0.0
209	29	29.0	0.0
210	29	29.0	0.0
211	29	29.0	0.0
212	29	29.0	0.0
213	29	29.0	0.0
214	29	29.0	0.0
215	29	29.0	0.0
216	29	29.0	0.0
217	29	29.0	0.0
218	29	29.0	0.0
219	29	29.0	0.0
220	29	29.0	0.0
221	29	29.0	0.0
222	29	29.0	0.0
223	29	29.0	0.0
224	29	29.0	0.0
225	29	29.0	0.0
226	29	29.0	0.0
227	29	29.0	0.0
228	29	29.0	0.0
229	29	29.0	0.0
230	29	29.0	0.0
231	29	29.0	0.0
232	29	29.0	0.0
233	29	29.0	0.0
234	29	29.0	0.0
235	29	29.0	0.0
236	29	29.0	0.0
237	29	29.0	0.0
238	29	29.0	0.0
239	29	29.0	0.0
240	29	29.0	0.0
241	29	29.0	0.0
242	29	29.0	0.0
243	29	29.0	0.0
244	29	29.0	0.0
245	29	29.0	0.0
246	29	29.0	0.0
247	29	29.0	0.0
248	29	29.0	0.0
249	29	29.0	0.0
250	29	29.0	0.0
251	29	29.0	0.0
252	29	29.0	0.0
253	29	29.0	0.0
254	29	29.0	0.0
255	29	29.0	0.0
256	29	29.0	0.0
257	29	29.0	0.0
258	29	29.0	0.0
259	29	29.0	0.0
260	29	29.0	0.0
261	29	29.0	0.0
262	29	29.0	0.0
263	29	29.0	0.0
264	29	29.0	0.0
265	29	29.0	0.0
266	29	29.0	0.0
267	29	29.0	0.0
268	29	29.0	0.0
269	29	29.0	0.0
270	29	29.0	0.0
271	29	29.0	0.0
272	29	29.0	0.0
273	29	29.0	0.0
274	29	29.0	0.0
275	29	29.0	0.0
276	29	29.0	0.0
277	29	29.0	0.0
278	29	29.0	0.0
279	29	29.0	0.0
280	29	29.0	0.0
281	29	29.0	0.0
282	29	29.0	0.0
283	29	29.0	0.0
284	29	29.0	0.0
285	29	29.0	0.0
286	29	29.0	0.0
287	29	29.0	0.0
288	29	29.0	0.0
289	29	29.0	0.0
290	29	29.0	0.0
291	29	29.0	0.0
292	29	29.0	0.0
293	29	29.0	0.0
294	29	29.0	0.0
295	29	29.0	0.0
296	29	29.0	0.0
297	29	29.0	0.0
298	29	29.0	0.0
299	29	29.0	0.0
300	29	29.0	0.0
301	29	29.0	0.0
302	29	29.0	0.0
303	29	29.0	0.0
304	29	29.0	0.0
305	29	29.0	0.0
306	29	29.0	0.0
307	29	29.0	0.0
308	29	29.0	0.0
309	29	29.0	0.0
310	29	29.0	0.0
311	29	29.0	0.0
312	29	29.0	0.0
313	29	29.0	0.0
314	29	29.0	0.0
315	29	29.0	0.0
316	29	29.0	0.0
317	29	29.0	0.0
318	29	29.0	0.0
319	29	29.0	0.0
320	29	29.0	0.0
321	29	29.0	0.0
322	29	29.0	0.0
323	29	29.0	0.0
324	29	29.0	0.0
325	29	29.0	0.0
326	29	29.0	0.0
327	29	29.0	0.0
328	29	29.0	0.0
329	29	29.0	0.0
330	29	29.0	0.0
331	29	29.0	0.0
332	29	29.0	0.0
333	29	29.0	0.0
334	29	29.0	0.0
335	29	29.0	0.0
336	29	29.0	0.0
337	29	29.0	0.0
338	29	29.0	0.0
339	29	29.0	0.0
340	29	29.0	0.0
341	29	29.0	0.0
342	29	29.0	0.0
343	29	29.0	0.0
344	29	29.0	0.0
345	29	29.0	0.0
346	29	29.0	0.0
347	29	29.0	0.0
348	29	29.0	0.0
349	29	29.0	0.0
350	29	29.0	0.0
351	29	29.0	0.0
352	29	29.0	0.0
353	29	29.0	0.0
354	29	29.0	0.0
355	29	29.0	0.0
356	29	29.0	0.0
357	29	29.0	0.0
358	29	29.0	0.0
359	29	29.0	0.0
360	29	29.0	0.0
361	29	29.0	0.0
362	29	29.0	0.0
363	29	29.0	0.0
364	29	29.0	0.0
365	29	29.0	0.0
366	29	29.0	0.0
367	29	29.0	0.0
368	29	29.0	0.0
369	29	29.0	0.0
370	29	29.0	0.0
371	29	29.0	0.0
372	29	29.0	0.0
373	29	29.0	0.0
374	29	29.0	0.0
375	29	29.0	0.0
376	29	29.0	0.0
377	29	29.0	0.0
378	29	29.0	0.0
379	29	29.0	0.0
380	29	29.0	0.0
381	29	29.0	0.0
382	29	29.0	0.0
383	29	29.0	0.0
384	29	29.0	0.0
385	29	29.0	0.0
386	29	29.0	0.0
387	29	29.0	0.0
388	29	29.0	0.0
389	29	29.0	0.0
390	29	29.0	0.0
391	29	29.0	0.0
392	29	29.0	0.0
393	29	29.0	0.0
394	29	29.0	0.0
395	29	29.0	0.0
396	29	29.0	0.0
397	29	29.0	0.0
398	29	29.0	0.0
399	29	29.0	0.0
400	29	29.0	0.0
1	37	51.51	6.8036681283
2	36	44.44	2.69191381734
3	36	41.755	2.36536994992
4	34	39.285	1.9219196133
5	32	37.26	2.15694228017
6	29	35.22	2.05221831197
7	28	32.885	1.91879519491
8	28	30.725	1.59667623518
9	27	28.995	0.504950492623
10	27	28.655	0.613168003079
11	26	27.88	0.406939798988
12	26	27.415	0.568132906986
13	26	26.885	0.319021942819
14	26	26.485	0.499774949352
15	26	26.0	0.0
16	26	26.0	0.0
17	26	26.0	0.0
18	26	26.0	0.0
19	26	26.0	0.0
20	26	26.0	0.0
21	26	26.0	0.0
22	26	26.0	0.0
23	26	26.0	0.0
24	26	26.0	0.0
25	26	26.0	0.0
26	26	26.0	0.0
27	26	26.0	0.0
28	26	26.0	0.0
29	26	26.0	0.0
30	26	26.0	0.0
31	26	26.0	0.0
32	26	26.0	0.0
33	26	26.0	0.0
34	26	26.0	0.0
35	26	26.0	0.0
36	26	26.0	0.0
37	26	26.0	0.0
38	26	26.0	0.0
39	26	26.0	0.0
40	26	26.0	0.0
41	26	26.0	0.0
42	26	26.0	0.0
43	26	26.0	0.0
44	26	26.0	0.0
45	26	26.0	0.0
46	26	26.0	0.0
47	26	26.0	0.0
48	26	26.0	0.0
49	26	26.0	0.0
50	26	26.0	0.0
51	26	26.0	0.0
52	26	26.0	0.0
53	26	26.0	0.0
54	26	26.0	0.0
55	26	26.0	0.0
56	26	26.0	0.0
57	26	26.0	0.0
58	26	26.0	0.0
59	26	26.0	0.0
60	26	26.0	0.0
61	26	26.0	0.0
62	26	26.0	0.0
63	26	26.0	0.0
64	26	26.0	0.0
65	26	26.0	0.0
66	26	26.0	0.0
67	26	26.0	0.0
68	26	26.0	0.0
69	26	26.0	0.0
70	26	26.0	0.0
71	26	26.0	0.0
72	26	26.0	0.0
73	26	26.0	0.0
74	26	26.0	0.0
75	26	26.0	0.0
76	26	26.0	0.0
77	26	26.0	0.0
78	26	26.0	0.0
79	26	26.0	0.0
80	26	26.0	0.0
81	26	26.0	0.0
82	26	26.0	0.0
83	26	26.0	0.0
84	26	26.0	0.0
85	26	26.0	0.0
86	26	26.0	0.0
87	26	26.0	0.0
88	26	26.0	0.0
89	26	26.0	0.0
90	26	26.0	0.0
91	26	26.0	0.0
92	26	26.0	0.0
93	26	26.0	0.0
94	26	26.0	0.0
95	26	26.0	0.0
96	26	26.0	0.0
97	26	26.0	0.0
98	26	26.0	0.0
99	26	26.0	0.0
100	26	26.0	0.0
101	26	26.0	0.0
102	26	26.0	0.0
103	26	26.0	0.0
104	26	26.0	0.0
105	26	26.0	0.0
106	26	26.0	0.0
107	26	26.0	0.0
108	26	26.0	0.0
109	26	26.0	0.0
110	26	26.0	0.0
111	26	26.0	0.0
112	26	26.0	0.0
113	26	26.0	0.0
114	26	26.0	0.0
115	26	26.0	0.0
116	26	26.0	0.0
117	26	26.0	0.0
118	26	26.0	0.0
119	26	26.0	0.0
120	26	26.0	0.0
121	26	26.0	0.0
122	26	26.0	0.0
123	26	26.0	0.0
124	26	26.0	0.0
125	26	26.0	0.0
126	26	26.0	0.0
127	26	26.0	0.0
128	26	26.0	0.0
129	26	26.0	0.0
130	26	26.0	0.0
131	26	26.0	0.0
132	26	26.0	0.0
133	26	26.0	0.0
134	26	26.0	0.0
135	26	26.0	0.0
136	26	26.0	0.0
137	26	26.0	0.0
138	26	26.0	0.0
139	26	26.0	0.0
140	26	26.0	0.0
141	26	26.0	0.0
142	26	26.0	0.0
143	26	26.0	0.0
144	26	26.0	0.0
145	26	26.0	0.0
146	26	26.0	0.0
147	26	26.0	0.0
148	26	26.0	0.0
149	26	26.0	0.0
150	26	26.0	0.0
151	26	26.0	0.0
152	26	26.0	0.0
153	26	26.0	0.0
154	26	26.0	0.0
155	26	26.0	0.0
156	26	26.0	0.0
157	26	26.0	0.0
158	26	26.0	0.0
159	26	26.0	0.0
160	26	26.0	0.0
161	26	26.0	0.0
162	26	26.0	0.0
163	26	26.0	0.0
164	26	26.0	0.0
165	26	26.0	0.0
166	26	26.0	0.0
167	26	26.0	0.0
168	26	26.0	0.0
169	26	26.0	0.0
170	26	26.0	0.0
171	26	26.0	0.0
172	26	26.0	0.0
173	26	26.0	0.0
174	26	26.0	0.0
175	26	26.0	0.0
176	26	26.0	0.0
177	26	26.0	0.0
178	26	26.0	0.0
179	26	26.0	0.0
180	26	26.0	0.0
181	26	26.0	0.0
182	26	26.0	0.0
183	26	26.0	0.0
184	26	26.0	0.0
185	26	26.0	0.0
186	26	26.0	0.0
187	26	26.0	0.0
188	26	26.0	0.0
189	26	26.0	0.0
190	26	26.0	0.0
191	26	26.0	0.0
192	26	26.0	0.0
193	26	26.0	0.0
194	26	26.0	0.0
195	26	26.0	0.0
196	26	26.0	0.0
197	26	26.0	0.0
198	26	26.0	0.0
199	26	26.0	0.0
200	26	26.0	0.0
201	26	26.0	0.0
202	26	26.0	0.0
203	26	26.0	0.0
204	26	26.0	0.0
205	26	26.0	0.0
206	26	26.0	0.0
207	26	26.0	0.0
208	26	26.0	0.0
209	26	26.0	0.0
210	26	26.0	0.0
211	26	26.0	0.0
212	26	26.0	0.0
213	26	26.0	0.0
214	26	26.0	0.0
215	26	26.0	0.0
216	26	26.0	0.0
217	26	26.0	0.0
218	26	26.0	0.0
219	26	26.0	0.0
220	26	26.0	0.0
221	26	26.0	0.0
222	26	26.0	0.0
223	26	26.0	0.0
224	26	26.0	0.0
225	26	26.0	0.0
226	26	26.0	0.0
227	26	26.0	0.0
228	26	26.0	0.0
229	26	26.0	0.0
230	26	26.0	0.0
231	26	26.0	0.0
232	26	26.0	0.0
233	26	26.0	0.0
234	26	26.0	0.0
235	26	26.0	0.0
236	26	26.0	0.0
237	26	26.0	0.0
238	26	26.0	0.0
239	26	26.0	0.0
240	26	26.0	0.0
241	26	26.0	0.0
242	26	26.0	0.0
243	26	26.0	0.0
244	26	26.0	0.0
245	26	26.0	0.0
246	26	26.0	0.0
247	26	26.0	0.0
248	26	26.0	0.0
249	26	26.0	0.0
250	26	26.0	0.0
251	26	26.0	0.0
252	26	26.0	0.0
253	26	26.0	0.0
254	26	26.0	0.0
255	26	26.0	0.0
256	26	26.0	0.0
257	26	26.0	0.0
258	26	26.0	0.0
259	26	26.0	0.0
260	26	26.0	0.0
261	26	26.0	0.0
262	26	26.0	0.0
263	26	26.0	0.0
264	26	26.0	0.0
265	26	26.0	0.0
266	26	26.0	0.0
267	26	26.0	0.0
268	26	26.0	0.0
269	26	26.0	0.0
270	26	26.0	0.0
271	26	26.0	0.0
272	26	26.0	0.0
273	26	26.0	0.0
274	26	26.0	0.0
275	26	26.0	0.0
276	26	26.0	0.0
277	26	26.0	0.0
278	26	26.0	0.0
279	26	26.0	0.0
280	26	26.0	0.0
281	26	26.0	0.0
282	26	26.0	0.0
283	26	26.0	0.0
284	26	26.0	0.0
285	26	26.0	0.0
286	26	26.0	0.0
287	26	26.0	0.0
288	26	26.0	0.0
289	26	26.0	0.0
290	26	26.0	0.0
291	26	26.0	0.0
292	26	26.0	0.0
293	26	26.0	0.0
294	26	26.0	0.0
295	26	26.0	0.0
296	26	26.0	0.0
297	26	26.0	0.0
298	26	26.0	0.0
299	26	26.0	0.0
300	26	26.0	0.0
301	26	26.0	0.0
302	26	26.0	0.0
303	26	26.0	0.0
304	26	26.0	0.0
305	26	26.0	0.0
306	26	26.0	0.0
307	26	26.0	0.0
308	26	26.0	0.0
309	26	26.0	0.0
310	26	26.0	0.0
311	26	26.0	0.0
312	26	26.0	0.0
313	26	26.0	0.0
314	26	26.0	0.0
315	26	26.0	0.0
316	26	26.0	0.0
317	26	26.0	0.0
318	26	26.0	0.0
319	26	26.0	0.0
320	26	26.0	0.0
321	26	26.0	0.0
322	26	26.0	0.0
323	26	26.0	0.0
324	26	26.0	0.0
325	26	26.0	0.0
326	26	26.0	0.0
327	26	26.0	0.0
328	26	26.0	0.0
329	26	26.0	0.0
330	26	26.0	0.0
331	26	26.0	0.0
332	26	26.0	0.0
333	26	26.0	0.0
334	26	26.0	0.0
335	26	26.0	0.0
336	26	26.0	0.0
337	26	26.0	0.0
338	26	26.0	0.0
339	26	26.0	0.0
340	26	26.0	0.0
341	26	26.0	0.0
342	26	26.0	0.0
343	26	26.0	0.0
344	26	26.0	0.0
345	26	26.0	0.0
346	26	26.0	0.0
347	26	26.0	0.0
348	26	26.0	0.0
349	26	26.0	0.0
350	26	26.0	0.0
351	26	26.0	0.0
352	26	26.0	0.0
353	26	26.0	0.0
354	26	26.0	0.0
355	26	26.0	0.0
356	26	26.0	0.0
357	26	26.0	0.0
358	26	26.0	0.0
359	26	26.0	0.0
360	26	26.0	0.0
361	26	26.0	0.0
362	26	26.0	0.0
363	26	26.0	0.0
364	26	26.0	0.0
365	26	26.0	0.0
366	26	26.0	0.0
367	26	26.0	0.0
368	26	26.0	0.0
369	26	26.0	0.0
370	26	26.0	0.0
371	26	26.0	0.0
372	26	26.0	0.0
373	26	26.0	0.0
374	26	26.0	0.0
375	26	26.0	0.0
376	26	26.0	0.0
377	26	26.0	0.0
378	26	26.0	0.0
379	26	26.0	0.0
380	26	26.0	0.0
381	26	26.0	0.0
382	26	26.0	0.0
383	26	26.0	0.0
384	26	26.0	0.0
385	26	26.0	0.0
386	26	26.0	0.0
387	26	26.0	0.0
388	26	26.0	0.0
389	26	26.0	0.0
390	26	26.0	0.0
391	26	26.0	0.0
392	26	26.0	0.0
393	26	26.0	0.0
394	26	26.0	0.0
395	26	26.0	0.0
396	26	26.0	0.0
397	26	26.0	0.0
398	26	26.0	0.0
399	26	26.0	0.0
400	26	26.0	0.0
1	40	51.14	5.94393808851
2	40	45.04	2.24908870434
3	33	42.425	2.13643979555
4	33	40.02	2.41652643271
5	32	37.37	2.41103712124
6	31	34.615	1.78515405498
7	31	32.9	0.943398113206
8	31	32.3	1.18321595662
9	30	31.92	0.99679486355
10	30	31.05	0.278388218142
11	30	30.985	0.367117147516
12	30	30.97	0.706470098447
13	30	30.56	0.852291030107
14	30	30.0	0.0
15	30	30.0	0.0
16	30	30.0	0.0
17	30	30.0	0.0
18	30	30.0	0.0
19	30	30.0	0.0
20	30	30.0	0.0
21	30	30.0	0.0
22	30	30.0	0.0
23	30	30.0	0.0
24	30	30.0	0.0
25	30	30.0	0.0
26	30	30.0	0.0
27	30	30.0	0.0
28	30	30.0	0.0
29	30	30.0	0.0
30	30	30.0	0.0
31	30	30.0	0.0
32	30	30.0	0.0
33	30	30.0	0.0
34	30	30.0	0.0
35	30	30.0	0.0
36	30	30.0	0.0
37	30	30.0	0.0
38	30	30.0	0.0
39	30	30.0	0.0
40	30	30.0	0.0
41	30	30.0	0.0
42	30	30.0	0.0
43	30	30.0	0.0
44	30	30.0	0.0
45	30	30.0	0.0
46	30	30.0	0.0
47	30	30.0	0.0
48	30	30.0	0.0
49	30	30.0	0.0
50	30	30.0	0.0
51	30	30.0	0.0
52	30	30.0	0.0
53	30	30.0	0.0
54	30	30.0	0.0
55	30	30.0	0.0
56	30	30.0	0.0
57	30	30.0	0.0
58	30	30.0	0.0
59	30	30.0	0.0
60	30	30.0	0.0
61	30	30.0	0.0
62	30	30.0	0.0
63	30	30.0	0.0
64	30	30.0	0.0
65	30	30.0	0.0
66	30	30.0	0.0
67	30	30.0	0.0
68	30	30.0	0.0
69	30	30.0	0.0
70	30	30.0	0.0
71	30	30.0	0.0
72	30	30.0	0.0
73	30	30.0	0.0
74	30	30.0	0.0
75	30	30.0	0.0
76	30	30.0	0.0
77	30	30.0	0.0
78	30	30.0	0.0
79	30	30.0	0.0
80	30	30.0	0.0
81	30	30.0	0.0
82	30	30.0	0.0
83	30	30.0	0.0
84	30	30.0	0.0
85	30	30.0	0.0
86	30	30.0	0.0
87	30	30.0	0.0
88	30	30.0	0.0
89	30	30.0	0.0
90	30	30.0	0.0
91	30	30.0	0.0
92	30	30.0	0.0
93	30	30.0	0.0
94	30	30.0	0.0
95	30	30.0	0.0
96	30	30.0	0.0
97	30	30.0	0.0
98	30	30.0	0.0
99	30	30.0	0.0
100	30	30.0	0.0
101	30	30.0	0.0
102	30	30.0	0.0
103	30	30.0	0.0
104	30	30.0	0.0
105	30	30.0	0.0
106	30	30.0	0.0
107	30	30.0	0.0
108	30	30.0	0.0
109	30	30.0	0.0
110	30	30.0	0.0
111	30	30.0	0.0
112	30	30.0	0.0
113	30	30.0	0.0
114	30	30.0	0.0
115	30	30.0	0.0
116	30	30.0	0.0
117	30	30.0	0.0
118	30	30.0	0.0
119	30	30.0	0.0
120	30	30.0	0.0
121	30	30.0	0.0
122	30	30.0	0.0
123	30	30.0	0.0
124	30	30.0	0.0
125	30	30.0	0.0
126	30	30.0	0.0
127	30	30.0	0.0
128	30	30.0	0.0
129	30	30.0	0.0
130	30	30.0	0.0
131	30	30.0	0.0
132	30	30.0	0.0
133	30	30.0	0.0
134	30	30.0	0.0
135	30	30.0	0.0
136	30	30.0	0.0
137	30	30.0	0.0
138	30	30.0	0.0
139	30	30.0	0.0
140	30	30.0	0.0
141	30	30.0	0.0
142	30	30.0	0.0
143	30	30.0	0.0
144	30	30.0	0.0
145	30	30.0	0.0
146	30	30.0	0.0
147	30	30.0	0.0
148	30	30.0	0.0
149	30	30.0	0.0
150	30	30.0	0.0
151	30	30.0	0.0
152	30	30.0	0.0
153	30	30.0	0.0
154	30	30.0	0.0
155	30	30.0	0.0
156	30	30.0	0.0
157	30	30.0	0.0
158	30	30.0	0.0
159	30	30.0	0.0
160	30	30.0	0.0
161	30	30.0	0.0
162	30	30.0	0.0
163	30	30.0	0.0
164	30	30.0	0.0
165	30	30.0	0.0
166	30	30.0	0.0
167	30	30.0	0.0
168	30	30.0	0.0
169	30	30.0	0.0
170	30	30.0	0.0
171	30	30.0	0.0
172	30	30.0	0.0
173	30	30.0	0.0
174	30	30.0	0.0
175	30	30.0	0.0
176	30	30.0	0.0
177	30	30.0	0.0
178	30	30.0	0.0
179	30	30.0	0.0
180	30	30.0	0.0
181	30	30.0	0.0
182	30	30.0	0.0
183	30	30.0	0.0
184	30	30.0	0.0
185	30	30.0	0.0
186	30	30.0	0.0
187	30	30.0	0.0
188	30	30.0	0.0
189	30	30.0	0.0
190	30	30.0	0.0
191	30	30.0	0.0
192	30	30.0	0.0
193	30	30.0	0.0
194	30	30.0	0.0
195	30	30.0	0.0
196	30	30.0	0.0
197	30	30.0	0.0
198	30	30.0	0.0
199	30	30.0	0.0
200	30	30.0	0.0
201	30	30.0	0.0
202	30	30.0	0.0
203	30	30.0	0.0
204	30	30.0	0.0
205	30	30.0	0.0
206	30	30.0	0.0
207	30	30.0	0.0
208	30	30.0	0.0
209	30	30.0	0.0
210	30	30.0	0.0
211	30	30.0	0.0
212	30	30.0	0.0
213	30	30.0	0.0
214	30	30.0	0.0
215	30	30.0	0.0
216	30	30.0	0.0
217	30	30.0	0.0
218	30	30.0	0.0
219	30	30.0	0.0
220	30	30.0	0.0
221	30	30.0	0.0
222	30	30.0	0.0
223	30	30.0	0.0
224	30	30.0	0.0
225	30	30.0	0.0
226	30	30.0	0.0
227	30	30.0	0.0
228	30	30.0	0.0
229	30	30.0	0.0
230	30	30.0	0.0
231	30	30.0	0.0
232	30	30.0	0.0
233	30	30.0	0.0
234	30	30.0	0.0
235	30	30.0	0.0
236	30	30.0	0.0
237	30	30.0	0.0
238	30	30.0	0.0
239	30	30.0	0.0
240	30	30.0	0.0
241	30	30.0	0.0
242	30	30.0	0.0
243	30	30.0	0.0
244	30	30.0	0.0
245	30	30.0	0.0
246	30	30.0	0.0
247	30	30.0	0.0
248	30	30.0	0.0
249	30	30.0	0.0
250	30	30.0	0.0
251	30	30.0	0.0
252	30	30.0	0.0
253	30	30.0	0.0
254	30	30.0	0.0
255	30	30.0	0.0
256	30	30.0	0.0
257	30	30.0	0.0
258	30	30.0	0.0
259	30	30.0	0.0
260	30	30.0	0.0
261	30	30.0	0.0
262	30	30.0	0.0
263	30	30.0	0.0
264	30	30.0	0.0
265	30	30.0	0.0
266	30	30.0	0.0
267	30	30.0	0.0
268	30	30.0	0.0
269	30	30.0	0.0
270	30	30.0	0.0
271	30	30.0	0.0
272	30	30.0	0.0
273	30	30.0	0.0
274	30	30.0	0.0
275	30	30.0	0.0
276	30	30.0	0.0
277	30	30.0	0.0
278	30	30.0	0.0
279	30	30.0	0.0
280	30	30.0	0.0
281	30	30.0	0.0
282	30	30.0	0.0
283	30	30.0	0.0
284	30	30.0	0.0
285	30	30.0	0.0
286	30	30.0	0.0
287	30	30.0	0.0
288	30	30.0	0.0
289	30	30.0	0.0
290	30	30.0	0.0
291	30	30.0	0.0
292	30	30.0	0.0
293	30	30.0	0.0
294	30	30.0	0.0
295	30	30.0	0.0
296	30	30.0	0.0
297	30	30.0	0.0
298	30	30.0	0.0
299	30	30.0	0.0
300	30	30.0	0.0
301	30	30.0	0.0
302	30	30.0	0.0
303	30	30.0	0.0
304	30	30.0	0.0
305	30	30.0	0.0
306	30	30.0	0.0
307	30	30.0	0.0
308	30	30.0	0.0
309	30	30.0	0.0
310	30	30.0	0.0
311	30	30.0	0.0
312	30	30.0	0.0
313	30	30.0	0.0
314	30	30.0	0.0
315	30	30.0	0.0
316	30	30.0	0.0
317	30	30.0	0.0
318	30	30.0	0.0
319	30	30.0	0.0
320	30	30.0	0.0
321	30	30.0	0.0
322	30	30.0	0.0
323	30	30.0	0.0
324	30	30.0	0.0
325	30	30.0	0.0
326	30	30.0	0.0
327	30	30.0	0.0
328	30	30.0	0.0
329	30	30.0	0.0
330	30	30.0	0.0
331	30	30.0	0.0
332	30	30.0	0.0
333	30	30.0	0.0
334	30	30.0	0.0
335	30	30.0	0.0
336	30	30.0	0.0
337	30	30.0	0.0
338	30	30.0	0.0
339	30	30.0	0.0
340	30	30.0	0.0
341	30	30.0	0.0
342	30	30.0	0.0
343	30	30.0	0.0
344	30	30.0	0.0
345	30	30.0	0.0
346	30	30.0	0.0
347	30	30.0	0.0
348	30	30.0	0.0
349	30	30.0	0.0
350	30	30.0	0.0
351	30	30.0	0.0
352	30	30.0	0.0
353	30	30.0	0.0
354	30	30.0	0.0
355	30	30.0	0.0
356	30	30.0	0.0
357	30	30.0	0.0
358	30	30.0	0.0
359	30	30.0	0.0
360	30	30.0	0.0
361	30	30.0	0.0
362	30	30.0	0.0
363	30	30.0	0.0
364	30	30.0	0.0
365	30	30.0	0.0
366	30	30.0	0.0
367	30	30.0	0.0
368	30	30.0	0.0
369	30	30.0	0.0
370	30	30.0	0.0
371	30	30.0	0.0
372	30	30.0	0.0
373	30	30.0	0.0
374	30	30.0	0.0
375	30	30.0	0.0
376	30	30.0	0.0
377	30	30.0	0.0
378	30	30.0	0.0
379	30	30.0	0.0
380	30	30.0	0.0
381	30	30.0	0.0
382	30	30.0	0.0
383	30	30.0	0.0
384	30	30.0	0.0
385	30	30.0	0.0
386	30	30.0	0.0
387	30	30.0	0.0
388	30	30.0	0.0
389	30	30.0	0.0
390	30	30.0	0.0
391	30	30.0	0.0
392	30	30.0	0.0
393	30	30.0	0.0
394	30	30.0	0.0
395	30	30.0	0.0
396	30	30.0	0.0
397	30	30.0	0.0
398	30	30.0	0.0
399	30	30.0	0.0
400	30	30.0	0.0
1	35	51.23	6.4325034007
2	35	44.385	2.59937973371
3	35	41.285	2.32889995491
4	32	38.325	2.25152725944
5	31	35.25	1.7226433177
6	30	34.19	2.1572899666
7	30	32.08	1.23028451994
8	30	31.8	1.46287388383
9	29	31.415	1.59774059221
10	29	30.475	0.969213598749
11	29	30.085	0.646355165524
12	29	30.03	0.699356847396
13	29	29.555	0.828839550215
14	29	29.345	0.732103134811
15	29	29.38	0.724982758416
16	29	29.245	0.578770248026
17	29	29.095	0.419493742504
18	29	29.055	0.334626657635
19	29	29.0	0.0
20	29	29.0	0.0
21	29	29.0	0.0
22	29	29.0	0.0
23	29	29.0	0.0
24	29	29.0	0.0
25	29	29.0	0.0
26	29	29.0	0.0
27	29	29.0	0.0
28	29	29.0	0.0
29	29	29.0	0.0
30	29	29.0	0.0
31	29	29.0	0.0
32	29	29.0	0.0
33	29	29.0	0.0
34	29	29.0	0.0
35	29	29.0	0.0
36	29	29.0	0.0
37	29	29.0	0.0
38	29	29.0	0.0
39	29	29.0	0.0
40	29	29.0	0.0
41	29	29.0	0.0
42	29	29.0	0.0
43	29	29.0	0.0
44	29	29.0	0.0
45	29	29.0	0.0
46	29	29.0	0.0
47	29	29.0	0.0
48	29	29.0	0.0
49	29	29.0	0.0
50	29	29.0	0.0
51	29	29.0	0.0
52	29	29.0	0.0
53	29	29.0	0.0
54	29	29.0	0.0
55	29	29.0	0.0
56	29	29.0	0.0
57	29	29.0	0.0
58	29	29.0	0.0
59	29	29.0	0.0
60	29	29.0	0.0
61	29	29.0	0.0
62	29	29.0	0.0
63	29	29.0	0.0
64	29	29.0	0.0
65	29	29.0	0.0
66	29	29.0	0.0
67	29	29.0	0.0
68	29	29.0	0.0
69	29	29.0	0.0
70	29	29.0	0.0
71	29	29.0	0.0
72	29	29.0	0.0
73	29	29.0	0.0
74	29	29.0	0.0
75	29	29.0	0.0
76	29	29.0	0.0
77	29	29.0	0.0
78	29	29.0	0.0
79	29	29.0	0.0
80	29	29.0	0.0
81	29	29.0	0.0
82	29	29.0	0.0
83	29	29.0	0.0
84	29	29.0	0.0
85	29	29.0	0.0
86	29	29.0	0.0
87	29	29.0	0.0
88	29	29.0	0.0
89	29	29.0	0.0
90	29	29.0	0.0
91	29	29.0	0.0
92	29	29.0	0.0
93	29	29.0	0.0
94	29	29.0	0.0
95	29	29.0	0.0
96	29	29.0	0.0
97	29	29.0	0.0
98	29	29.0	0.0
99	29	29.0	0.0
100	29	29.0	0.0
101	29	29.0	0.0
102	29	29.0	0.0
103	29	29.0	0.0
104	29	29.0	0.0
105	29	29.0	0.0
106	29	29.0	0.0
107	29	29.0	0.0
108	29	29.0	0.0
109	29	29.0	0.0
110	29	29.0	0.0
111	29	29.0	0.0
112	29	29.0	0.0
113	29	29.0	0.0
114	29	29.0	0.0
115	29	29.0	0.0
116	29	29.0	0.0
117	29	29.0	0.0
118	29	29.0	0.0
119	29	29.0	0.0
120	29	29.0	0.0
121	29	29.0	0.0
122	29	29.0	0.0
123	29	29.0	0.0
124	29	29.0	0.0
125	29	29.0	0.0
126	29	29.0	0.0
127	29	29.0	0.0
128	29	29.0	0.0
129	29	29.0	0.0
130	29	29.0	0.0
131	29	29.0	0.0
132	29	29.0	0.0
133	29	29.0	0.0
134	29	29.0	0.0
135	29	29.0	0.0
136	29	29.0	0.0
137	29	29.0	0.0
138	29	29.0	0.0
139	29	29.0	0.0
140	29	29.0	0.0
141	29	29.0	0.0
142	29	29.0	0.0
143	29	29.0	0.0
144	29	29.0	0.0
145	29	29.0	0.0
146	29	29.0	0.0
147	29	29.0	0.0
148	29	29.0	0.0
149	29	29.0	0.0
150	29	29.0	0.0
151	29	29.0	0.0
152	29	29.0	0.0
153	29	29.0	0.0
154	29	29.0	0.0
155	29	29.0	0.0
156	29	29.0	0.0
157	29	29.0	0.0
158	29	29.0	0.0
159	29	29.0	0.0
160	29	29.0	0.0
161	29	29.0	0.0
162	29	29.0	0.0
163	29	29.0	0.0
164	29	29.0	0.0
165	29	29.0	0.0
166	29	29.0	0.0
167	29	29.0	0.0
168	29	29.0	0.0
169	29	29.0	0.0
170	29	29.0	0.0
171	29	29.0	0.0
172	29	29.0	0.0
173	29	29.0	0.0
174	29	29.0	0.0
175	29	29.0	0.0
176	29	29.0	0.0
177	29	29.0	0.0
178	29	29.0	0.0
179	29	29.0	0.0
180	29	29.0	0.0
181	29	29.0	0.0
182	29	29.0	0.0
183	29	29.0	0.0
184	29	29.0	0.0
185	29	29.0	0.0
186	29	29.0	0.0
187	29	29.0	0.0
188	29	29.0	0.0
189	29	29.0	0.0
190	29	29.0	0.0
191	29	29.0	0.0
192	29	29.0	0.0
193	29	29.0	0.0
194	29	29.0	0.0
195	29	29.0	0.0
196	29	29.0	0.0
197	29	29.0	0.0
198	29	29.0	0.0
199	29	29.0	0.0
200	29	29.0	0.0
201	29	29.0	0.0
202	29	29.0	0.0
203	29	29.0	0.0
204	29	29.0	0.0
205	29	29.0	0.0
206	29	29.0	0.0
207	29	29.0	0.0
208	29	29.0	0.0
209	29	29.0	0.0
210	29	29.0	0.0
211	29	29.0	0.0
212	29	29.0	0.0
213	29	29.0	0.0
214	29	29.0	0.0
215	29	29.0	0.0
216	29	29.0	0.0
217	29	29.0	0.0
218	29	29.0	0.0
219	29	29.0	0.0
220	29	29.0	0.0
221	29	29.0	0.0
222	29	29.0	0.0
223	29	29.0	0.0
224	29	29.0	0.0
225	29	29.0	0.0
226	29	29.0	0.0
227	29	29.0	0.0
228	29	29.0	0.0
229	29	29.0	0.0
230	29	29.0	0.0
231	29	29.0	0.0
232	29	29.0	0.0
233	29	29.0	0.0
234	29	29.0	0.0
235	29	29.0	0.0
236	29	29.0	0.0
237	29	29.0	0.0
238	29	29.0	0.0
239	29	29.0	0.0
240	29	29.0	0.0
241	29	29.0	0.0
242	29	29.0	0.0
243	29	29.0	0.0
244	29	29.0	0.0
245	29	29.0	0.0
246	29	29.0	0.0
247	29	29.0	0.0
248	29	29.0	0.0
249	29	29.0	0.0
250	29	29.0	0.0
251	29	29.0	0.0
252	29	29.0	0.0
253	29	29.0	0.0
254	29	29.0	0.0
255	29	29.0	0.0
256	29	29.0	0.0
257	29	29.0	0.0
258	29	29.0	0.0
259	29	29.0	0.0
260	29	29.0	0.0
261	29	29.0	0.0
262	29	29.0	0.0
263	29	29.0	0.0
264	29	29.0	0.0
265	29	29.0	0.0
266	29	29.0	0.0
267	29	29.0	0.0
268	29	29.0	0.0
269	29	29.0	0.0
270	29	29.0	0.0
271	29	29.0	0.0
272	29	29.0	0.0
273	29	29.0	0.0
274	29	29.0	0.0
275	29	29.0	0.0
276	29	29.0	0.0
277	29	29.0	0.0
278	29	29.0	0.0
279	29	29.0	0.0
280	29	29.0	0.0
281	29	29.0	0.0
282	29	29.0	0.0
283	29	29.0	0.0
284	29	29.0	0.0
285	29	29.0	0.0
286	29	29.0	0.0
287	29	29.0	0.0
288	29	29.0	0.0
289	29	29.0	0.0
290	29	29.0	0.0
291	29	29.0	0.0
292	29	29.0	0.0
293	29	29.0	0.0
294	29	29.0	0.0
295	29	29.0	0.0
296	29	29.0	0.0
297	29	29.0	0.0
298	29	29.0	0.0
299	29	29.0	0.0
300	29	29.0	0.0
301	29	29.0	0.0
302	29	29.0	0.0
303	29	29.0	0.0
304	29	29.0	0.0
305	29	29.0	0.0
306	29	29.0	0.0
307	29	29.0	0.0
308	29	29.0	0.0
309	29	29.0	0.0
310	29	29.0	0.0
311	29	29.0	0.0
312	29	29.0	0.0
313	29	29.0	0.0
314	29	29.0	0.0
315	29	29.0	0.0
316	29	29.0	0.0
317	29	29.0	0.0
318	29	29.0	0.0
319	29	29.0	0.0
320	29	29.0	0.0
321	29	29.0	0.0
322	29	29.0	0.0
323	29	29.0	0.0
324	29	29.0	0.0
325	29	29.0	0.0
326	29	29.0	0.0
327	29	29.0	0.0
328	29	29.0	0.0
329	29	29.0	0.0
330	29	29.0	0.0
331	29	29.0	0.0
332	29	29.0	0.0
333	29	29.0	0.0
334	29	29.0	0.0
335	29	29.0	0.0
336	29	29.0	0.0
337	29	29.0	0.0
338	29	29.0	0.0
339	29	29.0	0.0
340	29	29.0	0.0
341	29	29.0	0.0
342	29	29.0	0.0
343	29	29.0	0.0
344	29	29.0	0.0
345	29	29.0	0.0
346	29	29.0	0.0
347	29	29.0	0.0
348	29	29.0	0.0
349	29	29.0	0.0
350	29	29.0	0.0
351	29	29.0	0.0
352	29	29.0	0.0
353	29	29.0	0.0
354	29	29.0	0.0
355	29	29.0	0.0
356	29	29.0	0.0
357	29	29.0	0.0
358	29	29.0	0.0
359	29	29.0	0.0
360	29	29.0	0.0
361	29	29.0	0.0
362	29	29.0	0.0
363	29	29.0	0.0
364	29	29.0	0.0
365	29	29.0	0.0
366	29	29.0	0.0
367	29	29.0	0.0
368	29	29.0	0.0
369	29	29.0	0.0
370	29	29.0	0.0
371	29	29.0	0.0
372	29	29.0	0.0
373	29	29.0	0.0
374	29	29.0	0.0
375	29	29.0	0.0
376	29	29.0	0.0
377	29	29.0	0.0
378	29	29.0	0.0
379	29	29.0	0.0
380	29	29.0	0.0
381	29	29.0	0.0
382	29	29.0	0.0
383	29	29.0	0.0
384	29	29.0	0.0
385	29	29.0	0.0
386	29	29.0	0.0
387	29	29.0	0.0
388	29	29.0	0.0
389	29	29.0	0.0
390	29	29.0	0.0
391	29	29.0	0.0
392	29	29.0	0.0
393	29	29.0	0.0
394	29	29.0	0.0
395	29	29.0	0.0
396	29	29.0	0.0
397	29	29.0	0.0
398	29	29.0	0.0
399	29	29.0	0.0
400	29	29.0	0.0
1	39	49.89	5.61318982398
2	38	44.32	2.33186620542
3	36	41.755	2.12013560887
4	36	39.82	1.94874318472
5	34	37.935	1.77222318008
6	32	36.64	2.0000999975
7	30	34.405	1.64346432879
8	29	32.535	1.4066893758
9	28	31.205	1.25018998556
10	26	30.46	1.28
11	26	29.415	1.64705039389
12	26	27.71	1.35495387375
13	26	26.0	0.0
14	26	26.0	0.0
15	26	26.0	0.0
16	26	26.0	0.0
17	26	26.0	0.0
18	26	26.0	0.0
19	26	26.0	0.0
20	26	26.0	0.0
21	26	26.0	0.0
22	26	26.0	0.0
23	26	26.0	0.0
24	26	26.0	0.0
25	26	26.0	0.0
26	26	26.0	0.0
27	26	26.0	0.0
28	26	26.0	0.0
29	26	26.0	0.0
30	26	26.0	0.0
31	26	26.0	0.0
32	26	26.0	0.0
33	26	26.0	0.0
34	26	26.0	0.0
35	26	26.0	0.0
36	26	26.0	0.0
37	26	26.0	0.0
38	26	26.0	0.0
39	26	26.0	0.0
40	26	26.0	0.0
41	26	26.0	0.0
42	26	26.0	0.0
43	26	26.0	0.0
44	26	26.0	0.0
45	26	26.0	0.0
46	26	26.0	0.0
47	26	26.0	0.0
48	26	26.0	0.0
49	26	26.0	0.0
50	26	26.0	0.0
51	26	26.0	0.0
52	26	26.0	0.0
53	26	26.0	0.0
54	26	26.0	0.0
55	26	26.0	0.0
56	26	26.0	0.0
57	26	26.0	0.0
58	26	26.0	0.0
59	26	26.0	0.0
60	26	26.0	0.0
61	26	26.0	0.0
62	26	26.0	0.0
63	26	26.0	0.0
64	26	26.0	0.0
65	26	26.0	0.0
66	26	26.0	0.0
67	26	26.0	0.0
68	26	26.0	0.0
69	26	26.0	0.0
70	26	26.0	0.0
71	26	26.0	0.0
72	26	26.0	0.0
73	26	26.0	0.0
74	26	26.0	0.0
75	26	26.0	0.0
76	26	26.0	0.0
77	26	26.0	0.0
78	26	26.0	0.0
79	26	26.0	0.0
80	26	26.0	0.0
81	26	26.0	0.0
82	26	26.0	0.0
83	26	26.0	0.0
84	26	26.0	0.0
85	26	26.0	0.0
86	26	26.0	0.0
87	26	26.0	0.0
88	26	26.0	0.0
89	26	26.0	0.0
90	26	26.0	0.0
91	26	26.0	0.0
92	26	26.0	0.0
93	26	26.0	0.0
94	26	26.0	0.0
95	26	26.0	0.0
96	26	26.0	0.0
97	26	26.0	0.0
98	26	26.0	0.0
99	26	26.0	0.0
100	26	26.0	0.0
101	26	26.0	0.0
102	26	26.0	0.0
103	26	26.0	0.0
104	26	26.0	0.0
105	26	26.0	0.0
106	26	26.0	0.0
107	26	26.0	0.0
108	26	26.0	0.0
109	26	26.0	0.0
110	26	26.0	0.0
111	26	26.0	0.0
112	26	26.0	0.0
113	26	26.0	0.0
114	26	26.0	0.0
115	26	26.0	0.0
116	26	26.0	0.0
117	26	26.0	0.0
118	26	26.0	0.0
119	26	26.0	0.0
120	26	26.0	0.0
121	26	26.0	0.0
122	26	26.0	0.0
123	26	26.0	0.0
124	26	26.0	0.0
125	26	26.0	0.0
126	26	26.0	0.0
127	26	26.0	0.0
128	26	26.0	0.0
129	26	26.0	0.0
130	26	26.0	0.0
131	26	26.0	0.0
132	26	26.0	0.0
133	26	26.0	0.0
134	26	26.0	0.0
135	26	26.0	0.0
136	26	26.0	0.0
137	26	26.0	0.0
138	26	26.0	0.0
139	26	26.0	0.0
140	26	26.0	0.0
141	26	26.0	0.0
142	26	26.0	0.0
143	26	26.0	0.0
144	26	26.0	0.0
145	26	26.0	0.0
146	26	26.0	0.0
147	26	26.0	0.0
148	26	26.0	0.0
149	26	26.0	0.0
150	26	26.0	0.0
151	26	26.0	0.0
152	26	26.0	0.0
153	26	26.0	0.0
154	26	26.0	0.0
155	26	26.0	0.0
156	26	26.0	0.0
157	26	26.0	0.0
158	26	26.0	0.0
159	26	26.0	0.0
160	26	26.0	0.0
161	26	26.0	0.0
162	26	26.0	0.0
163	26	26.0	0.0
164	26	26.0	0.0
165	26	26.0	0.0
166	26	26.0	0.0
167	26	26.0	0.0
168	26	26.0	0.0
169	26	26.0	0.0
170	26	26.0	0.0
171	26	26.0	0.0
172	26	26.0	0.0
173	26	26.0	0.0
174	26	26.0	0.0
175	26	26.0	0.0
176	26	26.0	0.0
177	26	26.0	0.0
178	26	26.0	0.0
179	26	26.0	0.0
180	26	26.0	0.0
181	26	26.0	0.0
182	26	26.0	0.0
183	26	26.0	0.0
184	26	26.0	0.0
185	26	26.0	0.0
186	26	26.0	0.0
187	26	26.0	0.0
188	26	26.0	0.0
189	26	26.0	0.0
190	26	26.0	0.0
191	26	26.0	0.0
192	26	26.0	0.0
193	26	26.0	0.0
194	26	26.0	0.0
195	26	26.0	0.0
196	26	26.0	0.0
197	26	26.0	0.0
198	26	26.0	0.0
199	26	26.0	0.0
200	26	26.0	0.0
201	26	26.0	0.0
202	26	26.0	0.0
203	26	26.0	0.0
204	26	26.0	0.0
205	26	26.0	0.0
206	26	26.0	0.0
207	26	26.0	0.0
208	26	26.0	0.0
209	26	26.0	0.0
210	26	26.0	0.0
211	26	26.0	0.0
212	26	26.0	0.0
213	26	26.0	0.0
214	26	26.0	0.0
215	26	26.0	0.0
216	26	26.0	0.0
217	26	26.0	0.0
218	26	26.0	0.0
219	26	26.0	0.0
220	26	26.0	0.0
221	26	26.0	0.0
222	26	26.0	0.0
223	26	26.0	0.0
224	26	26.0	0.0
225	26	26.0	0.0
226	26	26.0	0.0
227	26	26.0	0.0
228	26	26.0	0.0
229	26	26.0	0.0
230	26	26.0	0.0
231	26	26.0	0.0
232	26	26.0	0.0
233	26	26.0	0.0
234	26	26.0	0.0
235	26	26.0	0.0
236	26	26.0	0.0
237	26	26.0	0.0
238	26	26.0	0.0
239	26	26.0	0.0
240	26	26.0	0.0
241	26	26.0	0.0
242	26	26.0	0.0
243	26	26.0	0.0
244	26	26.0	0.0
245	26	26.0	0.0
246	26	26.0	0.0
247	26	26.0	0.0
248	26	26.0	0.0
249	26	26.0	0.0
250	26	26.0	0.0
251	26	26.0	0.0
252	26	26.0	0.0
253	26	26.0	0.0
254	26	26.0	0.0
255	26	26.0	0.0
256	26	26.0	0.0
257	26	26.0	0.0
258	26	26.0	0.0
259	26	26.0	0.0
260	26	26.0	0.0
261	26	26.0	0.0
262	26	26.0	0.0
263	26	26.0	0.0
264	26	26.0	0.0
265	26	26.0	0.0
266	26	26.0	0.0
267	26	26.0	0.0
268	26	26.0	0.0
269	26	26.0	0.0
270	26	26.0	0.0
271	26	26.0	0.0
272	26	26.0	0.0
273	26	26.0	0.0
274	26	26.0	0.0
275	26	26.0	0.0
276	26	26.0	0.0
277	26	26.0	0.0
278	26	26.0	0.0
279	26	26.0	0.0
280	26	26.0	0.0
281	26	26.0	0.0
282	26	26.0	0.0
283	26	26.0	0.0
284	26	26.0	0.0
285	26	26.0	0.0
286	26	26.0	0.0
287	26	26.0	0.0
288	26	26.0	0.0
289	26	26.0	0.0
290	26	26.0	0.0
291	26	26.0	0.0
292	26	26.0	0.0
293	26	26.0	0.0
294	26	26.0	0.0
295	26	26.0	0.0
296	26	26.0	0.0
297	26	26.0	0.0
298	26	26.0	0.0
299	26	26.0	0.0
300	26	26.0	0.0
301	26	26.0	0.0
302	26	26.0	0.0
303	26	26.0	0.0
304	26	26.0	0.0
305	26	26.0	0.0
306	26	26.0	0.0
307	26	26.0	0.0
308	26	26.0	0.0
309	26	26.0	0.0
310	26	26.0	0.0
311	26	26.0	0.0
312	26	26.0	0.0
313	26	26.0	0.0
314	26	26.0	0.0
315	26	26.0	0.0
316	26	26.0	0.0
317	26	26.0	0.0
318	26	26.0	0.0
319	26	26.0	0.0
320	26	26.0	0.0
321	26	26.0	0.0
322	26	26.0	0.0
323	26	26.0	0.0
324	26	26.0	0.0
325	26	26.0	0.0
326	26	26.0	0.0
327	26	26.0	0.0
328	26	26.0	0.0
329	26	26.0	0.0
330	26	26.0	0.0
331	26	26.0	0.0
332	26	26.0	0.0
333	26	26.0	0.0
334	26	26.0	0.0
335	26	26.0	0.0
336	26	26.0	0.0
337	26	26.0	0.0
338	26	26.0	0.0
339	26	26.0	0.0
340	26	26.0	0.0
341	26	26.0	0.0
342	26	26.0	0.0
343	26	26.0	0.0
344	26	26.0	0.0
345	26	26.0	0.0
346	26	26.0	0.0
347	26	26.0	0.0
348	26	26.0	0.0
349	26	26.0	0.0
350	26	26.0	0.0
351	26	26.0	0.0
352	26	26.0	0.0
353	26	26.0	0.0
354	26	26.0	0.0
355	26	26.0	0.0
356	26	26.0	0.0
357	26	26.0	0.0
358	26	26.0	0.0
359	26	26.0	0.0
360	26	26.0	0.0
361	26	26.0	0.0
362	26	26.0	0.0
363	26	26.0	0.0
364	26	26.0	0.0
365	26	26.0	0.0
366	26	26.0	0.0
367	26	26.0	0.0
368	26	26.0	0.0
369	26	26.0	0.0
370	26	26.0	0.0
371	26	26.0	0.0
372	26	26.0	0.0
373	26	26.0	0.0
374	26	26.0	0.0
375	26	26.0	0.0
376	26	26.0	0.0
377	26	26.0	0.0
378	26	26.0	0.0
379	26	26.0	0.0
380	26	26.0	0.0
381	26	26.0	0.0
382	26	26.0	0.0
383	26	26.0	0.0
384	26	26.0	0.0
385	26	26.0	0.0
386	26	26.0	0.0
387	26	26.0	0.0
388	26	26.0	0.0
389	26	26.0	0.0
390	26	26.0	0.0
391	26	26.0	0.0
392	26	26.0	0.0
393	26	26.0	0.0
394	26	26.0	0.0
395	26	26.0	0.0
396	26	26.0	0.0
397	26	26.0	0.0
398	26	26.0	0.0
399	26	26.0	0.0
400	26	26.0	0.0
1	37	50.005	5.53036843257
2	37	44.27	2.24211953294
3	32	41.675	2.15392084349
4	32	39.04	1.87307234244
5	31	37.01	2.26713475559
6	29	34.91	2.11468673803
7	29	32.235	1.53289758301
8	29	30.585	1.20945235541
9	28	29.51	0.974628134213
10	28	29.195	0.798107135665
11	28	29.005	0.863119342849
12	28	28.27	0.571926568713
13	28	28.015	0.211601039695
14	28	28.0	0.0
15	27	27.995	0.0705336798983
16	27	28.015	0.323689666193
17	27	27.94	0.237486841741
18	27	27.82	0.455631429996
19	27	27.23	0.42083250825
20	27	27.0	0.0
21	27	27.0	0.0
22	27	27.0	0.0
23	27	27.0	0.0
24	27	27.0	0.0
25	27	27.0	0.0
26	27	27.0	0.0
27	27	27.0	0.0
28	27	27.0	0.0
29	27	27.0	0.0
30	27	27.0	0.0
31	27	27.0	0.0
32	27	27.0	0.0
33	27	27.0	0.0
34	27	27.0	0.0
35	27	27.0	0.0
36	27	27.0	0.0
37	27	27.0	0.0
38	27	27.0	0.0
39	27	27.0	0.0
40	27	27.0	0.0
41	27	27.0	0.0
42	27	27.0	0.0
43	27	27.0	0.0
44	27	27.0	0.0
45	27	27.0	0.0
46	27	27.0	0.0
47	27	27.0	0.0
48	27	27.0	0.0
49	27	27.0	0.0
50	27	27.0	0.0
51	27	27.0	0.0
52	27	27.0	0.0
53	27	27.0	0.0
54	27	27.0	0.0
55	27	27.0	0.0
56	27	27.0	0.0
57	27	27.0	0.0
58	27	27.0	0.0
59	27	27.0	0.0
60	27	27.0	0.0
61	27	27.0	0.0
62	27	27.0	0.0
63	27	27.0	0.0
64	27	27.0	0.0
65	27	27.0	0.0
66	27	27.0	0.0
67	27	27.0	0.0
68	27	27.0	0.0
69	27	27.0	0.0
70	27	27.0	0.0
71	27	27.0	0.0
72	27	27.0	0.0
73	27	27.0	0.0
74	27	27.0	0.0
75	27	27.0	0.0
76	27	27.0	0.0
77	27	27.0	0.0
78	27	27.0	0.0
79	27	27.0	0.0
80	27	27.0	0.0
81	27	27.0	0.0
82	27	27.0	0.0
83	27	27.0	0.0
84	27	27.0	0.0
85	27	27.0	0.0
86	27	27.0	0.0
87	27	27.0	0.0
88	27	27.0	0.0
89	27	27.0	0.0
90	27	27.0	0.0
91	27	27.0	0.0
92	27	27.0	0.0
93	27	27.0	0.0
94	27	27.0	0.0
95	27	27.0	0.0
96	27	27.0	0.0
97	27	27.0	0.0
98	27	27.0	0.0
99	27	27.0	0.0
100	27	27.0	0.0
101	27	27.0	0.0
102	27	27.0	0.0
103	27	27.0	0.0
104	27	27.0	0.0
105	27	27.0	0.0
106	27	27.0	0.0
107	27	27.0	0.0
108	27	27.0	0.0
109	27	27.0	0.0
110	27	27.0	0.0
111	27	27.0	0.0
112	27	27.0	0.0
113	27	27.0	0.0
114	27	27.0	0.0
115	27	27.0	0.0
116	27	27.0	0.0
117	27	27.0	0.0
118	27	27.0	0.0
119	27	27.0	0.0
120	27	27.0	0.0
121	27	27.0	0.0
122	27	27.0	0.0
123	27	27.0	0.0
124	27	27.0	0.0
125	27	27.0	0.0
126	27	27.0	0.0
127	27	27.0	0.0
128	27	27.0	0.0
129	27	27.0	0.0
130	27	27.0	0.0
131	27	27.0	0.0
132	27	27.0	0.0
133	27	27.0	0.0
134	27	27.0	0.0
135	27	27.0	0.0
136	27	27.0	0.0
137	27	27.0	0.0
138	27	27.0	0.0
139	27	27.0	0.0
140	27	27.0	0.0
141	27	27.0	0.0
142	27	27.0	0.0
143	27	27.0	0.0
144	27	27.0	0.0
145	27	27.0	0.0
146	27	27.0	0.0
147	27	27.0	0.0
148	27	27.0	0.0
149	27	27.0	0.0
150	27	27.0	0.0
151	27	27.0	0.0
152	27	27.0	0.0
153	27	27.0	0.0
154	27	27.0	0.0
155	27	27.0	0.0
156	27	27.0	0.0
157	27	27.0	0.0
158	27	27.0	0.0
159	27	27.0	0.0
160	27	27.0	0.0
161	27	27.0	0.0
162	27	27.0	0.0
163	27	27.0	0.0
164	27	27.0	0.0
165	27	27.0	0.0
166	27	27.0	0.0
167	27	27.0	0.0
168	27	27.0	0.0
169	27	27.0	0.0
170	27	27.0	0.0
171	27	27.0	0.0
172	27	27.0	0.0
173	27	27.0	0.0
174	27	27.0	0.0
175	27	27.0	0.0
176	27	27.0	0.0
177	27	27.0	0.0
178	27	27.0	0.0
179	27	27.0	0.0
180	27	27.0	0.0
181	27	27.0	0.0
182	27	27.0	0.0
183	27	27.0	0.0
184	27	27.0	0.0
185	27	27.0	0.0
186	27	27.0	0.0
187	27	27.0	0.0
188	27	27.0	0.0
189	27	27.0	0.0
190	27	27.0	0.0
191	27	27.0	0.0
192	27	27.0	0.0
193	27	27.0	0.0
194	27	27.0	0.0
195	27	27.0	0.0
196	27	27.0	0.0
197	27	27.0	0.0
198	27	27.0	0.0
199	27	27.0	0.0
200	27	27.0	0.0
201	27	27.0	0.0
202	27	27.0	0.0
203	27	27.0	0.0
204	27	27.0	0.0
205	27	27.0	0.0
206	27	27.0	0.0
207	27	27.0	0.0
208	27	27.0	0.0
209	27	27.0	0.0
210	27	27.0	0.0
211	27	27.0	0.0
212	27	27.0	0.0
213	27	27.0	0.0
214	27	27.0	0.0
215	27	27.0	0.0
216	27	27.0	0.0
217	27	27.0	0.0
218	27	27.0	0.0
219	27	27.0	0.0
220	27	27.0	0.0
221	27	27.0	0.0
222	27	27.0	0.0
223	27	27.0	0.0
224	27	27.0	0.0
225	27	27.0	0.0
226	27	27.0	0.0
227	27	27.0	0.0
228	27	27.0	0.0
229	27	27.0	0.0
230	27	27.0	0.0
231	27	27.0	0.0
232	27	27.0	0.0
233	27	27.0	0.0
234	27	27.0	0.0
235	27	27.0	0.0
236	27	27.0	0.0
237	27	27.0	0.0
238	27	27.0	0.0
239	27	27.0	0.0
240	27	27.0	0.0
241	27	27.0	0.0
242	27	27.0	0.0
243	27	27.0	0.0
244	27	27.0	0.0
245	27	27.0	0.0
246	27	27.0	0.0
247	27	27.0	0.0
248	27	27.0	0.0
249	27	27.0	0.0
250	27	27.0	0.0
251	27	27.0	0.0
252	27	27.0	0.0
253	27	27.0	0.0
254	27	27.0	0.0
255	27	27.0	0.0
256	27	27.0	0.0
257	27	27.0	0.0
258	27	27.0	0.0
259	27	27.0	0.0
260	27	27.0	0.0
261	27	27.0	0.0
262	27	27.0	0.0
263	27	27.0	0.0
264	27	27.0	0.0
265	27	27.0	0.0
266	27	27.0	0.0
267	27	27.0	0.0
268	27	27.0	0.0
269	27	27.0	0.0
270	27	27.0	0.0
271	27	27.0	0.0
272	27	27.0	0.0
273	27	27.0	0.0
274	27	27.0	0.0
275	27	27.0	0.0
276	27	27.0	0.0
277	27	27.0	0.0
278	27	27.0	0.0
279	27	27.0	0.0
280	27	27.0	0.0
281	27	27.0	0.0
282	27	27.0	0.0
283	27	27.0	0.0
284	27	27.0	0.0
285	27	27.0	0.0
286	27	27.0	0.0
287	27	27.0	0.0
288	27	27.0	0.0
289	27	27.0	0.0
290	27	27.0	0.0
291	27	27.0	0.0
292	27	27.0	0.0
293	27	27.0	0.0
294	27	27.0	0.0
295	27	27.0	0.0
296	27	27.0	0.0
297	27	27.0	0.0
298	27	27.0	0.0
299	27	27.0	0.0
300	27	27.0	0.0
301	27	27.0	0.0
302	27	27.0	0.0
303	27	27.0	0.0
304	27	27.0	0.0
305	27	27.0	0.0
306	27	27.0	0.0
307	27	27.0	0.0
308	27	27.0	0.0
309	27	27.0	0.0
310	27	27.0	0.0
311	27	27.0	0.0
312	27	27.0	0.0
313	27	27.0	0.0
314	27	27.0	0.0
315	27	27.0	0.0
316	27	27.0	0.0
317	27	27.0	0.0
318	27	27.0	0.0
319	27	27.0	0.0
320	27	27.0	0.0
321	27	27.0	0.0
322	27	27.0	0.0
323	27	27.0	0.0
324	27	27.0	0.0
325	27	27.0	0.0
326	27	27.0	0.0
327	27	27.0	0.0
328	27	27.0	0.0
329	27	27.0	0.0
330	27	27.0	0.0
331	27	27.0	0.0
332	27	27.0	0.0
333	27	27.0	0.0
334	27	27.0	0.0
335	27	27.0	0.0
336	27	27.0	0.0
337	27	27.0	0.0
338	27	27.0	0.0
339	27	27.0	0.0
340	27	27.0	0.0
341	27	27.0	0.0
342	27	27.0	0.0
343	27	27.0	0.0
344	27	27.0	0.0
345	27	27.0	0.0
346	27	27.0	0.0
347	27	27.0	0.0
348	27	27.0	0.0
349	27	27.0	0.0
350	27	27.0	0.0
351	27	27.0	0.0
352	27	27.0	0.0
353	27	27.0	0.0
354	27	27.0	0.0
355	27	27.0	0.0
356	27	27.0	0.0
357	27	27.0	0.0
358	27	27.0	0.0
359	27	27.0	0.0
360	27	27.0	0.0
361	27	27.0	0.0
362	27	27.0	0.0
363	27	27.0	0.0
364	27	27.0	0.0
365	27	27.0	0.0
366	27	27.0	0.0
367	27	27.0	0.0
368	27	27.0	0.0
369	27	27.0	0.0
370	27	27.0	0.0
371	27	27.0	0.0
372	27	27.0	0.0
373	27	27.0	0.0
374	27	27.0	0.0
375	27	27.0	0.0
376	27	27.0	0.0
377	27	27.0	0.0
378	27	27.0	0.0
379	27	27.0	0.0
380	27	27.0	0.0
381	27	27.0	0.0
382	27	27.0	0.0
383	27	27.0	0.0
384	27	27.0	0.0
385	27	27.0	0.0
386	27	27.0	0.0
387	27	27.0	0.0
388	27	27.0	0.0
389	27	27.0	0.0
390	27	27.0	0.0
391	27	27.0	0.0
392	27	27.0	0.0
393	27	27.0	0.0
394	27	27.0	0.0
395	27	27.0	0.0
396	27	27.0	0.0
397	27	27.0	0.0
398	27	27.0	0.0
399	27	27.0	0.0
400	27	27.0	0.0
1	38	50.5	5.58748601788
2	34	44.45	2.8874729436
3	32	40.995	2.80445627529
4	32	37.89	2.22213860954
5	32	35.465	1.99719177847
6	29	33.565	1.50524914881
7	28	32.12	1.25123938557
8	28	31.535	1.59021224998
9	28	29.805	1.37367208605
10	28	28.625	0.659071316323
11	28	28.05	0.31224989992
12	28	28.04	0.28
13	28	28.03	0.243104915623
14	28	28.04	0.28
15	28	28.04	0.28
16	28	28.05	0.31224989992
17	28	28.04	0.28
18	28	28.08	0.391918358845
19	28	28.06	0.341174442185
20	28	28.06	0.341174442185
21	28	28.08	0.391918358845
22	28	28.09	0.414608248833
23	28	28.08	0.391918358845
24	28	28.09	0.414608248833
25	28	28.06	0.341174442185
26	28	28.02	0.198997487421
27	28	28.0	0.0
28	28	28.0	0.0
29	28	28.0	0.0
30	28	28.0	0.0
31	28	28.0	0.0
32	28	28.0	0.0
33	28	28.0	0.0
34	28	28.0	0.0
35	28	28.0	0.0
36	28	28.0	0.0
37	28	28.0	0.0
38	28	28.0	0.0
39	28	28.0	0.0
40	28	28.0	0.0
41	28	28.0	0.0
42	28	28.0	0.0
43	28	28.0	0.0
44	28	28.0	0.0
45	28	28.0	0.0
46	28	28.0	0.0
47	28	28.0	0.0
48	28	28.0	0.0
49	28	28.0	0.0
50	28	28.0	0.0
51	28	28.0	0.0
52	28	28.0	0.0
53	28	28.0	0.0
54	28	28.0	0.0
55	28	28.0	0.0
56	28	28.0	0.0
57	28	28.0	0.0
58	28	28.0	0.0
59	28	28.0	0.0
60	28	28.0	0.0
61	28	28.0	0.0
62	28	28.0	0.0
63	28	28.0	0.0
64	28	28.0	0.0
65	28	28.0	0.0
66	28	28.0	0.0
67	28	28.0	0.0
68	28	28.0	0.0
69	28	28.0	0.0
70	28	28.0	0.0
71	28	28.0	0.0
72	28	28.0	0.0
73	28	28.0	0.0
74	28	28.0	0.0
75	28	28.0	0.0
76	28	28.0	0.0
77	28	28.0	0.0
78	28	28.0	0.0
79	28	28.0	0.0
80	28	28.0	0.0
81	28	28.0	0.0
82	28	28.0	0.0
83	28	28.0	0.0
84	28	28.0	0.0
85	28	28.0	0.0
86	28	28.0	0.0
87	28	28.0	0.0
88	28	28.0	0.0
89	28	28.0	0.0
90	28	28.0	0.0
91	28	28.0	0.0
92	28	28.0	0.0
93	28	28.0	0.0
94	28	28.0	0.0
95	28	28.0	0.0
96	28	28.0	0.0
97	28	28.0	0.0
98	28	28.0	0.0
99	28	28.0	0.0
100	28	28.0	0.0
101	28	28.0	0.0
102	28	28.0	0.0
103	28	28.0	0.0
104	28	28.0	0.0
105	28	28.0	0.0
106	28	28.0	0.0
107	28	28.0	0.0
108	28	28.0	0.0
109	28	28.0	0.0
110	28	28.0	0.0
111	28	28.0	0.0
112	28	28.0	0.0
113	28	28.0	0.0
114	28	28.0	0.0
115	28	28.0	0.0
116	28	28.0	0.0
117	28	28.0	0.0
118	28	28.0	0.0
119	28	28.0	0.0
120	28	28.0	0.0
121	28	28.0	0.0
122	28	28.0	0.0
123	28	28.0	0.0
124	28	28.0	0.0
125	28	28.0	0.0
126	28	28.0	0.0
127	28	28.0	0.0
128	28	28.0	0.0
129	28	28.0	0.0
130	28	28.0	0.0
131	28	28.0	0.0
132	28	28.0	0.0
133	28	28.0	0.0
134	28	28.0	0.0
135	28	28.0	0.0
136	28	28.0	0.0
137	28	28.0	0.0
138	28	28.0	0.0
139	28	28.0	0.0
140	28	28.0	0.0
141	28	28.0	0.0
142	28	28.0	0.0
143	28	28.0	0.0
144	28	28.0	0.0
145	28	28.0	0.0
146	28	28.0	0.0
147	28	28.0	0.0
148	28	28.0	0.0
149	28	28.0	0.0
150	28	28.0	0.0
151	28	28.0	0.0
152	28	28.0	0.0
153	28	28.0	0.0
154	28	28.0	0.0
155	28	28.0	0.0
156	28	28.0	0.0
157	28	28.0	0.0
158	28	28.0	0.0
159	28	28.0	0.0
160	28	28.0	0.0
161	28	28.0	0.0
162	28	28.0	0.0
163	28	28.0	0.0
164	28	28.0	0.0
165	28	28.0	0.0
166	28	28.0	0.0
167	28	28.0	0.0
168	28	28.0	0.0
169	28	28.0	0.0
170	28	28.0	0.0
171	28	28.0	0.0
172	28	28.0	0.0
173	28	28.0	0.0
174	28	28.0	0.0
175	28	28.0	0.0
176	28	28.0	0.0
177	28	28.0	0.0
178	28	28.0	0.0
179	28	28.0	0.0
180	28	28.0	0.0
181	28	28.0	0.0
182	28	28.0	0.0
183	28	28.0	0.0
184	28	28.0	0.0
185	28	28.0	0.0
186	28	28.0	0.0
187	28	28.0	0.0
188	28	28.0	0.0
189	28	28.0	0.0
190	28	28.0	0.0
191	28	28.0	0.0
192	28	28.0	0.0
193	28	28.0	0.0
194	28	28.0	0.0
195	28	28.0	0.0
196	28	28.0	0.0
197	28	28.0	0.0
198	28	28.0	0.0
199	28	28.0	0.0
200	28	28.0	0.0
201	28	28.0	0.0
202	28	28.0	0.0
203	28	28.0	0.0
204	28	28.0	0.0
205	28	28.0	0.0
206	28	28.0	0.0
207	28	28.0	0.0
208	28	28.0	0.0
209	28	28.0	0.0
210	28	28.0	0.0
211	28	28.0	0.0
212	28	28.0	0.0
213	28	28.0	0.0
214	28	28.0	0.0
215	28	28.0	0.0
216	28	28.0	0.0
217	28	28.0	0.0
218	28	28.0	0.0
219	28	28.0	0.0
220	28	28.0	0.0
221	28	28.0	0.0
222	28	28.0	0.0
223	28	28.0	0.0
224	28	28.0	0.0
225	28	28.0	0.0
226	28	28.0	0.0
227	28	28.0	0.0
228	28	28.0	0.0
229	28	28.0	0.0
230	28	28.0	0.0
231	28	28.0	0.0
232	28	28.0	0.0
233	28	28.0	0.0
234	28	28.0	0.0
235	28	28.0	0.0
236	28	28.0	0.0
237	28	28.0	0.0
238	28	28.0	0.0
239	28	28.0	0.0
240	28	28.0	0.0
241	28	28.0	0.0
242	28	28.0	0.0
243	28	28.0	0.0
244	28	28.0	0.0
245	28	28.0	0.0
246	28	28.0	0.0
247	28	28.0	0.0
248	28	28.0	0.0
249	28	28.0	0.0
250	28	28.0	0.0
251	28	28.0	0.0
252	28	28.0	0.0
253	28	28.0	0.0
254	28	28.0	0.0
255	28	28.0	0.0
256	28	28.0	0.0
257	28	28.0	0.0
258	28	28.0	0.0
259	28	28.0	0.0
260	28	28.0	0.0
261	28	28.0	0.0
262	28	28.0	0.0
263	28	28.0	0.0
264	28	28.0	0.0
265	28	28.0	0.0
266	28	28.0	0.0
267	28	28.0	0.0
268	28	28.0	0.0
269	28	28.0	0.0
270	28	28.0	0.0
271	28	28.0	0.0
272	28	28.0	0.0
273	28	28.0	0.0
274	28	28.0	0.0
275	28	28.0	0.0
276	28	28.0	0.0
277	28	28.0	0.0
278	28	28.0	0.0
279	28	28.0	0.0
280	28	28.0	0.0
281	28	28.0	0.0
282	28	28.0	0.0
283	28	28.0	0.0
284	28	28.0	0.0
285	28	28.0	0.0
286	28	28.0	0.0
287	28	28.0	0.0
288	28	28.0	0.0
289	28	28.0	0.0
290	28	28.0	0.0
291	28	28.0	0.0
292	28	28.0	0.0
293	28	28.0	0.0
294	28	28.0	0.0
295	28	28.0	0.0
296	28	28.0	0.0
297	28	28.0	0.0
298	28	28.0	0.0
299	28	28.0	0.0
300	28	28.0	0.0
301	28	28.0	0.0
302	28	28.0	0.0
303	28	28.0	0.0
304	28	28.0	0.0
305	28	28.0	0.0
306	28	28.0	0.0
307	28	28.0	0.0
308	28	28.0	0.0
309	28	28.0	0.0
310	28	28.0	0.0
311	28	28.0	0.0
312	28	28.0	0.0
313	28	28.0	0.0
314	28	28.0	0.0
315	28	28.0	0.0
316	28	28.0	0.0
317	28	28.0	0.0
318	28	28.0	0.0
319	28	28.0	0.0
320	28	28.0	0.0
321	28	28.0	0.0
322	28	28.0	0.0
323	28	28.0	0.0
324	28	28.0	0.0
325	28	28.0	0.0
326	28	28.0	0.0
327	28	28.0	0.0
328	28	28.0	0.0
329	28	28.0	0.0
330	28	28.0	0.0
331	28	28.0	0.0
332	28	28.0	0.0
333	28	28.0	0.0
334	28	28.0	0.0
335	28	28.0	0.0
336	28	28.0	0.0
337	28	28.0	0.0
338	28	28.0	0.0
339	28	28.0	0.0
340	28	28.0	0.0
341	28	28.0	0.0
342	28	28.0	0.0
343	28	28.0	0.0
344	28	28.0	0.0
345	28	28.0	0.0
346	28	28.0	0.0
347	28	28.0	0.0
348	28	28.0	0.0
349	28	28.0	0.0
350	28	28.0	0.0
351	28	28.0	0.0
352	28	28.0	0.0
353	28	28.0	0.0
354	28	28.0	0.0
355	28	28.0	0.0
356	28	28.0	0.0
357	28	28.0	0.0
358	28	28.0	0.0
359	28	28.0	0.0
360	28	28.0	0.0
361	28	28.0	0.0
362	28	28.0	0.0
363	28	28.0	0.0
364	28	28.0	0.0
365	28	28.0	0.0
366	28	28.0	0.0
367	28	28.0	0.0
368	28	28.0	0.0
369	28	28.0	0.0
370	28	28.0	0.0
371	28	28.0	0.0
372	28	28.0	0.0
373	28	28.0	0.0
374	28	28.0	0.0
375	28	28.0	0.0
376	28	28.0	0.0
377	28	28.0	0.0
378	28	28.0	0.0
379	28	28.0	0.0
380	28	28.0	0.0
381	28	28.0	0.0
382	28	28.0	0.0
383	28	28.0	0.0
384	28	28.0	0.0
385	28	28.0	0.0
386	28	28.0	0.0
387	28	28.0	0.0
388	28	28.0	0.0
389	28	28.0	0.0
390	28	28.0	0.0
391	28	28.0	0.0
392	28	28.0	0.0
393	28	28.0	0.0
394	28	28.0	0.0
395	28	28.0	0.0
396	28	28.0	0.0
397	28	28.0	0.0
398	28	28.0	0.0
399	28	28.0	0.0
400	28	28.0	0.0
1	38	49.885	5.41126371562
2	37	44.34	2.39883304963
3	34	41.255	2.25387998793
4	29	38.275	2.5395619701
5	29	35.58	2.45633873886
6	28	32.66	1.92208220428
7	28	30.215	1.25250748501
8	28	29.045	0.826423015168
9	27	28.515	0.943278855906
10	27	28.135	0.683209338344
11	27	27.97	0.639609255718
12	27	27.58	0.737292343647
13	27	27.0	0.0
14	27	27.0	0.0
15	27	27.0	0.0
16	27	27.0	0.0
17	27	27.0	0.0
18	27	27.0	0.0
19	27	27.0	0.0
20	27	27.0	0.0
21	27	27.0	0.0
22	27	27.0	0.0
23	27	27.0	0.0
24	27	27.0	0.0
25	27	27.0	0.0
26	27	27.0	0.0
27	27	27.0	0.0
28	27	27.0	0.0
29	27	27.0	0.0
30	27	27.0	0.0
31	27	27.0	0.0
32	27	27.0	0.0
33	27	27.0	0.0
34	27	27.0	0.0
35	27	27.0	0.0
36	27	27.0	0.0
37	27	27.0	0.0
38	27	27.0	0.0
39	27	27.0	0.0
40	27	27.0	0.0
41	27	27.0	0.0
42	27	27.0	0.0
43	27	27.0	0.0
44	27	27.0	0.0
45	27	27.0	0.0
46	27	27.0	0.0
47	27	27.0	0.0
48	27	27.0	0.0
49	27	27.0	0.0
50	27	27.0	0.0
51	27	27.0	0.0
52	27	27.0	0.0
53	27	27.0	0.0
54	27	27.0	0.0
55	27	27.0	0.0
56	27	27.0	0.0
57	27	27.0	0.0
58	27	27.0	0.0
59	27	27.0	0.0
60	27	27.0	0.0
61	27	27.0	0.0
62	27	27.0	0.0
63	27	27.0	0.0
64	27	27.0	0.0
65	27	27.0	0.0
66	27	27.0	0.0
67	27	27.0	0.0
68	27	27.0	0.0
69	27	27.0	0.0
70	27	27.0	0.0
71	27	27.0	0.0
72	27	27.0	0.0
73	27	27.0	0.0
74	27	27.0	0.0
75	27	27.0	0.0
76	27	27.0	0.0
77	27	27.0	0.0
78	27	27.0	0.0
79	27	27.0	0.0
80	27	27.0	0.0
81	27	27.0	0.0
82	27	27.0	0.0
83	27	27.0	0.0
84	27	27.0	0.0
85	27	27.0	0.0
86	27	27.0	0.0
87	27	27.0	0.0
88	27	27.0	0.0
89	27	27.0	0.0
90	27	27.0	0.0
91	27	27.0	0.0
92	27	27.0	0.0
93	27	27.0	0.0
94	27	27.0	0.0
95	27	27.0	0.0
96	27	27.0	0.0
97	27	27.0	0.0
98	27	27.0	0.0
99	27	27.0	0.0
100	27	27.0	0.0
101	27	27.0	0.0
102	27	27.0	0.0
103	27	27.0	0.0
104	27	27.0	0.0
105	27	27.0	0.0
106	27	27.0	0.0
107	27	27.0	0.0
108	27	27.0	0.0
109	27	27.0	0.0
110	27	27.0	0.0
111	27	27.0	0.0
112	27	27.0	0.0
113	27	27.0	0.0
114	27	27.0	0.0
115	27	27.0	0.0
116	27	27.0	0.0
117	27	27.0	0.0
118	27	27.0	0.0
119	27	27.0	0.0
120	27	27.0	0.0
121	27	27.0	0.0
122	27	27.0	0.0
123	27	27.0	0.0
124	27	27.0	0.0
125	27	27.0	0.0
126	27	27.0	0.0
127	27	27.0	0.0
128	27	27.0	0.0
129	27	27.0	0.0
130	27	27.0	0.0
131	27	27.0	0.0
132	27	27.0	0.0
133	27	27.0	0.0
134	27	27.0	0.0
135	27	27.0	0.0
136	27	27.0	0.0
137	27	27.0	0.0
138	27	27.0	0.0
139	27	27.0	0.0
140	27	27.0	0.0
141	27	27.0	0.0
142	27	27.0	0.0
143	27	27.0	0.0
144	27	27.0	0.0
145	27	27.0	0.0
146	27	27.0	0.0
147	27	27.0	0.0
148	27	27.0	0.0
149	27	27.0	0.0
150	27	27.0	0.0
151	27	27.0	0.0
152	27	27.0	0.0
153	27	27.0	0.0
154	27	27.0	0.0
155	27	27.0	0.0
156	27	27.0	0.0
157	27	27.0	0.0
158	27	27.0	0.0
159	27	27.0	0.0
160	27	27.0	0.0
161	27	27.0	0.0
162	27	27.0	0.0
163	27	27.0	0.0
164	27	27.0	0.0
165	27	27.0	0.0
166	27	27.0	0.0
167	27	27.0	0.0
168	27	27.0	0.0
169	27	27.0	0.0
170	27	27.0	0.0
171	27	27.0	0.0
172	27	27.0	0.0
173	27	27.0	0.0
174	27	27.0	0.0
175	27	27.0	0.0
176	27	27.0	0.0
177	27	27.0	0.0
178	27	27.0	0.0
179	27	27.0	0.0
180	27	27.0	0.0
181	27	27.0	0.0
182	27	27.0	0.0
183	27	27.0	0.0
184	27	27.0	0.0
185	27	27.0	0.0
186	27	27.0	0.0
187	27	27.0	0.0
188	27	27.0	0.0
189	27	27.0	0.0
190	27	27.0	0.0
191	27	27.0	0.0
192	27	27.0	0.0
193	27	27.0	0.0
194	27	27.0	0.0
195	27	27.0	0.0
196	27	27.0	0.0
197	27	27.0	0.0
198	27	27.0	0.0
199	27	27.0	0.0
200	27	27.0	0.0
201	27	27.0	0.0
202	27	27.0	0.0
203	27	27.0	0.0
204	27	27.0	0.0
205	27	27.0	0.0
206	27	27.0	0.0
207	27	27.0	0.0
208	27	27.0	0.0
209	27	27.0	0.0
210	27	27.0	0.0
211	27	27.0	0.0
212	27	27.0	0.0
213	27	27.0	0.0
214	27	27.0	0.0
215	27	27.0	0.0
216	27	27.0	0.0
217	27	27.0	0.0
218	27	27.0	0.0
219	27	27.0	0.0
220	27	27.0	0.0
221	27	27.0	0.0
222	27	27.0	0.0
223	27	27.0	0.0
224	27	27.0	0.0
225	27	27.0	0.0
226	27	27.0	0.0
227	27	27.0	0.0
228	27	27.0	0.0
229	27	27.0	0.0
230	27	27.0	0.0
231	27	27.0	0.0
232	27	27.0	0.0
233	27	27.0	0.0
234	27	27.0	0.0
235	27	27.0	0.0
236	27	27.0	0.0
237	27	27.0	0.0
238	27	27.0	0.0
239	27	27.0	0.0
240	27	27.0	0.0
241	27	27.0	0.0
242	27	27.0	0.0
243	27	27.0	0.0
244	27	27.0	0.0
245	27	27.0	0.0
246	27	27.0	0.0
247	27	27.0	0.0
248	27	27.0	0.0
249	27	27.0	0.0
250	27	27.0	0.0
251	27	27.0	0.0
252	27	27.0	0.0
253	27	27.0	0.0
254	27	27.0	0.0
255	27	27.0	0.0
256	27	27.0	0.0
257	27	27.0	0.0
258	27	27.0	0.0
259	27	27.0	0.0
260	27	27.0	0.0
261	27	27.0	0.0
262	27	27.0	0.0
263	27	27.0	0.0
264	27	27.0	0.0
265	27	27.0	0.0
266	27	27.0	0.0
267	27	27.0	0.0
268	27	27.0	0.0
269	27	27.0	0.0
270	27	27.0	0.0
271	27	27.0	0.0
272	27	27.0	0.0
273	27	27.0	0.0
274	27	27.0	0.0
275	27	27.0	0.0
276	27	27.0	0.0
277	27	27.0	0.0
278	27	27.0	0.0
279	27	27.0	0.0
280	27	27.0	0.0
281	27	27.0	0.0
282	27	27.0	0.0
283	27	27.0	0.0
284	27	27.0	0.0
285	27	27.0	0.0
286	27	27.0	0.0
287	27	27.0	0.0
288	27	27.0	0.0
289	27	27.0	0.0
290	27	27.0	0.0
291	27	27.0	0.0
292	27	27.0	0.0
293	27	27.0	0.0
294	27	27.0	0.0
295	27	27.0	0.0
296	27	27.0	0.0
297	27	27.0	0.0
298	27	27.0	0.0
299	27	27.0	0.0
300	27	27.0	0.0
301	27	27.0	0.0
302	27	27.0	0.0
303	27	27.0	0.0
304	27	27.0	0.0
305	27	27.0	0.0
306	27	27.0	0.0
307	27	27.0	0.0
308	27	27.0	0.0
309	27	27.0	0.0
310	27	27.0	0.0
311	27	27.0	0.0
312	27	27.0	0.0
313	27	27.0	0.0
314	27	27.0	0.0
315	27	27.0	0.0
316	27	27.0	0.0
317	27	27.0	0.0
318	27	27.0	0.0
319	27	27.0	0.0
320	27	27.0	0.0
321	27	27.0	0.0
322	27	27.0	0.0
323	27	27.0	0.0
324	27	27.0	0.0
325	27	27.0	0.0
326	27	27.0	0.0
327	27	27.0	0.0
328	27	27.0	0.0
329	27	27.0	0.0
330	27	27.0	0.0
331	27	27.0	0.0
332	27	27.0	0.0
333	27	27.0	0.0
334	27	27.0	0.0
335	27	27.0	0.0
336	27	27.0	0.0
337	27	27.0	0.0
338	27	27.0	0.0
339	27	27.0	0.0
340	27	27.0	0.0
341	27	27.0	0.0
342	27	27.0	0.0
343	27	27.0	0.0
344	27	27.0	0.0
345	27	27.0	0.0
346	27	27.0	0.0
347	27	27.0	0.0
348	27	27.0	0.0
349	27	27.0	0.0
350	27	27.0	0.0
351	27	27.0	0.0
352	27	27.0	0.0
353	27	27.0	0.0
354	27	27.0	0.0
355	27	27.0	0.0
356	27	27.0	0.0
357	27	27.0	0.0
358	27	27.0	0.0
359	27	27.0	0.0
360	27	27.0	0.0
361	27	27.0	0.0
362	27	27.0	0.0
363	27	27.0	0.0
364	27	27.0	0.0
365	27	27.0	0.0
366	27	27.0	0.0
367	27	27.0	0.0
368	27	27.0	0.0
369	27	27.0	0.0
370	27	27.0	0.0
371	27	27.0	0.0
372	27	27.0	0.0
373	27	27.0	0.0
374	27	27.0	0.0
375	27	27.0	0.0
376	27	27.0	0.0
377	27	27.0	0.0
378	27	27.0	0.0
379	27	27.0	0.0
380	27	27.0	0.0
381	27	27.0	0.0
382	27	27.0	0.0
383	27	27.0	0.0
384	27	27.0	0.0
385	27	27.0	0.0
386	27	27.0	0.0
387	27	27.0	0.0
388	27	27.0	0.0
389	27	27.0	0.0
390	27	27.0	0.0
391	27	27.0	0.0
392	27	27.0	0.0
393	27	27.0	0.0
394	27	27.0	0.0
395	27	27.0	0.0
396	27	27.0	0.0
397	27	27.0	0.0
398	27	27.0	0.0
399	27	27.0	0.0
400	27	27.0	0.0
1	39	50.81	5.91556421654
2	36	44.44	2.6241951147
3	31	41.565	2.35069670523
4	31	38.955	1.87162362669
5	31	37.11	2.26669362729
6	30	34.375	1.89060175606
7	30	31.745	1.05355351074
8	29	30.89	0.409756024971
9	29	30.485	0.616258874175
10	29	29.885	0.575999131944
11	29	29.335	0.471990466005
12	29	29.0	0.0
13	29	29.0	0.0
14	29	29.0	0.0
15	29	29.0	0.0
16	29	29.0	0.0
17	29	29.0	0.0
18	29	29.0	0.0
19	29	29.0	0.0
20	29	29.0	0.0
21	29	29.0	0.0
22	29	29.0	0.0
23	29	29.0	0.0
24	29	29.0	0.0
25	29	29.0	0.0
26	29	29.0	0.0
27	29	29.0	0.0
28	29	29.0	0.0
29	29	29.0	0.0
30	29	29.0	0.0
31	29	29.0	0.0
32	29	29.0	0.0
33	29	29.0	0.0
34	29	29.0	0.0
35	29	29.0	0.0
36	29	29.0	0.0
37	29	29.0	0.0
38	29	29.0	0.0
39	29	29.0	0.0
40	29	29.0	0.0
41	29	29.0	0.0
42	29	29.0	0.0
43	29	29.0	0.0
44	29	29.0	0.0
45	29	29.0	0.0
46	29	29.0	0.0
47	29	29.0	0.0
48	29	29.0	0.0
49	29	29.0	0.0
50	29	29.0	0.0
51	29	29.0	0.0
52	29	29.0	0.0
53	29	29.0	0.0
54	29	29.0	0.0
55	29	29.0	0.0
56	29	29.0	0.0
57	29	29.0	0.0
58	29	29.0	0.0
59	29	29.0	0.0
60	29	29.0	0.0
61	29	29.0	0.0
62	29	29.0	0.0
63	29	29.0	0.0
64	29	29.0	0.0
65	29	29.0	0.0
66	29	29.0	0.0
67	29	29.0	0.0
68	29	29.0	0.0
69	29	29.0	0.0
70	29	29.0	0.0
71	29	29.0	0.0
72	29	29.0	0.0
73	29	29.0	0.0
74	29	29.0	0.0
75	29	29.0	0.0
76	29	29.0	0.0
77	29	29.0	0.0
78	29	29.0	0.0
79	29	29.0	0.0
80	29	29.0	0.0
81	29	29.0	0.0
82	29	29.0	0.0
83	29	29.0	0.0
84	29	29.0	0.0
85	29	29.0	0.0
86	29	29.0	0.0
87	29	29.0	0.0
88	29	29.0	0.0
89	29	29.0	0.0
90	29	29.0	0.0
91	29	29.0	0.0
92	29	29.0	0.0
93	29	29.0	0.0
94	29	29.0	0.0
95	29	29.0	0.0
96	29	29.0	0.0
97	29	29.0	0.0
98	29	29.0	0.0
99	29	29.0	0.0
100	29	29.0	0.0
101	29	29.0	0.0
102	29	29.0	0.0
103	29	29.0	0.0
104	29	29.0	0.0
105	29	29.0	0.0
106	29	29.0	0.0
107	29	29.0	0.0
108	29	29.0	0.0
109	29	29.0	0.0
110	29	29.0	0.0
111	29	29.0	0.0
112	29	29.0	0.0
113	29	29.0	0.0
114	29	29.0	0.0
115	29	29.0	0.0
116	29	29.0	0.0
117	29	29.0	0.0
118	29	29.0	0.0
119	29	29.0	0.0
120	29	29.0	0.0
121	29	29.0	0.0
122	29	29.0	0.0
123	29	29.0	0.0
124	29	29.0	0.0
125	29	29.0	0.0
126	29	29.0	0.0
127	29	29.0	0.0
128	29	29.0	0.0
129	29	29.0	0.0
130	29	29.0	0.0
131	29	29.0	0.0
132	29	29.0	0.0
133	29	29.0	0.0
134	29	29.0	0.0
135	29	29.0	0.0
136	29	29.0	0.0
137	29	29.0	0.0
138	29	29.0	0.0
139	29	29.0	0.0
140	29	29.0	0.0
141	29	29.0	0.0
142	29	29.0	0.0
143	29	29.0	0.0
144	29	29.0	0.0
145	29	29.0	0.0
146	29	29.0	0.0
147	29	29.0	0.0
148	29	29.0	0.0
149	29	29.0	0.0
150	29	29.0	0.0
151	29	29.0	0.0
152	29	29.0	0.0
153	29	29.0	0.0
154	29	29.0	0.0
155	29	29.0	0.0
156	29	29.0	0.0
157	29	29.0	0.0
158	29	29.0	0.0
159	29	29.0	0.0
160	29	29.0	0.0
161	29	29.0	0.0
162	29	29.0	0.0
163	29	29.0	0.0
164	29	29.0	0.0
165	29	29.0	0.0
166	29	29.0	0.0
167	29	29.0	0.0
168	29	29.0	0.0
169	29	29.0	0.0
170	29	29.0	0.0
171	29	29.0	0.0
172	29	29.0	0.0
173	29	29.0	0.0
174	29	29.0	0.0
175	29	29.0	0.0
176	29	29.0	0.0
177	29	29.0	0.0
178	29	29.0	0.0
179	29	29.0	0.0
180	29	29.0	0.0
181	29	29.0	0.0
182	29	29.0	0.0
183	29	29.0	0.0
184	29	29.0	0.0
185	29	29.0	0.0
186	29	29.0	0.0
187	29	29.0	0.0
188	29	29.0	0.0
189	29	29.0	0.0
190	29	29.0	0.0
191	29	29.0	0.0
192	29	29.0	0.0
193	29	29.0	0.0
194	29	29.0	0.0
195	29	29.0	0.0
196	29	29.0	0.0
197	29	29.0	0.0
198	29	29.0	0.0
199	29	29.0	0.0
200	29	29.0	0.0
201	29	29.0	0.0
202	29	29.0	0.0
203	29	29.0	0.0
204	29	29.0	0.0
205	29	29.0	0.0
206	29	29.0	0.0
207	29	29.0	0.0
208	29	29.0	0.0
209	29	29.0	0.0
210	29	29.0	0.0
211	29	29.0	0.0
212	29	29.0	0.0
213	29	29.0	0.0
214	29	29.0	0.0
215	29	29.0	0.0
216	29	29.0	0.0
217	29	29.0	0.0
218	29	29.0	0.0
219	29	29.0	0.0
220	29	29.0	0.0
221	29	29.0	0.0
222	29	29.0	0.0
223	29	29.0	0.0
224	29	29.0	0.0
225	29	29.0	0.0
226	29	29.0	0.0
227	29	29.0	0.0
228	29	29.0	0.0
229	29	29.0	0.0
230	29	29.0	0.0
231	29	29.0	0.0
232	29	29.0	0.0
233	29	29.0	0.0
234	29	29.0	0.0
235	29	29.0	0.0
236	29	29.0	0.0
237	29	29.0	0.0
238	29	29.0	0.0
239	29	29.0	0.0
240	29	29.0	0.0
241	29	29.0	0.0
242	29	29.0	0.0
243	29	29.0	0.0
244	29	29.0	0.0
245	29	29.0	0.0
246	29	29.0	0.0
247	29	29.0	0.0
248	29	29.0	0.0
249	29	29.0	0.0
250	29	29.0	0.0
251	29	29.0	0.0
252	29	29.0	0.0
253	29	29.0	0.0
254	29	29.0	0.0
255	29	29.0	0.0
256	29	29.0	0.0
257	29	29.0	0.0
258	29	29.0	0.0
259	29	29.0	0.0
260	29	29.0	0.0
261	29	29.0	0.0
262	29	29.0	0.0
263	29	29.0	0.0
264	29	29.0	0.0
265	29	29.0	0.0
266	29	29.0	0.0
267	29	29.0	0.0
268	29	29.0	0.0
269	29	29.0	0.0
270	29	29.0	0.0
271	29	29.0	0.0
272	29	29.0	0.0
273	29	29.0	0.0
274	29	29.0	0.0
275	29	29.0	0.0
276	29	29.0	0.0
277	29	29.0	0.0
278	29	29.0	0.0
279	29	29.0	0.0
280	29	29.0	0.0
281	29	29.0	0.0
282	29	29.0	0.0
283	29	29.0	0.0
284	29	29.0	0.0
285	29	29.0	0.0
286	29	29.0	0.0
287	29	29.0	0.0
288	29	29.0	0.0
289	29	29.0	0.0
290	29	29.0	0.0
291	29	29.0	0.0
292	29	29.0	0.0
293	29	29.0	0.0
294	29	29.0	0.0
295	29	29.0	0.0
296	29	29.0	0.0
297	29	29.0	0.0
298	29	29.0	0.0
299	29	29.0	0.0
300	29	29.0	0.0
301	29	29.0	0.0
302	29	29.0	0.0
303	29	29.0	0.0
304	29	29.0	0.0
305	29	29.0	0.0
306	29	29.0	0.0
307	29	29.0	0.0
308	29	29.0	0.0
309	29	29.0	0.0
310	29	29.0	0.0
311	29	29.0	0.0
312	29	29.0	0.0
313	29	29.0	0.0
314	29	29.0	0.0
315	29	29.0	0.0
316	29	29.0	0.0
317	29	29.0	0.0
318	29	29.0	0.0
319	29	29.0	0.0
320	29	29.0	0.0
321	29	29.0	0.0
322	29	29.0	0.0
323	29	29.0	0.0
324	29	29.0	0.0
325	29	29.0	0.0
326	29	29.0	0.0
327	29	29.0	0.0
328	29	29.0	0.0
329	29	29.0	0.0
330	29	29.0	0.0
331	29	29.0	0.0
332	29	29.0	0.0
333	29	29.0	0.0
334	29	29.0	0.0
335	29	29.0	0.0
336	29	29.0	0.0
337	29	29.0	0.0
338	29	29.0	0.0
339	29	29.0	0.0
340	29	29.0	0.0
341	29	29.0	0.0
342	29	29.0	0.0
343	29	29.0	0.0
344	29	29.0	0.0
345	29	29.0	0.0
346	29	29.0	0.0
347	29	29.0	0.0
348	29	29.0	0.0
349	29	29.0	0.0
350	29	29.0	0.0
351	29	29.0	0.0
352	29	29.0	0.0
353	29	29.0	0.0
354	29	29.0	0.0
355	29	29.0	0.0
356	29	29.0	0.0
357	29	29.0	0.0
358	29	29.0	0.0
359	29	29.0	0.0
360	29	29.0	0.0
361	29	29.0	0.0
362	29	29.0	0.0
363	29	29.0	0.0
364	29	29.0	0.0
365	29	29.0	0.0
366	29	29.0	0.0
367	29	29.0	0.0
368	29	29.0	0.0
369	29	29.0	0.0
370	29	29.0	0.0
371	29	29.0	0.0
372	29	29.0	0.0
373	29	29.0	0.0
374	29	29.0	0.0
375	29	29.0	0.0
376	29	29.0	0.0
377	29	29.0	0.0
378	29	29.0	0.0
379	29	29.0	0.0
380	29	29.0	0.0
381	29	29.0	0.0
382	29	29.0	0.0
383	29	29.0	0.0
384	29	29.0	0.0
385	29	29.0	0.0
386	29	29.0	0.0
387	29	29.0	0.0
388	29	29.0	0.0
389	29	29.0	0.0
390	29	29.0	0.0
391	29	29.0	0.0
392	29	29.0	0.0
393	29	29.0	0.0
394	29	29.0	0.0
395	29	29.0	0.0
396	29	29.0	0.0
397	29	29.0	0.0
398	29	29.0	0.0
399	29	29.0	0.0
400	29	29.0	0.0
1	38	50.285	5.74924125429
2	37	43.98	2.7856058587
3	33	39.99	2.21582941582
4	33	37.72	1.94463364159
5	31	35.575	1.87466663703
6	31	33.56	1.38434099845
7	30	32.8	1.32664991614
8	30	31.85	1.16511801977
9	29	30.92	0.783326241103
10	28	30.205	0.577039859975
11	28	29.81	0.730684610485
12	28	28.99	0.63237647015
13	28	28.5	0.60827625303
14	28	28.0	0.0
15	28	28.0	0.0
16	28	28.0	0.0
17	28	28.0	0.0
18	28	28.0	0.0
19	28	28.0	0.0
20	28	28.0	0.0
21	28	28.0	0.0
22	28	28.0	0.0
23	28	28.0	0.0
24	28	28.0	0.0
25	28	28.0	0.0
26	28	28.0	0.0
27	28	28.0	0.0
28	28	28.0	0.0
29	28	28.0	0.0
30	28	28.0	0.0
31	28	28.0	0.0
32	28	28.0	0.0
33	28	28.0	0.0
34	28	28.0	0.0
35	28	28.0	0.0
36	28	28.0	0.0
37	28	28.0	0.0
38	28	28.0	0.0
39	28	28.0	0.0
40	28	28.0	0.0
41	28	28.0	0.0
42	28	28.0	0.0
43	28	28.0	0.0
44	28	28.0	0.0
45	28	28.0	0.0
46	28	28.0	0.0
47	28	28.0	0.0
48	28	28.0	0.0
49	28	28.0	0.0
50	28	28.0	0.0
51	28	28.0	0.0
52	28	28.0	0.0
53	28	28.0	0.0
54	28	28.0	0.0
55	28	28.0	0.0
56	28	28.0	0.0
57	28	28.0	0.0
58	28	28.0	0.0
59	28	28.0	0.0
60	28	28.0	0.0
61	28	28.0	0.0
62	28	28.0	0.0
63	28	28.0	0.0
64	28	28.0	0.0
65	28	28.0	0.0
66	28	28.0	0.0
67	28	28.0	0.0
68	28	28.0	0.0
69	28	28.0	0.0
70	28	28.0	0.0
71	28	28.0	0.0
72	28	28.0	0.0
73	28	28.0	0.0
74	28	28.0	0.0
75	28	28.0	0.0
76	28	28.0	0.0
77	28	28.0	0.0
78	28	28.0	0.0
79	28	28.0	0.0
80	28	28.0	0.0
81	28	28.0	0.0
82	28	28.0	0.0
83	28	28.0	0.0
84	28	28.0	0.0
85	28	28.0	0.0
86	28	28.0	0.0
87	28	28.0	0.0
88	28	28.0	0.0
89	28	28.0	0.0
90	28	28.0	0.0
91	28	28.0	0.0
92	28	28.0	0.0
93	28	28.0	0.0
94	28	28.0	0.0
95	28	28.0	0.0
96	28	28.0	0.0
97	28	28.0	0.0
98	28	28.0	0.0
99	28	28.0	0.0
100	28	28.0	0.0
101	28	28.0	0.0
102	28	28.0	0.0
103	28	28.0	0.0
104	28	28.0	0.0
105	28	28.0	0.0
106	28	28.0	0.0
107	28	28.0	0.0
108	28	28.0	0.0
109	28	28.0	0.0
110	28	28.0	0.0
111	28	28.0	0.0
112	28	28.0	0.0
113	28	28.0	0.0
114	28	28.0	0.0
115	28	28.0	0.0
116	28	28.0	0.0
117	28	28.0	0.0
118	28	28.0	0.0
119	28	28.0	0.0
120	28	28.0	0.0
121	28	28.0	0.0
122	28	28.0	0.0
123	28	28.0	0.0
124	28	28.0	0.0
125	28	28.0	0.0
126	28	28.0	0.0
127	28	28.0	0.0
128	28	28.0	0.0
129	28	28.0	0.0
130	28	28.0	0.0
131	28	28.0	0.0
132	28	28.0	0.0
133	28	28.0	0.0
134	28	28.0	0.0
135	28	28.0	0.0
136	28	28.0	0.0
137	28	28.0	0.0
138	28	28.0	0.0
139	28	28.0	0.0
140	28	28.0	0.0
141	28	28.0	0.0
142	28	28.0	0.0
143	28	28.0	0.0
144	28	28.0	0.0
145	28	28.0	0.0
146	28	28.0	0.0
147	28	28.0	0.0
148	28	28.0	0.0
149	28	28.0	0.0
150	28	28.0	0.0
151	28	28.0	0.0
152	28	28.0	0.0
153	28	28.0	0.0
154	28	28.0	0.0
155	28	28.0	0.0
156	28	28.0	0.0
157	28	28.0	0.0
158	28	28.0	0.0
159	28	28.0	0.0
160	28	28.0	0.0
161	28	28.0	0.0
162	28	28.0	0.0
163	28	28.0	0.0
164	28	28.0	0.0
165	28	28.0	0.0
166	28	28.0	0.0
167	28	28.0	0.0
168	28	28.0	0.0
169	28	28.0	0.0
170	28	28.0	0.0
171	28	28.0	0.0
172	28	28.0	0.0
173	28	28.0	0.0
174	28	28.0	0.0
175	28	28.0	0.0
176	28	28.0	0.0
177	28	28.0	0.0
178	28	28.0	0.0
179	28	28.0	0.0
180	28	28.0	0.0
181	28	28.0	0.0
182	28	28.0	0.0
183	28	28.0	0.0
184	28	28.0	0.0
185	28	28.0	0.0
186	28	28.0	0.0
187	28	28.0	0.0
188	28	28.0	0.0
189	28	28.0	0.0
190	28	28.0	0.0
191	28	28.0	0.0
192	28	28.0	0.0
193	28	28.0	0.0
194	28	28.0	0.0
195	28	28.0	0.0
196	28	28.0	0.0
197	28	28.0	0.0
198	28	28.0	0.0
199	28	28.0	0.0
200	28	28.0	0.0
201	28	28.0	0.0
202	28	28.0	0.0
203	28	28.0	0.0
204	28	28.0	0.0
205	28	28.0	0.0
206	28	28.0	0.0
207	28	28.0	0.0
208	28	28.0	0.0
209	28	28.0	0.0
210	28	28.0	0.0
211	28	28.0	0.0
212	28	28.0	0.0
213	28	28.0	0.0
214	28	28.0	0.0
215	28	28.0	0.0
216	28	28.0	0.0
217	28	28.0	0.0
218	28	28.0	0.0
219	28	28.0	0.0
220	28	28.0	0.0
221	28	28.0	0.0
222	28	28.0	0.0
223	28	28.0	0.0
224	28	28.0	0.0
225	28	28.0	0.0
226	28	28.0	0.0
227	28	28.0	0.0
228	28	28.0	0.0
229	28	28.0	0.0
230	28	28.0	0.0
231	28	28.0	0.0
232	28	28.0	0.0
233	28	28.0	0.0
234	28	28.0	0.0
235	28	28.0	0.0
236	28	28.0	0.0
237	28	28.0	0.0
238	28	28.0	0.0
239	28	28.0	0.0
240	28	28.0	0.0
241	28	28.0	0.0
242	28	28.0	0.0
243	28	28.0	0.0
244	28	28.0	0.0
245	28	28.0	0.0
246	28	28.0	0.0
247	28	28.0	0.0
248	28	28.0	0.0
249	28	28.0	0.0
250	28	28.0	0.0
251	28	28.0	0.0
252	28	28.0	0.0
253	28	28.0	0.0
254	28	28.0	0.0
255	28	28.0	0.0
256	28	28.0	0.0
257	28	28.0	0.0
258	28	28.0	0.0
259	28	28.0	0.0
260	28	28.0	0.0
261	28	28.0	0.0
262	28	28.0	0.0
263	28	28.0	0.0
264	28	28.0	0.0
265	28	28.0	0.0
266	28	28.0	0.0
267	28	28.0	0.0
268	28	28.0	0.0
269	28	28.0	0.0
270	28	28.0	0.0
271	28	28.0	0.0
272	28	28.0	0.0
273	28	28.0	0.0
274	28	28.0	0.0
275	28	28.0	0.0
276	28	28.0	0.0
277	28	28.0	0.0
278	28	28.0	0.0
279	28	28.0	0.0
280	28	28.0	0.0
281	28	28.0	0.0
282	28	28.0	0.0
283	28	28.0	0.0
284	28	28.0	0.0
285	28	28.0	0.0
286	28	28.0	0.0
287	28	28.0	0.0
288	28	28.0	0.0
289	28	28.0	0.0
290	28	28.0	0.0
291	28	28.0	0.0
292	28	28.0	0.0
293	28	28.0	0.0
294	28	28.0	0.0
295	28	28.0	0.0
296	28	28.0	0.0
297	28	28.0	0.0
298	28	28.0	0.0
299	28	28.0	0.0
300	28	28.0	0.0
301	28	28.0	0.0
302	28	28.0	0.0
303	28	28.0	0.0
304	28	28.0	0.0
305	28	28.0	0.0
306	28	28.0	0.0
307	28	28.0	0.0
308	28	28.0	0.0
309	28	28.0	0.0
310	28	28.0	0.0
311	28	28.0	0.0
312	28	28.0	0.0
313	28	28.0	0.0
314	28	28.0	0.0
315	28	28.0	0.0
316	28	28.0	0.0
317	28	28.0	0.0
318	28	28.0	0.0
319	28	28.0	0.0
320	28	28.0	0.0
321	28	28.0	0.0
322	28	28.0	0.0
323	28	28.0	0.0
324	28	28.0	0.0
325	28	28.0	0.0
326	28	28.0	0.0
327	28	28.0	0.0
328	28	28.0	0.0
329	28	28.0	0.0
330	28	28.0	0.0
331	28	28.0	0.0
332	28	28.0	0.0
333	28	28.0	0.0
334	28	28.0	0.0
335	28	28.0	0.0
336	28	28.0	0.0
337	28	28.0	0.0
338	28	28.0	0.0
339	28	28.0	0.0
340	28	28.0	0.0
341	28	28.0	0.0
342	28	28.0	0.0
343	28	28.0	0.0
344	28	28.0	0.0
345	28	28.0	0.0
346	28	28.0	0.0
347	28	28.0	0.0
348	28	28.0	0.0
349	28	28.0	0.0
350	28	28.0	0.0
351	28	28.0	0.0
352	28	28.0	0.0
353	28	28.0	0.0
354	28	28.0	0.0
355	28	28.0	0.0
356	28	28.0	0.0
357	28	28.0	0.0
358	28	28.0	0.0
359	28	28.0	0.0
360	28	28.0	0.0
361	28	28.0	0.0
362	28	28.0	0.0
363	28	28.0	0.0
364	28	28.0	0.0
365	28	28.0	0.0
366	28	28.0	0.0
367	28	28.0	0.0
368	28	28.0	0.0
369	28	28.0	0.0
370	28	28.0	0.0
371	28	28.0	0.0
372	28	28.0	0.0
373	28	28.0	0.0
374	28	28.0	0.0
375	28	28.0	0.0
376	28	28.0	0.0
377	28	28.0	0.0
378	28	28.0	0.0
379	28	28.0	0.0
380	28	28.0	0.0
381	28	28.0	0.0
382	28	28.0	0.0
383	28	28.0	0.0
384	28	28.0	0.0
385	28	28.0	0.0
386	28	28.0	0.0
387	28	28.0	0.0
388	28	28.0	0.0
389	28	28.0	0.0
390	28	28.0	0.0
391	28	28.0	0.0
392	28	28.0	0.0
393	28	28.0	0.0
394	28	28.0	0.0
395	28	28.0	0.0
396	28	28.0	0.0
397	28	28.0	0.0
398	28	28.0	0.0
399	28	28.0	0.0
400	28	28.0	0.0
1	38	49.15	4.91095713685
2	37	43.595	2.74790374649
3	36	40.58	1.81482781552
4	34	38.55	1.7342145196
5	30	37.145	1.92197164391
6	30	35.37	1.95271605719
7	28	33.52	1.76056809013
8	27	31.84	1.74482090772
9	27	30.19	1.70701493842
10	26	28.12	0.946361453146
11	26	27.22	0.46
12	26	26.96	0.28
13	26	26.76	0.492341345004
14	26	26.0	0.0
15	26	26.0	0.0
16	26	26.0	0.0
17	26	26.0	0.0
18	26	26.0	0.0
19	26	26.0	0.0
20	26	26.0	0.0
21	26	26.0	0.0
22	26	26.0	0.0
23	26	26.0	0.0
24	26	26.0	0.0
25	26	26.0	0.0
26	26	26.0	0.0
27	26	26.0	0.0
28	26	26.0	0.0
29	26	26.0	0.0
30	26	26.0	0.0
31	26	26.0	0.0
32	26	26.0	0.0
33	26	26.0	0.0
34	26	26.0	0.0
35	26	26.0	0.0
36	26	26.0	0.0
37	26	26.0	0.0
38	26	26.0	0.0
39	26	26.0	0.0
40	26	26.0	0.0
41	26	26.0	0.0
42	26	26.0	0.0
43	26	26.0	0.0
44	26	26.0	0.0
45	26	26.0	0.0
46	26	26.0	0.0
47	26	26.0	0.0
48	26	26.0	0.0
49	26	26.0	0.0
50	26	26.0	0.0
51	26	26.0	0.0
52	26	26.0	0.0
53	26	26.0	0.0
54	26	26.0	0.0
55	26	26.0	0.0
56	26	26.0	0.0
57	26	26.0	0.0
58	26	26.0	0.0
59	26	26.0	0.0
60	26	26.0	0.0
61	26	26.0	0.0
62	26	26.0	0.0
63	26	26.0	0.0
64	26	26.0	0.0
65	26	26.0	0.0
66	26	26.0	0.0
67	26	26.0	0.0
68	26	26.0	0.0
69	26	26.0	0.0
70	26	26.0	0.0
71	26	26.0	0.0
72	26	26.0	0.0
73	26	26.0	0.0
74	26	26.0	0.0
75	26	26.0	0.0
76	26	26.0	0.0
77	26	26.0	0.0
78	26	26.0	0.0
79	26	26.0	0.0
80	26	26.0	0.0
81	26	26.0	0.0
82	26	26.0	0.0
83	26	26.0	0.0
84	26	26.0	0.0
85	26	26.0	0.0
86	26	26.0	0.0
87	26	26.0	0.0
88	26	26.0	0.0
89	26	26.0	0.0
90	26	26.0	0.0
91	26	26.0	0.0
92	26	26.0	0.0
93	26	26.0	0.0
94	26	26.0	0.0
95	26	26.0	0.0
96	26	26.0	0.0
97	26	26.0	0.0
98	26	26.0	0.0
99	26	26.0	0.0
100	26	26.0	0.0
101	26	26.0	0.0
102	26	26.0	0.0
103	26	26.0	0.0
104	26	26.0	0.0
105	26	26.0	0.0
106	26	26.0	0.0
107	26	26.0	0.0
108	26	26.0	0.0
109	26	26.0	0.0
110	26	26.0	0.0
111	26	26.0	0.0
112	26	26.0	0.0
113	26	26.0	0.0
114	26	26.0	0.0
115	26	26.0	0.0
116	26	26.0	0.0
117	26	26.0	0.0
118	26	26.0	0.0
119	26	26.0	0.0
120	26	26.0	0.0
121	26	26.0	0.0
122	26	26.0	0.0
123	26	26.0	0.0
124	26	26.0	0.0
125	26	26.0	0.0
126	26	26.0	0.0
127	26	26.0	0.0
128	26	26.0	0.0
129	26	26.0	0.0
130	26	26.0	0.0
131	26	26.0	0.0
132	26	26.0	0.0
133	26	26.0	0.0
134	26	26.0	0.0
135	26	26.0	0.0
136	26	26.0	0.0
137	26	26.0	0.0
138	26	26.0	0.0
139	26	26.0	0.0
140	26	26.0	0.0
141	26	26.0	0.0
142	26	26.0	0.0
143	26	26.0	0.0
144	26	26.0	0.0
145	26	26.0	0.0
146	26	26.0	0.0
147	26	26.0	0.0
148	26	26.0	0.0
149	26	26.0	0.0
150	26	26.0	0.0
151	26	26.0	0.0
152	26	26.0	0.0
153	26	26.0	0.0
154	26	26.0	0.0
155	26	26.0	0.0
156	26	26.0	0.0
157	26	26.0	0.0
158	26	26.0	0.0
159	26	26.0	0.0
160	26	26.0	0.0
161	26	26.0	0.0
162	26	26.0	0.0
163	26	26.0	0.0
164	26	26.0	0.0
165	26	26.0	0.0
166	26	26.0	0.0
167	26	26.0	0.0
168	26	26.0	0.0
169	26	26.0	0.0
170	26	26.0	0.0
171	26	26.0	0.0
172	26	26.0	0.0
173	26	26.0	0.0
174	26	26.0	0.0
175	26	26.0	0.0
176	26	26.0	0.0
177	26	26.0	0.0
178	26	26.0	0.0
179	26	26.0	0.0
180	26	26.0	0.0
181	26	26.0	0.0
182	26	26.0	0.0
183	26	26.0	0.0
184	26	26.0	0.0
185	26	26.0	0.0
186	26	26.0	0.0
187	26	26.0	0.0
188	26	26.0	0.0
189	26	26.0	0.0
190	26	26.0	0.0
191	26	26.0	0.0
192	26	26.0	0.0
193	26	26.0	0.0
194	26	26.0	0.0
195	26	26.0	0.0
196	26	26.0	0.0
197	26	26.0	0.0
198	26	26.0	0.0
199	26	26.0	0.0
200	26	26.0	0.0
201	26	26.0	0.0
202	26	26.0	0.0
203	26	26.0	0.0
204	26	26.0	0.0
205	26	26.0	0.0
206	26	26.0	0.0
207	26	26.0	0.0
208	26	26.0	0.0
209	26	26.0	0.0
210	26	26.0	0.0
211	26	26.0	0.0
212	26	26.0	0.0
213	26	26.0	0.0
214	26	26.0	0.0
215	26	26.0	0.0
216	26	26.0	0.0
217	26	26.0	0.0
218	26	26.0	0.0
219	26	26.0	0.0
220	26	26.0	0.0
221	26	26.0	0.0
222	26	26.0	0.0
223	26	26.0	0.0
224	26	26.0	0.0
225	26	26.0	0.0
226	26	26.0	0.0
227	26	26.0	0.0
228	26	26.0	0.0
229	26	26.0	0.0
230	26	26.0	0.0
231	26	26.0	0.0
232	26	26.0	0.0
233	26	26.0	0.0
234	26	26.0	0.0
235	26	26.0	0.0
236	26	26.0	0.0
237	26	26.0	0.0
238	26	26.0	0.0
239	26	26.0	0.0
240	26	26.0	0.0
