200 50 100 0.2 33
1	40	56.835	6.836503126599156
2	39	47.21	2.848841869953473
3	36	43.74	2.263271967749347
4	35	41.18	1.9666214684071774
5	29	39.245	2.5268508068344673
6	29	36.365	2.8287408859773655
7	29	33.24	2.7170572316386723
8	25	30.32	2.065817029651947
9	24	28.855	1.8825448201835737
10	24	26.8	1.6155494421403518
11	24	25.735	1.5442716729902157
12	23	25.245	1.4508531972601493
13	23	24.295	1.0899426590422103
14	21	24.28	1.600499921899402
15	21	23.615	1.4130728926704377
16	19	23.025	1.67462682410142
17	19	21.915	1.627198512782014
18	17	20.99	1.6762756336593314
19	17	19.855	1.5981160783872987
20	17	19.32	1.8513778652668382
21	15	18.295	1.8729588890309359
22	15	17.6	1.8894443627691198
23	13	16.975	1.7390730289438694
24	13	16.09	1.8686626233753378
25	13	15.545	1.7082081254929107
26	13	15.24	2.0204949888579264
27	13	14.16	2.1527656630483487
28	11	13.81	1.8931191193371846
29	11	13.515	1.5779020882171344
30	11	13.475	1.8839785030620704
31	10	12.765	1.974784798402094
32	9	11.96	2.1256528408938298
33	9	11.335	1.8635383011894315
34	9	10.545	2.185857955128832
35	9	9.87	1.9295336224072355
36	9	9.875	2.0073303166145826
37	9	9.885	1.9727582213743293
38	9	9.895	1.9323496060495868
39	6	10.06	2.2597344976788767
40	6	9.635	1.860584585553694
41	6	9.72	2.1075103795711203
42	6	9.575	2.3904758940428628
43	6	8.23	2.3805671593130886
44	6	6.93	2.1575680754034177
45	6	6.94	2.132228880772419
46	6	6.81	2.0208661509362775
47	6	7.06	2.196906916553363
48	6	6.875	1.98730344940072
49	6	7.07	2.311947231231717
50	6	6.69	1.8503783396916398
51	6	7.255	2.4062366882748676
52	6	7.25	2.4077998255669013
53	6	7.165	2.29080226121767
54	6	7.0	2.2181073012818833
55	6	6.715	1.8824916998488987
56	6	7.005	2.2461021793320115
57	6	6.94	2.1694238866574698
58	6	7.01	2.26271960260214
59	6	7.135	2.1969922621620697
60	6	6.915	2.118436923771863
61	6	6.64	1.7059894489708904
62	6	7.135	2.2487274178966214
63	6	6.835	2.0242961739824543
64	6	6.88	2.082210364012245
65	6	6.94	2.1369136622708935
66	6	6.93	1.993765282073094
67	6	6.755	1.9351937887457145
68	6	7.21	2.3421998206814045
69	6	7.08	2.2346364357541435
70	6	7.135	2.316630095634607
71	6	7.135	2.290583986672396
72	6	6.945	2.128843582793249
73	6	7.285	2.415320889654209
74	6	7.055	2.2320338259085584
75	6	7.06	2.2751703232945
76	6	7.065	2.3153347490157907
77	6	7.015	2.2505054987713287
78	6	6.72	1.8497567407634998
79	6	7.04	2.2267465055546825
80	6	6.8	1.992485884517125
81	6	6.98	2.1885154785836023
82	6	7.04	2.199636333578801
83	6	7.225	2.454460225793036
84	6	6.985	2.0939854345243214
85	6	7.155	2.2651655568633386
86	6	6.945	2.1452214337918574
87	6	6.94	2.1578693194908727
88	6	7.035	2.1963094044328124
89	6	7.04	2.167579294974002
90	6	6.85	1.8887826767524107
91	6	6.805	2.014193386941778
92	6	6.895	2.025826991625887
93	6	7.255	2.4020772260691383
94	6	6.96	2.11622305062581
95	6	6.865	2.0265179495874226
96	6	6.855	2.0503597245361633
97	6	6.98	2.271475291523113
98	6	6.98	2.125935088378761
99	6	6.775	1.9246752972904293
100	6	7.18	2.299478201679673
101	6	7.26	2.2961707253599393
102	6	7.1	2.2449944320643667
103	6	6.66	1.6865349092147501
104	6	7.015	2.2101527096560516
105	6	6.83	1.9186192952224765
106	6	6.935	2.1191448747077226
107	6	7.205	2.294117477375564
108	6	6.91	2.114686738030005
109	6	6.845	2.1026114714801674
110	6	7.03	2.1861152760090183
111	6	6.895	2.1316601511498012
112	6	7.195	2.3360169091853766
113	6	6.82	1.9640773915505487
114	6	6.935	2.017616167659253
115	6	7.005	2.1154136711291263
116	6	7.165	2.306030138571478
117	6	6.91	2.1075815523960126
118	6	6.7	1.900000000000002
119	6	7.215	2.317061716916493
120	6	6.865	2.0141437386641536
121	6	6.865	1.9714905528558873
122	6	6.915	2.0143919678155977
123	6	7.24	2.4520195757783028
124	6	6.81	1.9859254769502312
125	6	7.03	2.1492091568760796
126	6	6.905	2.067843079152769
127	6	7.155	2.2115548828821763
128	6	7.12	2.3378622713923956
129	6	6.95	2.031624965391004
130	6	6.82	2.0143485299222683
131	6	6.895	2.060091017406753
132	6	7.15	2.3361292772447317
133	6	7.035	2.248060274992647
134	6	7.135	2.3720824184669485
135	6	6.745	1.8999934210412415
136	6	7.08	2.3544850817110694
137	6	7.185	2.431208547204455
138	6	6.945	2.093316746218782
139	6	6.95	2.1254411306832286
140	6	6.865	2.0704528490163723
141	6	6.99	2.195427065515955
142	6	6.86	2.1166955378608407
143	6	7.315	2.4871218305503273
144	6	6.685	1.896252883979355
145	6	7.07	2.3141088997711416
146	6	7.21	2.369789020145042
147	6	6.785	1.9490446377648718
148	6	6.735	1.885411095756042
149	6	7.13	2.285410247636075
150	6	7.03	2.2088684886158307
151	6	7.045	2.216523178313281
152	6	7.165	2.361731356441708
153	6	7.1	2.227105745132011
154	6	7.18	2.397415274832457
155	6	7.11	2.3233381157291726
156	6	7.1	2.3216373532487813
157	6	6.85	2.125441130683226
158	6	7.15	2.336129277244732
159	6	6.975	2.257072218605326
160	6	7.035	2.171122981316355
161	6	7.055	2.163787189166254
162	6	7.06	2.224050359142078
163	6	6.915	2.070694327997253
164	6	7.065	2.2205348454820553
165	6	6.81	1.9707612742288216
166	6	6.895	1.9984931823751593
167	6	6.65	1.8241436346954722
168	6	6.795	1.9398389108377014
169	6	6.95	2.0316249653910043
170	6	7.175	2.369467239697567
171	6	7.215	2.308413957677436
172	6	6.77	1.9486148926865952
173	6	6.715	1.7954873990089724
174	6	6.98	2.1400000000000032
175	6	6.745	1.8841377338188414
176	6	6.93	2.166817943436875
177	6	6.86	2.154158768521948
178	6	7.07	2.283659344122937
179	6	6.975	2.1340981701880493
180	6	6.84	1.9708881246788217
181	6	7.085	2.2085685409332467
182	6	7.39	2.566690476080042
183	6	7.06	2.1578693194908736
184	6	7.055	2.243206410475861
185	6	7.015	2.2460576573187043
186	6	7.03	2.242565495141667
187	6	7.035	2.2458350340129654
188	6	7.005	2.2101979549352606
189	6	6.94	2.1485809270306766
190	6	6.735	1.8533145982266468
191	6	6.69	1.9089002069254402
192	6	6.995	2.1988576579669687
193	6	7.07	2.337755333648071
194	6	7.0	2.233830790368868
195	6	6.96	2.137381575666827
196	6	6.95	2.0874625745148117
197	6	7.095	2.2706772117586422
198	6	7.01	2.224837072686445
199	6	6.87	2.030541799619005
200	6	6.935	2.0762405929949477
201	6	6.94	2.1251823451177083
202	6	6.96	2.146718425877043
203	6	6.995	2.2214803622809693
204	6	6.98	2.1907989410258573
205	6	7.01	2.123652513948549
206	6	7.06	2.148580927030677
207	6	7.08	2.2855196345689057
208	6	6.92	2.0257344347174446
209	6	7.015	2.0844123872209144
210	6	7.225	2.377892974883435
211	6	7.075	2.128232835006544
212	6	6.96	2.1443880245888356
213	6	7.06	2.279561361314936
214	6	7.33	2.4720639150313266
215	6	7.14	2.200090907212703
216	6	6.945	2.093316746218782
217	6	7.16	2.3117958387366313
218	6	6.925	2.056544431807883
219	6	7.06	2.318706535980783
220	6	7.155	2.2783711286794346
221	6	6.91	2.100452332237032
222	6	6.715	1.764589187318113
223	6	6.945	2.1568437588290887
224	6	6.905	2.0410720222471346
225	6	6.81	1.9707612742288205
226	6	7.045	2.2006760324954713
227	6	6.88	2.0941824180333497
228	6	6.725	1.8998355191963319
229	6	7.005	2.2034007806116462
230	6	6.87	2.028077907773759
231	6	7.15	2.3489359293092678
232	6	7.02	2.202180737360126
233	6	6.915	2.0899222473575407
234	6	6.96	2.1280037593951775
235	6	6.78	1.929144888285998
236	6	6.94	2.0824024587000474
237	6	6.91	2.095686045189016
238	6	6.905	2.0459655422318352
239	6	7.25	2.3553131426627756
240	6	7.09	2.2431896932716127
241	6	6.79	1.993965897401457
242	6	6.93	2.0530708706715415
243	6	6.95	2.1581241854907245
244	6	6.975	2.152759856556225
245	6	6.75	1.9792675412889487
246	6	6.955	2.1454544973035428
247	6	7.105	2.270236771792761
248	6	7.085	2.2600387164825326
249	6	6.87	2.013231233614258
250	6	6.885	2.0178639696471143
251	6	7.02	2.199909089030724
252	6	6.925	2.080715021332812
253	6	6.57	1.6386274744431706
254	6	7.055	2.2675923354959555
255	6	7.285	2.427709826153033
256	6	7.115	2.227504208750237
257	6	7.005	2.1897431356211654
258	6	6.915	2.1903823867078533
259	6	6.875	2.0783106120115926
260	6	7.125	2.2581795765616164
261	6	7.08	2.234636435754143
262	6	6.71	1.9302590499723078
263	6	7.155	2.2915006000435607
264	6	7.325	2.485834869817383
265	6	6.8	1.9974984355438157
266	6	6.92	2.12216870205929
267	6	6.875	2.056544431807881
268	6	7.135	2.273054112862254
269	6	7.025	2.1735627435158134
270	6	6.86	2.0543612145871517
271	6	6.985	2.166742947375165
272	6	6.795	2.025580163804928
273	6	7.235	2.372714689970117
274	6	6.86	2.0050935140287094
275	6	7.055	2.280783856484433
276	6	6.78	1.9701776569639582
277	6	7.015	2.1644341061811025
278	6	7.315	2.428121702056965
279	6	6.875	2.0855155237974135
280	6	7.13	2.3437363332934864
281	6	6.915	2.0439606160589276
282	6	6.8	1.9723082923315993
283	6	7.175	2.417514219192931
284	6	7.11	2.2973680593235333
285	6	7.15	2.3210988776870307
286	6	7.075	2.253746880197506
287	6	7.135	2.3187873986202376
288	6	7.03	2.174649397029319
289	6	7.265	2.382178624704706
290	6	7.085	2.331903728716091
291	6	7.105	2.250327753906088
292	6	6.995	2.1224926383853457
293	6	6.835	1.984382775575318
294	6	6.84	2.0209898564812248
295	6	6.975	2.2415117666432134
296	6	7.055	2.2653862805270095
297	6	6.835	1.9894157433779402
298	6	7.225	2.3757893425133454
299	6	6.925	2.1815991840849245
300	6	6.97	2.233629333618276
301	6	6.825	1.942775077048292
302	6	6.86	1.9027348738066467
303	6	6.915	2.1372353637351202
304	6	7.02	2.1953587406162103
305	6	6.78	2.042449509779861
306	6	6.945	2.1475509307115392
307	6	6.99	2.1977033466780713
308	6	7.21	2.3272086283786413
309	6	6.9	2.0999999999999965
310	6	7.18	2.4284974778656823
311	6	7.18	2.329721013340435
312	6	7.28	2.3898953952003876
313	6	7.32	2.4428671678992275
314	6	6.985	2.150529004686989
315	6	6.88	1.9988996973335122
316	6	6.915	2.0044388242099065
317	6	6.775	1.8958836989646806
318	6	6.955	2.0791765196827323
319	6	7.0	2.238302928559939
320	6	7.175	2.369467239697567
321	6	7.185	2.326107263218959
322	6	6.9	2.0808652046684784
323	6	7.165	2.346864930071604
324	6	6.7	1.7776388834631194
325	6	7.045	2.150110462278627
326	6	6.73	1.9511791306797053
327	6	7.11	2.2842723130134854
328	6	7.09	2.189040885867595
329	6	7.11	2.2798903482404542
330	6	7.075	2.3085439133791663
331	6	7.2	2.372762103540938
332	6	6.8	1.9467922333931762
333	6	6.995	2.1505755043708605
334	6	6.715	1.8422201279977382
335	6	6.825	1.9453470127460524
336	6	7.03	2.2313897015089013
337	6	6.785	2.0071808588166618
338	6	7.365	2.4416746302486794
339	6	6.895	2.1619377881891033
340	6	7.235	2.42276185375286
341	6	6.96	2.11385903030453
342	6	6.825	2.045574491432662
343	6	6.845	1.982668656129913
344	6	7.035	2.2413779244027583
345	6	7.23	2.3847641392808594
346	6	6.915	2.1512263944085457
347	6	7.085	2.231092781575883
348	6	6.9	2.085665361461416
349	6	6.84	1.9759554650851832
350	6	6.995	2.2214803622809693
351	6	7.295	2.43474331295929
352	6	6.98	2.1885154785836036
353	6	6.65	1.81038669902317
354	6	6.86	2.066494616494317
355	6	7.075	2.238163309501787
356	6	7.13	2.364973572791034
357	6	6.95	2.1465087933665696
358	6	6.65	1.8887826767524123
359	6	7.16	2.2504221826137414
360	6	6.86	1.959693853641429
361	6	7.025	2.2459686106444128
362	6	6.62	1.7365483005088038
363	6	6.85	2.070627924084864
364	6	7.045	2.2142662441540333
365	6	6.97	2.1187496312684084
366	6	6.855	2.084220477780603
367	6	6.98	2.1747643550509146
368	6	6.585	1.7096125292006952
369	6	6.735	1.9351421136443694
370	6	7.08	2.335294413987234
371	6	6.88	2.134385157369683
372	6	6.87	2.0743914770360927
373	6	6.98	2.1999090890307293
374	6	7.04	2.1513716554793567
375	6	7.17	2.420970879626605
376	6	7.025	2.2370460433348227
377	6	6.76	1.9576516544063702
378	6	6.975	2.1223512904323805
379	6	6.735	1.9012561636980958
380	6	7.03	2.158494845951683
381	6	7.325	2.4696912762529664
382	6	6.9	2.116601048851669
383	6	7.25	2.4222923027578647
384	6	6.93	2.096449379307787
385	6	6.93	2.1529282384696455
386	6	7.19	2.3439069947419013
387	6	7.025	2.207798677416034
388	6	6.95	2.132486811213613
389	6	6.73	1.9097382019533482
390	6	7.055	2.2476598942010773
391	6	6.965	2.045427828108342
392	6	7.03	2.1723489590763227
393	6	6.89	1.9944673474389105
394	6	7.14	2.095328136593412
395	6	7.12	2.2238704998268237
396	6	7.075	2.2889681081220847
397	6	6.92	2.062425756239484
398	6	6.895	2.141021952246167
399	6	6.855	2.0332178928978575
400	6	6.855	2.010963699324283
1	39	55.22	6.6829334876235285
2	39	47.015	2.5680294001432307
3	35	44.0	2.613426869074396
4	34	41.58	2.3544850817110747
5	34	39.415	2.1938037742697047
6	31	37.32	1.904625947528805
7	31	35.355	1.883872341747178
8	31	33.855	1.4261749542044275
9	29	32.585	1.4638220520268175
10	28	31.135	1.0661965109678422
11	27	30.625	1.4051245496396396
12	26	29.705	1.4825569129041896
13	24	28.71	1.5639373388982047
14	24	27.595	1.38959526481634
15	23	26.49	1.5426924515275242
16	20	25.315	1.6418815426211477
17	19	24.06	1.458218090684656
18	19	22.84	1.750542772970715
19	16	21.29	1.7877080298527503
20	16	20.605	1.9872028079690307
21	14	18.77	1.9279782156445655
22	13	17.09	1.8633035179486999
23	13	16.335	1.9346252867157494
24	13	15.22	1.6160445538412627
25	13	14.535	1.6996396676943015
26	11	14.21	1.7651912077732554
27	11	13.34	1.715925406304129
28	11	12.835	1.872905496815042
29	11	11.92	2.0380382724571224
30	11	11.635	1.6467467929223385
31	11	11.66	1.6475436261295209
32	11	11.81	1.893119119337188
33	11	11.535	1.4102393413885463
34	10	11.625	1.6566155257029314
35	10	11.67	1.8058515996614983
36	10	11.655	1.981407328138263
37	10	11.59	2.0861208018712647
38	9	10.685	1.707564054435442
39	9	10.975	2.096276460775149
40	9	10.925	2.23816330950179
41	9	10.795	2.0181612918694087
42	9	10.77	2.2061504935067298
43	9	9.84	1.903785702225963
44	9	9.885	1.9954385482895751
45	9	9.945	2.1194279888686927
46	9	9.715	1.7871135945988437
47	9	10.18	2.1994544778194403
48	9	9.755	1.828927281222519
49	9	9.82	1.8808508712814016
50	9	9.86	1.9314243448812585
51	9	9.975	2.1105390306743868
52	9	9.945	2.0179135263930386
53	9	10.045	2.069534971920022
54	9	9.635	1.691678160880494
55	9	9.725	1.8945645937787379
56	9	9.905	2.02878658315753
57	9	9.83	1.9877374072044807
58	9	9.78	1.8898677202386414
59	9	9.895	1.9631543495099906
60	9	9.825	1.8396670894485234
61	9	9.61	1.6846067790437016
62	9	9.845	1.8764261243118507
63	9	9.655	1.698815763995617
64	9	10.05	2.188035648704104
65	9	9.7	1.8027756377319968
66	9	9.92	1.9833305322109083
67	9	9.87	1.937291924310838
68	9	9.775	1.7956544767855516
69	9	10.015	2.1082635034549124
70	9	9.975	2.0480173339110137
71	9	9.95	1.9691368667515217
72	9	9.83	1.8196428220944885
73	9	9.885	1.895197878850651
74	9	9.84	1.8693314312876683
75	9	9.85	1.9045996954740898
76	9	9.565	1.632720122984955
77	9	9.925	2.027159342528359
78	9	9.79	1.8071801238393475
79	9	9.885	1.8307853506077665
80	9	9.71	1.8563135511006748
81	9	9.9	1.9773719933285145
82	9	9.755	1.8587563046295217
83	9	9.855	1.9580538807703969
84	9	10.215	2.2019934150673564
85	9	9.785	1.8516951692975805
86	9	10.01	2.174833326947145
87	9	9.89	1.99446734743891
88	9	9.72	1.8977881862842356
89	9	9.97	2.054044790164034
90	9	10.03	2.135204908199676
91	9	10.19	2.196337861076936
92	9	9.82	1.9968975937688964
93	9	9.83	1.9002894516362483
94	9	9.955	2.030511019423435
95	9	9.685	1.8154269470292679
96	9	9.76	1.847268253394726
97	9	9.81	1.831365610685099
98	9	9.775	1.7704166176355196
99	9	9.78	1.8087564789103026
100	9	9.65	1.7109938632268704
101	9	9.895	1.8094128882043456
102	9	10.04	2.1950854197502183
103	9	9.825	1.9116419643855893
104	9	9.805	1.8912892428182417
105	9	9.655	1.7163842809813936
106	9	9.605	1.61832475109293
107	9	9.915	2.0731075707738844
108	9	9.85	1.8701604209265046
109	9	9.8	1.9493588689617911
110	9	9.83	1.91601148222029
111	9	10.035	2.143309357045785
112	9	9.695	1.792198370716813
113	9	9.735	1.861390609195179
114	9	9.905	1.9406120168647847
115	9	9.885	1.965139944126119
116	9	9.895	2.013448534231752
117	9	9.935	2.0101679034349376
118	9	9.865	1.9916764295437157
119	9	9.815	1.8495337250236865
120	9	9.66	1.692453839843204
121	9	9.91	2.0004749436071396
122	9	9.985	2.0554257466520176
123	9	9.55	1.6575584454250796
124	9	9.785	1.813498001101737
125	9	10.025	2.124705861995961
126	9	10.045	2.1501104622786267
127	9	10.045	2.086378441222975
128	9	9.715	1.8203777080595118
129	9	9.9	1.964688270438846
130	9	9.745	1.8165833314219308
131	9	9.98	2.027214838146172
132	9	9.84	1.9427815111329436
133	9	9.91	1.9778523706283009
134	9	9.775	1.7956544767855522
135	9	9.775	1.8719975961523052
136	9	9.965	2.081772081665044
137	9	9.685	1.7708119606553365
138	9	9.585	1.6591488781902584
139	9	9.955	2.0719495650232416
140	9	9.67	1.7352521430616332
141	9	9.755	1.8828103993764203
142	9	9.675	1.746245973510034
143	9	10.035	2.0034407902406337
144	9	9.83	1.939355563067276
145	9	9.915	2.021824670934647
146	9	10.015	2.1341918845314694
147	9	9.845	1.9263891091884824
148	9	9.925	2.1022309578160066
149	9	9.705	1.8049861495313486
150	9	10.215	2.2866514819709627
151	9	9.905	1.9814073281382625
152	9	9.78	1.8898677202386402
153	9	10.12	2.1761433776293346
154	9	9.74	1.7978876494375258
155	9	9.855	1.940096647077151
156	9	9.92	2.0913153755471727
157	9	9.805	1.8512090643684727
158	9	9.875	1.9898178308578904
159	9	9.905	2.0557176362526075
160	9	9.82	1.85137786526684
161	9	9.915	1.9436499170375292
162	9	9.895	2.008475790244929
163	9	9.64	1.640243884305016
164	9	9.91	1.9498461477767903
165	9	10.055	2.0620317650317603
166	9	9.825	1.935038759301733
167	9	9.935	2.0299692115891843
168	9	9.7	1.7776388834631198
169	9	9.87	1.919140432589546
170	9	9.75	1.8432308591166762
171	9	9.815	1.9159266687428285
172	9	9.72	1.868582350339425
173	9	9.71	1.7877080298527488
174	9	9.855	1.9682416010236168
175	9	9.825	1.9246752972904273
176	9	9.685	1.6540178354540194
177	9	9.59	1.6917151060388391
178	9	9.68	1.7600000000000005
179	9	9.83	1.8923794545492174
180	9	9.815	1.8576261733728863
181	9	9.8	1.902629759044044
182	9	10.065	2.142609390439613
183	9	9.985	1.9961901212058943
184	9	9.9	1.999999999999995
185	9	9.765	1.8192787032227915
186	9	9.915	1.9666659604518493
187	9	9.72	1.7696327302578916
188	9	9.74	1.8364095403803566
189	9	9.93	2.040857662846678
190	9	9.82	1.856771391421142
191	9	10.03	2.170046082459999
192	9	9.56	1.5988746042138526
193	9	10.015	2.1435426284541172
194	9	9.53	1.6152708751166138
195	9	9.82	1.8621492958406967
196	9	9.915	1.98690085308754
197	9	9.81	1.9934643212257406
198	9	9.84	1.9658077220318377
199	9	9.64	1.797331355092877
200	9	9.955	1.9679875507736304
201	9	9.78	1.972713866732828
202	9	9.79	1.8563135511006752
203	9	10.08	2.2301569451498233
204	9	9.845	1.9055117422886676
205	9	9.83	1.8630888330941155
206	9	9.845	1.9341600244033568
207	9	9.985	2.1011365971778244
208	9	10.07	2.162197955784808
209	9	9.79	1.9989747372090523
210	9	9.8	1.9924858845171256
211	9	10.09	2.1288259675229417
212	9	9.885	1.8899140192082826
213	9	9.75	1.8674849396983098
214	9	10.005	2.07484336758224
215	9	9.86	1.9210413842496987
216	9	9.705	1.75441585720148
217	9	10.06	2.1946298093300394
218	9	9.99	2.0928210625851404
219	9	9.99	2.044480374080415
220	9	9.935	1.9951879610703378
221	9	9.685	1.8400475537333276
222	9	9.995	2.0700181158627533
223	9	9.735	1.8151515088278438
224	9	9.885	1.9395295821409906
225	9	10.005	2.1690954335851655
226	9	9.86	1.9027348738066476
227	9	9.96	1.9945926902503195
228	9	9.905	1.8989404940650476
229	9	9.77	1.7852450812143392
230	9	10.065	2.20244750221203
231	9	9.57	1.6447188209539065
232	9	9.775	1.9194725838104596
233	9	9.97	2.08305064748796
234	9	10.0	2.085665361461421
235	9	9.665	1.6949262520829644
236	9	9.855	2.030757247925022
237	9	9.9	1.9493588689617887
238	9	10.01	2.1725330837526933
239	9	9.82	1.9281078807992065
240	9	9.85	1.8459414941974739
241	9	9.985	2.084412387220917
242	9	9.67	1.691478643081251
243	9	9.815	1.9469912685988073
244	9	10.165	2.146572849916812
245	9	9.965	2.064891038287497
246	9	9.71	1.912040794543881
247	9	9.895	2.0479196761591965
248	9	9.97	2.0782444514541636
249	9	9.89	2.00197402580553
250	9	9.91	1.9549680304291392
251	9	9.995	2.050603569683811
252	9	10.075	2.073493428974395
253	9	10.075	2.1539208434851993
254	9	9.85	1.991858428704207
255	9	9.91	1.9803787516533273
256	9	9.91	1.9677144101723676
257	9	9.615	1.7224328724220288
258	9	9.895	1.947812876022743
259	9	10.005	2.0432755565512952
260	9	9.735	1.8206523556132295
261	9	10.035	2.105653105333359
262	9	9.92	1.9554027718094313
263	9	9.66	1.7159254063041347
264	9	9.79	1.8857094155781267
265	9	9.665	1.7037532098282326
266	9	10.045	2.1778372299141195
267	9	9.895	1.9707803023168238
268	9	9.755	1.8587563046295221
269	9	9.855	1.9707803023168298
270	9	9.815	1.9648854928468458
271	9	9.775	1.8450948485105048
272	9	9.85	1.8540496217739146
273	9	10.105	2.1175398461422197
274	9	9.66	1.7246448909848102
275	9	9.805	1.8939310969515217
276	9	9.765	1.8275051299517606
277	9	9.985	2.1224455234469497
278	9	9.675	1.7347550259330604
279	9	9.865	1.9356588025785992
280	9	9.655	1.7849299706150976
281	9	9.805	1.9434441077633273
282	9	9.845	1.8657371197465074
283	9	9.705	1.7910820751713208
284	9	9.565	1.5670912545222133
285	9	9.975	2.1034198344600576
286	9	9.66	1.7012936254509414
287	9	9.795	1.871623626694213
288	9	9.675	1.699816166530958
289	9	9.87	1.924344044083591
290	9	10.02	2.0541664976335268
291	9	9.925	2.029624349479482
292	9	9.98	2.1212260605602626
293	9	10.12	2.2373198251479405
294	9	9.925	2.0686650284664276
295	9	9.955	2.0280470901830667
296	9	9.83	1.8950197888148803
297	9	9.745	1.8466117621200187
298	9	10.09	2.1775904114410474
299	9	10.19	2.3310727144385694
300	9	9.97	2.007261816505266
301	9	9.785	1.8408625695580845
302	9	10.135	2.1672044204458443
303	9	9.8	2.009975124224176
304	9	9.9	1.8920887928424466
305	9	9.94	2.1133859089148874
306	9	10.035	2.1734247168926766
307	9	9.905	2.0039897704329754
308	9	10.035	2.072142610922331
309	9	10.15	2.183460556089803
310	9	9.95	2.021756661915576
311	9	9.935	1.980094694705284
312	9	9.925	2.0123058912600746
313	9	9.98	2.0831706603156674
314	9	10.06	2.141588195708971
315	9	9.86	1.9673332203772698
316	9	9.985	2.0892043940218006
317	9	10.1	2.1610182784974326
318	9	9.81	1.817663335164133
319	9	9.975	2.0382283974079014
320	9	9.62	1.733666634621545
321	9	9.785	1.8917650488366666
322	9	9.77	1.8620150375332607
323	9	9.755	1.747848677660626
324	9	9.93	1.9736007701660434
325	9	9.78	1.9161419571628804
326	9	9.96	2.0635891063872203
327	9	9.97	2.012237560528084
328	9	10.01	2.170230402514901
329	9	9.77	1.9175765956018527
330	9	9.71	1.8563135511006745
331	9	10.045	2.1984028293286046
332	9	9.825	1.9116419643855906
333	9	9.85	2.0143237078483684
334	9	9.555	1.5514428768085504
335	9	9.63	1.772879014484629
336	9	9.98	2.0247468977627823
337	9	9.975	2.057759704144288
338	9	9.79	1.9610966319893568
339	9	9.87	2.005766686332183
340	9	9.7	1.7349351572897491
341	9	9.955	2.091165942721906
342	9	9.725	1.8081413108493471
343	9	9.92	1.9983993594874891
344	9	9.91	2.054726259140128
345	9	9.67	1.709122581911547
346	9	9.955	2.059848295384881
347	9	9.9	2.004993765576338
348	9	9.76	1.8634376834227644
349	9	9.79	1.9041796133768474
350	9	10.05	2.0994046775217
351	9	9.74	1.9085072700935652
352	9	9.7	1.794435844492638
353	9	9.965	2.018359482351946
354	9	9.99	2.1165774259402834
355	9	9.695	1.8033233209826791
356	9	9.6	1.6911534525287788
357	9	9.82	1.851377865266841
358	9	10.195	2.303687261761026
359	9	10.18	2.2863945416309885
360	9	9.7	1.7291616465790598
361	9	10.05	2.1948804067647947
362	9	9.815	1.9469912685988071
363	9	9.93	1.9608926538696627
364	9	9.76	1.797887649437528
365	9	9.88	2.0237588789181404
366	9	9.885	1.9600446423487419
367	9	9.535	1.526032437400988
368	9	9.68	1.6874833332510284
369	9	9.79	1.9198697872512085
370	9	9.935	2.02256643895819
371	9	9.995	2.0383755787391067
372	9	9.88	1.9584687896415427
373	9	9.825	1.8693247443930103
374	9	9.825	1.937620963965862
375	9	9.965	2.084172497659445
376	9	9.73	1.7398563159065745
377	9	10.035	2.129266305561616
378	9	9.805	1.8403736033751397
379	9	10.04	2.172187837181672
380	9	9.96	2.2154909162531014
381	9	9.71	1.7221788525005166
382	9	9.865	1.9304856901826575
383	9	9.83	1.9598724448289975
384	9	9.75	1.8159019797334877
385	9	10.125	2.273625958683618
386	9	10.22	2.332723729891729
387	9	9.675	1.6850445097978872
388	9	9.675	1.6611366590380208
389	9	9.99	2.0469245223016888
390	9	9.945	2.022863070007456
391	9	9.695	1.8060938513820368
392	9	9.775	1.8150413218436667
393	9	9.85	1.9435791725576808
394	9	10.05	2.1089096708963124
395	9	9.83	1.8764594320155163
396	9	9.91	1.9421379971567396
397	9	9.71	1.8071801238393461
398	9	9.91	2.1194102953416043
399	9	9.87	1.965477041331185
400	9	10.145	2.2212552757393706
1	40	53.655	6.927190989138384
2	38	45.79	2.6487544242530294
3	35	42.76	2.4150362316122735
4	35	40.115	2.022813634519997
5	32	37.945	2.232033825908559
6	29	35.845	2.2273246283377746
7	29	34.14	2.3303218661807223
8	28	32.11	2.1066323836872907
9	27	30.705	1.8809505575639145
10	26	29.505	1.4560133927955463
11	24	28.665	1.5693231024871848
12	24	27.6	1.300000000000002
13	24	26.775	1.547376812544379
14	23	26.105	1.3281472056967183
15	21	25.46	1.8650469162999623
16	20	24.21	1.9763349918472832
17	19	22.9	1.7233687939614077
18	19	21.225	1.4263151825595932
19	17	20.355	1.5808146633935334
20	17	19.715	1.7157432791650402
21	15	18.9	1.9026297590440442
22	14	17.5	1.6492422502470643
23	14	17.1	1.9157244060668
24	14	15.835	1.835149857641059
25	12	14.625	1.5506047207460707
26	12	14.59	1.7498285630312465
27	12	14.28	2.131103000795595
28	12	12.75	1.745709025009609
29	12	12.645	1.5260979654006477
30	12	12.995	1.996240216006078
31	12	12.79	1.6570757375569771
32	12	12.92	1.9088216260300506
33	12	12.97	2.0491705639111677
34	12	12.785	1.802435851840502
35	12	12.67	1.6282198868703186
36	11	12.665	1.6949262520829642
37	11	12.575	1.6444984037693682
38	11	12.725	2.0197462711934877
39	11	11.74	1.6529972776747084
40	11	11.6	1.513274595042158
41	11	11.72	1.8470517047446204
42	11	11.45	1.4203872711341763
43	10	11.605	1.6244922283593717
44	10	11.77	1.8404075635575916
45	9	11.615	1.7907470508142689
46	9	11.535	1.9921784558618212
47	9	10.505	1.6703218252779897
48	9	10.53	2.0270915124877797
49	9	9.95	2.03899485041037
50	9	9.83	1.9264215530355737
51	9	9.885	1.965139944126119
52	9	9.9	1.9519221295943108
53	9	9.89	2.0439911937187993
54	9	9.9	2.044504830026083
55	9	10.085	2.1558698940334993
56	9	10.145	2.1665583306248615
57	9	9.725	1.8053739224880798
58	9	9.775	1.8396670894485219
59	9	10.055	2.1821949958699838
60	9	9.785	1.8489929691591576
61	9	9.895	1.9297603478152394
62	9	10.035	2.1848970227450115
63	8	10.13	2.11969337405201
64	8	9.95	2.087462574514813
65	8	9.73	2.0462404550785336
66	7	9.17	1.6343500237097321
67	7	8.66	1.7844887222955512
68	7	8.835	2.113711191246334
69	7	8.38	1.6987053894068884
70	7	8.27	2.2576757960344964
71	5	7.905	2.0410720222471346
72	5	7.95	2.2332711434127304
73	5	7.945	2.191340913687323
74	5	7.4	2.1307275752662505
75	5	6.52	2.2089816658360912
76	5	6.125	2.2021296510423722
77	5	5.93	2.1737295139920265
78	3	6.0	2.29128784747792
79	3	6.115	2.3920232022286085
80	3	5.95	2.348935929309271
81	3	5.29	1.9989747372090534
82	3	4.71	2.4198966920098037
83	3	4.2	2.400000000000004
84	3	3.745	1.944215780205479
85	3	4.195	2.4159832366968135
86	3	3.78	2.0103730997006455
87	3	4.08	2.324564475337259
88	3	4.05	2.333988003396758
89	3	4.105	2.3524402224073673
90	3	4.12	2.3949112718428633
91	0	3.95	2.239977678460213
