200 50 100 0.2 33
1	48	59.985	3.90829566435
2	45	55.285	2.6313067096
3	44	52.89	2.81209886028
4	43	50.565	2.60878803278
5	39	48.01	2.51394112898
6	39	45.435	2.17388477156
7	38	43.335	1.98312253782
8	35	41.045	2.05741950025
9	33	38.955	2.48253398768
10	33	36.115	1.78094778138
11	30	34.61	1.82699206347
12	30	33.24	1.61319558641
13	28	31.755	1.47816609351
14	27	30.65	1.57718102956
15	26	29.77	1.68733517714
16	24	28.24	1.36835667865
17	24	27.37	1.57260929668
18	23	26.615	1.84031926578
19	23	25.35	1.95128163011
20	22	24.345	1.66912402176
21	22	23.535	1.42785678554
22	22	23.36	1.5685662243
23	21	22.79	1.71636243259
24	20	22.575	1.5570404619
25	20	22.45	1.4482748358
26	19	22.085	1.45181782604
27	19	21.425	1.69834478243
28	19	20.515	1.40704477541
29	19	20.7	1.68226038413
30	19	20.465	1.90230780895
31	19	19.42	1.28980618699
32	19	19.695	1.71230108334
33	19	19.79	1.81546137387
34	19	19.7	1.76068168617
35	19	19.83	1.78356384803
36	19	19.49	1.40353126078
37	19	19.65	1.6054594358
38	19	19.74	1.72985548529
39	19	19.69	1.70701493842
40	19	19.595	1.59717719743
41	19	19.62	1.60486759578
42	18	19.8	1.84932420089
43	18	19.79	1.80441126133
44	18	19.685	1.81267068162
45	18	19.39	1.6364290391
46	18	18.885	1.62842715526
47	18	18.595	1.48019424401
48	15	18.77	1.87005347517
49	15	18.65	1.85404962177
50	15	18.46	2.05873747719
51	15	17.48	2.24935546324
52	15	15.66	1.56984075626
53	15	15.945	2.01046636381
54	15	16.01	2.14473774621
55	15	15.81	1.83409378168
56	15	15.77	1.82677311125
57	15	15.72	1.6916264363
58	15	15.805	1.88599443265
59	15	15.67	1.67961305068
60	15	15.585	1.58201611875
61	15	15.715	1.79270047693
62	15	15.875	1.89720188699
63	15	15.675	1.70275512039
64	15	15.655	1.69586998322
65	15	15.845	1.88174785771
66	15	15.97	2.01967819219
67	15	15.905	1.93545214356
68	15	15.76	1.80066654326
69	15	15.81	1.88517903659
70	15	15.855	1.90104576484
71	15	15.62	1.70164626171
72	15	15.69	1.6504241879
73	15	15.655	1.70175644556
74	15	15.95	2.00187412192
75	15	15.55	1.59608896995
76	15	15.71	1.70760065589
77	15	15.705	1.7544158572
78	15	15.525	1.51306807514
79	15	15.86	1.96224361383
80	15	15.655	1.63889444444
81	15	15.605	1.63063637884
82	15	15.735	1.80963394088
83	15	15.57	1.6416759729
84	15	15.66	1.70716138663
85	15	15.865	1.95109584593
86	15	15.71	1.77929761423
87	15	15.81	1.84767421371
88	15	15.865	1.88063154286
89	15	15.76	1.86343768342
90	15	15.62	1.60174904401
91	15	15.69	1.75894854956
92	15	15.825	1.94277507705
93	15	15.64	1.68831276723
94	15	15.82	1.8214280112
95	15	15.58	1.56
96	15	15.79	1.84279678749
97	15	15.785	1.78571414286
98	15	15.725	1.78027385534
99	15	15.845	1.86573711975
100	15	15.65	1.66658333125
101	15	16.06	2.18091723823
102	15	15.88	1.94566184112
103	15	15.565	1.48518517364
104	15	15.905	1.91467360143
105	15	15.665	1.58517349208
106	15	15.805	1.86198147144
107	15	15.885	2.00294158677
108	15	15.79	1.78770802985
109	15	15.99	2.05180408421
110	15	15.695	1.67391009317
111	15	15.725	1.61844833096
112	15	15.71	1.80718012384
113	15	15.61	1.53228587411
114	15	15.57	1.54761106225
115	15	15.755	1.83438681853
116	15	15.675	1.64601792214
117	15	15.6	1.59687194227
118	15	15.725	1.81916876622
119	15	15.53	1.45914358444
120	15	15.725	1.86530828551
121	15	15.67	1.69738033452
122	15	15.78	1.87392635928
123	15	15.74	1.76703140889
124	15	15.835	1.84601598043
125	15	15.735	1.67175805666
126	15	15.935	2.01513647181
127	15	15.84	1.90115754213
128	15	15.625	1.60136660387
129	15	16.055	2.08853417497
130	15	15.895	1.99097338003
131	15	15.66	1.67164589552
132	15	15.675	1.69981616653
133	15	15.715	1.75606805107
134	15	15.62	1.576578574
135	15	15.695	1.67092040505
136	15	15.535	1.45216218103
137	15	15.61	1.59621427133
138	15	15.9	1.99499373433
139	15	15.675	1.72028340688
140	15	15.5	1.41421356237
141	15	15.68	1.64547865377
142	15	15.48	1.40698258696
143	15	15.875	1.92077458334
144	15	15.72	1.6767826335
145	15	15.68	1.69044372873
146	15	15.54	1.47254881074
147	15	15.86	1.80842472887
148	15	15.85	1.96405193414
149	15	15.755	1.79582153902
150	15	15.54	1.5679285698
151	15	15.77	1.9434762669
152	15	15.77	1.92797821564
153	15	16.04	2.05387438759
154	15	15.495	1.46627930491
155	15	15.615	1.57695117236
156	15	15.755	1.81795902044
157	15	15.745	1.65528698418
158	15	15.68	1.62714473849
159	15	15.615	1.57377730318
160	15	15.585	1.6409677023
161	15	15.835	1.97680929783
162	15	15.595	1.56236199391
163	15	15.69	1.69820493463
164	15	15.765	1.82202497239
165	15	15.675	1.61535599792
166	15	15.75	1.84864815473
167	15	15.725	1.82465750211
168	15	15.59	1.59433371664
169	15	15.82	1.85946228787
170	14	15.68	1.77132718604
171	14	15.69	1.72159809479
172	14	15.845	1.92898289261
173	13	15.35	1.88613361139
174	13	14.815	2.08585114522
175	13	14.29	1.7221788525
176	13	13.75	1.83234822018
177	13	13.81	1.95035894132
178	13	13.725	1.84915521252
179	13	14.13	2.27664226439
180	13	13.685	1.75663741279
181	13	13.76	1.89799894626
182	13	13.885	1.96513994413
183	13	13.82	1.86483243215
184	13	13.685	1.77645011188
185	13	13.625	1.58567808839
186	13	13.75	1.79652442232
187	13	13.78	1.72962423665
188	13	13.965	2.06004247529
189	13	13.865	2.12056006753
190	13	13.81	1.79830475726
191	13	13.9	2.00997512422
192	13	13.98	2.09274938777
193	13	13.885	1.98790719099
194	13	13.795	1.86895024011
195	13	13.95	2.07062792408
196	13	13.76	1.81173949562
197	13	13.79	1.8750733319
198	13	13.795	1.84471542521
199	13	13.74	1.81173949562
200	13	14.115	2.2829312298
201	13	13.62	1.74229733398
202	13	14.045	2.11966388845
203	13	13.755	1.95575433018
204	13	13.955	1.98065014579
205	13	13.74	1.7613631085
206	13	13.685	1.74521488648
207	13	13.88	1.99639675415
208	13	13.765	1.83023905542
209	13	13.815	1.98765565428
210	13	13.8	1.89208879284
211	13	13.91	2.09807054219
212	13	13.58	1.61046577114
213	13	14.035	2.12220993307
214	13	13.725	1.82465750211
215	13	13.85	2.00437022528
216	13	14.005	2.0554743978
217	13	13.82	1.89145446681
218	13	13.81	1.90627909814
219	13	13.805	1.87269191273
220	13	13.7	1.78605710995
221	13	13.855	1.96060577373
222	13	13.81	1.82589703981
223	13	13.71	1.75667299177
224	13	13.65	1.75997159068
225	13	13.995	2.06033371083
226	13	13.95	2.03654118544
227	13	13.655	1.79609994154
228	13	13.625	1.66264097147
229	13	13.8	1.95959179423
230	13	13.62	1.60798009938
231	13	13.69	1.80108300753
232	13	13.805	1.86734437103
233	13	13.875	1.91033374048
234	13	13.975	2.01354786385
235	13	13.84	1.919479096
236	13	13.78	1.92395426141
237	13	13.785	1.8134980011
238	13	13.94	1.99659710508
239	13	13.82	1.88616012046
240	13	13.885	1.93952958214
241	13	13.945	2.03026476106
242	13	13.665	1.7096125292
243	13	13.85	1.94871752699
244	13	13.795	1.83384159621
245	13	13.905	2.03370966463
246	13	13.625	1.68948956789
247	13	13.745	1.87082201184
248	13	13.68	1.71102308576
249	13	13.84	1.93762741517
250	13	13.82	1.94617573718
251	13	13.77	1.82129075109
252	13	13.82	1.79376698598
253	13	13.86	1.95714077164
254	13	13.615	1.58327982366
255	13	14.065	2.16581970625
256	13	13.855	1.85039860571
257	13	14.0	2.05182845287
258	13	13.715	1.78431359351
259	13	13.73	1.82129075109
260	13	13.89	1.92299245968
261	13	13.88	2.00888028513
262	13	13.955	2.06953497192
263	13	13.8	1.91049731745
264	13	13.815	1.96996827386
265	13	13.56	1.61133485036
266	13	13.625	1.69834478243
267	13	13.91	2.05472625914
268	13	13.93	1.93005181278
269	13	13.675	1.70861786248
270	13	13.625	1.62922527601
271	13	13.955	2.12907843914
272	13	13.965	2.0429818893
273	13	13.875	1.8998355192
274	13	13.71	1.68104134393
275	13	13.85	1.87016042093
276	13	13.95	2.03162496539
277	13	13.86	1.93917508235
278	13	13.97	2.01967819219
279	13	13.76	1.89536276211
280	13	13.945	2.09331674622
281	13	13.555	1.52544255874
282	13	13.73	1.83223906737
283	13	13.72	1.70340834799
284	13	13.82	1.88880914864
285	13	13.93	1.97866116351
286	13	14.045	2.05011585039
287	13	13.745	1.80830721947
288	13	13.805	1.87802422775
289	13	13.875	1.81366341971
290	13	13.745	1.75213441265
291	13	13.765	1.92347991931
292	13	13.865	1.9070330359
293	13	14.13	2.24345715359
294	13	13.765	1.90519684022
295	13	13.865	1.8726385129
296	13	13.9	1.9364916731
297	13	14.1	2.16564078277
298	13	13.755	1.73924552608
299	13	13.605	1.67898034533
300	13	13.875	1.98226511849
301	13	14.01	2.11421380187
302	13	13.62	1.62653004891
303	13	13.89	1.98693230886
304	13	13.81	1.87720536969
305	13	13.725	1.86262583468
306	13	13.74	1.75852210677
307	13	14.05	2.18346055609
308	13	13.875	1.9077146013
309	13	13.825	1.86664806538
310	13	13.69	1.86919768885
311	13	13.805	1.88599443265
312	13	13.995	2.0236044574
313	13	13.965	2.06246818157
314	13	14.105	2.07219086959
315	13	13.69	1.85307851965
316	13	13.84	1.86397424875
317	13	14.0	2.17025344142
318	13	13.57	1.55727325797
319	13	13.765	1.8137736904
320	13	13.985	2.02849081832
321	13	14.09	2.13117338572
322	13	13.93	2.07004830862
323	13	13.855	1.88254482018
324	13	13.965	2.13161323884
325	13	13.59	1.62231316336
326	13	13.94	2.06552656725
327	13	13.795	1.81740886979
328	13	13.87	2.07439147704
329	13	14.125	2.21345318451
330	13	13.995	2.0579054886
331	13	13.765	1.84113416133
332	13	13.88	1.99639675415
333	13	13.785	1.807975387
334	13	14.175	2.24151176664
335	13	13.72	1.79209374755
336	13	13.535	1.65190042073
337	13	13.9	1.96723155729
338	13	13.92	2.05513989791
339	13	13.83	1.94964099259
340	13	13.77	1.85394174666
341	13	13.745	1.75783247211
342	13	14.045	2.08398056613
343	13	13.9	2.01246117975
344	13	13.71	1.69289692539
345	13	13.595	1.59404360041
346	13	13.785	1.83814444481
347	13	13.845	1.89234642706
348	13	13.675	1.76900395703
349	13	13.745	1.79999305554
350	13	13.85	1.9843134833
351	13	13.755	1.87749167774
352	13	13.795	1.8365660892
353	13	14.03	2.06618005024
354	13	13.95	1.92028643697
355	13	13.805	1.8566030809
356	13	13.725	1.85185717592
357	13	13.785	1.89440623943
358	13	13.99	2.08564138816
359	13	13.71	1.76235637713
360	13	13.805	1.84579928486
361	13	13.89	1.99697270888
362	13	13.66	1.72754160587
363	13	13.785	1.85439343183
364	13	13.83	1.88178107122
365	13	13.935	1.99016959076
366	13	13.575	1.61999228393
367	13	13.895	2.00847579024
368	13	13.91	2.00546752654
369	13	13.805	1.92794579799
370	13	13.955	2.05011585039
371	13	13.795	1.98820899304
372	13	13.85	1.85135085816
373	13	13.94	2.01156655371
374	13	13.735	1.69846254006
375	13	13.66	1.65963851486
376	13	14.05	2.15116247643
377	13	13.805	1.8566030809
378	13	13.785	1.84628681412
379	13	13.725	1.83285978733
380	13	14.01	2.07602986491
381	13	13.83	1.94450507842
382	13	14.11	2.09473148637
383	13	13.73	1.68733517714
384	13	13.92	2.03803827246
385	13	13.84	1.90641023917
386	13	13.765	1.8137736904
387	13	13.63	1.74444833687
388	13	13.885	2.02281363452
389	13	13.955	1.99323229956
390	13	13.76	1.84726825339
391	13	13.855	1.89577820433
392	13	13.69	1.77873550591
393	13	13.74	1.78952507666
394	13	13.765	1.95442446771
395	13	14.02	2.03950974501
396	13	13.925	1.99483708608
397	13	13.745	1.73780752674
398	13	13.8	1.81934053987
399	13	13.76	1.70950285171
400	13	13.72	1.75259807144
