100 40 20 0.8 33
1	51	60.27	3.88034792255
2	49	56.48	2.95120314448
3	48	54.46	2.80149959843
4	42	53.15	2.94066319051
5	42	51.39	3.14926975663
6	42	50.18	3.38047333964
7	41	47.8	2.96647939484
8	39	45.71	2.59728704613
9	37	44.9	2.54754784057
10	36	44.06	2.42412870945
11	36	43.23	2.96936020045
12	36	42.04	2.19963633358
13	36	41.43	2.11307832321
14	36	40.7	2.03715487875
15	34	40.17	2.24078111381
16	33	39.18	2.09465987693
17	34	38.85	2.54705712539
18	34	37.57	1.97613258664
19	32	37.67	2.78946231378
20	30	36.67	2.59636284059
21	30	35.69	2.5561494479
22	29	34.7	2.59422435421
23	29	34.56	2.56249878049
24	30	33.93	2.34202903483
25	29	33.5	2.27376340018
26	28	33.29	2.16930864563
27	28	33.06	2.52515346068
28	27	32.72	2.53803073267
29	27	32.05	2.66598949735
30	27	31.4	2.64196896272
31	26	30.91	2.29823845586
32	26	30.64	2.33032186618
33	26	30.6	2.38746727726
34	26	30.83	2.80019642168
35	24	29.87	2.58710262649
36	24	29.54	2.44303090443
37	23	29.36	2.53976376854
38	24	29.54	2.65488229494
39	24	29.38	2.67873104286
40	22	29.39	2.85970278176
41	22	29.27	2.96261708629
42	22	28.61	2.75279857599
43	22	28.55	2.53525146682
44	21	28.29	2.72871764754
45	21	28.27	2.94908460374
46	21	28.39	2.81032026645
47	21	28.39	3.11093233613
48	21	27.43	2.59327977665
49	21	27.48	2.98154322457
50	22	27.79	2.84357169771
51	22	27.35	2.74727137356
52	22	27.18	2.44695729427
53	22	27.64	2.71852901401
54	23	27.66	2.5227762485
55	23	27.31	2.39455632634
56	24	27.47	2.40189508514
57	24	27.1	2.30867927612
58	23	27.51	2.49997999992
59	22	27.29	2.34219982068
60	23	27.71	2.51115511269
61	24	27.59	2.49036141955
62	22	28.09	2.46209260589
63	22	27.45	2.47133567125
64	23	27.74	2.60238352285
65	23	27.37	2.68572150455
66	21	26.7	2.62868788562
67	23	26.74	2.57922468971
68	23	26.23	2.27532415273
69	21	26.72	2.53803073267
70	21	27.05	2.75816968296
71	22	26.73	2.77436479216
72	21	26.31	2.54831316757
73	22	26.68	2.60722074248
74	22	26.53	2.2998043395
75	21	27.1	2.31732604525
76	23	27.6	2.59615099715
77	22	27.54	3.09004854331
78	21	27.14	2.5885130867
79	21	27.08	2.80599358517
80	21	27.13	2.94501273342
81	21	26.65	2.49949994999
82	21	26.84	2.8520869552
83	20	26.11	2.72358219997
84	19	26.29	3.26892948838
85	20	25.77	2.50541413742
86	20	25.61	2.50956171472
87	20	25.46	2.74379299511
88	20	25.1	2.66645832519
89	20	25.35	2.68467875173
90	20	25.02	2.24490534322
91	20	25.75	2.59759504157
92	20	25.98	2.87047034473
93	20	25.25	2.7290108098
94	20	25.31	2.61799541634
95	19	24.99	2.66268661318
96	20	25.01	2.66268661318
97	19	24.93	2.78300197628
98	19	24.43	2.83638854884
99	19	24.52	2.68134294711
100	19	24.25	2.54312799521
101	19	24.47	2.86166035721
102	15	23.59	2.72064330628
103	15	24.08	2.95864834004
104	15	24.0	2.90516780927
105	15	23.8	2.96647939484
106	16	23.81	3.00896992341
107	17	23.4	2.74954541697
108	16	23.17	2.95653513424
109	17	23.27	2.74901800649
110	17	23.18	2.62823134446
111	15	23.08	2.79170198983
112	17	22.78	2.99192245889
113	15	22.48	3.01489634979
114	17	22.21	2.91648761355
115	17	22.03	2.59405088616
116	17	22.63	2.67078640104
117	16	22.7	2.92745623366
118	16	22.63	2.65576730908
119	16	22.61	2.76005434729
120	15	22.72	2.98020133548
121	17	22.31	2.90411776621
122	16	21.74	2.7914870589
123	15	21.77	2.83497795406
124	16	21.55	2.82621655221
125	15	22.0	2.94618397253
126	15	21.98	3.2649042865
127	15	21.49	2.67392969242
128	16	21.79	2.73237991502
129	16	22.22	2.4882925873
130	16	22.29	3.15053963632
131	15	21.61	2.73091559738
132	15	21.52	2.98489530805
133	14	21.74	3.04177579713
134	14	21.47	3.02474792338
135	14	21.78	3.16094922452
136	16	21.51	2.64384190148
137	16	21.25	2.97111090335
138	13	20.78	3.08408819589
139	13	20.73	2.82083321024
140	13	20.7	3.1384709653
141	16	20.56	2.57029181223
142	15	20.94	2.77423863429
143	15	20.84	2.83450171988
144	15	20.75	2.55489725821
145	15	20.74	3.05816938707
146	15	20.74	2.62152627299
147	16	21.61	2.97958050739
148	16	21.21	2.97084163159
149	15	20.77	2.64898093613
150	15	20.92	2.82375636343
151	14	20.84	2.68596351427
152	15	20.81	2.74843591885
153	14	20.84	2.90075852149
154	14	20.67	2.80019642168
155	14	20.43	2.92320030104
156	15	20.48	2.60568609007
157	13	20.61	2.91854415762
158	13	20.84	2.96553536482
159	13	21.09	3.14354894983
160	13	20.62	3.21801180856
161	13	20.3	2.67394839142
162	13	20.81	3.06168254396
163	14	20.86	2.90867667505
164	14	21.05	3.24769148781
165	14	21.36	2.91039516217
166	14	21.3	3.12569992162
167	16	21.48	2.88263768101
168	16	21.05	3.1380726569
169	16	21.13	3.00883698462
170	16	20.85	2.68095132369
171	16	21.05	2.84033448734
172	16	21.02	2.82481857825
173	15	21.32	2.83506613679
174	15	20.8	2.70924343683
175	15	20.94	2.92854912883
176	15	21.02	2.84246372009
177	15	21.26	2.85874098162
178	15	21.11	2.72725136355
179	15	21.04	2.73466634162
180	15	21.26	2.848227519
181	16	21.29	2.74333738355
182	16	21.47	2.51974205029
183	15	21.49	2.95464041805
184	15	21.18	2.7762564723
185	15	21.17	3.01680294351
186	16	20.82	2.68841961011
187	16	21.11	2.76729109419
188	16	21.22	2.7769767734
189	16	21.19	2.64081426836
190	13	20.88	2.69176522007
191	14	21.45	2.86487347016
192	14	21.44	3.1187176852
193	14	21.21	2.96072626225
194	14	21.39	2.87365620769
195	15	21.52	3.2014996486
196	15	21.37	2.90742153806
197	15	20.87	2.88671093115
198	15	21.77	3.01613991718
199	16	21.77	2.98949828567
200	15	21.79	3.03741666552
201	15	20.99	2.57485921945
202	15	20.99	2.92402120375
203	15	21.09	2.94311059935
204	15	20.72	2.61181928931
205	15	21.01	2.98829382759
206	15	20.78	2.81275665496
207	16	20.84	2.52079352586
208	16	20.77	2.56458573653
209	16	20.89	2.85270047499
210	16	20.85	2.37223523286
211	16	21.49	2.63626629914
212	16	21.62	3.08473661761
213	15	21.43	2.62394740801
214	16	22.15	2.87184609615
215	16	22.02	2.8739519829
216	17	21.96	2.89454659662
217	16	21.54	2.70710177127
218	16	21.66	2.47879002741
219	16	21.65	2.8857408061
220	16	21.43	2.62775569641
221	17	22.15	2.70323879818
222	16	22.31	2.77378802362
223	14	21.82	3.03110540892
224	16	21.56	2.87861077605
225	12	21.93	3.01414996309
226	16	22.18	3.17609823526
227	16	21.88	2.70658456362
228	16	21.73	2.78156430808
229	15	21.63	3.0055116037
230	15	21.72	3.02350789647
231	14	21.18	3.00459647873
232	16	20.87	2.9551818895
233	16	21.09	2.63474856485
234	15	21.61	2.85970278176
235	16	21.57	3.11850925925
236	15	20.9	2.81602556807
237	13	21.01	3.45686273954
238	13	20.56	3.21658203688
239	13	19.49	3.05776061849
240	13	19.59	3.19404132722
241	13	19.55	3.38932146602
242	13	19.6	2.82488937837
243	11	20.18	3.50536731314
244	11	19.87	3.32462027907
245	11	19.52	3.26949537391
246	11	19.09	3.34692396089
247	11	18.86	2.92581612546
248	11	19.21	3.18840085309
249	10	18.55	3.18237332819
250	11	18.23	2.87351700882
251	10	18.07	3.27186491164
252	10	18.11	3.70916432637
253	10	17.68	3.14604513636
254	9	18.07	3.19767102748
255	8	18.44	3.51658925665
256	8	18.19	3.3784463885
257	11	18.12	3.26582302031
258	13	18.3	2.92745623366
259	11	18.38	3.07499593496
260	11	17.95	3.29658914638
261	11	18.08	3.14222850856
262	9	18.22	3.17987421135
263	10	18.12	3.05705740869
264	11	17.88	3.2810973774
265	11	18.3	3.214031736
266	11	19.09	3.23139288852
267	11	19.25	3.22606571539
268	12	19.44	3.31155552573
269	12	19.98	2.74218890669
270	13	20.14	3.57496853133
271	12	19.81	3.12632371964
272	12	20.0	3.10161248385
273	13	20.11	3.10771620326
274	14	19.82	2.86139825959
275	14	20.19	2.9144296183
276	14	20.47	3.11594287496
277	15	21.07	2.80091056623
278	12	21.02	3.32559769064
279	14	20.98	3.06913668643
280	14	21.03	2.8194148329
281	14	21.66	3.19130067527
282	14	21.66	3.16297328474
283	15	21.24	3.21596019876
284	14	21.06	3.35207398486
285	12	20.49	3.09029124841
286	12	20.19	2.95531724185
287	12	20.78	3.04164429216
288	10	21.45	3.4651839778
289	12	21.07	3.53908180182
290	10	20.24	3.55842661861
291	10	20.2	3.94968353163
292	10	19.29	4.09461841934
293	12	18.9	3.18276609257
294	11	19.13	3.33363165332
295	11	18.69	3.37252131202
296	12	18.19	3.05841462199
297	9	18.53	3.45963870946
298	9	18.07	3.66675605952
299	9	18.0	3.54682957019
300	10	17.9	3.28481354113
1	46	61.17	3.92187455179
2	50	58.3	2.96479341607
3	49	55.61	2.7162290036
4	49	53.78	2.12405273004
5	46	52.76	2.54605577315
6	45	51.07	2.2147460351
7	44	50.13	2.53240991942
8	43	49.06	2.42825039895
9	41	48.0	2.69072480941
10	41	46.76	2.17770521421
11	40	45.95	2.36378933071
12	39	45.04	2.39549577332
13	39	44.04	2.14438802459
14	38	43.3	2.10950231097
15	37	42.55	1.90984292548
16	36	42.11	2.28864588786
17	36	41.68	2.4975187687
18	36	41.24	2.15462293685
19	35	40.74	2.10532657799
20	35	40.14	2.437293581
21	34	39.74	2.37747765499
22	35	39.35	2.23327114341
23	33	39.26	2.5084656665
24	34	38.76	2.34997872331
25	33	38.13	2.3860217937
26	31	37.88	2.78309180589
27	31	36.9	2.61342686907
28	32	36.7	2.57875939165
29	31	36.3	2.64386081328
30	31	36.09	2.26316150551
31	30	35.93	2.5347780968
32	31	35.8	2.47790233867
33	30	35.49	2.31298508426
34	30	35.2	2.70554985169
35	29	35.3	2.63248931622
36	30	35.38	2.50910342553
37	30	34.74	2.3605931458
38	30	34.86	2.32387607243
39	30	34.88	2.33358093924
40	30	34.8	2.30217288664
41	30	35.15	2.50349755342
42	30	34.64	2.31741235001
43	29	34.86	2.63446389233
44	29	34.83	2.24078111381
45	29	34.67	2.41269558793
46	29	34.06	2.54487720725
47	27	33.88	2.60491842483
48	28	34.02	2.92909542351
49	27	33.01	2.64762157417
50	27	32.57	2.53872015
51	27	32.73	2.75265326549
52	27	31.95	2.44284670006
53	25	32.48	2.95797227844
54	25	31.83	2.3876976358
55	25	31.86	2.98335381743
56	26	31.41	2.20950220638
57	27	32.07	2.90948449042
58	26	31.67	2.61172356883
59	25	31.72	2.46203168136
60	26	31.79	2.5934340169
61	21	31.32	2.74182421027
62	23	30.96	2.79256154811
63	22	30.53	2.85816374618
64	24	30.05	3.21986024541
65	24	29.62	2.93523423256
66	23	29.86	3.01668692443
67	22	29.48	2.7367133573
68	22	29.15	2.87184609615
69	23	28.78	2.64416338376
70	23	29.18	2.72902913139
71	23	28.77	2.69761005336
72	21	28.3	2.71108834235
73	21	28.41	2.90893451284
74	21	28.24	3.14362847678
75	21	27.94	2.8207091307
76	21	27.6	2.87054001888
77	21	27.24	3.00373101326
78	22	27.02	2.83894346545
79	21	26.69	2.77378802362
80	19	26.76	2.68745232516
81	17	27.21	3.15053963632
82	19	26.41	2.88477035481
83	19	26.54	3.14776110911
84	17	26.11	3.11735464777
85	16	26.12	3.19774920843
86	18	25.6	3.09192496675
87	19	25.63	2.87977429671
88	20	25.3	2.96479341607
89	20	24.71	2.76150321383
90	19	24.71	3.11542934441
91	21	24.85	2.45102019576
92	20	25.4	2.85306852354
93	20	25.37	3.04189085932
94	20	25.25	2.81558164506
95	18	24.93	3.00418042068
96	18	25.23	2.95247353925
97	18	24.85	2.88227340827
98	18	24.44	2.79757037445
99	19	24.85	2.80133896557
100	18	24.71	2.57408236076
101	18	24.73	2.80661718088
102	15	24.37	3.05828383248
103	15	24.5	3.07083050656
104	19	24.48	2.6324133414
105	18	25.24	2.69117074895
106	19	24.99	2.78026977108
107	18	24.24	3.14362847678
108	18	23.84	2.77027074489
109	18	23.89	2.93221759083
110	17	23.51	3.04793372631
111	17	23.03	3.0706839629
112	15	23.1	3.17332633052
113	16	22.95	3.021175268
114	16	22.18	2.68096997372
115	17	22.48	2.79814224084
116	17	23.11	2.8806075748
117	16	23.36	2.75869534382
118	16	23.41	3.01361908675
119	16	23.3	2.86879765756
120	16	23.05	2.92702921065
121	16	23.45	3.27833799356
122	17	22.92	3.09735370922
123	17	22.59	2.74989090693
124	16	22.54	2.80862955906
125	17	22.82	3.06065352498
126	16	22.6	2.89136645896
127	17	22.59	2.70590095902
128	16	22.55	2.808469334
129	16	22.51	2.89307794572
130	17	22.72	3.03341391834
131	17	22.36	2.62495714251
132	13	22.21	3.24128061112
133	14	22.03	3.4711813551
134	14	21.56	3.21658203688
135	13	21.63	3.19266346488
136	16	21.65	3.21052955134
137	12	21.49	3.14163969927
138	12	21.2	3.11126983722
139	14	21.11	2.98963208439
140	15	21.49	2.90342900723
141	13	20.89	3.19341509986
142	13	20.52	3.19524646937
143	15	20.57	2.9368520562
144	14	20.77	2.70131449483
145	14	20.99	2.65892835556
146	15	21.27	2.89777500852
147	13	21.05	3.02778797144
148	14	21.62	3.02582220231
149	14	21.34	3.36220165963
150	15	21.18	3.14445543775
151	15	21.62	2.77409444684
152	14	22.17	3.2343623792
153	14	21.93	3.33243154468
154	14	21.43	3.29622511367
155	14	21.01	3.14163969927
156	14	20.54	2.77279642239
157	14	20.59	2.78960570691
158	16	21.03	3.01149464552
159	13	21.17	2.81088953892
160	16	21.82	2.98456026912
161	16	21.86	2.89834435497
162	16	21.72	2.94984745368
163	15	21.67	3.13067085463
164	15	21.72	3.15936702521
165	16	21.93	2.89570371413
166	16	22.44	3.05063927727
167	15	22.19	3.21774765947
168	16	22.37	3.04189085932
169	16	22.03	2.83709358323
170	16	21.96	2.57650926643
171	15	22.09	3.39439243459
172	14	21.86	3.17496456673
173	14	21.46	3.56207804519
174	13	20.91	3.60304038279
175	13	20.31	3.02884466422
176	14	20.25	3.28747623566
177	14	20.5	2.87923600978
178	13	20.53	2.86166035721
179	15	20.39	2.74552362947
180	14	20.17	2.74974544276
181	14	20.86	2.60775765745
182	15	21.45	3.02778797144
183	15	21.42	3.01390112645
184	15	21.49	3.08381257537
185	15	21.29	3.07667027808
186	13	21.28	3.37069725725
187	13	20.78	3.2111680118
188	13	20.32	3.33130605019
189	12	20.12	3.29630095713
190	13	19.82	3.2260812141
191	11	19.61	3.18400690954
192	13	19.75	3.04753999153
193	14	20.03	2.9713801507
194	13	20.26	3.02198610189
195	12	20.0	3.24345494805
196	12	20.39	3.10771620326
197	12	20.92	3.34568378661
198	12	20.61	3.32534208767
199	12	20.8	3.08544972411
200	12	21.22	3.50878896487
201	12	20.66	3.21316043795
202	12	20.77	2.93548973768
203	12	20.65	3.64520232635
204	12	20.02	3.46981267506
205	12	19.88	3.57289798343
206	12	19.19	3.67884492742
207	12	18.59	2.66118394704
208	11	19.35	3.06716481461
209	11	19.28	3.32589837488
210	11	19.3	3.35410196625
211	11	18.79	3.01759838282
212	13	19.12	2.83294899354
213	13	19.73	2.82437603729
214	12	20.39	3.45512662575
215	11	20.43	3.48498206595
216	11	20.17	3.51014244725
217	11	20.27	3.23992283859
218	12	20.72	3.47010086309
219	11	20.5	3.69459064038
220	12	19.88	3.33250656413
221	13	19.73	3.13322517544
222	11	19.6	3.4205262753
223	12	19.37	3.17381473939
224	13	19.52	3.26030673404
225	11	19.22	3.20805236865
226	11	19.38	2.99259085075
227	11	19.55	3.48819437532
228	11	18.75	3.28747623566
229	12	18.9	2.96816441593
230	11	18.97	3.36587284371
231	11	18.97	3.38069519478
232	11	18.13	3.33363165332
233	12	18.68	2.89440840242
234	13	19.19	2.91099639299
235	13	19.67	3.11465888983
236	13	19.79	3.14100302451
237	10	19.82	3.24770688333
238	10	20.12	3.51931811577
239	10	19.95	3.18551408724
240	10	20.17	3.09533519994
241	10	20.01	3.27565260673
242	10	20.08	3.23938265724
243	11	19.46	3.26012269708
244	13	20.0	3.20624390838
245	13	20.66	3.17559443254
246	14	20.65	2.82267603525
247	13	20.81	3.33674991571
248	13	20.47	3.17948108974
249	11	20.62	3.18050310486
250	11	20.62	3.3549366611
251	14	20.81	3.04202235363
252	10	20.51	3.23881151042
253	10	20.07	3.59236690776
254	13	20.16	3.4863161073
255	12	19.48	3.45681934732
256	13	19.44	2.77243575219
257	12	19.58	2.85369935347
258	12	20.15	3.30870065131
259	14	19.47	3.05435754292
260	13	19.35	3.27833799356
261	13	19.3	3.08706980809
262	13	19.62	3.01920519342
263	14	20.42	2.77193073507
264	14	20.78	3.2972109426
265	12	20.89	3.37903832473
266	13	19.94	2.92513247563
267	12	20.32	3.37010385597
268	11	20.38	3.42572620038
269	11	19.46	4.00104986222
270	11	18.69	3.42547806882
271	12	18.77	3.75194616166
272	11	18.44	3.27511831847
273	11	18.5	3.22645316098
274	11	18.57	3.36824880316
275	12	18.68	3.30720425738
276	12	19.16	3.12640368475
277	13	19.57	3.2810211825
278	12	20.13	3.3724027043
279	11	19.71	3.29027354486
280	13	19.83	3.00351460792
281	13	20.03	2.7511997383
282	12	20.4	3.26190128606
283	12	20.17	3.32281507159
284	11	20.15	3.37453700528
285	11	20.45	3.27528624703
286	11	20.51	3.1128604209
287	12	20.76	3.16581742999
288	12	20.79	3.24744514965
289	9	20.57	3.44167110573
290	13	20.54	3.11903831333
291	12	20.48	3.10315968007
292	12	20.77	2.95585858931
293	12	21.02	3.19993749939
294	10	20.78	3.26367890577
295	10	20.69	3.91329784197
296	10	20.16	4.0391088126
297	10	18.77	3.67111699623
298	7	18.19	3.28844948266
299	11	17.98	3.42922731822
300	10	18.09	3.13718026259
1	52	60.63	3.93104311856
2	50	57.54	3.21066971207
3	51	55.58	2.68395230956
4	46	53.7	2.68141753556
5	47	52.19	2.25696699134
6	45	51.28	2.86384357115
7	44	49.39	2.44497443749
8	41	47.89	2.36175781993
9	40	46.94	2.72330681342
10	40	46.17	2.3876976358
11	39	45.2	2.60768096208
12	39	44.28	2.63469163281
13	39	43.04	2.20417785126
14	37	42.06	2.06310445688
15	35	41.75	2.3595550428
16	34	40.89	2.37442624649
17	34	40.21	2.52307352251
18	33	39.69	2.52465839273
19	31	38.74	3.03189709588
20	31	37.72	2.89509930745
21	31	37.01	3.41026391941
22	30	35.75	2.95761728423
23	30	34.92	2.77733685389
24	28	34.42	2.4256133245
25	28	33.96	2.74925444439
26	27	33.95	2.94066319051
27	27	33.64	2.85489054081
28	26	33.27	3.09791865613
29	26	32.46	3.16360553799
30	26	31.87	2.80946614146
31	25	31.45	2.75454170417
32	26	31.43	2.77940641145
33	25	31.72	2.77517567012
34	25	31.49	2.75497731388
35	26	31.54	2.64355820817
36	23	31.27	2.4611176323
37	23	31.06	2.67140412517
38	23	31.27	2.98280069733
39	23	31.48	2.74765354439
40	25	31.09	2.91580177653
41	26	30.55	2.90989690539
42	26	30.76	2.828851357
43	26	30.95	2.49148550066
44	25	30.8	3.15277655409
45	25	30.77	3.13322517544
46	24	30.22	2.78775895658
47	24	29.93	2.48698612783
48	24	29.76	2.73905093052
49	24	29.55	3.01122898498
50	22	29.27	2.77075801903
51	23	28.64	2.77315704568
52	23	28.59	2.34987233696
53	24	28.5	2.42280828792
54	24	28.7	2.68886593195
55	23	28.28	2.5926048677
56	22	27.67	2.53398895025
57	22	27.9	2.6776855678
58	22	27.8	2.54165300543
59	22	28.12	3.05705740869
60	21	27.23	2.81017793031
61	19	27.13	3.01879114879
62	19	27.11	3.32233351727
63	18	26.3	2.74772633281
64	18	25.96	2.98636903279
65	18	26.11	2.99631440273
66	18	25.96	2.67925362741
67	21	26.01	3.0512128736
68	18	25.95	3.08017856625
69	18	25.53	3.09339619189
70	19	25.4	2.95634909982
71	18	24.54	2.71447969232
72	18	24.71	3.0799188301
73	18	24.46	3.12544396846
74	17	24.86	2.89834435497
75	17	24.93	2.93003412949
76	17	24.91	3.00364778228
77	16	24.49	2.77667066826
78	16	24.59	3.3319513802
79	15	24.09	3.19090896141
80	15	23.92	3.20524570041
81	17	23.81	2.99230680245
82	16	23.9	2.61342686907
83	16	24.35	3.021175268
84	16	24.51	3.30906331157
85	15	24.27	3.60514909539
86	15	23.43	3.00418042068
87	18	23.7	2.92403830344
88	18	23.99	2.76945843081
89	17	24.84	3.18031444986
90	17	24.24	3.08259630831
91	17	23.76	3.16897459756
92	17	23.47	2.93412678663
93	17	23.31	2.77739086194
94	17	23.53	2.90329123582
95	17	23.24	2.65375206076
96	17	23.2	3.00333148354
97	17	23.38	3.19305496351
98	17	22.61	2.65667084901
99	17	22.82	2.95086428017
100	15	23.06	2.58
101	15	23.35	2.86487347016
102	15	23.41	3.00364778228
103	16	22.51	2.98494556064
104	17	22.93	2.80804202248
105	17	23.01	2.93766914407
106	17	23.15	2.7690250992
107	17	23.37	2.87977429671
108	17	23.32	2.84914022119
109	17	23.47	2.64747049086
110	18	23.85	2.75454170417
111	18	23.79	2.68438074796
112	15	23.65	3.02448342697
113	16	23.5	3.05450486986
114	16	23.44	3.02099321416
115	18	23.01	2.60957851003
116	15	22.91	2.86738556877
117	15	22.94	3.22744480975
118	14	23.29	3.16321039452
119	15	22.82	3.7266070359
120	13	22.38	2.98924739692
121	14	23.1	3.24191301549
122	14	22.93	3.18513735968
123	15	23.46	3.53106216315
124	15	22.98	3.2279405199
125	15	23.1	3.49141805002
126	14	22.29	3.21028036159
127	15	21.99	3.14799936468
128	11	21.5	3.2511536414
129	11	21.33	3.39427459113
130	14	21.19	3.57685616149
131	13	20.04	3.40857741587
132	8	19.74	3.53728709607
133	13	19.82	3.23845642243
134	11	19.63	3.2639086997
135	11	19.75	3.38045854878
136	11	19.34	3.19443265698
137	11	19.09	2.8498947349
138	11	19.47	2.93071663591
139	11	19.88	3.09283041889
140	11	19.97	3.1857652142
141	13	20.23	2.93548973768
142	13	20.34	3.00739089578
143	13	20.74	3.20817705247
144	13	20.42	3.15334742773
145	13	20.8	3.11448230048
146	13	21.13	3.21451396015
147	13	20.92	3.02549169558
148	13	21.28	3.26521055983
149	13	20.98	3.36743225619
150	13	20.73	3.07523982805
151	13	20.62	3.37277333955
152	13	20.39	3.03609947136
153	12	20.17	2.56536547104
154	12	21.18	3.17609823526
155	12	21.46	3.27847525536
156	14	21.63	3.43701905726
157	14	21.45	3.21675302129
158	15	21.39	3.02620224043
159	14	21.6	3.17804971641
160	16	21.78	2.95831032855
161	15	22.17	2.70944643793
162	16	22.61	3.06885972309
163	14	22.48	3.01489634979
164	14	21.98	2.74583320688
165	14	21.66	3.01734983056
166	14	21.98	3.40288113222
167	15	21.64	2.83026500526
168	15	22.56	3.1506189868
169	16	22.67	3.04320554679
170	14	22.43	3.32341691637
171	16	22.54	3.26625167432
172	17	22.03	2.80162452873
173	16	22.42	2.96371388633
174	15	22.38	3.10412628609
175	15	22.36	3.02165517556
176	15	22.13	2.90742153806
177	15	22.71	3.27504198446
178	14	22.5	3.28481354113
179	12	22.01	3.28175258056
180	16	22.13	3.12939291237
181	15	21.71	3.29331140344
182	16	21.46	2.67364919165
183	16	21.49	3.0512128736
184	16	22.09	3.06951136176
185	14	21.94	2.96587255289
186	17	22.2	3.07245829915
187	15	21.99	3.03807504845
188	15	21.94	2.85594117586
189	15	21.97	2.9713801507
190	15	21.97	2.7944766952
191	15	22.85	3.1917863337
192	15	22.85	3.04425688798
193	16	22.91	3.13399106572
194	18	22.62	2.64869779326
195	17	22.58	2.8219851169
196	17	22.38	2.61449803978
197	16	23.03	2.89293968136
198	18	22.96	2.69414179285
199	17	23.18	2.88575813262
200	17	22.98	3.10798970397
201	14	22.77	3.27369821456
202	14	22.08	3.11024114821
203	15	22.05	3.51958804408
204	15	21.77	2.95923976724
205	13	21.8	2.72396769438
206	13	21.81	3.27931395264
207	14	20.89	3.18086466232
208	14	20.61	3.2027956538
209	14	20.94	3.10425514415
210	12	20.81	3.3991028228
211	12	20.04	3.10457726591
212	13	20.54	2.81929069094
213	12	20.16	3.3932874915
214	14	20.2	3.35261092285
215	14	20.4	3.05941170816
216	12	20.17	3.62782303868
217	12	20.13	3.21451396015
218	11	19.69	3.58523360466
219	14	19.11	3.47244870372
220	13	18.97	2.92046229217
221	13	19.29	3.137817713
222	13	19.57	2.90604542291
223	12	19.99	3.33315166172
224	12	20.24	3.31397042835
225	12	20.24	3.10522140918
226	11	20.18	3.44203428222
227	12	19.56	3.14744340696
228	12	19.6	3.40587727319
229	13	19.75	3.04753999153
230	14	19.92	2.58333118279
231	14	19.87	3.35158171615
232	12	19.4	3.14642654451
233	12	20.14	3.00339807551
234	15	20.42	3.06978826631
235	15	20.79	2.88546356761
236	15	21.41	3.20965730258
237	16	21.4	2.63818119165
238	16	22.06	2.96249894515
239	15	21.91	2.91922935036
240	11	22.77	3.66293598088
241	13	22.0	3.22180073872
242	13	21.98	2.92909542351
243	16	22.92	3.07792137651
244	15	22.7	3.35708206632
245	15	22.07	3.00750727347
246	15	22.28	3.01024915912
247	11	21.89	3.4172942513
248	11	22.2	3.23419232576
249	11	21.97	3.50843269851
250	11	22.08	3.57681422498
251	11	21.87	3.78326578501
252	11	20.78	3.48304464513
253	13	20.93	3.3741813822
254	11	20.63	3.43701905726
255	11	19.93	3.06351105759
256	11	20.27	3.00617697417
257	11	20.4	3.03973683071
258	13	20.45	2.97447474355
259	13	20.36	3.28487442682
260	13	20.31	3.05841462199
261	13	20.15	2.96774325035
262	11	20.96	3.34341143146
263	11	20.58	3.48476685016
264	13	20.8	2.90860791445
265	13	20.9	3.11287648325
266	12	20.81	3.08121729192
267	12	21.01	2.95464041805
268	12	20.92	2.94509762147
269	14	21.09	2.71696521877
270	11	21.21	3.160047468
271	11	20.79	3.21339384452
272	13	20.46	3.17307421911
273	14	20.61	3.29513277426
274	14	20.24	3.28060969943
275	14	20.25	2.95761728423
276	14	20.71	2.85059642882
277	14	20.87	3.08433137001
278	14	20.9	2.99833287011
279	11	21.2	3.29241552663
280	14	20.69	3.27015290162
281	13	20.6	3.29241552663
282	15	21.5	3.06431068921
283	14	21.89	3.2799237796
284	14	21.44	2.84717403753
285	16	21.92	2.72279268399
286	16	22.29	3.2993787294
287	15	22.12	3.13138946795
288	14	21.7	3.25422801905
289	16	21.08	2.8131121556
290	14	21.5	2.69258240357
291	14	21.74	2.91760175487
292	16	21.98	2.96978113672
293	16	21.67	2.71313471837
294	15	21.98	2.96978113672
295	13	21.64	3.45982658525
296	15	21.39	3.17457083714
297	12	20.98	2.80349781523
298	16	21.27	2.98949828567
299	16	21.23	2.69761005336
300	14	21.61	3.2677056171
1	50	60.96	3.69031163996
2	50	57.41	2.67243334809
3	50	55.24	2.54998039208
4	48	53.78	2.4882925873
5	45	52.39	2.47747855692
6	45	51.13	2.42757080226
7	43	49.92	2.52459897806
8	43	48.69	2.42361300541
9	42	47.18	2.35533437117
10	42	46.08	2.29643201511
11	40	45.25	2.39321958875
12	36	43.87	2.43989753883
13	36	42.86	2.98670386882
14	36	41.88	2.70288734504
15	34	40.88	2.27279563534
16	33	40.35	3.36860505254
17	33	39.13	2.12440579928
18	33	38.79	2.41782960525
19	33	37.78	2.4762067765
20	31	36.87	2.44808088102
21	31	36.06	2.4650354967
22	28	35.65	2.51147367097
23	30	35.43	2.65049052064
24	30	34.94	2.3783187339
25	30	35.11	2.3017167506
26	30	34.49	2.53177803134
27	28	34.07	3.04386267759
28	28	33.21	2.61264234062
29	28	32.92	2.33957261054
30	26	32.79	2.7177012345
31	26	32.27	2.45705107802
32	24	31.91	2.95328630512
33	25	31.31	2.69330651802
34	25	31.07	2.49901980784
35	24	30.74	2.7807193314
36	24	30.32	2.78524684723
37	24	30.12	2.79742738958
38	25	29.99	2.56708005329
39	23	29.29	2.32505913903
40	24	29.27	2.32316594328
41	24	29.19	2.69701687054
42	24	28.92	2.45226425982
43	22	28.45	2.58988416729
44	23	28.17	2.47812429067
45	20	27.84	2.93843495759
46	20	27.26	2.62152627299
47	20	27.57	2.83991197047
48	20	27.43	2.89570371413
49	22	26.87	2.51258830691
50	20	26.53	2.91017181623
51	20	26.38	2.5249950495
52	20	26.61	3.22147481753
53	20	25.78	2.78057548
54	18	25.3	3.01827765456
55	19	25.57	3.19454222073
56	19	25.01	2.84427495155
57	18	24.93	2.64671494498
58	18	25.12	2.66187903557
59	17	25.43	3.10887439437
60	17	24.74	3.06143757082
61	17	24.19	2.98896303089
62	15	23.51	3.3540870591
63	15	22.88	3.06685506668
64	15	22.34	3.02727600327
65	15	22.12	2.89924128006
66	14	22.44	2.87861077605
67	16	22.47	2.80162452873
68	16	21.92	3.14222850856
69	15	21.49	2.86529230621
70	16	21.76	2.79327764463
71	16	22.02	2.5611716069
72	17	22.04	2.70525414703
73	17	22.2	2.6495282599
74	16	22.33	2.69835134851
75	17	22.54	2.6699063654
76	17	23.12	2.92670463149
77	16	23.0	3.17175030543
78	16	22.63	3.04517651377
79	16	21.8	2.78567765544
80	16	22.19	2.65591792042
81	15	21.96	2.89108975993
82	16	22.25	2.69583011334
83	17	22.41	2.63474856485
84	17	23.06	2.64507088752
85	17	23.34	3.14394656443
86	17	23.22	3.0119096932
87	16	22.44	3.14426461991
88	16	21.91	3.03016501201
89	15	21.66	2.89558284288
90	16	21.61	2.842164668
91	16	21.83	2.75700924917
92	16	21.62	2.58758574737
93	16	21.74	2.53621765627
94	15	22.14	2.96991582372
95	14	21.85	2.9030156734
96	14	21.87	2.88671093115
97	14	21.84	3.11036975294
98	14	21.75	2.8191310718
99	14	21.65	2.7363296585
100	14	21.95	2.98789223367
101	15	21.74	3.08097387201
102	16	21.93	3.00418042068
103	16	21.98	3.19368126149
104	14	21.14	2.70931725717
105	14	21.49	3.10642881779
106	14	20.88	2.88887521364
107	15	20.95	2.74727137356
108	16	21.11	2.67168486166
109	16	21.44	2.45894286229
110	15	21.52	2.93761808273
111	15	20.95	2.75816968296
112	15	21.18	2.96101334006
113	15	20.71	2.85410231071
114	15	20.46	2.73649410743
115	16	20.88	2.81879406839
116	15	21.11	3.01958606435
117	15	21.37	2.80233830934
118	15	21.36	3.26042941957
119	13	21.03	3.36587284371
120	13	20.2	3.1496031496
121	13	19.78	2.95154196989
122	13	19.77	2.83144839261
123	13	19.51	2.67766689489
124	13	19.92	3.01887396226
125	14	20.02	3.19681091089
126	14	19.74	2.97865741568
127	14	19.93	2.88878867348
128	14	20.42	2.6539781461
129	14	20.48	3.44812992795
130	14	19.99	3.01494610234
131	14	20.12	2.93693718012
132	14	20.27	3.00950161987
133	14	20.27	3.22135064841
134	15	20.15	3.014548059
135	15	19.74	2.7771208112
136	15	19.96	2.89108975993
137	15	20.13	2.96868657827
138	15	20.3	3.02158898595
139	15	20.38	3.0554214112
140	14	20.38	2.73049446072
141	14	20.64	3.04473315744
142	14	20.27	3.01945359295
143	14	20.39	2.93562599798
144	14	20.01	2.94446939193
145	14	19.66	2.72844277932
146	14	19.39	2.62257507042
147	15	19.73	2.7123974635
148	14	19.62	2.75963765737
149	15	20.12	2.86803068324
150	13	20.0	2.96310647801
151	15	20.35	2.7726341266
152	14	20.37	2.86933790272
153	14	20.2	2.92232783924
154	16	19.89	2.20406442737
155	14	20.4	2.92916370318
156	15	20.59	2.82876298053
157	15	21.03	2.86166035721
158	15	21.3	3.15119025132
159	15	21.24	2.57340241703
160	15	21.23	2.91154598109
161	14	20.96	2.76014492373
162	16	20.86	2.51404057246
163	16	21.35	2.8191310718
164	16	20.81	2.80604704166
165	15	21.01	2.83017667293
166	15	20.93	2.5583393051
167	15	21.04	2.78897830755
168	16	20.95	2.89611809151
169	16	21.31	2.82380948366
170	16	21.94	3.11069124151
171	16	21.49	3.29998484845
172	16	21.43	2.87838496383
173	16	21.44	3.42438315613
174	15	20.54	2.81929069094
175	14	20.74	2.71889683512
176	16	20.86	2.73137328097
177	15	21.18	2.54707675581
178	17	21.65	2.85788383249
179	16	21.88	2.86104875876
180	16	21.72	2.69102211065
181	14	21.86	2.97328101598
182	14	22.05	2.93726062854
183	14	21.77	3.00617697417
184	14	21.89	2.68289023257
185	15	21.76	2.7353975945
186	16	21.78	2.59838411325
187	15	22.22	2.86907650647
188	17	22.2	2.83548937575
189	17	22.23	2.66028193995
190	17	21.99	2.58261495388
191	16	22.05	2.7509089407
192	18	22.21	2.32505913903
193	18	22.29	2.73603728045
194	18	22.44	2.55468197629
195	17	21.84	2.52079352586
196	15	21.89	2.50557378658
197	15	21.97	2.65501412426
198	17	22.11	2.95599391068
199	15	21.72	2.90199931082
200	15	21.71	2.77955032334
201	15	21.86	2.78574945033
202	15	22.01	2.83370781839
203	15	22.29	3.06690397633
204	15	21.74	2.65563551716
205	17	22.45	2.72534401498
206	15	22.14	3.08875379401
207	16	22.11	2.96949490655
208	16	22.04	2.88762878501
209	16	21.76	2.71337428307
210	16	21.58	2.64643155967
211	16	21.63	2.62927746729
212	14	22.11	2.75279857599
213	14	22.19	3.18651847633
214	16	21.51	2.59805696627
215	16	21.28	2.74619737091
216	15	21.28	3.26827171453
217	14	21.21	3.31148003165
218	14	20.4	3.10483493925
219	13	20.48	2.93421198961
220	13	20.99	3.19216227658
221	13	20.24	3.47885038483
222	13	20.13	3.02540906325
223	13	20.43	3.13450155527
224	13	20.72	2.83577149996
225	14	20.86	2.94285575589
226	14	20.96	3.24629019036
227	16	21.25	2.84736720498
228	13	21.22	3.2544738438
229	14	21.82	3.12531598402
230	14	21.26	3.24844578222
231	14	20.46	3.07056997966
232	14	20.35	3.17293239764
233	14	20.5	2.77308492477
234	14	20.47	2.7548321183
235	16	20.75	2.59374246987
236	16	21.01	2.88961935209
237	15	20.76	2.98033555158
238	14	20.65	2.79419040153
239	14	20.93	2.80804202248
240	14	20.99	2.91717328933
241	14	20.94	2.86293555638
242	14	21.01	3.21401617918
243	14	21.09	2.68735929864
244	16	21.75	2.73998175176
245	13	21.76	2.96351143072
246	13	21.78	2.92089027524
247	13	21.8	2.89136645896
248	15	22.34	3.13119785386
249	14	21.7	3.1384709653
250	14	21.47	2.96801280321
251	13	21.64	3.14807877919
252	13	21.49	3.1890280651
253	13	21.18	2.86139825959
254	14	21.64	2.87235095349
255	12	21.92	3.1358571396
256	13	21.25	3.30870065131
257	15	21.52	3.53406281778
258	15	21.29	3.30845885572
259	13	21.06	3.1900470216
260	13	20.6	3.23728281125
261	13	20.8	3.19687347263
262	13	20.94	2.92854912883
263	12	20.53	3.23559886265
264	12	19.81	3.03873328872
265	12	20.29	3.18840085309
266	12	20.19	3.18651847633
267	12	20.48	3.27255252059
268	14	20.62	2.98924739692
269	12	19.93	3.29925749222
270	12	20.15	3.51674565472
271	12	19.74	3.11326195493
272	12	19.59	3.35885397122
273	14	19.7	2.92745623366
274	13	19.74	3.2942981043
275	13	19.4	3.10483493925
276	14	19.46	3.04768764804
277	12	19.71	3.03741666552
278	12	19.48	3.10315968007
279	12	19.26	3.24536592698
280	12	18.98	3.03308423886
281	13	19.95	3.08666486681
282	11	19.48	3.12563593529
283	11	19.76	3.13407083519
284	11	19.95	3.19804627859
285	13	19.73	3.47521222374
286	13	19.9	3.15119025132
287	13	19.52	2.93421198961
288	12	19.76	3.14044582822
289	14	19.57	2.72490366802
290	13	20.07	2.95044064506
291	13	19.6	3.1304951685
292	11	19.87	3.37832798881
293	13	19.78	3.05476676687
294	11	19.59	3.06625178353
295	11	19.79	3.17268025493
296	14	20.14	2.7350319925
297	11	20.71	2.96072626225
298	11	20.5	2.83019433962
299	12	20.62	2.96910761004
300	12	21.24	3.14362847678
1	50	60.52	3.68097813088
2	50	57.61	2.68661497055
3	49	55.94	2.34870176906
4	46	54.14	2.5180150913
5	46	53.17	2.95991553934
6	45	51.91	2.76801372829
7	45	50.52	2.55921863075
8	42	49.46	2.53148177951
9	41	48.16	2.73393489315
10	40	47.12	2.88194378849
11	37	45.99	2.55536690125
12	37	44.44	3.00439677806
13	37	42.85	2.72167228005
14	36	41.74	2.68931217972
15	35	40.52	2.67013108292
16	32	39.62	2.39491127184
17	32	39.27	2.3826665734
18	32	38.88	2.36761483354
19	32	38.11	2.43678066309
20	33	37.68	2.17660285767
21	33	37.23	2.05355788815
22	33	36.89	2.17667177131
23	30	36.46	2.44303090443
24	31	36.0	2.41246761636
25	31	35.5	2.19317121995
26	31	35.47	2.40189508514
27	29	34.33	2.62699448039
28	29	33.71	2.22393794877
29	29	32.9	1.95192212959
30	28	32.87	2.36497357279
31	29	32.75	2.37223523286
32	26	31.99	2.47586348574
33	25	31.23	2.14874381907
34	25	31.28	2.55374235192
35	25	30.58	2.4256133245
36	25	30.08	2.30512472548
37	24	29.54	2.35974574902
38	24	29.63	2.37762486528
39	24	29.08	2.29207329726
40	23	28.78	2.33057932712
41	24	27.94	1.97898964121
42	23	27.93	2.09883300908
43	23	28.08	2.42767378369
44	23	27.58	2.10798481968
45	22	27.39	2.42855924367
46	22	27.55	2.66598949735
47	22	27.1	2.67394839142
48	22	26.94	2.48523640727
49	21	26.57	2.5070101715
50	22	26.6	2.33666428911
51	22	26.15	2.15580611373
52	22	26.38	2.25734357155
53	22	26.37	2.35650164439
54	23	26.57	2.42179685358
55	21	26.37	2.26121648676
56	21	26.34	2.2944280333
57	22	26.24	2.40466213843
58	21	26.19	2.19406016326
59	20	26.32	2.59183332797
60	20	26.16	2.77027074489
61	20	25.64	2.58271175318
62	20	25.75	2.55880831638
63	20	25.62	2.78488778948
64	21	25.77	2.52529206232
65	21	25.68	2.62632823539
66	21	25.61	2.60344003196
67	21	25.19	2.64081426836
68	20	25.02	2.8106227068
69	20	24.49	2.38535112719
70	20	24.36	2.41047713119
71	20	24.27	2.59559241793
72	20	24.42	2.63886339169
73	20	23.84	2.46056903988
74	19	24.21	2.81174323152
75	20	24.32	2.49351158008
76	20	24.44	2.60507197597
77	20	24.31	2.48875470868
78	20	24.38	2.69733201516
79	20	24.31	2.46858258926
80	20	24.14	2.437293581
81	20	24.38	2.72682966098
82	20	24.09	2.78601866469
83	20	24.15	2.56661255354
84	20	24.1	2.38117617996
85	21	24.01	2.39372095283
86	21	24.27	2.50541413742
87	20	24.54	2.487649493
88	20	24.55	2.52339057619
89	19	24.69	3.04858983794
90	20	23.91	2.37526840589
91	19	24.17	2.65350711324
92	20	24.08	2.39449368343
93	20	24.6	2.5495097568
94	20	24.58	2.8219851169
95	20	24.18	2.66600825205
96	20	23.59	2.13117338572
97	20	23.71	2.38870257671
98	20	23.83	2.44562875351
99	19	24.1	2.6776855678
100	19	24.06	2.85594117586
101	19	23.61	2.77090238009
102	19	23.8	2.77848879789
103	19	23.93	2.65049052064
104	19	24.03	2.88255095358
105	19	23.65	2.67721870605
106	19	23.23	2.57237244582
107	18	23.07	2.40106226492
108	19	23.21	2.40954352523
109	19	24.12	2.43014402865
110	20	24.22	2.59067558756
111	19	23.53	2.41020745995
112	19	23.96	2.56483917624
113	19	23.69	2.53256786681
114	19	23.71	2.57408236076
115	19	23.5	2.47991935353
116	19	23.87	2.84132011572
117	19	23.95	2.6244046944
118	19	24.35	2.87532606847
119	18	23.27	2.56848204199
120	18	23.22	2.42313846076
121	18	23.12	2.58565272223
122	18	23.21	2.31212023909
123	18	23.09	2.32849736955
124	18	23.21	2.58571073401
125	18	23.73	2.4611176323
126	18	23.34	2.6008460162
127	18	23.5	2.64764045897
128	18	23.77	2.75265326549
129	18	23.8	2.63438797446
130	19	24.01	2.65516477831
131	19	23.82	2.62442374627
132	19	23.66	2.68037310836
133	18	23.86	2.5180150913
134	18	23.94	2.64128756481
135	18	23.54	2.53542895779
136	17	23.72	2.73159294186
137	18	23.77	2.69761005336
138	20	23.8	2.49799919936
139	20	24.06	2.61465102834
140	19	23.88	2.72499541284
141	19	23.99	2.62486190113
142	18	24.31	2.59882665832
143	18	24.55	2.69583011334
144	18	24.28	3.05967318516
145	19	23.94	2.587740327
146	18	23.82	2.72902913139
147	18	24.22	2.80563718253
148	19	24.79	2.43020575261
149	20	25.46	2.97126235799
150	20	24.9	2.96479341607
151	19	24.61	2.87365620769
152	19	24.17	2.6193701533
153	19	23.71	2.66193538614
154	20	23.66	2.60468808113
155	19	23.68	2.74182421027
156	19	23.34	2.73576314764
157	19	22.93	2.23273375036
158	19	24.04	2.75651954464
159	19	23.93	2.64293397572
160	19	23.56	2.73247140882
161	19	23.24	2.46625221743
162	19	22.73	2.34885078283
163	19	23.21	2.57796431317
164	18	23.38	2.86279583624
165	18	23.09	2.96005067524
166	18	22.9	2.47588368063
167	18	22.68	2.7563744303
168	18	22.54	2.41834654258
169	18	22.59	2.45802766461
170	18	23.25	2.79776696671
171	16	22.98	2.58835855321
172	18	23.1	2.66645832519
173	18	23.54	2.67364919165
174	18	24.12	2.56624238918
175	19	24.83	2.78587508693
176	18	24.64	2.7477991193
177	19	24.81	2.80960851365
178	19	24.55	2.52735039122
179	20	24.9	2.41039415864
180	19	24.91	2.59266272392
181	16	24.88	2.99091959103
182	16	24.28	3.03011550935
183	16	23.87	3.10694383599
184	16	22.89	3.07861982063
185	17	22.68	2.84914022119
186	16	22.35	3.07367857786
187	17	21.97	2.60559014429
188	17	21.94	2.60699060221
189	17	22.1	2.58263431403
190	17	21.86	2.5885130867
191	17	21.68	2.61105342726
192	16	21.42	2.6539781461
193	16	21.35	2.47133567125
194	17	21.42	2.458373446
195	17	21.62	2.39908315821
196	17	22.41	2.75352501351
197	15	22.43	2.55050975297
198	17	22.68	2.58410526101
199	16	22.68	2.90475472286
200	17	22.96	2.87374320356
201	17	22.37	2.61401989281
202	17	22.75	2.66973781484
203	17	22.88	2.41362797465
204	18	23.1	2.45967477525
205	17	23.41	2.98025166723
206	17	22.9	2.85482048472
207	17	22.66	3.3082321563
208	16	22.55	3.1412577099
209	16	22.03	3.20454364926
210	16	20.9	2.55147016443
211	16	21.1	2.81247222209
212	16	21.16	2.57961237398
213	17	21.27	2.64142007261
214	16	21.54	2.6811191693
215	16	21.71	2.99096974241
216	16	21.51	2.56708005329
217	17	21.91	2.80747217261
218	17	21.99	2.55536690125
219	17	22.52	2.53171878375
220	18	22.99	2.7147559743
221	16	23.41	2.96342707013
222	17	23.21	2.95057621491
223	17	22.48	2.54354083907
224	18	22.83	2.77147974916
225	17	22.86	2.80364049051
226	16	22.72	3.06620286348
227	16	22.35	2.98454351618
228	16	22.13	2.97877491597
229	16	22.38	2.74510473389
230	16	22.13	2.46030485916
231	16	22.55	2.71799558499
232	16	22.84	2.97227185836
233	16	23.15	2.91676190321
234	18	23.41	2.77162407263
235	19	23.51	2.78386422083
236	19	22.88	2.79026880426
237	15	23.54	2.71816114313
238	16	23.56	2.75070899951
239	18	23.89	2.6604322957
240	18	24.02	2.70177719289
241	18	24.48	3.01821139087
242	18	24.47	2.87212464911
243	21	24.28	2.48225703746
244	20	24.85	2.56661255354
245	19	24.38	2.51308575262
246	19	24.62	2.96236392093
247	19	24.44	2.55076459125
248	19	24.89	2.8386440425
249	20	25.11	2.72358219997
250	20	25.12	2.7650678111
251	20	25.11	2.61493785777
252	19	24.7	2.71845544381
253	20	24.52	2.74765354439
254	20	24.55	2.74727137356
255	19	24.28	2.86384357115
256	19	24.2	2.48596057893
257	18	24.05	2.79419040153
258	18	23.93	2.66178511529
259	17	23.35	2.51545224562
260	20	24.02	2.42478865058
261	20	24.74	2.6930280355
262	20	24.81	2.58725723499
263	19	24.81	2.77378802362
264	19	24.05	2.4015619917
265	19	24.87	2.71166000819
266	19	24.48	2.84070413806
267	19	24.29	3.14100302451
268	18	23.83	2.7930449334
269	18	23.96	2.60737415804
270	19	24.45	2.98454351618
271	20	24.51	2.64762157417
272	19	24.59	2.58880281211
273	20	24.68	2.42849747787
274	21	24.67	2.73881361177
275	19	25.03	2.58246006746
276	19	25.9	2.78747197295
277	20	26.0	3.03644529014
278	19	25.69	2.96882131493
279	20	24.97	2.51577025978
280	20	25.53	2.85466285225
281	20	25.18	2.3081594399
282	20	25.47	2.51179218886
283	20	25.51	2.57485921945
284	20	25.08	2.7191175039
285	19	24.98	2.48185414559
286	19	25.05	2.7690250992
287	18	24.39	2.45721386941
288	18	24.87	2.97205316238
289	18	24.28	2.99359315873
290	18	24.31	2.79891050232
291	19	24.81	2.80248104365
292	19	25.15	2.85788383249
293	19	25.37	2.59482176652
294	19	25.22	2.48024192368
295	21	25.51	2.7874540355
296	21	25.75	2.82975263937
297	19	25.21	2.82946991502
298	19	25.47	2.75845971513
299	19	25.21	2.75787962029
300	20	25.08	2.59491811046
1	51	60.85	3.76131625897
2	49	57.83	3.00018332773
3	46	55.44	2.72514219812
4	45	53.54	3.01469733141
5	45	51.35	2.93044365242
6	42	49.14	2.63825700037
7	41	47.23	2.70501386318
8	40	46.29	2.5309879494
9	39	45.26	2.67439712833
10	38	43.81	2.45639980459
11	35	42.87	2.68199552572
12	37	41.89	1.98441427126
13	38	41.49	2.21582941582
14	36	40.45	2.05121914968
15	31	39.54	2.53937000061
16	31	38.81	2.71917266829
17	33	38.29	2.46290478907
18	32	37.35	2.40572234474
19	32	37.12	2.57402408691
20	28	36.32	2.55687309032
21	29	36.34	2.72477522009
22	29	35.78	2.80563718253
23	30	35.14	2.68708019977
24	30	34.78	2.30469086864
25	30	34.89	2.52148765613
26	29	34.9	2.52388589282
27	30	34.99	2.47182119094
28	29	34.82	2.48748869344
29	29	35.06	2.73795544157
30	30	35.11	2.75279857599
31	29	34.51	2.38953970463
32	29	34.5	2.75136329844
33	27	34.05	2.63581107062
34	29	34.76	3.12448395739
35	29	34.33	2.57314982074
36	27	33.79	2.31212023909
37	27	33.33	2.69092920754
38	27	33.46	2.41834654258
39	27	33.71	2.80462118654
40	28	33.82	2.8297703087
41	26	33.27	2.96261708629
42	25	32.36	2.63256528884
43	26	32.18	2.75818781086
44	25	31.67	3.04648978334
45	24	30.51	2.69256383397
46	23	30.56	2.86468148317
47	23	29.89	3.07861982063
48	23	29.73	2.91840709977
49	24	28.66	2.45853614983
50	24	29.01	2.25164384395
51	24	29.14	2.63446389233
52	24	28.77	2.60328638455
53	23	28.55	2.43874967965
54	23	28.91	2.3155776817
55	23	28.9	2.65141471671
56	23	28.5	2.4474476501
57	23	28.59	2.75352501351
58	23	28.06	2.40757139043
59	22	28.18	2.65849581531
60	22	28.05	2.39321958875
61	21	28.04	2.6416661409
62	21	28.46	2.49967997952
63	23	29.06	2.98938120687
64	21	28.21	2.89238655784
65	21	27.74	2.70784046797
66	21	27.52	2.82304799818
67	21	27.17	2.68348653807
68	22	27.1	2.57099202644
69	22	26.86	2.61923652998
70	21	26.93	2.89224826044
71	20	26.52	2.83012367221
72	20	26.45	2.92018835009
73	17	26.73	3.17129311165
74	17	25.99	2.87921864401
75	17	25.75	3.00124973969
76	17	25.33	2.97339872873
77	17	25.79	2.69924063396
78	17	25.72	3.06293976434
79	18	25.61	3.24621317846
80	20	25.34	3.02727600327
81	19	25.52	3.01821139087
82	19	25.12	2.71764604023
83	19	24.94	2.99606408476
84	19	25.04	3.14617227755
85	18	24.92	2.89717103396
86	18	23.84	2.80969749261
87	18	23.94	2.61847283736
88	18	24.22	2.83400776287
89	18	24.01	2.79461983103
90	18	24.14	2.86712399453
91	17	23.53	2.91703616707
92	17	23.22	2.76253506765
93	16	22.67	3.06612132832
94	16	22.71	2.64308531834
95	15	22.47	2.91703616707
96	16	21.98	3.02317713672
97	16	21.81	2.52861622236
98	17	22.31	2.82026594491
99	17	22.26	2.6930280355
100	16	22.24	2.77892065378
101	16	22.69	2.94854201259
102	16	22.39	2.68661497055
103	15	22.53	3.1920369672
104	16	22.37	2.90398002748
105	16	22.1	2.89654967159
106	17	23.01	2.72945049415
107	15	23.37	3.08757186151
108	16	23.42	3.01058133921
109	16	23.42	3.10219277286
110	16	23.3	2.97489495613
111	17	23.12	2.68432486857
112	17	23.28	3.07271866594
113	15	22.55	2.66598949735
114	17	22.86	2.95641675005
115	17	22.97	2.88601801796
116	16	22.47	2.89293968136
117	17	22.95	3.06063718856
118	14	22.19	3.04202235363
119	14	22.3	3.33916157141
120	13	21.8	2.76767050062
121	13	22.12	2.86454184818
122	14	21.89	2.95599391068
123	14	21.55	2.84033448734
124	14	21.8	2.91890390387
125	16	21.75	2.69583011334
126	13	22.58	3.13745119484
127	13	22.65	3.69154439226
128	13	21.72	3.40317498815
129	13	21.65	3.38636973764
130	13	21.76	3.19724881734
131	13	21.33	3.11144660889
132	14	21.81	2.94175117914
133	13	21.8	3.46121365998
134	13	21.53	3.00817220252
135	13	21.52	3.03143530361
136	14	21.28	3.01356931229
137	14	21.34	3.13757868427
138	15	20.94	3.27664462522
139	16	20.73	2.42014462378
140	15	22.21	2.84357169771
141	14	21.95	3.014548059
142	14	21.49	3.07732026283
143	14	21.26	2.89350997925
144	14	21.4	3.18119474412
145	14	20.97	2.97810342332
146	14	20.82	2.90991408808
147	14	20.86	3.21875752426
148	14	20.85	3.31775526524
149	14	21.1	3.03809150619
150	14	21.15	2.98789223367
151	14	21.51	2.91717328933
152	14	21.2	2.62678510731
153	16	21.5	2.9
154	16	21.49	2.56318161666
155	16	21.49	2.85830369275
156	16	21.8	2.75317997959
157	16	22.7	2.95803989155
158	16	22.25	2.63581107062
159	15	22.45	2.98119103715
160	15	22.15	3.05736814924
161	17	21.94	2.70857896322
162	15	22.26	2.66315602247
163	17	22.48	2.48789067284
164	16	22.74	2.89696392798
165	16	22.56	2.73247140882
166	16	22.68	2.9525582128
167	15	22.74	2.66690832238
168	15	22.56	2.87165457533
169	15	22.61	3.05252354618
170	14	22.31	3.2854071285
171	14	21.58	3.28383921653
172	14	21.25	2.95423424934
173	14	21.16	2.88693609212
174	13	21.33	2.74246239719
175	15	21.53	3.03794338328
176	14	21.04	2.82460616724
177	14	21.18	2.86139825959
178	16	21.39	3.02620224043
179	16	21.09	2.70959406554
180	16	21.28	2.67237721888
181	13	21.2	2.94618397253
182	13	21.58	2.97717987364
183	15	21.5	3.1
184	15	21.09	3.38258776678
185	13	20.46	3.29065343055
186	13	20.19	3.32474059138
187	13	19.78	2.9885782573
188	13	19.8	3.17490157328
189	13	19.5	2.9478805946
190	13	20.1	2.88963665536
191	13	19.87	3.21762334651
192	14	19.85	2.92361078121
193	12	19.7	2.9206163733
194	12	19.6	2.89136645896
195	14	19.75	2.91333142639
196	14	19.55	2.86836190185
197	14	19.56	2.98435922771
198	14	19.54	3.06078421324
199	14	19.53	3.09985483531
200	14	19.28	2.56935789644
201	14	19.82	2.77985611138
202	14	20.24	3.34699865551
203	13	19.68	3.09476978142
204	12	19.62	2.64113611917
205	12	19.93	2.98414141756
206	13	19.76	2.97361732575
207	13	20.2	3.07245829915
208	14	20.69	3.08446105503
209	13	20.91	3.40027940028
210	13	20.7	3.03809150619
211	13	20.7	3.22955105239
212	14	20.99	2.93085311812
213	13	21.08	3.13266659573
214	13	20.8	3.14642654451
215	13	20.53	3.19829642153
216	14	20.94	3.40534873398
217	12	20.72	3.2987270272
218	11	20.58	3.41520131178
219	12	20.02	3.2710243044
220	13	19.98	3.29842386603
221	13	20.35	3.06063718856
222	13	20.16	3.05195019619
223	14	20.28	2.77517567012
224	14	20.22	3.0284649577
225	12	20.1	2.86530975638
226	13	20.6	3.10805405358
227	12	20.05	3.20741328799
228	15	20.05	2.81202773813
229	12	20.64	2.99172191221
230	12	20.78	3.17987421135
231	15	20.91	3.12440394315
232	16	20.82	2.72169065105
233	12	20.59	3.14990476046
234	12	20.75	2.94745653064
235	12	20.95	3.51674565472
236	12	20.79	3.36836755714
237	12	20.47	3.21700170967
238	14	20.01	2.87921864401
239	12	20.84	3.22713495224
240	12	20.4	3.17804971641
241	11	20.05	3.65068486725
242	11	19.63	3.0972729941
243	11	20.15	3.37749907476
244	13	19.63	3.02210191754
245	14	19.78	3.10991961311
246	12	19.83	2.94297468559
247	12	19.72	3.24678302324
248	11	19.21	3.30543491843
249	11	18.99	2.79461983103
250	13	19.05	2.7726341266
251	14	19.68	3.11409697986
252	15	20.6	3.28024389337
253	12	20.92	3.18333158813
254	14	20.83	2.89501295334
255	14	21.16	3.51488264384
256	10	20.39	3.5746188608
257	10	19.97	3.50272750867
258	10	19.64	3.45982658525
259	14	19.51	2.70368267369
260	14	20.06	2.88728245934
261	13	19.91	3.32293544927
262	13	20.03	3.57618511825
263	11	19.5	3.1224989992
264	10	19.08	3.12947279905
265	10	18.97	3.57898030171
266	10	19.27	3.28589409446
267	13	19.68	2.76362081335
268	13	20.54	3.91770340889
269	11	20.58	3.99794947442
270	11	19.87	3.86433694183
271	10	19.61	3.53240711131
272	10	19.66	3.97547481441
273	10	19.46	3.06078421324
274	10	19.73	3.54923935513
275	10	19.9	3.36005952328
276	10	19.7	3.55949434611
277	10	19.89	3.6875330507
278	10	19.42	3.92983460212
279	8	17.92	3.61850797982
280	8	17.8	3.69323706252
281	8	17.32	4.00968826718
282	8	16.91	3.88611631324
283	8	16.48	3.4510288321
284	8	16.23	3.73324255842
285	8	16.46	3.59004178249
286	8	16.36	3.7323451073
287	8	15.65	3.51958804408
288	8	16.13	3.35754374506
289	8	16.63	3.14214894618
290	9	16.22	3.46288896732
291	9	16.4	3.46410161514
292	9	16.15	3.59548327767
293	7	16.09	3.52163314387
294	7	16.28	3.15936702521
295	7	16.38	3.40523126968
296	7	16.45	3.44492380177
297	7	15.85	3.1252999856
298	7	16.3	3.47131099154
299	7	16.87	3.81485255285
300	7	16.65	3.53659440705
1	51	60.57	3.65035614701
2	51	58.0	2.92916370318
3	50	55.94	2.85594117586
4	49	54.14	2.5180150913
5	46	52.65	2.60144190787
6	46	51.43	2.18748714282
7	47	50.51	2.11893841345
8	45	49.82	2.11366979446
9	43	49.06	2.52119019513
10	42	48.63	2.98213011118
11	40	47.61	2.87713399062
12	39	46.26	3.11967947071
13	39	44.63	2.2788374229
14	38	43.98	2.59607395888
15	38	43.0	2.14941852602
16	37	42.46	2.06601064857
17	37	41.72	2.04
18	37	41.4	2.07846096908
19	36	41.27	2.0729447653
20	35	40.91	2.24095961588
21	34	40.17	2.36666431925
22	34	39.79	2.2058785098
23	36	39.53	2.20660372518
24	34	39.09	2.33707081621
25	34	38.54	2.21097263665
26	34	38.01	2.42278765062
27	33	37.79	2.35497346057
28	33	37.48	1.93638839079
29	32	37.58	2.19626956451
30	30	37.22	2.30034779979
31	31	37.05	2.36378933071
32	32	37.24	2.32
33	32	36.78	2.30469086864
34	32	36.51	2.18401007324
35	32	36.18	2.41818113465
36	30	35.52	2.10466149297
37	30	35.59	2.38786515532
38	30	35.4	2.36643191324
39	30	34.99	2.30432202611
40	29	34.64	2.45161171477
41	28	34.59	2.64611035295
42	28	34.15	2.41816045787
43	27	33.77	2.66403828801
44	27	33.66	2.85734142167
45	26	32.78	2.6060698379
46	27	32.51	2.47586348574
47	27	32.15	2.24220873248
48	27	31.91	2.62333756882
49	27	31.5	2.2427661492
50	26	31.32	2.48949794135
51	26	31.07	2.17832504462
52	24	31.04	2.23123284307
53	24	31.1	2.72946881279
54	25	31.03	2.79805289442
55	26	30.68	2.58410526101
56	24	29.78	2.44777449942
57	24	29.94	2.5838730619
58	24	29.5	2.33452350599
59	23	29.0	2.48596057893
60	23	28.47	2.1608100333
61	23	28.03	2.5979030005
62	22	27.75	2.63201443765
63	22	27.13	2.55207758503
64	22	27.08	2.28770627485
65	22	27.18	2.58603944285
66	22	26.81	2.44415629615
67	22	26.35	2.43053492055
68	22	26.0	2.20907220344
69	22	25.47	2.14688145923
70	21	25.63	2.32660697154
71	21	25.32	2.33615068007
72	21	25.19	2.19406016326
73	21	25.15	2.32969955144
74	21	24.75	2.27321358433
75	21	24.84	2.46868385987
76	20	24.3	2.17485631709
77	20	24.3	2.48797106092
78	20	24.18	2.53527118865
79	20	23.76	2.30269407434
80	20	24.17	2.50621228151
81	20	23.8	2.50199920064
82	20	23.8	2.37486841741
83	19	23.42	2.32456447534
84	19	23.97	2.44317416489
85	20	23.95	2.51545224562
86	19	23.43	2.47489393712
87	20	23.65	2.31246621597
88	20	24.15	2.59759504157
89	19	23.65	2.38484800354
90	19	23.3	2.50399680511
91	19	23.28	2.4903011866
92	19	23.33	2.60405453092
93	19	22.88	2.31637648063
94	19	22.76	2.34571950582
95	19	22.91	2.40455817147
96	19	22.54	2.17448844559
97	19	22.63	2.35650164439
98	19	22.76	2.4088171371
99	19	22.9	2.44335834457
100	19	23.31	2.45639980459
101	19	23.04	2.63028515564
102	19	23.24	2.43359815911
103	19	23.3	2.62868788562
104	19	23.17	2.37509999789
105	18	23.04	2.55311574356
106	19	23.14	2.46178796812
107	19	23.12	2.25512749085
108	19	23.25	2.40987551546
109	19	23.19	2.42361300541
110	19	23.07	2.57392696089
111	19	22.86	2.31956892547
112	19	23.4	2.79284800875
113	19	23.01	2.46371670449
114	19	23.33	2.48215632062
115	19	23.2	2.4248711306
116	18	23.17	2.49020079512
117	18	23.66	2.74670711944
118	17	23.35	2.8788018341
119	17	23.27	2.82083321024
120	17	23.2	2.6495282599
121	17	22.75	2.33826859022
122	17	22.92	2.76289703029
123	18	23.01	2.58648410009
124	18	23.3	2.5079872408
125	19	23.4	2.31948270095
126	18	23.26	2.52831960005
127	18	23.84	2.66353149033
128	19	23.86	2.45772252299
129	17	24.08	2.78811764458
130	18	24.0	2.8
131	18	24.15	2.69953699734
132	18	24.11	2.40788288752
133	19	24.23	2.85956290366
134	19	24.18	2.93046071463
135	18	23.73	2.60712485317
136	19	23.98	2.81772958248
137	19	23.53	2.51577025978
138	19	23.84	2.66728326205
139	19	24.06	2.7525261125
140	18	24.17	2.61172356883
141	17	24.09	2.83582439513
142	18	24.03	2.62851669198
143	17	24.12	2.60491842483
144	18	24.2	2.66082693913
145	18	24.29	2.81174323152
146	17	24.21	2.65441142252
147	17	24.1	2.68141753556
148	19	24.26	2.59853805052
149	19	24.36	2.66653333
150	19	24.32	2.6977027264
151	19	24.07	2.80447856116
152	18	23.67	2.80376532542
153	19	23.63	2.34799914821
154	18	23.79	2.64686607141
155	17	23.71	2.62409984566
156	17	23.25	2.66598949735
157	17	23.19	2.73018314404
158	17	23.0	2.67955220139
159	17	23.12	2.89233469709
160	16	22.7	2.75862284483
161	16	22.56	2.68447387769
162	16	23.09	2.89515111868
163	16	22.81	2.7809890327
164	16	23.14	2.6907991378
165	16	23.6	2.92232783924
166	16	23.52	2.84773594281
167	16	23.01	3.1890280651
168	15	21.92	2.74838134181
169	15	22.53	3.11915052538
170	15	21.98	3.09509289037
171	13	21.2	3.15911379979
172	13	20.75	2.91333142639
173	13	21.27	3.2522453782
174	13	20.4	3.1336879232
175	13	20.11	3.20591640565
176	13	19.85	2.82267603525
177	14	20.05	2.7290108098
178	16	20.33	2.42509793617
179	15	21.33	2.74974544276
180	16	21.53	3.02144005401
181	14	21.4	2.81069386451
182	14	21.62	2.9420401085
183	14	21.56	2.97092578164
184	14	21.15	3.2569157189
185	14	21.95	3.32377797092
186	14	21.74	3.17685378952
187	16	21.81	2.99564684167
188	16	22.19	2.77018049953
189	16	22.07	3.05042619973
190	17	21.92	3.11345467287
191	17	21.62	2.68618688851
192	15	21.67	2.78228323504
193	15	21.47	3.09985483531
194	15	20.61	2.87713399062
195	16	20.72	2.5732469761
196	16	21.11	2.93903045238
197	16	21.02	2.6757428875
198	16	21.56	2.92342265162
199	15	21.47	2.84061613035
200	15	21.2	2.8
201	15	22.16	2.99573029494
202	15	21.92	3.07467071408
203	15	21.68	3.12691541299
204	15	21.41	3.0169355313
205	15	20.94	3.0259543949
206	15	21.17	3.04648978334
207	15	20.82	2.78345109531
208	15	21.04	2.97630643584
209	15	21.08	2.83436059809
210	14	21.43	2.95382802478
211	16	21.71	2.76150321383
212	17	22.16	3.03881555873
213	17	21.66	2.76123160926
214	14	21.62	2.77769688771
215	14	21.79	3.16637016156
216	15	21.5	2.85832118559
217	15	20.73	2.45705107802
218	15	21.48	3.0967079294
219	14	21.07	2.86445457286
220	14	21.39	3.06233570988
221	14	21.08	3.22701100091
222	14	20.69	2.86599023027
223	14	20.47	2.58632944537
224	14	20.86	3.00339807551
225	13	20.94	3.10747485911
226	13	20.72	3.51590671094
227	13	20.62	3.02912528628
228	14	20.74	3.18628310104
229	14	20.5	2.76224546339
230	14	20.56	3.04407621455
231	14	20.2	3.32565782966
232	13	19.94	2.9726082823
233	13	19.96	2.85629130167
234	13	20.25	3.30265045077
235	14	19.37	2.70796971918
236	14	20.02	2.84949118265
237	14	20.01	3.04465104733
238	14	20.16	2.79542483354
239	14	20.56	3.02430157226
240	13	20.07	3.02408663897
241	13	20.53	2.83356665706
242	14	20.61	2.82805586932
243	14	21.05	3.17608249263
244	12	20.86	3.18753823506
245	14	20.96	3.28609190377
246	14	20.72	3.54705511657
247	13	20.62	3.3549366611
248	12	20.4	3.19374388453
249	12	19.82	3.05738450313
250	12	19.99	3.43946216726
251	12	19.29	3.28418939771
252	12	19.42	3.36505572019
253	12	18.55	3.33579076082
254	12	18.77	3.30712866396
255	12	18.71	3.1122178587
256	12	18.92	2.86593789186
257	12	19.32	2.90819531669
258	12	19.88	3.08635707591
259	12	20.11	2.89446022602
260	12	19.86	3.07252339291
261	12	20.33	3.21886626004
262	14	20.44	2.92684130079
263	14	20.87	2.72270086495
264	14	21.41	3.09223220344
265	15	21.32	3.14286493506
266	13	21.03	3.01481342706
267	13	20.61	3.05252354618
268	13	20.72	2.93284844477
269	15	20.5	3.23264597505
270	13	19.75	3.1792294664
271	13	20.01	3.10964628214
272	13	20.06	3.31909626254
273	13	19.94	3.05882330317
274	14	19.74	2.80221341086
275	14	20.11	2.92880521715
276	14	19.97	2.8194148329
277	13	19.53	3.26941890861
278	14	19.49	2.94107123341
279	14	19.87	2.88671093115
280	13	20.15	3.22916397849
281	15	20.14	2.67215269025
282	13	19.83	3.04648978334
283	13	20.19	2.71180751529
284	14	20.6	2.88444102037
285	15	20.85	2.79419040153
286	14	20.87	2.94501273342
287	12	21.27	2.99618090242
288	12	21.25	3.13488436788
289	12	21.17	3.55824394892
290	12	20.28	3.77910042206
291	12	19.57	3.47060513456
292	12	19.1	3.38969025134
293	12	19.18	3.219875774
294	11	18.85	3.34776044543
295	13	18.65	2.90645832587
296	13	18.7	2.81247222209
297	12	19.58	2.91952050858
298	12	19.71	3.13462916467
299	12	19.7	2.69629375254
300	13	20.03	3.00484608591
1	51	60.9	3.93064880141
2	49	57.96	3.42613484848
3	48	55.58	3.08927175885
4	45	53.72	3.03341391834
5	47	51.81	2.43185114676
6	42	50.78	2.54393396141
7	43	50.07	2.31194723123
8	41	48.9	2.83019433962
9	42	47.67	2.72049627826
10	40	46.71	2.70294284068
11	38	45.79	2.47101193846
12	39	44.6	2.0591260282
13	37	43.84	2.25707775675
14	35	43.02	2.55335073971
15	35	41.85	2.45509673944
16	34	40.79	2.39288528768
17	34	40.04	2.33203773554
18	34	39.59	2.13117338572
19	33	39.23	2.23988839008
20	32	38.9	2.49198715888
21	33	38.38	2.20807608565
22	32	37.62	2.30121706929
23	32	37.23	2.23094150528
24	32	37.26	2.54801883823
25	32	36.6	2.64575131106
26	28	35.83	2.87769004585
27	28	35.14	2.60392012166
28	29	34.7	2.37276210354
29	29	34.52	2.70362719324
30	27	34.48	2.50391693153
31	28	33.88	2.40948127198
32	28	33.43	2.35055312639
33	28	33.01	2.19770334668
34	28	33.19	2.41120301924
35	26	32.85	2.53130401177
36	27	32.73	2.45297778221
37	26	32.54	2.51165284225
38	26	32.26	2.5044759931
39	25	31.86	2.77495945916
40	25	31.15	2.58215026674
41	25	30.9	2.77308492477
42	25	30.02	2.35788040409
43	22	29.87	2.59096507117
44	24	29.35	2.60528309402
45	23	29.27	2.41600910594
46	23	29.07	2.66553934505
47	22	28.68	3.1108841187
48	23	27.92	2.6102873405
49	22	27.59	2.46615084697
50	22	27.3	2.85832118559
51	20	27.13	3.15802153254
52	19	26.47	2.80875417223
53	19	26.14	2.99339272398
54	19	25.48	3.02813473941
55	19	25.11	2.87713399062
56	19	24.59	2.81103183902
57	18	24.89	2.66793927967
58	18	24.89	2.83511904512
59	18	24.59	2.66118394704
60	20	24.93	2.43415283004
61	20	25.39	2.41203233809
62	18	25.57	2.89915504932
63	18	24.69	2.61799541634
64	18	24.33	2.94976270232
65	16	23.96	3.21533824037
66	16	23.58	2.71727804981
67	16	23.49	2.87574338215
68	16	23.45	2.58988416729
69	17	23.98	3.06913668643
70	17	24.04	2.51761792177
71	17	24.21	2.72137832725
72	17	23.9	2.7
73	17	23.77	2.75265326549
74	14	23.04	3.14934913911
75	14	22.94	3.34311232237
76	16	22.2	3.05286750449
77	15	22.08	2.98221394269
78	14	21.42	3.1691639276
79	15	20.97	3.13194827543
80	15	20.62	2.67873104286
81	17	20.7	2.4269322199
82	16	21.14	2.58077507738
83	16	21.63	2.94161520257
84	16	21.36	2.389644325
85	14	21.63	2.91085897975
86	14	21.45	2.63201443765
87	14	21.45	3.21986024541
88	12	20.62	3.12339558814
89	13	20.37	3.01215869436
90	13	19.41	3.1115751638
91	13	18.9	2.80178514522
92	13	19.17	2.84272756345
93	13	19.98	3.20306103595
94	13	19.38	2.80991103062
95	13	19.6	2.79284800875
96	13	19.53	2.73662200532
97	14	20.08	2.79885690953
98	14	20.39	2.75642884907
99	14	20.03	3.00484608591
100	13	19.67	2.94297468559
101	13	19.7	2.86530975638
102	15	20.36	2.72587600598
103	15	20.24	2.69117074895
104	13	20.21	2.74333738355
105	13	20.71	3.10578492494
106	13	20.77	3.1649802527
107	14	19.67	2.66853892608
108	14	19.31	2.84146089187
109	14	19.43	2.54265609157
110	14	19.72	2.4903011866
111	13	19.88	3.35046265462
112	13	19.25	3.03108891325
113	13	18.95	2.7654113618
114	14	19.13	2.40688595492
115	14	19.78	2.52816138725
116	15	20.09	2.81813768294
117	15	20.13	2.83779844245
118	15	20.71	2.73237991502
119	15	20.58	2.86419273095
120	15	20.54	3.07707653463
121	15	19.87	2.80590448875
122	15	19.61	2.68661497055
123	15	19.98	2.79277639635
124	15	20.01	2.76222736211
125	15	19.83	2.69092920754
126	15	20.03	2.57081699076
127	15	20.6	2.69443871706
128	15	20.27	2.62242254414
129	15	20.25	2.56661255354
130	16	20.58	2.63886339169
131	16	21.06	2.71595287146
132	15	21.23	2.76714654473
133	15	21.29	2.81174323152
134	15	20.8	2.48596057893
135	15	21.18	2.43055549206
136	15	20.81	2.49677792364
137	15	21.19	2.62562373542
138	16	21.37	2.55599295774
139	16	21.75	2.64338797758
140	16	21.65	2.92361078121
141	15	21.48	3.0446017802
142	15	21.19	2.66718953207
143	16	21.34	2.35889804782
144	16	21.7	2.76224546339
145	16	21.57	2.69909244006
146	16	21.78	2.9885782573
147	16	21.54	2.85804128732
148	15	20.92	2.95526648545
149	16	20.82	2.61679192906
150	14	21.04	2.31049778186
151	14	20.79	2.3718979742
152	14	21.0	2.86705423737
153	16	21.0	2.61916017074
154	16	21.36	2.85839115588
155	16	20.84	2.68223787163
156	16	20.9	2.53574446662
157	16	20.88	2.90268840904
158	16	20.98	2.71285827127
159	16	21.35	2.61294852609
160	16	21.08	2.55217554255
161	16	20.98	2.5611716069
162	16	20.77	2.81017793031
163	15	20.75	2.50349755342
164	16	21.12	2.59722929292
165	15	20.95	2.61677282163
166	15	20.94	2.7525261125
167	15	21.27	2.57237244582
168	14	21.39	2.89791304217
169	14	20.95	2.73998175176
170	14	20.87	3.07784015179
171	16	20.77	2.78874523756
172	14	20.61	2.61493785777
173	15	20.43	2.70279484978
174	15	20.45	2.48746859277
175	16	20.75	2.65471279049
176	16	21.06	2.75978260013
177	15	21.47	2.73662200532
178	15	20.59	2.26316150551
179	16	21.3	2.7440845468
180	17	21.64	2.50007999872
181	18	21.73	2.1902282986
182	18	22.19	2.54045271556
183	18	22.11	2.75279857599
184	17	21.46	2.31698079405
185	17	21.99	2.68884733669
186	16	21.8	2.56904651573
187	17	21.83	2.31971981067
188	17	22.37	2.64066279559
189	17	22.09	2.70959406554
190	17	21.71	2.3845125288
191	17	21.73	2.57237244582
192	16	21.63	2.73003662979
193	16	21.59	2.57718839048
194	16	21.56	2.68074616478
195	16	21.57	2.65802558302
196	15	22.07	3.08951452497
197	15	21.05	2.65847700761
198	15	20.96	2.62648053486
199	15	21.06	2.5838730619
200	15	21.15	2.52339057619
201	15	21.0	2.74954541697
202	16	20.73	2.62242254414
203	16	20.72	2.82870995332
204	16	20.25	2.69953699734
205	15	20.29	2.46696169407
206	16	21.07	2.68795461271
207	15	20.86	2.73868581623
208	15	20.62	2.71212094126
209	15	20.59	2.8252256547
210	15	20.17	2.70205477369
211	14	20.16	2.65224433264
212	14	20.19	2.59497591511
213	14	19.79	2.69924063396
214	13	19.78	2.75528582909
215	13	19.47	2.69612685162
216	13	19.71	2.79390407853
217	15	19.61	2.62257507042
218	15	19.83	2.93617097595
219	14	19.86	2.82141808316
220	14	19.54	2.70340526004
221	14	19.83	3.01348635305
222	13	19.41	2.76439866879
223	13	19.84	2.91794448199
224	15	20.06	2.63370461518
225	15	20.04	2.54527012319
226	15	20.65	2.75454170417
227	15	20.38	2.49711833921
228	16	20.36	2.59044397739
229	15	20.07	2.35904641752
230	17	20.98	2.52578700606
231	16	21.15	2.59374246987
232	15	21.45	2.74727137356
233	15	21.92	2.9518807564
234	16	21.76	2.59661317874
235	16	21.71	2.39288528768
236	16	21.71	2.8889271365
237	16	21.55	2.99457843444
238	16	21.4	2.43310501212
239	16	21.88	2.97415534228
240	15	21.75	3.44782540161
241	15	20.68	3.02284634079
242	15	20.13	2.79519230108
243	15	20.19	2.80604704166
244	14	20.06	2.94217606543
245	14	20.04	2.87374320356
246	12	20.09	2.86040206964
247	14	20.16	2.82035458764
248	14	20.46	2.89627346775
249	14	20.99	2.94107123341
250	14	20.47	3.24485746991
251	13	20.0	3.46121365998
252	13	19.84	2.99906652144
253	14	19.54	2.71447969232
254	12	19.42	3.0304455118
255	14	19.33	2.75337974134
256	14	19.28	2.45389486327
257	14	19.84	2.65224433264
258	15	20.16	2.75942022896
259	14	19.82	2.88922134839
260	15	20.08	2.83436059809
261	15	19.37	2.61019156385
262	15	19.97	2.49581649966
263	14	20.18	2.91677904545
264	14	20.37	2.70796971918
265	15	20.35	3.1252999856
266	15	19.67	2.42097087963
267	15	20.03	2.47165936164
268	15	20.41	2.5616205808
269	15	20.69	2.79175571997
270	15	20.72	2.93625611962
271	15	20.44	2.87513477945
272	14	20.56	2.91657333184
273	13	19.95	2.77983812478
274	15	19.78	2.72976189438
275	16	20.01	2.7147559743
276	15	20.13	2.76642368411
277	14	19.99	2.65139585879
278	14	19.83	3.03333150183
279	14	19.87	2.84483742945
280	14	19.66	3.01403384188
281	14	19.26	2.74452181627
282	14	18.93	2.5070101715
283	15	19.69	2.8937691684
284	14	19.58	2.68395230956
285	15	19.91	2.78960570691
286	15	19.83	2.59636284059
287	14	20.31	2.91785880399
288	14	20.09	2.88130178912
289	14	20.09	2.64988679003
290	15	20.15	2.86487347016
291	15	19.98	2.95289688272
292	15	19.67	2.58091069198
293	14	19.74	2.94828763861
294	13	19.57	3.05042619973
295	14	19.46	2.89972412481
296	14	19.3	2.43926218353
297	15	20.17	2.63838966038
298	14	20.11	2.73822935489
299	14	20.44	2.84014084158
300	15	20.34	2.77568009684
1	51	61.1	3.7907782842
2	52	57.84	2.46868385987
3	48	55.98	2.73488573802
4	47	54.28	2.78237308785
5	46	52.72	2.65736711803
6	43	51.71	2.73968976346
7	43	50.27	3.02607005867
8	42	48.72	2.98690475242
9	41	47.25	2.47941525364
10	41	46.54	2.45934950749
11	40	45.6	2.59615099715
12	33	44.08	2.80242751913
13	34	42.45	2.50349755342
14	34	41.51	2.76584525959
15	34	40.23	2.19478928374
16	33	39.73	2.31885747729
17	32	39.02	2.28464439246
18	32	38.71	3.0308249702
19	33	37.95	2.53919278512
20	32	37.36	2.28263006201
21	30	36.67	2.73150141863
22	30	36.32	2.74546899454
23	28	35.78	2.71874971264
24	28	35.27	2.37846589212
25	28	35.15	2.84385302011
26	30	34.78	2.81275665496
27	26	33.73	2.44889771122
28	26	33.38	3.02582220231
29	25	32.83	3.11144660889
30	24	31.68	2.77084824557
31	24	31.54	3.37467035427
32	24	30.25	2.85438259524
33	22	29.84	2.97563438614
34	24	29.95	2.78702350187
35	22	29.32	2.63013307648
36	22	29.22	2.93795847486
37	21	28.34	2.82212685753
38	21	28.67	2.5770331779
39	22	28.45	2.78343313194
40	24	28.09	2.59651689769
41	22	27.85	2.7726341266
42	22	27.38	2.61067041198
43	22	27.18	2.87186350651
44	21	26.72	3.01024915912
45	19	26.32	2.79241830677
46	19	26.47	2.88948092224
47	17	26.34	2.72477522009
48	17	26.09	3.00697522437
49	18	25.97	2.98481155184
50	18	26.28	2.93284844477
51	17	25.73	3.13960188559
52	18	25.0	3.20312347561
53	18	24.79	2.98762447439
54	17	24.81	3.04530786621
55	19	24.42	2.70621506906
56	16	25.18	2.74728957338
57	16	25.3	2.91376045687
58	17	25.36	3.04473315744
59	17	25.07	3.02739161656
60	17	24.67	2.94297468559
61	17	24.07	2.76859169976
62	17	23.83	3.24670602303
63	15	23.24	3.34400956936
64	15	22.66	3.20692999612
65	14	22.13	2.74829037767
66	14	21.97	2.87560428432
67	14	21.91	3.13079862016
68	15	22.02	3.19993749939
69	16	21.78	2.7150690599
70	16	21.48	2.88263768101
71	16	21.53	3.02805217921
72	16	21.64	2.66278050166
73	15	21.5	3.07083050656
74	15	21.15	2.82267603525
75	16	21.54	2.76195582876
76	16	21.64	2.75143598872
77	16	21.54	2.84049291497
78	16	21.56	2.84717403753
79	15	21.52	2.85475042692
80	15	21.96	2.89108975993
81	14	21.66	2.72110271765
82	15	21.26	2.86921592077
83	15	21.67	2.9632920882
84	14	21.56	2.99773247639
85	16	21.56	2.90626908596
86	16	20.93	2.86445457286
87	16	21.02	2.7820136592
88	15	21.25	2.90645832587
89	15	21.52	2.84070413806
90	15	22.09	3.20965730258
91	15	21.77	2.77436479216
92	16	22.33	2.99684834451
93	15	21.97	2.72196620111
94	16	22.97	2.78372053195
95	15	23.27	2.94569176935
96	16	23.33	3.03003300312
97	15	23.27	3.43177796485
98	15	22.79	3.41260897262
99	14	21.67	3.28345854245
100	14	21.72	3.0986448651
101	15	22.19	2.79891050232
102	15	21.76	2.90213714355
103	14	22.03	2.93753297854
104	14	22.13	3.45443193593
105	9	20.65	3.54224505081
106	12	20.53	3.16687543171
107	13	20.39	2.72358219997
108	9	20.25	3.08342342211
109	9	20.56	3.26900596512
110	9	20.32	3.48103432905
111	13	19.54	2.98804283771
112	12	19.38	3.17420856278
113	11	19.41	3.47877852126
114	11	19.0	3.6551333765
115	9	18.35	3.32076798346
116	9	18.76	3.153157148
117	12	18.95	3.29355431107
118	12	19.02	3.44667956155
119	12	18.43	3.17885199404
120	12	18.77	3.33423154565
121	12	18.83	3.11786786122
122	12	19.02	3.58881596073
123	12	18.91	3.43538935202
124	9	18.7	3.23573793747
125	12	18.94	3.12352365126
126	12	18.41	3.44120618388
127	13	18.45	2.75816968296
128	13	18.25	2.87184609615
129	12	17.81	3.10385244495
130	11	18.1	3.1224989992
131	10	18.37	3.12299535703
132	10	18.46	3.2570538835
133	10	17.87	2.96194193056
134	9	18.11	3.74137675195
135	10	17.63	3.57394739749
136	7	18.0	3.27719392163
137	10	17.86	2.90867667505
138	10	17.99	3.30603992716
139	10	18.12	3.27194131977
140	11	18.47	3.09016180806
141	11	18.99	3.21401617918
142	11	18.71	3.52220101641
143	12	18.46	3.25398217573
144	12	18.85	3.10926036221
145	12	18.68	2.65284752672
146	13	19.49	2.84778861575
147	13	19.91	3.00031664996
148	13	20.29	2.84708622981
149	10	20.68	3.20898737922
150	10	21.1	3.98873413504
151	10	20.29	3.92248645632
152	12	19.54	3.29672564828
153	10	19.31	3.2455970175
154	11	19.48	3.18584368731
155	14	19.89	3.07211653425
156	13	20.21	3.05383365624
157	13	20.17	3.11465888983
158	14	20.63	2.93480834127
159	14	21.2	2.82488937837
160	12	21.2	3.18433666562
161	13	21.6	3.29545141066
162	14	21.31	3.12312343656
163	14	21.62	3.30992447044
164	11	21.35	3.0899029111
165	11	21.35	3.27528624703
166	11	20.32	3.10122556419
167	11	20.61	3.19967185818
168	11	20.66	3.33532607102
169	14	20.3	3.33916157141
170	14	20.64	2.94794843917
171	11	20.45	3.204293994
172	13	20.42	2.98053686439
173	12	20.49	3.51424245037
174	12	19.72	3.38845097353
175	12	19.64	3.59310450725
176	12	19.63	3.19579411102
177	14	19.93	2.92661920994
178	12	20.38	3.10090309426
179	13	20.71	3.3205270666
180	13	20.01	2.93085311812
181	14	20.57	2.51894819319
182	15	20.86	2.76050719977
183	15	21.24	3.12448395739
184	13	20.92	3.36059518538
185	11	20.45	3.43620430126
186	11	20.41	3.5442770772
187	11	20.23	3.41424955151
188	11	20.19	3.18651847633
189	11	19.75	3.2630507198
190	11	19.81	2.96882131493
191	11	20.29	3.14418510905
192	13	20.87	3.18325305309
193	13	20.91	3.19404132722
194	15	21.32	3.19023510105
195	13	21.19	2.98561551443
196	15	21.25	2.76179289593
197	13	21.02	2.97650802115
198	12	21.11	3.37311428801
199	12	20.77	3.44050868332
200	12	20.48	3.28475265431
201	11	20.22	3.54282373256
202	11	19.36	3.21409396253
203	11	19.95	3.2630507198
204	11	19.75	3.47095087836
205	12	19.0	3.27719392163
206	13	19.37	2.71534528191
207	13	19.54	3.07707653463
208	13	19.26	2.98536429938
209	13	19.9	2.53574446662
210	13	20.55	3.33579076082
211	13	19.84	3.18973353119
212	13	19.82	2.91334858882
213	14	19.69	2.7881714438
214	14	20.43	2.79733802033
215	14	20.04	3.1206409598
216	14	20.15	2.74362898366
217	13	20.87	3.11016076755
218	14	20.75	2.82621655221
219	13	20.85	3.21986024541
220	12	20.41	2.73164785432
221	15	20.86	2.94625185617
222	15	21.11	2.73822935489
223	16	21.2	2.91890390387
224	14	20.6	2.99666481275
225	14	20.6	3.1496031496
226	15	20.6	2.82488937837
227	12	20.8	2.94957624075
228	12	21.01	3.30301377533
229	12	21.57	3.57002801109
230	12	20.98	3.36743225619
231	12	20.43	3.88137862106
232	10	19.69	3.85407576469
233	12	19.49	3.07081422427
234	12	19.56	3.2009998438
235	12	19.41	3.27443124832
236	12	19.27	3.22135064841
237	12	19.25	3.3567096985
238	12	19.33	3.059591476
239	12	19.46	3.0509670598
240	12	19.59	2.84638367055
241	12	20.14	3.24659821968
242	12	19.47	3.17948108974
243	11	19.94	3.27969510778
244	11	19.78	3.38402127653
245	13	19.92	3.1989998437
246	13	20.04	2.9560784834
247	10	19.84	3.15505942892
248	10	19.41	3.38258776678
249	11	19.17	3.30773336289
250	10	19.22	3.08084404019
251	12	19.59	3.1115751638
252	14	19.79	2.85760389137
253	13	20.32	3.26459798444
254	13	20.25	3.15079355084
255	13	20.51	3.11607124437
256	13	20.16	3.27328581092
257	10	20.24	3.2221731797
258	10	19.62	3.17420856278
259	10	19.69	3.58802173906
260	10	18.67	3.47002881832
261	10	17.94	3.29490515797
262	10	17.45	3.17608249263
263	6	17.81	3.13590497305
264	10	18.11	3.4435301654
265	10	18.11	3.40556896862
266	9	17.73	3.6955513797
267	11	17.96	3.58027931871
268	12	18.1	2.94448637287
269	11	18.76	3.37081592497
270	9	18.86	3.36160675868
271	9	18.79	3.34453285228
272	9	18.59	3.68807537884
273	9	18.58	3.2192545721
274	9	18.65	3.64245796132
275	9	18.83	3.4294460194
276	11	18.32	3.08830050351
277	12	18.68	2.98958191057
278	12	19.47	3.31498114625
279	13	19.32	3.11730652968
280	11	19.66	3.19130067527
281	10	19.92	3.75414437655
282	13	20.37	3.36646699078
283	14	20.62	3.53773939119
284	10	20.54	3.46819837956
285	14	20.79	3.22891622685
286	11	20.39	3.66577413379
287	11	19.87	3.53738604057
288	11	19.23	3.44341400357
289	11	19.21	3.31148003165
290	11	19.33	3.53286003119
291	9	18.56	3.43021865192
292	9	18.6	3.66878726557
293	11	18.7	3.29696830437
294	11	18.54	3.55364601501
295	11	18.11	3.36123489212
296	9	18.06	3.11069124151
297	9	17.94	3.35505588627
298	9	18.04	3.6794564816
299	9	17.42	3.69372440769
300	10	17.41	3.23448604882
1	52	61.21	3.39498159052
2	50	57.99	2.72211314974
3	50	55.58	2.29425369129
4	50	54.38	2.15304435625
5	47	53.21	2.27725712207
6	47	52.01	2.38953970463
7	45	50.45	2.32109887769
8	43	49.03	2.19752133095
9	42	48.15	2.29945645751
10	41	47.11	2.45721386941
11	40	45.96	2.20417785126
12	39	44.79	2.4831230336
13	39	43.98	2.40823586885
14	37	43.33	2.49821936587
15	37	42.46	2.61694478352
16	36	41.52	2.38109218637
17	33	41.05	2.54312799521
18	31	40.16	2.84506590433
19	34	39.29	2.70663998345
20	33	38.02	2.33229500707
21	31	37.08	2.45226425982
22	32	36.68	2.2489108475
23	31	36.34	2.12706370379
24	27	35.81	2.62942959594
25	27	35.36	2.40632499883
26	30	35.21	2.6317104704
27	29	34.86	2.57689735923
28	29	34.66	2.32903413457
29	30	34.02	2.6152628931
30	30	33.59	2.04985365331
31	28	33.19	2.11988207219
32	28	33.06	2.40757139043
33	27	32.61	2.73091559738
34	27	32.38	2.4567458151
35	27	31.83	2.16358498793
36	27	31.54	2.37663627844
37	27	31.28	2.39616360042
38	26	31.42	2.37562623323
39	25	30.87	2.56380576487
40	24	30.78	2.42313846076
41	24	30.48	2.56312309498
42	24	29.89	2.35751988327
43	26	30.27	2.49741866734
44	26	29.89	2.32763828805
45	26	29.84	2.61426854015
46	24	29.1	2.36854385647
47	25	28.92	2.23463643575
48	24	28.72	2.35830447568
49	24	28.54	2.39340761259
50	24	28.7	2.3769728648
51	22	28.34	2.61235525915
52	21	27.7	2.64386081328
53	21	27.58	2.71727804981
54	18	26.99	2.57097257862
55	21	27.12	2.74328270508
56	18	26.94	2.84190077237
57	17	26.41	3.34094298066
58	19	25.91	2.95328630512
59	19	26.01	2.96477655145
60	18	25.32	3.08506077736
61	18	24.91	3.11478731216
62	18	24.46	2.58232453421
63	17	23.56	2.97092578164
64	17	23.79	2.92333713417
65	17	23.4	2.75680975042
66	16	23.28	2.98020133548
67	16	22.58	2.73195900408
68	16	22.76	2.68372874933
69	17	22.52	2.43507700084
70	17	23.22	2.75165404802
71	18	23.58	2.40074988285
72	18	24.01	2.79103923297
73	19	24.48	2.69250812441
74	16	24.11	2.56083970603
75	16	24.22	2.98523030937
76	18	24.5	2.93768616431
77	19	24.22	2.72976189438
78	19	24.57	3.16940057424
79	19	24.02	2.80706252157
80	17	23.94	3.04571830608
81	17	23.33	2.78587508693
82	17	23.72	2.66488273663
83	17	23.61	2.94582755775
84	17	23.6	3.02985148151
85	16	23.11	2.99964997958
86	16	23.37	3.01547674506
87	17	23.42	2.86419273095
88	17	23.67	2.82508406955
89	18	23.42	2.59684423869
90	18	23.54	2.86851878153
91	17	23.48	3.06750713121
92	18	23.57	2.69167234262
93	17	22.97	2.8194148329
94	19	23.17	2.63079835791
95	18	23.48	2.61717404847
96	17	23.03	2.40189508514
97	17	23.26	2.87617801953
98	17	23.52	2.99826616564
99	17	23.57	3.17570464622
100	16	23.61	3.23386765345
101	16	22.96	3.1206409598
102	16	22.69	2.94175117914
103	16	22.52	2.64378516525
104	16	22.95	2.63960224276
105	15	22.93	3.22569372384
106	16	22.72	2.88471835714
107	15	22.61	2.71990808668
108	15	22.55	2.98789223367
109	15	21.79	2.97756612017
110	16	22.07	2.68423173366
111	16	21.66	3.36814489
112	13	21.51	3.22333678042
113	14	21.74	3.20193691381
114	14	21.83	2.81799574166
115	15	22.12	2.82233945513
116	16	22.29	2.98092267595
117	15	22.1	3.40147027034
118	14	21.31	2.96882131493
119	16	21.42	2.84316724798
120	15	21.05	3.2011716605
121	16	20.98	3.00991694238
122	13	20.92	2.85895085652
123	13	20.76	3.26226914892
124	13	20.75	3.15713477698
125	13	21.14	2.9900501668
126	13	21.26	2.94149621791
127	13	20.98	3.33160621923
128	13	21.02	3.1495396489
129	13	20.47	3.0804382805
130	13	20.88	2.84703354388
131	13	21.39	3.25236836782
132	13	20.88	3.47067716736
133	9	20.46	3.27236917233
134	13	20.14	3.2833519458
135	13	20.67	3.08886710624
136	11	20.42	3.44145318143
137	12	20.77	3.16813825456
138	13	21.56	3.09295974756
139	14	21.85	3.18551408724
140	16	22.08	3.17389350798
141	15	22.24	2.898689359
142	11	22.64	3.64285602241
143	14	22.37	3.28224008872
144	14	22.52	3.12563593529
145	15	22.7	3.18590646441
146	14	23.14	3.59449579218
147	14	22.82	3.31173670451
148	14	22.6	3.24345494805
149	14	22.45	3.4420197559
150	16	22.64	3.31517722
151	16	21.68	2.72352712489
152	14	21.81	2.98561551443
153	14	21.94	3.18377134857
154	14	22.17	3.4294460194
155	13	21.55	3.68340874734
156	14	21.44	3.00439677806
157	13	21.47	3.2846765442
158	13	20.98	3.13681366995
159	14	20.96	2.79971427114
160	16	22.06	2.92854912883
161	17	22.33	2.48618181153
162	13	22.71	2.94379007404
163	16	22.31	3.44585257955
164	15	21.92	3.1262757396
165	12	21.96	3.39682204421
166	13	21.68	3.23072747226
167	15	21.67	2.83568333916
168	15	22.33	2.76063398516
169	15	22.8	3.28329103188
170	15	22.64	3.09360630979
171	15	22.35	3.1124748995
172	12	22.29	3.32954951908
173	15	21.94	3.13630355674
174	13	22.02	3.0264831075
175	15	21.91	3.12760291597
176	15	21.48	3.46260017906
177	14	20.87	3.38128673732
178	12	20.31	3.05186828025
179	13	20.44	3.14426461991
180	12	20.33	2.73515995876
181	12	20.79	3.29331140344
182	11	20.72	3.47873540241
183	11	20.53	3.38660597058
184	11	20.65	3.38341543414
185	12	20.87	3.20516770232
186	14	21.0	3.08220700148
187	12	20.79	3.07667027808
188	16	21.24	2.32
189	13	21.25	2.87532606847
190	13	21.75	3.27223165439
191	14	21.34	3.04374768994
192	15	21.85	2.95423424934
193	16	22.11	3.04596454346
194	14	21.54	3.17937100698
195	14	21.67	3.05632131819
196	14	21.76	3.07610142876
197	14	22.45	3.21986024541
198	13	22.23	3.06546896902
199	15	22.24	3.14362847678
200	16	22.25	3.08342342211
201	15	22.33	2.91223282036
202	15	21.95	2.55098020376
203	14	22.61	3.13972928769
204	14	22.9	3.16701752442
205	16	22.74	3.40769716964
206	16	22.64	3.25736089496
207	14	22.29	3.27504198446
208	14	22.31	3.41670894283
209	16	21.83	2.96666479401
210	14	21.89	3.22767718336
211	14	21.94	3.16170839895
212	14	21.54	2.92034244567
213	14	21.93	3.22569372384
214	15	21.99	3.25113826221
215	16	21.68	2.92533758736
216	15	21.77	3.18073890786
217	12	20.7	3.1064449134
218	12	20.28	3.04
219	14	20.11	3.08834907353
220	13	20.38	3.22732087032
221	13	20.22	3.27285807819
222	13	20.4	3.18433666562
223	12	20.72	3.36178524002
224	13	20.26	3.20505850181
225	13	19.75	3.3567096985
226	10	19.5	2.98496231132
227	14	20.18	3.2322747408
228	14	20.35	2.99123720223
229	13	21.06	3.13630355674
230	13	21.01	2.84778861575
231	13	21.67	2.86026222574
232	14	21.93	3.19454222073
233	14	21.39	2.79962497489
234	14	21.52	3.34807407325
235	12	21.12	3.31143473437
236	12	21.32	3.41139267749
237	12	21.14	3.37051924783
238	13	21.22	3.52584741587
239	15	21.17	3.24670602303
240	15	20.51	3.07081422427
241	11	20.75	3.2538438807
242	13	20.64	2.91382909588
243	13	20.73	3.11401669873
244	13	20.82	3.0278044851
245	10	20.7	3.39263909074
246	10	20.5	3.27261363439
247	10	19.56	3.22589522458
248	10	20.01	3.10320801752
249	12	20.32	3.23382126903
250	12	20.02	3.34059874873
251	12	20.32	2.97281011839
252	12	20.41	3.61689093007
253	12	20.18	3.54508109921
254	12	19.35	2.98119103715
255	12	20.28	3.01688581156
256	12	20.3	3.26955654485
257	8	20.03	3.55374450404
258	10	19.63	3.47175748001
259	11	18.6	3.41174442185
260	12	18.72	3.19086195251
261	13	19.12	3.02747419477
262	11	19.7	3.18590646441
263	14	19.87	3.08108747036
264	11	20.0	3.25269119346
265	11	20.31	3.23634052596
266	10	20.09	3.44701319986
267	10	19.75	3.55914315531
268	11	19.07	3.50786259708
269	11	18.63	3.57114827472
270	10	18.16	3.33382663017
271	10	18.56	3.3356258783
272	10	18.83	3.2126468838
273	10	19.54	3.34490657568
274	10	19.61	3.47244870372
275	7	19.31	3.79919728364
276	11	19.17	3.74981332869
277	11	18.88	3.62844319233
278	9	17.99	3.66468279664
279	9	17.6	3.64142829121
280	9	17.63	3.49758488103
281	8	17.92	3.46606405019
282	11	17.92	3.05509410657
283	11	18.15	3.03768003582
284	11	18.15	3.22916397849
285	11	18.3	3.11608729018
286	11	18.32	3.45218771216
287	11	18.89	3.19028211919
288	11	18.68	3.3041791719
289	11	18.29	3.12504399969
290	11	18.62	3.06522429848
291	11	18.94	3.26441418941
292	11	19.29	3.42138860698
293	11	19.34	3.45027535133
294	11	19.84	3.07805133161
295	12	19.28	3.02350789647
296	15	19.89	2.79605078638
297	9	19.78	2.85860105646
298	13	20.41	3.32894878302
299	14	20.16	2.98569924808
300	14	19.71	3.22271624565
