100 40 20 0.8 17
1	66	72.51	2.66643957366
2	61	70.46	2.36397969534
3	62	69.19	2.40289408839
4	61	67.89	2.86668798442
5	59	66.82	3.28444820328
6	58	65.14	2.67589237452
7	58	64.51	3.00497920126
8	57	63.38	2.85229731971
9	56	61.91	2.78601866469
10	55	61.05	2.53130401177
11	55	60.11	2.4531408439
12	54	59.66	2.70266535109
13	54	58.34	2.06987922353
14	52	57.46	2.22899080303
15	52	57.0	2.10713075057
16	51	56.67	2.31971981067
17	52	56.16	1.94792196969
18	51	55.72	2.30685933685
19	49	55.36	2.53187677425
20	51	54.38	1.99389066902
21	50	53.73	1.80474374912
22	48	53.23	1.87539329209
23	48	52.71	2.16006944333
24	48	52.25	1.8459414942
25	47	51.73	1.95374000317
26	47	51.55	2.22429764195
27	47	51.46	2.09485083001
28	47	50.89	1.61180023576
29	45	50.87	1.93729192431
30	45	50.29	2.03123115376
31	45	49.67	1.99025124042
32	45	49.56	2.29921725811
33	45	48.96	1.84889155983
34	45	49.1	1.92093727123
35	44	48.71	1.90417961338
36	44	48.39	2.13023472885
37	45	48.01	1.81931305717
38	45	48.14	1.80565777488
39	44	47.9	1.95703857908
40	44	47.64	2.10485153871
41	41	47.37	2.10073796557
42	42	46.88	2.12734576409
43	42	46.55	2.0560885195
44	41	46.07	2.38014705428
45	42	46.2	2.15406592285
46	41	45.63	2.31367672764
47	40	44.88	2.18760142622
48	39	44.14	2.24953328493
49	39	43.98	2.21801713249
50	39	43.95	2.43464576479
51	39	43.57	2.22825043476
52	38	43.09	1.87667258732
53	37	43.23	2.15803151043
54	35	43.6	2.513961018
55	35	43.03	2.18840124292
56	36	42.63	2.45623695925
57	38	42.49	2.24719825561
58	37	41.93	2.27708146539
59	35	41.58	2.3502340309
60	36	41.34	2.32043099445
61	37	41.43	2.61248923443
62	35	40.84	2.13410402746
63	35	40.7	2.18403296678
64	34	40.36	2.24285532302
65	36	40.73	2.31454099121
66	36	40.5	2.33452350599
67	36	40.31	2.07217277272
68	35	40.53	2.30414843272
69	35	40.07	2.25057770361
70	35	39.7	2.32594066992
71	35	39.14	2.28043855431
72	34	39.59	2.43760127995
73	33	38.75	2.29510348351
74	34	38.53	2.17004608246
75	35	38.5	2.09045449604
76	33	38.77	2.49741866734
77	31	38.24	2.59275914809
78	31	38.19	2.81671794825
79	31	37.54	2.36820607211
80	30	36.94	2.27077079425
81	30	37.42	2.78632374286
82	30	36.99	3.02818427445
83	30	36.0	2.46170672502
84	30	35.88	2.38444962203
85	30	36.09	2.63854126365
86	30	35.66	2.70636287293
87	30	35.68	2.46121921007
88	30	35.65	2.4753787589
89	30	35.27	2.44889771122
90	30	35.09	2.63854126365
91	30	34.94	2.23973212684
92	30	35.37	2.4521623111
93	30	35.17	2.76786921656
94	30	35.18	2.68096997372
95	28	35.05	2.41816045787
96	28	34.76	2.85348909232
97	28	34.73	2.56458573653
98	28	34.47	2.590193043
99	27	34.27	2.80305190819
100	27	33.72	2.77877670927
101	28	33.54	2.75470506588
102	26	32.93	2.76859169976
103	26	32.17	2.72416959824
104	26	32.16	2.88693609212
105	27	32.03	3.09662719745
106	25	31.48	2.8964806231
107	26	31.68	2.79599713877
108	26	31.35	2.45102019576
109	27	31.06	2.3358938332
110	27	31.43	2.75410602556
111	26	31.39	2.7853007019
112	25	31.68	2.75274408545
113	25	31.95	2.53130401177
114	25	31.87	2.48054429511
115	26	31.88	2.45878018538
116	26	32.15	2.63201443765
117	26	31.71	2.60881199016
118	26	31.63	2.83779844245
119	26	31.29	2.5309879494
120	25	31.35	2.99457843444
121	25	31.01	2.4555854699
122	26	31.42	2.60837113924
123	26	31.13	2.83074195221
124	25	30.78	2.49631728753
125	26	31.38	2.5329034723
126	26	31.19	2.55223431526
127	25	30.85	2.69953699734
128	25	30.47	2.28672254548
129	26	30.62	2.31853401959
130	26	30.56	2.29486383038
131	26	30.61	2.34476011566
132	25	30.9	2.55929677841
133	25	30.49	2.4555854699
134	26	30.18	2.4428671679
135	25	30.2	2.53771550809
136	26	29.87	2.35650164439
137	25	30.3	2.64007575649
138	25	30.04	2.90833285578
139	25	29.9	2.33880311271
140	25	30.56	2.43852414382
141	25	30.84	2.61044057584
142	25	30.67	2.65350711324
143	25	30.38	2.24846614384
144	25	30.52	2.35151015307
145	25	30.62	2.55648195769
146	26	30.66	2.42577822564
147	26	30.53	2.58632944537
148	25	30.9	2.36854385647
149	26	31.36	2.6401515108
150	26	31.18	2.37646796738
151	26	31.49	2.45965444728
152	26	32.09	2.70590095902
153	26	32.13	2.49260907485
154	25	32.17	2.91909232468
155	25	32.28	2.74983635877
156	25	32.19	3.17394076819
157	27	32.43	2.70279484978
158	24	32.36	2.5120509549
159	24	32.02	2.70177719289
160	27	32.0	2.46576560119
161	26	31.56	2.76882646621
162	27	31.84	2.68223787163
163	27	31.93	2.59713303471
164	25	32.18	2.60913778862
165	25	32.08	2.60261407051
166	25	32.45	2.94406182
167	25	32.02	2.73488573802
168	25	31.52	2.85825121359
169	24	31.19	2.96207697402
170	24	31.27	2.93548973768
171	24	30.76	3.12448395739
172	24	30.46	2.96452357049
173	24	30.05	2.51147367097
174	25	30.14	2.5180150913
175	23	30.12	2.58951732954
176	22	29.62	2.84176001802
177	24	29.32	2.70140704078
178	24	29.34	2.77928048243
179	24	28.99	2.43513859975
180	23	28.95	2.77623846238
181	23	28.42	2.77553598427
182	23	28.28	2.39616360042
183	23	28.86	2.67589237452
184	24	28.97	2.61325467569
185	24	28.51	2.40206161453
186	24	28.64	2.46381817511
187	24	28.54	2.40590939148
188	24	28.21	2.54674301805
189	22	28.2	2.88444102037
190	23	28.06	2.61082362484
191	23	28.13	2.69315799759
192	23	27.6	2.74590604355
193	23	27.46	2.51563113353
194	22	26.99	2.5787400024
195	22	26.7	2.32163735325
196	21	26.69	2.72284777393
197	21	26.82	2.72902913139
198	21	26.59	2.63854126365
199	22	26.57	2.8328607449
200	22	26.15	2.45916652547
201	22	26.79	2.54674301805
202	22	26.39	2.3319305307
203	22	26.72	2.78237308785
204	22	26.85	2.5860201082
205	21	26.78	2.40657432879
206	22	27.15	2.68095132369
207	22	27.03	2.84413431469
208	22	26.55	2.51942453747
209	22	26.91	2.65742356428
210	22	26.81	2.61417290935
211	22	26.68	2.39949994791
212	22	26.86	2.70562377281
213	22	27.58	2.84668227943
214	22	27.13	2.57936038583
215	22	27.49	2.97823773396
216	22	27.65	2.41816045787
217	23	28.11	2.46128015472
218	23	28.28	2.7205881717
219	22	28.46	2.44303090443
220	24	28.06	2.52911051558
221	23	28.14	2.4249536078
222	23	27.83	2.23183780773
223	22	28.73	2.74901800649
224	23	28.7	2.85832118559
225	22	28.1	2.84077454227
226	22	27.74	2.96856867867
227	23	27.49	2.62104940816
228	23	27.01	2.49997999992
229	22	27.24	2.6310454196
230	22	27.38	2.4567458151
231	22	27.65	2.84033448734
232	23	27.46	2.50766823962
233	23	27.05	2.43053492055
234	23	27.13	2.35650164439
235	23	27.44	2.53897617161
236	23	27.43	2.7175540473
237	23	27.9	2.51594912508
238	23	27.68	2.40366387001
239	23	27.86	2.71668916146
240	23	27.87	2.57159483589
241	24	27.98	2.64567571709
242	23	28.36	2.87583031488
243	23	28.3	2.66270539114
244	23	28.2	2.45764114549
245	23	28.49	2.72578429081
246	23	28.02	2.48989959637
247	23	28.06	2.53700610957
248	23	27.99	2.4555854699
249	23	28.35	2.64338797758
250	23	28.43	2.8749086942
251	23	28.38	2.72682966098
252	23	28.53	2.45949181743
253	23	28.96	3.18094325633
254	22	28.32	2.43261176516
255	23	29.0	2.97657521323
256	23	28.96	2.86677519174
257	23	28.71	2.86808298346
258	24	28.7	2.97153159162
259	22	28.31	2.58725723499
260	24	28.61	2.78170810834
261	24	28.84	2.71189970316
262	24	28.68	2.61105342726
263	24	29.17	2.66478892222
264	24	29.07	2.44235542049
265	24	29.56	2.75797026815
266	24	29.51	2.81600781249
267	24	29.29	2.55066657954
268	24	29.31	2.73749885845
269	22	29.54	2.83344313513
270	24	29.62	2.59915370842
271	24	29.62	2.6297528401
272	24	29.83	2.97003366984
273	24	29.68	2.52934774201
274	24	30.12	3.0042636369
275	24	30.4	2.7276363394
276	24	30.15	2.73267268439
277	24	30.27	2.7959077238
278	25	29.96	2.76738143377
279	24	29.89	2.83511904512
280	23	29.66	2.80078560408
281	24	30.0	2.6
282	23	30.13	2.8970847416
283	25	30.34	2.60852448714
284	24	30.14	2.5535073918
285	25	30.43	2.49100381373
286	25	31.0	2.78208554865
287	25	30.81	3.10385244495
288	23	30.63	3.11337437518
289	25	30.08	2.65586144217
290	24	30.06	3.05227783794
291	24	29.87	2.50061992314
292	22	29.8	2.89136645896
293	22	29.8	2.95634909982
294	23	29.93	3.3053139034
295	23	29.37	2.71166000819
296	23	29.41	2.54202675045
297	22	29.28	2.43753974327
298	25	30.03	2.78012589643
299	24	30.08	2.84492530658
300	22	29.9	2.64007575649
1	63	72.35	3.15713477698
2	64	69.51	2.25164384395
3	63	68.34	2.21006787226
4	62	67.35	2.41816045787
5	60	65.59	2.3069243594
6	59	64.98	2.54943130914
7	58	63.92	2.59876893932
8	58	63.21	2.51513419125
9	58	62.83	2.61554965543
10	55	62.07	2.62013358438
11	55	61.32	2.79957139577
12	53	60.52	2.4838679514
13	51	59.57	2.76859169976
14	51	58.49	3.23263050781
15	50	57.12	2.79742738958
16	49	56.01	2.75497731388
17	47	54.45	2.33826859022
18	47	53.52	2.30859264488
19	47	52.87	2.41103712124
20	46	52.09	2.22753226688
21	44	51.53	2.48376729989
22	44	50.42	2.23239781401
23	43	49.76	2.44589451939
24	43	48.89	2.78888866755
25	42	47.48	2.50391693153
26	42	46.41	2.11704983409
27	41	45.99	2.03221553975
28	42	45.86	2.19554093562
29	42	45.66	1.88265769592
30	41	45.31	2.15264953023
31	41	45.31	1.95803472901
32	41	45.18	2.25557088117
33	40	44.97	2.33433073921
34	40	44.9	2.21585198062
35	40	44.18	2.16046291336
36	39	43.84	1.91164850326
37	40	44.13	2.31367672764
38	39	44.13	2.2389953104
39	38	44.29	2.51115511269
40	38	43.79	2.38870257671
41	37	43.36	2.42289083535
42	37	42.95	2.47941525364
43	38	42.77	2.41600910594
44	38	42.58	2.36719242986
45	38	42.58	2.33743449106
46	38	42.59	2.47828569782
47	37	42.36	2.14718420262
48	37	42.25	2.27321358433
49	37	41.95	2.2287889088
50	36	41.35	2.16043977005
51	37	41.16	2.36524840133
52	37	41.49	2.34305356319
53	35	41.07	2.21022623276
54	35	41.02	2.51388146101
55	34	41.13	2.62547138625
56	34	40.77	2.41186649713
57	33	40.54	2.40174936244
58	35	40.57	2.60865865916
59	34	40.1	2.62868788562
60	35	40.01	2.61723136157
61	35	39.51	2.17942653008
62	34	39.76	2.56561883373
63	34	39.5	2.46779253585
64	33	39.1	2.73678643668
65	32	38.37	2.59482176652
66	32	38.01	2.58261495388
67	31	37.99	3.00830517069
68	28	37.03	2.69983332819
69	31	36.7	2.83019433962
70	29	36.51	2.80889658051
71	30	35.9	2.51197133742
72	32	35.96	2.32344571703
73	29	35.79	2.51910698463
74	32	35.59	2.23649279006
75	30	35.77	2.46923064941
76	30	35.52	2.76217305758
77	29	35.45	2.66223590239
78	27	35.19	2.61034480481
79	27	35.18	2.90647552888
80	25	34.56	3.05391551946
81	25	34.41	3.10191876103
82	25	33.99	3.28175258056
83	27	33.1	2.8930952283
84	26	32.59	2.46615084697
85	26	32.66	2.85033331384
86	26	32.7	2.70739727414
87	26	32.77	2.54894095655
88	25	32.61	2.79247202314
89	26	32.06	2.24864403586
90	26	32.07	2.62394740801
91	26	32.09	2.89515111868
92	26	31.41	2.98360520177
93	26	30.6	2.35796522451
94	26	30.87	2.36074140896
95	26	30.92	2.6102873405
96	26	31.03	2.78372053195
97	25	30.83	2.9087970022
98	25	30.31	2.87991319314
99	26	30.26	2.35635311445
100	24	30.85	2.72167228005
101	26	30.94	2.59545757045
102	25	30.92	2.86244650605
103	25	30.08	2.52459897806
104	24	29.97	2.45542257056
105	24	29.83	2.55755742849
106	24	29.83	2.7168179917
107	24	29.44	3.06045748214
108	24	28.9	2.43515913238
109	24	29.35	2.91676190321
110	24	28.64	2.73685951411
111	23	28.52	2.64756491894
112	23	28.73	3.00284864753
113	23	28.16	2.31827522093
114	24	28.54	2.51563113353
115	23	29.07	2.60865865916
116	23	29.23	2.57237244582
117	23	29.7	2.88617393793
118	23	29.35	2.60911862513
119	23	29.19	2.71180751529
120	22	29.3	2.71845544381
121	23	29.51	2.79103923297
122	24	29.47	2.68124970862
123	24	29.56	2.68447387769
124	24	29.72	2.5926048677
125	23	29.84	2.80969749261
126	23	29.71	2.94718509768
127	23	29.24	2.80399714693
128	24	29.51	2.76222736211
129	24	29.32	2.66037591329
130	23	29.22	3.05149143862
131	23	28.84	2.8025702489
132	23	28.74	2.64053024978
133	23	28.92	2.62175513731
134	22	28.34	2.91965751416
135	23	28.2	2.87402157264
136	23	28.34	2.50287834303
137	23	27.97	2.69983332819
138	23	28.29	2.61646708368
139	23	28.39	2.76005434729
140	23	28.76	2.84647149995
141	23	28.71	3.04399408672
142	23	28.64	2.812543333
143	23	28.49	2.5787400024
144	23	29.03	2.60174941145
145	23	29.53	2.70723105774
146	23	29.58	2.75019999273
147	23	29.3	2.67020598456
148	25	29.6	2.62297540972
149	24	29.93	2.5583393051
150	24	29.98	2.80349781523
151	25	29.75	2.65847700761
152	23	29.92	2.6102873405
153	23	29.89	3.00298185143
154	23	29.84	2.84154887341
155	24	29.59	2.93630720464
156	24	29.37	2.64066279559
157	25	29.16	2.63711964082
158	23	28.64	2.31309316717
159	23	28.45	2.49949994999
160	23	28.82	2.41818113465
161	22	28.97	2.62851669198
162	22	29.17	2.73881361177
163	22	29.15	2.73998175176
164	23	29.26	2.75543100077
165	23	29.21	2.77955032334
166	22	29.74	3.01867520611
167	23	29.38	2.84176001802
168	22	29.34	2.79005376292
169	22	29.02	3.1015480006
170	22	29.05	2.95423424934
171	22	28.84	2.66353149033
172	22	28.87	2.94501273342
173	22	29.23	3.04583321933
174	22	28.85	2.77983812478
175	22	28.21	2.98427545646
176	22	28.24	2.75361580472
177	22	27.9	2.78028775489
178	21	27.56	2.64696052105
179	23	28.37	2.74464934008
180	22	28.46	3.00472960514
181	22	28.32	2.7198529372
182	22	28.18	2.79062716965
183	23	27.94	2.55663841792
184	23	27.8	2.37486841741
185	23	27.96	2.43688325531
186	24	28.52	2.49591666528
187	24	29.16	2.66353149033
188	23	29.53	2.5979030005
189	24	29.96	3.13662238722
190	22	29.4	2.73861278753
191	22	29.27	2.99951662773
192	22	29.27	2.57237244582
193	22	28.76	2.87095802825
194	23	28.69	3.10062896845
195	23	28.95	2.73267268439
196	23	29.11	2.87365620769
197	23	29.24	2.62724189979
198	23	29.54	2.95438656915
199	24	29.34	2.6238140178
200	22	29.1	2.84780617318
201	23	28.95	2.6244046944
202	23	29.35	2.89611809151
203	24	29.28	2.75347053734
204	22	28.97	2.63990530133
205	24	28.93	2.61631420131
206	23	29.07	3.07328814139
207	22	28.47	3.17003154558
208	22	27.68	2.67162871672
209	22	27.68	2.64529771481
210	22	28.21	2.75425125942
211	22	28.47	2.86515270099
212	23	28.54	2.79435144533
213	23	28.45	2.808469334
214	21	28.89	3.24621317846
215	22	28.16	2.73393489315
216	23	28.38	2.83823889058
217	23	27.75	2.8191310718
218	23	27.65	2.59759504157
219	23	27.84	2.86956442688
220	23	27.77	2.91840709977
221	23	27.41	2.56941627612
222	23	27.84	2.49687805069
223	23	28.03	2.51577025978
224	23	28.2	2.73861278753
225	23	28.68	2.82446455103
226	23	28.21	2.5934340169
227	23	28.48	2.69992592491
228	24	28.68	2.5015195382
229	24	28.59	2.68363559374
230	24	28.69	2.67841370964
231	23	28.76	2.93639234436
232	23	28.85	2.8857408061
233	24	28.9	2.92403830344
234	24	29.14	2.37073828163
235	24	29.84	2.77748087302
236	24	29.61	3.04596454346
237	24	29.17	2.89501295334
238	24	29.3	3.02158898595
239	23	28.62	2.68246155611
240	24	28.3	2.52388589282
241	22	28.54	2.86153804797
242	22	28.38	2.89406288805
243	23	28.36	2.7623178673
244	22	27.79	2.7469801601
245	22	28.18	2.82623424365
246	22	27.52	2.78740022243
247	22	27.33	2.61172356883
248	22	27.25	2.68840101175
249	22	27.23	2.64142007261
250	22	27.09	2.77522972022
251	23	27.27	2.27971489446
252	23	27.75	2.67721870605
253	22	27.86	2.81076502042
254	22	27.9	2.92745623366
255	21	27.64	2.91382909588
256	21	27.74	2.74452181627
257	21	27.17	2.9087970022
258	21	27.12	2.98087235554
259	21	26.82	2.81204551883
260	21	27.09	2.81458700345
261	22	26.96	2.55311574356
262	22	27.23	2.56848204199
263	22	27.37	2.65953003367
264	23	27.85	2.80133896557
265	23	27.48	2.65510828404
266	22	27.67	2.82508406955
267	22	27.39	2.84919286816
268	22	27.42	2.56974706927
269	21	27.57	2.66928829466
270	21	27.43	2.6315584736
271	21	27.45	2.8857408061
272	22	27.1	2.7946377225
273	21	27.04	2.99305863624
274	21	26.79	2.77595028774
275	22	26.85	2.87184609615
276	22	26.38	2.85229731971
277	22	26.58	2.69881455458
278	22	27.21	2.75425125942
279	21	27.25	2.41816045787
280	21	27.71	2.64308531834
281	21	27.36	2.66278050166
282	21	27.51	2.53177803134
283	23	28.17	2.53398895025
284	22	28.89	2.7125449305
285	24	28.58	2.61220213613
286	24	29.03	2.53556699773
287	23	28.57	2.62394740801
288	24	28.88	2.57013618316
289	23	28.99	2.64384190148
290	23	29.05	2.7363296585
291	23	29.32	2.64529771481
292	23	29.79	2.69182094501
293	22	29.82	2.95763418969
294	22	30.39	2.87713399062
295	22	30.29	3.29331140344
296	23	29.73	2.74173302858
297	23	30.34	2.92649961558
298	23	30.28	2.94984745368
299	25	30.25	2.65471279049
300	24	30.01	3.05776061849
1	66	72.83	2.70205477369
2	63	70.14	2.46584671056
3	63	68.39	2.23559835391
4	59	67.23	2.48939751747
5	60	66.4	2.69814751265
6	60	65.05	2.59374246987
7	59	63.64	2.10959711794
8	58	62.77	2.27532415273
9	57	61.76	2.27648852402
10	55	60.89	2.54123985487
11	55	59.94	1.92779666978
12	55	59.79	2.21492663535
13	55	59.4	2.0591260282
14	55	58.91	1.81711309499
15	55	58.41	1.9136091555
16	52	58.25	2.3038012067
17	52	57.57	2.07004830862
18	53	57.02	2.16323831327
19	50	56.49	2.37274103096
20	49	55.61	2.13492388623
21	48	55.22	2.21169618167
22	50	54.78	2.14280190405
23	48	54.31	2.10092836622
24	48	54.21	2.18766999339
25	49	53.56	2.14625254805
26	48	53.19	2.33535864483
27	48	52.42	1.97068516004
28	48	52.29	2.16006944333
29	48	52.04	2.05387438759
30	48	52.24	2.19143788413
31	48	51.62	2.08221036401
32	45	51.13	2.16635638804
33	45	50.79	2.26404505256
34	45	50.74	2.30052167997
35	45	50.59	2.55380108857
36	45	50.13	2.42344795694
37	44	49.89	2.28864588786
38	44	49.77	2.51338417278
39	44	49.26	2.33075095195
40	42	48.92	2.67088000479
41	41	48.22	2.8304769916
42	41	47.54	2.75470506588
43	42	47.27	2.44889771122
44	42	46.84	2.30529824535
45	41	46.96	2.34486673395
46	41	46.94	2.77423863429
47	41	46.45	2.55098020376
48	41	46.12	2.40532742054
49	41	45.26	2.24330113895
50	40	44.94	2.5605468166
51	37	44.06	2.46908890079
52	37	43.58	2.36719242986
53	37	43.62	2.57596583828
54	38	43.37	2.52845802813
55	38	42.61	2.11137396024
56	38	42.93	2.5070101715
57	37	42.56	2.60123047806
58	36	42.28	2.61946559435
59	37	41.95	2.56661255354
60	37	41.67	2.63838966038
61	37	41.63	2.39856206924
62	37	41.58	2.30295462396
63	37	41.27	2.35310433258
64	36	40.7	2.16564078277
65	36	41.13	2.50061992314
66	33	40.67	2.70944643793
67	33	40.19	2.5561494479
68	35	39.91	2.76439866879
69	34	39.9	2.96479341607
70	32	39.27	2.77796688245
71	32	39.37	2.69686855445
72	34	38.94	2.57223638105
73	34	38.85	2.62821232019
74	32	38.45	2.61294852609
75	32	37.88	2.35490976473
76	32	38.03	2.58632944537
77	32	37.56	2.55468197629
78	31	36.85	2.20624114729
79	32	37.18	2.52341039072
80	32	37.3	2.61725046566
81	32	36.94	2.57612111517
82	31	37.14	2.74961815531
83	32	36.95	2.7726341266
84	31	36.6	2.5179356624
85	32	37.31	2.63702483872
86	32	36.96	2.81751663704
87	32	36.79	2.78673644251
88	30	36.24	2.63863601128
89	32	35.94	2.48120938254
90	30	36.23	2.55677531277
91	30	35.84	2.63711964082
92	29	35.64	2.54762634623
93	29	35.2	2.61916017074
94	29	35.33	2.63838966038
95	29	35.04	2.89799930987
96	28	34.23	2.86654844717
97	29	33.88	2.7139638907
98	29	33.63	2.66703955726
99	27	33.3	2.41453929353
100	25	33.19	2.7881714438
101	25	33.1	2.69258240357
102	28	33.23	2.53319955787
103	27	33.0	2.72029410175
104	28	32.58	2.42148714636
105	28	33.07	2.69538494468
106	26	33.06	2.46908890079
107	29	33.21	2.61264234062
108	28	33.22	2.6175561121
109	27	32.92	2.40283166285
110	26	32.7	2.88963665536
111	25	32.22	2.68916343869
112	25	32.37	2.73735273576
113	25	31.74	2.79864252808
114	25	31.43	2.68795461271
115	25	31.55	3.27528624703
116	24	30.87	2.68572150455
117	25	30.75	2.47133567125
118	25	31.13	2.77003610085
119	24	31.3	3.1064449134
120	24	30.44	2.69562608683
121	24	30.7	2.88963665536
122	24	30.99	2.95464041805
123	25	30.8	2.74590604355
124	24	30.99	2.7874540355
125	23	30.86	2.90179254944
126	25	30.77	3.12683546097
127	25	30.18	2.88229075563
128	24	30.46	2.85103489982
129	26	30.65	2.5860201082
130	25	30.39	2.88754220748
131	24	30.74	3.01204249638
132	24	30.42	2.91266201266
133	24	29.7	2.57875939165
134	25	30.15	2.70693553673
135	24	29.68	2.98623508787
136	23	29.52	3.00825530831
137	23	29.98	3.09186028145
138	23	29.72	3.15936702521
139	23	29.56	2.98770815174
140	24	29.58	2.76832079066
141	23	29.05	2.55098020376
142	23	29.18	2.75092711645
143	23	29.21	2.89584184651
144	24	29.47	2.78731053168
145	24	29.75	2.94745653064
146	23	29.53	3.02805217921
147	24	29.58	2.76108674257
148	24	29.62	3.0554214112
149	24	29.82	2.54314765596
150	24	30.05	2.85087705803
151	24	29.66	2.62762249952
152	24	30.26	2.65563551716
153	25	30.48	2.60952102885
154	23	30.4	2.85657137142
155	23	30.41	2.64232851856
156	22	30.78	2.83400776287
157	24	30.46	2.86851878153
158	24	30.4	2.56515106768
159	24	30.85	2.59759504157
160	25	30.82	2.60530228572
161	26	31.06	2.80292704151
162	24	31.4	2.61916017074
163	24	31.5	2.87923600978
164	25	31.87	2.77724683815
165	25	31.76	2.98368899184
166	25	31.03	2.7182899036
167	25	31.01	3.19216227658
168	25	30.29	2.89929301727
169	25	30.16	2.56015624523
170	25	30.83	2.91223282036
171	25	30.9	2.4474476501
172	25	31.15	3.014548059
173	25	30.7	2.65518360947
174	24	30.4	2.81069386451
175	24	30.23	2.60328638455
176	24	30.11	2.69033455169
177	22	29.86	2.90523665129
178	24	30.12	2.6991850622
179	24	30.02	2.55726416312
180	24	30.98	2.95966214288
181	24	30.24	2.98033555158
182	24	29.9	3.17017349683
183	24	29.3	2.72946881279
184	22	29.26	2.89005190265
185	24	29.01	2.48795096415
186	24	28.78	2.54
187	21	28.95	3.19491783932
188	22	28.56	3.10908346623
189	22	28.66	2.49086330416
190	22	28.69	2.78458255399
191	22	28.29	2.68438074796
192	22	28.33	2.80019642168
193	22	28.15	2.89266313282
194	22	28.06	3.07187239318
195	21	27.69	2.95193157102
196	21	27.25	2.59374246987
197	22	27.89	3.22147481753
198	22	27.94	2.63370461518
199	21	28.08	3.18333158813
200	21	28.04	3.02958743066
201	21	27.5	3.07408522979
202	22	27.36	2.68521879928
203	23	28.16	2.97563438614
204	23	27.97	2.80875417223
205	22	27.54	2.79792780464
206	22	27.33	2.77868674017
207	22	27.15	2.60528309402
208	21	27.25	2.74727137356
209	21	27.29	2.62028624391
210	21	27.5	2.66270539114
211	22	27.8	2.62678510731
212	22	27.71	2.9369882533
213	22	27.81	2.45232542702
214	22	27.82	2.87534345775
215	22	27.92	2.89717103396
216	23	27.94	2.84892962356
217	23	27.89	2.54123985487
218	23	28.35	2.68095132369
219	23	28.45	2.61294852609
220	23	28.53	2.50381708597
221	22	28.3	2.52784493195
222	22	28.49	2.93085311812
223	21	27.76	2.63484344886
224	20	27.68	2.83859119987
225	21	27.29	2.50317798009
226	21	27.55	2.72534401498
227	21	27.43	2.95382802478
228	21	27.41	3.10514089857
229	22	26.99	2.66268661318
230	21	26.91	2.55380108857
231	21	27.34	2.56600857364
232	22	27.57	2.59327977665
233	21	27.58	2.81133420283
234	21	27.21	2.86808298346
235	21	27.15	2.98789223367
236	21	26.98	2.72756301485
237	21	26.96	2.77459907014
238	22	26.8	2.5099800796
239	20	27.2	2.73130005675
240	20	26.98	2.52182473618
241	20	27.07	2.80091056623
242	20	27.61	2.79605078638
243	20	27.61	2.69775832869
244	22	27.87	2.94161520257
245	23	27.95	2.63201443765
246	21	27.81	3.0747194994
247	21	27.37	2.91085897975
248	21	27.4	2.82842712475
249	22	27.49	2.56708005329
250	21	27.56	2.62800304414
251	21	27.52	2.80884317825
252	19	27.26	3.07447556504
253	22	27.28	2.47418673507
254	21	27.01	2.51592925179
255	22	27.61	2.75279857599
256	23	27.69	2.58725723499
257	20	27.27	2.69761005336
258	20	27.28	2.95323551381
259	20	27.41	3.24066351231
260	20	26.92	3.02218464029
261	21	26.52	3.19524646937
262	20	26.23	2.69018586718
263	20	26.19	3.12312343656
264	19	26.25	3.1917863337
265	19	25.96	2.78179797972
266	19	26.15	2.88227340827
267	20	26.08	2.68581458779
268	18	26.25	2.78343313194
269	18	26.2	3.41760149813
270	19	25.87	3.16118648612
271	19	25.34	3.12800255754
272	19	25.45	2.79060925248
273	20	25.88	2.91643618137
274	19	25.76	2.98033555158
275	19	26.56	3.16012657974
276	21	26.69	2.83441351958
277	21	26.03	2.80162452873
278	21	25.58	2.37562623323
279	20	26.26	2.848227519
280	21	26.35	2.40572234474
281	20	26.83	3.059591476
282	20	26.06	2.69377059157
283	20	25.68	2.92533758736
284	21	25.54	2.66240492788
285	20	25.79	2.68810342063
286	20	25.31	2.51274750025
287	21	25.72	2.54982352331
288	20	26.03	2.83709358323
289	20	26.25	2.94745653064
290	20	25.9	2.57875939165
291	20	26.04	2.7273430294
292	20	25.83	2.50221901519
293	21	26.16	2.79542483354
294	21	26.24	2.41710570725
295	20	26.74	2.93468908064
296	21	26.34	2.49086330416
297	21	26.77	2.74173302858
298	21	26.93	2.6315584736
299	20	26.68	2.70140704078
300	20	26.82	2.96101334006
1	66	72.49	2.95802298842
2	62	69.85	2.43053492055
3	59	67.98	2.60760426445
4	60	66.63	2.3691981766
5	59	66.16	2.96553536482
6	59	64.69	2.58338924671
7	59	63.7	2.57099202644
8	59	63.08	2.51666445916
9	56	62.91	2.71696521877
10	55	61.44	2.38880723375
11	53	60.61	2.35751988327
12	53	60.04	2.88416365694
13	53	58.94	2.48925691723
14	52	58.23	2.59173686936
15	52	57.86	2.47394421926
16	52	57.02	2.66075177347
17	52	56.22	2.21169618167
18	52	55.73	2.21293922194
19	50	55.04	2.11622305063
20	49	54.22	1.97777652934
21	49	53.49	1.94162303241
22	49	53.0	1.97484176581
23	47	52.33	2.14501748245
24	47	52.08	2.0033971149
25	47	51.83	2.14967439395
26	47	51.28	2.02524072643
27	47	50.95	2.02669681995
28	44	50.91	2.26316150551
29	44	50.56	2.29050212836
30	44	49.91	2.47424736031
31	44	49.28	2.40449578914
32	45	49.19	2.41120301924
33	44	48.75	2.22429764195
34	42	48.01	2.25608067232
35	42	47.81	2.23470355976
36	44	47.42	2.06
37	42	47.3	2.12837966538
38	43	47.24	2.04019606901
39	41	46.78	1.98786317437
40	41	46.7	2.00748598999
41	41	46.26	2.29617072536
42	40	46.06	2.46908890079
43	40	45.78	2.36888159265
44	41	45.5	2.09045449604
45	41	45.42	2.24579607267
46	40	45.02	2.43302281124
47	36	44.37	2.31799482312
48	36	44.29	2.77595028774
49	36	43.48	2.78381033837
50	36	42.96	2.74561468528
51	37	42.45	2.29510348351
52	34	42.5	2.78028775489
53	35	41.37	2.41518115263
54	35	41.28	2.72792961786
55	34	40.93	3.0405756034
56	33	39.92	2.62175513731
57	34	39.71	2.60113436792
58	35	39.68	2.70880047253
59	34	39.51	2.68139888864
60	34	39.25	2.72167228005
61	33	38.8	2.24944437584
62	33	38.77	2.35310433258
63	33	38.42	2.40906620914
64	31	37.65	2.57439313237
65	32	37.47	2.53950782633
66	32	37.27	2.45297778221
67	31	37.68	2.62632823539
68	31	37.53	2.7944766952
69	31	37.26	2.51642603706
70	30	37.29	2.39706070011
71	31	37.88	2.65435491222
72	30	37.38	2.93523423256
73	30	36.39	2.46533973318
74	30	36.6	2.91547594742
75	29	36.47	2.84061613035
76	29	35.94	2.72697634753
77	29	36.08	2.82021275793
78	29	35.3	2.55538646784
79	28	35.86	2.63446389233
80	31	36.03	2.65877791476
81	29	35.7	2.51992063367
82	27	35.43	2.62394740801
83	27	35.34	2.96384884905
84	27	35.24	3.0170183957
85	28	34.71	2.36345086685
86	29	34.75	2.59374246987
87	29	34.51	2.38953970463
88	29	34.5	2.8231188427
89	29	34.11	2.50157950104
90	29	34.25	2.29074223779
91	29	34.57	2.71018449556
92	30	35.23	2.63763151331
93	30	35.25	2.78343313194
94	29	34.68	2.48949794135
95	30	34.94	2.69748030577
96	30	34.79	2.50317798009
97	29	34.48	2.39365828806
98	29	34.76	2.72440819262
99	29	34.35	2.71062723369
100	29	34.12	3.09606201488
101	28	33.92	2.26574491062
102	29	34.36	2.54369809529
103	29	34.33	2.76425396807
104	29	34.48	2.68134294711
105	29	34.23	2.67527568673
106	28	34.16	2.61426854015
107	28	34.34	2.78287620997
108	28	33.86	2.64582690288
109	27	33.86	2.7350319925
110	28	33.78	2.50031997952
111	27	34.11	2.65667084901
112	27	33.93	2.55050975297
113	27	34.38	2.74874516825
114	28	33.89	2.52545045487
115	28	34.0	2.97321374946
116	26	33.84	2.79899982136
117	28	33.75	2.62821232019
118	29	34.13	2.67078640104
119	29	34.14	2.40008333189
120	30	33.9	2.36431808351
121	28	34.55	2.8368115905
122	29	34.23	2.65275328668
123	28	34.21	2.68810342063
124	28	34.06	2.79578253804
125	28	33.83	2.50221901519
126	27	33.97	2.52370759003
127	28	34.14	2.6230516579
128	28	33.94	2.68633579435
129	28	33.81	2.71917266829
130	28	33.79	2.76873617378
131	29	33.75	2.37644692766
132	28	33.82	2.77265215994
133	27	33.92	2.80599358517
134	26	33.15	3.09959674797
135	25	32.71	3.35647136142
136	25	31.69	2.99230680245
137	25	31.53	2.93071663591
138	25	31.76	3.05326055226
139	25	31.09	2.67990671479
140	24	31.07	2.79376090602
141	24	30.42	2.3629642401
142	26	31.04	2.81040922287
143	26	30.72	2.51427922077
144	26	30.74	2.48040319303
145	24	30.83	2.78587508693
146	25	30.59	2.74260824764
147	26	30.39	2.73457492126
148	25	30.4	2.60768096208
149	26	30.41	2.42938263763
150	26	31.25	2.67721870605
151	25	30.72	2.77877670927
152	25	30.66	3.06339680747
153	25	30.63	2.70796971918
154	25	30.64	2.82672955905
155	24	30.76	2.96351143072
156	24	30.28	3.08246654483
157	24	30.85	3.12209865315
158	24	30.44	2.84365961395
159	24	30.29	3.00098317223
160	24	30.45	2.55489725821
161	26	30.72	2.91575033225
162	26	29.9	2.5436194684
163	24	29.33	2.58091069198
164	24	29.37	2.67452799574
165	24	29.64	2.83732268168
166	24	29.8	2.683281573
167	23	30.07	3.24424105146
168	23	30.14	2.70192523953
169	23	30.49	2.86529230621
170	24	30.13	2.77364381275
171	24	30.66	2.79005376292
172	25	30.66	2.55037252181
173	22	30.84	2.95878353382
174	25	30.81	2.85199929874
175	25	30.79	2.86110118661
176	25	30.71	3.08316395931
177	25	30.53	2.87907971408
178	25	30.54	2.84049291497
179	25	30.32	2.77445490142
180	25	30.71	2.76150321383
181	25	30.63	2.77003610085
182	25	30.0	2.60384331326
183	25	29.65	2.64338797758
184	21	29.43	3.08951452497
185	23	29.22	2.78416953507
186	24	29.12	2.52301407051
187	24	29.03	3.04123330246
188	24	29.13	2.83779844245
189	23	29.03	2.83709358323
190	24	29.11	2.79247202314
191	24	29.15	2.92018835009
192	22	28.74	2.90041376359
193	21	28.71	3.25667007847
194	19	28.12	3.2749961832
195	21	27.88	2.8540497543
196	21	27.92	3.53745671352
197	20	26.97	3.20142155925
198	20	26.66	3.09586821425
199	20	25.88	2.75419679762
200	20	26.33	2.87073161407
201	20	26.18	3.15715061408
202	20	26.27	2.64898093613
203	20	25.89	3.12376375547
204	20	25.88	3.03077547832
205	20	26.12	2.94034011638
206	20	26.14	2.95303233982
207	20	26.3	2.94448637287
208	20	26.33	3.36171087394
209	20	26.81	3.11671301213
210	20	26.14	2.91897242193
211	17	26.87	2.95179606342
212	17	26.58	3.62816758158
213	18	26.05	3.1412577099
214	18	26.52	3.2014996486
215	18	26.15	2.97783478387
216	18	26.28	2.96337645263
217	18	25.76	3.25920235641
218	18	25.97	3.20766270047
219	17	25.92	2.86593789186
220	17	25.64	3.56796860973
221	17	25.34	3.38591198941
222	19	24.77	2.96261708629
223	19	25.18	2.85440011211
224	18	24.82	3.2905318719
225	17	24.73	2.94908460374
226	18	24.82	2.97112773202
227	20	25.59	2.31989223888
228	20	26.18	3.2260812141
229	18	26.0	2.96310647801
230	18	25.85	2.53919278512
231	19	26.59	3.22209559138
232	19	26.85	3.27528624703
233	20	26.44	3.04407621455
234	19	26.38	2.98590019927
235	20	26.38	2.8802083258
236	19	26.51	3.22023291083
237	20	26.33	2.83215465679
238	20	26.57	3.09920957665
239	19	25.98	2.98321973713
240	20	26.47	2.90329123582
241	19	26.29	3.03412260794
242	20	26.31	3.20217113846
243	20	26.16	3.21160396064
244	19	26.02	2.89475387555
245	19	26.23	2.88046871186
246	20	25.93	2.74319157187
247	21	26.78	2.98187860249
248	21	26.78	3.11634401182
249	19	26.4	3.41760149813
250	20	25.51	2.84075694138
251	20	26.2	2.90172362571
252	20	26.36	3.15442546274
253	20	26.31	3.14545704151
254	21	26.3	3.26343377442
255	19	26.04	2.92547432052
256	20	26.36	2.9883774862
257	18	26.21	2.80818446688
258	20	26.79	3.09611046315
259	21	26.56	2.79399355762
260	20	26.86	2.67215269025
261	21	27.51	3.1128604209
262	21	27.24	3.11165550793
263	21	26.8	3.17175030543
264	20	26.12	3.08635707591
265	19	26.79	2.90618306375
266	19	27.08	3.08116860947
267	21	27.42	3.29903016052
268	21	27.47	3.30289267158
269	21	26.68	2.92875400128
270	19	26.88	3.00093318819
271	21	26.92	2.92807103739
272	18	26.54	3.07707653463
273	21	26.76	2.77171427099
274	21	26.96	3.0262848511
275	19	27.28	3.10509259121
276	19	26.77	2.9149785591
277	19	26.9	2.93087017795
278	19	27.59	3.36182985887
279	19	27.21	3.05710647508
280	19	27.48	3.0837639339
281	20	28.48	3.03802567468
282	20	28.64	3.34520552433
283	19	28.97	3.55936792142
284	22	28.7	3.17332633052
285	22	28.42	2.85369935347
286	21	28.93	3.07978895381
287	22	29.11	3.14609281491
288	22	28.91	3.40027940028
289	20	28.55	3.18237332819
290	19	28.33	3.23745270236
291	19	28.5	3.08706980809
292	20	27.73	3.13960188559
293	17	27.47	3.41014662441
294	19	27.55	3.014548059
295	18	27.46	3.36576885719
296	19	27.0	3.1336879232
297	17	27.07	3.08303421973
298	17	26.27	3.40251377661
299	17	26.26	3.29733225502
300	20	25.91	3.19090896141
1	65	72.46	2.69970368744
2	64	70.35	2.24220873248
3	64	69.34	2.05046336227
4	64	68.05	1.81865334795
5	62	67.07	1.99627152462
6	61	66.63	2.84132011572
7	59	65.24	2.62724189979
8	60	64.4	2.17255609824
9	60	64.18	2.54707675581
10	58	63.3	2.46779253585
11	57	62.6	2.65329983228
12	57	61.59	2.24541755582
13	54	61.08	2.47256951368
14	54	60.72	2.17292429689
15	54	60.81	2.68214466426
16	54	60.22	2.75165404802
17	52	58.96	2.69414179285
18	52	57.98	2.80706252157
19	51	56.87	2.79161243728
20	49	55.64	2.44752936652
21	49	55.08	2.39449368343
22	49	54.38	2.12969481382
23	49	53.76	2.07422274599
24	48	53.21	2.2058785098
25	45	52.55	2.259977876
26	45	52.19	2.50077987836
27	45	51.38	2.34
28	44	50.98	2.75310733536
29	45	50.03	2.37257244357
30	45	49.73	2.42014462378
31	44	49.13	2.40688595492
32	44	48.88	2.66563313305
33	44	48.55	2.20624114729
34	44	48.31	2.35667138142
35	43	47.71	2.34219982068
36	43	47.13	2.39856206924
37	42	46.7	2.19317121995
38	41	46.18	2.11366979446
39	41	46.18	2.36803716187
40	40	45.47	2.24702024913
41	40	44.78	2.27850828394
42	40	44.98	2.3150809921
43	40	44.75	2.40572234474
44	39	44.53	2.45134656873
45	39	44.94	2.42412870945
46	39	44.46	2.25131072933
47	38	44.2	2.62678510731
48	38	43.81	2.4847333861
49	39	43.15	2.20624114729
50	39	43.39	2.37442624649
51	37	43.11	2.53730171639
52	38	42.75	2.13717102732
53	38	42.79	2.48714695987
54	38	42.5	2.26936114358
55	38	42.56	2.52317260607
56	36	42.51	2.45150973892
57	38	42.4	2.58069758011
58	34	41.69	2.45232542702
59	35	41.23	2.6715351392
60	34	40.59	2.13117338572
61	35	40.81	2.67467755066
62	35	40.25	2.66223590239
63	33	39.78	2.69287949972
64	32	38.98	2.62289915933
65	32	38.6	2.7276363394
66	32	38.12	2.57790612707
67	32	37.86	2.40424624363
68	32	37.27	2.31454099121
69	31	37.73	2.83497795406
70	31	37.11	2.67168486166
71	31	36.95	2.86487347016
72	31	36.41	2.64988679003
73	30	36.25	2.69211812519
74	27	36.09	2.8428682699
75	30	35.78	2.46811669092
76	29	35.49	2.61340773704
77	27	35.05	2.67348087706
78	29	35.09	2.79318814261
79	28	34.8	2.83901391332
80	28	34.63	2.92456834422
81	29	34.17	2.4740856897
82	27	33.91	2.84638367055
83	27	33.59	2.8252256547
84	28	33.32	2.30599219426
85	28	33.19	2.65215007117
86	26	32.89	2.43678066309
87	26	32.66	2.70636287293
88	26	32.39	3.24929223063
89	25	31.63	2.62547138625
90	26	31.32	2.49351158008
91	27	31.39	2.48955819374
92	26	31.62	2.54864669972
93	26	31.8	2.6495282599
94	26	31.5	2.41039415864
95	26	31.55	2.73267268439
96	26	31.17	2.95315085968
97	26	30.69	2.90755911376
98	26	29.91	2.35412404091
99	25	29.69	2.44824426886
100	24	29.76	2.50647162362
101	25	29.69	2.57175037669
102	25	30.11	2.53335745603
103	25	29.91	2.52228071396
104	25	29.93	2.5070101715
105	25	29.9	2.85131548588
106	25	29.8	2.88097205818
107	25	29.48	2.40199916736
108	25	29.65	2.8332843133
109	25	29.05	2.60528309402
110	24	28.96	2.40798671093
111	24	29.03	2.33004291806
112	24	29.23	2.67527568673
113	24	29.24	2.51045812552
114	24	29.15	2.33826859022
115	24	29.28	2.54196774173
116	23	29.28	2.73525135956
117	25	29.13	2.56770325388
118	24	28.97	2.46761017991
119	24	28.93	2.35055312639
120	24	28.64	2.2694492724
121	24	29.05	2.63581107062
122	23	29.18	2.93727765116
123	23	29.1	2.73678643668
124	23	28.8	2.4819347292
125	24	28.96	2.78897830755
126	24	29.0	2.52190404258
127	22	28.55	2.63201443765
128	23	28.43	2.77940641145
129	23	28.28	2.58874486962
130	22	28.11	2.69775832869
131	23	28.31	2.87643877042
132	22	27.78	2.91403500322
133	23	27.55	2.72167228005
134	22	27.53	2.75845971513
135	21	27.69	2.98561551443
136	22	27.44	2.74342851192
137	23	27.45	2.7690250992
138	22	27.75	2.82267603525
139	22	27.79	2.68065290554
140	22	27.71	2.78314570226
141	23	28.39	2.54517189989
142	23	28.65	2.63960224276
143	24	28.73	2.84905247407
144	23	28.11	2.62257507042
145	22	28.15	2.88227340827
146	23	28.66	2.60852448714
147	22	28.56	2.73612865195
148	23	28.58	2.60837113924
149	23	27.95	2.81202773813
150	23	27.99	2.65892835556
151	22	28.35	2.72167228005
152	22	28.23	2.81373417366
153	23	28.14	2.47394421926
154	23	28.31	2.69701687054
155	22	28.28	2.73890489065
156	22	28.15	2.91333142639
157	23	27.47	2.7182899036
158	23	27.42	2.4256133245
159	23	27.4	2.58456959666
160	23	27.82	2.79420829574
161	22	27.77	2.78515708713
162	22	27.41	2.46615084697
163	22	27.73	2.92183161732
164	22	27.62	2.83471338939
165	22	27.42	2.68022387125
166	21	27.18	2.71801398083
167	21	26.74	2.7152163818
168	23	26.86	2.43318721022
169	22	27.02	2.82127630692
170	22	26.97	2.55521036316
171	22	27.44	2.57417948092
172	22	27.24	3.00373101326
173	22	27.04	2.49767892252
174	21	27.23	2.7923287772
175	21	27.06	2.7306409504
176	21	27.3	2.80535202782
177	21	27.33	2.78228323504
178	21	27.05	2.84033448734
179	21	26.97	2.76931399448
180	21	27.09	2.82876298053
181	20	26.64	2.89661871844
182	19	26.5	2.94108823397
183	21	26.42	2.8219851169
184	21	26.47	2.67751750695
185	20	26.78	3.07434545879
186	21	26.85	2.86138078556
187	20	26.54	3.0673115264
188	20	26.42	3.01058133921
189	20	26.23	2.71608173662
190	20	26.93	3.19767102748
191	20	26.24	2.94319554226
192	19	25.91	3.21588246054
193	20	25.99	2.85830369275
194	20	25.91	3.09546442396
195	19	26.17	2.84272756345
196	21	26.27	2.9286686395
197	21	26.6	2.62678510731
198	18	26.64	2.90351511103
199	21	26.81	2.97555036926
200	21	26.09	2.58880281211
201	21	26.23	2.73076912243
202	19	26.81	2.92812226521
203	19	26.78	3.18615756045
204	20	26.33	2.93957479918
205	21	26.84	3.04210453469
206	20	26.57	3.01083045022
207	21	26.36	2.91382909588
208	20	26.89	2.8806075748
209	20	26.77	3.13322517544
210	20	26.63	3.08108747036
211	20	26.33	2.88463169226
212	20	26.89	3.02620224043
213	20	26.42	3.08927175885
214	20	25.77	2.88740367805
215	21	26.54	2.72550912675
216	21	26.56	2.86118856422
217	21	27.26	3.05816938707
218	20	27.26	3.03189709588
219	18	26.64	3.20162458761
220	18	26.9	3.2939338184
221	18	26.4	3.27414110875
222	18	26.36	3.39564426877
223	18	25.72	3.32589837488
224	18	25.56	3.4505651711
225	17	25.03	3.41014662441
226	17	24.66	3.27175793726
227	17	24.94	3.18377134857
228	18	24.56	2.97765008018
229	18	24.61	3.24313120302
230	18	24.52	2.82304799818
231	18	25.34	3.06665942028
232	18	25.37	3.18011006099
233	18	25.06	3.49233446279
234	18	24.58	3.03703803071
235	18	24.87	3.26697107425
236	18	24.56	2.84014084158
237	18	24.72	2.74983635877
238	18	24.48	2.61335034008
239	18	24.52	2.87569122125
240	18	24.24	2.34571950582
241	17	24.94	2.90798899585
242	18	25.12	3.13776990871
243	18	25.5	3.27871926215
244	19	25.68	3.53236464709
245	19	24.94	2.90798899585
246	18	25.33	3.02342520992
247	20	25.55	2.7690250992
248	20	25.64	2.84084494473
249	18	25.82	3.00459647873
250	18	25.46	3.02132421299
251	18	25.46	2.76195582876
252	18	26.12	3.26888360148
253	18	26.27	3.78115061853
254	18	26.17	3.27125358234
255	18	25.7	3.35708206632
256	18	24.62	2.80991103062
257	16	25.22	2.99192245889
258	18	25.11	2.959374934
259	19	25.48	3.0967079294
260	18	25.82	2.91334858882
261	18	25.53	3.18262470298
262	19	25.2	2.89827534924
263	19	25.91	2.9465064059
264	18	26.05	3.61766499278
265	18	25.84	2.98234806822
266	20	25.57	2.57003891021
267	20	25.84	2.91794448199
268	18	25.78	3.01522801791
269	19	25.82	2.8579013279
270	20	25.95	3.17293239764
271	20	25.59	2.76439866879
272	18	26.21	2.99096974241
273	18	26.15	3.23844098294
274	18	25.76	2.86747275488
275	17	26.18	3.39228536535
276	17	26.06	3.04243323674
277	17	26.02	3.30145422503
278	17	25.77	3.04911462559
279	17	25.97	3.24177420559
280	20	25.76	2.93979591128
281	19	25.57	3.27797193399
282	18	25.59	3.19717062416
283	18	25.56	2.8855502075
284	18	25.84	2.97563438614
285	18	25.93	2.97070698656
286	18	26.02	3.05280199161
287	21	26.17	2.71313471837
288	19	26.63	3.27308722768
289	17	26.97	3.4711813551
290	18	26.54	3.17937100698
291	18	26.72	3.15303028847
292	18	26.43	2.96733887515
293	18	26.12	3.12819436736
294	18	26.08	3.29144345235
295	19	26.08	3.07467071408
296	17	26.11	3.07861982063
297	20	25.84	3.05849636259
298	19	26.36	3.22031054403
299	19	26.76	3.19098730803
300	18	26.41	3.26219251425
1	65	72.0	2.69814751265
2	65	70.19	2.51672406116
3	63	68.55	2.1880356487
4	62	67.53	2.2954520252
5	62	66.89	2.27549994507
6	62	66.43	2.2192566323
7	60	65.57	2.4505305548
8	58	64.49	2.20678499179
9	58	63.74	2.66315602247
10	56	62.4	2.47386337537
11	57	61.57	2.32488709403
12	56	60.91	2.8322958885
13	54	60.18	2.3638104831
14	54	59.66	2.48282097623
15	51	58.99	2.47586348574
16	51	58.43	2.47489393712
17	50	57.37	2.51656511936
18	50	57.09	2.8498947349
19	50	55.91	2.4417002273
20	48	54.69	2.44824426886
21	48	53.62	2.74874516825
22	48	52.62	2.21711524283
23	45	51.94	2.49327094396
24	45	51.17	2.10739175285
25	45	50.49	2.27813520231
26	45	49.65	1.90984292548
27	45	49.04	1.93349424618
28	42	48.94	2.34017093393
29	44	48.73	2.06327409716
30	44	48.26	2.22090071818
31	44	48.19	2.27462084753
32	44	47.51	2.01739931595
33	42	47.09	2.16376985837
34	42	46.56	2.34657196779
35	42	46.01	2.26933911084
36	42	45.36	2.03725305252
37	42	45.46	2.06601064857
38	41	45.06	2.03872509182
39	40	44.62	2.45267201232
40	39	44.46	2.26900859408
41	38	44.01	2.12365251395
42	38	44.65	2.66973781484
43	38	44.28	2.51825336295
44	38	43.73	2.38685986183
45	39	43.24	2.14532048888
46	39	43.4	2.43310501212
47	39	43.07	2.4505305548
48	39	42.65	2.26881026091
49	35	42.71	2.30345392834
50	39	42.2	2.15870331449
51	38	42.13	2.21203526193
52	37	41.39	2.02432704868
53	36	41.19	2.07217277272
54	37	41.4	2.27596133535
55	35	41.28	2.20036360632
56	37	40.85	2.22429764195
57	36	40.77	2.44889771122
58	36	40.51	2.07602986491
59	35	40.63	2.35225423796
60	35	40.43	2.27268563598
61	34	40.59	2.59266272392
62	35	40.43	2.29458057169
63	36	40.45	2.55880831638
64	34	40.03	2.47570192067
65	35	39.83	2.41269558793
66	34	40.16	2.44016392892
67	34	40.08	2.52063484067
68	34	39.77	2.46923064941
69	34	39.88	2.54275441205
70	35	39.62	2.30989177236
71	36	39.65	2.21979728804
72	35	39.1	2.10475651798
73	35	39.21	2.25075542874
74	35	39.28	2.22746492677
75	34	38.82	2.10418630354
76	35	38.9	2.31300670124
77	35	39.02	2.19535874062
78	35	39.36	2.29137513297
79	33	39.6	2.59229627936
80	33	39.37	2.32660697154
81	34	39.18	2.46324988582
82	34	39.06	2.58
83	34	38.81	2.39037653938
84	33	38.77	2.61095767871
85	34	38.91	2.36260449504
86	34	39.03	2.72196620111
87	33	38.65	2.30813777752
88	33	38.72	2.87777691978
89	34	38.0	2.54165300543
90	33	37.81	2.1479990689
91	33	37.91	2.4128613719
92	32	37.77	2.7123974635
93	33	37.24	2.37116005364
94	31	37.21	2.5934340169
95	32	36.73	2.3826665734
96	32	36.79	2.23291289575
97	32	37.56	2.52317260607
98	31	36.79	2.67691987179
99	32	36.5	2.36008474424
100	32	36.35	2.32969955144
101	30	36.18	2.54314765596
102	30	35.76	2.39215384121
103	30	36.04	2.69785099663
104	31	36.09	2.4128613719
105	29	35.75	2.5860201082
106	29	35.52	2.57480096318
107	29	35.12	2.54668411861
108	28	34.69	2.71549258883
109	30	34.52	2.43507700084
110	30	35.15	2.49148550066
111	30	34.92	2.35236051659
112	28	35.05	2.52339057619
113	30	34.91	2.56941627612
114	30	35.19	2.74114939396
115	29	34.8	2.61533936612
116	29	34.5	2.64764045897
117	30	34.31	2.71180751529
118	29	33.81	2.28777184177
119	29	33.94	2.62990494125
120	28	34.25	2.67348087706
121	30	33.79	2.24630808217
122	28	33.58	2.58526594377
123	28	33.31	2.31384960618
124	28	33.39	2.43678066309
125	28	33.44	2.68447387769
126	28	33.24	2.66878249395
127	27	33.21	2.9301706435
128	28	32.87	2.92114703498
129	28	32.7	2.70370116692
130	28	32.75	2.71062723369
131	28	32.51	2.73676816702
132	27	32.34	2.66915717034
133	28	31.67	2.41683677562
134	27	31.62	2.50910342553
135	27	31.67	2.64595918336
136	27	31.66	2.341879587
137	28	31.52	2.38528824254
138	28	31.8	2.39165214862
139	26	31.69	2.52069434879
140	26	31.8	2.66458251889
141	26	31.63	2.55599295774
142	26	31.66	2.5854206621
143	26	31.37	2.71534528191
144	26	31.33	2.61554965543
145	25	30.86	2.80364049051
146	25	30.96	2.67551864131
147	25	30.62	2.35703203203
148	25	31.26	2.67813367852
149	25	31.22	2.65548488981
150	25	30.88	2.92670463149
151	24	30.28	2.78237308785
152	25	30.04	2.50567356214
153	24	29.79	2.44251919133
154	24	30.28	3.07597139128
155	24	29.3	2.48797106092
156	25	29.63	2.4521623111
157	24	29.65	2.58215026674
158	24	29.92	2.9518807564
159	24	30.17	2.77147974916
160	25	29.93	2.56614496863
161	25	30.25	2.69953699734
162	25	29.87	2.85886341052
163	24	30.6	2.97993288515
164	24	30.13	2.58710262649
165	24	29.68	2.67536913341
166	24	29.41	2.5655213895
167	24	28.96	2.46138172578
168	24	29.75	2.82975263937
169	25	29.43	2.66928829466
170	24	30.01	2.52386608203
171	24	30.07	2.89915504932
172	24	29.67	3.07913949018
173	23	28.89	2.78170810834
174	23	28.99	3.07732026283
175	23	28.79	2.73237991502
176	22	28.89	2.85270047499
177	23	29.33	2.65350711324
178	23	29.34	2.67663968438
179	23	29.25	2.97111090335
180	24	29.18	2.67723738208
181	23	28.89	2.78888866755
182	23	28.34	2.46260025177
183	23	28.23	2.63763151331
184	23	28.05	2.5860201082
185	23	28.41	2.45802766461
186	23	28.75	2.8788018341
187	23	28.85	2.81558164506
188	24	28.6	2.513961018
189	23	29.2	2.73861278753
190	24	28.93	2.92320030104
191	24	28.69	2.58338924671
192	24	28.55	2.43053492055
193	23	28.54	2.6473382859
194	23	28.74	2.56756694168
195	22	28.25	2.68840101175
196	22	28.4	2.75680975042
197	22	28.33	2.65727303829
198	24	28.26	2.74087577245
199	22	28.25	2.65847700761
200	22	28.07	2.69538494468
201	22	28.21	2.55458411488
202	21	28.51	3.2109032997
203	21	28.08	2.36084730552
204	23	28.77	2.58787557661
205	23	29.36	2.7477991193
206	23	28.96	2.63028515564
207	24	29.13	2.8970847416
208	24	28.93	2.71018449556
209	25	29.24	2.6310454196
210	25	29.39	2.87365620769
211	24	29.66	2.62
212	22	29.95	3.33279162265
213	23	29.68	3.10766793593
214	23	29.15	3.1124748995
215	23	28.8	2.70185121722
216	23	28.63	2.97205316238
217	22	28.66	2.8256680626
218	21	28.49	3.07406896474
219	21	28.47	3.02805217921
220	21	28.4	3.0
221	23	28.4	2.73495886624
222	23	29.0	3.20312347561
223	22	28.59	2.96342707013
224	24	28.56	2.95404807002
225	24	28.74	2.31784382563
226	22	29.03	2.96801280321
227	23	29.02	2.82481857825
228	23	28.72	2.77517567012
229	23	29.15	2.84385302011
230	23	29.06	2.81005338028
231	23	28.89	3.18400690954
232	22	27.95	3.11889403475
233	22	28.08	2.77733685389
234	21	27.49	2.82310113173
235	22	27.62	2.86628679654
236	22	27.98	2.95289688272
237	20	27.9	2.94448637287
238	20	27.96	2.99973332148
239	22	28.17	2.88116295964
240	23	28.13	2.85886341052
241	22	28.23	2.70501386318
242	22	28.33	2.74974544276
243	22	28.38	3.00259887431
244	23	28.2	2.61151297144
245	23	28.69	2.72284777393
246	22	28.68	2.77805687487
247	22	28.78	2.94136022955
248	23	28.42	2.81488898538
249	21	28.0	2.74590604355
250	21	28.18	2.83682921587
251	21	28.04	2.94251593029
252	21	27.43	3.15358526125
253	21	27.13	2.59867273815
254	21	26.89	2.77450896556
255	21	26.44	2.84365961395
256	22	26.85	2.86836190185
257	21	26.01	2.59034746704
258	21	26.23	2.78156430808
259	21	26.43	2.76135836139
260	21	26.79	2.58184042884
261	21	27.29	2.6392991494
262	20	27.77	3.09145596766
263	20	27.6	3.08544972411
264	20	27.82	2.63962118494
265	20	27.91	3.12120169166
266	21	27.54	2.84401125174
267	19	27.22	2.93795847486
268	22	27.14	2.73137328097
269	21	26.99	2.95125397077
270	19	26.88	2.85755139936
271	19	27.17	2.78946231378
272	19	27.37	3.02540906325
273	21	26.95	2.92361078121
274	21	27.42	3.09896757001
275	21	27.35	2.88920404264
276	21	27.36	3.01834391679
277	21	27.54	2.77279642239
278	21	27.91	3.10514089857
279	20	27.69	3.30966765703
280	21	27.14	2.76412734873
281	21	27.07	3.02077804547
282	21	26.86	2.76050719977
283	21	27.09	2.92948800987
284	21	27.16	3.00905300718
285	21	27.0	3.01993377411
286	21	27.12	2.93693718012
287	21	27.36	2.85489054081
288	21	27.39	3.04596454346
289	21	27.63	2.97877491597
290	21	27.42	3.13426227365
291	22	27.52	2.9882436313
292	22	27.78	2.77337339715
293	23	27.62	2.89060547291
294	22	28.14	2.83203107328
295	22	27.79	2.6955333424
296	22	28.27	3.14278538879
297	23	28.21	3.00431356553
298	23	28.07	2.72123133893
299	23	28.28	2.55765517613
300	23	28.79	2.81884728214
1	66	72.48	2.79814224084
2	61	70.2	2.42074368738
3	61	69.07	2.4505305548
4	61	67.96	2.36186367092
5	59	66.92	2.70436683902
6	59	65.8	2.95972971739
7	58	64.59	2.53414679922
8	57	63.71	2.91305681373
9	56	62.6	2.62297540972
10	55	61.62	2.5329034723
11	56	60.91	2.25430698885
12	53	60.24	2.39215384121
13	53	59.27	2.53714406371
14	52	58.35	2.84033448734
15	52	57.46	2.68484636432
16	51	56.6	2.2360679775
17	52	56.12	2.17384452066
18	50	55.35	2.23774440006
19	49	54.67	2.28497264754
20	50	54.16	2.25264289225
21	49	53.26	1.91635069859
22	48	52.59	2.05472625914
23	49	52.39	2.06830848763
24	47	51.79	2.14613606279
25	46	51.26	2.18458233995
26	46	50.61	2.34049140139
27	45	49.65	1.89934199132
28	45	49.53	2.24256549514
29	44	48.72	2.12169743366
30	43	48.06	2.15786931949
31	41	47.88	2.21936927977
32	42	47.64	2.23839228019
33	40	47.31	2.38199496221
34	40	46.75	2.08026440627
35	40	46.31	2.16192044257
36	40	45.89	2.10663238369
37	39	45.69	2.05277860472
38	39	45.43	2.38853511592
39	39	44.52	2.1930800259
40	39	43.86	2.25840651788
41	38	43.56	2.08959326186
42	38	43.71	2.51910698463
43	39	42.95	2.41816045787
44	39	42.75	2.20170388563
45	39	42.79	2.27286163239
46	39	42.39	2.08276258849
47	39	42.34	2.05533452265
48	36	42.42	2.38403020115
49	36	42.24	2.69117074895
50	36	42.27	2.4651774784
51	36	41.8	2.61916017074
52	36	41.47	2.35140383601
53	36	41.27	2.17188857909
54	38	41.48	2.20671701856
55	38	41.39	2.23112079458
56	38	41.24	2.14532048888
57	38	41.11	1.93853037118
58	36	41.29	2.2596238625
59	36	40.93	2.04575169559
60	36	40.67	2.1215796002
61	36	41.23	2.3826665734
62	37	40.92	2.08173004974
63	34	40.84	2.29660619175
64	34	40.31	2.76656827134
65	34	39.64	2.57106981624
66	33	39.15	2.42229230276
67	32	38.93	2.75773457751
68	31	38.38	2.47701433181
69	35	38.31	2.27901294424
70	32	37.86	2.6230516579
71	32	37.72	2.63848441345
72	32	37.61	2.55693175505
73	31	36.89	2.62257507042
74	30	36.54	2.44303090443
75	30	35.94	2.47313566146
76	30	36.04	2.53345613737
77	30	35.69	2.54438597701
78	30	35.52	2.69621957563
79	30	35.22	2.71874971264
80	29	34.81	2.84849082849
81	28	34.51	2.75134512557
82	29	34.35	2.63201443765
83	27	34.15	2.63960224276
84	27	33.96	2.54527012319
85	27	33.92	3.00892007205
86	27	33.42	2.69510667692
87	29	33.22	2.50031997952
88	29	32.68	2.24
89	27	32.91	2.54988235023
90	27	33.23	2.60712485317
91	27	33.09	2.81813768294
92	27	32.52	2.34725371445
93	27	32.8	2.66833281283
94	27	32.18	2.55491682839
95	26	31.71	2.32935613421
96	27	31.88	2.4506325714
97	27	31.74	2.34785008039
98	27	32.03	2.46355434281
99	27	31.95	2.63201443765
100	27	31.97	2.3683538587
101	23	31.71	2.58571073401
102	23	31.83	2.85326129193
103	25	32.05	3.06716481461
104	24	31.6	3.24961536185
105	24	31.32	2.9525582128
106	24	31.34	3.05686113522
107	24	30.87	2.79876758592
108	25	30.78	3.04821259101
109	25	30.8	2.83548937575
110	24	30.78	2.56741114744
111	25	31.15	3.16662280671
112	25	31.22	2.72976189438
113	25	30.92	2.77733685389
114	23	31.08	3.10702429987
115	25	30.81	2.92128396429
116	23	30.41	2.67990671479
117	23	30.49	2.83017667293
118	23	30.59	2.5616205808
119	25	30.7	2.86530975638
120	25	30.32	2.52934774201
121	25	30.64	2.74415742989
122	22	30.89	3.08510939838
123	22	30.33	3.07589011507
124	22	29.8	2.90860791445
125	22	29.02	2.74947267671
126	24	29.26	2.49246865577
127	24	29.78	2.95154196989
128	25	29.86	2.76050719977
129	24	29.6	2.7748873851
130	22	29.37	2.57936038583
131	24	29.68	2.5134836383
132	24	30.17	2.82508406955
133	25	29.96	2.42866218318
134	24	30.13	2.51258830691
135	25	30.35	2.84736720498
136	24	29.83	2.56926059402
137	24	30.01	2.69256383397
138	25	30.22	2.70399704142
139	25	30.18	2.54707675581
140	24	29.95	3.06716481461
141	24	29.35	2.66598949735
142	25	29.43	2.69909244006
143	25	29.56	2.64317990307
144	25	29.71	2.83652956974
145	25	29.63	2.77724683815
146	25	29.56	2.65827011419
147	25	29.83	2.69092920754
148	25	29.63	2.68199552572
149	25	29.47	2.5979030005
150	24	29.55	2.62059153628
151	25	29.15	2.50349755342
152	25	29.29	2.55458411488
153	26	29.46	2.36820607211
154	25	29.69	2.57563584383
155	26	30.58	2.90578732876
156	25	30.61	2.42030989751
157	25	30.73	2.66403828801
158	24	30.76	2.62343286554
159	25	30.61	2.51751861959
160	25	31.03	3.12555595055
161	22	30.79	2.90274008482
162	24	30.61	2.5802906813
163	24	30.38	2.89406288805
164	24	30.8	2.67207784318
165	25	30.75	2.44693686065
166	25	30.97	2.70353472328
167	25	30.8	2.53377189186
168	24	31.23	2.64142007261
169	24	31.22	2.68916343869
170	24	30.9	2.96141857899
171	24	30.74	3.05489770696
172	24	30.39	3.01958606435
173	24	30.18	2.82269374889
174	24	30.23	2.82437603729
175	24	30.26	2.6930280355
176	24	30.27	2.87351700882
177	23	30.06	2.87339520428
178	23	29.71	2.54281340251
179	23	30.01	2.62104940816
180	22	30.1	3.06431068921
181	23	29.83	3.19704551109
182	22	29.2	3.09515750811
183	21	28.82	2.84738476501
184	21	28.73	3.14278538879
185	22	28.66	2.87478694863
186	20	28.51	3.04136482521
187	22	28.51	2.94786363321
188	22	28.29	3.23819394107
189	21	27.79	2.7177012345
190	21	27.99	2.61340773704
191	21	27.99	2.84427495155
192	21	27.62	2.83823889058
193	21	27.76	2.87443907572
194	21	27.34	2.81147648043
195	21	27.03	3.04780248704
196	21	27.22	2.8304769916
197	22	27.54	2.71079324184
198	22	27.07	3.07654026465
199	21	26.89	2.81032026645
200	21	27.41	3.17834862783
201	21	27.29	2.72137832725
202	21	27.88	2.69547769421
203	23	27.7	2.91032644217
204	22	27.6	2.90516780927
205	22	27.74	2.70784046797
206	21	27.66	2.66915717034
207	21	27.72	2.93625611962
208	21	28.17	2.90535712091
209	20	27.69	2.91785880399
210	20	27.85	3.30567693521
211	21	27.28	3.20649341181
212	21	26.65	3.06716481461
213	21	26.33	2.81799574166
214	22	26.89	2.54517189989
215	22	27.25	2.84736720498
216	21	26.92	2.68953527584
217	22	26.96	2.69042747533
218	22	27.14	2.46584671056
219	22	27.35	2.64338797758
220	21	27.32	2.70510628257
221	22	27.41	2.67990671479
222	22	27.38	2.75963765737
223	23	27.72	2.71691000955
224	23	27.67	2.94976270232
225	21	27.25	2.57050578681
226	22	27.33	2.66853892608
227	22	27.79	2.45884119048
228	21	28.05	2.97111090335
229	21	27.99	2.74406632573
230	21	28.56	3.23208910768
231	22	28.57	2.93003412949
232	23	28.76	2.81112077293
233	23	28.85	2.66223590239
234	23	28.81	2.66343762833
235	21	28.72	2.8881828197
236	21	28.2	2.74226184016
237	21	28.14	2.95641675005
238	21	27.98	2.74947267671
239	21	27.45	2.79419040153
240	21	27.64	2.78395402261
241	21	28.14	3.12096139034
242	21	28.08	2.59491811046
243	20	28.11	2.74916350914
244	20	28.76	2.86747275488
245	20	28.84	3.10393298897
246	20	28.27	3.23683487376
247	20	27.83	3.30470876175
248	20	27.36	3.18282893037
249	19	27.41	3.2896656365
250	21	27.06	2.95235499221
251	19	27.15	3.25998466254
252	19	26.41	2.74260824764
253	20	25.84	2.76665863453
254	19	26.09	2.83582439513
255	21	26.75	2.85438259524
256	22	27.39	2.95599391068
257	20	27.39	3.19341509986
258	18	26.98	2.94271983036
259	18	27.05	2.90989690539
260	20	27.42	3.40052937055
261	19	26.76	3.2775600681
262	19	26.53	3.27553049139
263	19	25.7	3.03809150619
264	19	25.49	3.0016495465
265	19	25.21	2.96747367301
266	20	25.79	2.57019454517
267	19	25.49	2.64762157417
268	19	25.76	2.96351143072
269	19	25.71	3.12824231798
270	19	25.58	2.96708611267
271	19	25.95	2.66598949735
272	21	26.09	2.91922935036
273	21	25.97	2.79805289442
274	19	25.93	2.65802558302
275	19	26.29	2.66193538614
276	19	26.4	2.91890390387
277	20	26.33	2.82862157243
278	20	26.38	2.68990706159
279	21	26.47	2.58246006746
280	21	27.05	2.75454170417
281	21	27.32	2.93897941469
282	20	27.29	3.05055732613
283	19	26.91	2.96342707013
284	19	27.12	2.95052537695
285	19	26.88	3.11216966118
286	20	26.8	2.89136645896
287	19	26.73	2.81373417366
288	20	26.95	3.1060424981
289	17	26.73	3.10758748871
290	20	26.69	2.90067233586
291	20	27.25	2.74727137356
292	21	27.6	3.16543835827
293	20	27.19	3.01560939115
294	18	27.19	3.05841462199
295	21	27.33	3.11144660889
296	18	27.3	3.06757233004
297	18	26.64	2.98502931309
298	20	26.64	3.2388886983
299	21	26.13	2.76280654408
300	21	26.31	2.71180751529
1	64	72.8	2.76043474837
2	64	70.32	2.54511296409
3	63	68.7	2.53179778023
4	63	67.63	2.52449995049
5	62	66.65	2.53919278512
6	60	65.29	1.90942399692
7	60	64.73	2.23094150528
8	59	63.81	1.80939216313
9	58	63.35	2.0560885195
10	58	62.87	2.6330780467
11	56	61.78	2.41072603172
12	56	60.52	2.18851547858
13	55	59.47	1.8839055178
14	54	58.96	2.04899975598
15	54	58.23	1.9227844393
16	53	57.89	2.0390929356
17	54	57.95	1.97673974008
18	53	57.8	2.08806130178
19	53	57.59	2.37947473195
20	52	57.31	2.56005859308
21	50	56.36	1.97240969375
22	50	55.8	2.22261107709
23	50	54.98	2.2315017365
24	50	54.24	1.9293522229
25	50	54.1	2.1
26	48	53.61	2.02926094921
27	49	53.15	1.84051623193
28	49	52.96	2.19508541975
29	48	52.25	1.88348082018
30	45	52.13	2.10549281642
31	45	51.6	2.27596133535
32	45	51.06	2.36567115213
33	45	50.5	2.20680764907
34	43	49.68	2.29730276629
35	44	49.48	2.43096688583
36	44	49.02	2.34085454482
37	44	48.71	2.35921597146
38	41	48.15	2.45509673944
39	43	47.65	2.23774440006
40	42	47.46	2.26900859408
41	42	47.41	2.39622619967
42	41	46.58	2.30295462396
43	41	46.49	2.5787400024
44	42	45.85	1.99687255477
45	41	45.45	2.40572234474
46	39	45.13	2.19387784528
47	39	44.92	2.19854497339
48	38	44.3	2.3769728648
49	38	44.07	2.55442752882
50	39	43.75	2.37223523286
51	38	43.76	2.47838657195
52	39	43.7	2.45560583156
53	39	43.5	2.4062418831
54	37	43.03	2.47165936164
55	38	42.39	2.52148765613
56	37	42.37	2.84132011572
57	37	42.21	2.89584184651
58	37	42.03	2.43497433251
59	37	41.95	2.65094322836
60	37	41.86	2.56132778066
61	36	42.03	2.41435291538
62	36	42.29	2.43842162064
63	36	42.23	2.54894095655
64	36	42.35	3.01786348266
65	36	41.58	2.75746260174
66	35	40.89	2.50157950104
67	35	40.5	2.5670995306
68	35	40.14	2.54566297848
69	35	39.73	2.70501386318
70	34	39.35	2.65094322836
71	32	38.89	2.4855381711
72	34	38.88	2.44245777855
73	33	39.24	2.49046180457
74	34	38.85	2.16043977005
75	32	38.79	2.38870257671
76	33	39.08	2.24356858598
77	33	39.21	2.73237991502
78	35	39.1	2.39374184072
79	33	38.62	2.25734357155
80	34	38.8	2.52982212813
81	30	38.13	2.43168665745
82	31	37.91	2.73895965651
83	31	37.61	3.1044967386
84	32	36.89	2.22213860954
85	31	36.94	2.52911051558
86	32	37.3	2.5632011236
87	30	37.03	2.5979030005
88	30	36.4	2.75317997959
89	30	35.94	2.3444402317
90	29	35.95	2.38065117142
91	31	36.01	2.37274103096
92	31	35.68	2.27543402453
93	31	35.88	2.41362797465
94	30	35.25	2.50349755342
95	29	35.04	2.33632189563
96	29	35.19	2.50876463623
97	29	35.04	2.72
98	28	34.82	2.53132376436
99	28	34.9	2.65141471671
100	28	34.41	2.67243334809
101	28	34.02	2.6757428875
102	28	33.51	2.59034746704
103	28	33.59	2.45395598983
104	29	33.75	2.22429764195
105	29	34.08	2.72646291007
106	29	33.75	2.92702921065
107	28	33.21	2.36767818759
108	28	33.03	2.48779018408
109	28	32.55	2.30813777752
110	29	32.55	2.32109887769
111	28	32.58	2.16416265562
112	28	33.29	2.35072329295
113	28	33.65	2.49549594269
114	27	33.51	3.01494610234
115	28	33.31	2.72284777393
116	27	33.17	2.54972547542
117	27	33.36	2.81964536777
118	26	32.59	2.5655213895
119	26	32.13	2.79519230108
120	25	31.98	2.81417838809
121	25	31.31	2.63322995578
122	25	31.14	2.35805004188
123	25	31.39	2.73091559738
124	25	30.92	2.59491811046
125	25	31.46	2.42660256326
126	25	31.49	2.75134512557
127	25	31.21	2.53493589663
128	25	31.06	2.6563885258
129	26	31.09	2.45395598983
130	26	31.0	2.52982212813
131	25	30.9	2.78388218142
132	25	30.58	2.33315237394
133	27	30.75	2.21528779169
134	26	31.29	2.92675588323
135	26	31.07	2.61248923443
136	27	31.27	2.42839453137
137	26	31.23	2.23988839008
138	25	30.95	2.58988416729
139	25	30.31	2.33963672394
140	24	30.41	2.67617264017
141	24	30.36	2.47596445855
142	25	30.41	2.58493713657
143	24	30.58	2.6539781461
144	24	30.93	2.90260228071
145	26	30.97	2.67378009567
146	25	30.69	2.54438597701
147	24	30.89	2.79605078638
148	24	30.34	2.64658270228
149	25	30.47	2.58632944537
150	25	30.67	2.49821936587
151	25	30.93	2.82932854225
152	23	30.41	2.96342707013
153	25	30.34	2.5737909783
154	25	30.28	2.70953870613
155	24	29.92	2.77733685389
156	24	30.24	2.8217724926
157	24	30.2	2.91204395571
158	25	30.26	2.84471439691
159	23	29.55	2.66598949735
160	25	30.07	2.68423173366
161	24	29.82	2.58216963037
162	25	30.04	2.60737415804
163	24	30.3	2.68514431642
164	23	30.36	2.70007407306
165	25	30.35	3.04425688798
166	25	30.16	2.91794448199
167	23	29.98	2.7820136592
168	23	30.02	2.98991638679
169	23	29.63	2.96868657827
170	23	29.52	2.53171878375
171	23	29.35	3.03108891325
172	23	28.79	2.56240121761
173	23	28.98	2.66450745918
174	24	29.22	2.94475805458
175	22	28.98	2.71285827127
176	21	28.87	3.11337437518
177	21	28.0	2.90172362571
178	21	27.8	2.63438797446
179	23	28.18	2.57829400961
180	23	28.04	2.59969228948
181	23	28.08	2.70436683902
182	22	28.04	2.58812673569
183	22	28.11	2.6111108747
184	23	28.54	2.51960314335
185	23	28.85	2.79419040153
186	23	28.91	2.92607245296
187	22	28.9	2.64386081328
188	22	29.02	2.72389427108
189	22	28.77	2.91840709977
190	22	28.5	2.72580263409
191	22	28.07	2.89570371413
192	22	27.91	2.64988679003
193	22	28.0	2.66082693913
194	24	28.47	2.45949181743
195	24	29.25	2.72167228005
196	23	29.48	2.64756491894
197	24	29.57	2.76859169976
198	23	29.33	2.49020079512
199	22	29.67	2.83920763594
200	22	29.57	2.98078848629
201	22	28.88	2.8540497543
202	22	28.78	3.1291532401
203	22	27.9	3.3
204	22	26.82	2.81914880771
205	21	27.21	3.04070715459
206	21	27.48	2.64378516525
207	21	27.52	2.99492904757
208	21	27.36	2.9000689647
209	21	27.22	2.54
210	21	27.79	2.76150321383
211	21	27.63	2.65953003367
212	22	27.35	2.8788018341
213	23	27.34	2.40091649168
214	23	28.34	2.5227762485
215	23	28.91	2.91922935036
216	23	28.96	2.81751663704
217	23	29.23	2.78156430808
218	22	29.02	2.96641197409
219	23	28.86	2.78215743624
220	22	28.34	2.70636287293
221	23	28.62	2.59144747197
222	22	28.9	2.80535202782
223	22	28.28	2.80028569971
224	23	28.79	2.80818446688
225	24	28.76	2.64242313039
226	22	28.91	2.73164785432
227	23	28.44	2.38042013099
228	22	29.04	2.89454659662
229	21	28.36	3.16708067469
230	23	28.07	2.52291498073
231	22	28.17	2.55755742849
232	22	28.34	2.59314480891
233	22	29.14	3.1305590555
234	23	28.72	2.43343378788
235	22	28.79	2.95396343918
236	22	28.37	2.75918466218
237	23	28.62	2.74510473389
238	23	28.32	2.81382302215
239	22	28.15	2.68840101175
240	23	28.38	2.7231599292
241	22	27.92	2.62556660552
242	22	27.9	2.79821371593
243	23	28.01	2.66643957366
244	23	28.56	2.71779322245
245	21	28.53	2.76931399448
246	23	29.09	2.82876298053
247	23	29.03	2.81231221595
248	23	29.25	2.92018835009
249	22	28.75	2.7363296585
250	22	28.4	2.81424945589
251	23	28.79	2.60497600757
252	23	29.05	2.96437177156
253	23	28.68	2.9525582128
254	21	28.79	2.73603728045
255	23	28.66	2.88520363233
256	24	28.5	2.62488094968
257	23	28.02	2.6757428875
258	22	27.74	2.55585602098
259	22	28.12	2.62785083291
260	23	28.0	2.5179356624
261	23	28.51	2.74041967589
262	23	28.37	2.52449995049
263	23	28.85	2.77983812478
264	23	28.7	2.61725046566
265	22	28.26	2.70044440787
266	21	28.53	2.92388440264
267	21	28.46	2.87200278551
268	23	28.26	2.6291443475
269	24	29.01	2.52782515218
270	24	29.09	2.604208133
271	23	28.84	2.6333248945
272	22	28.72	2.71322686114
273	22	28.73	2.7123974635
274	22	29.04	2.93911551321
275	23	29.43	2.7175540473
276	23	29.38	2.59144747197
277	24	28.95	2.51942453747
278	24	28.98	2.73488573802
279	24	29.02	2.58062008052
280	24	29.3	2.66270539114
281	24	29.53	2.86515270099
282	22	29.23	2.94569176935
283	23	28.88	2.85755139936
284	21	29.07	3.0405756034
285	21	28.39	2.98628531792
286	21	27.93	2.76135836139
287	21	27.48	2.80528073461
288	21	27.51	2.75860471978
289	21	27.35	2.73267268439
290	21	27.42	2.71359540094
291	21	28.34	2.70266535109
292	22	28.59	3.12440394315
293	22	27.93	2.78659290174
294	23	27.92	2.76289703029
295	20	27.99	2.69998148142
296	20	28.24	2.746343023
297	23	28.26	2.77351762208
298	22	28.27	2.92183161732
299	22	27.63	2.74100346589
300	21	27.56	2.80471032372
1	66	72.78	2.9277294957
2	64	70.21	2.30779115173
3	63	68.78	2.01285866369
4	61	67.94	2.28394395728
5	62	67.2	2.40416305603
6	61	66.59	2.51433887931
7	58	65.8	2.5099800796
8	58	64.92	2.52855690068
9	59	63.97	2.61707852385
10	56	62.78	2.37730940351
11	56	62.28	2.72792961786
12	55	61.44	2.58580741742
13	55	60.91	2.77522972022
14	53	60.35	3.19491783932
15	54	58.78	2.52420284446
16	52	57.85	2.34680634054
17	52	57.3	2.18403296678
18	52	56.47	2.12816822643
19	52	55.81	2.22123839333
20	50	54.83	2.04477382612
21	50	54.06	1.95356085137
22	48	53.34	1.84510162322
23	48	52.79	2.27725712207
24	47	52.2	2.33666428911
25	45	51.53	2.11874963127
26	45	51.61	2.27110105455
27	46	50.38	1.84271538768
28	45	50.43	2.3334738053
29	46	50.19	2.23470355976
30	44	49.77	2.30154296071
31	44	49.31	2.34816949984
32	41	48.61	2.75642884907
33	43	47.91	2.58880281211
34	41	47.19	2.65968043193
35	42	46.62	2.55256733506
36	40	45.8	2.4248711306
37	41	45.24	2.23660456943
38	41	44.95	2.02175666192
39	40	44.59	2.23201702502
40	40	44.51	2.59034746704
41	37	43.64	2.41462212365
42	37	42.83	2.3624351843
43	36	42.45	2.32540319085
44	36	42.17	2.66853892608
45	32	41.58	2.72095571445
46	32	40.19	2.90067233586
47	32	39.55	2.8368115905
48	32	38.63	2.73369713026
49	32	38.34	2.6238140178
50	32	37.98	2.70177719289
51	32	37.52	2.58642610565
52	30	37.08	2.68581458779
53	31	36.52	2.58642610565
54	31	36.09	2.25873858603
55	31	36.5	2.53968501984
56	31	36.12	2.07499397589
57	31	36.11	2.22213860954
58	31	36.22	2.57130317155
59	28	36.23	2.46923064941
60	28	36.04	2.38293936138
61	29	35.54	2.29529954472
62	28	35.5	2.67394839142
63	28	35.43	2.70279484978
64	28	34.6	2.46576560119
65	30	35.03	2.75845971513
66	30	34.6	2.44948974278
67	29	34.33	2.36666431925
68	29	34.42	2.50271852193
69	29	34.25	2.55098020376
70	29	34.14	2.47394421926
71	28	34.21	2.56240121761
72	28	33.91	2.91922935036
73	27	33.54	2.87200278551
74	28	32.83	2.61554965543
75	28	32.35	2.51545224562
76	28	32.63	2.60251801147
77	27	32.4	2.61533936612
78	26	32.02	2.80349781523
79	26	31.26	2.62533807347
80	26	30.83	2.39188210412
81	25	31.25	2.7654113618
82	24	30.73	2.57237244582
83	25	31.05	2.7726341266
84	25	30.38	2.62213653344
85	25	30.19	2.44824426886
86	25	30.23	2.76353035084
87	25	30.05	2.73998175176
88	26	29.84	2.35253055241
89	25	30.02	2.58062008052
90	25	29.93	2.44235542049
91	25	30.14	2.84260443959
92	25	29.48	2.38947693021
93	25	29.37	2.36497357279
94	25	29.98	2.6305132579
95	25	30.0	2.83901391332
96	25	29.67	2.63838966038
97	24	30.1	2.81957443597
98	24	29.87	2.79161243728
99	25	30.07	2.83991197047
100	25	29.92	2.46446748812
101	26	30.15	2.32969955144
102	25	30.55	3.00790624854
103	25	30.3	2.55538646784
104	25	30.47	2.62470950774
105	25	30.4	2.95296461205
106	25	30.1	2.62488094968
107	25	30.31	2.73018314404
108	25	30.32	2.68283432213
109	25	30.59	2.86738556877
110	24	30.05	2.64338797758
111	23	29.91	2.74260824764
112	24	29.53	2.60559014429
113	23	30.16	3.17401953365
114	23	29.14	2.54566297848
115	23	28.71	2.80462118654
116	24	28.77	2.7123974635
117	24	28.54	2.5433049365
118	24	28.7	2.7147743921
119	24	28.86	2.65337520905
120	24	28.64	2.54369809529
121	24	28.38	2.59530345047
122	24	28.57	2.55442752882
123	24	28.87	2.67078640104
124	24	28.69	2.54438597701
125	23	28.91	2.66868881663
126	23	29.2	2.97321374946
127	24	28.87	2.67452799574
128	24	29.32	2.64907531037
129	24	29.06	2.94557294936
130	22	28.77	2.43661650655
131	22	29.52	2.81595454509
132	22	29.62	3.10412628609
133	24	29.31	2.61799541634
134	24	29.53	2.78372053195
135	23	29.34	2.5108564276
136	23	29.51	2.72945049415
137	23	29.35	3.16346329203
138	23	28.74	2.7152163818
139	23	28.9	3.09354165965
140	23	28.84	2.7155846516
141	23	28.65	2.62821232019
142	23	28.77	2.59173686936
143	23	28.84	2.83097156468
144	23	29.13	2.87977429671
145	24	28.65	2.64338797758
146	22	28.64	2.56717743836
147	22	28.96	2.67551864131
148	22	29.28	2.9902508256
149	23	28.65	2.47941525364
150	22	28.96	3.06241734582
151	22	28.63	2.57159483589
152	22	29.0	2.67955220139
153	22	29.14	3.00006666593
154	23	29.05	3.03438626414
155	23	28.77	2.59944224787
156	23	28.24	2.61579815735
157	23	28.31	2.85550345824
158	23	28.53	2.62851669198
159	23	28.85	2.85087705803
160	24	29.18	2.84035209085
161	24	29.3	2.73678643668
162	23	29.08	2.76651405202
163	23	28.94	3.41707477237
164	23	28.17	2.74246239719
165	23	28.33	2.72783797173
166	22	28.42	3.14699857007
167	21	28.04	2.8032837887
168	23	29.02	2.92909542351
169	21	28.69	2.84146089187
170	21	28.56	2.69933325101
171	21	28.13	2.67452799574
172	21	27.41	2.89515111868
173	21	27.53	2.62470950774
174	21	27.89	2.81387632991
175	21	27.87	2.90742153806
176	22	27.58	2.84668227943
177	22	27.79	2.69924063396
178	22	27.69	2.74114939396
179	22	27.9	2.83725219182
180	22	27.28	2.58874486962
181	22	27.16	2.48080632053
182	23	27.43	2.54658594986
183	23	27.46	2.53937000061
184	23	27.48	2.47580290007
185	22	27.72	2.71691000955
186	22	27.22	2.73342276276
187	22	27.6	2.5495097568
188	24	28.04	2.70525414703
189	24	27.97	2.33861069868
190	22	28.54	2.79077050293
191	22	28.32	2.70140704078
192	22	28.47	3.04123330246
193	22	27.86	2.81076502042
194	22	27.95	2.70323879818
195	22	27.28	2.92260158078
196	22	27.0	2.65706605112
197	22	27.07	2.7358910797
198	23	27.66	2.78646729749
199	22	27.82	2.65849581531
200	23	27.8	2.56515106768
201	23	28.05	2.59759504157
202	22	28.53	2.82295944002
203	22	28.1	2.92403830344
204	22	27.83	3.08886710624
205	23	27.56	2.61273802743
206	23	27.73	2.71608173662
207	22	27.45	2.36801604724
208	23	27.89	2.5725279396
209	23	28.11	2.75642884907
210	23	28.18	2.52737017471
211	22	28.17	2.82508406955
212	23	28.21	2.6506414318
213	23	28.68	2.83506613679
214	23	28.48	2.73305689659
215	23	28.68	2.65661438677
216	23	29.12	2.81524421676
217	23	28.43	2.76135836139
218	23	27.98	2.68320703637
219	22	28.03	2.73662200532
220	22	28.28	2.78237308785
221	23	27.99	2.68139888864
222	23	28.02	2.73853975688
223	22	28.39	2.80675969759
224	22	28.46	2.59776827296
225	23	28.73	2.6452032058
226	24	28.51	2.47586348574
227	24	28.46	2.32559669762
228	24	28.79	2.790322562
229	23	28.61	2.78170810834
230	22	28.85	2.70693553673
231	22	28.61	2.65667084901
232	21	28.3	2.68886593195
233	22	28.58	2.98053686439
234	23	28.46	3.00472960514
235	21	28.43	2.97407128361
236	21	27.78	2.61373296264
237	22	27.45	2.6244046944
238	22	28.33	3.07589011507
239	22	27.78	2.98523030937
240	21	27.92	2.86942502951
241	21	28.08	2.87986110776
242	21	27.92	2.71175220107
243	22	27.88	2.80456770287
244	22	27.58	2.8219851169
245	22	27.61	2.4408809885
246	23	27.93	2.53872015
247	22	28.24	2.83943656383
248	22	28.38	2.54472002389
249	24	28.96	2.5609373284
250	24	29.24	2.84998245609
251	24	29.07	2.60098058432
252	24	29.32	2.66413212886
253	23	29.8	2.71293199325
254	24	30.21	2.59728704613
255	24	30.6	2.46170672502
256	23	30.76	2.48644324287
257	23	31.27	2.90810935145
258	25	31.47	2.76570063456
259	25	31.57	2.85396215812
260	25	31.57	2.90260228071
261	26	31.7	2.62106848442
262	25	31.47	2.60174941145
263	24	31.47	3.45385292101
264	24	31.52	2.86523995505
265	26	31.5	2.78747197295
266	25	31.87	2.70427439436
267	24	32.12	3.04065782356
268	25	32.14	3.0952221245
269	25	31.6	2.85306852354
270	25	31.47	2.75845971513
271	25	31.6	2.59229627936
272	25	31.69	2.8937691684
273	25	31.32	2.97281011839
274	25	30.27	3.00950161987
275	24	29.46	2.82283545394
276	24	29.15	2.40572234474
277	24	29.49	2.79103923297
278	24	29.07	2.7358910797
279	24	28.64	2.56717743836
280	24	28.55	2.27321358433
281	24	28.91	2.5616205808
282	23	29.0	2.50599281723
283	22	29.33	2.66103363376
284	22	29.35	2.51545224562
285	22	28.95	2.62821232019
286	22	28.88	2.63165347263
287	24	29.04	2.73100714023
288	24	29.11	2.4531408439
289	24	29.08	2.48869443685
290	23	29.5	2.81247222209
291	24	29.33	2.54972547542
292	24	29.78	2.65924801401
293	24	29.9	2.75862284483
294	24	29.77	2.59173686936
295	24	30.07	2.69538494468
296	23	29.93	3.06351105759
297	23	29.1	2.7147743921
298	23	28.85	2.70323879818
299	23	28.28	2.40449578914
300	24	28.67	2.60789186892
1	64	72.48	2.81240110937
2	63	69.8	2.24499443206
3	62	68.58	2.57363556084
4	62	67.02	2.11177650333
5	62	66.23	2.12063669684
6	61	65.72	2.0103730997
7	60	65.19	2.31816737963
8	59	64.1	2.01742410018
9	58	62.85	2.0898564544
10	57	62.14	2.35380542951
11	57	61.02	1.9389687981
12	57	60.75	1.98683164863
13	57	60.02	1.61232751015
14	55	59.2	1.70880074906
15	53	58.66	1.80122180755
16	51	58.37	2.40272761669
17	52	57.65	2.60528309402
18	51	56.62	2.32714417259
19	50	55.55	2.55880831638
20	49	54.33	1.96496819313
21	49	54.05	2.19715725427
22	50	53.71	2.2058785098
23	50	52.94	1.90168346472
24	47	52.74	2.24330113895
25	44	51.66	2.442212112
26	45	51.34	2.39674779649
27	46	50.65	2.00686322404
28	45	50.45	2.4015619917
29	44	49.5	2.21133443875
30	45	49.51	2.24274385519
31	44	48.66	2.35465496411
32	44	48.2	2.29346898824
33	42	47.45	2.0560885195
34	42	47.09	2.25430698885
35	42	46.66	2.32043099445
36	41	46.29	2.35072329295
37	41	46.3	2.46373699895
38	41	45.73	2.22645458072
39	41	45.72	2.43343378788
40	40	44.8	2.24499443206
41	37	44.13	2.23452455793
42	37	44.02	2.31075745157
43	39	43.76	2.16388539438
44	38	43.43	2.01124339651
45	38	43.15	2.40572234474
46	38	42.67	2.22285852001
47	36	42.23	2.46923064941
48	37	41.98	2.25379679652
49	36	42.11	2.34476011566
50	37	41.63	2.42344795694
51	36	40.78	2.39824936151
52	35	40.24	2.12659352016
53	35	39.89	2.03418288263
54	34	40.01	2.26933911084
55	34	39.49	2.09520882014
56	33	39.1	2.30867927612
57	34	39.03	2.30848435126
58	34	38.93	2.17832504462
59	34	38.48	2.21576172004
60	33	38.21	2.44251919133
61	33	38.31	2.35667138142
62	33	37.74	2.24775443499
63	33	37.66	2.56990272189
64	33	37.46	2.38922581603
65	33	37.11	2.52545045487
66	33	36.82	2.29947820168
67	32	37.03	2.48779018408
68	32	37.0	2.43721152139
69	33	36.69	2.27901294424
70	33	36.99	2.2956262762
71	33	36.92	2.38612656831
72	32	36.7	2.4269322199
73	32	36.75	2.57050578681
74	33	36.76	2.34997872331
75	33	37.0	2.43721152139
76	31	36.69	2.56005859308
77	31	36.98	2.68320703637
78	31	37.03	2.60942522407
79	27	36.8	2.4819347292
80	29	36.53	2.62470950774
81	29	36.64	3.05129480713
82	29	36.22	3.19242854266
83	29	35.13	2.68199552572
84	29	35.06	2.8207091307
85	29	34.91	2.77162407263
86	29	34.67	2.60789186892
87	29	34.14	2.85313862264
88	29	33.93	2.67677044216
89	29	33.75	2.42641711171
90	28	33.98	2.56507309837
91	29	33.52	2.38109218637
92	29	33.2	2.4289915603
93	29	33.21	2.25075542874
94	29	33.22	2.30034779979
95	28	33.27	2.60328638455
96	29	33.31	2.16192044257
97	29	33.53	2.19296602801
98	29	33.81	2.41948341594
99	29	33.63	2.38182702982
100	29	33.94	2.59545757045
101	29	33.99	2.42278765062
102	29	33.95	2.6244046944
103	28	33.46	2.42660256326
104	28	33.65	2.70323879818
105	29	33.68	2.37857099957
106	29	33.72	2.63469163281
107	27	33.57	2.58942078465
108	29	33.81	2.41534676599
109	28	33.37	2.49661771203
110	28	33.57	2.58942078465
111	28	33.2	2.58843582111
112	28	33.45	2.4672859583
113	28	33.63	2.28759699248
114	29	33.71	2.45069377932
115	27	33.77	2.64142007261
116	27	33.12	2.52697447553
117	27	32.87	2.70057401306
118	27	32.84	2.41958674157
119	28	32.65	2.37223523286
120	28	33.09	2.4128613719
121	28	33.14	2.36228702744
122	26	32.87	2.62927746729
123	29	32.87	2.55990234189
124	29	32.71	2.32935613421
125	28	32.63	2.46842054764
126	27	32.34	2.37579460392
127	26	32.47	2.77292264587
128	26	31.92	2.6331729909
129	26	31.35	2.60528309402
130	26	31.28	2.93965984427
131	26	31.3	2.5
132	27	31.82	2.65473162485
133	27	31.8	2.61533936612
134	26	31.77	2.48537723495
135	26	31.37	2.57936038583
136	25	31.32	2.58797217914
137	25	31.0	2.62297540972
138	26	30.61	2.37442624649
139	26	30.94	2.51722068957
140	26	31.15	2.40572234474
141	26	30.87	2.60635761169
142	26	30.53	2.58246006746
143	26	30.56	2.41379369458
144	26	30.66	2.59699826723
145	26	30.48	2.42684980994
146	25	30.48	2.55139177705
147	26	30.4	2.53771550809
148	26	30.38	2.50111974923
149	26	30.18	2.60530228572
150	26	30.42	2.44613981612
151	26	30.39	2.47747855692
152	26	30.78	2.59453271323
153	26	30.7	2.45153013443
154	24	30.59	2.44579230516
155	25	31.17	2.91223282036
156	26	30.78	2.76615256268
157	26	30.4	2.69814751265
158	26	30.15	2.48344518764
159	26	30.05	2.44693686065
160	26	30.58	2.46243781647
161	26	30.72	2.36254100494
162	26	30.54	2.83344313513
163	25	29.95	2.77983812478
164	24	29.96	2.62267039485
165	25	29.36	2.58658075459
166	25	29.16	2.45242736896
167	24	29.09	2.3069243594
168	25	29.4	2.40831891576
169	24	29.4	2.64575131106
170	24	29.18	2.47539895774
171	23	28.99	2.64384190148
172	23	28.82	2.31680814916
173	23	28.86	2.30225975945
174	24	28.82	2.37646796738
175	24	28.82	2.55491682839
176	23	28.52	2.67387359462
177	23	28.56	2.57806128709
178	24	28.91	2.7571543301
179	24	28.95	2.57827461687
180	24	28.87	2.3691981766
181	24	29.17	2.58478238929
182	24	30.08	2.55609076521
183	24	29.61	2.6301901072
184	24	29.9	2.60192236625
185	24	29.93	2.59713303471
186	26	30.39	2.4531408439
187	23	30.64	2.97159889622
188	23	30.68	2.83506613679
189	23	30.29	2.56240121761
190	26	30.82	2.51944438319
191	25	30.82	2.53527118865
192	25	31.04	2.59198765429
193	26	31.42	2.69510667692
194	25	31.21	2.43842162064
195	26	31.4	2.76767050062
196	25	31.34	2.67290104568
197	25	31.05	2.61677282163
198	24	30.95	2.69953699734
199	24	31.05	2.97447474355
200	23	30.84	2.68596351427
201	24	30.8	3.01330383466
202	23	30.25	2.84033448734
203	23	29.97	3.03464989743
204	24	29.86	2.77856077853
205	24	29.67	2.33689965553
206	23	29.45	2.61677282163
207	22	29.66	2.94693060658
208	22	29.59	2.95667042465
209	22	29.47	2.80162452873
210	24	29.36	2.46787357861
211	24	29.82	2.9236278833
212	23	29.68	2.95932424719
213	23	29.31	2.88338342924
214	24	28.89	2.78888866755
215	24	28.64	2.48805144641
216	25	29.15	2.19260119493
217	24	29.35	2.5860201082
218	24	29.87	2.71534528191
219	24	30.27	2.84905247407
220	23	29.88	2.7938503897
221	24	29.97	2.70723105774
222	24	29.72	2.67237721888
223	24	29.64	2.47596445855
224	24	30.11	2.86319751327
225	24	30.26	2.73356909552
226	24	30.39	2.91511577815
227	25	30.13	2.3309011133
228	25	30.62	2.37394186955
229	25	31.04	2.53740024434
230	25	31.07	2.48698612783
231	25	30.96	2.68298341404
232	25	30.71	2.90274008482
233	25	30.5	2.86879765756
234	25	29.59	2.66118394704
235	25	29.65	2.51147367097
236	25	29.54	2.71816114313
237	23	29.53	2.73296542239
238	23	29.19	2.67093616547
239	24	29.17	2.73515995876
240	23	29.01	2.62104940816
241	23	29.16	2.83097156468
242	24	29.33	2.75700924917
243	24	29.59	2.72798460406
244	22	29.58	2.84668227943
245	22	29.66	3.20381023158
246	24	29.93	2.98414141756
247	24	29.95	2.89956893348
248	23	30.28	2.8881828197
249	23	30.31	2.84146089187
250	23	30.11	2.81742790502
251	23	29.69	2.60267170423
252	23	29.96	3.28
253	24	29.88	2.67312551146
254	25	29.87	2.76280654408
255	24	30.04	2.74925444439
256	25	30.02	2.75310733536
257	23	30.11	3.09158535383
258	23	29.86	2.96991582372
259	23	29.78	3.16411124962
260	23	29.36	2.64393645915
261	23	29.52	2.70362719324
262	22	29.49	3.26954125222
263	24	29.13	2.79519230108
264	21	28.82	2.98790896782
265	21	28.22	2.66675833176
266	22	28.21	2.75425125942
267	20	27.9	3.07408522979
268	21	28.18	3.07369484497
269	21	28.34	3.28396102291
270	20	27.61	2.85270047499
271	21	27.71	3.10900305564
272	21	27.38	2.93863914083
273	21	27.3	2.57875939165
274	21	27.48	2.7367133573
275	21	27.67	3.00351460792
276	21	27.27	2.70870817919
277	22	27.78	2.89337173554
278	20	27.21	2.89584184651
279	20	27.49	2.97487814877
280	21	27.49	2.85830369275
281	21	27.59	3.10191876103
282	21	27.1	2.9
283	20	27.3	2.61342686907
284	20	27.39	3.07536989645
285	21	26.99	2.59034746704
286	21	27.54	2.51165284225
287	21	27.88	2.77229147097
288	21	28.0	3.09838667697
289	21	28.64	3.0741502891
290	22	28.04	2.9560784834
291	22	27.58	2.66525796125
292	22	28.07	2.81870537659
293	22	28.04	2.7236739893
294	23	28.27	2.78156430808
295	23	28.1	2.87576076891
296	23	27.86	2.78574945033
297	23	27.64	2.81964536777
298	22	27.26	2.72257231309
299	23	27.01	2.50397683695
300	23	27.62	2.56429327496
