100 40 20 0.8 25
1	60	69.46	3.49691292428
2	60	66.75	2.92702921065
3	59	65.04	2.67925362741
4	55	63.27	2.52529206232
5	56	61.7	2.05669638012
6	56	61.03	2.04672909785
7	54	60.51	2.29997826077
8	54	59.57	1.98622758011
9	53	58.64	2.27385135838
10	52	58.07	2.31626855092
11	52	57.34	2.29878228634
12	52	56.7	2.2427661492
13	52	55.86	2.16342321334
14	51	55.47	2.11874963127
15	51	54.91	2.06927523544
16	50	54.33	2.19570034385
17	49	53.81	2.30518979696
18	49	52.98	2.03460069793
19	48	52.35	2.26881026091
20	47	52.13	2.22555611028
21	47	51.45	2.09463600657
22	47	50.96	2.00459472213
23	47	50.72	2.30685933685
24	46	50.08	2.1103554203
25	44	49.59	2.09807054219
26	44	49.48	2.35575890108
27	44	48.77	2.0729447653
28	45	48.94	2.07277591649
29	43	48.33	2.24523940817
30	42	47.88	2.20127235934
31	42	47.68	2.34469614236
32	43	47.66	2.16434747672
33	42	47.2	2.5495097568
34	42	46.63	2.50860519014
35	40	45.99	2.67018725935
36	39	45.1	2.22485954613
37	39	44.38	2.4689268924
38	39	44.35	2.55489725821
39	39	43.83	2.06908192201
40	39	43.52	2.17476435505
41	39	43.35	2.07545175805
42	39	43.26	2.26106169752
43	38	42.58	1.98584994398
44	39	42.72	2.07884583363
45	39	43.01	2.30865761862
46	38	42.74	2.47232683923
47	38	42.29	2.03123115376
48	38	42.14	2.31525376579
49	35	42.17	2.51019919528
50	35	41.74	2.58696733648
51	35	41.24	2.47838657195
52	35	40.68	2.4408195345
53	35	39.82	2.50750872381
54	34	39.25	2.23774440006
55	34	38.97	2.3851834311
56	34	38.66	2.65035846632
57	32	37.97	2.37257244357
58	34	37.61	2.10663238369
59	33	37.41	2.20950220638
60	33	37.05	2.26439837484
61	30	36.54	2.14671842588
62	32	36.53	2.14688145923
63	31	36.81	2.44006147464
64	32	36.78	2.51626707644
65	31	36.32	2.34469614236
66	29	35.93	2.51497514898
67	31	36.24	2.60430412971
68	31	35.74	2.55194043818
69	32	35.19	2.25253190876
70	30	35.41	2.42938263763
71	31	35.35	2.31246621597
72	31	35.72	2.43343378788
73	30	35.79	2.35072329295
74	28	35.71	2.35921597146
75	28	35.42	2.38822109529
76	28	35.09	2.4003958007
77	27	34.75	2.45509673944
78	29	34.64	2.33888862497
79	29	34.86	2.54958820204
80	31	35.0	2.37486841741
81	30	35.24	2.81467582503
82	30	34.94	2.40757139043
83	29	34.77	2.61095767871
84	30	34.37	2.3309011133
85	30	34.26	2.23436791957
86	30	34.18	2.2017265952
87	30	34.55	2.39321958875
88	30	34.51	2.27813520231
89	29	33.83	2.17280924151
90	29	33.57	2.46274237386
91	29	33.54	2.33846103239
92	28	33.57	2.57780914732
93	28	33.24	2.20961535114
94	29	33.16	2.12
95	28	33.28	2.31119016959
96	26	33.05	2.31678656764
97	26	33.14	2.73868581623
98	26	32.7	2.86879765756
99	25	31.99	2.8017672994
100	26	31.74	2.64431465601
101	26	31.3	2.45153013443
102	25	31.5	2.50399680511
103	25	31.09	2.69107785097
104	24	30.21	2.48714695987
105	22	30.16	3.01900645909
106	22	29.36	2.9000689647
107	22	29.24	3.05326055226
108	21	28.79	2.77955032334
109	23	28.7	2.90688837075
110	23	28.56	2.88901367252
111	23	28.61	3.07211653425
112	23	28.0	2.41660919472
113	23	28.65	2.72167228005
114	23	28.62	2.75963765737
115	23	28.67	2.73150141863
116	23	28.57	2.69909244006
117	22	28.87	2.79519230108
118	23	28.39	2.42030989751
119	23	28.62	2.92841253924
120	23	28.42	2.59299055147
121	23	28.64	2.83732268168
122	23	28.36	2.50407667614
123	24	28.56	2.48322371123
124	23	28.66	2.81147648043
125	24	28.8	2.64575131106
126	22	28.7	2.83019433962
127	24	28.58	2.6764902391
128	22	28.84	2.72293958802
129	22	28.38	2.61449803978
130	22	28.42	2.74291815408
131	22	28.6	2.81780056072
132	22	28.68	3.01953638826
133	22	28.0	2.88790581564
134	23	27.8	2.46170672502
135	24	28.43	2.36750923969
136	24	28.83	2.54580046351
137	24	28.86	2.51404057246
138	23	28.51	2.55145056781
139	23	28.44	2.49527553589
140	23	28.7	2.51594912508
141	23	29.05	2.60911862513
142	23	28.82	2.59761429007
143	23	28.56	2.28613210467
144	22	28.92	2.68208873828
145	22	29.16	2.97563438614
146	22	28.84	2.98569924808
147	23	28.88	2.69176522007
148	23	28.94	2.91142576756
149	22	28.98	2.83541884031
150	22	28.58	2.90234388038
151	22	28.22	2.83400776287
152	22	28.69	2.70811742729
153	23	28.66	2.89212724478
154	23	28.25	2.55880831638
155	23	28.24	2.75724500181
156	23	28.12	2.44654858934
157	22	28.24	2.82531414183
158	22	27.92	2.44
159	23	28.22	2.34767970558
160	22	28.11	2.58803013893
161	22	27.58	2.49871967215
162	22	27.73	2.74173302858
163	22	27.78	2.56351321432
164	23	27.61	2.27549994507
165	22	28.3	2.8231188427
166	23	27.78	2.46
167	22	27.59	2.68363559374
168	22	27.12	2.3206895527
169	22	27.6	2.37065391823
170	22	27.92	2.89371733243
171	22	27.45	2.88227340827
172	22	27.2	2.60768096208
173	22	27.3	2.48797106092
174	22	27.03	2.65501412426
175	23	27.01	2.49196709449
176	22	27.33	2.51019919528
177	21	27.28	2.63089338438
178	21	27.14	2.81787153717
179	21	27.25	2.47133567125
180	21	26.98	2.48588012583
181	22	26.63	2.57548053769
182	21	26.69	2.70072212565
183	22	26.48	2.38947693021
184	22	26.57	2.33775533365
185	22	26.59	2.70220280512
186	22	26.74	2.52039679416
187	22	26.69	2.81316547682
188	22	26.27	2.40355985987
189	22	26.39	2.84919286816
190	22	26.1	2.49599679487
191	22	26.48	2.67761087539
192	21	26.5	2.84077454227
193	21	25.69	2.75932962873
194	21	25.91	2.66493902369
195	21	26.48	2.6324133414
196	21	26.21	2.54281340251
197	21	26.04	2.4735399734
198	21	26.59	2.91580177653
199	21	26.17	2.64973583589
200	21	25.99	2.43513859975
201	20	26.64	2.64393645915
202	21	26.94	2.99272451121
203	21	26.78	2.63279319355
204	21	26.83	2.86026222574
205	20	26.74	3.0020659553
206	21	26.52	2.57868183381
207	20	26.31	2.64459826817
208	20	26.29	2.90962196857
209	21	25.89	2.65290406913
210	20	26.08	2.6141155292
211	20	25.82	3.00792287135
212	21	25.68	2.70880047253
213	21	25.27	2.82437603729
214	21	25.49	2.60190314962
215	22	26.17	2.54972547542
216	21	26.14	2.74233477169
217	21	25.96	2.54527012319
218	20	26.45	2.55098020376
219	21	26.76	2.66127788853
220	21	26.63	2.59482176652
221	21	26.75	2.94406182
222	20	27.31	2.70072212565
223	19	27.05	2.86487347016
224	19	26.92	2.93489352447
225	20	26.73	3.15865477696
226	19	26.45	3.01786348266
227	20	26.64	3.10650929501
228	20	26.57	2.97070698656
229	20	27.18	3.08343963781
230	18	26.29	3.11863752302
231	19	26.33	3.07913949018
232	20	25.91	2.87087094799
233	19	26.21	2.85059642882
234	20	26.15	2.8788018341
235	20	25.98	2.76759823674
236	20	26.0	2.70924343683
237	20	25.31	2.64459826817
238	20	25.77	2.99951662773
239	20	26.04	2.86677519174
240	20	25.82	2.82269374889
241	20	26.08	2.86942502951
242	20	25.85	2.74727137356
243	20	26.19	2.79175571997
244	20	26.57	2.7285710546
245	20	27.29	2.8152974976
246	20	27.35	3.33279162265
247	22	27.0	2.49399278267
248	23	27.66	2.67290104568
249	18	27.45	2.89266313282
250	18	27.42	3.23474883105
251	16	27.14	3.16234090509
252	18	27.02	3.20618152948
253	21	26.27	2.72343533061
254	20	26.36	2.96823179688
255	20	26.01	2.96814757046
256	20	26.61	2.72725136355
257	20	26.67	3.04648978334
258	19	26.33	3.14023884442
259	21	25.75	2.84033448734
260	21	25.62	2.66375674565
261	19	25.62	2.75238078761
262	19	25.82	2.94068019342
263	19	25.82	3.09315373042
264	19	25.46	3.27542363672
265	19	25.37	3.07458940348
266	19	25.07	2.80804202248
267	19	25.2	3.20312347561
268	19	24.43	2.81160096742
269	19	24.4	2.55734237051
270	19	24.73	2.47327717816
271	19	24.97	2.70353472328
272	19	25.37	2.7880279769
273	19	25.5	3.15753068077
274	19	25.1	2.9
275	18	25.1	3.01827765456
276	19	25.35	2.85087705803
277	18	25.33	3.06285814232
278	21	25.46	2.58619411491
279	19	25.76	3.14362847678
280	20	25.96	3.07219791029
281	20	25.98	3.4233901326
282	20	25.55	2.89956893348
283	20	25.88	2.73598245608
284	20	25.68	2.80670625467
285	20	25.67	3.1017898059
286	19	25.36	2.79470928721
287	20	25.36	2.94794843917
288	19	25.58	2.83612411576
289	19	25.76	2.59275914809
290	19	25.78	3.17042583891
291	19	25.66	3.0699185657
292	19	25.99	3.29088134092
293	19	25.68	3.15239591422
294	18	25.61	3.40263133472
295	20	25.43	3.0862760732
296	19	25.33	3.01680294351
297	19	25.09	2.80033926516
298	20	24.88	2.81879406839
299	18	25.2	2.7276363394
300	20	25.45	3.14761814711
1	62	69.84	2.96890552224
2	61	67.47	2.7182899036
3	59	65.49	2.30865761862
4	59	64.78	2.52420284446
5	58	63.78	2.38151212468
6	51	62.28	2.2894540834
7	53	61.24	2.38796984906
8	55	60.54	2.29965214761
9	52	60.02	2.44940809176
10	52	59.02	2.80349781523
11	50	57.81	2.62562373542
12	49	56.64	2.6401515108
13	49	55.86	2.44957139108
14	49	54.94	2.60315193563
15	47	54.07	3.04714620588
16	43	53.04	3.47539925764
17	43	52.4	3.50998575496
18	45	51.29	3.08316395931
19	44	49.88	2.90268840904
20	43	48.88	2.75782523014
21	40	47.39	2.58416330753
22	41	46.29	2.53887770481
23	39	45.61	2.38283444662
24	40	45.46	2.29965214761
25	40	44.43	2.13660946361
26	40	44.34	2.27253162794
27	39	43.92	2.01831612985
28	40	43.66	1.98100984349
29	39	43.7	2.41453929353
30	38	42.94	2.41172137694
31	38	42.4	2.10237960416
32	38	42.54	2.32129274328
33	38	42.34	2.25042218261
34	37	42.04	2.4121359829
35	36	41.95	2.3339880034
36	37	41.8	2.33238075794
37	34	41.16	2.38629419812
38	36	40.57	2.24167348202
39	35	40.25	2.32540319085
40	34	40.15	2.56661255354
41	36	40.33	2.39605926471
42	34	39.7	2.54754784057
43	34	39.19	2.54438597701
44	33	38.78	2.39824936151
45	33	38.74	2.48845333491
46	32	38.55	2.92361078121
47	32	38.1	2.36854385647
48	32	37.83	2.4700404855
49	32	37.91	2.54202675045
50	32	38.22	3.03835481799
51	31	37.69	2.79891050232
52	31	36.74	2.34785008039
53	32	37.39	2.68289023257
54	32	36.38	2.6297528401
55	29	35.94	2.62609976962
56	29	35.86	2.63066531509
57	29	35.84	2.85559100713
58	28	35.35	2.65094322836
59	28	35.71	3.0308249702
60	28	35.23	2.85256025353
61	28	35.2	3.24653661615
62	29	34.19	2.72651792585
63	29	33.58	2.66150333458
64	29	33.3	2.30867927612
65	29	33.76	2.51443830706
66	26	34.0	2.71661554144
67	26	33.57	2.56224510927
68	29	33.47	2.60942522407
69	29	33.09	2.53808983293
70	27	33.25	2.79419040153
71	28	32.81	2.67467755066
72	28	33.05	2.32969955144
73	27	33.48	2.50391693153
74	28	33.62	2.57596583828
75	27	33.38	2.6297528401
76	27	33.26	2.65939842822
77	27	33.09	2.51035854013
78	28	33.1	2.57875939165
79	28	32.37	2.55599295774
80	28	32.04	2.56873509728
81	28	32.15	2.3595550428
82	28	32.05	2.51942453747
83	25	32.09	2.55380108857
84	25	31.74	2.62533807347
85	27	31.28	2.42932089276
86	26	31.03	2.32144351644
87	27	31.02	2.72022057929
88	25	31.11	2.32763828805
89	25	31.25	2.49949994999
90	24	31.41	2.76439866879
91	24	31.02	2.84949118265
92	26	31.46	2.91005154594
93	25	30.92	2.69325082382
94	25	30.99	2.69256383397
95	25	30.72	2.85334890961
96	24	30.79	2.81884728214
97	24	30.47	2.73662200532
98	22	30.26	2.59082998284
99	23	30.24	2.6310454196
100	23	30.13	2.82720710242
101	24	29.99	2.52386608203
102	24	30.14	2.76774276261
103	24	30.31	2.70811742729
104	24	30.0	2.71293199325
105	24	29.66	2.66540803631
106	21	29.84	2.67850704685
107	21	29.85	3.08017856625
108	23	29.75	2.8332843133
109	23	29.73	3.02607005867
110	22	29.32	2.73086067019
111	22	29.43	2.70279484978
112	21	29.09	2.58880281211
113	24	29.2	2.66833281283
114	23	29.03	2.94433354089
115	23	28.59	2.89169500466
116	23	28.38	2.64491965852
117	24	28.81	2.80604704166
118	24	28.62	2.68246155611
119	23	28.72	2.6003076741
120	23	29.07	2.74319157187
121	24	29.7	2.84780617318
122	25	29.18	2.1834834554
123	25	29.6	2.60768096208
124	22	30.21	2.66943814313
125	22	30.29	2.88546356761
126	22	30.14	2.88797506914
127	22	29.31	2.94514855313
128	23	29.01	3.00830517069
129	23	28.51	2.66643957366
130	22	28.12	2.81524421676
131	22	27.75	2.59759504157
132	22	27.88	2.83294899354
133	22	28.18	2.88575813262
134	22	27.76	2.93639234436
135	22	27.47	2.80519161556
136	22	27.27	2.76353035084
137	22	26.6	2.71661554144
138	22	27.1	2.5079872408
139	21	27.7	2.95127091267
140	22	27.19	2.71180751529
141	22	27.33	2.46193013711
142	22	27.64	2.60199923136
143	22	27.49	2.74041967589
144	22	27.1	2.49198715888
145	22	27.32	2.72719636257
146	22	27.98	2.79992857052
147	22	27.62	2.54472002389
148	22	27.22	2.83753414076
149	21	27.01	2.54752821378
150	23	26.96	2.40798671093
151	23	27.28	2.74255355463
152	23	26.92	2.35660773146
153	21	27.43	2.7358910797
154	22	27.2	2.66082693913
155	22	27.46	2.65111297383
156	21	26.96	2.87722088134
157	21	27.48	2.88263768101
158	22	27.5	2.76224546339
159	21	27.08	2.79885690953
160	22	26.65	2.61294852609
161	21	26.56	2.84365961395
162	22	26.44	2.43852414382
163	22	26.73	2.61478488599
164	21	26.89	2.38283444662
165	21	27.55	2.91333142639
166	21	27.33	2.70944643793
167	21	27.8	2.98998327755
168	21	27.52	2.95797227844
169	21	27.39	2.83158965954
170	19	27.46	3.17937100698
171	19	27.27	3.2522453782
172	19	26.76	3.16581742999
173	20	26.46	2.92376469641
174	21	26.54	2.68484636432
175	19	26.76	2.87095802825
176	20	26.35	3.01786348266
177	21	26.45	2.79776696671
178	19	26.01	2.94786363321
179	19	25.87	2.84483742945
180	19	25.95	3.2538438807
181	19	25.7	2.90688837075
182	19	25.57	2.80447856116
183	19	25.9	2.98496231132
184	19	25.9	2.78028775489
185	19	26.02	2.86698447851
186	19	25.95	3.19804627859
187	19	25.71	3.10900305564
188	21	25.64	2.60583959598
189	21	25.86	2.5180150913
190	20	26.01	2.98829382759
191	20	26.36	2.80898558202
192	19	26.74	3.42233838187
193	19	26.23	2.9046686558
194	19	26.39	2.75642884907
195	20	26.85	2.91333142639
196	19	26.58	3.0271438684
197	20	26.4	2.66082693913
198	20	26.49	2.98829382759
199	19	26.59	3.13718026259
200	19	25.65	2.98789223367
201	19	25.41	2.8428682699
202	19	25.63	2.85536337442
203	19	25.43	2.81870537659
204	19	25.93	3.05370267053
205	19	25.74	3.11326195493
206	19	25.45	3.18551408724
207	19	25.45	2.93385412044
208	19	25.56	2.84014084158
209	19	25.37	2.71166000819
210	20	25.47	2.59405088616
211	20	25.49	2.39789491012
212	19	25.74	2.83414890223
213	19	25.94	2.61847283736
214	20	25.95	2.70693553673
215	21	26.39	2.82805586932
216	20	26.13	2.75918466218
217	20	26.07	2.8257919244
218	20	25.79	2.53493589663
219	20	26.01	2.76222736211
220	20	25.98	3.1495396489
221	20	25.74	2.51244900446
222	20	26.41	2.888234755
223	20	26.44	2.97765008018
224	21	25.78	2.67424755773
225	21	26.14	3.07902581996
226	20	25.44	2.64317990307
227	20	25.59	2.91922935036
228	19	25.8	2.81069386451
229	18	25.85	3.11568612026
230	21	25.87	2.62165977961
231	21	26.23	2.56848204199
232	20	26.86	3.00339807551
233	20	26.71	2.78673644251
234	21	26.66	2.77568009684
235	20	26.98	2.82481857825
236	20	26.87	2.74100346589
237	22	27.05	2.78702350187
238	21	26.8	3.02654919008
239	21	26.79	2.7177012345
240	21	26.72	2.75709992565
241	19	26.95	3.01122898498
242	22	27.1	2.99165506033
243	21	26.95	2.44693686065
244	20	27.66	3.00073324373
245	20	27.86	3.48717650829
246	21	26.83	2.89501295334
247	21	26.65	2.53525146682
248	21	27.43	3.01414996309
249	20	27.48	3.03802567468
250	19	27.37	3.10694383599
251	18	27.06	3.2212419965
252	18	27.13	3.21140156318
253	18	26.31	3.28236195445
254	18	25.9	2.97489495613
255	18	25.59	2.77162407263
256	18	26.07	3.17255417605
257	18	25.97	3.02144005401
258	19	26.09	3.08251520678
259	19	26.14	3.17496456673
260	19	26.03	3.09985483531
261	19	25.31	2.81671794825
262	17	25.24	3.16581742999
263	18	24.48	3.08700502105
264	18	24.53	3.11273191907
265	18	24.13	2.37762486528
266	19	24.55	2.85788383249
267	19	25.02	2.84597962045
268	18	25.39	3.02289596248
269	19	25.79	2.79390407853
270	20	25.78	3.03506177861
271	19	25.89	3.2307739011
272	19	24.85	2.68840101175
273	19	24.93	2.62775569641
274	19	25.21	2.8645942121
275	19	25.35	2.69953699734
276	19	25.82	2.88922134839
277	18	25.77	3.06872937875
278	18	25.77	3.07198632809
279	19	25.57	2.97070698656
280	19	25.75	3.00790624854
281	19	25.57	2.59327977665
282	18	25.75	3.21364279284
283	19	25.84	2.90764509526
284	20	26.26	2.80577974902
285	20	26.08	2.94170018867
286	19	26.23	2.97608803633
287	21	26.64	2.63256528884
288	20	26.71	3.18526294048
289	20	25.92	2.75564874394
290	20	25.7	2.81602556807
291	20	26.35	2.87184609615
292	21	26.7	2.66645832519
293	22	26.45	2.6244046944
294	20	26.65	2.85438259524
295	22	27.05	2.80490641555
296	22	27.15	2.82267603525
297	22	27.76	2.73173937263
298	20	27.95	2.84385302011
299	21	27.83	2.93957479918
300	20	27.62	2.70843128028
1	62	70.03	3.41600644027
2	58	67.0	2.59229627936
3	57	65.41	3.04662107916
4	56	63.86	2.8143205219
5	56	62.78	2.74072982981
6	56	61.2	2.43721152139
7	55	60.39	2.46533973318
8	55	59.41	2.51433887931
9	54	58.83	2.05453157678
10	52	58.32	2.5015195382
11	49	57.34	2.70266535109
12	49	56.59	2.59651689769
13	49	55.84	2.92479059079
14	49	54.92	2.74109467184
15	47	53.68	2.75274408545
16	47	52.94	2.60315193563
17	48	52.46	2.29529954472
18	47	51.69	2.36091084118
19	43	51.16	2.86956442688
20	44	50.9	2.96479341607
21	45	50.78	3.29417668014
22	45	49.52	2.17016128433
23	44	49.26	2.51642603706
24	43	48.77	2.39522441537
25	42	47.89	2.5725279396
26	40	46.66	2.392571838
27	40	45.51	2.10473276213
28	40	44.92	1.93225257148
29	40	44.8	2.12132034356
30	40	44.53	2.55521036316
31	39	43.64	2.50007999872
32	38	43.23	2.23094150528
33	38	43.29	2.20134050069
34	38	42.72	2.21395573578
35	37	42.64	2.22494943763
36	37	42.07	2.26828128767
37	37	41.5	2.20227155455
38	37	41.5	2.22485954613
39	37	41.25	2.36378933071
40	37	41.06	2.15786931949
41	37	40.72	2.18210907152
42	35	40.48	2.30859264488
43	35	40.08	2.05270553173
44	35	40.29	2.35072329295
45	35	40.11	2.14427143804
46	36	40.09	2.28951960027
47	33	39.56	2.22405035914
48	33	39.6	2.3622023622
49	33	39.17	2.2629847547
50	33	38.92	2.33100836549
51	35	38.48	2.03214172734
52	34	38.24	2.47434839907
53	34	37.67	2.15895808204
54	32	37.52	2.27806935803
55	32	37.29	2.22842994056
56	32	36.68	2.00439517062
57	32	36.5	2.26053091109
58	33	36.65	2.13248681121
59	32	36.29	2.39288528768
60	32	36.24	2.33717778528
61	32	36.14	2.30225975945
62	32	35.67	2.02511728055
63	31	35.9	2.26936114358
64	31	35.78	2.2071701339
65	32	35.8	2.3622023622
66	30	35.49	2.10947860857
67	30	35.38	2.32714417259
68	30	35.36	2.35592869162
69	30	35.18	2.31248783781
70	30	34.73	2.35735020733
71	30	34.71	2.55458411488
72	30	34.68	2.47741801075
73	28	34.39	2.04399119372
74	28	34.46	2.44303090443
75	29	34.58	2.48265986394
76	30	34.53	2.40605486222
77	30	34.6	2.25388553392
78	29	34.18	2.51149357953
79	30	33.94	2.185497655
80	30	34.16	2.41545026858
81	30	33.85	2.35531314266
82	29	34.04	2.39966664352
83	30	33.96	2.01950488982
84	29	34.19	2.61034480481
85	28	34.22	2.60222981306
86	28	33.59	2.49437366888
87	27	33.3	2.73313007374
88	26	32.69	3.03873328872
89	26	32.28	3.04985245545
90	26	31.86	2.64960374396
91	27	32.06	2.78503141814
92	27	32.11	2.6111108747
93	27	32.13	2.52449995049
94	27	31.88	2.31637648063
95	27	32.25	2.42229230276
96	27	31.69	2.25253190876
97	26	31.85	2.36801604724
98	27	31.95	2.64716829839
99	27	31.98	2.53369295693
100	27	32.2	2.47386337537
101	27	32.58	2.69881455458
102	28	32.68	2.74182421027
103	26	32.67	3.01348635305
104	26	32.68	2.72719636257
105	27	32.76	2.54998039208
106	27	32.71	2.54281340251
107	27	32.87	2.43168665745
108	27	33.18	2.71801398083
109	28	32.81	2.62942959594
110	26	32.6	2.62297540972
111	27	32.67	2.58864829593
112	26	32.69	3.01892364925
113	25	32.47	2.92046229217
114	25	31.71	2.6581760664
115	25	31.88	2.83647668772
116	26	31.63	2.52053565736
117	26	31.72	2.40449578914
118	26	32.12	2.57013618316
119	25	31.62	2.44040980165
120	25	31.87	2.62927746729
121	26	32.11	2.98293479647
122	25	31.41	2.85340147894
123	25	31.49	2.99497913181
124	24	30.36	2.90695717203
125	24	29.99	2.63626629914
126	25	30.28	2.5732469761
127	23	29.88	3.01091348265
128	23	29.37	2.51656511936
129	24	29.6	2.5495097568
130	22	29.7	2.52784493195
131	25	29.89	2.56863777127
132	22	29.75	2.99791594278
133	24	29.83	2.64217713259
134	24	29.24	2.59275914809
135	23	29.4	2.85306852354
136	23	29.33	2.73881361177
137	21	28.89	3.06559945198
138	21	28.12	2.92328582249
139	21	27.58	3.1246759832
140	21	27.48	3.00159957356
141	20	27.29	3.04070715459
142	20	27.34	3.08940123649
143	19	26.76	3.07610142876
144	20	25.93	2.88185704017
145	20	25.7	2.71108834235
146	20	26.22	2.65924801401
147	20	26.41	2.89515111868
148	19	26.42	2.83259598249
149	20	26.38	2.71948524541
150	20	26.14	2.93264385836
151	20	26.2	2.96984848098
152	20	25.75	2.91676190321
153	21	25.47	2.35140383601
154	20	25.47	3.06089856088
155	18	25.28	2.82870995332
156	20	25.36	2.94794843917
157	19	25.02	2.6757428875
158	19	24.92	2.80599358517
159	20	24.87	2.48859398054
160	20	24.84	2.52079352586
161	19	24.73	2.60712485317
162	19	25.12	2.65435491222
163	19	24.93	2.54658594986
164	19	25.11	2.91511577815
165	19	24.78	2.52816138725
166	19	24.88	3.04065782356
167	19	24.37	2.73003662979
168	19	24.67	2.63459674334
169	19	24.84	2.81680670263
170	19	24.59	3.02355750731
171	18	24.3	2.95127091267
172	18	24.25	2.86138078556
173	19	24.34	2.65412885897
174	18	24.28	2.63089338438
175	18	24.08	3.04525860971
176	18	24.17	3.09533519994
177	18	23.83	2.67602316881
178	18	24.29	3.25973925338
179	18	23.76	2.81822639261
180	19	24.24	2.88138855415
181	18	24.04	2.65299830381
182	17	24.22	2.95154196989
183	17	24.55	3.09313756564
184	17	24.64	3.01834391679
185	17	24.53	3.04123330246
186	17	24.69	2.99898316101
187	17	24.02	2.73122683057
188	19	24.5	2.83725219182
189	18	24.65	3.1412577099
190	17	23.69	2.92470511334
191	18	23.87	2.83779844245
192	18	24.11	2.88407697539
193	17	23.89	3.11093233613
194	17	23.9	3.09677251344
195	18	23.66	2.71374280285
196	18	24.19	2.7809890327
197	19	24.39	2.66418843177
198	20	24.66	2.68410133937
199	19	24.73	2.7380832712
200	19	25.13	2.76280654408
201	18	25.31	3.16763318583
202	18	25.66	2.65789390307
203	18	25.45	3.05736814924
204	20	25.43	2.7175540473
205	20	26.04	2.77820085667
206	18	25.89	2.93903045238
207	19	26.12	2.95052537695
208	18	26.09	3.36777374537
209	20	25.75	2.94406182
210	18	25.94	3.24289993678
211	18	25.0	2.99332590942
212	18	24.56	2.32516666069
213	18	25.2	2.80713376952
214	19	25.44	2.94387499735
215	19	25.54	3.31487556328
216	21	25.67	2.9087970022
217	19	25.62	2.92841253924
218	18	25.93	2.94365419165
219	18	25.82	3.11570216805
220	20	25.66	2.62762249952
221	19	25.54	2.85804128732
222	19	25.39	2.6604322957
223	19	25.54	2.94081621323
224	21	25.36	2.63636112853
225	20	25.27	2.80661718088
226	20	25.21	2.51115511269
227	20	25.6	2.84604989415
228	20	25.37	2.97541593731
229	18	24.84	2.65601204817
230	20	25.06	2.62609976962
231	19	25.63	2.75555801971
232	19	25.71	2.85760389137
233	20	25.37	2.77003610085
234	20	25.5	2.5903667694
235	18	25.35	2.90989690539
236	20	25.48	2.95120314448
237	20	25.39	2.79605078638
238	19	25.34	2.72477522009
239	20	25.68	2.91163184486
240	20	25.57	2.80804202248
241	20	25.38	2.65623794115
242	19	25.44	2.96418622897
243	20	25.74	3.30339219591
244	20	25.91	2.58880281211
245	19	26.32	3.13330496441
246	20	26.27	2.93208117214
247	21	26.17	2.78946231378
248	20	26.14	2.90179254944
249	21	26.42	2.73561693225
250	20	26.29	2.85410231071
251	20	26.1	2.85482048472
252	19	25.85	2.92018835009
253	20	26.12	2.84
254	19	26.01	2.97151476523
255	21	26.15	3.014548059
256	20	26.19	3.07797011032
257	19	26.44	2.94387499735
258	20	26.38	2.93182536997
259	20	25.85	2.8857408061
260	20	25.96	2.69042747533
261	20	26.51	2.84427495155
262	21	26.23	2.89432202769
263	21	26.24	2.98033555158
264	21	26.08	2.77012635091
265	21	25.64	2.2694492724
266	20	26.63	2.97205316238
267	21	26.76	2.49447389243
268	22	27.0	2.53771550809
269	21	27.28	2.82870995332
270	21	27.46	2.7835947981
271	21	27.08	2.71175220107
272	20	26.52	2.69250812441
273	21	26.52	2.69621957563
274	20	26.57	2.61248923443
275	20	26.41	3.03675813986
276	20	26.58	2.75746260174
277	20	26.44	2.58580741742
278	20	26.74	2.77351762208
279	20	26.78	3.14826936586
280	19	25.96	3.13343262254
281	19	25.62	3.12979232538
282	18	25.49	3.13526713375
283	17	25.16	2.86956442688
284	19	25.2	2.91547594742
285	20	25.61	3.00963452931
286	21	25.47	2.35140383601
287	20	25.66	2.64280154382
288	20	25.69	2.7881714438
289	19	25.97	3.02805217921
290	18	25.89	3.42314183171
291	19	25.3	3.04795013083
292	17	24.85	3.09959674797
293	17	24.89	2.82805586932
294	19	25.23	3.07523982805
295	18	25.19	2.79891050232
296	18	24.76	2.80042853863
297	18	24.8	2.64575131106
298	18	25.04	2.76376554722
299	18	25.04	3.0591502088
300	17	25.03	2.77652660711
1	62	70.09	2.9869549712
2	61	67.28	2.66863260866
3	59	65.28	2.26750964717
4	59	64.31	2.69701687054
5	55	63.44	2.55468197629
6	53	62.03	2.65501412426
7	53	60.93	2.65802558302
8	50	59.51	2.80533420469
9	52	58.02	2.52182473618
10	49	57.02	2.83188982837
11	49	55.87	2.71166000819
12	48	54.57	2.79376090602
13	47	52.89	2.46128015472
14	45	51.78	2.27411521256
15	45	50.73	2.33604366398
16	44	50.18	2.4428671679
17	42	49.2	2.40416305603
18	41	48.25	2.24666419387
19	41	47.8	2.54165300543
20	42	46.93	2.41766416195
21	41	46.0	2.24944437584
22	38	45.42	2.25024443117
23	38	45.22	2.41900806117
24	39	44.56	2.05582100388
25	38	44.19	1.99346432123
26	38	44.23	2.39939575727
27	38	43.56	2.22405035914
28	38	42.77	2.04379548879
29	38	42.58	2.19626956451
30	37	42.35	2.47133567125
31	37	41.84	2.3139576487
32	37	41.65	2.29074223779
33	36	41.51	2.53966533228
34	35	40.92	2.33957261054
35	34	40.53	2.41849126523
36	34	40.35	2.55098020376
37	33	39.73	2.34458951631
38	33	39.33	2.51417978673
39	33	39.13	2.18474254776
40	33	38.74	2.57534463713
41	33	38.57	2.55442752882
42	31	37.65	2.45916652547
43	31	37.18	2.19262399877
44	32	36.95	2.2287889088
45	32	36.76	2.47838657195
46	31	36.45	2.17887585695
47	30	36.71	2.85760389137
48	30	35.98	2.68693133519
49	30	35.43	2.2902183302
50	29	35.36	2.68894031172
51	29	34.57	2.67303198634
52	29	34.08	2.51666445916
53	28	33.84	2.46056903988
54	28	33.57	2.35904641752
55	29	33.5	2.17485631709
56	29	33.53	2.46355434281
57	28	33.73	2.37425777876
58	29	33.66	2.4463033336
59	29	33.42	2.40074988285
60	29	32.8	2.29782505862
61	27	32.59	2.45395598983
62	27	32.43	2.62775569641
63	27	32.44	2.81183214293
64	24	32.1	2.72580263409
65	25	31.99	3.07081422427
66	25	31.55	2.66973781484
67	26	31.18	2.79420829574
68	26	30.65	2.48344518764
69	26	30.6	2.84956136976
70	24	30.24	2.6310454196
71	24	29.85	2.80133896557
72	24	29.59	2.80390798708
73	24	28.92	2.47256951368
74	23	29.3	2.67394839142
75	24	29.27	2.56458573653
76	24	29.37	2.91085897975
77	23	29.25	3.04097023991
78	23	29.04	2.98636903279
79	23	28.6	2.78208554865
80	22	27.74	2.6930280355
81	20	27.4	2.54558441227
82	20	27.24	2.64620482956
83	20	27.39	2.82097500875
84	22	27.32	2.98623508787
85	21	26.88	2.53092868331
86	21	26.98	3.16537517524
87	21	26.66	2.62
88	20	26.19	2.81671794825
89	20	26.38	2.79921417544
90	19	25.78	3.08732894263
91	19	25.32	3.05247440612
92	20	25.53	2.5669242295
93	20	25.95	2.62059153628
94	19	25.71	2.94379007404
95	19	25.12	2.55452539623
96	18	25.57	3.07978895381
97	18	25.53	2.96126662089
98	20	25.72	2.87777691978
99	20	25.69	2.72284777393
100	18	25.6	2.99332590942
101	18	25.25	2.99457843444
102	18	25.29	2.95734678386
103	18	25.27	3.21513607799
104	19	24.9	2.98496231132
105	19	24.91	2.98360520177
106	18	25.14	3.01668692443
107	19	24.59	3.17834862783
108	18	24.73	3.19328983965
109	18	24.59	2.75352501351
110	18	24.72	2.97348280641
111	19	24.96	2.9014479144
112	19	24.79	2.98092267595
113	19	24.77	2.87003484299
114	21	24.84	2.67850704685
115	19	24.75	2.67721870605
116	19	24.81	2.77018049953
117	19	25.1	2.7147743921
118	20	25.06	2.72330681342
119	19	24.94	2.95574017803
120	19	24.69	2.9144296183
121	19	24.7	2.8231188427
122	20	24.61	2.71990808668
123	19	24.42	2.59299055147
124	19	24.59	2.78601866469
125	18	24.62	2.84878921649
126	19	24.73	2.61860649965
127	20	24.82	2.88229075563
128	20	24.37	2.91772171394
129	20	24.47	2.69612685162
130	21	25.15	2.62059153628
131	20	25.53	2.78012589643
132	19	25.32	2.65661438677
133	20	25.05	2.82267603525
134	20	25.1	2.78747197295
135	20	24.99	2.89653240962
136	20	24.76	2.746343023
137	20	25.09	2.8252256547
138	20	25.16	2.99573029494
139	20	24.42	2.47054649825
140	20	24.76	2.76448910289
141	20	24.97	2.7511997383
142	20	24.7	2.64764045897
143	20	25.27	2.84554037047
144	19	24.99	3.13207598886
145	20	24.71	2.5934340169
146	19	24.38	2.91815009895
147	19	24.05	2.79060925248
148	19	23.87	2.43579555792
149	19	24.3	2.66645832519
150	19	24.72	2.83577149996
151	19	25.01	2.71843705095
152	20	24.48	2.62099217855
153	20	24.91	2.53019762074
154	20	24.95	2.70323879818
155	20	24.64	2.48402898534
156	19	25.08	2.58719925788
157	17	25.48	2.95797227844
158	19	26.18	2.62442374627
159	19	25.84	2.86956442688
160	19	25.59	3.09223220344
161	19	25.09	2.92265290447
162	19	24.99	2.62486190113
163	19	25.13	2.80233830934
164	20	25.67	2.77508558427
165	19	25.07	3.03728497181
166	19	25.1	2.93428015022
167	19	24.37	2.68199552572
168	19	24.46	2.88589674105
169	19	24.32	2.84914022119
170	19	24.34	3.03716973513
171	18	23.75	2.77623846238
172	18	23.97	2.99484557198
173	18	23.94	2.95574017803
174	18	24.03	2.82295944002
175	18	23.63	2.86585065905
176	19	23.68	2.77084824557
177	19	23.78	2.74801746719
178	19	23.81	2.51274750025
179	19	23.87	2.80233830934
180	19	23.71	2.4831230336
181	19	23.86	3.01004983347
182	19	23.98	2.86349436877
183	19	24.07	2.79733802033
184	19	24.4	2.60768096208
185	18	24.74	3.00539514873
186	18	24.35	2.9030156734
187	17	24.28	3.39140089049
188	17	23.69	3.44585257955
189	17	22.9	3.13209195267
190	18	22.7	2.81602556807
191	18	23.28	2.59645912735
192	18	23.87	2.88324469999
193	18	23.96	2.87026131215
194	17	24.03	3.22321268302
195	17	23.71	3.21961177784
196	18	23.75	3.1380726569
197	18	23.38	3.03572067226
198	17	23.01	2.94446939193
199	18	22.95	2.97783478387
200	17	23.16	2.79184526792
201	18	23.18	3.07369484497
202	18	23.43	2.73223351857
203	18	23.56	3.00772339154
204	17	23.57	2.91291949769
205	17	23.58	3.06978826631
206	16	24.05	2.9609964539
207	16	23.58	3.16284681893
208	18	23.31	3.06820794602
209	17	23.01	2.73311177964
210	17	22.69	3.02223427285
211	17	22.54	2.93400749829
212	17	22.83	2.78946231378
213	16	23.11	3.03280398312
214	19	23.56	2.78323552722
215	18	24.16	2.69339933913
216	18	24.33	3.14342170254
217	18	24.37	2.77364381275
218	18	25.05	2.94745653064
219	18	24.59	3.05317867148
220	16	25.2	3.15594676761
221	19	24.43	2.8257919244
222	19	24.7	2.83725219182
223	19	24.78	2.78416953507
224	17	24.51	3.01494610234
225	15	24.44	3.36844177625
226	18	24.54	2.68856839229
227	18	24.27	2.91840709977
228	18	24.47	2.89293968136
229	18	24.68	3.08506077736
230	19	25.03	2.95111843205
231	19	25.79	2.97084163159
232	19	25.59	3.2805334932
233	17	24.69	3.20217113846
234	17	24.62	2.6749953271
235	17	25.34	3.31427216746
236	19	25.36	2.98167738027
237	16	25.59	3.30785428941
238	16	25.06	3.10103208626
239	18	25.41	3.14354894983
240	17	25.48	3.4365098574
241	17	25.42	3.43272486518
242	19	25.55	3.30265045077
243	18	24.94	3.06535479186
244	17	24.79	3.32654475395
245	17	23.94	3.2674760902
246	17	23.95	2.58988416729
247	17	24.6	3.09192496675
248	17	24.94	3.59393934284
249	17	24.17	3.25593304599
250	17	24.04	3.32541726705
251	17	23.44	3.13470891791
252	17	23.68	3.49536836399
253	17	23.62	3.1457272609
254	17	23.47	2.83003533547
255	18	23.8	3.04630924235
256	19	24.2	3.00998338866
257	18	23.71	3.15371209846
258	17	23.38	3.09444663874
259	17	23.37	3.30954679677
260	17	22.9	2.55538646784
261	18	23.04	2.74197009466
262	17	23.64	2.84787640181
263	17	23.49	3.08381257537
264	16	23.18	3.01788005063
265	16	23.46	2.96789487684
266	15	23.38	2.82411047943
267	15	23.91	3.16889570671
268	16	23.78	2.86907650647
269	16	24.19	3.14227624502
270	18	23.9	3.16701752442
271	17	23.18	2.86837933335
272	17	23.27	2.78156430808
273	16	23.8	2.77848879789
274	18	24.52	2.96472595698
275	18	24.73	3.18073890786
276	19	24.27	2.59173686936
277	18	24.71	2.94379007404
278	18	24.77	2.97944625728
279	18	25.0	3.10483493925
280	18	24.5	2.99499582637
281	18	24.46	2.9980660433
282	15	24.12	3.09606201488
283	17	24.33	3.00018332773
284	17	23.87	3.27919197364
285	18	23.8	2.83901391332
286	16	23.54	2.99472870224
287	16	23.5	2.73313007374
288	18	23.88	2.74328270508
289	16	23.82	3.45653005195
290	18	23.9	3.01827765456
291	16	23.79	3.33555092901
292	16	23.57	3.26880712187
293	16	23.31	3.49769924379
294	16	23.49	3.03478170549
295	16	23.5	3.14165561448
296	16	23.62	3.11056265007
297	16	23.93	3.20391947464
298	12	23.64	3.46560240074
299	13	22.91	3.3648031146
300	16	22.67	2.84975437538
1	62	70.14	2.96654681406
2	63	67.6	2.38327505756
3	60	65.92	2.0083824337
4	59	64.86	2.19554093562
5	58	63.78	2.25645740044
6	56	62.79	2.7177012345
7	56	61.59	2.63095039862
8	56	60.02	1.89726118392
9	53	59.3	2.28691932521
10	53	58.28	2.2894540834
11	52	57.53	2.07583718051
12	52	56.48	1.99238550487
13	50	56.17	2.42509793617
14	46	55.12	2.40948127198
15	48	54.46	2.30833273165
16	48	54.15	2.2287889088
17	48	53.87	2.39856206924
18	46	53.02	2.48588012583
19	47	52.18	2.48748869344
20	47	51.56	2.34230655551
21	46	51.17	2.5770331779
22	46	50.13	2.55599295774
23	44	49.19	2.36091084118
24	44	48.55	2.30813777752
25	42	47.82	2.06097064511
26	41	47.54	2.03676213633
27	42	46.95	2.15580611373
28	40	46.37	2.30935055806
29	40	45.99	2.33450208824
30	39	45.24	2.32
31	40	44.7	2.44335834457
32	36	44.03	2.51179218886
33	36	43.68	2.59953842057
34	36	43.11	2.69404899733
35	38	42.22	2.13344791359
36	37	41.86	2.4290738976
37	34	41.27	2.63383750448
38	34	40.65	2.37223523286
39	34	40.3	2.31732604525
40	35	39.81	2.29213873926
41	35	39.76	2.79327764463
42	35	39.82	2.65849581531
43	33	38.79	2.67318162496
44	34	38.31	2.44415629615
45	32	38.02	2.32800343642
46	32	38.0	2.55734237051
47	31	37.77	2.9422950226
48	31	36.97	2.40189508514
49	32	36.9	2.4474476501
50	32	36.74	2.60622332121
51	30	36.61	2.70146256683
52	29	36.4	2.72396769438
53	30	36.55	2.61294852609
54	30	36.57	2.64293397572
55	30	35.94	2.67514485589
56	31	35.53	2.65124499057
57	28	35.59	2.67990671479
58	28	34.75	2.56271340575
59	28	34.96	2.58426004883
60	28	35.16	2.70451474391
61	29	34.5	2.21585198062
62	29	34.79	2.59728704613
63	28	34.25	2.58988416729
64	28	34.01	2.41451858556
65	29	33.85	2.74362898366
66	29	33.32	2.25335305711
67	27	33.49	2.46777227474
68	28	33.63	2.56770325388
69	27	33.32	2.64151471698
70	27	33.14	2.72036762222
71	27	33.01	2.59420508056
72	26	32.6	2.73861278753
73	26	33.42	2.97381909335
74	26	32.5	2.75136329844
75	27	32.35	2.94066319051
76	27	32.01	2.62866886465
77	25	32.08	2.50071989635
78	27	32.38	2.93863914083
79	27	32.62	2.86628679654
80	27	32.6	2.81069386451
81	27	32.85	2.93044365242
82	25	32.31	2.78458255399
83	27	32.63	3.00218253942
84	27	32.58	2.94679486901
85	27	32.58	2.97717987364
86	27	32.15	2.82267603525
87	27	31.75	2.55880831638
88	26	31.7	2.3769728648
89	25	32.08	2.6141155292
90	25	32.37	2.50860519014
91	27	32.44	2.80471032372
92	26	32.41	2.57330526755
93	25	32.46	3.07382497875
94	25	32.0	2.70554985169
95	25	32.09	3.39439243459
96	25	32.06	2.83837981954
97	25	31.51	2.79103923297
98	25	31.38	2.68990706159
99	26	31.02	2.39991666522
100	26	31.16	2.38209991394
101	26	31.18	2.58603944285
102	26	31.32	2.76
103	25	31.09	2.53808983293
104	23	31.29	2.80462118654
105	25	30.9	2.5632011236
106	24	31.04	2.73832065325
107	25	31.69	2.57951545838
108	25	31.22	2.74437606752
109	25	31.2	2.60384331326
110	22	31.04	3.12384378611
111	22	30.25	2.88227340827
112	22	30.37	2.93139898342
113	23	29.93	3.07654026465
114	21	29.48	2.69621957563
115	23	28.78	2.6060698379
116	21	28.27	2.61478488599
117	22	28.46	2.70710177127
118	22	28.34	2.96047293519
119	22	27.86	2.90523665129
120	22	27.65	3.1412577099
121	22	26.93	2.58168549595
122	22	27.33	2.78587508693
123	23	26.95	2.42229230276
124	23	27.15	2.1880356487
125	21	27.45	2.7363296585
126	24	28.15	2.35531314266
127	24	28.59	2.68735929864
128	22	28.01	2.60574365585
129	22	27.36	2.49607692189
130	22	27.51	2.79103923297
131	20	27.41	2.86738556877
132	23	27.33	2.56146442489
133	21	27.3	2.73678643668
134	22	26.88	2.2771912524
135	22	27.52	2.79098548903
136	23	27.51	2.58261495388
137	23	27.28	2.81097847733
138	22	27.04	2.35338054721
139	23	27.24	2.6004614975
140	23	27.51	2.5199007917
141	22	27.88	2.41362797465
142	21	28.11	2.77811086892
143	21	28.28	3.02350789647
144	21	27.84	2.78467233261
145	22	27.69	2.75570317705
146	22	27.53	2.45949181743
147	22	27.58	2.95018643479
148	22	27.34	3.05031145951
149	21	26.79	3.05383365624
150	20	26.12	2.67312551146
151	21	26.16	2.50087984517
152	22	26.92	2.74838134181
153	22	26.6	2.58456959666
154	21	26.57	2.8328607449
155	21	26.3	2.51992063367
156	21	26.57	2.78659290174
157	21	26.64	2.7623178673
158	21	26.12	2.89579004764
159	20	26.29	2.84357169771
160	20	26.62	2.9420401085
161	21	26.87	2.97541593731
162	22	26.93	2.68423173366
163	21	27.18	2.72169065105
164	23	27.21	2.67318162496
165	21	26.85	2.64716829839
166	21	27.16	2.7008146919
167	21	27.54	2.86503054085
168	21	27.15	3.07367857786
169	19	26.16	2.84506590433
170	20	26.38	2.78488778948
171	19	26.61	3.00963452931
172	20	26.23	2.7923287772
173	20	26.23	2.88046871186
174	20	26.51	2.77306689425
175	20	26.75	2.97111090335
176	20	26.48	2.94781274846
177	21	26.6	2.97657521323
178	20	26.29	2.9335814289
179	20	26.3	3.34514573674
180	20	25.77	2.97608803633
181	20	26.14	2.81076502042
182	21	26.73	2.83850312665
183	22	26.64	3.04144702403
184	19	26.55	2.81202773813
185	19	26.5	3.26649659421
186	19	26.36	3.19849964827
187	20	25.82	2.70695400774
188	20	25.74	2.70414496653
189	20	25.77	2.91154598109
190	20	25.73	2.90122387968
191	20	25.84	2.56405928169
192	20	25.95	2.77983812478
193	20	25.59	3.00031664996
194	20	25.93	3.02408663897
195	19	25.48	2.9882436313
196	19	24.87	2.48457239782
197	19	25.43	2.58942078465
198	17	25.88	2.6991850622
199	20	25.89	2.54517189989
200	20	26.12	2.53487672284
201	19	25.97	2.63611456504
202	20	25.96	2.95269368543
203	20	25.95	2.73267268439
204	20	26.5	3.04138126515
205	20	26.32	2.87360400891
206	20	25.89	2.72358219997
207	21	26.4	3.04630924235
208	20	26.23	2.90810935145
209	20	26.53	2.95788775987
210	20	26.44	3.03090745487
211	18	25.95	3.23844098294
212	18	25.59	3.01029898847
213	20	25.84	2.89039789648
214	19	25.75	3.09313756564
215	17	25.95	2.97111090335
216	19	26.12	3.08959544277
217	19	25.81	2.83088325439
218	20	26.02	2.82835641318
219	21	25.68	2.86314512381
220	20	25.65	3.16030061861
221	19	25.19	2.66343762833
222	19	25.34	2.99739887236
223	19	25.0	3.03973683071
224	18	24.66	3.03716973513
225	19	24.61	2.79605078638
226	19	25.22	2.74437606752
227	19	25.56	3.09295974756
228	19	25.33	3.07263730369
229	18	25.0	3.00998338866
230	19	25.43	3.17255417605
231	18	25.6	2.95634909982
232	20	25.61	3.27076443664
233	18	25.25	2.93044365242
234	19	24.96	2.67925362741
235	19	25.13	2.83074195221
236	19	25.5	2.90344622819
237	19	25.57	2.79017920571
238	19	24.99	3.011627467
239	20	25.2	2.75680975042
240	19	25.8	2.95634909982
241	20	25.62	2.87673425954
242	20	25.66	2.9230805668
243	19	25.87	2.9988497795
244	20	26.26	3.06143757082
245	20	26.26	2.72624283585
246	20	26.4	3.03644529014
247	19	26.2	2.97321374946
248	19	26.22	2.72242538924
249	19	25.82	2.87186350651
250	19	25.81	2.73749885845
251	19	25.45	3.29962119038
252	19	24.95	2.69953699734
253	19	24.92	2.71543734967
254	19	25.6	2.99332590942
255	19	25.18	3.13170879872
256	19	24.95	2.81202773813
257	18	25.05	3.1252999856
258	19	25.46	2.69970368744
259	19	26.15	3.15396575758
260	19	26.12	2.8540497543
261	19	26.48	3.09347700816
262	19	26.17	2.92935146406
263	20	26.43	3.07328814139
264	20	26.2	3.40587727319
265	18	25.74	3.06796349392
266	18	25.61	3.1044967386
267	17	25.46	2.94421466609
268	17	25.47	3.1920369672
269	17	25.18	3.13808859021
270	19	25.43	2.9368520562
271	19	25.87	2.88324469999
272	17	25.61	3.46956769641
273	18	25.08	3.10380411753
274	18	24.8	3.0495901364
275	18	24.25	2.8191310718
276	18	24.35	3.02448342697
277	18	24.32	3.07532112144
278	18	24.14	3.02
279	18	23.61	3.05906848567
280	18	23.94	3.16486966556
281	18	23.49	3.03478170549
282	18	24.22	2.91746465274
283	18	24.44	3.00439677806
284	18	24.08	3.05509410657
285	18	24.22	3.03176516241
286	19	24.13	2.60635761169
287	18	24.74	2.82
288	18	25.01	3.12248298634
289	17	24.64	3.09037214587
290	17	24.89	3.32834793854
291	17	24.82	2.93046071463
292	18	24.91	3.32594347517
293	19	24.65	2.9609964539
294	17	24.87	3.04189085932
295	17	24.51	3.00830517069
296	17	24.74	2.94489388603
297	19	25.7	2.9
298	18	25.83	3.48153701689
299	18	25.72	3.26521055983
300	17	25.06	3.31306504615
1	63	69.74	2.9141722667
2	62	67.48	2.23821357337
3	60	66.43	2.38853511592
4	59	65.13	2.3860217937
5	59	64.17	2.22285852001
6	57	63.2	2.29782505862
7	57	62.19	2.66718953207
8	55	60.53	2.41849126523
9	54	59.16	2.09628242372
10	52	58.21	2.45884119048
11	52	57.7	2.17944947177
12	51	56.75	2.29945645751
13	52	56.28	2.34128170027
14	50	55.62	2.20807608565
15	50	54.87	2.42757080226
16	49	54.1	2.51992063367
17	48	53.09	2.37947473195
18	48	52.59	2.47828569782
19	48	52.04	2.1859551688
20	47	52.24	2.67626605553
21	47	51.83	2.55755742849
22	46	51.12	2.45470975881
23	45	50.53	2.17464939703
24	45	49.86	2.26724502425
25	45	49.83	2.36666431925
26	42	48.99	2.15636267822
27	42	48.83	2.01024874083
28	43	48.82	2.1089333797
29	43	48.67	2.27180544942
30	42	48.12	2.25068878346
31	43	47.84	2.25707775675
32	43	47.3	2.20680764907
33	41	46.97	2.42262254592
34	41	45.98	2.48989959637
35	41	44.83	2.27620297865
36	40	44.29	2.51513419125
37	39	43.3	2.08086520467
38	38	42.98	2.17706224073
39	37	42.29	2.06540552919
40	37	41.98	2.11650655562
41	37	41.76	2.23212902853
42	36	41.32	2.15814735363
43	35	41.08	2.54825430442
44	36	40.69	2.53651335498
45	36	40.58	2.16877845803
46	36	40.38	2.07740222393
47	36	40.48	2.49591666528
48	35	40.22	2.57906959968
49	33	39.16	2.52079352586
50	34	38.97	2.55912094282
51	33	38.58	2.66150333458
52	33	38.2	2.4899799196
53	33	37.43	2.15524940552
54	33	37.63	2.04770603359
55	33	37.83	2.75700924917
56	32	37.15	2.15580611373
57	30	37.16	2.50886428489
58	31	36.9	2.38956062907
59	31	36.94	2.77063169692
60	30	36.83	2.75337974134
61	32	35.85	2.23774440006
62	31	35.55	2.29510348351
63	31	35.28	2.17752152687
64	31	35.54	2.59776827296
65	30	35.05	2.48344518764
66	30	34.98	2.37478420072
67	30	35.03	2.08544959181
68	30	35.31	2.27022025363
69	28	35.24	2.89178145786
70	30	34.89	2.52940704514
71	30	34.93	2.42179685358
72	30	34.83	2.5536444545
73	30	34.93	2.65049052064
74	30	35.08	2.68953527584
75	30	34.76	2.54605577315
76	29	34.21	2.65441142252
77	29	33.83	2.18657266058
78	30	33.93	2.25057770361
79	28	33.31	2.19861319927
80	27	33.71	2.67691987179
81	27	33.4	2.87054001888
82	27	32.64	2.5120509549
83	26	32.24	2.52634122794
84	27	32.21	2.33792643169
85	27	32.4	2.52586618806
86	27	32.9	2.85131548588
87	27	32.55	2.41816045787
88	27	32.24	2.61961829281
89	28	32.41	2.58493713657
90	29	32.16	2.25707775675
91	28	31.83	2.44562875351
92	27	32.07	2.71387177295
93	28	32.38	2.19444753868
94	26	32.41	2.24541755582
95	26	32.23	2.58787557661
96	26	32.1	2.7440845468
97	26	31.4	2.47790233867
98	27	31.49	2.37274103096
99	25	31.33	2.24523940817
100	26	31.45	2.56271340575
101	26	31.18	2.49551597871
102	27	31.07	2.53872015
103	26	31.15	2.52735039122
104	26	31.06	2.26194606479
105	26	31.23	2.24434845779
106	27	31.42	2.3502340309
107	27	31.9	2.78028775489
108	27	31.72	2.44981631965
109	26	31.64	2.46381817511
110	26	31.51	2.4555854699
111	25	31.1	2.43515913238
112	26	31.32	2.76
113	26	31.06	2.19006849208
114	26	31.16	2.7557938965
115	24	30.69	2.8624989083
116	25	30.17	2.5379322292
117	24	29.85	2.63201443765
118	24	29.47	2.7548321183
119	24	29.23	2.86654844717
120	24	29.15	2.74727137356
121	24	29.21	2.49517534454
122	24	29.24	2.40049994793
123	24	29.69	2.71180751529
124	25	29.43	2.44235542049
125	26	29.96	2.38713217062
126	25	29.71	2.50716971903
127	26	29.97	2.25146618895
128	25	29.66	2.38
129	25	30.13	2.62165977961
130	25	29.88	2.50311805555
131	25	30.29	2.6581760664
132	26	30.14	2.54958820204
133	25	29.94	2.59545757045
134	25	29.96	2.43277619193
135	24	29.82	2.47539895774
136	24	30.01	2.7110698995
137	23	29.77	2.67527568673
138	25	30.1	2.65141471671
139	24	29.76	2.96013513205
140	24	28.85	2.51545224562
141	24	28.98	2.23597853299
142	24	29.18	2.33828997346
143	24	29.07	2.16912424725
144	25	29.16	2.2922478051
145	25	29.41	2.7132821453
146	24	29.35	2.53919278512
147	25	29.67	2.76425396807
148	24	29.63	2.73003662979
149	24	28.46	2.62838353366
150	24	28.34	2.60468808113
151	23	28.58	2.75019999273
152	23	28.39	2.79962497489
153	23	28.05	2.69583011334
154	23	27.79	2.61264234062
155	23	28.13	2.75192659786
156	23	27.95	2.77983812478
157	23	28.25	2.64338797758
158	24	28.12	2.17384452066
159	25	28.54	2.487649493
160	23	28.81	2.7881714438
161	23	28.32	2.59953842057
162	24	28.11	2.4531408439
163	24	28.55	2.51147367097
164	23	28.31	2.73018314404
165	22	28.91	2.64611035295
166	22	28.66	2.392571838
167	22	29.26	2.5044759931
168	23	29.29	2.85410231071
169	23	29.01	2.98159353367
170	23	29.26	2.46016259625
171	23	29.39	2.76005434729
172	23	30.04	2.72
173	25	30.12	2.36338739948
174	23	29.97	2.96801280321
175	23	29.81	2.87296014591
176	23	29.56	3.10264403372
177	24	29.11	2.58416330753
178	23	29.26	3.07122125546
179	23	28.83	2.63838966038
180	23	29.17	2.66103363376
181	25	29.23	2.37004219372
182	24	29.13	2.57159483589
183	24	28.94	2.49327094396
184	24	29.31	2.57563584383
185	24	29.16	2.73027471145
186	23	28.76	2.5578115646
187	24	28.82	2.5666320344
188	24	29.03	2.43907769454
189	23	29.17	2.89155667418
190	23	28.91	2.7132821453
191	23	29.25	2.8857408061
192	23	28.99	2.91374329686
193	23	28.73	2.69761005336
194	23	28.87	2.50061992314
195	23	29.21	2.79748100977
196	23	28.88	2.68804761863
197	23	28.35	2.92018835009
198	22	28.43	2.69167234262
199	22	28.28	2.6536013265
200	23	28.23	2.67901101155
201	23	27.86	2.51005976024
202	23	27.85	2.4672859583
203	23	27.67	2.37930662169
204	23	27.92	2.59876893932
205	23	27.72	2.63848441345
206	22	27.14	2.38755104657
207	22	27.28	2.32413424741
208	22	27.4	2.72029410175
209	22	26.77	2.72710469179
210	21	27.1	2.7946377225
211	22	26.98	2.69436448908
212	22	27.32	2.4571528239
213	22	27.24	2.20961535114
214	22	27.5	2.64764045897
215	21	27.04	2.42041318787
216	21	27.04	2.64922630215
217	21	27.12	2.38025208749
218	21	27.22	2.65171642526
219	21	26.88	2.5817823301
220	21	26.99	2.69998148142
221	21	26.75	2.86487347016
222	21	26.53	2.57858488323
223	22	26.57	2.67303198634
224	22	26.25	2.71062723369
225	22	25.93	2.62013358438
226	21	25.97	2.42674679355
227	21	25.9	2.52784493195
228	22	26.65	2.86487347016
229	22	26.77	2.51735972797
230	20	26.09	2.64611035295
231	21	26.05	2.59759504157
232	21	25.95	2.53919278512
233	21	26.58	2.76108674257
234	21	26.49	2.76945843081
235	21	25.84	2.83097156468
236	21	26.46	2.69599703264
237	20	25.91	2.67243334809
238	20	25.85	2.93726062854
239	21	25.75	2.63581107062
240	20	25.66	2.71374280285
241	20	25.7	2.78747197295
242	20	25.71	2.97420577634
243	20	25.8	2.89482296523
244	20	25.45	2.52339057619
245	20	25.58	2.68022387125
246	20	25.61	2.4408809885
247	20	25.67	2.66853892608
248	20	25.7	2.80178514522
249	20	25.2	2.60768096208
250	20	25.15	2.51942453747
251	21	25.55	2.8191310718
252	18	25.13	2.80590448875
253	19	25.11	2.84568093784
254	19	25.34	2.67663968438
255	19	25.42	2.71727804981
256	19	25.28	2.58874486962
257	19	25.46	2.68856839229
258	20	25.79	2.29910852288
259	20	26.28	2.52618289124
260	21	26.75	2.95084733594
261	20	26.04	3.07219791029
262	20	25.71	3.05055732613
263	20	25.93	2.71387177295
264	20	25.56	2.65450560369
265	19	25.85	2.7654113618
266	20	26.05	2.808469334
267	20	26.54	2.96114842586
268	20	26.26	2.91073873785
269	20	25.62	3.19618522617
270	19	25.19	3.07146544828
271	18	25.12	3.16947945253
272	19	24.56	2.75797026815
273	19	24.26	2.70414496653
274	19	24.51	2.79103923297
275	18	24.08	2.6331729909
276	18	24.1	3.02489669245
277	19	24.19	2.63322995578
278	19	24.19	2.87296014591
279	19	24.1	2.79105714739
280	18	24.09	2.58106567138
281	18	24.16	3.00572786526
282	18	23.81	2.74843591885
283	18	23.8	3.17804971641
284	18	23.44	2.78323552722
285	18	23.63	2.88671093115
286	18	23.76	2.63863601128
287	18	23.85	2.93726062854
288	18	23.25	2.68095132369
289	18	23.33	2.62318508687
290	18	23.76	2.70968632871
291	18	23.83	2.93957479918
292	18	23.48	2.82658804922
293	18	23.34	2.82920483528
294	18	23.41	2.62333756882
295	18	23.83	2.98682105256
296	18	23.72	3.01024915912
297	19	24.36	2.90351511103
298	19	24.3	2.85832118559
299	19	24.48	2.75129060624
300	19	24.95	3.09636884108
1	62	69.6	3.20624390838
2	61	67.07	2.20115878573
3	58	65.78	2.43959012951
4	56	64.17	2.3876976358
5	56	63.43	2.50301817812
6	56	62.31	2.37779309445
7	55	60.84	2.2922478051
8	50	60.23	2.89086492248
9	52	58.72	2.61181928931
10	52	57.72	2.67985074211
11	51	56.74	2.2566346625
12	51	55.74	2.17540800771
13	50	55.15	2.00686322404
14	50	54.61	2.27110105455
15	48	54.03	2.22914781923
16	48	53.62	2.39073210544
17	49	52.42	1.87179058658
18	46	51.92	2.34384299815
19	44	51.39	1.98441427126
20	44	51.09	2.70590095902
21	44	50.0	2.44131112315
22	44	49.45	2.36801604724
23	42	48.81	2.32677888937
24	42	48.55	2.41402154091
25	43	48.11	2.23559835391
26	42	47.39	2.41203233809
27	42	46.82	1.96662146841
28	43	46.81	2.05764428413
29	41	46.76	2.07422274599
30	40	46.49	2.07120737735
31	41	46.53	2.20660372518
32	40	46.29	2.45069377932
33	39	45.61	2.37442624649
34	40	45.53	2.37257244357
35	39	44.93	2.11307832321
36	40	44.59	2.15450690414
37	39	43.91	2.22753226688
38	39	43.94	2.29268401661
39	38	43.8	2.53377189186
40	38	43.41	2.54988235023
41	37	42.52	2.41445646057
42	37	42.04	2.39549577332
43	36	42.04	2.77820085667
44	36	41.22	2.43137820999
45	36	41.15	2.47133567125
46	35	41.16	2.65977442653
47	35	40.88	2.28595712996
48	35	40.9	2.57487863792
49	35	40.47	2.09978570335
50	35	41.07	2.60098058432
51	34	40.43	2.76135836139
52	34	39.52	2.69250812441
53	33	38.79	2.25519400496
54	33	38.69	2.30084766988
55	34	38.93	2.46679954597
56	33	38.73	2.60712485317
57	33	38.29	2.6506414318
58	33	38.4	2.37486841741
59	33	38.41	2.34561292629
60	33	38.62	2.50910342553
61	33	38.4	2.46576560119
62	32	38.09	2.27637870312
63	33	37.91	2.3112550703
64	32	37.82	2.53132376436
65	32	37.45	2.79060925248
66	31	36.88	2.75782523014
67	31	36.62	2.54472002389
68	32	36.12	2.16923949807
69	30	36.16	2.74852687817
70	30	35.51	2.45150973892
71	30	34.93	2.70649219471
72	28	33.95	2.20624114729
73	28	33.96	2.5609373284
74	28	33.93	2.67303198634
75	28	33.58	2.49471441251
76	28	33.43	2.38434477373
77	28	33.4	2.24053565024
78	28	33.05	2.6244046944
79	28	33.36	2.63636112853
80	27	33.07	2.54658594986
81	27	32.44	2.77604034553
82	27	31.78	2.44777449942
83	27	31.47	2.7511997383
84	26	31.36	2.67402318614
85	26	31.27	2.52132901463
86	25	30.93	2.81870537659
87	25	30.57	2.90260228071
88	25	30.17	2.66103363376
89	25	29.91	2.54988235023
90	25	29.73	2.49741866734
91	24	29.46	2.57456792491
92	25	29.62	2.66750820055
93	24	29.48	2.32585468162
94	24	29.33	2.5770331779
95	24	29.52	2.77301280199
96	23	29.33	2.67602316881
97	23	29.07	2.40937751297
98	23	29.29	2.87504782569
99	22	28.6	2.94278779391
100	22	28.33	2.92935146406
101	22	27.82	2.85440011211
102	22	27.38	2.64491965852
103	23	27.67	2.53398895025
104	22	28.24	3.04998360651
105	23	27.88	2.57790612707
106	23	27.83	2.61554965543
107	22	27.86	2.70192523953
108	23	27.68	2.29294570367
109	23	28.42	3.09250707356
110	23	28.15	2.59374246987
111	23	28.58	2.86768199074
112	23	28.35	2.58215026674
113	23	28.42	2.3502340309
114	24	28.49	2.73311177964
115	23	28.58	2.75383369142
116	22	28.83	2.81088953892
117	24	28.97	2.7908959135
118	24	28.85	2.99457843444
119	24	28.86	2.65714132104
120	24	28.52	2.78021581896
121	22	28.18	2.51547212268
122	23	28.52	2.59799923018
123	22	28.59	2.85690391858
124	22	28.39	2.74916350914
125	22	28.2	2.69072480941
126	22	28.04	2.73466634162
127	21	28.04	2.50966133173
128	21	28.1	3.07083050656
129	20	27.33	3.18764803578
130	20	26.77	3.41717719763
131	20	26.41	3.02686306264
132	20	26.43	2.82225087475
133	21	26.31	2.5911194492
134	21	26.35	2.94406182
135	21	26.6	2.96647939484
136	19	26.74	2.94828763861
137	19	27.09	2.9903009882
138	19	26.62	3.09444663874
139	19	25.86	2.7350319925
140	20	25.98	2.88783656047
141	20	26.02	2.76036229506
142	19	26.15	3.15079355084
143	19	25.82	2.75092711645
144	18	25.5	2.95465734054
145	19	26.32	2.85264789275
146	19	26.15	3.15713477698
147	18	25.41	2.88130178912
148	16	25.34	3.04374768994
149	18	25.42	2.97045451068
150	18	25.57	2.90948449042
151	18	25.56	2.98435922771
152	17	25.39	3.09158535383
153	19	25.28	3.12755495555
154	18	24.26	3.41356119031
155	17	23.85	3.12849804219
156	18	23.63	3.02210191754
157	18	23.85	2.98119103715
158	17	23.04	2.93911551321
159	17	23.18	2.81204551883
160	17	23.15	2.96437177156
161	16	23.18	3.1823890397
162	17	23.62	3.0059274775
163	18	23.66	2.67290104568
164	18	24.21	2.95057621491
165	19	23.8	2.84253408071
166	19	24.5	3.02820078595
167	19	24.65	2.75454170417
168	19	25.17	2.93617097595
169	17	24.93	3.09920957665
170	18	24.46	3.01801259109
171	17	24.06	3.19318023293
172	16	24.86	3.39122396783
173	16	24.5	3.26343377442
174	16	24.41	3.31389498928
175	17	24.5	3.1224989992
176	17	24.44	2.76159374275
177	18	24.73	3.01282259684
178	18	24.63	2.95856384078
179	18	24.4	2.88790581564
180	16	24.16	3.41385412694
181	16	23.9	3.07408522979
182	16	24.24	3.38856901951
183	16	23.45	3.31473980879
184	17	23.53	2.70723105774
185	16	23.84	3.12
186	16	23.52	3.02813473941
187	16	23.57	2.89570371413
188	16	23.79	3.137817713
189	18	24.07	2.99751563799
190	17	24.46	2.79792780464
191	17	24.79	2.92675588323
192	17	24.24	2.79327764463
193	17	24.89	2.64913193329
194	17	25.68	3.34926857687
195	17	24.65	3.27833799356
196	17	24.72	3.61408356295
197	17	24.47	2.86166035721
198	19	25.04	2.63028515564
199	17	25.43	2.7758061892
200	17	24.92	3.02879513999
201	17	25.05	3.05409561082
202	18	24.86	3.14649010804
203	19	25.02	3.078895906
204	17	25.22	3.08408819589
205	19	25.09	2.8252256547
206	19	25.34	2.74670711944
207	17	25.03	2.9713801507
208	18	24.84	2.6446927988
209	18	25.09	3.30482979895
210	17	24.52	2.82304799818
211	17	25.08	3.11666488413
212	16	24.69	3.09740213728
213	16	25.28	3.09541596559
214	20	25.44	2.48322371123
215	20	26.08	2.82021275793
216	20	26.79	3.03741666552
217	19	26.8	3.43802268753
218	19	26.1	3.36303434416
219	19	25.91	3.14672845985
220	19	25.92	3.02218464029
221	19	25.97	3.25101522605
222	19	25.79	3.0799188301
223	19	25.63	2.93821374308
224	19	25.72	3.01688581156
225	18	25.43	2.91291949769
226	17	25.27	3.31317068682
227	17	25.29	3.32654475395
228	17	24.35	3.01786348266
229	17	24.13	3.30046966355
230	17	23.34	3.15664378732
231	17	23.49	3.02157243832
232	17	23.88	3.03407316985
233	15	23.27	3.30712866396
234	15	23.24	3.52170413294
235	15	23.04	3.42613484848
236	16	23.19	3.05841462199
237	16	23.55	3.34776044543
238	16	23.46	3.08681065179
239	17	23.67	2.99350964588
240	17	24.17	2.70205477369
241	18	24.26	3.16107576625
242	18	24.22	3.04493021266
243	16	24.1	2.83372546306
244	16	24.48	3.0837639339
245	16	24.24	2.98368899184
246	17	24.32	2.98288451
247	17	24.39	3.00631003059
248	17	24.21	2.95734678386
249	18	24.4	2.82134719593
250	18	24.55	2.93726062854
251	18	24.89	2.94243096775
252	19	24.82	2.96776009812
253	19	24.85	2.90645832587
254	17	24.9	2.76224546339
255	19	25.55	3.36563515551
256	19	25.09	2.54595758017
257	19	25.66	3.15030157287
258	19	25.95	2.87532606847
259	19	26.5	3.06431068921
260	20	26.17	2.95653513424
261	20	26.59	3.18149336004
262	20	26.87	3.22383312223
263	20	26.95	3.00124973969
264	21	27.07	2.96396693639
265	21	27.01	3.13845503393
266	20	26.44	3.02430157226
267	19	26.24	2.93298482778
268	19	26.59	2.81813768294
269	20	26.45	3.13169283296
270	18	25.99	3.26648128726
271	18	25.91	3.18149336004
272	17	26.15	3.15713477698
273	18	26.56	2.86817014837
274	20	26.53	3.04123330246
275	20	26.51	2.88615661391
276	19	26.94	2.95574017803
277	17	27.14	3.14331035693
278	17	26.46	3.75877639665
279	17	25.86	3.12736310652
280	17	25.62	3.20243657236
281	17	25.47	3.17948108974
282	18	25.39	3.23695844891
283	18	25.18	3.16347909745
284	17	25.29	3.18526294048
285	17	25.61	2.77090238009
286	17	25.76	3.00705836325
287	19	25.46	3.01137842192
288	19	25.24	2.88138855415
289	18	25.64	3.39269804138
290	19	25.31	3.0551432045
291	19	25.42	2.95695789622
292	19	25.88	3.15049202507
293	19	25.09	3.21277138931
294	19	24.61	3.03609947136
295	19	24.3	2.28691932521
296	19	24.91	2.89860311185
297	18	25.46	2.96114842586
298	20	25.48	2.57091423428
299	20	25.74	2.86921592077
300	20	25.55	3.05081956202
1	63	70.16	2.74852687817
2	61	67.64	2.45568727651
3	58	65.95	2.49148550066
4	56	64.46	2.60929109147
5	55	63.1	2.76224546339
6	55	61.61	2.46128015472
7	53	61.14	2.80720501567
8	53	59.72	2.61564523588
9	52	58.81	2.78458255399
10	52	57.7	2.43515913238
11	51	56.63	2.48054429511
12	48	55.34	2.64280154382
13	47	53.98	2.33229500707
14	47	53.6	2.49399278267
15	47	52.55	2.26881026091
16	47	52.11	2.50956171472
17	45	51.01	2.67766689489
18	45	49.93	2.44235542049
19	44	49.27	2.39939575727
20	45	48.45	1.89406969249
21	43	48.52	2.43507700084
22	43	48.23	2.80661718088
23	42	46.75	2.59374246987
24	40	46.0	2.48596057893
25	41	44.94	2.12518234512
26	39	44.34	2.37579460392
27	39	43.49	2.22932725278
28	39	43.16	2.12941306467
29	38	42.66	2.13175983638
30	38	42.66	2.42165232847
31	38	41.92	2.11508865062
32	38	41.71	1.92507142725
33	38	41.87	2.33518735865
34	38	41.57	2.16450918224
35	37	41.25	2.01183995387
36	37	41.32	2.2489108475
37	37	41.53	2.61325467569
38	37	40.94	2.15323013169
39	37	40.96	2.08288261791
40	36	41.12	2.23731982515
41	36	41.37	2.3691981766
42	35	41.19	2.50477543904
43	36	40.81	2.4807055448
44	35	40.42	2.35448508171
45	36	39.7	1.9
46	33	39.78	2.48024192368
47	35	39.32	2.08269056751
48	35	39.54	2.47556054258
49	35	39.11	2.05375266281
50	34	38.87	2.25678975538
51	35	38.66	2.10817456583
52	34	37.97	2.0320187007
53	35	38.37	2.35225423796
54	34	37.98	2.18622963112
55	34	37.61	2.01442299431
56	33	37.44	2.07036228714
57	34	37.44	2.1086488565
58	33	37.59	2.45802766461
59	33	37.34	2.30746614276
60	33	36.96	2.26238811878
61	32	36.47	2.41435291538
62	31	35.93	2.25057770361
63	30	35.5	2.2825424421
64	31	35.58	2.12687564282
65	31	35.35	2.23774440006
66	31	35.4	2.31948270095
67	31	35.0	2.19544984001
68	31	34.94	2.3783187339
69	30	34.83	2.34544238897
70	29	34.53	2.41435291538
71	29	34.33	2.74246239719
72	29	33.95	2.22429764195
73	29	33.86	2.15879596072
74	30	33.95	2.45916652547
75	28	33.91	2.51831292734
76	29	33.92	2.6331729909
77	29	33.5	2.62106848442
78	28	32.85	2.24666419387
79	28	32.45	2.3038012067
80	27	32.03	2.30414843272
81	28	32.08	2.75564874394
82	28	31.55	2.31678656764
83	27	31.5	2.46779253585
84	27	31.78	2.31335254555
85	27	31.68	2.51745903641
86	26	31.87	2.57936038583
87	27	31.69	2.65591792042
88	28	31.4	2.4
89	27	31.15	2.20170388563
90	27	31.26	2.47232683923
91	27	31.03	2.21564888915
92	25	31.0	2.47386337537
93	25	30.72	2.44573097458
94	25	30.47	2.26033183405
95	25	30.76	2.44589451939
96	27	30.74	2.55194043818
97	25	30.89	2.64913193329
98	25	31.24	2.6004614975
99	27	31.21	2.46696169407
100	27	30.91	2.36260449504
101	25	31.02	2.30642580631
102	25	30.62	2.35278558309
103	26	30.31	2.46046743527
104	25	30.35	2.63960224276
105	26	30.0	2.39582971014
106	26	30.34	2.42989711716
107	26	30.58	2.55804612937
108	25	30.7	2.43104915623
109	26	30.61	2.44906104456
110	26	30.82	2.33400942586
111	26	31.01	2.76584525959
112	25	30.32	2.22656686403
113	27	30.87	2.39438927495
114	25	31.05	2.7654113618
115	25	31.13	2.44808088102
116	27	31.3	2.43515913238
117	26	31.04	2.18137571271
118	26	31.16	2.45650157745
119	26	31.28	2.60798773003
120	26	31.42	2.80421111901
121	25	31.24	2.92615789048
122	24	30.43	2.76135836139
123	25	29.35	2.49549594269
124	25	29.34	2.49887974901
125	25	29.1	2.15174347914
126	25	29.65	2.79060925248
127	25	29.01	2.14706776791
128	25	29.34	2.50687055908
129	24	29.6	2.57681974535
130	24	29.75	2.64716829839
131	24	29.43	2.46274237386
132	24	29.31	2.83088325439
133	24	29.14	2.58077507738
134	22	28.93	2.71387177295
135	22	28.79	2.61646708368
136	22	28.64	2.79828518918
137	22	28.42	2.60069221555
138	22	28.38	2.74874516825
139	22	27.8	2.56904651573
140	22	27.54	2.65864627207
141	22	27.92	2.86942502951
142	22	27.89	2.6604322957
143	23	27.51	2.29997826077
144	23	27.96	2.68670802284
145	23	27.9	2.30867927612
146	23	28.22	2.33486616319
147	23	28.46	2.62457615626
148	23	28.57	2.45867850684
149	23	28.47	2.61325467569
150	23	28.1	2.62106848442
151	23	28.29	2.52307352251
152	23	27.86	2.41669195389
153	24	28.24	2.48644324287
154	23	28.18	2.41404225315
155	23	28.55	2.57439313237
156	21	28.26	2.85874098162
157	23	27.78	2.37309923939
158	24	28.31	2.32247712583
159	23	28.46	2.40174936244
160	23	28.57	2.5347780968
161	23	28.26	2.56756694168
162	23	27.96	2.25796368438
163	23	27.89	2.4326734265
164	23	27.81	2.53651335498
165	23	27.67	2.40854728
166	23	27.27	2.17188857909
167	24	27.6	2.34093998214
168	22	27.82	2.46324988582
169	22	27.56	2.33375234333
170	21	27.71	2.55458411488
171	21	27.71	2.60113436792
172	22	27.97	2.89984482343
173	21	27.52	2.75855034393
174	22	27.19	2.7629513206
175	22	27.08	2.73744406336
176	22	26.85	2.56271340575
177	22	26.72	2.38780233688
178	22	26.74	2.60622332121
179	22	26.61	2.67542519985
180	23	26.59	2.47020242086
181	23	26.64	2.38545593126
182	23	27.59	2.51035854013
183	23	27.69	2.58725723499
184	22	27.51	2.68884733669
185	23	27.22	2.39407602218
186	23	27.72	2.63469163281
187	23	27.4	2.24499443206
188	23	27.77	2.75628372995
189	22	27.5	2.78747197295
190	22	27.51	2.65139585879
191	23	27.5	2.55538646784
192	21	27.22	2.58681271065
193	22	27.26	2.73722487202
194	22	27.01	2.85129795006
195	22	26.53	2.67751750695
196	22	26.73	2.4651774784
197	22	26.92	2.66338130954
198	22	26.91	2.47424736031
199	22	26.71	2.59728704613
200	22	26.49	2.51195143265
201	22	26.61	2.7162290036
202	20	26.41	2.51831292734
203	20	26.67	2.90535712091
204	20	26.26	2.92786611716
205	20	26.43	2.69167234262
206	20	26.63	2.71534528191
207	20	26.33	2.60405453092
208	19	26.45	2.78343313194
209	20	26.12	2.84
210	19	25.77	3.06872937875
211	19	25.24	2.56561883373
212	19	25.7	2.71845544381
213	19	25.63	2.73735273576
214	18	26.01	2.85129795006
215	20	25.9	2.97153159162
216	19	25.76	3.13725995098
217	20	25.46	2.8824295308
218	18	25.01	2.65892835556
219	19	24.52	2.70362719324
220	18	24.52	2.70362719324
221	18	24.27	2.59944224787
222	19	24.75	2.66598949735
223	19	24.72	2.61946559435
224	19	24.92	2.92465382567
225	20	24.7	2.51992063367
226	19	25.18	2.80848713723
227	19	24.49	2.67766689489
228	19	24.62	2.59144747197
229	19	24.55	2.73998175176
230	19	24.46	2.29093867225
231	19	25.21	2.87852392729
232	20	24.92	2.62556660552
233	20	25.12	2.85054380777
234	20	24.67	2.77868674017
235	20	24.64	2.6401515108
236	19	24.55	2.80133896557
237	19	24.06	2.55663841792
238	19	24.05	2.69953699734
239	19	24.34	2.88520363233
240	19	24.46	2.74014598151
241	19	24.31	2.54438597701
242	19	24.39	2.68289023257
243	20	24.69	2.75207194673
244	19	24.31	2.6483768614
245	20	24.38	2.52103153491
246	19	24.27	2.59944224787
247	20	24.46	2.69599703264
248	19	24.45	2.70323879818
249	19	24.46	2.68856839229
250	19	24.83	2.67975745171
251	20	25.15	2.80490641555
252	20	25.79	2.70294284068
253	20	25.57	2.38853511592
254	21	25.73	2.35735020733
255	21	26.42	2.58526594377
256	21	26.73	2.77075801903
257	19	26.35	2.85438259524
258	21	26.5	3.0347981811
259	19	26.2	2.75317997959
260	19	25.91	2.73530619858
261	19	25.61	2.93903045238
262	19	25.34	2.804353758
263	20	25.65	2.92018835009
264	20	25.68	2.88055550198
265	20	25.43	2.82932854225
266	19	25.34	2.72844277932
267	19	25.38	2.91815009895
268	19	24.84	2.60660698994
269	19	24.94	3.25213775846
270	19	24.07	2.75773457751
271	19	23.71	2.51115511269
272	19	23.85	2.33826859022
273	19	24.48	2.89302609736
274	19	24.1	2.67020598456
275	18	24.17	2.52212212234
276	18	24.3	2.78747197295
277	18	24.43	3.27797193399
278	18	24.39	2.99631440273
279	20	24.55	2.41816045787
280	20	24.28	2.49431353282
281	19	24.58	2.95695789622
282	19	24.76	2.77892065378
283	18	24.34	2.98067106538
284	19	24.36	2.58271175318
285	19	24.94	2.87339520428
286	19	24.16	2.69710956396
287	18	24.05	2.64716829839
288	20	24.17	2.49421330283
289	17	24.02	2.59221912654
290	19	24.06	3.20256147482
291	18	23.21	2.4831230336
292	18	23.67	2.74974544276
293	18	23.64	2.59815319025
294	18	23.38	2.7231599292
295	17	23.1	2.41867732449
296	17	23.26	2.59853805052
297	19	24.22	2.80919917414
298	19	24.05	2.49549594269
299	19	24.42	2.63886339169
300	19	24.26	2.55194043818
1	62	69.73	3.07198632809
2	62	67.29	2.44660989943
3	59	65.63	2.68199552572
4	59	64.54	2.37242491978
5	57	63.61	2.7853007019
6	56	62.63	2.57159483589
7	56	61.68	2.35745625622
8	55	60.87	2.58323440671
9	53	59.82	2.4428671679
10	53	59.06	2.71595287146
11	51	58.13	2.86235916684
12	51	57.04	2.64544892221
13	50	55.63	2.46030485916
14	49	54.98	2.46568448914
15	50	54.16	2.16665641023
16	48	53.71	2.48714695987
17	48	53.33	2.70205477369
18	47	52.23	2.22195859547
19	45	52.0	2.58069758011
20	45	51.29	2.88199583622
21	42	51.28	3.02681350598
22	42	50.95	3.46229692545
23	42	49.43	2.97743177924
24	41	48.9	3.1
25	42	47.64	2.60199923136
26	41	47.13	2.41931808574
27	39	45.99	2.88615661391
28	39	45.13	2.67078640104
29	38	44.43	2.32488709403
30	38	43.98	2.43302281124
31	38	43.5	2.55929677841
32	37	42.7	2.25166604984
33	37	42.99	2.67018725935
34	37	42.76	2.61197243477
35	37	42.36	2.55937492369
36	37	42.02	2.4575597653
37	35	41.78	2.3561833545
38	36	41.73	2.54894095655
39	32	41.73	2.84554037047
40	35	41.23	2.74173302858
41	35	40.51	2.17483332695
42	35	40.51	2.33450208824
43	35	40.59	2.604208133
44	35	40.14	2.50607262465
45	34	39.54	2.71447969232
46	33	38.83	2.54972547542
47	33	38.89	2.37863406181
48	33	38.65	2.1880356487
49	33	38.82	2.63583004004
50	33	38.68	2.48949794135
51	32	38.2	2.4819347292
52	32	38.16	2.66728326205
53	33	37.23	2.19934081033
54	32	36.93	2.43004115191
55	32	37.46	2.40174936244
56	33	37.65	2.44693686065
57	32	37.24	2.57340241703
58	32	37.26	2.45609446072
59	32	37.07	2.56224510927
60	30	36.61	2.56083970603
61	30	36.52	2.79098548903
62	30	36.12	2.69547769421
63	29	36.25	2.94406182
64	30	35.87	3.08108747036
65	29	35.71	2.79390407853
66	29	35.17	2.37509999789
67	29	35.25	2.66598949735
68	29	35.02	2.61143638636
69	28	34.64	2.60199923136
70	27	34.52	2.7367133573
71	30	34.18	2.24668644897
72	29	34.4	2.33666428911
73	29	34.48	2.40199916736
74	29	35.16	2.7557938965
75	29	35.12	2.4951152278
76	29	34.67	2.44562875351
77	29	34.58	2.61602752279
78	29	34.4	2.55342906696
79	30	34.49	2.60574365585
80	28	34.13	2.84132011572
81	28	33.66	2.76846527881
82	27	33.01	2.37274103096
83	27	33.12	2.65435491222
84	27	32.56	2.46300629313
85	26	32.45	2.76179289593
86	26	31.97	2.42674679355
87	26	32.33	2.72783797173
88	26	32.01	3.01826108877
89	26	31.81	2.45639980459
90	26	31.71	2.55849565175
91	26	31.99	2.75134512557
92	26	31.42	2.8219851169
93	26	31.21	2.47909257592
94	26	31.18	2.40574312843
95	26	30.84	2.73027471145
96	25	30.5	2.62106848442
97	26	30.87	2.46436604424
98	26	31.12	2.65435491222
99	26	30.97	2.48376729989
100	26	31.1	2.71108834235
101	25	30.51	2.65139585879
102	25	30.29	2.51910698463
103	25	30.34	2.29878228634
104	25	31.18	2.68841961011
105	26	31.53	2.66628955667
106	26	31.33	2.65350711324
107	27	31.48	2.46771149043
108	27	31.71	2.43431715271
109	26	32.02	2.48989959637
110	26	31.89	2.85970278176
111	27	31.81	2.66718953207
112	24	31.64	2.68894031172
113	26	31.39	2.65667084901
114	26	31.61	2.34476011566
115	27	31.85	2.69953699734
116	27	31.98	2.36211769393
117	26	31.92	3.00226581102
118	26	30.95	2.55098020376
119	25	30.59	2.60036535894
120	24	30.66	2.66540803631
121	24	30.33	2.73150141863
122	24	30.26	2.80934155987
123	26	30.12	2.83294899354
124	25	29.95	2.45102019576
125	26	30.58	2.56974706927
126	24	30.58	2.92636293033
127	24	30.29	2.55066657954
128	23	30.22	2.339145143
129	23	30.49	2.92059925358
130	24	30.23	3.01945359295
131	23	29.52	3.07727151873
132	23	29.3	2.83725219182
133	24	29.31	2.85199929874
134	22	29.11	2.77090238009
135	22	28.52	2.9714642855
136	23	28.51	2.98494556064
137	23	27.86	2.51404057246
138	23	27.64	2.66278050166
139	23	27.69	2.59497591511
140	23	27.7	2.77668867538
141	22	27.73	2.98949828567
142	22	27.26	2.70414496653
143	23	27.74	2.70044440787
144	23	27.46	2.66615828487
145	22	27.28	2.63469163281
146	22	27.55	2.66973781484
147	22	27.14	2.47798305079
148	22	27.31	2.50876463623
149	22	27.58	2.76470613267
150	22	28.02	2.48185414559
151	23	28.06	2.53306138891
152	22	27.8	2.63438797446
153	22	28.01	2.81245444408
154	22	27.71	2.45477086507
155	21	28.16	2.66353149033
156	21	28.24	2.77171427099
157	21	27.95	3.03438626414
158	21	27.4	2.76767050062
159	21	27.38	2.97919452201
160	21	27.46	2.79435144533
161	23	27.36	2.50007999872
162	23	27.75	2.70693553673
163	23	27.88	2.36761483354
164	23	28.22	2.56351321432
165	23	28.51	2.74406632573
166	23	27.89	2.63778316016
167	23	28.16	3.11358314487
168	23	27.83	2.84975437538
169	23	27.83	2.78228323504
170	22	27.66	2.83978872454
171	22	27.69	2.7809890327
172	21	27.77	2.74537793391
173	20	27.51	2.8687802286
174	21	27.56	2.74707116763
175	21	27.48	2.68879155012
176	21	27.49	3.03478170549
177	21	26.92	2.78452868543
178	22	26.61	3.05579776818
179	22	26.7	2.58650343128
180	22	27.01	2.72211314974
181	21	27.39	2.63778316016
182	21	27.37	2.85536337442
183	21	27.47	3.22321268302
184	20	27.25	2.85438259524
185	20	27.05	2.86487347016
186	20	26.81	2.36514270183
187	22	27.09	3.02355750731
188	22	26.52	2.36
189	21	26.97	2.49581649966
190	23	27.51	2.57097257862
191	22	27.71	2.72871764754
192	22	28.17	2.89155667418
193	22	27.81	2.5678590304
194	23	27.69	2.59882665832
195	22	27.77	2.70870817919
196	22	27.07	2.36750923969
197	22	26.83	2.28497264754
198	22	27.27	2.76714654473
199	22	26.97	2.53950782633
200	22	27.44	2.87513477945
201	21	27.23	2.60712485317
202	21	26.97	2.7548321183
203	21	26.78	2.84457378178
204	22	26.77	2.47327717816
205	22	27.29	2.84708622981
206	20	26.87	2.93139898342
207	21	26.78	2.9885782573
208	21	26.57	2.5583393051
209	21	27.16	2.99906652144
210	21	27.31	2.88338342924
211	20	27.31	3.05841462199
212	22	27.16	2.62190770242
213	21	27.82	2.70695400774
214	21	27.73	2.7959077238
215	22	27.97	2.7511997383
216	23	28.0	2.99332590942
217	23	27.36	2.70747114481
218	22	27.46	2.69970368744
219	22	26.85	2.41402154091
220	23	27.43	2.51497514898
221	23	27.93	2.63535576346
222	22	27.55	2.55880831638
223	22	27.73	2.83497795406
224	22	27.63	2.94161520257
225	21	27.09	2.81813768294
226	21	26.34	2.5108564276
227	22	26.81	2.90411776621
228	22	27.01	2.64005681757
229	22	26.74	2.45201957578
230	22	26.83	2.88463169226
231	22	27.16	2.83097156468
232	22	26.65	2.66223590239
233	22	26.46	2.69970368744
234	22	26.58	2.52261768804
235	22	26.99	2.54752821378
236	22	26.59	2.53019762074
237	23	26.77	2.70131449483
238	21	26.37	2.52449995049
239	21	26.73	3.15231660846
240	21	26.25	2.66973781484
241	21	26.17	2.70205477369
242	22	26.36	2.54369809529
243	21	26.45	2.78702350187
244	21	26.2	2.70554985169
245	21	26.08	2.68208873828
246	20	26.07	2.68050368401
247	21	26.34	2.98737342828
248	21	26.11	2.97286057527
249	20	25.83	2.80732969207
250	20	26.28	2.79313444002
251	21	26.23	2.52924890037
252	21	26.54	2.86851878153
253	21	25.99	2.52782515218
254	21	26.27	2.48537723495
255	20	26.23	2.88046871186
256	20	26.68	3.1108841187
257	20	26.49	3.0512128736
258	20	26.21	3.31449845376
259	20	25.91	2.58880281211
260	20	25.63	2.86585065905
261	19	25.06	2.7525261125
262	19	25.06	2.98268335564
263	20	24.93	2.5583393051
264	20	25.04	2.80684876686
265	21	25.11	2.26227761338
266	21	25.68	2.31032465251
267	21	26.38	2.67125438699
268	22	26.84	2.92479059079
269	22	26.46	2.72550912675
270	21	25.91	2.29823845586
271	21	26.51	2.62104940816
272	22	26.14	2.59622803313
273	22	26.33	2.59636284059
274	21	26.35	2.5860201082
275	21	26.25	2.50748878362
276	21	26.44	2.66953179415
277	20	26.29	2.86808298346
278	20	26.19	2.60267170423
279	20	25.53	2.80519161556
280	20	25.48	2.89302609736
281	21	25.94	2.39924988278
282	21	26.19	2.40705213903
283	21	26.69	2.80960851365
284	21	26.24	2.64620482956
285	21	26.36	2.75506805724
286	21	26.72	2.70953870613
287	22	26.5	2.41039415864
288	21	26.63	2.89363093708
289	21	26.84	2.45650157745
290	22	27.05	2.75816968296
291	22	26.68	2.46933189345
292	21	26.56	2.75070899951
293	21	26.57	2.50301817812
294	22	26.44	2.63939386981
295	21	26.61	2.70146256683
296	22	26.63	2.71534528191
297	22	26.82	2.51547212268
298	22	26.55	2.92018835009
299	22	26.18	2.60530228572
300	20	25.84	2.48080632053
1	63	70.25	2.92702921065
2	62	67.96	2.28
3	61	66.32	2.17200368324
4	58	64.79	2.40954352523
5	57	64.16	2.50087984517
6	56	62.98	2.70916961448
7	56	62.0	2.90172362571
8	56	60.55	2.36378933071
9	56	60.23	2.55677531277
10	55	59.52	2.55921863075
11	54	59.02	2.65699077906
12	52	58.26	2.60238352285
13	52	58.06	2.70118492518
14	51	57.71	2.89238655784
15	51	56.75	2.79060925248
16	50	56.07	3.0862760732
17	51	55.02	2.58835855321
18	48	54.96	3.28304736487
19	48	53.92	2.86942502951
20	47	53.02	2.69436448908
21	47	52.13	2.42757080226
22	47	51.55	2.19715725427
23	47	50.82	2.16046291336
24	46	50.31	2.41534676599
25	43	49.6	2.56904651573
26	40	49.29	2.88199583622
27	41	48.52	2.49190690035
28	41	47.77	2.59173686936
29	42	47.43	2.24613000514
30	42	46.64	2.49206741482
31	41	46.41	2.68363559374
32	39	45.45	2.54312799521
33	39	45.01	2.33878173415
34	39	44.88	2.43836010466
35	39	43.98	2.37056955182
36	39	43.3	2.39374184072
37	39	43.04	2.40383027687
38	39	42.86	2.20916273733
39	37	43.01	2.36852274635
40	37	42.43	2.39271811963
41	37	42.05	2.37223523286
42	36	41.52	2.17016128433
43	35	41.15	2.24666419387
44	35	41.14	2.24953328493
45	37	40.95	2.38903746308
46	35	40.71	2.32935613421
47	36	40.44	2.42206523446
48	36	39.67	2.06424320273
49	36	39.92	2.11981131236
50	32	39.82	2.5899034731
51	32	40.11	2.37863406181
52	32	39.6	2.38746727726
53	32	39.27	2.58787557661
54	32	38.82	2.90303289682
55	32	38.26	2.20281637909
56	32	38.31	2.05764428413
57	31	38.1	2.71108834235
58	31	37.63	2.35225423796
59	31	37.79	3.04070715459
60	31	37.25	2.59759504157
61	31	36.41	2.47828569782
62	31	36.15	2.51942453747
63	28	35.46	2.49166610925
64	28	35.11	2.5725279396
65	27	35.28	3.07922068063
66	27	34.6	3.09192496675
67	28	33.88	2.63924231551
68	29	33.58	2.4866845397
69	29	33.91	2.80390798708
70	29	33.52	2.68134294711
71	29	33.41	2.45395598983
72	30	33.75	2.74727137356
73	29	33.66	2.45446531856
74	30	33.56	2.32086190886
75	30	33.78	2.42726183178
76	29	34.14	2.4249536078
77	29	33.9	2.32594066992
78	28	33.61	2.44497443749
79	28	33.6	2.58069758011
80	29	33.5	2.44335834457
81	29	33.64	2.55937492369
82	28	33.22	2.4762067765
83	28	33.39	2.42030989751
84	28	32.89	2.53335745603
85	28	32.72	2.77517567012
86	28	32.7	2.57487863792
87	28	32.77	2.56458573653
88	28	32.37	2.26121648676
89	28	32.66	2.42165232847
90	28	32.79	2.82239260203
91	29	32.99	2.42278765062
92	27	32.89	2.82805586932
93	27	32.57	2.59713303471
94	27	31.77	2.51735972797
95	27	32.16	2.63711964082
96	26	31.8	2.11187120819
97	26	32.41	2.80747217261
98	26	31.63	2.46842054764
99	27	31.88	2.31637648063
100	27	31.78	2.4882925873
101	27	31.95	2.70693553673
102	27	31.46	2.55898417346
103	27	31.2	2.39165214862
104	27	31.38	2.12969481382
105	27	31.61	2.39539140852
106	27	31.91	2.604208133
107	27	31.32	2.17660285767
108	27	31.68	2.27982455465
109	27	31.46	2.30399652778
110	25	31.46	2.84752524133
111	25	30.6	2.84604989415
112	25	30.28	2.3667699508
113	24	30.56	2.69562608683
114	24	30.31	2.56005859308
115	24	30.2	2.88790581564
116	24	29.64	2.88624323299
117	23	29.04	2.45324275195
118	23	28.71	2.51910698463
119	23	28.71	2.88199583622
120	23	28.45	2.84385302011
121	22	27.91	2.47828569782
122	22	27.69	2.57951545838
123	22	27.39	2.51354331572
124	22	27.5	2.72946881279
125	22	27.29	2.77955032334
126	22	27.14	2.61158955428
127	22	27.1	2.32594066992
128	23	27.71	2.62409984566
129	23	27.78	2.5360599362
130	23	27.71	2.45477086507
131	23	27.47	2.3683538587
132	23	27.69	2.73018314404
133	23	27.59	2.49437366888
134	22	27.41	2.47020242086
135	22	27.82	2.74364720764
136	22	27.54	2.53148177951
137	22	27.36	2.67776025813
138	22	27.0	2.64196896272
139	22	26.53	2.74392055279
140	22	26.42	2.3629642401
141	21	26.4	2.41246761636
142	22	26.31	2.30952376043
143	22	26.37	2.46436604424
144	20	26.31	2.85550345824
145	20	25.96	2.54919595167
146	20	26.44	2.69191381734
147	21	26.36	2.75506805724
148	21	25.46	2.68856839229
149	21	25.9	2.41867732449
150	20	25.44	2.49527553589
151	20	25.65	2.33826859022
152	21	26.2	2.34520787991
153	21	26.71	2.69924063396
154	21	26.75	2.63960224276
155	21	26.68	2.70880047253
156	20	26.42	2.89544469814
157	19	26.37	2.92114703498
158	19	26.1	2.99833287011
159	19	25.9	2.60959767014
160	19	25.83	2.73881361177
161	20	25.86	2.81787153717
162	19	25.61	3.21214881349
163	20	25.44	2.95743131788
164	20	25.27	2.72343533061
165	19	24.94	2.83837981954
166	19	24.86	2.5219833465
167	19	25.2	2.79642629082
168	20	25.06	2.86991289066
169	19	24.77	2.54108244652
170	19	25.56	2.81538629676
171	19	25.65	2.79060925248
172	19	25.44	2.73612865195
173	19	25.44	2.62038165159
174	21	25.63	2.54815619615
175	21	25.9	2.82665880502
176	19	26.3	2.86181760425
177	19	25.67	2.9632920882
178	20	25.56	2.53108672313
179	19	25.74	2.70044440787
180	19	26.13	3.01215869436
181	19	25.59	3.24374783237
182	19	24.93	3.10887439437
183	19	24.43	3.02408663897
184	17	24.33	2.68348653807
185	16	23.96	3.11743484294
186	17	23.74	2.66690832238
187	17	24.43	3.05697562961
188	16	24.64	3.14171927454
189	19	24.45	2.50748878362
190	19	24.75	2.39739441895
191	19	24.93	2.67303198634
192	19	25.36	2.95133867931
193	19	24.88	2.59722929292
194	19	24.93	2.94365419165
195	18	25.35	2.97783478387
196	18	24.98	2.59221912654
197	18	25.39	2.99631440273
198	20	26.0	3.23728281125
199	19	25.16	2.95540183393
200	18	25.11	2.92538886304
201	18	25.08	2.77733685389
202	18	24.94	2.83485449362
203	19	25.23	2.78515708713
204	20	25.6	2.61533936612
205	19	25.46	3.22620520116
206	20	25.24	2.52237982865
207	19	25.86	2.92239627703
208	18	25.95	3.04097023991
209	19	26.0	3.32264954517
210	19	25.3	2.86879765756
211	20	25.15	2.56661255354
212	19	24.98	2.8739519829
213	19	24.82	2.7762564723
214	20	24.71	2.48714695987
215	19	25.0	2.78208554865
216	18	25.06	2.85243755409
217	20	24.96	2.7273430294
218	21	25.39	2.64157150197
219	18	24.93	2.75773457751
220	18	24.75	2.64338797758
221	20	24.56	2.57029181223
222	20	25.23	2.70501386318
223	18	25.02	2.6305132579
224	16	25.09	2.93971087014
225	16	24.67	2.89155667418
226	16	24.83	3.27125358234
227	16	24.0	3.17490157328
228	16	23.73	3.01613991718
229	17	24.05	3.34776044543
230	17	23.6	2.96310647801
231	17	24.1	3.14165561448
232	17	24.0	3.15594676761
233	17	23.67	3.15295099867
234	17	23.81	3.08121729192
235	17	23.86	2.79649780976
236	17	23.93	2.80804202248
237	17	24.48	3.34209515125
238	18	24.02	3.03308423886
239	16	23.71	2.64686607141
240	16	23.76	2.96688388718
241	16	23.65	2.91333142639
242	16	23.86	3.29551209981
243	16	23.41	2.98025166723
244	18	22.96	2.70894813535
245	17	23.41	2.96679962249
246	16	23.52	3.11281223333
247	16	22.95	3.04097023991
248	18	23.05	2.45509673944
249	15	23.36	3.1225630498
250	14	22.51	3.0016495465
251	15	22.65	3.37453700528
252	15	22.13	3.2516303603
253	15	21.39	3.15878141061
254	15	21.13	3.1325867905
255	15	21.36	2.81609658925
256	16	21.75	2.63581107062
257	16	22.28	2.71322686114
258	16	22.92	2.77733685389
259	17	23.19	2.71917266829
260	15	23.44	3.11550958914
261	15	22.69	2.65591792042
262	15	23.34	2.97731422594
263	14	23.68	3.32228836798
264	16	22.59	3.02024833416
265	16	22.13	2.96531617201
266	16	22.07	3.3053139034
267	15	21.66	3.03387540944
268	15	21.93	2.87838496383
269	15	22.46	2.89972412481
270	15	22.3	3.22024843762
271	15	22.39	3.19967185818
272	16	22.59	2.78960570691
273	15	22.82	3.26612920749
274	15	22.64	3.40152906793
275	15	22.24	3.35594994003
276	15	22.34	3.39770510786
277	16	22.22	2.86209713322
278	16	22.59	3.0169355313
279	16	22.65	3.07042342357
280	16	22.59	3.31691121376
281	15	21.96	3.1872244979
282	15	21.91	3.15307786139
283	15	21.84	2.98234806822
284	15	22.13	3.14532987141
285	16	21.9	2.85832118559
286	17	22.27	2.99951662773
287	15	22.36	3.03486408262
288	17	22.24	2.82531414183
289	16	21.91	3.03675813986
290	15	22.18	3.22297998753
291	16	22.5	2.85832118559
292	16	22.07	2.69167234262
293	16	22.69	3.15498019011
294	16	22.48	2.86872794109
295	16	22.67	2.92935146406
296	16	22.89	3.01295535978
297	17	23.48	3.38076914326
298	13	23.19	3.28236195445
299	13	22.75	2.97447474355
300	18	23.41	2.91580177653
