100 40 20 0.8 9
1	66	73.3	2.71108834235
2	67	71.59	2.00546752654
3	65	70.46	2.33418079848
4	64	69.38	2.1390652164
5	64	68.75	2.56661255354
6	63	67.79	2.35497346057
7	62	67.09	2.38367363538
8	62	66.4	2.61151297144
9	57	65.42	2.39658089786
10	59	64.43	2.3205818236
11	58	63.62	2.74510473389
12	57	62.54	2.47151775231
13	57	61.53	2.45949181743
14	55	60.24	2.10770016843
15	54	59.8	2.17255609824
16	55	59.56	2.4751565607
17	54	58.9	2.33452350599
18	53	58.25	2.55880831638
19	53	57.43	2.05063404829
20	52	56.7	2.21133443875
21	51	55.55	2.28199474145
22	50	54.63	2.01323123361
23	49	54.55	2.44693686065
24	49	54.09	2.55380108857
25	47	53.0	1.99499373433
26	47	52.44	2.49126473904
27	46	51.7	2.04205778567
28	45	51.21	2.31212023909
29	44	50.72	2.5732469761
30	46	50.05	2.25554871373
31	45	49.39	2.31038957754
32	44	49.05	2.48344518764
33	44	48.31	2.24808807657
34	44	47.35	2.13248681121
35	41	46.85	2.36801604724
36	42	46.15	2.02175666192
37	42	46.2	2.42074368738
38	40	45.65	2.20624114729
39	40	45.46	2.15601484225
40	40	45.55	2.31678656764
41	40	45.04	2.24017856431
42	40	44.53	2.06133451919
43	40	44.21	2.20134050069
44	40	44.06	2.07759476318
45	39	44.04	2.10675105316
46	38	43.87	2.37762486528
47	39	43.27	2.34458951631
48	39	42.77	2.15339267204
49	38	42.87	2.2788374229
50	38	42.6	2.35796522451
51	38	42.3	2.32594066992
52	37	42.29	2.51513419125
53	36	42.23	2.75265326549
54	37	41.58	2.35448508171
55	37	41.6	2.46981780705
56	37	41.22	2.339145143
57	37	41.16	2.56015624523
58	37	41.05	2.56661255354
59	36	40.43	2.12252208469
60	36	41.09	2.57718839048
61	36	41.11	2.54517189989
62	36	40.75	2.3510635891
63	36	41.47	2.67751750695
64	35	41.41	2.66493902369
65	36	41.17	2.54972547542
66	35	41.24	2.47434839907
67	34	40.55	2.26881026091
68	35	40.69	2.67093616547
69	35	40.64	2.68521879928
70	35	40.61	2.66418843177
71	35	40.33	2.46193013711
72	34	40.55	2.56661255354
73	34	40.13	2.40688595492
74	34	40.54	2.80506684412
75	34	39.76	2.67626605553
76	35	39.51	2.47586348574
77	35	39.87	2.37762486528
78	34	39.8	2.48596057893
79	34	39.57	2.8257919244
80	34	38.92	2.54039367028
81	34	38.63	2.64066279559
82	34	38.76	2.48241817589
83	32	38.74	2.71153093289
84	32	38.39	2.67168486166
85	31	37.9	2.54754784057
86	32	37.53	2.27795961334
87	32	37.55	2.56271340575
88	33	37.67	2.68721044952
89	32	37.24	2.45405786403
90	30	36.9	2.53574446662
91	30	37.16	3.03552301918
92	30	36.29	2.82239260203
93	30	35.44	2.84365961395
94	30	35.3	2.44335834457
95	30	35.56	2.62038165159
96	29	35.71	2.96072626225
97	29	35.21	2.70294284068
98	29	35.3	2.6776855678
99	29	34.79	2.82946991502
100	29	34.63	2.78084519526
101	30	34.23	2.44071710774
102	29	34.19	2.60651107805
103	29	34.35	2.61677282163
104	29	34.56	2.57417948092
105	29	34.77	2.50541413742
106	29	34.62	2.57596583828
107	29	34.63	2.84835039979
108	28	34.48	2.85475042692
109	27	33.87	2.43579555792
110	29	34.13	2.74829037767
111	29	34.23	2.47327717816
112	28	34.37	2.8518590428
113	28	34.46	2.51563113353
114	31	34.59	2.02531479035
115	29	35.02	2.48185414559
116	30	34.69	2.66343762833
117	30	34.08	2.41942141844
118	28	34.4	2.65706605112
119	29	33.83	2.78228323504
120	28	33.46	2.75107251813
121	27	33.37	2.85886341052
122	27	33.24	2.90213714355
123	27	33.23	3.00950161987
124	27	32.42	2.78273247007
125	27	32.26	2.7807193314
126	27	31.71	2.51910698463
127	27	31.55	2.68840101175
128	26	32.32	2.74182421027
129	26	32.41	2.97353325187
130	26	31.82	2.69955551897
131	26	31.57	2.36328161674
132	27	32.04	2.44916312237
133	27	32.27	2.48939751747
134	26	32.33	2.67975745171
135	26	31.94	2.94217606543
136	27	32.54	2.66240492788
137	27	32.16	2.71926460647
138	27	32.07	2.5070101715
139	26	31.99	2.76222736211
140	25	31.85	2.59759504157
141	27	32.09	2.59266272392
142	27	32.21	2.63550754125
143	24	31.9	2.84077454227
144	24	31.81	3.07797011032
145	24	31.73	2.95585858931
146	24	31.23	2.79948209496
147	24	31.27	3.05239250425
148	24	30.8	3.1304951685
149	24	30.57	3.06024508822
150	25	30.1	2.75862284483
151	24	30.09	2.64232851856
152	24	30.06	2.81005338028
153	25	30.03	2.63611456504
154	25	30.13	2.63687314826
155	25	30.54	2.39758211538
156	26	31.25	2.5860201082
157	26	31.07	2.60865865916
158	25	31.28	2.57713018686
159	26	31.61	2.66418843177
160	27	31.64	2.78035968896
161	26	31.54	2.88935979068
162	26	31.97	2.82649960198
163	27	32.19	2.68587043619
164	24	31.96	2.90833285578
165	24	31.84	2.94523343727
166	24	32.05	2.87532606847
167	25	32.24	3.02364019023
168	25	31.73	2.90810935145
169	25	31.43	2.97070698656
170	24	31.53	3.26329587993
171	23	31.23	3.16181909666
172	23	31.11	2.90824689461
173	22	31.35	3.1060424981
174	25	31.16	3.00239904077
175	24	31.41	3.15941450272
176	25	31.39	2.81387632991
177	27	31.46	2.86503054085
178	26	31.31	2.74114939396
179	25	31.24	2.72073519476
180	26	31.67	3.16245158066
181	25	31.67	3.12427591611
182	25	31.04	2.91176922162
183	26	31.06	2.67888036314
184	24	31.18	2.87534345775
185	26	31.42	2.88159677957
186	25	31.76	2.71337428307
187	25	31.92	3.01224169017
188	25	31.7	2.93087017795
189	25	31.33	2.94297468559
190	24	31.33	3.00684219739
191	24	30.83	3.03333150183
192	24	30.64	2.98167738027
193	23	31.2	2.91890390387
194	23	31.07	3.99313160314
195	23	30.04	3.19349338499
196	23	29.59	3.11478731216
197	21	29.1	3.58189893771
198	19	28.08	3.21459173146
199	19	27.27	3.32822775663
200	21	27.36	3.29095730753
201	19	26.8	2.99332590942
202	20	26.67	3.10501207727
203	20	26.94	3.17748328084
204	20	27.25	3.05409561082
205	22	27.94	2.78503141814
206	21	27.63	3.06807757399
207	19	27.32	3.02284634079
208	19	27.35	3.2011716605
209	21	27.35	2.61677282163
210	21	28.08	2.9687707894
211	20	28.21	3.31751412959
212	21	28.03	3.17948108974
213	22	27.81	2.66343762833
214	22	28.45	2.97783478387
215	21	28.57	3.26268294506
216	20	28.39	3.27076443664
217	20	27.9	3.1921779399
218	19	27.41	3.04990163776
219	19	27.27	3.45790398941
220	20	27.63	3.59904153908
221	20	26.62	3.00259887431
222	20	26.99	3.04136482521
223	20	26.85	3.16662280671
224	20	27.13	2.95856384078
225	19	26.98	2.76036229506
226	18	27.01	3.23881151042
227	18	27.15	2.98789223367
228	18	27.04	3.26472050871
229	18	27.55	3.32377797092
230	20	27.59	3.12760291597
231	21	28.39	3.05579776818
232	21	28.55	3.21675302129
233	21	28.64	3.2388886983
234	21	28.76	3.01370204234
235	20	28.87	3.33962572753
236	22	29.48	3.45681934732
237	22	28.89	3.31329141489
238	21	28.62	3.51505334241
239	19	28.06	3.59393934284
240	22	28.11	3.2677056171
241	20	28.4	3.06920185064
242	20	27.99	3.23263050781
243	21	27.92	2.97213727812
244	21	27.92	3.04525860971
245	21	27.75	2.99791594278
246	21	28.16	2.82389801516
247	21	28.0	3.7148351242
248	20	26.84	3.22093154227
249	19	26.84	3.02231699198
250	19	26.58	3.32018071797
251	19	26.6	3.28633534503
252	20	26.41	3.10191876103
253	19	26.15	2.94406182
254	20	26.35	3.02778797144
255	19	26.35	3.04753999153
256	19	26.11	3.13015974033
257	19	26.42	2.71727804981
258	19	26.87	3.36943615461
259	19	26.37	3.18325305309
260	20	26.14	2.98335381743
261	20	26.48	3.00825530831
262	20	26.08	3.26398529408
263	21	26.06	2.95235499221
264	20	26.04	3.16518561857
265	21	26.18	2.90647552888
266	20	26.8	3.27108544676
267	21	26.42	2.88852903742
268	21	26.71	2.88546356761
269	20	26.59	2.91237016878
270	21	26.43	3.34142185304
271	20	26.22	2.83753414076
272	21	27.03	3.09016180806
273	20	26.61	2.69033455169
274	20	26.6	3.10483493925
275	19	26.88	3.1057366276
276	19	26.85	2.97447474355
277	19	26.84	3.51772653855
278	20	27.17	3.26819522061
279	19	26.45	3.01786348266
280	20	26.61	3.26157937202
281	20	25.84	3.10393298897
282	20	25.45	2.50349755342
283	19	26.27	3.15548728408
284	19	26.34	2.87130632291
285	19	25.89	2.98628531792
286	20	25.9	2.78747197295
287	19	26.29	3.26586895022
288	19	26.11	3.19967185818
289	19	25.3	2.94108823397
290	19	25.69	3.15180900437
291	19	26.09	3.32293544927
292	19	26.31	3.21774765947
293	18	26.32	3.42893569494
294	19	25.4	3.0
295	19	25.76	3.23147025362
296	18	25.53	2.89984482343
297	20	25.87	2.96531617201
298	20	25.88	2.84703354388
299	18	25.65	2.97447474355
300	18	25.98	3.09832212657
1	67	73.15	2.45102019576
2	65	71.1	2.21585198062
3	65	69.91	1.87667258732
4	65	68.96	2.07807603326
5	64	68.12	2.44654858934
6	62	67.41	2.46615084697
7	59	66.62	2.54078727957
8	60	65.69	2.54438597701
9	60	65.08	2.25690052949
10	60	64.71	2.51115511269
11	60	64.47	2.80162452873
12	58	63.76	2.60430412971
13	58	63.35	2.66598949735
14	57	62.83	2.45786492713
15	56	61.89	2.26669362729
16	56	61.59	2.604208133
17	55	60.45	2.68095132369
18	55	59.32	2.14886016297
19	52	58.6	2.27156333832
20	50	57.67	2.15895808204
21	49	56.55	2.13717102732
22	49	55.87	2.16173541397
23	49	55.5	2.22934968096
24	47	54.93	2.31626855092
25	47	54.35	2.85087705803
26	47	52.89	2.27549994507
27	47	52.06	2.45690862671
28	46	51.23	2.35310433258
29	45	50.26	2.24775443499
30	44	49.98	2.3150809921
31	44	49.55	2.21979728804
32	44	49.0	2.14941852602
33	44	49.19	2.5911194492
34	44	48.22	2.26530351167
35	43	47.89	2.13492388623
36	43	47.66	2.17816436478
37	43	47.71	2.39288528768
38	43	47.57	2.56614496863
39	42	46.83	2.33689965553
40	41	46.44	2.32946345754
41	41	46.44	2.5112546665
42	41	45.95	2.29945645751
43	41	45.82	2.01682919455
44	40	45.77	2.04868250346
45	40	46.03	2.41435291538
46	41	46.01	2.41451858556
47	40	45.73	2.21293922194
48	40	45.5	2.08086520467
49	40	45.69	2.35242428146
50	40	45.58	2.68767557566
51	39	45.3	2.34307490277
52	39	44.55	2.36801604724
53	39	44.37	2.19387784528
54	38	44.27	2.43250899279
55	38	44.26	2.70414496653
56	39	43.75	2.36801604724
57	40	43.74	2.03774385044
58	39	43.98	2.3957462303
59	39	43.08	2.1292252112
60	39	43.58	2.15953698741
61	39	43.52	2.23374125628
62	38	43.44	2.38461736973
63	38	43.26	2.24330113895
64	36	43.22	2.62899220235
65	36	42.85	2.14650879337
66	35	42.64	2.83026500526
67	36	42.02	2.40407986556
68	37	41.93	2.74319157187
69	34	40.92	2.22566843892
70	34	40.96	2.59584283037
71	34	39.94	2.64884880656
72	34	39.72	2.72792961786
73	34	39.07	2.4505305548
74	34	38.77	2.49741866734
75	33	38.55	2.69953699734
76	34	38.2	2.22261107709
77	34	38.31	2.4807055448
78	33	38.23	2.34458951631
79	33	38.07	2.62775569641
80	33	37.85	2.46322958735
81	34	37.74	2.18458233995
82	32	37.73	2.47327717816
83	33	37.76	2.3837785132
84	31	37.42	2.55804612937
85	32	37.13	2.36074140896
86	32	37.17	2.52212212234
87	33	37.39	2.66793927967
88	30	36.63	2.59096507117
89	30	36.86	2.29791209579
90	30	37.04	2.37031643457
91	30	36.91	2.4128613719
92	29	36.75	2.49949994999
93	30	36.56	2.65827011419
94	30	36.02	2.44122919858
95	30	35.85	2.50349755342
96	30	35.6	2.64575131106
97	28	35.46	2.75470506588
98	28	34.99	2.60574365585
99	28	35.14	2.56132778066
100	30	35.33	2.39188210412
101	30	34.76	2.3627103081
102	30	34.9	2.54754784057
103	30	35.17	2.22735268873
104	29	35.14	2.56912436445
105	30	35.22	2.49631728753
106	29	35.26	2.59082998284
107	29	34.76	2.71337428307
108	28	34.99	2.7874540355
109	28	34.71	2.82593347409
110	26	33.73	2.78156430808
111	26	33.79	3.05383365624
112	26	33.17	2.84272756345
113	28	33.12	2.74328270508
114	26	33.21	2.64686607141
115	27	33.83	2.87769004585
116	26	33.38	2.85229731971
117	26	32.64	2.99839957311
118	25	31.85	2.95084733594
119	24	31.84	2.83802748401
120	24	31.2	3.12089730687
121	23	30.58	2.89544469814
122	23	29.83	2.68721044952
123	25	29.92	2.65586144217
124	25	30.0	2.37486841741
125	25	30.24	2.47434839907
126	25	30.43	2.86096137688
127	25	30.72	2.72426136778
128	26	31.04	2.89108975993
129	26	30.61	2.70516173269
130	24	30.63	2.62927746729
131	24	30.77	2.76714654473
132	26	30.99	2.80889658051
133	26	31.22	2.52420284446
134	25	31.05	2.49549594269
135	24	31.43	2.90260228071
136	25	31.75	3.01786348266
137	25	30.93	2.59327977665
138	26	31.43	2.79733802033
139	24	31.06	3.04243323674
140	24	30.52	2.75855034393
141	24	30.51	2.91374329686
142	24	30.03	2.81231221595
143	22	29.33	2.91566458976
144	20	28.88	3.02086080447
145	20	28.82	3.09638498898
146	20	27.99	2.76584525959
147	20	27.79	3.04399408672
148	22	27.68	2.96944439247
149	20	27.53	3.07393884129
150	21	27.49	3.1890280651
151	21	27.36	3.15125371876
152	21	27.12	3.10895480829
153	22	26.58	2.65774340372
154	21	26.4	2.67207784318
155	21	26.71	2.57796431317
156	21	27.18	2.91677904545
157	21	26.63	2.46842054764
158	21	26.44	2.58967179388
159	21	26.59	2.67990671479
160	21	26.89	2.80675969759
161	21	26.48	3.02152279488
162	21	26.61	2.73822935489
163	21	26.87	2.90742153806
164	21	27.08	2.9518807564
165	21	27.31	2.68214466426
166	22	27.21	2.50716971903
167	22	27.64	2.93434830925
168	22	27.26	2.81289886061
169	21	27.0	2.66458251889
170	22	27.07	2.78659290174
171	21	27.46	2.77640054747
172	22	27.43	2.70279484978
173	22	27.45	2.82267603525
174	21	27.62	3.06522429848
175	21	27.58	2.97381909335
176	21	27.75	2.7654113618
177	21	28.01	2.77667066826
178	22	28.22	2.99859967318
179	20	28.28	2.90888294711
180	22	28.0	3.11769145362
181	20	27.6	3.00333148354
182	20	27.42	2.79349243779
183	21	27.11	2.73822935489
184	21	27.69	2.76656827134
185	21	27.03	3.01812855922
186	21	26.89	2.81387632991
187	20	27.1	2.9
188	20	27.28	2.87429991476
189	21	26.81	2.70072212565
190	21	26.79	2.87852392729
191	21	26.72	2.74983635877
192	21	26.78	2.88991349351
193	22	26.7	2.70739727414
194	19	27.18	2.93727765116
195	19	26.91	3.17834862783
196	19	26.36	2.68521879928
197	22	27.17	2.56536547104
198	23	27.04	2.46138172578
199	23	26.78	2.42313846076
200	22	26.68	2.39532878745
201	21	27.19	2.68587043619
202	22	27.18	2.84738476501
203	22	27.49	2.70368267369
204	21	27.36	2.80185652738
205	20	27.8	2.93938769134
206	20	27.66	2.83626514981
207	21	27.75	2.8191310718
208	21	27.75	2.81202773813
209	21	27.11	2.99964997958
210	21	26.99	2.91030926192
211	21	27.16	3.00572786526
212	19	26.64	3.06763752748
213	18	26.71	3.3772622048
214	18	26.39	3.25544159831
215	19	26.75	3.13169283296
216	19	26.66	3.35326706363
217	18	26.48	3.2014996486
218	21	26.67	3.16876947726
219	21	26.62	2.70103683796
220	19	27.11	3.08510939838
221	20	26.81	2.62942959594
222	20	27.52	2.80528073461
223	19	27.68	3.16821716427
224	19	27.92	3.16758583151
225	22	27.95	3.08342342211
226	22	28.32	3.0294553966
227	17	28.44	3.52227199404
228	17	27.9	3.64554522671
229	17	27.26	3.93857842375
230	17	26.37	3.43410832677
231	17	26.55	3.63971152703
232	17	25.56	3.61751295782
233	17	25.18	2.99459513123
234	19	25.75	3.42454376523
235	19	25.29	3.21961177784
236	19	24.51	3.14163969927
237	19	24.6	2.86356421266
238	19	24.66	2.60468808113
239	19	25.22	3.27285807819
240	19	24.87	2.98882920221
241	19	25.3	2.87576076891
242	18	25.33	3.22197144618
243	20	25.7	2.7440845468
244	19	25.61	3.18400690954
245	19	25.78	3.07434545879
246	20	25.7	2.79821371593
247	20	26.31	3.22705748322
248	20	26.16	2.95540183393
249	20	26.66	3.01734983056
250	19	26.63	3.2700305809
251	19	26.75	3.29051667675
252	19	26.7	2.85131548588
253	19	26.93	3.06024508822
254	19	26.44	3.28730892981
255	19	25.89	2.90136174925
256	15	26.43	3.52208744923
257	18	26.29	3.36242472035
258	18	25.77	3.1649802527
259	19	26.02	3.20306103595
260	18	25.5	3.59583091927
261	19	25.16	3.03552301918
262	18	25.41	3.24374783237
263	17	25.61	3.16510663327
264	15	24.85	3.38636973764
265	16	25.67	3.16561210511
266	16	25.11	3.09158535383
267	13	25.49	3.49426673281
268	15	24.71	4.13834507986
269	15	24.15	4.17702046919
270	15	23.35	3.33878720496
271	11	22.83	3.75247918049
272	10	22.51	3.45975432654
273	14	23.03	3.65637798921
274	13	22.9	3.565108694
275	14	22.8	3.24653661615
276	16	23.23	3.58288989504
277	14	23.17	3.18136763044
278	14	23.94	3.46935152442
279	11	23.63	4.07346290029
280	15	23.14	3.18753823506
281	15	23.75	3.49678423698
282	13	23.34	4.04529356166
283	14	22.65	3.82720524665
284	15	22.83	3.26513399419
285	15	23.63	3.39309593145
286	12	23.7	4.02367990775
287	14	22.77	3.6982563459
288	14	22.67	3.42652885585
289	15	22.02	3.45826546118
290	10	22.19	3.8306526859
291	13	22.37	3.51754175526
292	14	22.1	3.50285597763
293	14	21.68	3.57457689804
294	11	21.1	3.83536178215
295	11	20.76	3.69356196645
296	11	20.48	3.35404233724
297	10	20.53	4.28358494721
298	10	20.57	4.14549152695
299	9	19.88	4.23858466944
300	12	19.32	3.41139267749
1	67	73.07	2.66553934505
2	64	71.17	2.29806440293
3	65	69.76	2.02049498886
4	62	68.82	2.22432012085
5	62	67.63	2.48457239782
6	62	66.66	2.67663968438
7	61	65.27	2.55286113998
8	61	64.24	1.98554778336
9	60	63.41	1.70349640446
10	59	63.17	2.03496928724
11	58	62.83	2.21384281285
12	58	62.36	2.40216568954
13	56	62.08	2.7191175039
14	54	61.34	2.83978872454
15	52	60.07	2.12252208469
16	55	59.42	2.08892316757
17	55	58.82	2.45104059534
18	54	58.39	2.16284534815
19	54	57.92	2.34810561943
20	54	57.31	2.00845711928
21	51	56.82	2.16508660335
22	50	56.15	2.1089096709
23	51	55.81	2.16192044257
24	51	55.66	2.030861886
25	51	55.63	2.14781284101
26	51	55.03	2.02215231869
27	49	54.79	2.08947361792
28	49	54.25	2.00686322404
29	49	53.74	1.9830279877
30	49	53.82	2.13251025789
31	49	53.41	2.28076741471
32	49	53.16	2.14811545314
33	50	53.48	2.0855694666
34	49	53.08	1.80377382174
35	47	53.24	2.39633052812
36	46	52.8	2.62678510731
37	46	52.44	2.20599184042
38	46	52.46	2.51165284225
39	46	52.28	2.47014169634
40	45	52.12	2.43014402865
41	45	51.16	2.04802343737
42	45	50.8	2.49399278267
43	45	49.89	2.21311996964
44	44	49.56	2.17402851867
45	45	48.95	1.93584606826
46	44	48.77	2.10168979633
47	44	48.31	2.12929565819
48	43	47.83	1.90816665939
49	42	47.74	2.31784382563
50	42	47.43	2.42592250495
51	43	46.86	2.37073828163
52	42	46.79	2.14613606279
53	41	46.75	2.47133567125
54	41	46.24	2.24107117245
55	41	45.65	2.13248681121
56	42	46.17	2.54972547542
57	40	45.18	2.11366979446
58	40	45.26	2.40258194449
59	39	44.85	2.28637267303
60	39	44.92	2.59106155851
61	38	44.44	2.50327785114
62	38	44.02	2.59221912654
63	38	43.82	2.32542469239
64	39	43.74	2.16619482042
65	40	43.93	2.35055312639
66	39	43.4	2.2
67	39	43.38	2.34
68	37	43.22	2.59453271323
69	36	43.15	2.60911862513
70	38	42.92	2.52063484067
71	36	42.4	2.59229627936
72	34	42.31	2.48875470868
73	34	41.95	2.53525146682
74	36	41.34	2.17816436478
75	38	41.85	2.3339880034
76	35	41.37	2.21203526193
77	36	41.52	2.62480475464
78	36	40.81	2.2964973329
79	35	41.2	2.79284800875
80	35	40.95	2.51545224562
81	34	41.33	2.74246239719
82	35	40.77	2.77436479216
83	35	40.53	2.51179218886
84	35	40.74	2.48443152451
85	35	40.66	2.20099977283
86	36	40.55	2.41816045787
87	36	40.07	2.36328161674
88	36	39.99	2.2825205366
89	35	39.98	2.19535874062
90	35	40.0	2.50199920064
91	35	39.7	2.32594066992
92	32	39.5	2.38117617996
93	34	39.25	2.49148550066
94	34	39.08	2.22117086241
95	34	39.69	2.33535864483
96	35	39.55	2.06094638455
97	34	39.49	2.4555854699
98	33	39.09	2.53019762074
99	33	38.62	2.27499450549
100	32	38.1	2.76947648483
101	32	37.59	2.66868881663
102	32	37.21	2.59728704613
103	31	37.28	2.54589866256
104	33	37.55	2.75454170417
105	33	37.6	2.25831795813
106	33	37.88	2.28157840102
107	32	37.94	2.70118492518
108	32	37.41	2.63854126365
109	32	37.05	2.3595550428
110	33	37.3	2.42280828792
111	32	37.63	2.92114703498
112	32	37.32	2.76723688903
113	30	37.26	2.98871209721
114	30	36.83	2.5770331779
115	30	37.64	2.67776025813
116	32	37.37	2.73735273576
117	32	37.3	2.33880311271
118	31	37.53	2.88255095358
119	29	36.69	2.7881714438
120	30	36.59	2.63854126365
121	30	36.54	2.58232453421
122	31	36.06	2.85243755409
123	31	36.06	2.88728245934
124	28	35.33	2.55755742849
125	28	34.93	2.81515541312
126	28	34.66	2.76846527881
127	29	34.08	2.69696125297
128	28	34.2	2.60768096208
129	27	34.12	2.85755139936
130	27	34.0	3.07896086367
131	27	33.59	2.8428682699
132	27	33.66	2.98067106538
133	23	33.18	3.04098668198
134	26	33.16	3.45462009489
135	26	32.28	2.6536013265
136	24	32.28	2.79313444002
137	25	32.18	3.11249096384
138	26	32.38	2.72682966098
139	27	32.66	2.81147648043
140	23	32.05	2.76179289593
141	24	32.07	2.77940641145
142	24	32.61	3.30724961259
143	24	32.27	3.31317068682
144	22	31.68	3.32529697922
145	22	31.31	3.39321381584
146	22	31.06	3.13949040451
147	22	30.59	3.09546442396
148	22	29.92	3.13904444059
149	22	29.47	3.08692403535
150	22	29.06	2.78861973026
151	22	28.92	2.67462146854
152	23	29.08	2.88333140655
153	21	29.54	2.68484636432
154	23	30.09	2.58880281211
155	22	29.93	3.04714620588
156	24	29.56	2.98435922771
157	20	29.49	3.13845503393
158	18	29.18	3.27835324515
159	18	28.39	3.20591640565
160	22	28.76	3.32
161	21	28.1	3.15436205912
162	21	27.79	3.03412260794
163	21	28.75	2.89611809151
164	20	28.54	3.26625167432
165	17	27.95	3.40697813318
166	17	27.76	3.21596019876
167	21	27.84	3.18031444986
168	21	27.4	2.93938769134
169	21	27.6	3.02324329157
170	20	27.68	3.22453097365
171	20	27.55	3.04097023991
172	20	27.82	3.14127362705
173	20	27.34	3.16297328474
174	20	27.17	3.34680444604
175	19	26.75	3.07367857786
176	20	26.86	3.19067391001
177	20	26.53	3.1857652142
178	20	26.26	2.83061830701
179	21	26.87	2.79161243728
180	19	26.91	3.15941450272
181	19	26.39	3.23386765345
182	17	26.57	3.55880597954
183	17	26.05	3.37749907476
184	17	26.32	3.20274881937
185	17	26.02	3.24955381553
186	17	26.14	3.2156492346
187	17	25.44	3.51658925665
188	17	25.23	3.32522179711
189	18	25.4	3.26802692767
190	16	25.28	2.97348280641
191	16	25.36	3.2970289656
192	17	26.0	3.33466640011
193	17	25.92	3.68966123106
194	20	25.36	2.78754372163
195	19	25.26	3.04177579713
196	19	24.65	2.63960224276
197	18	24.99	2.70368267369
198	18	25.42	2.96371388633
199	20	25.6	3.09515750811
200	20	25.72	2.78955193535
201	20	25.82	2.95425117416
202	20	26.37	2.8342723934
203	20	26.61	3.36420867367
204	20	26.21	2.790322562
205	19	26.57	3.10887439437
206	19	26.31	3.03873328872
207	19	26.14	3.26502679928
208	19	26.43	2.55442752882
209	21	27.27	2.64898093613
210	21	27.63	2.73003662979
211	21	27.37	2.9551818895
212	22	27.81	3.09417194092
213	21	27.75	2.97783478387
214	21	27.85	2.98119103715
215	20	27.61	3.03609947136
216	21	27.64	2.97832167504
217	21	27.41	3.0169355313
218	20	27.11	2.97622243792
219	20	27.24	2.9499830508
220	21	27.39	2.70516173269
221	20	27.59	3.08899660084
222	20	27.39	3.08510939838
223	20	27.0	2.83901391332
224	21	27.5	2.91376045687
225	22	27.69	3.03544065994
226	21	27.24	2.94659125092
227	21	27.19	2.85550345824
228	21	27.13	2.80233830934
229	21	27.75	3.11568612026
230	21	27.5	2.73313007374
231	20	27.7	3.08706980809
232	22	27.52	3.40435015825
233	22	26.51	2.72578429081
234	23	27.52	2.46365582012
235	22	28.02	3.01655432572
236	23	28.54	2.93741382852
237	21	28.36	3.26042941957
238	21	27.48	3.36594711783
239	21	27.07	2.87838496383
240	21	27.12	2.86803068324
241	20	26.8	3.07571129985
242	21	26.75	2.7290108098
243	20	26.61	3.07211653425
244	20	26.69	3.01229148656
245	19	26.94	3.16486966556
246	18	27.25	3.18551408724
247	18	27.25	3.58991643357
248	18	26.92	3.27010703189
249	17	26.5	3.40147027034
250	17	26.03	3.75620819444
251	17	25.38	3.71962363688
252	17	24.25	3.37749907476
253	17	23.52	3.24493451398
254	17	23.95	3.204293994
255	17	23.41	3.14672845985
256	16	23.08	3.01224169017
257	16	23.2	2.89482296523
258	17	23.93	3.34441325198
259	17	23.67	3.21886626004
260	16	23.57	2.98078848629
261	17	24.38	3.16158188254
262	17	24.66	3.47050428612
263	17	24.39	3.33135107727
264	18	23.81	3.08446105503
265	16	24.13	3.03201253296
266	17	24.21	2.75061811235
267	17	24.54	3.4883233795
268	19	24.33	2.78587508693
269	18	25.2	3.00333148354
270	17	25.78	3.07434545879
271	17	26.71	3.37133504713
272	17	26.57	3.4154209111
273	17	25.99	3.33315166172
274	19	25.87	3.25777531454
275	19	25.61	3.31329141489
276	19	25.62	2.89060547291
277	19	25.66	2.88866751289
278	21	25.98	2.79992857052
279	19	26.59	3.14672845985
280	19	26.79	3.61191085161
281	19	26.48	3.5255637847
282	19	25.59	3.49598340957
283	18	24.84	2.70451474391
284	19	25.12	2.67312551146
285	19	25.56	3.10586541885
286	19	25.77	3.00284864753
287	19	25.69	3.40791725252
288	18	25.29	3.03412260794
289	20	24.75	2.97447474355
290	19	25.43	2.90948449042
291	19	25.51	3.16068030652
292	21	26.27	2.54108244652
293	21	26.35	2.71062723369
294	20	26.99	2.99497913181
295	22	27.02	2.83894346545
296	20	27.33	2.82508406955
297	20	27.69	2.8937691684
298	20	27.16	2.86258624324
299	20	27.66	3.07642649839
300	20	27.51	3.31510180839
1	66	73.22	2.87255983402
2	63	71.12	2.32929173785
3	63	69.42	2.19626956451
4	63	68.42	2.31594473164
5	63	67.9	2.57099202644
6	61	66.6	2.7276363394
7	60	65.6	2.33666428911
8	57	64.48	2.43507700084
9	58	63.72	2.55374235192
10	58	62.44	2.02148460296
11	57	62.24	2.59661317874
12	56	61.65	2.81558164506
13	53	60.74	2.54409119333
14	53	60.03	2.92730251255
15	53	58.69	2.50876463623
16	50	57.5	2.49599679487
17	50	56.56	2.59738329863
18	50	55.51	2.32161581662
19	47	54.64	2.25619148124
20	47	53.84	2.17126691128
21	44	53.37	2.32230488954
22	44	52.84	2.62952467188
23	44	52.39	2.85970278176
24	45	51.86	2.78215743624
25	44	51.09	2.51433887931
26	44	50.61	2.50956171472
27	44	50.27	2.94569176935
28	44	49.81	2.84146089187
29	43	48.54	2.49166610925
30	43	48.05	2.50349755342
31	44	47.37	2.17556889112
32	43	46.91	2.14986046059
33	43	47.15	2.29074223779
34	41	46.81	2.37779309445
35	41	46.42	2.06
36	40	46.21	2.46696169407
37	40	45.61	2.43678066309
38	40	45.06	2.48120938254
39	40	44.58	2.35448508171
40	40	43.93	2.1966110261
41	38	43.9	2.50399680511
42	38	43.12	2.20127235934
43	38	42.87	2.43168665745
44	38	43.1	2.4474476501
45	38	42.8	2.47386337537
46	38	42.26	2.26548008157
47	38	42.11	2.49357173548
48	38	42.04	2.37031643457
49	39	41.92	2.21214827713
50	37	41.88	2.47095123384
51	36	41.73	2.34885078283
52	37	41.7	2.29128784748
53	37	41.66	2.47879002741
54	35	41.49	2.49196709449
55	35	41.13	2.51258830691
56	35	41.14	2.5219833465
57	35	41.02	2.37056955182
58	34	40.53	2.45542257056
59	34	40.18	2.52341039072
60	34	40.04	2.64922630215
61	34	39.58	2.77193073507
62	32	39.24	2.55389897999
63	33	39.45	2.4753787589
64	33	39.01	2.43513859975
65	33	39.29	2.75425125942
66	32	38.83	2.65727303829
67	30	38.25	2.66598949735
68	30	37.71	2.52307352251
69	30	37.22	2.95154196989
70	30	37.12	2.85054380777
71	30	36.61	2.87365620769
72	27	35.8	3.18119474412
73	28	35.29	2.85760389137
74	31	35.21	2.52307352251
75	30	35.05	2.45916652547
76	29	35.07	2.77220129139
77	29	34.66	2.63142546921
78	29	34.59	2.69479127207
79	30	34.69	2.5561494479
80	30	35.27	2.51338417278
81	29	34.8	2.75317997959
82	29	34.6	2.65329983228
83	29	35.12	2.97751574303
84	29	34.68	2.64907531037
85	29	34.74	3.07122125546
86	28	34.45	2.65094322836
87	28	34.25	2.64338797758
88	28	34.22	2.63279319355
89	28	33.99	2.87574338215
90	28	33.94	2.85944050471
91	29	33.77	2.41600910594
92	29	34.46	2.63598179053
93	28	34.79	2.89584184651
94	28	35.31	2.88684949383
95	28	35.37	2.97541593731
96	28	34.82	3.15715061408
97	27	34.65	2.84736720498
98	28	34.81	2.98226424047
99	28	34.08	2.70066658438
100	28	33.98	2.59221912654
101	29	34.03	2.71092235226
102	27	34.29	2.82593347409
103	27	34.12	2.93011945149
104	27	33.95	2.77983812478
105	26	33.94	2.87687330274
106	29	33.66	2.76123160926
107	26	33.62	2.92499572649
108	25	33.75	3.1886517527
109	25	33.19	3.02884466422
110	26	33.27	3.23374396018
111	26	32.84	2.93502981246
112	26	32.47	2.9409352254
113	27	33.06	3.04243323674
114	28	33.39	2.85970278176
115	27	33.65	3.06716481461
116	24	33.44	2.98770815174
117	24	33.42	3.18490188232
118	24	32.94	3.10103208626
119	24	32.75	2.87532606847
120	25	32.56	3.10586541885
121	25	32.5	3.06431068921
122	25	32.52	3.34209515125
123	25	32.16	3.13279427987
124	25	31.84	2.67850704685
125	26	31.77	2.93548973768
126	26	31.93	2.58168549595
127	24	32.26	3.17370446009
128	22	31.56	3.27817022133
129	24	31.03	3.22631368593
130	21	31.07	3.02739161656
131	21	30.77	3.15548728408
132	21	30.94	3.05227783794
133	22	31.24	3.70977088241
134	24	29.96	3.17779797973
135	21	29.9	3.18276609257
136	20	29.28	3.23752992264
137	20	29.5	3.50856095857
138	20	29.03	3.35694801866
139	23	29.3	3.1192947921
140	23	29.11	2.82805586932
141	23	29.02	2.74218890669
142	23	29.77	2.89777500852
143	22	30.01	3.0016495465
144	24	29.98	2.79277639635
145	20	29.9	3.2109188716
146	20	29.64	3.32722106269
147	23	29.6	3.4756294394
148	22	29.57	3.07978895381
149	22	29.83	3.42360920667
150	22	29.38	2.82764920031
151	22	29.5	3.22024843762
152	23	29.39	2.77090238009
153	21	29.66	2.98402412859
154	20	29.18	3.03440274189
155	20	29.03	3.24793780729
156	20	29.55	3.24461091658
157	23	29.1	2.91032644217
158	21	28.58	2.97045451068
159	22	28.47	3.02805217921
160	22	28.68	2.58797217914
161	23	29.34	2.8256680626
162	19	29.7	3.25729949498
163	22	30.1	3.061045573
164	22	29.96	3.32240876474
165	22	29.4	3.35559234711
166	21	28.84	3.18973353119
167	19	28.19	3.31570505323
168	19	27.74	3.43691722333
169	19	27.42	3.2192545721
170	19	27.09	3.31992469794
171	19	26.59	3.36777374537
172	19	26.44	3.13151720417
173	19	26.28	2.9902508256
174	19	26.67	2.80732969207
175	19	27.52	3.2387651968
176	19	27.07	2.96396693639
177	19	27.21	3.22581772579
178	19	27.07	3.25961654187
179	21	27.61	2.91854415762
180	21	27.58	2.91266201266
181	18	27.44	3.00772339154
182	18	27.5	3.21714158843
183	19	27.01	3.1890280651
184	19	27.12	3.64494170049
185	19	26.49	2.98159353367
186	19	26.66	3.37407765174
187	19	26.52	3.22018633001
188	19	26.02	3.1874127439
189	20	26.39	2.92196851455
190	20	26.93	2.99417768344
191	18	27.07	3.40956008893
192	18	26.67	3.03333150183
193	18	27.46	3.67537753163
194	18	26.24	3.52170413294
195	18	26.1	3.41320963318
196	19	26.0	3.15911379979
197	21	26.87	2.76280654408
198	21	26.94	3.13311346746
199	22	26.91	2.77883068934
200	22	26.85	2.40572234474
201	21	27.28	2.79313444002
202	20	27.28	2.75347053734
203	21	27.62	2.74510473389
204	23	28.08	2.66338130954
205	22	28.69	2.94175117914
206	22	28.82	2.91334858882
207	20	28.62	2.79563946173
208	20	28.6	2.86006992922
209	20	29.08	3.01555964955
210	22	29.55	3.03108891325
211	22	29.5	3.07083050656
212	22	29.22	3.17357842191
213	23	29.39	3.24004629597
214	23	28.9	2.84429253067
215	22	28.3	2.93428015022
216	22	28.67	3.06285814232
217	22	28.82	3.06065352498
218	23	28.82	2.6734995792
219	21	28.7	2.84429253067
220	20	28.91	3.39733719257
221	22	28.57	2.90260228071
222	20	28.45	2.93726062854
223	20	28.28	3.53009914875
224	22	28.09	2.76439866879
225	22	28.28	2.64605366537
226	22	28.71	3.04070715459
227	21	28.47	3.11594287496
228	22	28.1	3.12889756943
229	22	27.71	3.42722920156
230	22	28.18	3.33580574974
231	19	27.49	3.17015772478
232	22	27.83	2.89846511105
233	22	27.77	3.00284864753
234	22	27.54	2.9846942892
235	22	27.19	2.94854201259
236	21	26.97	3.01812855922
237	21	27.32	2.89095140049
238	21	27.78	2.74437606752
239	21	28.2	3.25269119346
240	21	27.98	2.72022057929
241	22	28.1	2.81602556807
242	20	27.96	3.01303833364
243	20	27.72	2.74619737091
244	20	28.05	3.09959674797
245	21	27.73	2.9046686558
246	20	27.47	2.95788775987
247	20	27.55	2.77983812478
248	22	27.82	2.88575813262
249	23	28.42	2.458373446
250	21	29.02	2.85299842271
251	21	29.12	2.79742738958
252	20	28.92	3.30357382239
253	20	28.45	3.1124748995
254	21	28.51	2.73676816702
255	23	29.02	3.03308423886
256	21	28.35	2.97447474355
257	21	28.16	3.45172420683
258	22	27.8	2.70924343683
259	21	28.15	3.01786348266
260	21	27.86	2.91897242193
261	22	27.56	3.06045748214
262	19	27.67	3.21886626004
263	22	27.41	2.8322958885
264	21	27.27	2.82437603729
265	21	27.55	2.82621655221
266	20	27.27	3.04583321933
267	20	27.38	3.3549366611
268	20	27.31	3.42839612647
269	21	26.47	2.85466285225
270	21	26.82	2.66975654321
271	22	27.03	2.64747049086
272	22	27.35	2.79060925248
273	20	28.05	3.16977917212
274	19	27.37	3.0908089556
275	20	26.9	3.1448370387
276	20	26.98	3.12403585127
277	20	26.66	2.98402412859
278	20	26.9	2.88270706108
279	20	26.98	2.76759823674
280	19	27.46	3.11583054738
281	19	27.59	3.15941450272
282	19	27.55	3.06063718856
283	19	27.38	3.41402987685
284	19	26.6	3.1336879232
285	19	26.84	3.22713495224
286	18	26.88	3.22577122561
287	18	26.34	3.17559443254
288	20	26.06	3.26134941397
289	19	25.95	3.09313756564
290	19	25.95	2.91333142639
291	19	26.14	3.03321611495
292	20	26.77	3.17444483335
293	20	26.51	3.17331057415
294	19	25.96	2.94251593029
295	19	26.13	3.08757186151
296	20	25.71	2.87852392729
297	20	26.32	2.96270146994
298	20	26.38	3.11698572342
299	20	26.02	3.08538490306
300	20	25.88	2.67686383666
1	64	72.88	2.93353029642
2	65	70.87	2.41518115263
3	65	69.64	2.389644325
4	63	68.77	2.6715351392
5	62	67.84	2.4888551585
6	62	67.1	2.97153159162
7	61	66.08	2.79170198983
8	58	65.2	2.67581763205
9	58	64.91	2.95328630512
10	58	64.16	2.73759018116
11	58	63.41	2.46209260589
12	58	63.0	2.41246761636
13	58	62.72	2.73159294186
14	56	61.97	2.22914781923
15	58	61.86	2.04948774088
16	55	61.07	2.07487349012
17	54	60.28	2.04489608538
18	54	60.46	2.42247807008
19	52	59.88	2.51109537852
20	49	59.37	2.81302328465
21	49	58.85	3.22606571539
22	48	57.04	3.00971759473
23	48	55.65	3.03768003582
24	46	54.05	2.62821232019
25	48	53.28	2.84633097162
26	48	51.99	2.39789491012
27	44	51.21	2.65441142252
28	44	50.15	2.70323879818
29	44	49.64	2.70377513858
30	44	48.78	2.70769274476
31	43	48.37	2.47246840222
32	42	47.7	2.59807621135
33	42	47.26	2.7914870589
34	42	46.37	2.46030485916
35	41	45.75	2.29074223779
36	40	45.39	2.62257507042
37	40	44.94	2.30139088379
38	38	44.67	2.20479023946
39	39	44.35	2.36801604724
40	39	44.51	2.63247032272
41	38	44.17	2.33689965553
42	37	44.26	3.17685378952
43	38	43.72	2.92260158078
44	38	43.52	2.76579102609
45	36	42.89	2.66793927967
46	37	42.47	2.70723105774
47	37	42.39	2.5725279396
48	38	42.59	2.63095039862
49	37	41.92	2.4685218249
50	38	42.55	2.62821232019
51	38	41.94	2.587740327
52	36	42.26	3.02859703493
53	36	41.67	2.82862157243
54	35	41.69	2.80604704166
55	35	40.94	2.46908890079
56	36	41.13	2.53240991942
57	36	40.83	2.84624313789
58	35	40.32	2.41197014907
59	35	39.91	2.74260824764
60	33	39.62	2.15304435625
61	34	40.1	2.68514431642
62	34	40.43	2.7468345418
63	34	39.82	2.66975654321
64	33	39.03	2.30414843272
65	33	39.24	2.69859222559
66	33	39.05	2.63960224276
67	29	38.5	2.7946377225
68	32	38.63	2.88324469999
69	29	38.07	2.76135836139
70	30	38.02	2.76398263381
71	29	37.62	3.13936299271
72	30	36.84	2.81680670263
73	29	37.24	3.07935058089
74	29	37.07	2.92320030104
75	29	36.62	3.13936299271
76	30	36.51	2.68884733669
77	28	36.26	2.85874098162
78	28	35.99	3.2015465013
79	28	35.56	2.73978101315
80	29	35.03	2.83709358323
81	29	34.84	2.98234806822
82	30	34.31	2.43185114676
83	29	34.29	2.58571073401
84	30	34.19	2.64459826817
85	29	33.8	2.58456959666
86	29	33.9	2.76947648483
87	29	33.68	2.56468321631
88	27	33.56	2.83309018565
89	29	33.45	2.71062723369
90	29	33.28	2.47418673507
91	28	33.36	2.60967430918
92	28	33.59	2.72064330628
93	28	32.91	2.72798460406
94	27	32.96	2.8597902021
95	27	33.24	2.56561883373
96	27	33.22	3.07109101135
97	27	33.01	2.77306689425
98	28	33.28	2.43753974327
99	28	33.24	2.6575176387
100	27	33.37	2.59482176652
101	27	33.57	2.7285710546
102	26	33.5	2.63248931622
103	28	33.65	2.66973781484
104	28	33.73	2.97608803633
105	25	33.69	2.96207697402
106	24	33.33	3.15612103697
107	27	33.03	2.96126662089
108	27	32.3	2.78388218142
109	25	32.11	3.04596454346
110	26	32.2	3.0
111	26	32.58	3.53604298616
112	25	32.1	3.25729949498
113	26	31.51	2.5787400024
114	26	31.49	2.63626629914
115	25	31.64	2.91382909588
116	26	31.69	2.87991319314
117	26	31.33	2.74974544276
118	26	30.91	2.83934851683
119	24	30.66	3.00739089578
120	24	30.7	2.93087017795
121	24	30.65	2.61677282163
122	25	31.53	2.92046229217
123	25	31.34	3.12160215274
124	23	31.17	2.77508558427
125	26	31.49	2.89307794572
126	26	31.26	2.7771208112
127	24	30.59	2.74260824764
128	23	30.73	2.82791442586
129	24	31.04	3.11743484294
130	24	30.89	3.11414514755
131	25	30.46	3.2693118542
132	25	30.31	2.61034480481
133	25	30.76	2.81112077293
134	23	30.8	2.83901391332
135	23	30.51	3.16384260038
136	24	29.97	2.95111843205
137	25	30.03	2.74027370896
138	25	30.0	2.79642629082
139	22	29.99	2.95802298842
140	24	30.12	3.1409552687
141	22	30.05	2.68467875173
142	23	30.18	3.04098668198
143	23	30.58	3.02383862003
144	24	30.22	2.90716356609
145	24	30.26	2.88312330642
146	24	30.15	2.91676190321
147	23	29.98	2.7891934318
148	23	30.2	2.64196896272
149	23	30.24	3.16897459756
150	23	29.91	2.72064330628
151	24	30.04	2.94591242232
152	23	29.66	2.8782633653
153	23	29.55	2.75454170417
154	25	29.75	3.04753999153
155	24	29.96	2.75651954464
156	24	30.65	2.55098020376
157	25	31.15	3.43620430126
158	25	31.08	2.50071989635
159	25	31.12	2.56624238918
160	26	30.79	2.6506414318
161	24	30.8	2.70554985169
162	26	30.35	2.36801604724
163	26	31.36	2.71116211245
164	25	31.46	2.7691876065
165	26	31.27	2.59559241793
166	25	31.4	2.83901391332
167	26	30.93	2.59327977665
168	24	31.19	3.07146544828
169	24	30.96	2.70525414703
170	26	31.36	2.65149014707
171	25	31.27	2.87351700882
172	24	30.87	2.95179606342
173	25	30.65	2.79060925248
174	22	30.8	2.89827534924
175	22	30.81	3.36361412769
176	22	30.36	3.38384396803
177	22	29.76	3.41795260353
178	22	29.07	3.31135923753
179	22	28.68	3.1745235863
180	22	28.65	3.32076798346
181	23	28.38	3.03242477236
182	21	28.75	3.1252999856
183	22	28.32	3.02284634079
184	20	28.37	3.0908089556
185	21	28.16	2.81325434328
186	22	27.76	2.87443907572
187	21	27.93	2.88185704017
188	20	28.06	3.32511653931
189	20	27.69	3.22085392404
190	20	27.91	3.11478731216
191	20	27.68	3.05247440612
192	20	27.35	2.87532606847
193	20	27.62	3.16790151362
194	20	27.83	3.38246951206
195	20	26.93	3.01083045022
196	19	26.73	2.96599055966
197	19	26.74	3.18942000997
198	21	26.87	3.01215869436
199	21	26.86	3.08875379401
200	20	26.78	2.88298456465
201	20	26.88	3.07662152368
202	18	26.8	3.40293990543
203	18	26.13	3.23930548112
204	18	26.64	3.41619671565
205	18	25.91	3.40027940028
206	18	25.38	3.03242477236
207	19	25.06	2.92513247563
208	19	24.67	3.15612103697
209	19	24.77	3.0392597783
210	18	24.32	3.07206770759
211	18	24.41	3.17520078105
212	18	24.2	2.98998327755
213	18	24.6	3.13687742827
214	18	24.48	3.11923067438
215	17	24.55	3.16346329203
216	17	24.36	3.14807877919
217	17	24.41	3.16573846045
218	17	24.78	3.11634401182
219	18	24.35	3.02778797144
220	18	24.5	3.12569992162
221	18	24.45	3.02778797144
222	17	24.68	3.08181764548
223	16	24.55	2.93726062854
224	16	25.16	3.44302192848
225	16	25.03	3.23559886265
226	19	24.7	2.92745623366
227	18	24.89	2.98628531792
228	18	24.74	2.83414890223
229	19	24.72	2.47822517137
230	18	25.46	3.12544396846
231	18	25.4	3.11126983722
232	19	25.09	3.0400493417
233	18	25.62	3.06522429848
234	18	25.68	3.2492460664
235	19	25.09	3.249907691
236	19	24.93	2.86794351409
237	19	25.44	3.13470891791
238	19	25.45	3.24461091658
239	19	25.05	2.85087705803
240	20	25.14	2.71668916146
241	20	26.29	2.73968976346
242	20	26.24	2.6004614975
243	20	26.71	2.91648761355
244	20	26.9	3.02158898595
245	19	26.84	2.94523343727
246	20	27.31	3.05186828025
247	21	27.77	3.40251377661
248	19	27.75	3.18551408724
249	19	27.14	3.54124271972
250	19	26.39	3.03609947136
251	19	26.28	3.30478441052
252	20	26.47	2.63990530133
253	21	26.93	2.90260228071
254	21	26.79	2.74333738355
255	19	26.8	2.70924343683
256	20	27.09	2.8498947349
257	21	27.43	3.02739161656
258	21	27.56	2.89937924391
259	22	28.18	3.17609823526
260	22	27.78	3.2698012172
261	21	27.21	2.8152974976
262	22	26.92	2.80955512493
263	22	27.73	2.84202392671
264	21	28.41	3.19404132722
265	22	28.2	3.0
266	22	28.46	3.01469733141
267	22	28.61	2.96612541879
268	21	28.77	3.03596772051
269	22	28.37	2.84835039979
270	21	28.02	3.08538490306
271	21	27.75	3.29051667675
272	21	27.3	3.04466746953
273	21	27.63	3.2516303603
274	21	27.14	2.93945573193
275	21	27.29	3.21028036159
276	21	27.07	2.97070698656
277	21	26.86	2.6907991378
278	21	26.67	2.86375627455
279	21	27.21	2.82946991502
280	20	27.62	3.12659559265
281	21	27.55	2.93726062854
282	20	27.44	3.2444414003
283	20	27.04	2.89799930987
284	20	27.35	3.2569157189
285	22	27.37	2.83779844245
286	22	26.97	2.98815996894
287	21	26.89	2.70146256683
288	21	27.35	2.75816968296
289	21	27.73	3.13003194872
290	21	27.82	2.63962118494
291	22	27.88	3.06359266222
292	22	27.4	3.38526217596
293	22	27.05	2.94066319051
294	22	27.16	2.78467233261
295	22	27.2	2.65706605112
296	21	27.55	2.8332843133
297	21	27.51	2.94446939193
298	22	27.92	2.94509762147
299	22	27.9	3.0083217913
300	22	27.75	3.10926036221
1	63	73.3	2.86879765756
2	64	71.19	2.55223431526
3	61	69.54	2.52752843703
4	61	68.65	2.69211812519
5	59	67.49	2.86180013278
6	58	66.35	2.80490641555
7	59	65.53	2.74756255616
8	58	64.52	2.89993103366
9	57	63.2	2.4899799196
10	55	61.99	2.83017667293
11	56	60.86	2.56912436445
12	53	59.65	2.38903746308
13	53	58.97	2.02709151249
14	53	58.1	1.96214168703
15	54	57.61	1.8160121145
16	53	57.71	2.30779115173
17	52	56.99	2.09520882014
18	51	56.08	2.45633873886
19	49	55.71	2.76873617378
20	49	54.98	2.11177650333
21	49	54.87	2.29196422311
22	50	54.85	2.43874967965
23	49	54.5	2.26053091109
24	49	54.24	2.11716791965
25	50	54.25	2.24666419387
26	49	54.36	2.54369809529
27	47	53.73	2.40771676075
28	47	53.23	2.42839453137
29	47	52.45	2.43053492055
30	48	52.21	2.42608738507
31	47	52.03	2.39355384314
32	47	51.72	2.5810075552
33	46	50.86	2.19098151521
34	46	50.47	2.47973788937
35	45	49.96	2.44916312237
36	45	49.96	2.5609373284
37	45	50.02	2.72389427108
38	45	50.24	2.66503283282
39	45	50.0	2.513961018
40	44	49.72	2.46203168136
41	45	49.45	2.32969955144
42	44	48.78	2.46406168754
43	43	48.52	2.37267781209
44	42	47.77	2.06811508384
45	43	47.54	2.07566856699
46	43	47.32	2.09704554075
47	43	47.26	2.42742662093
48	42	46.69	2.02333882481
49	42	46.43	2.09883300908
50	41	45.95	2.31678656764
51	41	45.52	2.24267697184
52	41	45.28	2.16831731995
53	41	45.0	2.21810730128
54	39	44.63	2.55207758503
55	39	44.07	2.22825043476
56	39	43.98	2.33229500707
57	38	43.74	2.28306811112
58	39	43.51	2.26050879229
59	39	43.05	2.23774440006
60	38	43.23	2.7599094188
61	38	43.29	2.66193538614
62	38	42.46	2.37242491978
63	38	42.15	2.69211812519
64	38	41.61	1.95905589507
65	36	41.64	2.14718420262
66	35	41.87	2.57159483589
67	35	41.63	2.16173541397
68	37	41.74	2.63294511906
69	36	41.15	2.4015619917
70	36	41.35	2.3595550428
71	36	40.92	2.48869443685
72	35	40.64	2.71852901401
73	34	40.36	2.52
74	36	39.73	2.29283667103
75	35	39.91	2.1075815524
76	34	39.37	2.4765096406
77	33	39.19	2.84849082849
78	33	38.88	2.38444962203
79	33	39.1	2.5670995306
80	33	39.39	2.70885584703
81	33	38.57	2.42592250495
82	33	38.82	2.68096997372
83	34	38.69	2.8624989083
84	33	38.35	2.74727137356
85	33	37.99	2.60957851003
86	33	37.82	2.59376174696
87	33	37.79	2.6317104704
88	32	37.57	2.75047268665
89	32	37.74	2.70414496653
90	31	36.99	2.43102858889
91	31	37.34	2.72110271765
92	31	37.26	2.70044440787
93	31	37.02	2.84246372009
94	31	36.76	2.6310454196
95	31	36.54	2.61312073965
96	31	36.83	2.44562875351
97	30	36.84	2.78107892732
98	30	36.52	2.56702162048
99	32	36.27	2.50141959695
100	32	36.19	2.40289408839
101	32	36.08	2.17568380056
102	31	36.44	2.80827349095
103	31	36.12	2.7650678111
104	31	35.94	2.92171182699
105	31	35.61	2.6604322957
106	29	35.47	2.52766690844
107	28	35.53	2.63990530133
108	28	35.52	3.01489634979
109	29	34.99	2.78026977108
110	29	34.68	2.98958191057
111	29	34.73	2.86305780591
112	26	34.39	2.64157150197
113	29	34.49	2.62104940816
114	27	34.78	2.97180080086
115	26	34.8	2.97321374946
116	28	34.69	2.99230680245
117	29	34.71	2.47505555493
118	29	34.83	2.66853892608
119	28	35.07	2.8257919244
120	27	34.73	2.72710469179
121	27	34.44	3.08648667582
122	28	34.02	2.68320703637
123	27	34.32	2.76
124	28	34.39	2.53730171639
125	27	34.21	2.94039113045
126	27	34.02	2.95289688272
127	26	33.51	2.88268971622
128	28	33.72	3.16884837125
129	27	33.13	2.86933790272
130	27	32.71	2.8152974976
131	26	32.44	3.25059994463
132	26	32.41	2.99364326532
133	24	32.23	3.00617697417
134	24	31.5	2.9
135	24	31.18	2.82623424365
136	24	31.06	2.82779065703
137	24	31.98	3.11441808369
138	24	31.55	2.82621655221
139	24	32.1	2.97153159162
140	24	31.88	3.01091348265
141	24	31.78	3.17987421135
142	23	31.26	3.05162251925
143	26	31.3	2.77308492477
144	25	31.36	2.69265668068
145	25	31.5	2.81247222209
146	25	31.36	2.77315704568
147	25	31.21	2.7177012345
148	25	30.43	2.80447856116
149	25	30.51	2.65892835556
150	26	30.45	2.84033448734
151	26	30.6	2.59615099715
152	26	30.83	3.01680294351
153	24	30.66	2.93332575757
154	24	30.5	2.87923600978
155	24	30.91	2.72431642802
156	23	31.25	2.98789223367
157	24	31.13	3.23930548112
158	24	31.19	3.09417194092
159	25	30.49	2.84075694138
160	25	31.25	2.87532606847
161	25	30.83	2.96666479401
162	24	30.62	2.66
163	24	30.58	2.6764902391
164	23	30.99	3.06102923867
165	24	30.29	2.75425125942
166	24	30.63	2.75192659786
167	24	30.11	2.76005434729
168	24	30.55	2.97111090335
169	24	30.21	3.21650431369
170	23	29.59	3.31691121376
171	21	29.67	2.92251603931
172	21	29.42	3.25631693789
173	21	28.91	3.36777374537
174	20	28.11	3.03609947136
175	21	28.11	2.87713399062
176	21	28.03	3.27858201056
177	21	27.95	3.00124973969
178	21	27.88	3.4066992823
179	21	27.67	3.30470876175
180	20	27.38	3.43738272527
181	21	26.95	2.99457843444
182	19	26.82	3.09961287905
183	19	26.11	2.92196851455
184	20	26.56	2.89247299037
185	19	26.61	3.25236836782
186	19	26.43	2.98414141756
187	19	27.44	3.04407621455
188	19	27.54	3.37170579974
189	19	26.58	3.4122719704
190	20	26.26	3.1515710368
191	18	26.36	3.26655782132
192	18	25.92	3.27926821105
193	18	25.6	3.33466640011
194	19	26.0	2.93257565972
195	19	26.23	3.09468899891
196	18	26.52	3.51135301558
197	18	26.42	3.15968352846
198	19	26.48	3.32409386149
199	19	26.47	2.70353472328
200	19	26.66	2.99406078763
201	19	26.47	2.89293968136
202	21	26.14	2.53779431791
203	19	26.89	3.03939138645
204	19	27.05	3.29051667675
205	19	27.34	3.10232171123
206	19	27.24	3.04341912986
207	19	27.63	2.84835039979
208	19	27.16	2.94862679904
209	17	26.97	3.03464989743
210	20	26.94	2.67514485589
211	22	27.4	2.92916370318
212	20	28.05	3.29962119038
213	20	27.56	3.14108261591
214	18	26.99	3.08056812942
215	21	27.09	3.24374783237
216	21	27.57	2.99751563799
217	19	27.36	3.33922146615
218	19	27.06	3.29793875019
219	19	27.04	3.38207037183
220	15	26.94	3.1900470216
221	19	27.32	3.55494022453
222	18	26.87	3.18639294501
223	18	26.65	3.392270626
224	18	26.37	3.02871259779
225	20	26.69	3.03873328872
226	19	26.49	3.07732026283
227	19	26.64	3.22651514796
228	19	26.22	3.10991961311
229	19	26.28	3.00692533994
230	19	26.64	3.21409396253
231	19	26.88	2.81524421676
232	18	26.59	2.78601866469
233	18	26.85	3.37453700528
234	17	26.85	3.15396575758
235	17	27.07	3.3053139034
236	21	26.92	3.18647140266
237	19	27.16	3.26410784136
238	21	26.49	3.08381257537
239	20	26.11	2.82805586932
240	22	27.14	2.60775765745
241	18	27.83	3.18450938136
242	19	27.45	3.34477204006
243	19	27.38	3.27957314296
244	19	27.33	3.2126468838
245	19	27.58	3.3975873793
246	19	27.28	3.34089808285
247	19	26.99	3.43072878555
248	19	26.68	3.00958468896
249	18	26.56	2.85418990258
250	18	26.59	3.54991549195
251	20	26.34	3.12800255754
252	18	26.15	3.02778797144
253	19	26.35	3.00457983751
254	20	26.76	2.97025251452
255	19	26.41	3.12120169166
256	20	26.25	2.89266313282
257	19	26.41	3.40027940028
258	16	25.44	2.99773247639
259	18	25.75	3.18551408724
260	17	25.11	3.1044967386
261	17	25.24	3.0987739511
262	18	25.47	3.11594287496
263	18	25.84	3.72751928231
264	18	24.94	3.11711404989
265	18	24.83	3.43236070366
266	18	24.42	2.88852903742
267	18	24.53	2.76931399448
268	18	25.1	3.19530906173
269	16	24.79	3.26892948838
270	17	25.15	3.35372926755
271	17	24.86	3.2833519458
272	17	24.81	2.98896303089
273	18	25.33	2.91909232468
274	18	25.78	2.80563718253
275	19	26.19	3.19278874967
276	18	25.86	3.08227188937
277	17	25.62	3.4950822594
278	18	25.38	2.6749953271
279	18	25.28	3.69074518221
280	18	24.78	3.43970929004
281	14	24.87	3.28528537573
282	14	24.63	3.40779987675
283	17	24.48	2.93080193804
284	17	25.18	2.84035209085
285	19	26.15	3.06063718856
286	18	25.95	3.19491783932
287	15	25.66	3.48201091325
288	16	25.45	3.41577224065
289	15	25.66	3.40945743484
290	15	25.36	3.54547599061
291	15	25.0	3.48425027804
292	15	24.78	3.19555941894
293	15	24.4	2.80356915378
294	17	24.49	2.93426311022
295	18	24.78	2.8304769916
296	17	25.16	3.14553652021
297	15	25.09	3.26219251425
298	16	25.02	3.5495915258
299	17	25.27	3.34919393287
300	17	24.8	3.83927076409
1	67	73.27	2.82791442586
2	62	70.99	2.49997999992
3	63	69.93	2.3205818236
4	62	68.54	2.73649410743
5	61	67.44	2.86817014837
6	60	65.88	2.64680940001
7	57	64.39	2.6453544186
8	58	63.1	2.1610182785
9	58	61.93	2.15060456616
10	57	60.59	1.77817321991
11	55	59.97	1.9259023859
12	54	58.97	1.83005464399
13	54	58.53	2.05647757099
14	53	57.37	1.87432654572
15	53	56.51	1.80828648173
16	52	55.99	1.9570130301
17	52	55.39	2.10663238369
18	49	54.57	2.03103421931
19	50	53.78	1.97271386673
20	48	53.49	2.34731761805
21	49	52.91	2.15914334865
22	49	52.27	2.03398623398
23	47	51.89	2.07795572619
24	47	51.43	1.99125588511
25	47	51.06	1.98403628999
26	46	50.72	1.85515498005
27	47	50.66	1.99609619007
28	47	50.29	1.94059269297
29	46	50.12	2.06048537971
30	46	50.06	2.21729565011
31	44	49.61	1.95905589507
32	44	49.51	2.43102858889
33	44	49.19	2.06249848485
34	43	49.02	2.48588012583
35	43	48.59	2.11704983409
36	45	48.67	2.23631393145
37	45	48.76	1.86075253594
38	44	48.78	2.12405273004
39	44	48.09	2.04985365331
40	42	47.95	2.32109887769
41	42	47.62	2.33143732491
42	43	47.31	2.19406016326
43	41	46.76	2.24997777767
44	41	47.0	2.10713075057
45	43	47.0	2.26715680975
46	42	46.67	2.13567319597
47	43	46.87	2.02314112212
48	43	46.78	2.06678494285
49	43	46.5	2.41867732449
50	42	46.25	2.26881026091
51	42	45.74	2.05241321376
52	42	45.65	2.12308737456
53	41	45.28	2.06920274502
54	40	44.86	2.09771304043
55	40	44.84	2.41545026858
56	40	44.36	2.18412453857
57	40	43.9	2.11896201004
58	40	43.7	1.88944436277
59	40	43.61	1.88623964543
60	38	43.46	2.29529954472
61	38	42.87	2.22555611028
62	36	42.28	1.82252571998
63	36	42.35	2.21979728804
64	38	41.84	2.26592144612
65	38	41.89	2.16284534815
66	38	41.75	2.29945645751
67	38	41.62	2.18073382145
68	37	41.34	2.09866624312
69	37	41.1	2.26936114358
70	37	41.36	2.49607692189
71	38	40.89	2.24006696328
72	36	40.7	2.05182845287
73	36	40.82	2.35957623314
74	36	40.88	2.11792351137
75	37	41.0	2.24053565024
76	36	40.57	2.49901980784
77	36	40.44	2.30356245845
78	36	40.01	2.30432202611
79	35	39.81	2.12929565819
80	35	39.7	2.52388589282
81	33	39.35	2.42641711171
82	33	38.91	2.65742356428
83	33	38.37	2.56380576487
84	32	38.25	2.86138078556
85	32	38.26	2.62152627299
86	30	37.5	2.49599679487
87	30	37.1	2.4474476501
88	30	36.93	2.51894819319
89	30	36.38	2.4156986567
90	32	36.18	2.63583004004
91	31	35.3	2.20227155455
92	30	35.73	2.3910457963
93	30	35.87	2.70796971918
94	31	35.2	2.31516738056
95	29	35.08	2.50071989635
96	29	35.14	2.7240411157
97	27	34.51	2.70737880615
98	30	34.34	2.25486141481
99	30	34.21	2.27286163239
100	30	34.3	2.46373699895
101	30	34.87	2.30935055806
102	30	34.83	2.61554965543
103	29	34.36	2.60967430918
104	29	33.89	2.42443807923
105	28	33.7	2.5
106	28	34.12	2.64302856587
107	28	33.84	2.62952467188
108	29	33.81	2.59882665832
109	29	33.75	2.52339057619
110	29	33.63	2.43989753883
111	29	33.41	2.09807054219
112	29	33.86	2.5574205755
113	29	34.15	2.63581107062
114	29	33.92	2.65586144217
115	29	33.46	2.38503668735
116	29	33.46	2.50766823962
117	29	33.39	2.56083970603
118	28	33.08	2.52459897806
119	29	32.73	2.3274664337
120	29	33.09	2.58493713657
121	28	33.39	2.70516173269
122	27	32.99	2.55536690125
123	27	33.24	2.83591255154
124	28	32.95	2.70693553673
125	28	32.52	2.65133928421
126	28	32.68	2.57246963053
127	28	32.63	2.53240991942
128	27	32.58	2.67275139136
129	27	32.38	2.63355273348
130	27	32.01	2.66268661318
131	24	31.88	2.39282260103
132	24	31.95	3.03108891325
133	26	31.5	2.5670995306
134	26	31.27	2.53714406371
135	26	31.74	2.60622332121
136	26	31.34	2.76485080972
137	27	31.6	2.80713376952
138	27	31.63	2.65953003367
139	26	31.41	2.47020242086
140	25	31.9	2.68141753556
141	23	31.64	3.05129480713
142	24	30.96	2.9014479144
143	24	30.71	2.91991438231
144	24	30.36	2.91382909588
145	24	30.63	2.87977429671
146	24	30.98	3.1527131173
147	23	30.23	3.11401669873
148	24	30.06	2.71595287146
149	24	30.27	2.71976101891
150	23	30.31	2.95193157102
151	23	30.48	2.70732340144
152	23	30.54	2.85804128732
153	24	30.55	2.85438259524
154	25	30.62	2.68246155611
155	24	30.61	2.70516173269
156	25	30.86	2.79649780976
157	26	31.35	2.67721870605
158	26	31.11	2.50956171472
159	26	31.39	2.8386440425
160	26	31.12	3.07336948641
161	26	31.2	2.63438797446
162	25	32.09	2.68363559374
163	25	31.74	2.91073873785
164	25	31.23	2.85606372478
165	25	31.04	2.86328482691
166	26	31.7	2.68141753556
167	25	31.97	2.89293968136
168	27	31.95	2.61677282163
169	27	32.12	2.54668411861
170	27	32.35	2.82621655221
171	25	32.02	2.59992307579
172	27	32.42	2.82552649961
173	26	32.3	2.87576076891
174	26	32.41	2.92948800987
175	27	32.42	2.77193073507
176	25	32.14	2.94285575589
177	25	31.56	2.91314263297
178	24	31.67	3.16561210511
179	25	31.2	2.94957624075
180	25	30.66	2.85033331384
181	23	30.17	2.88463169226
182	25	30.37	2.84835039979
183	25	30.46	2.80149959843
184	25	30.4	2.69072480941
185	25	30.92	2.82375636343
186	25	30.52	2.89993103366
187	26	30.57	2.75047268665
188	25	30.64	2.93434830925
189	25	30.47	2.80519161556
190	24	30.04	2.69414179285
191	25	30.71	2.85760389137
192	23	30.34	2.6008460162
193	24	31.06	2.72697634753
194	24	31.25	3.08017856625
195	23	30.82	3.0278044851
196	23	30.28	3.15303028847
197	23	30.65	3.24769148781
198	21	29.88	3.18207479485
199	21	29.81	2.70072212565
200	21	29.61	3.06233570988
201	21	29.31	3.10062896845
202	23	29.37	3.01879114879
203	23	29.72	2.8251725611
204	23	29.56	3.33262659174
205	21	29.13	3.05828383248
206	21	29.11	3.26157937202
207	21	28.16	3.03222690444
208	21	28.11	2.95260901577
209	21	28.07	2.89570371413
210	22	27.6	2.8319604517
211	21	27.9	3.35708206632
212	22	27.59	3.09546442396
213	21	27.5	2.67394839142
214	22	28.07	2.80804202248
215	20	28.47	2.88948092224
216	20	28.6	3.04302481094
217	20	28.57	2.90604542291
218	20	28.66	3.10554343071
219	23	28.19	2.86947730432
220	24	28.55	2.93385412044
221	23	28.67	2.83568333916
222	22	28.72	2.8881828197
223	23	29.13	2.72637121464
224	21	29.65	3.50820466906
225	22	28.65	3.1792294664
226	20	28.34	3.17559443254
227	22	28.04	3.04276190327
228	19	27.96	3.10779664714
229	21	28.07	3.44457544554
230	21	27.66	3.21004672863
231	21	27.33	3.16245158066
232	21	27.41	3.14036622068
233	23	27.58	2.48265986394
234	22	28.08	2.38612656831
235	23	28.26	3.19568459019
236	22	28.24	2.86398324017
237	22	28.08	2.60261407051
238	23	28.56	2.72514219812
239	23	28.91	2.72431642802
240	22	28.41	2.72798460406
241	22	28.67	3.06285814232
242	21	28.58	3.20056245057
243	21	28.29	3.05710647508
244	21	27.94	3.14267402064
245	20	27.54	2.68484636432
246	20	28.0	3.00333148354
247	21	28.03	3.22010869382
248	21	27.36	2.98167738027
249	21	27.3	3.18590646441
250	20	26.76	2.91245600825
251	20	27.25	2.95761728423
252	21	27.6	3.08220700148
253	21	27.03	2.75845971513
254	22	26.69	2.92128396429
255	22	26.88	2.96405128161
256	20	26.77	2.69761005336
257	21	27.15	2.88920404264
258	21	27.7	3.31511689085
259	21	27.51	2.98829382759
260	21	28.01	2.98829382759
261	21	27.6	2.93938769134
262	21	27.71	2.90962196857
263	21	27.8	2.98663690461
264	21	27.88	2.87847181678
265	21	28.33	2.88809625878
266	22	28.58	2.96371388633
267	21	28.42	3.37692167514
268	21	28.47	2.76570063456
269	21	28.79	2.68438074796
270	20	29.59	3.14672845985
271	20	29.16	3.45751355746
272	20	27.86	2.84260443959
273	20	28.24	3.24074065608
274	20	27.96	3.29824195595
275	20	27.63	3.01547674506
276	19	27.56	2.90626908596
277	22	27.56	2.83309018565
278	22	27.86	2.71300571323
279	21	28.24	3.17212862287
280	21	28.12	2.94034011638
281	21	28.45	3.09636884108
282	23	27.87	2.73003662979
283	20	27.88	2.76868199691
284	22	28.09	2.91237016878
285	22	27.89	3.06559945198
286	23	27.98	2.73488573802
287	20	27.86	2.94964404632
288	22	28.33	3.04320554679
289	22	28.67	2.85326129193
290	21	28.03	2.74027370896
291	23	28.3	2.82665880502
292	23	28.57	2.98078848629
293	23	28.78	2.91403500322
294	22	28.36	2.86537955601
295	23	28.65	2.89611809151
296	23	28.82	2.71801398083
297	23	28.69	2.94854201259
298	23	28.76	2.64620482956
299	23	29.03	2.92046229217
300	23	29.09	3.21277138931
1	65	72.99	2.67766689489
2	61	71.1	2.72213151776
3	64	69.65	2.25554871373
4	63	68.5	2.20680764907
5	62	67.51	2.32161581662
6	61	66.9	2.65894716006
7	61	65.99	2.46777227474
8	60	65.52	2.59799923018
9	59	64.92	2.57169204999
10	59	64.1	2.68886593195
11	57	62.99	2.45965444728
12	56	62.27	2.63383750448
13	54	62.06	2.63370461518
14	56	61.84	3.39917637083
15	54	60.9	3.06431068921
16	54	60.66	3.47338451658
17	51	59.68	3.26765971301
18	52	58.81	3.17394076819
19	53	58.43	3.07328814139
20	51	57.75	2.92018835009
21	52	57.63	3.32762678196
22	51	57.18	3.11249096384
23	50	56.06	2.67514485589
24	50	55.42	2.56195238051
25	51	54.88	2.51507455158
26	49	54.33	2.42921798116
27	48	53.76	2.26768604529
28	46	52.93	2.27708146539
29	46	52.57	2.58168549595
30	47	51.34	2.36313351294
31	47	50.9	1.92093727123
32	47	50.54	1.95662975547
33	45	50.24	1.90326036054
34	45	50.16	1.95304889852
35	47	50.41	2.04007352809
36	47	49.98	1.91822834928
37	44	49.41	2.20950220638
38	42	49.26	2.31784382563
39	42	49.06	2.43647286051
40	42	48.8	2.61151297144
41	42	48.1	2.75136329844
42	39	47.28	2.90544316757
43	41	46.45	2.53919278512
44	39	45.98	2.56507309837
45	40	45.15	2.19715725427
46	40	44.96	2.28
47	39	44.65	2.12308737456
48	40	44.57	2.35055312639
49	40	44.36	2.0274121436
50	39	44.64	2.22943939142
51	39	44.58	2.28114006584
52	40	44.26	2.18
53	40	43.87	2.02314112212
54	39	43.91	2.47424736031
55	39	43.46	2.22899080303
56	37	43.23	2.3910457963
57	38	42.98	2.05902889732
58	39	43.19	2.1479990689
59	36	42.98	2.33229500707
60	38	43.07	2.45867850684
61	38	42.94	2.53306138891
62	37	42.66	2.56990272189
63	37	42.69	2.59882665832
64	35	42.41	2.66118394704
65	35	41.79	2.62790791315
66	36	41.51	2.62104940816
67	36	40.97	2.57081699076
68	36	40.65	2.52735039122
69	36	40.38	2.14839474957
70	36	40.7	2.59807621135
71	36	40.53	2.3683538587
72	36	40.85	2.39739441895
73	32	40.46	2.55115660045
74	32	40.27	2.90122387968
75	34	39.72	2.56935789644
76	34	39.65	2.85788383249
77	32	39.33	2.83215465679
78	32	39.14	2.6907991378
79	31	38.99	2.68884733669
80	31	38.28	2.96674906253
81	31	38.34	3.14394656443
82	31	37.18	2.6014611279
83	31	37.49	2.97823773396
84	31	36.85	2.77623846238
85	31	36.8	2.99666481275
86	31	36.67	2.60789186892
87	32	36.81	2.50477543904
88	31	36.92	2.62556660552
89	31	37.01	2.84778861575
90	31	37.03	2.71092235226
91	30	37.0	2.87749891399
92	29	36.82	2.8579013279
93	30	36.52	3.19837458719
94	29	35.97	2.80162452873
95	28	36.24	2.94319554226
96	28	36.01	3.25421265439
97	30	35.92	3.03539124332
98	30	35.51	2.75860471978
99	30	35.53	2.49180657355
100	29	36.04	3.0262848511
101	29	35.58	2.58139497172
102	29	35.95	2.808469334
103	29	35.73	2.96936020045
104	28	36.03	3.10951764748
105	27	35.54	3.35982142383
106	29	35.18	3.26306604285
107	29	34.59	3.0169355313
108	29	34.59	2.73164785432
109	28	34.16	2.61044057584
110	28	33.8	2.73130005675
111	29	33.5	2.83372546306
112	27	33.43	2.97070698656
113	26	32.98	2.99325909336
114	26	32.36	2.61732688062
115	26	32.54	2.91348588464
116	27	31.98	2.37899138292
117	27	32.76	2.78251684631
118	26	32.68	2.73452006758
119	27	32.69	2.93834987706
120	27	32.61	2.7162290036
121	27	32.12	2.66938195094
122	26	31.99	2.83723456908
123	27	31.84	2.69710956396
124	26	31.62	2.77048732175
125	27	31.87	2.71902556075
126	25	31.89	2.66418843177
127	26	32.05	3.21364279284
128	26	31.48	2.85825121359
129	26	31.47	2.74392055279
130	26	31.65	3.24769148781
131	26	31.09	2.61187671991
132	24	30.99	2.88268971622
133	26	31.35	2.98454351618
134	26	31.86	2.95979729036
135	25	31.36	2.71484806205
136	24	31.51	3.09998387093
137	25	31.47	3.11594287496
138	24	31.5	2.86181760425
139	25	31.27	2.96936020045
140	24	30.65	2.8191310718
141	25	30.83	2.69464283348
142	25	30.86	2.74597887829
143	25	31.17	2.98011744735
144	24	30.8	2.42074368738
145	25	31.27	2.89086492248
146	25	31.19	2.71180751529
147	24	30.99	2.74041967589
148	24	31.17	2.71313471837
149	24	31.3	2.96141857899
150	24	31.13	2.6330780467
151	24	31.54	3.05751533111
152	24	31.58	3.18804015031
153	25	31.24	3.0170183957
154	24	31.17	3.08238543988
155	24	30.83	2.69092920754
156	24	31.26	3.03848646533
157	23	30.58	2.97045451068
158	23	30.45	2.85438259524
159	24	30.12	2.89924128006
160	24	29.9	3.13209195267
161	24	30.17	2.90535712091
162	22	30.34	3.47338451658
163	23	29.93	3.14723688336
164	22	30.15	3.17293239764
165	21	30.15	3.09636884108
166	22	30.48	3.17955971795
167	22	30.57	3.33543100663
168	22	29.91	3.38258776678
169	22	29.18	3.07043970792
170	21	29.03	3.31196316405
171	21	29.1	3.00499584026
172	21	29.44	3.03420500296
173	21	28.97	3.18262470298
174	20	29.38	3.52357772725
175	20	29.0	3.16859590355
176	20	29.32	3.35523471608
177	20	29.36	2.94794843917
178	23	29.92	2.73012820212
179	23	30.48	2.73305689659
180	23	31.22	2.98523030937
181	22	31.35	3.2630507198
182	23	31.02	3.01655432572
183	24	30.79	3.02752374062
184	24	30.83	3.13067085463
185	24	30.79	3.02091045879
186	22	30.49	2.99163834713
187	25	30.93	2.69538494468
188	22	31.14	2.70562377281
189	22	31.08	2.85194670357
190	22	31.46	2.85804128732
191	24	32.06	3.30399757869
192	22	31.65	3.69425229241
193	22	30.54	3.61778938027
194	22	29.61	2.89446022602
195	24	29.85	2.96774325035
196	19	29.42	2.77913655656
197	19	29.75	3.23225927178
198	22	29.4	3.16543835827
199	16	28.78	3.64027471491
200	16	28.5	3.92045915678
201	16	27.54	3.55364601501
202	16	27.79	3.72100792797
203	18	27.59	3.64443411245
204	18	26.82	3.71047166813
205	18	26.36	3.53417600014
206	18	26.18	3.15080941982
207	19	26.09	3.46148811929
208	18	25.66	2.98737342828
209	18	25.78	3.25754508795
210	17	26.39	2.87365620769
211	17	26.12	3.32950446763
212	17	26.26	3.57944129719
213	17	25.74	3.70842284536
214	16	25.65	3.41577224065
215	17	25.73	3.13641515109
216	17	26.16	3.41970758984
217	19	26.3	3.17017349683
218	19	26.52	3.38963124838
219	20	26.71	2.79748100977
220	17	27.12	3.44174374409
221	20	27.28	3.10831143871
222	22	27.94	3.21502721606
223	20	27.39	3.02620224043
224	21	27.6	3.4
225	22	27.57	2.7285710546
226	20	27.76	3.18157193852
227	21	28.0	2.98663690461
228	22	28.71	3.00431356553
229	24	28.92	3.01555964955
230	23	29.37	2.75918466218
231	21	28.94	3.14585441494
232	18	28.95	3.12849804219
233	18	29.22	3.35732036005
234	21	28.97	3.11273191907
235	20	28.79	3.21961177784
236	20	28.88	3.36832302489
237	21	29.37	2.9854815357
238	22	29.39	3.28905761579
239	22	29.12	3.43883701271
240	21	28.54	3.65080812972
241	21	28.18	3.24154284254
242	20	27.95	3.16977917212
243	22	28.0	2.92232783924
244	21	28.53	3.28771957442
245	21	28.09	3.38258776678
246	22	27.47	2.99818278295
247	19	27.4	3.11126983722
248	20	27.4	3.01993377411
249	19	26.91	3.44701319986
250	19	27.05	2.75454170417
251	19	27.18	3.49965712606
252	18	26.88	3.17263297594
253	18	26.53	3.50558126421
254	18	26.08	3.46894796732
255	18	25.9	3.09354165965
256	18	25.65	3.47383073854
257	17	25.42	3.5810054454
258	17	25.03	3.39545284167
259	17	24.41	3.3648031146
260	17	24.03	3.16055374895
261	17	24.29	3.30543491843
262	17	24.66	3.34729741732
263	15	24.01	3.43655350606
264	18	24.16	2.67850704685
265	18	25.06	3.15537636424
266	17	24.46	3.36873863634
267	16	24.28	3.0432876959
268	13	24.82	3.73196998916
269	16	25.0	2.97321374946
270	16	25.44	3.21968942602
271	16	25.26	3.34849219799
272	16	25.24	3.48746326146
273	17	24.51	3.54258380282
274	17	24.39	2.87365620769
275	18	25.13	2.93139898342
276	17	25.3	3.0083217913
277	15	25.77	3.18073890786
278	15	25.63	3.11979165971
279	15	26.38	3.18992162913
280	15	26.64	3.38088745746
281	15	26.74	3.60172181047
282	15	25.92	3.28231625533
283	18	25.49	3.07732026283
284	17	25.09	3.20029686123
285	17	25.16	3.44592512977
286	17	24.84	2.97227185836
287	18	25.1	3.02820078595
288	17	25.67	2.86026222574
289	19	26.27	3.08821955178
290	18	25.67	3.24670602303
291	15	25.36	3.4482459309
292	15	25.32	3.56056175343
293	16	25.27	3.45501085382
294	16	25.01	3.81967276085
295	16	24.96	3.51829504164
296	18	24.73	3.26758320476
297	18	24.92	3.46317773151
298	19	24.69	3.18337870823
299	19	25.25	2.94745653064
300	20	25.86	2.98335381743
1	64	72.92	2.8131121556
2	64	70.53	2.22015765206
3	64	69.54	2.28219192883
4	62	68.56	2.21503950303
5	63	67.95	2.42229230276
6	62	66.87	1.98824042812
7	60	66.18	2.22432012085
8	59	65.74	2.28744398839
9	59	65.07	2.13660946361
10	57	64.05	2.31678656764
11	58	63.53	2.25590336672
12	57	63.15	2.51545224562
13	55	62.35	2.21979728804
14	54	60.87	2.26563456895
15	54	59.99	2.41865665195
16	54	58.83	2.31971981067
17	54	58.33	2.08353065732
18	53	57.75	2.27321358433
19	52	56.91	2.21853555302
20	52	56.05	2.11837201643
21	50	55.43	2.04085766285
22	49	55.09	2.22753226688
23	48	54.64	2.36862829503
24	48	54.05	2.51545224562
25	49	53.13	2.24345715359
26	48	52.62	2.14373505826
27	47	52.49	2.35582257396
28	47	51.54	2.16988478957
29	46	51.1	2.59422435421
30	46	50.18	2.55882785666
31	45	49.89	2.4326734265
32	43	49.23	2.26210079351
33	44	48.85	2.17428149052
34	42	48.29	2.31644123603
35	42	47.76	2.36693895147
36	43	47.25	2.2287889088
37	42	47.16	2.27912263821
38	40	46.82	2.47135590314
39	40	46.53	2.37678354084
40	40	46.22	2.4762067765
41	39	46.08	2.59106155851
42	39	45.39	2.78888866755
43	39	45.11	2.73822935489
44	37	44.66	2.81503108331
45	37	44.09	2.95328630512
46	38	43.64	2.57883694715
47	36	43.36	2.4187600129
48	36	43.11	2.36175781993
49	35	43.13	3.05173721018
50	34	42.93	2.79017920571
51	37	41.92	2.92465382567
52	36	41.33	2.8144448831
53	36	41.2	2.64196896272
54	36	41.14	2.6230516579
55	37	41.37	2.46436604424
56	36	41.0	2.12602916255
57	36	40.69	2.47263017858
58	35	40.37	2.57159483589
59	35	40.01	2.30865761862
60	34	40.22	2.33486616319
61	35	40.05	2.4672859583
62	35	40.35	2.32109887769
63	35	40.21	2.62028624391
64	35	40.01	2.48392834035
65	34	39.56	2.46300629313
66	34	39.28	2.71322686114
67	34	39.29	2.53493589663
68	33	38.61	2.27549994507
69	33	38.79	2.51910698463
70	33	38.41	2.5023788682
71	33	38.39	2.43678066309
72	32	38.67	2.37088591037
73	34	38.48	2.36
74	34	38.32	2.24445984593
75	34	38.87	2.52845802813
76	32	38.52	2.65887194126
77	33	38.12	2.43836010466
78	33	37.78	2.64794259757
79	32	37.41	2.60804524501
80	32	37.72	2.66112758056
81	31	37.33	2.69092920754
82	31	37.11	2.7162290036
83	30	37.01	3.08381257537
84	31	36.49	2.51592925179
85	31	36.41	2.62714674124
86	31	36.32	2.50551391934
87	32	36.82	2.54707675581
88	32	36.64	2.57883694715
89	32	36.65	2.55489725821
90	32	36.44	2.50726943107
91	32	36.45	2.49148550066
92	31	36.71	2.72137832725
93	31	36.42	2.3116228066
94	31	36.83	2.67602316881
95	31	37.11	2.67916031622
96	28	37.13	2.90053443351
97	27	36.91	3.20342004739
98	29	36.36	3.02165517556
99	30	36.29	2.8330019414
100	30	35.83	2.72783797173
101	30	35.67	2.67602316881
102	30	35.56	3.0143656049
103	29	34.66	2.75760765882
104	28	34.6	2.81069386451
105	29	34.46	2.9169161798
106	29	34.21	2.73237991502
107	29	34.35	2.60528309402
108	29	34.58	2.95018643479
109	30	34.49	2.67392969242
110	28	34.3	2.63248931622
111	28	34.66	2.69525508997
112	28	34.05	2.74362898366
113	25	33.27	3.13003194872
114	26	32.85	2.86487347016
115	25	32.67	3.00684219739
116	25	32.14	2.94964404632
117	27	32.15	2.71799558499
118	27	32.62	2.56429327496
119	25	31.83	2.99684834451
120	25	31.26	2.83414890223
121	26	31.72	3.22515115925
122	25	31.31	2.80604704166
123	26	31.28	2.82163073417
124	24	31.45	2.95084733594
125	24	31.0	3.13687742827
126	23	30.66	2.94013605127
127	23	30.92	3.4718294889
128	23	30.36	3.36309381374
129	23	29.64	3.25428947698
130	24	29.07	2.6542607257
131	23	29.41	2.69107785097
132	23	29.1	3.1064449134
133	23	28.87	2.82012411074
134	23	29.11	2.58416330753
135	23	29.34	3.05358805342
136	23	28.64	2.68521879928
137	23	28.84	2.57184758491
138	23	29.46	2.97462602691
139	23	28.99	2.81245444408
140	23	28.83	3.04977048317
141	23	28.48	2.67387359462
142	24	28.22	2.54393396141
143	23	28.2	2.49799919936
144	23	28.28	2.79671235561
145	23	28.19	2.7629513206
146	23	28.11	2.51751861959
147	23	28.07	2.91977738877
148	23	27.79	2.65441142252
149	23	27.98	2.61143638636
150	23	28.03	2.73296542239
151	23	27.78	2.74801746719
152	23	27.97	2.7511997383
153	23	27.94	2.61082362484
154	22	28.21	2.58184042884
155	23	28.63	2.68944232137
156	22	28.78	2.67798431661
157	23	28.33	2.49421330283
158	24	28.57	2.84343102607
159	23	28.62	2.79206017127
160	23	28.77	2.67527568673
161	23	28.85	2.58988416729
162	23	29.35	2.91676190321
163	23	28.93	2.84694573183
164	23	28.85	2.85087705803
165	23	28.99	2.91374329686
166	21	28.63	2.78084519526
167	21	28.52	3.01489634979
168	23	28.54	2.89627346775
169	23	28.63	2.84483742945
170	23	28.5	2.7946377225
171	23	28.44	2.95743131788
172	22	27.91	2.61952285732
173	23	27.74	2.74816302282
174	22	27.69	2.71917266829
175	22	27.26	2.65186726666
176	22	27.22	2.52816138725
177	23	28.06	2.76340369834
178	22	28.59	2.81103183902
179	22	28.64	2.56327914984
180	25	29.36	2.67402318614
181	23	29.69	2.51672406116
182	24	30.25	2.73267268439
183	24	29.57	2.75410602556
184	24	29.67	2.74610633443
185	24	29.58	2.84668227943
186	25	29.47	2.58632944537
187	25	29.56	2.38042013099
188	24	29.48	2.81595454509
189	25	29.54	2.52356890138
190	23	29.84	2.86607745883
191	24	29.58	3.00725788718
192	25	29.2	2.73495886624
193	24	29.37	2.77003610085
194	24	29.34	2.73576314764
195	24	29.0	2.61533936612
196	24	28.66	2.69525508997
197	23	28.57	2.81515541312
198	24	28.28	2.56546292119
199	23	28.01	2.5787400024
200	23	28.19	2.7629513206
201	24	28.74	2.39006276068
202	24	29.43	2.81160096742
203	25	29.78	2.82694181051
204	24	29.66	2.62
205	25	29.47	2.65877791476
206	23	29.6	2.41660919472
207	23	30.26	2.83414890223
208	23	29.81	2.80248104365
209	24	29.62	2.85580111352
210	24	29.35	2.4753787589
211	24	29.25	2.81558164506
212	22	28.98	2.66450745918
213	22	29.31	3.00231577287
214	22	29.06	3.14903159717
215	22	28.9	2.94108823397
216	23	28.67	2.64217713259
217	22	28.51	2.79819584733
218	22	28.69	3.25175337318
219	22	28.38	2.89060547291
220	21	27.84	2.90764509526
221	22	28.3	2.97489495613
222	21	28.01	2.99497913181
223	23	28.05	2.96774325035
224	23	27.87	2.65576730908
225	23	28.52	2.66638331828
226	23	28.41	2.91922935036
227	23	28.3	2.78747197295
228	22	28.3	2.81957443597
229	23	28.17	2.51417978673
230	23	28.23	2.65652028037
231	21	28.39	2.92880521715
232	21	28.34	3.14394656443
233	21	28.54	2.92034244567
234	21	28.5	2.94448637287
235	22	28.39	2.99297510848
236	22	28.28	3.11152695634
237	22	28.29	3.31449845376
238	21	27.72	2.80385448981
239	23	27.93	2.43004115191
240	22	28.45	2.7509089407
241	21	28.03	2.68124970862
242	23	28.36	2.75143598872
243	22	28.29	2.76512205879
244	21	28.16	2.82743700195
245	21	28.38	2.61067041198
246	21	28.38	3.11698572342
247	21	28.09	3.09869327298
248	21	27.6	2.97321374946
249	21	27.96	2.74925444439
250	21	28.14	3.07577632477
251	21	28.17	2.66103363376
252	21	28.11	3.11414514755
253	21	27.36	2.9241067012
254	21	27.24	2.69859222559
255	20	27.26	3.26992354651
256	20	27.37	2.82720710242
257	21	27.28	2.96
258	21	26.78	2.72976189438
259	21	26.98	2.82481857825
260	19	27.74	3.23301716667
261	21	27.65	2.96437177156
262	21	28.06	3.0093853193
263	21	28.12	3.08311530761
264	22	28.32	2.94577663783
265	21	28.23	3.23992283859
266	21	27.83	2.92593574776
267	21	27.51	3.14799936468
268	21	27.34	2.81858120337
269	20	27.05	2.85438259524
270	19	27.13	2.88324469999
271	19	27.02	3.24647501145
272	19	26.66	3.2379623222
273	19	26.68	3.13330496441
274	19	26.14	2.93264385836
275	20	25.9	2.8930952283
276	20	26.04	2.74925444439
277	21	26.53	2.80162452873
278	19	26.58	2.94339939526
279	19	26.88	2.99426117765
280	19	26.86	2.86712399453
281	19	27.02	2.90853915222
282	21	27.44	2.75070899951
283	22	27.76	2.89523746867
284	22	27.6	2.86356421266
285	22	28.13	2.61019156385
286	22	28.34	2.81147648043
287	21	27.88	2.7650678111
288	20	28.57	3.02739161656
289	21	28.74	2.97529830437
290	22	28.82	2.93046071463
291	22	28.6	3.20624390838
292	22	28.58	3.06978826631
293	23	28.82	3.07694653837
294	23	29.03	3.06089856088
295	23	29.19	2.75570317705
296	24	29.32	2.73452006758
297	22	29.54	2.76195582876
298	24	30.33	3.20641544407
299	23	29.94	2.99606408476
300	22	30.05	3.4507245616
1	66	72.94	2.68633579435
2	64	70.72	2.07402989371
3	63	69.96	2.3491274976
4	60	68.63	2.2210583063
5	62	68.43	2.66928829466
6	62	67.49	2.41451858556
7	63	66.98	2.48989959637
8	58	66.21	2.58957525475
9	57	65.34	2.94013605127
10	57	64.44	2.71411127259
11	57	63.5	3.05777697028
12	56	62.69	3.33674991571
13	55	61.01	3.10964628214
14	55	59.6	2.60384331326
15	53	58.52	2.39783235444
16	53	57.76	2.48644324287
17	51	56.51	1.86276675942
18	51	56.13	2.00825795156
19	48	55.55	2.13717102732
20	48	54.36	2.43113142384
21	48	53.5	2.26495033058
22	48	52.91	2.27637870312
23	45	52.11	2.39539140852
24	45	51.86	2.74597887829
25	45	50.93	2.44644640244
26	44	49.92	2.40283166285
27	44	49.31	2.07217277272
28	44	49.18	2.27763034753
29	44	48.88	2.14140141029
30	43	48.51	2.17023040251
31	38	47.93	2.81160096742
32	38	47.01	2.59420508056
33	39	46.46	2.60929109147
34	39	45.94	2.64884880656
35	39	45.71	2.790322562
36	40	44.87	2.64444701214
37	39	44.6	2.80713376952
38	39	44.43	2.69909244006
39	38	43.66	2.46260025177
40	38	43.47	2.547371194
41	37	43.07	2.47085005615
42	37	42.6	2.77128129211
43	37	42.13	2.60635761169
44	38	41.58	1.98080791598
45	37	41.45	2.19715725427
46	38	41.47	2.04183740783
47	36	41.65	2.17428149052
48	38	41.64	2.03233855447
49	35	41.43	2.35480360115
50	35	41.0	2.43310501212
51	34	40.39	2.49757882758
52	35	39.82	2.1089333797
53	35	39.8	2.30217288664
54	35	40.04	2.31913777081
55	35	39.78	2.25645740044
56	35	39.25	2.11364613878
57	36	39.43	2.37172932688
58	35	39.51	2.02728882994
59	34	39.45	2.42229230276
60	34	39.09	2.27637870312
61	35	39.21	2.4053897813
62	33	39.17	2.39605926471
63	34	39.06	2.5838730619
64	33	38.74	2.58696733648
65	33	38.36	2.45161171477
66	33	37.85	2.26881026091
67	33	37.62	2.01385203031
68	33	37.72	2.45796663932
69	34	37.96	2.53740024434
70	33	38.03	2.24256549514
71	33	37.8	2.26715680975
72	33	37.65	2.30813777752
73	32	37.11	2.61493785777
74	30	36.27	2.37846589212
75	31	36.29	2.23291289575
76	30	36.36	2.74415742989
77	30	36.34	2.90936419171
78	29	35.53	2.74392055279
79	29	35.46	2.75107251813
80	29	35.21	2.67318162496
81	29	35.15	2.7654113618
82	30	34.67	2.74246239719
83	29	34.38	2.91128837459
84	27	33.68	2.71248963132
85	28	33.7	2.46373699895
86	29	33.74	2.42330353031
87	29	33.92	2.62556660552
88	30	33.67	2.30675096185
89	27	33.78	2.50031997952
90	29	33.72	2.50631203165
91	29	33.55	2.45509673944
92	28	33.38	2.4198347051
93	29	33.08	2.42355111355
94	28	32.97	2.38937230251
95	27	33.19	2.69330651802
96	27	33.04	2.44098340838
97	27	33.07	2.96396693639
98	27	32.85	2.75454170417
99	26	32.83	2.74974544276
100	26	32.31	2.65591792042
101	25	32.07	2.51497514898
102	25	32.42	3.06326623068
103	25	32.38	3.15524959393
104	25	31.87	2.92456834422
105	26	31.39	2.79962497489
106	26	31.74	2.98536429938
107	25	30.93	2.67303198634
108	25	30.82	2.69213669787
109	25	30.59	2.85340147894
110	25	30.61	2.72358219997
111	25	30.51	2.86529230621
112	24	30.43	2.82932854225
113	24	30.44	2.75797026815
114	24	30.21	2.87504782569
115	24	29.81	2.66718953207
116	24	29.79	2.82239260203
117	24	29.37	2.52845802813
118	24	29.49	2.53572474847
119	24	29.75	2.66598949735
120	25	30.06	2.84541736833
121	24	29.89	2.72725136355
122	23	29.71	2.8889271365
123	24	29.36	2.6702808841
124	24	28.84	2.89730909639
125	24	28.74	2.52831960005
126	23	28.97	2.74392055279
127	24	28.94	2.38251967463
128	24	29.1	2.5670995306
129	24	29.23	2.61095767871
130	25	29.23	2.64898093613
131	25	29.51	2.38115518184
132	24	30.16	2.33974357569
133	23	30.31	2.93494463321
134	23	30.3	2.85131548588
135	24	30.11	2.98963208439
136	24	29.85	2.94406182
137	24	29.61	2.6301901072
138	24	29.42	2.66525796125
139	25	29.77	2.42427308693
140	25	29.65	2.80490641555
141	25	30.03	2.65877791476
142	24	29.8	2.69072480941
143	24	29.56	2.73612865195
144	25	29.69	2.63702483872
145	25	29.8	2.35372045919
146	25	30.25	2.67721870605
147	24	30.04	2.62648053486
148	24	30.19	2.51274750025
149	26	30.7	2.49198715888
150	23	30.62	2.80278432991
151	24	30.32	3.08181764548
152	24	30.36	2.91725898747
153	23	29.52	2.98489530805
154	24	28.93	2.62013358438
155	24	28.96	2.66052626373
156	24	29.31	2.69330651802
157	24	29.78	2.80563718253
158	24	29.21	2.86808298346
159	24	29.15	2.61677282163
160	24	29.73	2.55286113998
161	25	30.25	2.87184609615
162	24	30.26	2.49246865577
163	24	30.3	2.70739727414
164	23	30.07	2.81870537659
165	24	29.71	2.91648761355
166	22	29.57	3.10887439437
167	23	29.23	2.98949828567
168	22	28.48	2.70732340144
169	23	28.34	2.68037310836
170	22	28.47	2.83003533547
171	22	28.61	2.92196851455
172	23	28.57	2.76135836139
173	23	28.68	2.7563744303
174	23	28.59	3.00031664996
175	22	28.23	2.74173302858
176	22	28.22	2.88991349351
177	22	28.2	2.84956136976
178	23	28.54	2.92034244567
179	23	28.57	2.6542607257
180	23	28.68	2.73086067019
181	22	28.62	2.90441043931
182	23	28.77	2.82791442586
183	22	28.57	3.09920957665
184	22	28.23	3.10758748871
185	22	27.94	2.82425211339
186	23	28.02	2.89129728669
187	23	28.08	2.95526648545
188	22	27.9	2.52388589282
189	23	28.71	2.73603728045
190	23	28.97	2.71460862741
191	22	28.89	2.67916031622
192	24	29.24	2.86398324017
193	24	29.29	2.46290478907
194	22	29.03	2.66253638473
195	24	29.96	2.7236739893
196	24	29.78	2.83753414076
197	25	29.73	2.72343533061
198	24	29.57	2.96059115718
199	23	28.85	2.63201443765
200	24	29.47	2.7944766952
201	23	29.13	2.93480834127
202	23	28.94	2.93537050472
203	23	29.21	2.6392991494
204	23	29.33	2.98347113276
205	24	29.31	2.75207194673
206	24	29.42	2.8850649906
207	23	28.9	2.78028775489
208	24	29.18	2.94407880329
209	23	28.64	2.86537955601
210	24	28.52	2.46771149043
211	22	28.87	2.81302328465
212	21	29.46	2.95438656915
213	21	29.1	3.1448370387
214	22	28.96	2.83167794779
215	22	28.89	2.79605078638
216	22	28.52	2.67387359462
217	23	28.32	2.74910894655
218	23	28.37	2.55599295774
219	22	28.17	2.64595918336
220	23	28.09	2.90549479435
221	23	27.45	2.55098020376
222	22	27.51	2.67766689489
223	23	27.69	2.81316547682
224	22	27.49	2.54359981129
225	23	27.96	2.83167794779
226	23	28.35	3.00790624854
227	23	28.04	2.84928061096
228	22	27.36	2.80185652738
229	23	27.69	2.79891050232
230	23	27.74	2.76629716408
231	23	27.86	2.4249536078
232	21	28.28	3.0432876959
233	21	27.73	2.64142007261
234	21	27.85	2.56271340575
235	22	28.27	2.78156430808
236	22	28.07	2.81870537659
237	22	27.9	2.71108834235
238	23	28.06	2.7306409504
239	22	28.27	2.77796688245
240	23	28.25	2.39739441895
241	22	28.17	3.00351460792
242	21	27.84	2.88693609212
243	22	28.22	2.75891282936
244	22	28.2	2.92232783924
245	21	28.61	3.09481824991
246	21	28.38	3.34896999091
247	22	27.95	3.05081956202
248	22	27.83	2.88116295964
249	23	27.39	2.81742790502
250	22	27.83	2.39605926471
251	22	27.82	2.86489092288
252	22	27.45	2.89266313282
253	21	27.4	2.97321374946
254	22	27.48	2.80528073461
255	21	27.49	2.84778861575
256	22	27.12	2.87847181678
257	22	26.71	2.55458411488
258	22	27.57	2.63914758966
259	22	27.06	2.70488447073
260	20	27.39	3.16510663327
261	20	27.26	3.0020659553
262	21	27.23	2.7959077238
263	21	27.89	2.77811086892
264	20	28.02	3.2649042865
265	20	27.8	3.30454232837
266	21	27.65	3.12849804219
267	21	27.01	2.89998275857
268	21	26.97	2.73296542239
269	21	26.76	2.7353975945
270	21	27.44	2.95743131788
271	21	27.38	3.02912528628
272	22	27.34	2.95709316728
273	22	26.72	2.58874486962
274	22	27.1	2.76947648483
275	21	27.0	2.96647939484
276	21	26.69	2.8624989083
277	21	26.86	2.73868581623
278	21	26.74	2.9550634511
279	20	26.82	3.10927644316
280	20	26.61	2.81742790502
281	22	26.88	2.80813105107
282	22	27.21	2.73237991502
283	22	27.2	2.79642629082
284	21	27.34	2.79721289858
285	22	27.69	2.63702483872
286	23	28.78	2.78057548
287	22	28.7	2.68514431642
288	23	28.76	2.84295620789
289	24	28.84	2.70820974077
290	24	29.43	2.88185704017
291	23	29.28	2.87081869856
292	24	29.67	3.07263730369
293	24	29.44	2.71411127259
294	22	29.65	3.20741328799
295	23	29.12	2.66938195094
296	23	29.22	2.83400776287
297	24	29.63	3.13896479751
298	21	29.12	2.97751574303
299	24	28.9	2.65141471671
300	24	28.97	2.68497672243
