200 50 100 0.4 9
1	64	73.025	2.9923861716
2	59	69.86	2.68894031172
3	59	68.035	2.82024378379
4	59	66.345	2.7542648747
5	58	64.995	2.69721615745
6	59	63.19	2.49677792364
7	57	61.63	2.45623695925
8	56	59.565	1.48181476575
9	55	58.735	1.45078427066
10	55	57.95	1.40267601391
11	54	57.19	1.46420626962
12	52	56.015	1.67474624944
13	51	55.04	1.54220621189
14	51	54.395	1.63675746523
15	50	53.68	1.72557236881
16	49	52.755	1.73924552608
17	48	51.805	1.87269191273
18	48	50.52	1.56511980372
19	46	49.71	1.59558766603
20	46	49.21	1.63275840221
21	45	48.46	1.82439030912
22	45	47.63	1.78412443512
23	44	46.795	1.56938682293
24	44	46.595	1.79749130735
25	44	46.185	1.70609935232
26	43	45.81	1.85037833969
27	43	45.005	1.55401898315
28	42	44.755	1.62633791077
29	40	44.13	1.72426796061
30	40	43.57	1.65381377428
31	39	43.28	1.97271386673
32	39	42.535	1.9101766934
33	39	41.46	1.76872835676
34	39	40.73	1.65743778164
35	38	40.38	1.8043281298
36	38	40.275	1.77464785239
37	37	39.965	1.86916425174
38	37	39.365	1.78655394545
39	37	38.94	1.87520665528
40	37	38.6	1.93132079158
41	36	38.36	1.95458435479
42	36	37.965	1.71865499737
43	36	37.835	1.59303954753
44	35	38.05	2.00187412192
45	35	37.395	1.87322582728
46	35	36.88	1.79320941331
47	34	36.91	1.81986263218
48	34	36.7	1.94935886896
49	34	36.29	2.02630205053
50	33	36.115	2.12173867382
51	33	35.72	1.90567573317
52	33	35.095	1.96111575385
53	33	34.79	1.8750733319
54	33	34.315	1.84004755373
55	33	34.1	1.90787840283
56	33	34.245	2.0579054886
57	32	34.14	1.93401137535
58	32	34.325	1.93115897844
59	32	34.2	2.05426385842
60	32	34.1	2.06397674406
61	32	33.98	2.01484490718
62	32	33.775	2.0674561664
63	32	32.97	1.73467576221
64	32	33.405	2.054501156
65	32	33.0	1.81107702763
66	31	33.265	1.99869332315
67	31	33.18	1.90724932822
68	31	33.085	1.81322226988
69	30	33.28	2.20943431674
70	29	32.64	1.90536085821
71	29	31.985	2.06271059531
72	28	31.57	2.19205383146
73	28	30.81	2.10568278713
74	27	30.235	2.2360176654
75	27	29.88	2.38863978029
76	27	29.285	2.18260738567
77	27	28.55	1.87283208003
78	24	28.495	2.32378462857
79	24	28.43	2.25723281918
80	24	28.19	2.37358378828
81	24	27.28	2.24757647256
82	23	26.88	2.37183473286
83	23	25.81	2.26581111305
84	23	25.31	2.22123839333
85	23	25.325	2.35783269127
86	22	24.685	2.24628025856
87	22	24.6	2.44335834457
88	22	24.15	2.08266655997
89	22	24.035	2.26136573778
90	22	23.705	2.4120478851
91	22	23.385	2.25760381821
92	22	23.655	2.33794247149
93	21	23.525	2.33653054763
94	21	23.57	2.34416296362
95	21	23.48	2.31075745157
96	21	23.53	2.39981249268
97	21	23.205	2.39018304738
98	21	23.025	2.44015880631
99	21	22.505	2.39373661876
100	21	22.575	2.29224235193
101	21	22.61	2.35327431465
102	21	22.55	2.31678656764
103	21	22.665	2.3222349149
104	21	22.485	2.43305877446
105	21	22.96	2.50766823962
106	21	22.185	2.17733208308
107	21	22.625	2.40715080541
108	21	22.315	2.13910612172
109	21	22.66	2.36313351294
110	21	22.455	2.26008296308
111	21	22.56	2.4158642346
112	21	22.5	2.32379000772
113	20	22.54	2.40798671093
114	20	22.59	2.44783577881
115	20	22.71	2.45884119048
116	20	22.365	2.45800223759
117	20	21.86	2.42082630521
118	20	21.565	2.444539834
119	20	21.525	2.35995233003
120	20	21.625	2.33973823322
121	20	21.45	2.27760839479
122	20	21.605	2.27353799177
123	19	21.915	2.57638797544
124	19	21.41	2.30909073014
125	19	21.66	2.4113066997
126	19	21.855	2.5444007153
127	19	21.42	2.39658089786
128	19	21.405	2.50618734336
129	19	20.7	2.39582971014
130	19	20.525	2.38104493868
131	19	20.9	2.39374184072
132	18	20.375	2.25041662809
133	18	20.41	2.27857411554
134	18	20.795	2.44601206048
135	18	20.485	2.31943419825
136	18	20.37	2.49461419863
137	18	20.175	2.49887474676
138	18	19.5	2.45967477525
139	18	19.62	2.38444962203
140	18	19.75	2.45102019576
141	18	19.46	2.26680391741
142	18	19.68	2.46527888889
143	18	19.75	2.46322958735
144	18	19.525	2.46361015585
145	17	19.66	2.46056903988
146	17	19.725	2.52772130584
147	17	19.28	2.16138844265
148	17	19.48	2.39991666522
149	17	19.39	2.40164526939
150	17	19.21	2.52703383436
151	17	18.925	2.53364855495
152	17	18.735	2.50694535242
153	17	19.07	2.60290222636
154	17	18.315	2.22615700255
155	17	18.625	2.47676704597
156	17	18.645	2.48575441265
157	17	18.69	2.44620113646
158	17	18.895	2.60652546506
159	17	18.645	2.45539711656
160	17	18.775	2.52673207919
161	17	18.71	2.47101193846
162	17	18.77	2.52529206232
163	17	18.67	2.46801539703
164	17	18.625	2.41544509356
165	17	18.61	2.42237486777
166	17	18.985	2.71933355806
167	17	18.835	2.60341602515
168	17	18.725	2.61521987603
169	17	18.545	2.45926310101
170	17	18.19	2.24363544276
171	17	18.6	2.37486841741
172	17	18.67	2.51815408583
173	17	18.8	2.59422435421
174	17	18.425	2.27692226481
175	17	18.455	2.4306326337
176	17	18.73	2.49741866734
177	17	18.875	2.5395619701
178	17	18.735	2.56802940014
179	17	18.67	2.48618181153
180	17	19.035	2.56783469094
181	17	18.55	2.42847688892
182	17	18.77	2.50141959695
183	17	18.52	2.44736593096
184	17	18.675	2.39152148224
185	17	18.405	2.38347959924
186	17	18.55	2.35318932515
187	17	18.48	2.35575890108
188	17	18.64	2.50806698475
189	17	18.65	2.43874967965
190	17	18.525	2.35783269127
191	17	18.565	2.40536379785
192	17	18.655	2.40540537124
193	17	18.965	2.59687793321
194	17	18.75	2.52339057619
195	17	18.675	2.56112768132
196	17	18.585	2.51451287529
197	17	18.48	2.44327648865
198	17	18.595	2.42919225258
199	17	18.62	2.47701433181
200	17	18.615	2.4610516045
201	17	18.755	2.59132688019
202	17	18.75	2.54116115191
203	17	18.585	2.35430987765
204	17	18.625	2.46867879644
205	17	18.73	2.48939751747
206	17	18.165	2.19494305165
207	17	18.855	2.51276242411
208	17	18.51	2.36852274635
209	17	18.7	2.38117617996
210	17	18.825	2.56015136271
211	17	18.54	2.32989270139
212	17	19.06	2.78143847676
213	17	18.825	2.5207885671
214	17	18.545	2.40166088364
215	17	18.74	2.49447389243
216	17	18.755	2.5990334742
217	17	18.855	2.56007324114
218	17	18.425	2.3096265932
219	17	18.665	2.41925091712
220	17	18.605	2.37675724465
221	17	18.725	2.49987499687
222	17	18.63	2.5145774993
223	17	18.63	2.40896243225
224	17	18.94	2.72880926413
225	17	18.395	2.27133771157
226	17	18.56	2.50527443606
227	17	18.535	2.32782623922
228	17	18.47	2.34501599142
229	17	18.65	2.42022726206
230	17	18.625	2.47676704597
231	17	18.455	2.38494758852
232	17	18.57	2.46679954597
233	17	18.765	2.53372749127
234	17	18.575	2.33760026523
235	17	18.285	2.18946911374
236	17	18.445	2.41805190184
237	17	18.815	2.62502857127
238	17	18.7	2.41246761636
239	17	19.005	2.61246531077
240	17	18.64	2.44344019775
241	17	18.7	2.5632011236
242	17	18.675	2.45344146048
243	17	18.625	2.51483100824
244	17	18.66	2.42783854488
245	17	18.65	2.48746859277
246	17	18.23	2.19706622567
247	17	18.74	2.49647751842
248	17	18.635	2.43552355768
249	17	18.67	2.51019919528
250	17	18.59	2.48835286887
251	17	18.515	2.34302688845
252	17	18.95	2.69768419204
253	17	18.6	2.51197133742
254	17	18.95	2.68281568506
255	17	19.0	2.55929677841
256	17	18.825	2.56015136271
257	17	19.015	2.65419950267
258	17	18.735	2.51491053519
259	17	18.6	2.55147016443
260	17	18.975	2.58154507999
261	17	18.71	2.29910852288
262	17	18.57	2.43209785987
263	17	18.635	2.45393052061
264	17	18.625	2.4029929255
265	17	18.44	2.32731605073
266	17	18.69	2.51274750025
267	17	18.61	2.48754899449
268	17	18.63	2.49861961891
269	17	18.69	2.47263017858
270	17	18.725	2.5786382065
271	17	18.52	2.42272573768
272	17	18.545	2.41825867103
273	17	18.6	2.46576560119
274	17	18.885	2.54003444859
275	17	18.675	2.48583486982
276	17	18.58	2.47459087528
277	17	18.75	2.54705712539
278	17	18.72	2.52023808399
279	17	18.9	2.59807621135
280	17	18.675	2.46361015585
281	17	18.615	2.48732285801
282	17	18.625	2.41130151578
283	17	18.635	2.31122802856
284	17	18.84	2.56990272189
285	17	18.77	2.48738818844
286	17	18.755	2.41763831042
287	17	18.84	2.442212112
288	17	18.41	2.39622619967
289	17	18.55	2.41609188567
290	17	18.54	2.45731560855
291	17	18.525	2.36841191519
292	17	18.635	2.44985203635
293	17	18.99	2.65516477831
294	17	18.575	2.36524311647
295	17	18.27	2.18794424061
296	17	18.815	2.54966174227
297	17	18.94	2.67327514484
298	17	18.51	2.36429693567
299	17	18.685	2.50714479039
300	17	19.03	2.69612685162
301	17	18.64	2.39382539046
302	17	18.665	2.53234575049
303	17	18.355	2.33644494906
304	17	18.225	2.18960612896
305	17	18.76	2.45405786403
306	17	18.655	2.52902649255
307	17	18.83	2.55951167217
308	17	18.86	2.50407667614
309	17	18.75	2.58795285892
310	17	18.855	2.58920354549
311	17	18.94	2.60123047806
312	17	18.82	2.5015195382
313	17	18.89	2.51155330423
314	17	18.9	2.63058928759
315	17	18.78	2.59067558756
316	17	18.465	2.3256773207
317	17	18.98	2.67947756102
318	17	19.005	2.64291032765
319	17	18.645	2.50379212396
320	17	18.91	2.62143090697
321	17	18.89	2.61684925053
322	17	19.005	2.62392358883
323	17	18.6	2.38327505756
324	17	18.755	2.48897067078
325	17	18.705	2.5294218707
326	17	18.655	2.45070908106
327	17	18.8	2.46576560119
328	17	18.91	2.61761341684
329	17	18.5	2.31084400166
330	17	18.985	2.68044306039
331	17	18.29	2.26625241313
332	17	18.595	2.48615667246
333	17	18.52	2.46568448914
334	17	18.58	2.41114080883
335	17	18.755	2.52685080683
336	17	18.705	2.45926310101
337	17	18.7	2.49799919936
338	17	18.84	2.57961237398
339	17	18.845	2.57312553133
340	17	18.59	2.46209260589
341	17	19.14	2.61923652998
342	17	18.535	2.35558379176
343	17	18.69	2.39037653938
344	17	18.46	2.37242491978
345	17	18.63	2.40688595492
346	17	18.63	2.49661771203
347	17	18.585	2.4047401107
348	17	18.645	2.40186906388
349	17	18.67	2.53201500785
350	17	18.72	2.62137368568
351	17	18.76	2.46827875249
352	17	18.83	2.62318508687
353	17	18.515	2.46166102459
354	17	18.715	2.4173901216
355	17	19.105	2.72836489495
356	17	18.845	2.59055495985
357	17	19.0	2.61533936612
358	17	18.41	2.29388317052
359	17	18.495	2.29346353797
360	17	18.51	2.37063282691
361	17	18.65	2.4672859583
362	17	18.755	2.61055070818
363	17	18.955	2.58514506363
364	17	18.735	2.46673367026
365	17	18.965	2.64268329544
366	17	18.79	2.48110862318
367	17	18.665	2.5382622008
368	17	18.925	2.58831508901
369	17	18.795	2.53238523926
370	17	18.54	2.34059821413
371	17	18.7	2.46373699895
372	17	18.665	2.42544325846
373	17	18.95	2.55098020376
374	17	18.94	2.67888036314
375	17	18.62	2.41362797465
376	17	18.505	2.46373192535
377	17	19.505	2.79820924879
378	17	18.62	2.54078727957
379	17	18.545	2.41825867103
380	17	18.935	2.55553810381
381	17	18.775	2.57572805242
382	17	18.57	2.43004115191
383	17	18.65	2.48143103874
384	17	18.9	2.52982212813
385	17	18.91	2.63095039862
386	17	18.925	2.58831508901
387	17	18.74	2.53818833029
388	17	19.01	2.64950938855
389	17	18.41	2.19588251052
390	17	18.77	2.44481083113
391	17	18.64	2.4249536078
392	17	18.635	2.44985203635
393	17	18.705	2.53534514416
394	17	18.645	2.46961029314
395	17	18.51	2.41865665195
396	17	18.68	2.48346532088
397	17	18.62	2.48909622152
398	17	18.92	2.59491811046
399	17	18.785	2.63794901391
400	17	18.81	2.48272028227
