200 50 100 0.8 33
1	59	68.44	3.152205577052359
2	58	64.885	2.508341085259338
3	57	62.735	2.303209716895099
4	55	60.745	2.366426631019859
5	53	59.31	2.4441562961480177
6	51	57.82	2.5549168283918764
7	48	56.08	2.4256133245016605
8	48	54.695	2.439666985471584
9	48	53.79	2.5799030989554623
10	48	52.795	2.610167619138666
11	47	52.015	2.652315026538137
12	44	51.46	2.9220540720527404
13	44	50.29	2.815297497601275
14	42	48.98	3.0886242892265154
15	41	48.32	2.9744915531902243
16	41	47.395	2.792664498288328
17	41	46.655	2.3991613117921027
18	39	46.175	2.6371149007959436
19	40	45.165	2.5095368098515696
20	39	44.39	2.5155317529301837
21	38	43.885	2.5143140217562316
22	38	43.205	2.339439035324496
23	38	42.405	2.0858990867249543
24	37	42.085	2.2666660539214853
25	38	41.97	2.2020672106000734
26	37	41.745	2.3853668480969548
27	37	41.175	2.2747252581355846
28	36	40.6	2.3874672772626653
29	35	40.295	2.321201197656075
30	35	39.97	2.3149730020023966
31	33	39.27	2.5975180461355794
32	32	38.825	2.669152487213872
33	32	38.085	2.537277083804604
34	30	37.24	2.496477518424711
35	30	36.355	2.531595346811965
36	30	35.635	2.526217528242572
37	29	34.84	2.4133793734098274
38	30	34.515	2.4103474853223967
39	28	33.895	2.352440222407362
40	28	33.755	2.2682537336021302
41	28	33.87	2.6614094010505043
42	28	32.97	2.5237075900349444
43	27	32.51	2.441290642262817
44	27	31.84	2.55429050814507
45	26	31.185	2.679696811208313
46	24	30.715	2.638896549696483
47	24	29.925	2.6113933062639183
48	22	29.77	2.8543125266865927
49	23	28.96	2.49367199126108
50	22	28.775	2.741236035076147
51	22	28.305	2.6214452120919867
52	22	27.655	2.675065419760796
53	21	27.435	2.784919208882009
54	21	26.67	2.5300395253829526
55	20	26.455	2.725431158550881
56	20	25.745	2.4979941953495413
57	19	25.385	2.6602208554930162
58	19	25.03	2.6017494114537603
59	19	24.925	2.7711685260914765
60	19	24.855	2.6160991953670245
61	19	24.37	2.5657552494343614
62	18	24.58	2.5891311283903717
63	18	23.975	2.825663638864328
64	18	23.27	2.6243284855368243
65	18	23.095	2.5211059081284137
66	18	23.255	2.5651461946641567
67	18	23.21	2.6049760075670556
68	18	22.89	2.6660645153484173
69	18	22.255	2.521899086006418
70	18	22.315	2.4198708643231357
71	18	22.355	2.5017943560572675
72	18	21.835	2.5510341040448674
73	17	21.415	2.5382622007980213
74	17	21.865	2.4426983031066283
75	18	21.87	2.5125883069058506
76	18	21.775	2.466652590049924
77	18	22.23	2.3058837785109643
78	18	22.17	2.360317775215872
79	18	22.34	2.5679563859224706
80	18	22.035	2.561986533922457
81	18	21.97	2.5824600674550586
82	17	21.515	2.5455402177141098
83	17	21.305	2.406652239107264
84	17	21.495	2.5079822567155428
85	17	21.53	2.4349743325135886
86	17	21.3	2.59422435421457
87	17	21.495	2.323784628574689
88	17	21.47	2.537538177052711
89	16	21.3	2.5475478405714003
90	16	21.47	2.4452198265186693
91	16	21.445	2.52724652537104
92	16	21.125	2.5018742974018497
93	16	20.91	2.689219217542521
94	17	20.915	2.5976479746108776
95	17	21.25	2.5273503912200224
96	16	20.76	2.488453334905037
97	16	21.06	2.4650354967018235
98	17	21.14	2.4719223288768615
99	17	21.02	2.5118917174114013
100	17	20.915	2.4774533295301433
101	17	21.075	2.48382265872586
102	17	20.555	2.7471758225494036
103	16	20.735	2.6124270324738283
104	16	20.815	2.5319508289064374
105	16	20.44	2.595457570448802
106	16	20.345	2.4095590882981064
107	16	20.865	2.4324421884188743
108	16	20.585	2.7079097104593437
109	15	19.965	2.659656932764074
110	15	19.89	2.601518787170293
111	15	19.795	2.559877926776979
112	15	19.27	2.495415797016602
113	15	19.55	2.48143103873551
114	14	19.35	2.543127995205904
115	14	19.235	2.5337274912665717
116	14	19.01	2.7257842908051235
117	14	18.72	2.5242028444639724
118	14	18.795	2.6063336317517
119	14	18.915	2.5822035163789856
120	14	18.785	2.493747180449535
121	14	18.78	2.7205881717011104
122	14	18.505	2.6514100022440856
123	14	18.325	2.6113933062639187
124	14	18.56	2.5231726060656268
125	13	18.115	2.5945664377695175
126	14	18.245	2.627731911744422
127	14	18.535	2.662475351998588
128	14	18.255	2.521899086006417
129	12	18.33	2.565365471039164
130	14	18.075	2.495871591248236
131	14	17.855	2.571764958156168
132	14	18.07	2.674901867358876
133	14	17.84	2.438114025225236
134	14	18.235	2.5864599358969382
135	13	18.18	2.5918333279746215
136	13	17.92	2.625566605515845
137	13	17.51	2.7946198310324775
138	13	17.645	2.7566238408604113
139	9	17.34	2.878263365295122
140	11	17.35	2.671610001478509
141	9	16.97	2.9255939567889424
142	9	16.665	2.9551269008284575
143	9	16.52	2.727563014854102
144	9	16.48	2.8774294083434975
145	9	16.005	3.245762622250743
146	9	15.3	2.998332870112991
147	9	15.25	2.801338965566288
148	9	14.825	3.092632373884747
149	9	14.06	2.811832142927453
150	9	14.235	2.863524925681632
151	9	13.75	3.004579837514723
152	9	13.43	2.7631684711577043
153	9	13.12	2.9640512816076594
154	9	12.93	2.7973380203329024
155	9	13.11	2.6377831601555117
156	9	12.95	2.7852288954410906
157	9	12.93	2.8363885488416414
158	9	12.745	2.7459014913139193
159	9	13.075	2.718340486399745
160	9	13.065	2.7786282586916857
161	9	13.085	2.8156304800168632
162	9	12.825	2.830967149226569
163	9	13.41	2.6118767199085022
164	9	13.345	2.952283014888646
165	9	13.005	2.779383924541556
166	9	13.35	2.7235087662792643
167	9	13.39	2.597672034726479
168	9	13.46	2.84401125173583
169	9	13.175	3.076422435232195
170	9	12.95	2.71062723368596
171	9	12.96	2.7474351675699293
172	9	12.82	2.944078803293147
173	9	13.09	2.748072051457169
174	9	13.06	2.745250443948603
175	9	13.015	2.799066808777526
176	9	12.73	2.712397463499775
177	9	13.32	2.632033434438096
178	9	13.37	2.753742907389865
179	9	12.97	2.754832118296865
180	9	12.98	2.7874002224294987
181	9	13.195	2.7325766228964183
182	9	12.64	2.910395162173003
183	9	13.17	2.676023168808521
184	9	12.575	2.8132499000266598
185	9	12.84	2.7684652788142396
186	9	12.59	2.944808992107974
187	9	12.865	2.660220855493019
188	9	12.95	2.7906092524751656
189	9	12.59	2.6686888166288685
190	9	13.08	2.816664694279389
191	9	12.73	2.8155106108839316
192	9	13.09	2.740784559209281
193	9	13.02	2.8212763069220976
194	9	12.96	2.7961401967712587
195	9	12.71	2.8135209258151974
196	9	13.045	2.742804221959708
197	9	13.03	2.7164498891015842
198	9	13.135	2.699402711712353
199	9	13.275	2.6588296297431313
200	9	13.06	2.736128651946031
201	9	12.975	2.697104929364078
202	9	13.365	2.6404118996853523
203	9	13.495	2.7495408707636964
204	9	12.82	2.828002828852899
205	9	13.01	2.7404196758890773
206	9	12.73	2.8332137229654974
207	9	12.955	2.6613859171491843
208	9	12.965	2.6464646228506434
209	9	13.16	2.735763147642718
210	9	12.96	2.7401459815126654
211	9	12.505	2.9257434952503907
212	9	12.95	2.688401011754013
213	9	13.215	2.6624753519985878
214	9	13.16	2.7412405950591046
215	9	12.715	2.7062474018463276
216	9	12.905	2.7011062548518883
217	9	12.825	2.98736924400048
218	9	12.82	2.8244645510255575
219	9	12.855	2.7356854716871224
220	9	12.805	2.717899004746127
221	9	12.595	2.8073074288363955
222	9	12.895	2.713664496580227
223	9	13.21	2.558495651745377
224	9	13.64	2.727709661969177
225	9	13.64	2.816096589252578
226	9	13.12	3.104126286090823
227	9	13.11	2.734574921262901
228	9	13.18	2.7418242102658605
229	9	13.09	2.7426082476358182
230	9	12.795	2.919413468489862
231	9	12.925	2.7603215392413984
232	9	12.995	2.8133565362392337
233	9	13.11	2.6977583286869855
234	9	12.97	2.8123122159532694
235	9	12.9	2.837252191822223
236	9	13.4	2.6229754097207976
237	9	13.285	2.814920069913178
238	9	13.1	2.734958866235466
239	9	13.15	2.693974758604839
240	9	13.07	2.7559208987196997
241	9	13.19	2.82911646985415
242	9	12.895	2.7520855727974762
243	9	12.945	2.8199246443832493
244	9	13.23	2.730769122426869
245	9	13.195	2.708685105360162
246	9	13.225	2.7666541164373983
247	9	13.365	2.7021796757432717
248	9	13.04	2.7817979797246233
249	9	13.435	2.511130223624413
250	9	13.28	2.9345527768298854
251	9	13.125	2.7657503502666323
252	9	13.07	2.741368271502391
253	9	12.78	2.835771499962574
254	9	12.995	2.7449908925167708
255	9	13.16	2.855591007129696
256	9	12.93	2.790179205714212
257	9	12.85	2.7198345537918276
258	9	12.86	2.655258932759668
259	9	12.99	2.7531618187095352
260	9	13.06	2.7543420266916754
261	9	13.09	2.751708560149496
262	9	13.175	2.6896793489187494
263	9	12.98	2.807062521569482
264	9	13.005	2.892226650869536
265	9	12.66	2.850333313842438
266	9	12.96	2.6904274753280397
267	9	13.16	2.5989228537992437
268	9	12.935	2.8619530045058363
269	9	13.135	2.654576237368219
270	9	12.92	2.6596240335806853
271	9	13.23	2.675275686728381
272	9	13.315	2.7047689365267424
273	9	12.945	2.7535386323783437
274	9	13.01	2.7730668942526426
275	9	13.12	2.7956394617332196
276	9	13.255	2.694434077872382
277	9	13.405	2.5731255313334422
278	9	12.77	2.7851570871317097
279	9	13.12	2.530928683309745
280	9	13.03	2.780125896429875
281	9	12.845	2.812645551789277
282	9	12.99	2.670187259350924
283	9	13.075	2.7275217689323763
284	9	13.19	2.5483131675679136
285	9	13.48	2.5979992301769466
286	9	12.875	3.049487661886829
287	9	13.22	2.6365887051263797
288	9	13.115	2.8216617444335883
289	9	13.305	2.7535386323783424
290	9	13.205	2.6595065331749055
291	9	13.16	2.807917377701842
292	9	12.92	2.742918154083347
293	9	13.22	2.5596093451931283
294	9	13.51	2.791039232973982
295	9	13.675	2.5257424650981357
296	9	13.94	3.0391446164998466
297	9	13.445	2.890843302567608
298	9	13.265	2.853905219168991
299	9	12.95	2.6678643143908203
300	9	13.385	2.6261711673080237
301	9	13.395	2.8405941279950593
302	9	13.035	2.68584716616564
303	9	12.73	2.7031648118455545
304	9	12.915	2.770879824171377
305	9	12.975	2.7137381966578875
306	9	12.775	2.8678171141130973
307	9	13.03	2.785516110167021
308	9	13.045	2.7555353381874816
309	9	12.765	2.701809578782336
310	9	12.95	2.624404694402142
311	9	13.005	2.746811788237412
312	9	13.12	2.788476286433149
313	9	13.05	2.6659894973536566
314	9	12.98	2.756737201838437
315	9	13.025	2.7394114331366857
316	9	12.95	2.7870235018743568
317	9	13.175	2.7936311495972395
318	9	13.16	2.598922853799242
319	9	13.255	2.7982092487875136
320	9	13.29	2.6088119901595053
321	9	13.04	2.892818694629859
322	9	12.93	2.7577345775110413
323	9	12.935	2.8409109454539387
324	9	12.86	2.778560778532657
325	9	12.975	2.8590863925387096
326	9	12.87	2.7537429073898676
327	9	13.435	2.661911906881969
328	9	12.93	2.9300341294940573
329	9	13.075	2.677568859992213
330	9	13.17	2.7804855691047923
331	9	13.215	2.6112784225355985
332	9	13.195	2.8296598735537097
333	9	13.13	2.6005960855157824
334	9	12.675	2.8088031258883213
335	9	13.06	2.759782600133569
336	9	12.945	2.661198038478159
337	9	12.91	2.778830689336792
338	9	13.3	2.727636339397172
339	9	12.97	2.7530165273750153
340	9	13.1	2.7073972741361745
341	9	13.04	2.81396517391385
342	9	12.97	2.7127661159782988
343	9	13.095	2.8224058885993
344	9	13.13	2.6197518966497593
345	9	12.845	2.718634767672921
346	9	12.855	2.79713692907587
347	9	13.04	2.6773867856549978
348	9	12.705	2.8927452359307404
349	9	12.805	2.7234123815537
350	9	13.1	2.753179979587237
351	9	13.105	2.7917691523476624
352	9	12.975	2.768460763673562
353	9	12.75	2.71062723368596
354	9	12.69	2.7210108415807523
355	9	12.76	2.8709580282546816
356	9	13.225	2.625714188558992
357	9	13.28	2.7589128293586938
358	9	12.97	2.74574215832441
359	9	12.86	2.830265005260109
360	9	13.065	2.8671893903263492
361	9	12.74	2.7753198013922664
362	9	13.43	2.612489234427581
363	9	13.35	2.7253440149823276
364	9	13.365	2.6460867332723637
365	9	13.175	2.791840790589605
366	9	12.755	2.8644327536180696
367	9	12.755	2.8044562752876
368	9	13.47	2.4877901840790355
369	9	13.105	2.9856280746268427
370	9	13.105	2.8291297248447256
371	9	13.275	2.772972232100423
372	9	12.825	2.732100840013049
373	9	13.14	2.6702808841018957
374	9	12.815	2.747867354877235
375	9	13.14	2.64393645914572
376	9	13.35	2.6921181251943596
377	9	13.03	2.8370935832291497
378	9	13.04	2.747435167569928
379	9	13.03	2.798052894424981
380	9	12.82	2.850894596438108
381	9	12.83	2.8846316922615944
382	9	12.88	2.766875494126906
383	9	12.45	2.7924004010886394
384	9	12.97	2.5532528272773902
385	9	13.005	2.7431687880989046
386	9	12.965	2.8006740260158804
387	9	12.855	2.784596020969647
388	9	12.785	2.819357196241727
389	9	13.175	2.7192600096349726
390	9	12.92	2.8606992152269326
391	9	13.0	2.7331300737432898
392	9	13.11	2.7527985759949827
393	9	12.94	2.8064924728208327
394	9	12.825	2.873042812072246
395	9	13.11	2.7272513635526887
396	9	12.81	2.8677342973155673
397	9	13.03	2.6455812215844006
398	9	12.63	2.755558019712158
399	9	13.085	2.7798875876552964
400	9	13.32	2.6320334344380956
