200 50 100 0.7 33
1	59	68.125	3.2014645086272626
2	57	64.84	2.8061361335473394
3	55	62.215	2.4287393849484973
4	55	60.6	2.7838821814150116
5	53	58.635	2.3815488657594255
6	53	57.49	2.1377324435017586
7	52	56.515	2.455560017592729
8	49	55.245	2.270457002455674
9	48	53.84	2.3204309944490933
10	47	53.03	2.275763608110471
11	43	52.01	2.9017063945202985
12	43	50.995	2.6953617567962955
13	43	49.73	2.730769122426865
14	43	48.45	2.3994791101403656
15	42	47.49	2.6076617878858435
16	41	46.235	2.5099352581291816
17	41	44.825	2.1105390306743916
18	39	44.07	2.217002480828563
19	38	42.975	2.168957122674399
20	37	42.065	1.9392717705365623
21	36	41.255	2.174850569579436
22	35	40.36	2.319568925468696
23	34	39.295	2.3147300058538143
24	33	38.115	2.2297477435799773
25	33	37.095	2.178525877743937
26	31	36.325	2.334389641855017
27	30	35.55	2.5372228912730557
28	29	34.435	2.5545596489414746
29	29	33.43	2.409377512968858
30	28	32.855	2.5187248758052165
31	28	31.985	2.4072338897581167
32	27	31.43	2.375941918482016
33	27	31.255	2.4310440144102707
34	26	30.29	2.2903929793814846
35	26	30.045	2.496592678031398
36	25	29.565	2.3314748551078113
37	25	28.895	2.2680332889973194
38	25	28.96	2.3682060721145035
39	25	28.755	2.298907349155245
40	25	28.1	2.2360679774997885
41	25	27.865	2.1901541041671
42	23	27.94	2.290502128355266
43	23	27.685	2.4178037554772716
44	23	27.65	2.4202272620561893
45	23	27.18	2.3425626992676207
46	23	27.04	2.3126608052198243
47	23	27.055	2.3583839806104523
48	23	26.975	2.476767045969403
49	23	26.635	2.4722004368578205
50	22	26.36	2.4880514464134387
51	22	26.255	2.5495048538882994
52	21	25.615	2.318787398620234
53	21	25.645	2.3257203185249944
54	20	25.385	2.4953506767586795
55	20	24.89	2.5095617147223126
56	20	24.845	2.6345730204342446
57	20	24.33	2.427158832874354
58	20	24.17	2.3835058212641327
59	20	23.795	2.3754946853234613
60	20	23.635	2.5281959971489543
61	20	23.82	2.485477821264957
62	20	23.825	2.423710997623273
63	20	23.97	2.6493584128992405
64	20	23.315	2.5506420760271324
65	20	23.575	2.5405462011150286
66	20	23.35	2.738156314018613
67	19	22.955	2.42342216710172
68	18	22.54	2.4079867109267856
69	19	22.475	2.4777762207269634
70	19	22.565	2.552601614040074
71	19	22.795	2.6519756786215085
72	19	22.81	2.52465839273356
73	18	22.14	2.545662978479282
74	18	21.865	2.626171167308027
75	18	21.14	2.5377943179067937
76	17	21.675	2.58831508901061
77	18	21.22	2.594532713226024
78	17	21.2	2.688865931949751
79	18	20.82	2.4854778212649573
80	18	20.36	2.4331872102244834
81	17	20.83	2.676023168808523
82	17	20.7	2.628687885618983
83	17	20.56	2.6260997696203385
84	17	20.115	2.5202728026941843
85	17	20.975	2.770266232693169
86	17	20.415	2.6688527497784547
87	17	20.175	2.6635267973121652
88	17	19.94	2.7085789632203836
89	16	19.89	2.586097445959837
90	16	19.92	2.7209557144503456
91	16	19.77	2.635735191554722
92	16	19.585	2.6782036890423417
93	16	19.37	2.657649337290378
94	16	18.87	2.5481561961543893
95	16	19.045	2.6159080641337513
96	16	18.565	2.612618418368818
97	16	19.02	2.7838103383671826
98	16	18.725	2.404033069656072
99	16	18.565	2.6221699029620456
100	16	18.875	2.6285690023280726
101	16	18.96	2.6548822949426603
102	16	18.86	2.7695486996982024
103	16	18.92	2.6783577057592565
104	16	18.875	2.683165108598425
105	16	19.135	2.754410100184794
106	16	18.75	2.7290108097990378
107	16	18.995	2.6296340049520226
108	16	18.82	2.6697565432076384
109	16	18.88	2.602998271224937
110	16	19.2	2.7331300737432906
111	16	18.49	2.6608081479129613
112	16	18.82	2.692136697866583
113	16	18.695	2.64234271055062
114	16	18.905	2.8383049519035093
115	16	18.845	2.683463247372696
116	16	18.745	2.638176453537558
117	16	18.93	2.6277556964071067
118	16	18.81	2.695162332773297
119	16	18.71	2.682517474314009
120	16	18.695	2.5361338687064596
121	16	18.78	2.630893384384853
122	16	18.69	2.766568271342677
123	14	18.795	2.659506533174904
124	14	18.75	2.695830113341714
125	15	18.67	2.7479264910109937
126	15	18.785	2.7638333886108284
127	15	18.515	2.5825907534876693
128	15	18.84	2.7810789273229894
129	15	18.625	2.550367620559828
130	15	18.915	2.5725036443122877
131	15	18.665	2.6837986139052994
132	15	19.155	2.645935562329515
133	15	18.855	2.7118213436729173
134	15	18.51	2.6513958587883466
135	15	19.08	2.56390327430658
136	15	18.85	2.767218820404342
137	15	18.865	2.6956956430576513
138	15	18.365	2.6574000451569213
139	14	18.33	2.809110179398449
140	13	18.135	2.7307096147338696
141	13	17.78	2.7297618943783335
142	13	17.975	2.7539744007524845
143	13	17.84	2.7989998213647658
144	13	17.84	2.7467071194432062
145	13	17.57	2.9504406450562612
146	13	17.245	2.7721787460407374
147	13	17.375	3.0682853517885196
148	13	16.725	2.7675575874767255
149	13	16.395	2.835308625176454
150	13	16.08	2.661503334583671
151	13	15.985	2.7558619341324055
152	13	15.96	2.6904274753280393
153	13	16.09	2.7878127627227767
154	13	16.08	2.7483813418083023
155	13	15.83	2.812667772773745
156	13	16.145	2.674691571004027
157	13	15.95	2.899568933479598
158	13	16.045	2.7933805684152646
159	13	15.895	2.7575305981983216
160	13	15.83	2.807329692073948
161	13	16.22	2.773373397146514
162	13	15.805	2.7380604449135144
163	13	15.955	2.857092053119746
164	13	15.89	2.6772934093968845
165	13	15.98	2.7017771928861944
166	13	15.98	2.7784168153824584
167	13	16.3	2.727636339397173
168	13	15.82	2.8297703086999815
169	13	15.82	2.686559137633115
170	13	16.04	2.8299116593985785
171	13	16.385	2.794060665053641
172	13	16.2	2.7531799795872423
173	13	16.05	2.8315190269535546
174	13	16.085	2.769074755220597
175	13	15.85	2.727178028658926
176	13	15.8	2.856571371417139
177	13	15.955	2.878015809546571
178	13	16.315	2.7903001630648996
179	13	16.235	2.780247291159546
180	13	15.94	2.743428511917159
181	13	16.275	2.6757008427699827
182	13	16.27	2.899499956889119
183	13	16.26	2.9346890806352897
184	13	15.81	2.846734971858109
185	13	16.34	2.56015624523192
186	13	15.86	2.7821574362354125
187	13	16.145	2.7917691523476624
188	13	16.19	2.878176506053788
189	13	15.925	2.8123611076815855
190	13	16.0	2.808914381037628
191	13	16.24	2.839436563827409
192	13	15.8	2.85657137141714
193	13	15.955	2.7627839220612254
194	13	16.12	2.809911030620012
195	13	15.76	2.744521816273285
196	13	16.485	2.9034074808748427
197	13	16.09	2.9072151623159916
198	13	16.08	2.7988569095257447
199	13	16.025	2.804349300639991
200	13	16.03	2.815865763845996
201	13	15.775	2.802565788701487
202	13	15.845	2.769652505279319
203	13	16.35	2.7599818839985164
204	13	15.78	2.7715699522111996
205	13	16.415	2.871023336721598
206	13	16.3	2.723967694375248
207	13	15.95	2.667864314390822
208	13	16.27	2.790537582617371
209	13	16.045	2.895336767977084
210	13	15.855	2.709976937171235
211	13	15.95	2.6452788132822618
212	13	16.16	2.777480873021448
213	13	15.965	2.698846976025133
214	13	16.175	2.671025084120329
215	13	16.38	2.6221365334398588
216	13	16.445	2.9575285290255438
217	13	16.325	2.810582679801467
218	13	16.345	2.746993811423679
219	13	16.035	2.7538654651235244
220	13	16.215	2.8299779151081745
221	13	16.09	2.755340269367832
222	13	16.055	2.8743651472977465
223	13	15.875	2.8105826798014677
224	13	15.97	2.8529107942590834
225	13	16.335	2.8040640149611447
226	13	15.86	2.6590223767392427
227	13	16.09	2.8569039185803917
228	13	16.05	2.7472713735632315
229	13	15.895	2.860764757892544
230	13	16.36	2.78395402260885
231	13	16.11	2.8631975132707828
232	13	15.965	2.742950054229934
233	13	15.735	2.750413605260127
234	13	16.025	2.921365263023438
235	13	16.055	2.8516617962163746
236	13	16.055	2.8691418577686236
237	13	15.975	2.8695600708122493
238	13	15.96	2.8175166370405003
239	13	15.79	2.6843807479565935
240	13	16.165	2.7942396103412466
241	13	15.98	2.8248185782453366
242	13	16.285	2.8024587418907703
243	13	15.725	2.7384986762823185
244	13	16.05	2.899568933479596
245	13	15.935	2.807271807289063
246	13	15.97	2.7729226458738427
247	13	16.69	2.7374988584472493
248	13	16.185	2.776828226592348
249	13	15.975	2.766654116437398
250	13	15.965	2.8343914690811496
251	13	15.93	2.6898141199718624
252	13	15.565	2.7121532036372846
253	13	16.085	2.7345520656955875
254	13	16.095	2.725064219426763
255	13	16.625	2.7918407905896068
256	13	15.915	2.749140774860393
257	13	16.085	2.783482530931352
258	13	15.845	2.75517240839843
259	13	15.845	2.6155257597660944
260	13	16.39	2.738229354893414
261	13	16.005	2.721208371293903
262	13	15.765	2.6906829987941707
263	13	15.99	2.7147559743004526
264	13	16.43	3.002515611949417
265	13	15.875	2.7275217689323763
266	13	16.095	2.7759637965938957
267	13	16.355	2.9306953099904454
268	13	16.085	2.6940257979462645
269	13	15.945	2.7462656462913437
270	13	16.005	2.7973156775737733
271	13	15.655	2.7669432592664425
272	13	16.285	2.938328606538076
273	13	15.815	2.7075403967438785
274	13	15.96	2.9220540720527417
275	13	15.83	2.7588222124667645
276	13	16.155	2.825061946223482
277	13	16.345	2.8259467440134087
278	13	16.205	2.874539093489599
279	13	16.415	2.844780307862105
280	13	16.17	2.8672460654781626
281	13	15.85	2.6809513236908993
282	13	16.105	2.7881848934387388
283	13	16.235	2.840734940116727
284	13	15.845	2.809087930272032
285	13	16.22	2.807418743258653
286	13	16.035	2.851977384202056
287	13	15.775	2.732100840013046
288	13	15.88	2.723159929199901
289	13	16.255	2.769471971333165
290	13	16.135	2.883881932395984
291	13	15.98	2.844222213540989
292	13	16.32	2.7744549014175734
293	11	15.92	2.832595982486736
294	13	15.65	2.8279851484758547
295	12	15.885	2.7625667412752226
296	13	15.89	2.7960507863770996
297	13	16.025	2.7247706325487293
298	12	16.13	2.804121965963682
299	12	15.84	2.78107892732299
300	12	15.9	2.681417535558385
301	13	16.245	2.916329028076221
302	13	16.12	2.721323207559149
303	13	16.08	2.728296171606009
304	13	16.34	2.75034543285021
305	13	15.6	2.707397274136176
306	13	16.1	2.718455443813635
307	13	16.17	2.8462431378924746
308	13	15.7	2.760434748368451
309	13	16.28	2.846330971619429
310	13	15.83	2.784079740237339
311	13	15.975	2.839784322796364
312	13	16.185	2.7911959802206665
313	13	15.925	2.854711018649697
314	13	15.825	2.7192600096349735
315	12	15.955	2.8005311996119593
316	12	16.045	2.6838358742665296
317	11	16.35	2.859632843565762
318	12	16.225	2.907640796247017
319	11	15.955	2.891880875831507
320	11	15.88	2.721323207559148
321	11	15.89	2.9896320843876425
322	11	15.43	2.7883866302935822
323	11	15.54	2.961148425864534
324	11	14.84	3.0371697351317053
325	11	14.34	2.746707119443208
326	10	14.455	2.813889656685206
327	11	14.085	2.8927106664856774
328	11	14.235	2.954619264812302
329	11	14.44	2.7724357521861522
330	11	14.41	2.77522972022137
331	11	13.935	2.9632372500358457
332	11	14.215	2.7908376878636294
333	11	14.15	2.9201883500897647
334	11	14.29	2.8733081978792345
335	11	14.25	2.903015673398957
336	11	14.37	2.912576179261238
337	11	14.465	2.7782683455706727
338	11	14.45	2.8350485004669665
339	11	14.63	2.825438019139685
340	11	14.41	2.9651138258083756
341	11	14.515	2.7784483079589584
342	11	14.22	2.903721749754959
343	11	14.345	2.84534268586404
344	11	14.07	3.012490663885947
345	11	14.43	2.7685916997636175
346	11	14.41	2.7462519913511194
347	11	14.015	2.888732420976369
348	11	14.35	2.7977669667075573
349	11	14.415	2.9090849076642673
350	11	14.19	2.9109963929898615
351	11	14.175	2.7630372780691927
352	11	14.425	2.841544474401201
353	11	14.33	2.961604294972573
354	11	14.42	2.890259503920022
355	11	14.045	2.876277976830474
356	11	13.98	2.9427198303610225
357	11	13.93	2.8098220584229168
358	11	14.025	2.7648462886750136
359	11	14.75	2.70138853184802
360	11	14.26	2.835912551543154
361	11	14.41	2.8638959478305046
362	11	14.59	2.696646065022251
363	11	14.3	2.934280150224244
364	11	14.915	2.7363799078344364
365	11	14.48	2.8177295824830333
366	11	14.285	2.8519773842020553
367	11	14.245	2.9958262633203545
368	11	14.07	2.8696863940159036
369	11	14.5	2.91032644217105
370	11	14.065	2.8072718072890632
371	11	14.515	2.9034074808748427
372	11	14.21	3.032474237318433
373	11	14.54	2.8228354539363445
374	11	14.22	2.8795138478569613
375	11	14.39	2.8753956249532
376	11	14.325	2.7091280885185176
377	11	13.91	2.812809982917441
378	11	14.485	2.8248495535160814
379	11	14.255	2.898271036324932
380	11	14.255	2.887901487239479
381	11	13.695	2.720657089748724
382	11	14.34	2.7756800968411337
383	11	14.62	2.832948993540122
384	11	13.9	2.8705400188814645
385	11	14.22	2.973482806407328
386	11	14.275	2.9511650241896006
387	11	14.34	2.9316207121658846
388	11	14.45	2.7834331319433563
389	11	14.16	2.935029812455061
390	11	13.965	2.818470329806577
391	11	14.3	2.8390139133156795
392	11	14.285	2.8308611763913825
393	11	14.235	2.884402017749951
394	11	14.445	2.7325766228964183
395	11	14.03	2.8458917758762396
396	11	14.005	2.777584382156556
397	11	14.25	2.8840076282839475
398	11	14.53	2.9170361670709544
399	11	13.935	2.891500475531692
400	11	14.335	2.9108031537704524
