200 50 100 0.8 49
1	46	57.64	3.702755730533679
2	45	53.685	3.208703009005353
3	42	50.54	2.8246061672381866
4	40	48.125	2.9494702914252247
5	37	45.605	2.9289887333344256
6	36	43.23	2.8472969637886383
7	36	41.815	2.8143871446551225
8	35	40.005	2.4525445969441626
9	32	38.74	2.64620482956252
10	31	37.55	2.695830113341714
11	27	36.02	2.868727941091662
12	24	34.235	2.9495380994318414
13	26	32.795	2.8271849957157054
14	26	31.73	2.8083981199253056
15	25	30.855	2.676560292614385
16	22	29.7	2.6851443164195112
17	21	28.725	2.7927361135631847
18	21	27.56	2.6807461647832302
19	19	26.355	2.353502708730117
20	17	25.975	2.8061316790200697
21	19	24.52	2.6832070363652525
22	19	23.635	2.5635473469393935
23	19	23.075	2.4575139877526633
24	18	23.14	2.4800000000000013
25	18	22.45	2.288558498269161
26	17	22.06	2.550764591254944
27	16	21.79	2.4568068707165405
28	16	21.49	2.3621811954208773
29	16	21.06	2.5072694310743717
30	16	20.94	2.5251534606831334
31	16	20.215	2.364059009415796
32	16	20.0	2.3895606290697042
33	16	20.2	2.3979157616563604
34	16	19.885	2.3857441187185184
35	16	19.475	2.3998697881343474
36	15	19.435	2.413664226855093
37	15	19.42	2.3777300099044054
38	15	19.3	2.418677324489564
39	15	19.105	2.5107717936921303
40	15	18.59	2.4681774652564985
41	14	18.315	2.394947807364494
42	14	18.875	2.3810449386771344
43	14	18.675	2.660709491846114
44	14	18.55	2.6282123201902845
45	14	18.38	2.5230140705116972
46	14	18.03	2.5493332461645712
47	14	17.97	2.473681466963761
48	14	17.86	2.406324998831207
49	13	17.61	2.4531408438978803
50	13	17.515	2.5825907534876684
51	13	17.51	2.672059131082244
52	13	17.51	2.4999799999199994
53	12	17.39	2.618759248193694
54	12	17.24	2.437703837630816
55	12	17.515	2.539640722622001
56	12	16.87	2.5696497815850337
57	12	16.55	2.6490564357899222
58	12	16.565	2.58375211659323
59	12	16.62	2.6899070615915313
60	12	16.345	2.7651356205437736
61	12	16.13	2.884978336140503
62	12	15.865	2.574252318635454
63	12	15.66	2.66353149033384
64	12	15.2	2.694438717061496
65	12	15.365	2.5829779325422053
66	12	15.315	2.745136608622603
67	12	15.205	2.7318446149076636
68	12	15.285	2.637001137656182
69	12	15.23	2.706861651433261
70	12	15.535	2.521661158839545
71	12	15.145	2.629443857548587
72	12	14.85	2.6110342778293796
73	12	14.92	2.583331182794803
74	12	15.63	2.726371214636772
75	12	15.255	2.645746586504459
76	12	15.23	2.7490180064888636
77	10	14.97	2.5434425489874943
78	10	15.05	2.4954959426935566
79	10	15.195	2.754446405359885
80	10	15.08	2.6426501849469215
81	10	14.865	2.645141773138069
82	10	14.64	2.8914356295791874
83	10	14.645	2.8563919548969467
84	10	14.425	2.8608346684140993
85	10	13.925	2.8529589902415378
86	10	13.395	2.647446883319851
87	10	13.415	2.7609373408319176
88	10	13.565	2.6656659580675144
89	8	13.205	2.6368494458349345
90	8	13.285	2.8379173701853966
91	8	13.45	2.6320144376503714
92	8	13.175	2.786462811522883
93	8	13.065	2.6834259818373973
94	8	13.3	2.7495454169735054
95	8	13.11	2.647243849742594
96	8	12.87	2.86235916684123
97	8	12.62	2.9095704150269324
98	8	12.16	2.7684652788142388
99	8	12.095	2.741527858694855
100	7	11.71	2.8523499084088555
101	7	11.615	2.738023922466711
102	7	11.78	2.6441633837567577
103	8	11.495	2.709238822990691
104	8	11.555	2.7123744210562055
105	8	11.355	2.732942553366241
106	7	11.605	2.8370715535565862
107	7	12.005	2.695361756796295
108	7	11.8	2.747726332806819
109	7	11.91	2.7151243065465698
110	7	11.87	2.653883946219203
111	7	11.53	2.5137820112332743
112	7	12.01	2.7404196758890773
113	7	11.905	2.6336239291136447
114	7	11.525	2.6588296297431318
115	7	11.765	2.7220901895418512
116	7	11.62	2.721323207559145
117	7	11.79	2.732379915019139
118	7	11.055	2.816376217766369
119	7	11.435	2.6843574650183966
120	7	11.05	2.6846787517317603
121	7	11.08	2.7917019898262776
122	7	11.485	2.683239646397616
123	7	10.845	2.882876167996122
124	7	10.455	2.6977722290808748
125	7	10.825	2.7521582439968832
126	7	10.935	2.785816756357099
127	3	11.17	2.6059739062392775
128	3	11.09	2.8446265132702404
129	3	10.85	2.761792895928293
130	3	10.115	2.9243418062873565
131	3	10.66	2.9587835338192634
132	3	10.375	2.9570889401571945
133	3	10.38	2.9232858224949543
134	3	10.51	3.130479196544835
135	3	11.135	2.913206995735114
136	3	11.34	3.055225032628528
137	3	10.94	3.1806288686358846
138	3	10.85	2.8013389655662864
139	3	11.01	2.910309261917021
140	3	10.575	2.9856950614555418
141	6	11.025	2.7666541164373966
142	5	10.595	2.7822607713871848
143	5	10.685	2.9216048671920025
144	3	10.835	2.9996291437442726
145	3	10.815	2.8654449916199773
146	3	10.875	2.99155060127687
147	3	10.49	3.067556030458122
148	3	10.4	3.1160872901765746
149	3	10.86	3.0249628096887426
150	3	10.775	3.0355189012753625
151	3	10.675	3.4841605875734256
152	3	10.14	3.15442546274278
153	3	9.725	3.337570223980313
154	3	9.575	3.4863125218488364
155	3	8.945	3.2018705470396522
156	3	9.01	3.2847983195319626
157	3	8.65	3.1666228067138
158	3	8.635	3.1877539114555273
159	3	8.565	3.202463895190703
160	3	8.47	3.044519666548404
161	3	8.14	2.9850293130889027
162	3	8.29	3.174255818298203
163	3	7.935	3.1370009563275554
164	3	7.83	2.942974685585998
165	3	7.665	3.0745365504413815
166	3	7.535	2.954450033424157
167	3	7.44	2.9251324756325148
168	3	7.54	2.947609200691298
169	3	7.46	3.0900485433080163
170	3	7.29	2.955655595633564
171	3	7.2	3.0116440692751216
172	3	7.285	3.110269280946591
173	3	7.185	2.936115631237979
174	3	7.6	2.8319604517012604
175	3	7.065	3.0807101454047925
176	3	7.16	2.9469306065803433
177	3	7.1	3.0265491900843093
178	3	7.11	2.950915112299913
179	3	7.355	2.930695309990446
180	3	7.32	2.9979326209906696
181	3	7.44	2.866426346515816
182	3	7.255	2.9495720028505814
183	3	7.3	2.922327839240493
184	3	7.345	2.8785369547740736
185	3	6.975	3.035518901275368
186	3	7.095	3.012635889051314
187	3	7.44	2.8890136725187032
188	3	7.06	3.0391446164998484
189	3	7.145	2.9755629719432948
190	3	6.995	3.02902211943063
191	3	7.565	2.8470642774619614
192	3	7.29	2.9943112730643078
193	3	7.175	3.0305733780920057
194	3	7.185	3.057903693709139
195	3	7.295	2.954314641333923
196	3	7.365	2.7697969239639235
197	3	7.485	2.801744991964831
198	3	7.17	3.005178863229274
199	3	7.485	2.8530290920353427
200	3	7.345	3.0258841683051916
201	3	7.285	2.874678242864759
202	3	7.455	2.741892594541223
203	3	7.455	2.982947367956732
204	3	7.615	2.8942658827412515
205	3	7.31	2.9161447152019053
206	3	7.0	3.0380915061926625
207	3	7.33	2.9817947615488243
208	3	7.465	2.8423185957946364
209	3	7.245	3.014129227488429
210	3	7.12	2.9606755985754343
211	3	7.09	3.0169355312966206
212	3	7.47	2.9255939567889473
213	3	7.8	2.6438608132804573
214	3	7.905	3.1074064748597006
215	3	7.615	2.8994439122010953
216	3	7.72	2.9311431217188972
217	3	7.155	3.098544012919617
218	3	7.07	3.0716607885637384
219	3	6.64	3.1401273859510903
220	3	7.24	2.9158875149772174
221	3	7.485	2.8947841024850223
222	3	7.315	2.8523279965670127
223	3	7.405	2.9968274891958675
224	3	7.105	2.9366605183439205
225	3	7.355	2.956175739024997
226	3	7.08	3.030445511801855
227	3	7.285	2.9654299856850463
228	3	7.785	2.7854577720726628
229	3	7.77	3.120432662308222
230	3	7.005	3.139263448645243
231	3	7.185	3.0150912092339746
232	3	7.28	3.0251611527322018
233	3	7.165	2.9728395516744586
234	3	7.415	2.965261371279097
235	3	7.415	2.7753873603517025
236	3	7.175	3.0239667656903886
237	3	7.27	2.940595177850903
238	3	7.175	2.9162261572107178
239	3	7.21	2.8767864015251448
240	3	7.705	2.7691108681307797
241	3	7.65	3.2089717979440056
242	3	7.2	2.906888370749729
243	3	6.885	3.132375296799538
244	3	7.25	3.014548058996572
245	3	7.505	2.9933217334593305
246	3	7.235	3.0215517536524166
247	3	7.325	2.8895285082518254
248	3	6.995	2.979089626043504
249	3	7.39	2.8562037742430086
250	3	7.415	2.8727643481497034
251	3	7.28	2.949847453682989
252	3	7.26	2.9448938860339244
253	3	7.52	2.7603622950620066
254	3	7.455	2.9812707022342
255	3	7.11	2.9779019460015825
256	3	7.43	2.8487014585596735
257	3	7.35	2.7290108097990364
258	3	7.04	2.9779858965414854
259	3	7.085	2.927076186230892
260	3	7.25	2.930443652418521
261	3	7.29	2.999316588824861
262	3	7.14	3.016686924425534
263	3	7.11	2.9728605752708974
264	3	7.28	2.973482806407331
265	3	7.53	2.8894809222419173
266	3	7.125	2.9324690961713475
267	3	7.26	2.82177249260106
268	3	7.58	2.8850649906024626
269	3	7.39	2.852700474988569
270	3	7.105	2.998995665218605
271	3	7.495	2.913756166874638
272	3	7.345	2.845342685864041
273	3	6.795	3.151662259824172
274	3	7.07	3.037284971812821
275	3	7.315	2.9590158837018747
276	3	7.04	2.994728702236647
277	3	7.635	2.816340710922599
278	3	7.46	2.942515930288228
279	3	7.11	2.964439238709407
280	3	7.44	2.9489659204541527
281	3	7.43	2.8399119704666913
282	3	7.66	2.8397887245356825
283	3	7.14	3.052933015970051
284	3	7.135	3.058884600634683
285	3	7.075	2.9067808654936473
286	3	7.035	3.053485713082672
287	3	7.27	3.0144817133298365
288	3	7.205	2.938192471571597
289	3	7.13	2.96868657826993
290	3	7.615	2.8994439122010967
291	3	7.305	2.9852931179366617
292	3	7.495	2.8583168123915135
293	3	7.265	2.843373876225215
294	3	7.15	3.011228984982709
295	3	7.26	2.9244486659881703
296	3	7.21	2.923337134167046
297	3	7.75	2.7816362091402245
298	3	7.695	2.971863893249487
299	3	7.29	2.888927136498946
300	3	7.425	2.904199545485814
301	3	7.65	2.8138052526783
302	3	7.245	2.9265978541644553
303	3	7.83	2.76606218295974
304	3	7.615	3.078437103466628
305	3	7.265	2.929978668864333
306	3	7.19	2.95531724185408
307	3	7.745	2.7239631054770186
308	3	7.765	3.0198965214059896
309	3	7.3	3.093541659651606
310	3	7.145	2.9468584967724545
311	3	7.31	2.9570086235924307
312	3	7.45	2.913331426391444
313	3	7.145	3.102253213391841
314	3	6.99	2.9933092055449255
315	3	7.295	2.937341485084768
316	3	7.145	3.1086934554568106
317	3	7.14	3.0611109094575424
318	3	6.785	3.139868627825058
319	3	7.18	2.8961353559528265
320	3	7.35	2.9184756295024963
321	3	7.64	2.8390843594370367
322	3	7.385	3.0962517662489897
323	3	7.17	2.9918388994061815
324	3	7.15	2.928736929121494
325	3	6.81	3.0600490192152168
326	3	7.175	2.9621571531571367
327	3	7.3	2.9664793948382675
328	3	7.405	2.9070560710106705
329	3	7.38	2.9572960622839215
330	3	7.61	2.7727062592348286
331	3	7.87	2.8501052612140487
332	3	7.76	3.0939295402448983
333	3	6.945	3.0531909537400366
334	3	7.63	2.8448374294500525
335	3	6.98	3.00825530831411
336	3	7.245	3.0520443967937285
337	3	7.28	3.008587708543665
338	3	7.25	2.915047169429682
339	3	7.465	2.932366791518413
340	3	7.18	2.955943165894773
341	3	7.345	3.0159534147595846
342	3	7.89	2.8736562076908196
343	3	7.29	3.015940980854897
344	3	7.43	2.955520258770021
345	3	7.425	2.9127950494327632
346	3	7.275	2.9067808654936482
347	3	6.895	2.9688339461815674
348	3	7.195	2.947367469454733
349	3	7.32	2.9457766378325405
350	3	7.43	2.904324362050495
351	3	7.29	2.952270312827062
352	3	7.795	2.6986987605140382
353	3	7.85	3.2446109165815242
354	3	6.975	2.997394702070451
355	3	7.36	2.951338679311473
356	3	7.14	2.898344354972334
357	3	7.425	2.9655311497268095
358	3	7.58	2.8113342028296797
359	3	7.25	3.001249739691784
360	3	6.99	3.0166040509155314
361	3	7.37	2.9804529857053588
362	3	7.51	2.891349166046881
363	3	7.16	3.0073908957766005
364	3	7.155	2.903614127255894
365	3	7.41	2.976894354860448
366	3	7.43	2.9146354832122676
367	3	7.04	2.97966441063419
368	3	7.215	2.952757186088963
369	3	6.71	3.120240375355721
370	3	7.075	3.051126841021197
371	3	7.155	3.053027186253015
372	3	7.215	3.0755121524715214
373	3	7.05	2.8368115905008557
374	3	7.105	2.970517631659503
375	3	7.31	2.8954965031925
376	3	7.12	3.0603267799370717
377	3	7.565	2.9027185533564905
378	3	7.31	2.9519315710226066
379	3	7.51	2.964776551445318
380	3	7.495	2.9916508820382055
381	3	7.38	2.94543714921911
382	3	7.39	2.945827557750115
383	3	7.295	2.991316599760043
384	3	7.635	2.7625667412752235
385	3	7.715	3.0403577092177825
386	3	7.17	2.9649789206670585
387	3	7.655	2.7488133803516015
388	3	7.41	2.9785734840691784
389	3	7.065	3.000129163886117
390	3	7.305	2.7914109335603015
391	3	7.395	2.9898118669909692
392	3	7.565	2.914751275838129
393	3	7.09	2.8847703548116295
394	3	7.02	3.052801991613604
395	3	7.095	3.052208217012725
396	3	7.135	3.0457798672917926
397	3	7.22	2.9396598442676978
398	3	7.34	2.98569924808243
399	3	7.235	2.9051290849117173
400	3	7.195	2.925230760128164
