100 40 20 0.8 33
1	41	58.23	6.46506767173
2	40	52.49	4.01122175902
3	38	48.31	3.46033235398
4	34	45.17	3.00351460792
5	35	42.68	2.64151471698
6	33	40.52	2.64
7	32	38.95	2.31678656764
8	32	37.83	2.72049627826
9	32	36.33	2.2805920284
10	28	35.08	2.13391658694
11	28	34.34	2.36736140038
12	28	34.19	2.54045271556
13	27	32.69	2.63322995578
14	26	31.44	2.55468197629
15	24	30.02	2.5611716069
16	22	29.45	3.02448342697
17	22	28.18	2.70695400774
18	22	27.24	2.42948554225
19	22	26.97	2.36412774613
20	22	26.8	2.22261107709
21	20	26.48	2.24713150483
22	21	26.22	2.28289290156
23	21	26.45	2.44284670006
24	21	25.8	2.00499376558
25	22	25.69	2.13398687906
26	22	25.84	2.46868385987
27	21	25.62	2.51706177914
28	20	25.1	2.45560583156
29	18	25.05	2.67721870605
30	18	24.09	2.53808983293
31	19	24.04	2.50966133173
32	19	23.69	2.32247712583
33	18	23.67	2.49821936587
34	18	23.24	2.39215384121
35	18	23.49	2.75134512557
36	18	23.12	2.40116638324
37	18	23.33	2.4537929823
38	15	22.92	2.89025950392
39	14	22.57	2.97070698656
40	15	22.16	2.57184758491
41	15	22.05	2.65847700761
42	15	22.15	2.81558164506
43	15	21.86	2.96654681406
44	15	21.01	2.70368267369
45	15	20.48	2.64
46	15	20.44	2.57806128709
47	15	20.28	2.62328038913
48	16	20.91	2.64988679003
49	16	20.38	2.25734357155
50	14	20.78	2.54393396141
51	14	21.16	2.89385555963
52	15	20.69	2.39037653938
53	15	21.2	2.48596057893
54	15	21.07	2.44235542049
55	15	21.22	2.65171642526
56	16	21.06	2.90110323842
57	16	20.72	2.66112758056
58	15	20.55	2.7690250992
59	15	20.55	2.59759504157
60	14	20.44	2.60123047806
61	15	20.64	2.59044397739
62	15	20.24	2.66878249395
63	15	20.25	2.39739441895
64	15	20.28	2.62708964445
65	15	20.34	2.48684539125
66	15	20.21	2.56630083973
67	14	20.58	2.6690073061
68	14	20.75	2.66973781484
69	15	20.5	2.70739727414
70	15	20.44	2.56249878049
71	14	20.68	2.6339324213
72	13	20.35	2.69953699734
73	13	20.41	2.79318814261
74	14	20.53	2.68124970862
75	13	20.14	2.70931725717
76	15	20.49	2.93766914407
77	16	20.3	2.46373699895
78	16	21.08	2.5325086377
79	14	21.48	3.29993939338
80	14	21.09	2.90893451284
81	14	20.41	3.11799615138
82	14	20.76	2.92615789048
83	14	20.7	2.57875939165
84	14	20.59	2.78242699814
85	14	20.15	3.1124748995
86	14	19.93	2.97743177924
87	11	19.48	2.60568609007
88	11	19.77	2.73076912243
89	11	19.87	2.70057401306
90	13	19.85	2.69583011334
91	13	19.83	2.88463169226
92	14	20.37	2.82720710242
93	13	20.06	2.63370461518
94	14	20.09	2.47020242086
95	14	20.33	2.86375627455
96	14	20.28	2.5732469761
97	14	20.44	2.90282620906
98	15	20.2	2.46981780705
99	12	20.59	2.69479127207
100	12	20.09	2.96342707013
101	13	19.95	2.80133896557
102	9	20.08	3.25785205312
103	12	19.29	2.72871764754
104	13	20.02	2.94611608733
105	14	19.68	2.65661438677
106	14	19.57	2.68423173366
107	14	19.25	2.4672859583
108	14	19.49	2.62104940816
109	14	19.34	2.87478694863
110	14	18.74	3.02859703493
111	14	18.7	2.57487863792
112	12	18.99	2.59420508056
113	12	18.91	3.0400493417
114	11	18.76	2.92273844194
115	12	18.81	3.00896992341
116	12	18.49	2.41451858556
117	15	19.11	2.70885584703
118	13	19.28	2.73525135956
119	13	18.87	2.97205316238
120	14	19.05	2.65471279049
121	14	19.4	2.69814751265
122	14	19.45	2.61677282163
123	14	19.56	2.87861077605
124	14	19.33	2.50621228151
125	12	20.05	2.49949994999
126	12	20.49	3.0935254969
127	12	20.03	3.08692403535
128	11	19.22	2.86209713322
129	12	19.84	2.94183616131
130	12	19.46	3.16992113467
131	12	19.33	2.99350964588
132	12	19.03	3.14787229728
133	12	18.75	3.21364279284
134	12	18.45	3.04753999153
135	12	18.47	3.21077872174
136	12	18.63	2.66328744224
137	9	18.42	2.99392718682
138	10	18.45	3.26917420766
139	10	18.55	2.92361078121
140	11	18.29	3.00098317223
141	11	17.98	3.03308423886
142	12	18.41	3.07276748225
143	12	18.23	2.7923287772
144	10	18.65	2.87532606847
145	11	19.09	3.14354894983
146	11	18.77	3.10114494985
147	10	19.0	3.30454232837
148	10	19.15	3.3715723335
149	8	18.68	3.28292552459
150	12	19.19	3.07797011032
151	11	18.99	2.90687117018
152	12	18.41	2.78601866469
153	12	18.68	2.79599713877
154	12	19.37	2.7880279769
155	12	19.51	3.02488016292
156	12	19.3	3.06757233004
157	12	18.58	2.85720142797
158	12	18.53	3.16055374895
159	12	18.44	3.07675153368
160	12	18.66	3.02066217906
161	11	18.96	2.70525414703
162	11	19.62	3.08797668385
163	11	18.98	3.02978547095
164	11	19.06	3.04243323674
165	11	18.74	3.33352666106
166	11	18.29	3.25667007847
167	11	17.81	2.82026594491
168	11	18.47	2.96126662089
169	11	18.41	2.83582439513
170	13	18.93	2.60865865916
171	12	19.14	2.51005976024
172	12	19.5	3.1448370387
173	13	19.3	2.61342686907
174	12	19.47	3.21700170967
175	12	19.8	3.27719392163
176	12	19.25	3.23225927178
177	12	19.11	2.85970278176
178	13	18.86	3.03651115592
179	11	18.54	2.98134197971
180	12	18.23	2.83144839261
181	12	18.3	3.02489669245
182	12	18.29	2.91991438231
183	13	17.86	2.7350319925
184	11	17.63	2.94161520257
185	11	17.86	3.02991749063
186	12	17.16	2.77748087302
187	11	17.25	2.84736720498
188	11	17.77	3.06872937875
189	11	17.6	2.8
190	11	17.74	2.88658968335
191	11	18.22	2.84105614165
192	12	18.16	2.88347013163
193	12	18.42	2.56974706927
194	12	18.21	2.89238655784
195	12	18.34	2.92991467453
196	12	18.11	2.79605078638
197	8	17.63	3.19266346488
198	10	16.93	2.56224510927
199	10	17.3	2.9206163733
200	10	17.2	2.89482296523
201	10	17.25	2.87184609615
202	10	17.13	3.07133521453
203	10	16.61	2.92880521715
204	11	16.72	3.04657184389
205	11	17.31	3.08770141043
206	11	16.81	2.75932962873
207	12	17.55	2.80490641555
208	11	17.44	2.68447387769
209	12	18.34	2.53464001389
210	12	18.19	2.92470511334
211	13	17.72	2.4169402144
212	10	17.54	2.84049291497
213	11	17.45	2.808469334
214	11	17.89	2.82805586932
215	12	18.21	2.79390407853
216	9	18.09	3.2805334932
217	9	17.79	2.88546356761
218	9	17.36	3.0741502891
219	12	17.87	2.74100346589
220	12	18.43	2.77220129139
221	12	18.15	3.10926036221
222	11	17.62	3.29781746008
223	9	17.09	3.13718026259
224	11	16.08	2.8867975336
225	11	16.08	2.45226425982
226	9	15.86	2.74597887829
227	10	15.55	2.82267603525
228	11	16.07	2.92661920994
229	11	16.27	2.74173302858
230	10	16.71	2.78673644251
231	12	16.64	2.69636792742
232	11	17.03	2.97474368644
233	11	16.81	2.85199929874
234	10	16.98	2.79635477005
235	8	16.68	2.96270146994
236	9	16.36	2.66278050166
237	9	16.71	2.72137832725
238	9	17.13	3.12619577122
239	10	16.62	3.02582220231
240	10	16.29	3.0308249702
241	8	16.31	3.09417194092
242	8	16.52	3.21396950826
243	8	16.21	2.9369882533
244	8	16.12	2.84351894666
245	9	16.12	3.24739895917
246	9	15.76	3.16265711072
247	9	15.91	2.90205099886
248	8	15.67	3.3883771927
249	8	15.46	3.04440470371
250	9	15.95	2.72167228005
251	9	16.17	3.1017898059
252	9	16.34	3.26563929423
253	9	16.27	3.13960188559
254	9	16.25	3.38932146602
255	9	15.82	3.08668106548
256	8	15.35	3.11568612026
257	9	15.44	2.81893596948
258	9	16.03	3.02805217921
259	9	16.08	3.01555964955
260	9	15.92	2.95526648545
261	9	15.4	2.84253408071
262	10	16.08	2.89025950392
263	10	16.29	2.98762447439
264	6	15.7	2.93087017795
265	6	15.95	2.85788383249
266	9	16.2	2.87054001888
267	6	16.18	2.87881920238
268	6	15.92	3.38431677004
269	6	15.7	3.26955654485
270	7	15.39	3.27382039825
271	7	15.7	3.29696830437
272	7	15.41	2.9465064059
273	9	15.51	2.94786363321
274	9	15.14	2.87060969134
275	9	15.22	3.34239435136
276	7	15.19	3.25175337318
277	5	15.09	3.24066351231
278	8	14.89	3.02289596248
279	9	15.01	2.83017667293
280	10	15.23	2.63003802254
281	9	15.35	2.90645832587
282	9	15.93	3.05697562961
283	9	15.7	3.31209903234
284	9	15.68	3.08506077736
285	8	15.55	3.01786348266
286	8	15.03	2.9713801507
287	8	15.3	3.01827765456
288	7	14.82	2.80848713723
289	7	15.36	2.91725898747
290	7	15.61	3.18714605878
291	9	15.59	3.17204981045
292	10	15.32	2.54511296409
293	11	16.06	2.90110323842
294	11	16.29	2.76512205879
295	11	16.4	2.93598365118
296	10	16.95	3.07693028845
297	11	17.36	2.79828518918
298	11	17.54	2.94760920069
299	9	17.48	3.35702249024
300	11	17.1	2.9883105595
1	45	58.11	5.27047436195
2	44	53.0	4.34281015012
3	42	48.83	2.93617097595
4	39	46.47	2.66253638473
5	36	44.67	2.34544238897
6	35	43.37	2.56380576487
7	34	41.44	2.40964727709
8	35	40.4	2.24944437584
9	34	39.44	2.31222836242
10	34	38.91	2.3155776817
11	33	37.88	2.19672483484
12	32	37.11	2.08755838242
13	31	36.61	2.2176338742
14	29	35.86	2.49807926215
15	27	34.89	2.52148765613
16	29	34.54	2.29093867225
17	29	34.25	2.84736720498
18	29	33.4	1.98494332413
19	27	33.05	2.37644692766
20	27	32.2	2.0832666656
21	27	31.8	2.4819347292
22	27	31.46	2.42660256326
23	25	30.96	2.56483917624
24	27	30.33	1.95476341279
25	25	30.69	2.40289408839
26	25	30.0	2.39165214862
27	25	29.77	2.4611176323
28	24	29.49	2.24274385519
29	24	29.45	2.45916652547
30	24	28.92	2.35236051659
31	22	28.74	2.62533807347
32	23	28.5	2.34733891886
33	20	28.35	2.33826859022
34	21	27.87	2.19387784528
35	21	27.85	2.11364613878
36	21	27.71	2.33364521725
37	21	27.92	2.73378857997
38	21	26.65	2.51545224562
39	21	26.34	2.27692775467
40	21	26.18	2.32112041911
41	20	26.2	2.70924343683
42	20	25.93	2.58168549595
43	20	25.87	2.54815619615
44	20	25.22	2.51626707644
45	20	24.72	2.36254100494
46	17	24.58	2.82906344927
47	17	23.61	2.59189120142
48	17	23.53	2.45949181743
49	19	23.67	2.51019919528
50	19	23.35	2.3038012067
51	19	23.49	2.31730446856
52	15	23.4	2.70554985169
53	15	22.84	2.51284699096
54	13	22.84	3.05195019619
55	13	21.95	2.93726062854
56	14	21.04	2.65299830381
57	14	21.28	2.89855136232
58	15	21.09	2.83934851683
59	15	20.55	2.89611809151
60	15	20.7	3.00499584026
61	14	19.96	2.61885471151
62	12	19.58	2.76108674257
63	12	19.94	2.73430064185
64	12	19.64	3.04473315744
65	12	19.01	2.69256383397
66	12	19.2	2.93257565972
67	12	18.77	2.48135043877
68	12	19.23	3.0326720891
69	12	18.65	2.59759504157
70	12	19.3	2.84077454227
71	12	18.63	2.73369713026
72	12	18.78	2.57518931343
73	12	19.22	2.45593159514
74	12	19.58	2.47862865311
75	12	19.92	2.64454154817
76	13	19.68	2.34042731141
77	13	19.7	2.57099202644
78	13	19.34	2.70636287293
79	13	19.1	2.81957443597
80	13	18.74	2.8517363132
81	13	18.58	2.73561693225
82	13	18.15	2.82267603525
83	13	18.5	2.8231188427
84	13	18.42	2.63886339169
85	13	18.58	2.89889634171
86	13	17.91	2.63095039862
87	13	17.81	2.66718953207
88	13	17.56	2.43852414382
89	13	17.81	2.65215007117
90	13	17.54	2.2557482129
91	13	18.2	2.58843582111
92	13	18.26	2.91760175487
93	13	17.86	2.3109305485
94	13	18.47	2.72930394057
95	13	18.48	2.68134294711
96	13	18.57	2.78300197628
97	13	19.12	2.93353029642
98	13	19.0	2.75680975042
99	12	18.81	2.97218774643
100	12	18.12	2.71764604023
101	12	18.16	3.02892720282
102	12	18.08	2.67462146854
103	14	18.49	2.4798991915
104	14	18.48	2.9205478938
105	12	18.14	2.40008333189
106	12	18.45	2.808469334
107	15	18.75	2.4672859583
108	14	19.13	2.70796971918
109	13	18.98	3.35255126732
110	14	18.49	2.41865665195
111	14	18.57	2.73223351857
112	14	18.83	2.56926059402
113	14	18.99	2.69998148142
114	14	18.93	2.6315584736
115	13	19.02	2.95628144804
116	13	18.55	2.75454170417
117	13	18.22	2.7769767734
118	13	18.23	2.55677531277
119	13	18.12	2.61640975384
120	12	18.86	2.93605177066
121	11	18.26	2.86921592077
122	11	17.74	2.93468908064
123	11	17.76	3.10522140918
124	11	17.24	2.81467582503
125	11	17.33	2.74610633443
126	12	17.58	2.99726542035
127	10	17.36	2.5943014474
128	11	17.5	2.81247222209
129	11	17.88	2.92670463149
130	9	17.44	3.21968942602
131	11	17.64	2.96486087363
132	12	17.57	3.06677354886
133	10	17.42	3.00393075819
134	12	18.08	3.02879513999
135	12	18.29	3.04399408672
136	10	18.06	2.99606408476
137	11	18.09	2.82876298053
138	10	18.05	3.22606571539
139	10	17.79	3.02091045879
140	10	17.5	3.15753068077
141	10	17.22	2.9885782573
142	10	17.57	2.99751563799
143	10	17.19	3.15180900437
144	11	17.46	3.23857993571
145	11	16.98	3.02978547095
146	11	17.18	2.92704629277
147	8	16.56	3.52510992736
148	8	16.39	2.93221759083
149	8	16.77	2.86654844717
150	8	16.59	3.36777374537
151	9	16.16	3.21471616165
152	9	16.1	3.16701752442
153	9	15.77	3.0392597783
154	9	15.74	3.09715998941
155	11	15.88	2.67312551146
156	11	16.19	2.80604704166
157	11	16.6	2.72029410175
158	11	16.99	3.0512128736
159	11	17.23	2.76714654473
160	11	17.23	2.70131449483
161	11	17.46	2.85804128732
162	12	17.74	2.67439712833
163	12	18.16	2.81680670263
164	12	18.27	3.01282259684
165	12	18.43	3.12811444803
166	12	18.04	3.0262848511
167	10	18.09	2.82876298053
168	10	18.06	3.08162294903
169	10	17.76	3.19411959701
170	10	17.3	2.88617393793
171	10	17.35	3.15079355084
172	10	16.7	2.83019433962
173	10	16.79	3.27809395838
174	9	16.62	2.9078514405
175	7	16.05	2.87184609615
176	5	16.4	3.14642654451
177	5	16.63	3.2516303603
178	8	16.72	2.97348280641
179	8	16.83	3.12747501988
180	7	16.72	3.40611215317
181	7	16.48	3.26949537391
182	10	16.77	2.75628372995
183	10	16.73	2.7380832712
184	10	17.12	3.03736728105
185	10	17.12	2.88887521364
186	11	17.52	3.42192928039
187	11	17.08	3.06815905715
188	11	17.09	2.80747217261
189	10	17.02	2.93591553012
190	11	17.35	2.56271340575
191	11	17.48	2.78021581896
192	10	18.01	2.92402120375
193	12	17.64	2.84084494473
194	12	17.44	2.98770815174
195	12	17.47	2.95788775987
196	11	17.1	2.62868788562
197	11	18.04	3.07870102478
198	10	17.47	3.11273191907
199	10	17.36	2.83379604065
200	11	17.3	2.91376045687
201	10	17.11	2.56474170239
202	10	17.06	2.82779065703
203	9	17.38	3.01920519342
204	9	17.26	3.08745850175
205	11	17.35	2.91676190321
206	11	17.16	3.11036975294
207	10	16.56	2.88901367252
208	10	16.49	2.77306689425
209	8	16.58	3.12147401078
210	8	16.08	2.85194670357
211	10	16.5	2.9
212	10	16.54	2.97798589654
213	10	16.53	2.97474368644
214	10	16.56	2.93025596152
215	10	17.16	2.93502981246
216	10	17.13	2.88324469999
217	10	17.16	3.10393298897
218	10	17.25	3.15079355084
219	10	16.8	2.95972971739
220	11	17.04	2.73100714023
221	11	16.91	2.69479127207
222	9	16.93	3.27797193399
223	9	16.74	3.14839641723
224	9	16.16	2.96890552224
225	9	16.01	2.7110698995
226	10	16.56	2.95066094291
227	10	16.82	3.05083595101
228	10	16.86	3.16234090509
229	10	17.14	2.76774276261
230	10	17.08	3.03209498532
231	12	16.68	2.57246963053
232	11	17.17	2.82508406955
233	11	17.17	2.7930449334
234	11	17.28	2.60415053328
235	11	17.29	3.12504399969
236	11	17.21	3.03412260794
237	11	16.79	2.72871764754
238	12	17.03	2.82295944002
239	9	16.76	2.97697833381
240	9	16.74	2.81289886061
241	9	16.69	3.01560939115
242	11	16.89	2.85970278176
243	11	16.75	2.51942453747
244	12	17.05	2.7690250992
245	11	17.33	2.90535712091
246	11	16.92	2.79528173893
247	11	17.43	2.7285710546
248	11	17.5	2.66645832519
249	11	17.44	2.71779322245
250	11	17.42	2.74291815408
251	11	17.62	3.00259887431
252	11	17.11	2.90824689461
253	9	16.42	2.98053686439
254	11	16.41	2.93971087014
255	9	16.58	2.87464780451
256	9	17.16	2.82389801516
257	9	16.96	2.89799930987
258	9	17.03	3.04780248704
259	9	16.97	2.83709358323
260	9	17.49	2.90687117018
261	9	17.51	2.95464041805
262	9	17.3	3.51140997322
263	9	16.78	3.45421481671
264	9	16.31	3.33674991571
265	9	16.0	3.19061122671
266	9	15.65	2.82621655221
267	9	15.43	2.81870537659
268	9	16.09	2.88130178912
269	9	15.86	2.74233477169
270	9	16.62	3.09444663874
271	9	16.34	3.33532607102
272	10	16.09	3.06298873651
273	9	16.11	3.29513277426
274	10	16.21	2.76512205879
275	11	16.48	2.37688872268
276	11	17.64	2.85489054081
277	10	17.46	3.22620520116
278	11	17.52	2.86174771774
279	9	18.01	2.97823773396
280	10	17.27	3.21202428384
281	10	16.84	3.30369490117
282	10	16.93	3.20391947464
283	8	16.5	2.99165506033
284	10	16.64	2.83379604065
285	10	16.79	2.87852392729
286	10	16.98	3.07564627355
287	11	16.73	2.87003484299
288	13	17.22	2.86209713322
289	9	17.19	3.06820794602
290	11	16.82	2.58216963037
291	10	16.99	2.82310113173
292	11	16.53	2.68869856994
293	11	16.7	2.49599679487
294	11	16.9	2.93087017795
295	10	16.68	2.88055550198
296	10	17.13	3.20204622078
297	10	17.03	2.89293968136
298	10	17.32	3.12051277837
299	10	16.93	3.07003257312
300	12	16.92	2.85194670357
1	44	58.73	5.52965640886
2	44	53.66	4.42542653312
3	43	49.37	3.40486416763
4	42	46.76	1.95509590558
5	41	45.38	1.71335927347
6	38	44.29	2.25075542874
7	36	42.86	2.44548563684
8	34	40.99	2.33878173415
9	33	39.97	2.66253638473
10	33	38.6	2.4819347292
11	33	37.48	2.16554842938
12	30	36.97	2.66253638473
13	31	35.86	2.52594536758
14	27	35.11	2.67542519985
15	27	33.92	2.72279268399
16	28	33.16	2.29660619175
17	27	31.99	1.99246079008
18	27	31.96	2.03921553544
19	27	31.49	2.10947860857
20	26	31.01	2.41037341505
21	22	30.61	2.54517189989
22	21	30.0	2.43721152139
23	22	29.25	2.53919278512
24	22	28.44	2.77964026449
25	20	27.77	2.72710469179
26	21	27.2	2.73495886624
27	21	26.51	2.49597676271
28	18	25.99	2.80533420469
29	19	25.26	2.75179941129
30	18	24.83	2.90535712091
31	17	24.34	2.61618042191
32	17	23.92	3.02218464029
33	16	23.24	2.898689359
34	16	23.01	2.96477655145
35	17	22.42	2.55804612937
36	17	22.14	2.80364049051
37	17	21.35	2.60144190787
38	17	21.31	2.47667115298
39	15	20.95	2.43053492055
40	15	20.59	2.33278803152
41	15	20.77	2.48537723495
42	15	20.39	2.25785296244
43	17	20.73	2.44481083113
44	16	20.19	2.46858258926
45	16	20.62	2.52103153491
46	16	20.43	2.49100381373
47	15	20.49	2.71843705095
48	16	20.29	2.65441142252
49	13	20.37	2.68944232137
50	14	20.1	2.78028775489
51	14	19.76	2.48644324287
52	14	19.75	2.38065117142
53	14	19.63	2.42757080226
54	16	19.85	2.34254135502
55	15	19.28	2.4169402144
56	15	19.59	2.14520395301
57	15	19.73	2.3274664337
58	15	19.77	2.37425777876
59	15	19.64	2.50407667614
60	15	19.61	2.5802906813
61	15	19.69	2.39037653938
62	14	20.06	2.40341423812
63	14	19.56	2.52713276264
64	14	19.72	2.44573097458
65	16	19.76	2.42536595177
66	14	19.8	2.4899799196
67	14	19.96	2.54527012319
68	15	19.8	2.5179356624
69	16	19.34	2.17816436478
70	16	19.77	2.46923064941
71	16	19.83	2.16358498793
72	15	19.87	2.37762486528
73	15	19.83	2.30675096185
74	14	20.02	2.517856231
75	14	19.84	2.71926460647
76	14	19.76	2.43359815911
77	15	19.67	2.39605926471
78	15	19.18	2.11839561933
79	16	19.74	2.43154272017
80	15	19.9	2.4062418831
81	15	19.9	2.57099202644
82	15	19.51	2.48795096415
83	15	19.56	2.75797026815
84	15	19.0	2.513961018
85	15	19.31	2.41948341594
86	15	19.06	2.30139088379
87	15	19.52	2.64
88	15	19.45	2.259977876
89	15	19.37	2.39438927495
90	15	19.99	2.43924168544
91	15	20.15	2.58988416729
92	13	19.75	2.47941525364
93	16	20.23	2.44071710774
94	15	19.94	2.61465102834
95	15	20.24	2.59275914809
96	15	20.05	2.57050578681
97	15	19.6	2.60768096208
98	13	19.7	2.4269322199
99	15	19.38	2.37815054191
100	15	19.46	2.41006223986
101	15	19.36	2.59044397739
102	15	19.08	2.59106155851
103	14	18.76	2.33289519696
104	14	18.67	2.45786492713
105	14	18.84	2.46868385987
106	15	18.95	2.37644692766
107	15	19.34	2.53069160508
108	14	18.65	2.41402154091
109	14	18.84	2.6027677576
110	14	18.94	2.29704157559
111	14	19.09	2.63474856485
112	14	18.94	2.88728245934
113	14	18.7	2.45560583156
114	14	19.21	2.58957525475
115	14	19.09	2.49837947478
116	14	19.42	2.38822109529
117	14	19.4	2.61151297144
118	14	19.28	2.32413424741
119	14	19.21	2.56240121761
120	14	19.03	2.70723105774
121	14	18.77	2.70501386318
122	14	19.05	2.3595550428
123	14	18.78	2.44777449942
124	14	18.62	2.53684843852
125	14	18.73	2.58400851392
126	14	18.77	2.58787557661
127	14	18.88	2.72866267611
128	14	19.17	2.62699448039
129	15	19.14	2.41669195389
130	15	19.13	2.44808088102
131	15	19.2	2.4899799196
132	15	19.24	2.27648852402
133	15	19.62	2.40324780245
134	15	19.74	2.48443152451
135	15	19.53	2.51974205029
136	15	19.78	2.46
137	14	19.94	2.53700610957
138	16	20.13	2.36497357279
139	16	20.26	2.55585602098
140	16	20.18	2.38486896915
141	16	20.01	2.67766689489
142	16	19.88	2.59337617788
143	15	19.83	2.57314982074
144	15	19.54	2.59005791441
145	15	19.34	2.45038772442
146	15	19.62	2.49311050698
147	15	19.43	2.45460791166
148	16	19.82	2.52737017471
149	15	19.76	2.72073519476
150	16	19.45	2.21528779169
151	16	19.67	2.40854728
152	14	19.15	2.73998175176
153	14	19.03	2.50381708597
154	14	18.74	2.43565186346
155	14	18.72	2.58487910742
156	13	18.84	2.39883304963
157	14	18.81	2.46046743527
158	14	19.08	2.67088000479
159	14	19.07	2.45867850684
160	14	18.94	2.72697634753
161	14	18.71	2.44251919133
162	14	18.78	2.48427051667
163	14	19.09	2.42113609696
164	14	19.05	2.57050578681
165	14	19.03	2.3851834311
166	15	18.9	2.27376340018
167	14	18.7	2.15174347914
168	14	19.11	2.47747855692
169	14	18.78	2.36888159265
170	14	18.95	2.7509089407
171	14	18.72	2.67237721888
172	14	18.53	2.51974205029
173	14	18.26	2.63674041195
174	14	18.47	2.57470386647
175	14	18.85	2.3339880034
176	14	19.47	2.53162003468
177	14	19.47	2.57081699076
178	14	19.14	2.64204466276
179	14	19.1	2.6776855678
180	15	18.93	2.40106226492
181	14	19.24	2.61961829281
182	15	19.49	2.44333788085
183	15	19.37	2.52053565736
184	14	19.35	2.54312799521
185	14	19.6	2.71293199325
186	14	19.1	2.44335834457
187	14	19.3	2.64386081328
188	14	19.46	2.49967997952
189	14	19.53	2.6323183698
190	14	19.25	2.57827461687
191	15	19.18	2.38067217399
192	15	19.48	2.58255687256
193	15	19.83	2.82862157243
194	16	19.77	2.48537723495
195	15	20.09	2.49437366888
196	15	20.12	2.52301407051
197	16	20.1	2.4062418831
198	16	19.92	2.34810561943
199	14	20.35	2.43464576479
200	16	20.44	2.32086190886
201	16	20.59	2.74989090693
202	16	20.69	2.75207194673
203	16	20.49	2.55927724172
204	13	19.87	2.61401989281
205	13	19.66	2.57767336953
206	15	20.22	2.5083062014
207	14	20.47	2.57470386647
208	14	20.58	2.47054649825
209	14	20.78	2.81985815246
210	14	20.37	2.80946614146
211	14	19.66	2.75397893964
212	14	19.85	2.71799558499
213	14	19.78	2.70029628004
214	14	20.05	2.65094322836
215	14	20.04	2.8032837887
216	13	19.91	2.78242699814
217	13	19.49	2.7147559743
218	13	19.36	2.68149212194
219	13	19.49	2.44333788085
220	13	19.49	2.63247032272
221	14	19.5	2.66645832519
222	15	19.41	2.78242699814
223	13	18.81	2.59497591511
224	14	18.78	2.65924801401
225	14	18.99	2.57097257862
226	15	19.03	2.77292264587
227	12	18.58	2.35872847102
228	14	19.1	2.51197133742
229	13	19.14	2.64204466276
230	13	19.67	2.84272756345
231	12	19.45	3.10282129682
232	12	18.97	2.5669242295
233	12	18.76	3.33202641046
234	11	18.42	2.89889634171
235	11	18.05	2.49949994999
236	11	17.89	2.6453544186
237	11	17.44	2.53503451653
238	11	17.91	2.60804524501
239	11	17.91	3.0433369843
240	12	17.85	2.79776696671
241	12	17.42	2.68395230956
242	14	17.92	2.45226425982
243	13	17.92	2.36084730552
244	13	18.41	2.74260824764
245	13	18.47	2.68124970862
246	13	18.72	2.6536013265
247	13	18.93	2.89570371413
248	13	18.7	2.58263431403
249	13	18.67	2.60789186892
250	13	19.27	2.6452032058
251	13	19.2	2.71293199325
252	15	19.55	2.8857408061
253	15	19.13	2.73369713026
254	12	19.29	2.60881199016
255	12	19.44	2.75797026815
256	12	20.06	2.4650354967
257	15	20.21	2.790322562
258	13	19.72	2.88124972885
259	13	19.4	2.86705423737
260	12	19.28	2.84633097162
261	12	19.04	2.92547432052
262	14	19.2	2.57681974535
263	13	19.3	2.75499546279
264	10	19.24	2.96688388718
265	13	18.76	2.79327764463
266	12	18.7	2.64764045897
267	12	18.73	2.85956290366
268	12	19.1	3.51425667816
269	12	18.55	2.9030156734
270	12	18.23	2.7380832712
271	12	18.47	2.85115765962
272	12	17.5	2.83019433962
273	12	17.82	3.1823890397
274	12	17.8	3.08544972411
275	11	18.06	2.98268335564
276	11	18.4	3.07245829915
277	11	18.05	2.94745653064
278	11	17.99	3.38967550069
279	11	17.42	2.94679486901
280	11	17.54	2.96452357049
281	11	17.51	3.29088134092
282	11	17.54	3.456645773
283	11	17.75	2.98119103715
284	11	17.68	3.08181764548
285	11	17.9	3.35410196625
286	11	17.34	2.97395359749
287	11	17.38	2.88714391744
288	12	17.91	2.83934851683
289	12	18.7	2.86181760425
290	11	18.61	2.56474170239
291	11	18.89	2.97622243792
292	11	19.07	2.97070698656
293	13	19.49	2.96477655145
294	14	19.13	2.80590448875
295	14	18.87	3.11337437518
296	13	18.94	2.57612111517
297	13	19.21	3.13462916467
298	13	18.53	2.69241527258
299	13	18.52	2.91369181624
300	12	18.01	2.84778861575
1	39	59.46	5.43400404858
2	40	54.4	4.61519230369
3	40	50.46	3.94060908998
4	39	47.02	3.08862428923
5	38	44.58	3.00725788718
6	34	43.17	3.26513399419
7	34	41.71	3.12504399969
8	34	40.23	2.52132901463
9	33	38.78	2.63658870513
10	33	37.43	2.41352439391
11	31	36.76	2.63484344886
12	30	35.93	2.35055312639
13	31	35.17	2.41269558793
14	31	34.91	2.23649279006
15	29	34.58	2.46243781647
16	29	34.07	2.63535576346
17	28	33.43	2.55442752882
18	26	33.58	2.87116701012
19	25	33.16	2.88693609212
20	25	31.9	2.86530975638
21	24	30.91	2.95667042465
22	24	29.95	2.79776696671
23	24	29.16	2.71926460647
24	22	28.35	2.27321358433
25	23	28.08	2.6331729909
26	22	27.28	2.39198662204
27	21	26.81	1.99847441815
28	21	26.84	2.33117995873
29	21	26.85	2.55098020376
30	21	26.05	2.37644692766
31	20	25.84	2.12471174516
32	20	25.74	2.50047995393
33	20	25.18	2.5035175254
34	18	24.73	2.57237244582
35	18	24.02	2.58835855321
36	18	23.85	2.69583011334
37	18	23.68	2.67910432794
38	17	23.3	2.69629375254
39	16	23.3	2.84429253067
40	17	22.9	2.46779253585
41	17	22.49	2.96814757046
42	17	21.93	2.61248923443
43	17	21.67	2.52212212234
44	15	21.73	2.61860649965
45	15	21.32	2.54511296409
46	14	21.0	2.58843582111
47	14	20.1	2.39791576166
48	14	20.16	3.03222690444
49	13	19.75	3.10282129682
50	14	19.24	2.72440819262
51	14	19.73	2.76353035084
52	14	19.54	2.67364919165
53	14	19.9	2.39374184072
54	15	20.24	2.57728539359
55	14	20.53	2.79805289442
56	14	20.04	2.7236739893
57	15	19.49	2.65516477831
58	15	19.37	2.55207758503
59	14	19.51	2.48795096415
60	14	19.25	2.69583011334
61	13	19.17	2.39605926471
62	13	19.09	2.60804524501
63	13	19.2	2.8
64	13	19.07	2.79376090602
65	11	18.66	2.76485080972
66	11	18.4	2.7276363394
67	11	18.15	2.84033448734
68	11	17.78	2.84808707732
69	11	17.98	2.67947756102
70	11	18.06	3.09457589986
71	11	17.32	2.80314109527
72	11	16.85	2.8191310718
73	12	17.14	2.7240411157
74	12	17.39	3.19967185818
75	12	17.11	2.63778316016
76	12	17.17	3.1017898059
77	12	16.88	2.62404268258
78	12	16.66	2.82212685753
79	12	17.0	2.63438797446
80	11	17.34	2.9537095321
81	12	17.34	2.4463033336
82	10	17.7	2.90688837075
83	11	17.27	2.63003802254
84	11	17.07	2.89224826044
85	11	17.16	2.91794448199
86	11	17.0	2.60768096208
87	11	17.3	2.68886593195
88	12	17.0	3.03644529014
89	10	16.55	2.69953699734
90	10	16.67	3.04320554679
91	10	16.55	2.94745653064
92	10	16.27	3.31920171126
93	10	16.41	2.91580177653
94	10	16.68	3.09799935442
95	10	16.77	3.03596772051
96	10	16.93	2.91291949769
97	10	16.96	2.89454659662
98	10	16.77	2.87003484299
99	10	17.08	2.84140810163
100	11	17.21	3.12504399969
101	11	16.74	2.81645166832
102	10	16.42	2.89544469814
103	12	16.38	2.6297528401
104	12	16.76	2.746343023
105	12	16.85	2.78343313194
106	12	16.61	2.58416330753
107	12	17.13	2.6330780467
108	12	17.43	2.72490366802
109	12	17.78	2.71138341073
110	12	17.8	2.97657521323
111	12	17.41	2.96679962249
112	11	17.34	2.77928048243
113	12	17.36	2.6287639681
114	11	17.8	2.683281573
115	11	17.71	2.80105337329
116	11	17.57	2.79017920571
117	14	17.84	2.6027677576
118	13	17.69	2.54045271556
119	12	17.76	2.37537365482
120	14	18.18	2.550999804
121	13	18.19	2.72651792585
122	13	18.2	2.85306852354
123	14	18.62	2.61832007211
124	14	18.49	2.65516477831
125	12	18.59	2.86389594783
126	12	18.15	2.74362898366
127	12	17.94	2.66015037169
128	12	18.02	2.82835641318
129	12	17.72	2.57713018686
130	12	18.0	2.89136645896
131	12	18.06	3.07837619533
132	12	17.84	2.89385555963
133	12	17.61	2.86668798442
134	12	17.78	3.0119096932
135	12	17.76	3.16581742999
136	12	17.38	2.79921417544
137	12	17.57	2.98749058576
138	12	17.47	2.94433354089
139	12	17.32	3.12051277837
140	12	16.89	2.92538886304
141	12	16.96	2.73466634162
142	11	16.91	2.7967659895
143	12	17.3	2.76947648483
144	12	17.69	2.75570317705
145	12	18.0	3.0886890423
146	10	18.06	2.95574017803
147	13	18.24	2.69117074895
148	13	18.71	2.78314570226
149	12	18.56	2.76521246923
150	12	18.81	3.1102893756
151	11	18.55	3.04097023991
152	11	18.73	3.31920171126
153	11	18.49	3.32413898626
154	11	18.33	3.1017898059
155	11	18.5	2.9883105595
156	11	18.42	2.90578732876
157	12	18.61	3.02620224043
158	11	18.12	2.78668261558
159	10	17.48	2.89302609736
160	10	17.76	2.75724500181
161	12	17.69	2.53651335498
162	11	18.14	2.84963155513
163	11	18.15	3.03108891325
164	11	17.86	3.0855145438
165	11	17.91	2.87435210091
166	10	17.73	2.91840709977
167	11	17.57	3.04714620588
168	11	17.83	2.7966229635
169	10	17.49	2.78026977108
170	10	17.8	2.85306852354
171	12	17.61	2.91168336191
172	12	17.77	2.93889434992
173	12	17.58	2.87464780451
174	12	18.05	2.68095132369
175	12	18.01	3.02157243832
176	12	18.44	2.87165457533
177	12	18.07	2.84343102607
178	12	18.23	2.97944625728
179	12	17.98	2.90509896561
180	13	17.85	2.86836190185
181	12	17.68	2.66037591329
182	11	17.9	2.47184141886
183	11	18.04	2.92205407205
184	11	18.1	2.72580263409
185	11	17.75	2.98454351618
186	11	17.08	3.00892007205
187	11	17.05	2.79776696671
188	11	17.14	2.73868581623
189	11	17.54	3.11583054738
190	11	17.3	2.65141471671
191	11	16.86	2.78215743624
192	11	17.33	2.80732969207
193	11	17.13	2.80233830934
194	11	17.13	3.10694383599
195	11	16.94	2.85594117586
196	12	17.1	2.93087017795
197	11	16.49	2.60190314962
198	12	16.45	2.5860201082
199	12	16.66	2.73576314764
200	11	16.62	2.31853401959
201	13	17.4	2.86356421266
202	12	17.01	2.55927724172
203	11	16.97	2.53162003468
204	12	17.19	2.63322995578
205	12	17.93	2.7175540473
206	11	18.05	2.78343313194
207	11	17.95	3.20741328799
208	11	17.56	2.81183214293
209	11	17.42	2.85720142797
210	11	17.59	2.888234755
211	11	17.55	2.8332843133
212	11	17.58	2.70621506906
213	12	17.4	3.0166206258
214	12	17.11	2.71990808668
215	12	17.41	2.64232851856
216	11	17.19	2.80960851365
217	13	17.15	2.69211812519
218	13	17.7	2.84429253067
219	12	17.32	2.70140704078
220	13	17.78	2.64794259757
221	13	17.82	2.62442374627
222	13	17.32	2.46121921007
223	13	17.65	2.59759504157
224	12	18.12	2.53092868331
225	12	18.59	2.82168389441
226	13	19.33	3.17507480227
227	11	18.47	2.93753297854
228	13	18.15	2.45509673944
229	12	18.74	3.32451500222
230	12	18.53	3.02474792338
231	14	18.13	2.79519230108
232	14	17.93	2.47489393712
233	14	18.44	2.62038165159
234	12	18.51	2.67766689489
235	14	19.14	2.99339272398
236	14	19.27	2.78874523756
237	14	19.22	2.78416953507
238	14	19.42	2.75746260174
239	11	19.55	2.39739441895
240	11	19.9	3.01496268634
241	13	19.2	2.78567765544
242	13	19.01	2.89307794572
243	13	18.75	2.43464576479
244	14	19.17	3.07913949018
245	14	19.01	2.92743915394
246	13	18.97	2.93412678663
247	13	18.8	2.64196896272
248	13	19.11	2.93562599798
249	13	18.63	2.56770325388
250	14	18.85	2.45916652547
251	13	19.07	2.58555603304
252	13	19.19	2.80248104365
253	14	19.07	2.6315584736
254	13	19.1	2.94108823397
255	14	18.76	2.93298482778
256	14	18.69	2.74114939396
257	14	18.86	2.88104147835
258	14	18.77	2.59173686936
259	14	18.93	2.60865865916
260	14	19.02	2.7820136592
261	14	18.91	2.65742356428
262	14	19.27	2.57237244582
263	14	19.21	2.79390407853
264	14	19.46	2.84752524133
265	14	19.37	2.86235916684
266	14	19.45	2.8191310718
267	13	19.51	2.97487814877
268	13	19.35	2.89611809151
269	14	18.88	2.54668411861
270	13	19.28	2.5810075552
271	13	19.37	2.84132011572
272	14	18.8	2.65329983228
273	11	18.67	2.75337974134
274	13	18.6	2.56515106768
275	13	18.66	2.66165362134
276	13	18.66	2.70636287293
277	13	18.23	2.53714406371
278	13	18.41	2.48634269561
279	13	18.79	2.80105337329
280	14	18.42	2.40906620914
281	14	18.05	2.66973781484
282	14	18.54	2.65488229494
283	13	18.4	2.29346898824
284	14	18.97	2.65501412426
285	14	18.61	2.5764122341
286	14	18.61	2.73822935489
287	14	18.37	2.79519230108
288	14	17.93	2.52291498073
289	14	18.12	2.46690088978
290	14	18.16	2.30095632292
291	12	18.55	2.73267268439
292	12	18.36	2.55937492369
293	14	18.7	2.63628526529
294	14	18.78	2.35193537326
295	13	18.95	2.60144190787
296	13	18.78	2.6099042128
297	14	18.88	2.51507455158
298	14	18.86	2.61541583692
299	14	18.6	2.62678510731
300	14	18.82	2.81204551883
1	44	59.7	5.17976833459
2	42	54.97	4.51099767236
3	42	50.61	3.28905761579
4	40	47.79	2.8645942121
5	38	45.64	2.7659356464
6	35	44.23	3.0326720891
7	36	42.47	2.38937230251
8	32	41.03	2.61325467569
9	35	39.64	2.22494943763
10	33	38.49	2.28689746163
11	32	37.0	1.8
12	31	36.14	1.9184368637
13	31	35.69	2.07699301877
14	30	34.79	2.21943686551
15	29	33.57	2.05550480418
16	28	33.18	2.27323557952
17	25	32.25	2.34680634054
18	26	31.87	2.14315188449
19	25	31.49	2.06637363514
20	25	31.1	2.39374184072
21	23	29.95	2.37644692766
22	23	29.53	2.69983332819
23	23	28.8	2.40831891576
24	23	27.64	2.21142488003
25	23	27.41	2.5023788682
26	22	26.38	2.18531462266
27	22	26.28	2.14979068749
28	22	26.6	2.30217288664
29	21	26.28	2.25424044858
30	20	25.95	2.32540319085
31	20	25.95	2.68840101175
32	21	25.53	2.47165936164
33	21	25.55	2.58988416729
34	21	25.03	2.26475164201
35	19	25.06	2.25752076402
36	19	25.02	2.26265330972
37	20	25.15	2.68840101175
38	20	24.77	2.85256025353
39	19	24.26	2.54409119333
40	19	23.75	2.54312799521
41	19	23.38	2.38654562077
42	14	23.4	2.46576560119
43	17	23.17	2.59250843779
44	18	23.08	2.6331729909
45	18	23.3	2.59807621135
46	19	23.42	2.60453450735
47	19	23.2	2.82842712475
48	18	22.71	2.39706070011
49	18	22.36	2.31741235001
50	18	22.29	2.26845762579
51	17	22.43	2.59327977665
52	16	21.94	2.53306138891
53	16	22.24	2.67626605553
54	15	21.84	2.87652568214
55	16	21.41	2.76077887561
56	16	21.08	2.79170198983
57	16	21.27	2.57625697476
58	16	21.11	2.85970278176
59	15	20.05	2.51147367097
60	14	19.91	2.91580177653
61	15	19.77	2.77796688245
62	15	19.17	2.27620297865
63	15	19.4	2.58069758011
64	15	19.61	2.2176338742
65	16	20.0	2.45356882928
66	14	19.64	2.36016948544
67	14	19.21	2.19679311725
68	14	19.43	2.36750923969
69	14	19.44	2.65450560369
70	14	18.92	2.75564874394
71	14	19.02	2.67947756102
72	14	19.32	2.77445490142
73	14	18.89	2.77450896556
74	14	18.35	2.54705712539
75	13	18.75	2.61294852609
76	13	18.4	2.61151297144
77	12	18.05	2.92702921065
78	12	17.92	2.91094486379
79	12	17.56	2.61273802743
80	11	17.66	3.05031145951
81	12	17.15	2.50748878362
82	12	16.85	2.68095132369
83	12	16.92	2.58333118279
84	12	16.86	2.77495945916
85	12	16.85	2.60528309402
86	11	16.18	2.46324988582
87	11	16.37	2.57936038583
88	11	16.65	2.69583011334
89	11	16.52	2.82658804922
90	11	16.51	2.64762157417
91	11	16.88	2.81879406839
92	11	16.84	2.86956442688
93	11	17.01	3.07406896474
94	11	16.25	2.72534401498
95	8	16.43	2.76497739593
96	10	16.53	3.11273191907
97	11	15.8	2.78208554865
98	11	16.49	2.82664111624
99	11	16.2	2.98663690461
100	11	16.33	3.20953267626
101	11	16.09	3.00364778228
102	11	16.16	2.62571894916
103	11	16.55	2.57827461687
104	8	16.86	3.06600717546
105	11	16.7	2.85131548588
106	12	16.75	2.89611809151
107	8	16.97	2.9477279386
108	8	16.78	2.99192245889
109	10	16.64	2.63256528884
110	12	17.19	2.90411776621
111	11	17.02	3.11762730293
112	12	16.68	2.83153668526
113	8	16.21	2.7469801601
114	8	16.05	2.60528309402
115	9	16.65	2.93726062854
116	9	16.34	2.77568009684
117	9	16.12	2.78668261558
118	9	16.42	2.62366156354
119	10	16.39	2.84568093784
120	11	16.87	2.60635761169
121	11	17.41	2.83582439513
122	12	17.28	3.01356931229
123	11	17.31	2.90755911376
124	11	17.15	2.79060925248
125	11	16.87	2.7880279769
126	10	16.83	2.90535712091
127	10	16.6	2.93598365118
128	10	16.68	2.77445490142
129	10	16.81	3.07146544828
130	9	16.76	2.97025251452
131	9	15.96	2.8527881099
132	9	16.15	3.23225927178
133	11	15.77	2.60328638455
134	11	15.77	2.69390051784
135	11	16.01	2.76945843081
136	10	16.16	2.80969749261
137	10	16.24	2.85348909232
138	10	16.42	2.87812438925
139	9	16.74	2.83061830701
140	10	17.8	2.97657521323
141	10	17.78	2.84808707732
142	9	17.55	2.55880831638
143	13	18.23	2.7123974635
144	13	18.23	2.62242254414
145	10	18.88	3.13138946795
146	12	19.06	3.08486628559
147	12	18.26	2.81289886061
148	11	18.36	3.16075940242
149	9	17.74	3.03848646533
150	10	18.48	2.98154322457
151	9	18.35	3.32377797092
152	10	17.81	3.3005908562
153	10	17.51	3.10964628214
154	11	17.2	2.94957624075
155	11	17.73	2.86305780591
156	11	17.98	2.88783656047
157	11	18.04	2.75651954464
158	11	18.07	3.11208933034
159	11	17.62	2.85229731971
160	13	18.0	2.94618397253
161	13	17.82	2.71064567954
162	13	18.15	2.67721870605
163	10	17.79	2.62028624391
164	10	17.53	2.90673356192
165	11	17.19	2.96207697402
166	10	17.03	3.06742563072
167	10	17.2	2.87749891399
168	11	17.0	2.73495886624
169	11	16.98	2.8739519829
170	11	16.95	2.79776696671
171	10	17.05	2.8332843133
172	11	17.52	3.05116371242
173	11	17.46	3.16676491076
174	11	17.46	2.95776942982
175	10	17.09	3.0169355313
176	9	16.61	2.94582755775
177	10	16.65	2.66973781484
178	10	17.31	2.71917266829
179	10	16.97	2.86166035721
180	12	17.18	2.77265215994
181	10	17.08	2.74109467184
182	10	16.85	3.07367857786
183	10	16.77	3.08821955178
184	10	16.81	3.07146544828
185	10	16.62	3.05869253113
186	10	16.35	3.07367857786
187	10	17.19	2.93153543386
188	10	16.96	2.81751663704
189	10	17.21	3.03412260794
190	11	16.94	3.10425514415
191	12	16.7	2.71845544381
192	9	16.87	3.24547377127
193	9	16.88	2.89924128006
194	10	16.67	2.7930449334
195	10	17.22	3.14826936586
196	10	16.75	3.15713477698
197	10	16.9	2.88617393793
198	12	16.92	2.79885690953
199	12	17.24	2.73905093052
200	11	17.35	3.10282129682
201	12	17.08	2.6102873405
202	12	17.4	2.85657137142
203	11	17.29	3.00431356553
204	11	17.43	2.99083600353
205	11	17.14	2.92581612546
206	10	16.83	3.2126468838
207	9	16.8	2.74226184016
208	9	17.36	2.91725898747
209	11	17.52	2.75855034393
210	11	17.54	2.66615828487
211	11	17.25	3.21052955134
212	11	16.86	3.26196259942
213	11	16.51	2.70737880615
214	11	16.78	2.8304769916
215	11	16.94	2.67140412517
216	11	17.65	2.8332843133
217	12	17.64	2.86537955601
218	11	17.44	2.98100654142
219	11	16.86	3.07902581996
220	11	16.84	2.87652568214
221	11	17.19	2.85199929874
222	10	17.44	2.83661770424
223	10	16.78	3.16727011794
224	10	16.36	3.3000606055
225	11	16.17	2.76063398516
226	11	16.54	2.92718294611
227	10	16.61	2.77450896556
228	12	16.48	2.62099217855
229	12	17.07	2.60482245076
230	12	17.04	2.88416365694
231	12	16.74	2.5084656665
232	12	17.0	2.98328677804
233	12	17.29	2.90618306375
234	10	17.29	2.8889271365
235	12	17.23	2.57625697476
236	12	17.49	2.60574365585
237	12	17.57	2.7758061892
238	12	17.66	2.87478694863
239	12	17.88	2.73232501727
240	12	17.77	2.51735972797
241	12	18.51	2.35582257396
242	10	18.56	2.87513477945
243	12	18.67	2.69835134851
244	12	18.43	2.63914758966
245	10	18.37	2.55599295774
246	10	18.81	2.64081426836
247	11	18.47	2.95788775987
248	9	18.43	3.2931899429
249	9	17.55	3.16977917212
250	9	17.59	3.12440394315
251	9	17.58	3.39169574107
252	9	17.11	3.00298185143
253	11	17.21	2.86110118661
254	11	17.4	2.82842712475
255	11	17.68	2.99626434081
256	6	17.34	3.19443265698
257	8	16.73	3.08497974061
258	8	16.28	3.1435012327
259	8	16.47	3.16687543171
260	10	16.79	2.90274008482
261	10	16.76	3.03354578011
262	10	16.91	3.09546442396
263	10	16.65	3.13169283296
264	10	16.93	2.91291949769
265	10	17.05	2.56661255354
266	7	17.32	3.24
267	7	17.13	3.35158171615
268	7	16.49	3.26954125222
269	7	16.61	3.15244349672
270	9	16.72	2.75347053734
271	9	17.33	3.28041155955
272	9	16.76	3.04670313618
273	9	17.29	3.25359800836
274	10	17.15	2.99457843444
275	7	16.89	3.47244870372
276	9	16.46	3.12864187788
277	8	16.17	2.91223282036
278	9	16.44	3.00439677806
279	8	16.3	3.34215499341
280	10	15.75	2.98789223367
281	7	15.75	3.06716481461
282	7	15.38	3.20243657236
283	10	15.61	3.11093233613
284	9	15.85	3.08342342211
285	9	15.88	3.16316297399
286	9	15.79	3.18212193355
287	9	15.83	3.14023884442
288	8	16.14	3.12416388815
289	9	15.69	3.10385244495
290	9	15.57	2.97070698656
291	9	15.49	3.19216227658
292	7	15.67	3.42652885585
293	7	15.12	3.44174374409
294	7	15.3	3.1448370387
295	7	14.74	3.20817705247
296	9	15.49	2.94107123341
297	7	15.52	3.26949537391
298	7	15.41	3.26525649835
299	7	15.35	3.18551408724
300	10	15.14	2.80007142766
1	42	59.33	5.72897023906
2	42	54.78	5.10995107609
3	42	49.8	4.22847490237
4	39	46.5	2.60959767014
5	35	44.46	2.80149959843
6	34	42.69	3.04530786621
7	34	40.88	2.60491842483
8	32	39.04	2.84225262776
9	32	36.97	2.50780780763
10	30	35.97	2.39772809134
11	28	35.3	2.4269322199
12	28	33.86	2.21819746641
13	27	33.03	2.06133451919
14	28	32.56	2.28613210467
15	26	31.79	2.14613606279
16	26	31.12	2.49911984507
17	26	30.7	2.33880311271
18	26	30.23	2.32316594328
19	24	29.77	2.37004219372
20	24	29.76	2.19599635701
21	23	29.69	2.39455632634
22	21	29.67	2.32402667799
23	20	29.01	2.57485921945
24	20	28.24	2.73905093052
25	20	27.66	2.29006550125
26	22	27.77	2.29283667103
27	22	27.65	2.34254135502
28	21	27.05	2.38065117142
29	22	26.8	2.17715410571
30	22	27.07	2.43415283004
31	22	26.81	2.21673182862
32	22	26.62	2.30555850067
33	21	26.6	2.35372045919
34	19	26.47	2.61325467569
35	19	25.73	2.14874381907
36	19	25.57	2.27268563598
37	19	25.54	2.68484636432
38	18	24.68	2.64907531037
39	18	23.92	2.73378857997
40	18	23.22	2.55569951285
41	18	23.03	2.25146618895
42	17	22.91	2.3069243594
43	18	22.67	2.48215632062
44	19	22.22	2.13344791359
45	16	21.73	2.14408488638
46	16	22.09	2.50637187983
47	17	22.01	2.39789491012
48	17	21.87	2.55599295774
49	17	21.13	2.48457239782
50	17	20.72	2.14979068749
51	17	21.1	2.27376340018
52	17	20.95	2.29074223779
53	17	21.45	2.69583011334
54	17	20.71	2.45477086507
55	17	20.49	2.10947860857
56	17	20.31	1.95803472901
57	18	20.64	2.1932624102
58	17	20.88	2.16923949807
59	17	20.72	2.6003076741
60	16	20.45	2.4672859583
61	17	20.46	2.51563113353
62	16	20.43	2.38014705428
63	16	20.22	2.43137820999
64	16	20.08	2.34384299815
65	16	19.95	2.48344518764
66	16	19.96	2.55311574356
67	16	20.0	2.52586618806
68	16	20.02	2.63431205441
69	16	19.61	2.32333811573
70	16	19.94	2.56444925861
71	16	19.58	2.65020753904
72	16	19.33	2.34544238897
73	16	19.09	2.3112550703
74	16	19.19	2.43595976978
75	16	19.7	2.38117617996
76	16	19.84	2.2747307533
77	16	19.85	2.23327114341
78	16	20.16	2.28350607619
79	16	20.11	2.02432704868
80	16	20.85	2.36378933071
81	15	20.79	2.66193538614
82	15	20.23	2.34885078283
83	16	20.2	2.10237960416
84	14	19.99	2.74770813588
85	14	20.44	2.56249878049
86	15	20.37	2.3860217937
87	15	20.09	2.52228071396
88	16	20.42	2.40906620914
89	15	20.57	2.35904641752
90	15	20.49	2.59805696627
91	15	20.24	2.37957979484
92	15	20.58	2.52261768804
93	16	20.23	2.37425777876
94	16	20.6	2.70924343683
95	16	20.13	2.66328744224
96	16	20.11	2.55693175505
97	15	20.08	2.64454154817
98	14	19.91	2.604208133
99	15	20.4	2.513961018
100	15	20.12	2.51109537852
101	15	20.41	2.86389594783
102	15	20.11	2.47343890161
103	15	19.81	2.53256786681
104	15	20.19	2.73018314404
105	15	20.07	2.42179685358
106	15	19.82	2.43055549206
107	15	20.25	2.32969955144
108	15	20.63	2.68199552572
109	15	20.42	2.57363556084
110	15	19.92	2.32671442167
111	15	19.9	2.48394846967
112	15	20.31	2.89722280814
113	16	19.48	2.4838679514
114	16	19.9	2.52784493195
115	16	19.98	2.48588012583
116	15	20.16	2.55624724939
117	15	19.7	2.23383079037
118	15	20.1	2.65518360947
119	16	19.9	2.3769728648
120	14	19.77	2.63763151331
121	17	19.56	2.33375234333
122	16	19.77	2.34032049087
123	15	20.09	2.73530619858
124	15	19.28	2.2586721763
125	15	19.06	2.47717581128
126	15	19.39	2.42030989751
127	15	19.47	2.47165936164
128	15	18.82	2.29947820168
129	15	19.12	2.54668411861
130	15	19.07	2.43415283004
131	15	19.75	2.67348087706
132	15	19.66	2.41751938979
133	14	19.71	2.58184042884
134	14	19.5	2.58650343128
135	15	19.65	2.53525146682
136	15	19.86	2.95303233982
137	15	19.89	2.74916350914
138	16	19.9	2.44335834457
139	16	19.9	2.7
140	16	19.39	2.6453544186
141	15	19.58	2.48265986394
142	14	19.2	2.56515106768
143	14	19.37	2.45623695925
144	14	19.03	2.55912094282
145	13	19.22	2.73342276276
146	15	19.41	2.62333756882
147	14	19.6	2.7748873851
148	14	19.63	2.74464934008
149	15	19.14	2.93945573193
150	14	18.83	2.33261655657
151	15	19.76	2.70229532065
152	14	20.01	2.8017672994
153	14	19.04	2.5016794359
154	14	19.25	2.4015619917
155	14	19.81	2.58725723499
156	14	19.71	2.42608738507
157	15	19.58	2.71727804981
158	15	19.56	2.62800304414
159	15	19.71	2.63550754125
160	15	19.94	2.66765814901
161	15	19.6	2.63058928759
162	15	19.85	2.51545224562
163	14	19.37	2.61019156385
164	14	19.39	2.54123985487
165	14	19.78	2.59453271323
166	14	19.59	2.54202675045
167	15	19.86	2.48201531019
168	16	20.15	2.38903746308
169	14	19.78	2.5083062014
170	14	19.88	2.5388186229
171	16	19.53	2.18382691622
172	15	19.86	2.44548563684
173	16	20.29	2.62028624391
174	14	20.85	2.69953699734
175	16	20.49	2.50397683695
176	16	20.13	2.69686855445
177	15	20.03	2.41020745995
178	15	19.58	2.53053354058
179	14	19.48	2.31292023209
180	13	19.87	2.6330780467
181	13	19.73	2.52529206232
182	14	20.35	2.66973781484
183	14	20.61	2.89100328606
184	16	20.08	2.57557760512
185	16	20.19	2.58725723499
186	15	19.96	2.51364277494
187	16	19.91	2.39622619967
188	16	19.24	2.37537365482
189	16	19.83	2.56146442489
190	16	20.35	2.72534401498
191	16	20.56	2.62038165159
192	16	20.98	2.74947267671
193	16	20.97	2.43497433251
194	17	20.72	2.40865107477
195	17	21.11	2.54909787964
196	16	20.88	2.38444962203
197	16	21.4	2.5099800796
198	18	21.65	2.2287889088
199	17	21.35	2.61294852609
200	17	21.32	2.65284752672
201	17	21.29	2.32075418776
202	16	21.24	2.45405786403
203	17	21.62	2.51706177914
204	16	21.24	2.54605577315
205	17	21.12	2.37604713758
206	17	21.46	2.53542895779
207	17	21.44	2.58580741742
208	17	21.29	2.34646542698
209	17	21.35	2.53919278512
210	17	21.44	2.29050212836
211	17	21.43	2.64293397572
212	15	20.83	2.74610633443
213	15	20.73	2.3910457963
214	15	20.54	2.80149959843
215	16	19.85	2.32969955144
216	15	19.46	2.07566856699
217	16	19.42	2.3629642401
218	16	19.79	2.60113436792
219	16	20.0	2.71661554144
220	15	19.86	2.60775765745
221	15	19.04	2.42454119371
222	15	19.1	2.42280828792
223	15	19.33	2.4700404855
224	16	19.63	2.54815619615
225	16	20.21	2.58957525475
226	15	20.35	2.72534401498
227	15	19.99	2.48795096415
228	15	19.59	2.57718839048
229	15	19.97	2.7944766952
230	15	19.32	2.33615068007
231	15	19.99	2.58648410009
232	15	19.68	2.54511296409
233	15	19.99	2.47182119094
234	16	20.17	2.39188210412
235	15	20.05	2.46322958735
236	16	20.73	2.77796688245
237	16	20.55	2.73267268439
238	16	20.29	2.73968976346
239	16	19.9	2.59807621135
240	16	20.36	2.78035968896
241	16	19.96	2.47757946391
242	16	20.04	2.43688325531
243	16	19.91	2.66493902369
244	16	19.47	2.13754532116
245	16	19.89	2.42443807923
246	15	19.89	2.73091559738
247	15	19.35	2.45916652547
248	15	19.48	2.45552438391
249	15	19.68	2.5685793739
250	15	19.49	2.43102858889
251	15	19.22	2.44368574084
252	15	19.2	2.54165300543
253	15	19.46	2.60161488311
254	15	19.32	2.57246963053
255	15	19.35	2.48746859277
256	16	19.14	2.13550930693
257	15	19.53	2.77292264587
258	15	19.33	2.72416959824
259	16	19.56	2.63939386981
260	16	19.28	2.34554897625
261	15	19.62	2.55648195769
262	15	19.19	2.37779309445
263	15	19.13	2.48457239782
264	15	19.24	2.44180261283
265	15	19.08	2.41114080883
266	16	19.46	2.53542895779
267	16	19.75	2.56271340575
268	16	19.39	2.3490210727
269	16	19.57	2.39271811963
270	16	20.01	2.20224885061
271	16	20.93	2.70649219471
272	16	20.37	2.49260907485
273	16	20.67	2.35819846493
274	16	20.47	2.52370759003
275	16	20.62	2.57208086965
276	16	20.71	2.42608738507
277	16	20.49	2.64762157417
278	16	20.02	2.46568448914
279	16	20.3	2.51594912508
280	16	20.67	2.86375627455
281	16	20.25	2.63581107062
282	16	19.95	2.58215026674
283	16	20.06	2.185497655
284	15	20.22	2.55960934519
285	15	19.85	2.52735039122
286	15	20.14	2.61923652998
287	15	20.02	2.46162547923
288	14	19.95	2.65471279049
289	14	19.86	3.12416388815
290	14	19.04	2.66428226733
291	14	18.99	2.57485921945
292	15	19.03	2.58246006746
293	15	19.33	2.58864829593
294	14	19.35	2.51147367097
295	14	19.49	2.61723136157
296	14	19.23	2.37846589212
297	14	19.68	2.66788305591
298	15	19.87	2.78443890218
299	15	20.1	2.94108823397
300	15	19.38	2.85229731971
1	44	60.12	4.3824194231
2	43	55.81	3.53467113039
3	43	52.69	3.34273839838
4	40	49.98	3.13362409998
5	41	47.5	2.77668867538
6	38	45.35	2.80490641555
7	38	43.67	2.41683677562
8	33	42.41	2.46209260589
9	33	40.75	2.68095132369
10	31	39.28	2.45389486327
11	31	38.2	2.5099800796
12	31	37.06	2.28394395728
13	30	36.59	2.57330526755
14	30	34.9	2.68141753556
15	27	33.32	2.41611258016
16	27	32.52	2.23821357337
17	27	32.18	2.35108485598
18	27	31.49	2.46777227474
19	24	31.12	2.61258492685
20	26	30.84	2.57184758491
21	24	29.96	2.44098340838
22	23	29.65	2.3510635891
23	23	29.55	2.54705712539
24	22	29.02	2.69436448908
25	22	28.74	2.65563551716
26	22	28.16	2.56405928169
27	22	27.76	2.53424544983
28	21	27.28	2.3198275798
29	21	26.69	2.41948341594
30	20	26.65	2.7654113618
31	19	26.05	2.47941525364
32	21	25.28	2.07884583363
33	21	25.24	2.51443830706
34	19	25.08	2.36507927986
35	20	24.7	2.39791576166
36	20	24.2	2.05426385842
37	16	23.92	2.43589819163
38	18	23.58	2.54236110732
39	18	23.48	2.5396062687
40	18	22.51	2.26050879229
41	16	22.04	2.57650926643
42	16	21.46	2.30399652778
43	16	21.48	2.32155120555
44	17	21.63	2.41931808574
45	17	21.31	2.25253190876
46	17	21.11	2.52545045487
47	16	20.81	2.39037653938
48	16	20.29	2.35497346057
49	16	20.8	2.54558441227
50	16	20.34	2.55820249394
51	16	20.31	2.50477543904
52	16	19.61	2.47747855692
53	15	19.68	2.26662745064
54	15	19.8	2.43310501212
55	15	19.64	2.39382539046
56	15	19.6	2.27596133535
57	15	19.66	2.69154230879
58	15	19.35	2.21528779169
59	15	19.62	2.47297391818
60	14	19.02	2.36211769393
61	15	18.79	2.21943686551
62	14	19.17	2.47812429067
63	14	18.9	2.59422435421
64	14	18.6	2.60384331326
65	14	18.05	2.32540319085
66	14	18.05	2.55489725821
67	14	18.17	2.42921798116
68	13	18.12	2.50311805555
69	13	18.7	2.49198715888
70	13	18.4	2.3622023622
71	14	17.94	2.27077079425
72	14	17.97	2.20660372518
73	13	17.9	2.25166604984
74	13	17.56	2.38461736973
75	13	17.66	2.40923224285
76	13	17.72	2.5810075552
77	12	17.5	2.49599679487
78	12	17.43	2.59327977665
79	12	17.59	2.76077887561
80	12	17.71	2.19679311725
81	12	17.55	2.35531314266
82	12	17.85	2.4672859583
83	12	17.68	2.64529771481
84	12	17.68	2.73452006758
85	12	17.59	2.55380108857
86	13	17.46	2.51165284225
87	13	17.65	2.79419040153
88	11	17.18	2.49150556893
89	11	17.49	2.7874540355
90	11	17.32	2.47337825656
91	11	17.48	2.54746933249
92	11	17.4	2.66833281283
93	11	17.21	2.58957525475
94	11	17.24	2.53818833029
95	11	17.68	3.21210211544
96	11	17.59	3.21277138931
97	11	16.66	2.85734142167
98	11	17.08	2.78093509453
99	11	17.0	3.1336879232
100	10	16.3	2.57875939165
101	10	16.58	2.62747026624
102	10	16.46	2.84401125174
103	10	16.48	3.11602310646
104	10	16.26	2.88658968335
105	10	16.09	2.66868881663
106	10	16.04	2.76738143377
107	10	16.43	2.78300197628
108	10	16.29	2.87504782569
109	11	16.09	2.88130178912
110	12	16.12	2.65435491222
111	12	16.23	2.60328638455
112	11	15.92	2.70436683902
113	11	16.6	2.59229627936
114	9	16.52	2.93761808273
115	10	16.44	2.79041215594
116	11	16.62	2.73415434824
117	11	16.69	2.75207194673
118	10	16.83	3.05632131819
119	10	16.75	2.7509089407
120	10	16.18	3.04098668198
121	10	15.59	2.93971087014
122	10	15.33	2.70575312991
123	10	15.85	2.59374246987
124	11	15.49	2.52782515218
125	11	15.81	2.46858258926
126	10	16.12	2.91643618137
127	9	15.91	2.99364326532
128	9	15.72	2.96
129	11	15.79	2.52307352251
130	11	15.9	2.55929677841
131	11	15.73	2.61478488599
132	11	15.88	2.78309180589
133	11	15.37	2.37762486528
134	11	16.2	2.62297540972
135	11	16.19	2.87296014591
136	11	16.44	2.86468148317
137	11	16.4	2.82134719593
138	11	16.21	2.68438074796
139	11	16.02	2.72756301485
140	11	16.04	2.43688325531
141	12	16.6	2.73130005675
142	10	16.66	2.78646729749
143	12	16.88	2.73963501219
144	12	16.97	2.85816374618
145	11	17.1	2.54754784057
146	10	17.52	2.92396990409
147	11	17.53	2.99150463814
148	12	17.52	2.71470072015
149	12	17.85	2.73998175176
150	12	17.62	2.79563946173
151	12	17.85	2.78702350187
152	12	17.61	2.92196851455
153	12	17.4	2.45356882928
154	13	17.7	2.36008474424
155	12	18.37	2.60251801147
156	12	18.76	2.89523746867
157	13	18.4	2.85306852354
158	11	18.13	2.87629970622
159	11	18.35	2.92702921065
160	11	17.79	2.8330019414
161	11	18.06	2.73430064185
162	12	17.93	2.5583393051
163	12	18.31	2.9144296183
164	13	18.37	2.58710262649
165	14	18.27	2.37004219372
166	14	19.2	2.38327505756
167	13	19.07	2.7758061892
168	15	19.08	2.09609160105
169	14	19.24	2.42536595177
170	14	19.69	2.61034480481
171	14	19.47	2.5979030005
172	14	19.0	2.35372045919
173	13	19.04	2.68298341404
174	14	18.98	2.47782162393
175	14	19.34	2.63142546921
176	15	19.1	2.65894716006
177	15	18.99	2.39372095283
178	13	19.09	2.61952285732
179	13	18.95	2.50349755342
180	13	18.74	2.53227170738
181	13	18.54	2.31698079405
182	14	18.73	2.48135043877
183	13	18.9	2.26936114358
184	13	18.76	2.58116252878
185	14	18.62	2.27059463577
186	14	19.0	2.41246761636
187	14	18.89	2.56474170239
188	14	18.71	2.71033208297
189	14	19.15	2.38065117142
190	14	19.2	2.67581763205
191	14	19.15	2.90645832587
192	14	18.93	2.5109958184
193	14	18.84	2.57184758491
194	14	18.38	2.4156986567
195	14	18.41	2.42113609696
196	14	18.24	2.77531980139
197	12	17.98	2.69065047897
198	12	18.33	2.69092920754
199	12	17.76	2.47434839907
200	14	17.97	2.60174941145
201	14	17.9	2.73678643668
202	14	18.11	2.64913193329
203	14	17.74	2.26988986517
204	13	18.12	2.51904743901
205	13	17.72	2.64227174984
206	13	17.5	2.26495033058
207	13	17.73	2.46923064941
208	13	17.81	2.61417290935
209	13	17.62	2.43630868323
210	13	17.72	2.4169402144
211	12	17.8	2.86356421266
212	12	17.43	2.57392696089
213	12	17.56	2.53897617161
214	12	17.57	2.80447856116
215	12	16.86	2.69822163656
216	12	16.87	2.61019156385
217	11	16.98	2.60760426445
218	12	17.73	2.84202392671
219	12	17.56	2.55468197629
220	12	16.87	2.44808088102
221	12	17.59	2.49437366888
222	12	17.69	2.70072212565
223	13	18.01	2.68884733669
224	13	17.72	2.70953870613
225	13	17.92	2.30945881106
226	13	18.1	2.59422435421
227	13	17.82	2.64718718643
228	12	17.89	2.85270047499
229	12	18.14	2.48604102943
230	13	18.24	2.77531980139
231	12	17.69	2.69330651802
232	11	17.19	2.74843591885
233	12	17.49	2.90342900723
234	12	16.97	2.45542257056
235	12	17.38	2.80278432991
236	12	17.23	2.43661650655
237	12	17.37	2.8342723934
238	12	17.28	2.63848441345
239	12	17.05	2.54705712539
240	12	17.13	2.51656511936
241	13	17.48	2.46771149043
242	13	17.35	2.4753787589
243	13	17.55	2.32109887769
244	13	18.13	2.62165977961
245	13	17.87	2.74100346589
246	12	17.47	2.33433073921
247	13	17.91	2.47020242086
248	13	17.9	2.38956062907
249	13	17.83	2.74246239719
250	13	17.31	2.39872883003
251	13	17.36	2.45975608547
252	13	17.57	2.56614496863
253	13	17.57	2.44644640244
254	14	17.67	2.39188210412
255	14	17.78	2.28289290156
256	14	18.16	2.61809090751
257	13	17.53	2.42674679355
258	13	17.34	2.6238140178
259	13	17.57	2.5347780968
260	13	17.69	2.53256786681
261	13	17.44	2.49527553589
262	13	17.44	2.59738329863
263	13	17.51	2.55145056781
264	12	17.51	2.60190314962
265	12	17.78	2.5360599362
266	12	17.56	2.64696052105
267	12	17.25	2.37644692766
268	13	17.53	2.53950782633
269	13	17.35	2.57827461687
270	13	17.09	2.5655213895
271	12	16.86	2.26724502425
272	12	17.08	2.65586144217
273	11	16.98	2.87047034473
274	11	16.71	2.57408236076
275	12	17.23	2.50940231928
276	13	17.36	2.74051090127
277	13	17.52	2.79456615595
278	13	17.29	2.64308531834
279	13	17.0	2.57293606605
280	13	17.57	2.7358910797
281	13	17.92	2.59106155851
282	13	17.81	2.46452835244
283	11	17.66	2.72110271765
284	11	17.77	3.00284864753
285	11	17.48	2.87916654607
286	11	17.02	2.63431205441
287	11	17.59	3.00697522437
288	11	16.84	2.66728326205
289	11	17.27	2.89777500852
290	11	16.82	2.68469737587
291	11	17.03	2.78731053168
292	11	17.15	2.7726341266
293	11	17.51	2.62486190113
294	11	17.69	2.92470511334
295	11	17.62	2.73049446072
296	13	17.19	2.75207194673
297	13	16.97	2.23362933362
298	12	17.1	2.68886593195
299	12	16.29	2.36767818759
300	12	16.86	2.53385082434
1	42	59.56	4.92609378717
2	43	55.44	4.25751100997
3	41	51.85	4.21277818073
4	40	47.95	3.24152741775
5	39	45.22	2.62137368568
6	35	43.47	2.90329123582
7	35	41.44	2.45894286229
8	35	40.53	2.40189508514
9	31	38.78	2.43137820999
10	31	37.66	2.19645168397
11	32	37.21	2.69924063396
12	28	35.69	2.27462084753
13	28	34.83	2.48215632062
14	28	33.92	2.52063484067
15	28	32.6	2.11660104885
16	27	32.16	2.41545026858
17	25	31.55	2.3510635891
18	25	30.86	2.56132778066
19	25	30.08	2.08652821692
20	25	29.58	2.12687564282
21	25	29.23	2.1347365177
22	24	29.04	2.19963633358
23	24	29.04	2.22225111092
24	24	28.75	2.30813777752
25	24	28.48	2.49190690035
26	24	28.02	2.17246403883
27	23	27.69	2.25253190876
28	23	27.48	2.26927301134
29	22	26.96	2.26238811878
30	22	26.61	2.13023472885
31	22	26.12	2.1320412754
32	22	26.07	2.46274237386
33	21	25.28	2.06920274502
34	22	25.44	2.30789947788
35	21	25.31	2.4807055448
36	21	25.22	2.44368574084
37	21	24.9	2.34733891886
38	20	24.85	2.4015619917
39	20	24.6	2.53771550809
40	20	24.22	2.17522412638
41	20	24.43	2.57392696089
42	20	23.96	2.28875512015
43	20	23.63	2.00327232298
44	20	23.47	2.18382691622
45	19	23.51	2.44742722057
46	19	23.81	2.44415629615
47	20	23.71	2.34219982068
48	18	23.11	2.24006696328
49	18	23.48	2.53566559309
50	18	23.46	2.25131072933
51	18	22.92	2.33957261054
52	18	23.17	2.43743717868
53	18	23.1	2.35159520326
54	18	23.06	2.45283509433
55	18	22.93	2.51497514898
56	19	22.94	2.35295558819
57	18	22.8	2.4248711306
58	18	22.86	2.31956892547
59	19	22.82	2.11839561933
60	17	22.75	2.24666419387
61	19	23.03	2.53950782633
62	19	22.25	2.1089096709
63	17	22.38	2.60299827122
64	17	22.3	2.30867927612
65	17	22.1	2.38956062907
66	18	22.07	2.18291090061
67	18	21.99	2.29997826077
68	18	22.16	2.22584815295
69	18	22.92	2.52063484067
70	18	23.04	2.32344571703
71	18	22.64	2.53187677425
72	17	22.24	2.49447389243
73	17	21.7	2.45153013443
74	17	21.6	2.4289915603
75	17	21.67	2.47812429067
76	17	21.49	2.34305356319
77	17	21.44	2.22854212435
78	17	21.46	2.38922581603
79	17	21.17	2.48215632062
80	17	20.93	2.2056971687
81	17	21.25	2.42229230276
82	17	21.41	2.37947473195
83	16	21.24	2.4088171371
84	17	20.85	2.36801604724
85	17	21.39	2.73457492126
86	15	20.81	2.46046743527
87	15	20.6	2.41660919472
88	15	21.01	2.59420508056
89	16	21.02	2.66450745918
90	16	20.31	1.98844160085
91	16	20.36	2.11905639378
92	16	20.58	2.50671099252
93	16	20.3	2.52388589282
94	15	19.84	2.61426854015
95	16	19.4	2.2
96	16	19.53	2.44726377818
97	15	19.01	2.26933911084
98	15	19.1	2.14242852856
99	15	19.16	2.46462978964
100	16	19.23	2.3274664337
101	15	18.98	2.30208601056
102	15	18.72	2.32843294943
103	15	18.98	2.32370393983
104	15	18.84	2.36101673014
105	15	19.27	2.63383750448
106	15	18.68	2.4571528239
107	15	18.16	2.36524840133
108	15	18.27	2.29719394044
109	15	18.54	2.4512037859
110	13	18.34	2.31611744089
111	13	18.63	2.55599295774
112	15	18.39	2.46128015472
113	15	18.37	2.29632314799
114	15	18.2	2.5495097568
115	14	18.15	2.3595550428
116	15	18.25	2.17887585695
117	15	17.82	2.27763034753
118	13	18.13	2.3860217937
119	13	17.82	2.35108485598
120	13	18.04	2.54133823015
121	14	18.46	2.66240492788
122	14	17.74	2.64809365393
123	13	18.22	2.57518931343
124	13	17.99	2.65516477831
125	13	17.56	2.49527553589
126	13	17.74	2.29181151057
127	14	18.15	2.49549594269
128	13	17.99	2.55536690125
129	13	17.53	2.67378009567
130	13	17.27	2.44889771122
131	13	17.8	2.42074368738
132	13	18.01	2.55536690125
133	13	17.68	2.56468321631
134	14	18.3	2.55538646784
135	14	18.41	2.54595758017
136	13	18.1	2.45153013443
137	13	17.91	2.62333756882
138	14	18.14	2.61923652998
139	14	18.27	2.43661650655
140	14	17.98	2.6757428875
141	13	17.99	2.4798991915
142	14	18.17	2.64217713259
143	14	17.97	2.547371194
144	14	18.23	2.52924890037
145	14	18.25	2.61677282163
146	14	18.31	2.92128396429
147	13	18.13	2.66328744224
148	13	18.37	2.83779844245
149	13	17.73	2.2709249217
150	13	18.23	2.67527568673
151	14	17.71	2.46696169407
152	14	17.76	2.53424544983
153	14	17.83	2.42509793617
154	14	17.58	2.53448219564
155	14	17.29	2.44660989943
156	14	17.98	2.74218890669
157	14	17.7	2.53968501984
158	14	17.81	2.7044223043
159	14	17.81	2.41120301924
160	14	17.46	2.41006223986
161	14	17.77	2.43250899279
162	14	17.72	2.31119016959
163	14	17.49	2.51195143265
164	14	17.33	2.43333105023
165	14	17.79	2.52307352251
166	14	17.83	2.63079835791
167	14	17.65	2.69583011334
168	13	17.65	2.65471279049
169	13	17.52	2.65133928421
170	13	17.29	2.42196201457
171	13	17.89	2.53730171639
172	13	17.73	2.77796688245
173	14	17.69	2.35242428146
174	14	17.9	2.53574446662
175	14	17.31	2.40705213903
176	14	17.66	2.52673702629
177	14	17.4	2.45356882928
178	14	17.73	2.62623304373
179	14	17.36	2.09532813659
180	14	17.56	2.52317260607
181	14	17.28	2.35406032208
182	14	17.09	2.57718839048
183	14	17.47	2.28672254548
184	14	17.7	2.60576284416
185	13	17.69	2.50477543904
186	13	17.78	2.54393396141
187	13	17.51	2.36852274635
188	13	17.78	2.67424755773
189	13	17.61	2.52545045487
190	13	17.47	2.44317416489
191	14	17.37	2.41103712124
192	14	17.54	2.40174936244
193	14	17.89	2.6453544186
194	14	17.51	2.34731761805
195	14	17.32	2.45307969703
196	15	18.08	2.48467301672
197	14	18.04	2.37873916183
198	14	18.39	2.70885584703
199	14	17.97	2.51179218886
200	14	17.54	2.47556054258
201	14	17.89	2.6453544186
202	14	17.71	2.50317798009
203	13	17.2	2.44540385213
204	13	17.34	2.30746614276
205	13	17.23	2.42427308693
206	13	17.38	2.51706177914
207	13	17.19	2.57175037669
208	13	17.5	2.48394846967
209	14	17.44	2.55076459125
210	14	17.36	2.42289083535
211	14	17.49	2.66268661318
212	14	17.58	2.60069221555
213	14	17.51	2.72211314974
214	14	17.29	2.42608738507
215	14	17.47	2.7182899036
216	14	17.36	2.55546473269
217	13	17.43	2.88532493837
218	14	17.42	2.53842470836
219	14	17.34	2.60852448714
220	13	16.98	2.497919134
221	14	17.4	2.6495282599
222	13	17.56	2.61273802743
223	13	17.53	2.49180657355
224	13	17.52	2.77301280199
225	13	17.64	2.69265668068
226	13	17.07	2.40522348234
227	13	17.09	2.51831292734
228	13	17.4	2.4899799196
229	13	16.71	2.36767818759
230	13	16.58	2.40491164079
231	13	16.82	2.43055549206
232	13	17.23	2.41186649713
233	13	17.03	2.33004291806
234	13	17.43	2.49901980784
235	13	17.45	2.47941525364
236	13	17.25	2.36801604724
237	13	17.44	2.73978101315
238	13	17.34	2.55037252181
239	13	17.02	2.45348731401
240	13	17.0	2.36643191324
241	14	17.37	2.32230488954
242	14	17.21	2.44660989943
243	14	17.43	2.32918440661
244	14	17.15	2.38903746308
245	14	17.56	2.46300629313
246	14	17.23	2.42014462378
247	15	18.01	2.39789491012
248	15	18.05	2.71062723369
249	15	17.75	2.61294852609
250	14	18.01	2.35582257396
251	14	17.75	2.4015619917
252	14	17.53	2.33433073921
253	14	17.82	2.39324048102
254	14	18.41	2.51831292734
255	14	18.07	2.79733802033
256	14	17.79	2.64686607141
257	14	17.64	2.37705700394
258	14	17.66	2.58928561576
259	14	17.3	2.53179778023
260	13	17.25	2.69953699734
261	13	17.31	2.71549258883
262	13	17.05	2.31246621597
263	14	17.49	2.42278765062
264	14	17.31	2.55223431526
265	14	17.37	2.51656511936
266	14	17.14	2.68335610756
267	14	16.87	2.25678975538
268	14	17.06	2.66390690528
269	14	17.33	2.66853892608
270	14	17.14	2.42082630521
271	14	17.06	2.61082362484
272	14	16.77	2.54501473473
273	14	17.36	2.45975608547
274	14	17.32	2.67910432794
275	14	17.03	2.28672254548
276	13	17.61	2.65667084901
277	13	17.24	2.42948554225
278	13	17.37	2.36497357279
279	13	17.6	2.66458251889
280	13	17.74	2.70414496653
281	13	17.44	2.25530485744
282	13	17.63	2.61784262323
283	13	17.51	2.56708005329
284	14	17.66	2.45853614983
285	14	17.82	2.45918685748
286	14	17.97	2.58246006746
287	14	18.36	2.70377513858
288	14	18.48	2.62099217855
289	14	17.88	2.54275441205
290	14	18.08	2.79170198983
291	13	18.18	2.58216963037
292	14	17.99	2.57485921945
293	14	17.87	2.54029525843
294	13	17.55	2.52339057619
295	14	17.46	2.16527134558
296	15	17.75	2.45916652547
297	15	17.86	2.52990118384
298	14	17.2	2.30217288664
299	14	17.17	2.23631393145
300	14	17.75	2.49549594269
1	39	59.83	5.25748038513
2	37	54.95	4.97468591973
3	35	51.36	4.26970724992
4	34	48.06	4.04677649494
5	34	44.9	3.1192947921
6	34	42.09	2.62333756882
7	34	40.5	2.23383079037
8	34	38.79	2.1554349909
9	32	37.9	2.23383079037
10	31	36.52	2.28245481883
11	31	35.22	2.26088478256
12	29	34.45	2.21528779169
13	30	34.13	2.03791560179
14	28	33.31	2.22123839333
15	27	32.57	2.3205818236
16	26	31.59	2.08851621971
17	25	31.47	2.60174941145
18	26	30.62	2.261769219
19	25	30.17	2.42921798116
20	25	29.73	2.49741866734
21	23	29.1	2.59807621135
22	24	28.19	2.18949765928
23	23	27.67	2.30675096185
24	23	27.42	2.17338445748
25	23	27.22	2.33057932712
26	23	26.72	2.2894540834
27	22	26.85	2.24666419387
28	22	26.85	2.31678656764
29	22	26.38	2.25734357155
30	22	25.82	2.26
31	21	25.9	2.31300670124
32	22	25.97	2.41849126523
33	20	25.66	2.35465496411
34	20	25.13	2.15246370469
35	20	24.77	2.09215200213
36	20	24.85	2.24666419387
37	19	24.42	2.29860827459
38	20	24.41	2.07410221542
39	20	24.14	2.16804059003
40	20	24.38	2.31421693019
41	19	24.27	2.38685986183
42	20	23.87	2.34799914821
43	19	24.15	2.36378933071
44	19	23.77	2.35310433258
45	18	23.18	2.07547584905
46	18	23.12	2.32929173785
47	16	22.62	2.40324780245
48	16	22.44	2.71042432102
49	16	22.12	2.63924231551
50	16	21.48	3.0446017802
51	16	20.86	2.6230516579
52	15	20.84	2.92820764291
53	15	19.91	2.66493902369
54	15	19.87	2.51656511936
55	15	19.59	2.60804524501
56	14	19.56	2.50327785114
57	14	19.57	2.5347780968
58	15	19.14	2.4249536078
59	15	19.53	2.48376729989
60	15	19.19	2.34816949984
61	15	19.16	2.50487524639
62	15	19.24	2.38796984906
63	15	19.27	2.0729447653
64	15	19.77	2.75265326549
65	16	19.44	2.53897617161
66	16	19.37	2.2210583063
67	16	19.86	2.40424624363
68	16	19.58	2.40906620914
69	16	19.44	2.25530485744
70	15	19.82	2.56273291624
71	15	19.77	2.43661650655
72	15	19.84	2.49687805069
73	15	19.72	2.46609002269
74	15	19.24	2.40049994793
75	14	19.22	2.6965904398
76	14	18.78	2.62137368568
77	14	18.89	2.50557378658
78	14	18.74	2.50047995393
79	14	18.63	2.51656511936
80	13	18.9	2.76586333719
81	13	18.4	2.42074368738
82	13	18.22	2.40657432879
83	14	18.24	2.59275914809
84	14	18.53	2.45949181743
85	15	18.64	2.59044397739
86	14	18.32	2.37014767472
87	14	18.23	2.42839453137
88	14	18.54	2.52356890138
89	14	18.12	2.44245777855
90	14	17.88	2.40116638324
91	14	17.57	2.38014705428
92	14	17.57	2.37594191848
93	14	17.16	2.36524840133
94	14	17.3	2.35584379788
95	13	17.26	2.48845333491
96	13	17.36	2.36440267298
97	13	17.57	2.40522348234
98	14	17.58	2.44204832057
99	14	17.59	2.27637870312
100	14	17.87	2.28322140845
101	14	18.35	2.4753787589
102	14	17.9	2.48394846967
103	14	18.13	2.32230488954
104	14	17.63	2.32660697154
105	14	18.03	2.35565277577
106	14	18.28	2.43753974327
107	14	18.09	2.64232851856
108	14	18.08	2.30945881106
109	14	18.36	2.60583959598
110	14	17.58	2.19626956451
111	14	17.77	2.17188857909
112	15	18.18	2.38486896915
113	15	18.24	2.4088171371
114	14	17.8	2.20907220344
115	14	17.96	2.30616564886
116	14	17.89	2.39539140852
117	14	18.31	2.34390699474
118	14	18.34	2.35040422055
119	14	18.08	2.67462146854
120	14	17.82	2.52737017471
121	14	17.72	2.37099135384
122	15	17.85	2.3595550428
123	15	18.21	2.49517534454
124	15	17.62	2.16231357578
125	15	18.27	2.51735972797
126	15	18.09	2.3155776817
127	14	18.42	2.48265986394
128	14	18.19	2.38199496221
129	14	17.97	2.3128121411
130	14	18.22	2.6630058205
131	14	17.93	2.58942078465
132	14	18.37	2.39438927495
133	12	19.03	2.82649960198
134	14	18.47	2.51179218886
135	14	18.55	2.65094322836
136	14	18.24	2.3627103081
137	14	18.17	2.34544238897
138	14	18.32	2.65661438677
139	14	18.01	2.56318161666
140	14	18.0	2.5099800796
141	14	17.92	2.34810561943
142	14	18.25	2.44693686065
143	11	17.9	2.2825424421
144	11	18.4	2.54165300543
145	13	18.25	2.73267268439
146	13	18.56	2.72880926413
147	13	18.14	2.67962683969
148	13	17.67	2.64217713259
149	13	17.53	2.35565277577
150	13	17.73	2.40355985987
151	13	17.86	2.62686124491
152	14	18.58	2.61602752279
153	15	18.3	2.38117617996
154	13	18.73	2.85956290366
155	14	18.52	2.25157722497
156	14	18.57	2.26828128767
157	14	18.56	2.50327785114
158	14	18.38	2.23955352693
159	14	18.81	2.63702483872
160	14	18.32	2.41197014907
161	14	19.09	2.54988235023
162	14	18.76	2.85699142456
163	14	18.63	2.65576730908
164	14	18.51	2.59420508056
165	14	18.02	2.56507309837
166	14	18.18	2.57829400961
167	14	18.06	2.43647286051
168	14	17.88	2.20127235934
169	14	18.58	2.51467691762
170	14	18.12	2.38444962203
171	14	18.48	2.45144855137
172	14	18.54	2.34273344621
173	15	18.81	2.40705213903
174	15	18.28	2.40449578914
175	15	18.05	2.28637267303
176	15	18.22	2.33486616319
177	14	17.8	2.4248711306
178	14	17.9	2.51197133742
179	14	17.95	2.55880831638
180	14	17.64	2.45161171477
181	14	17.57	2.29458057169
182	14	17.78	2.58294405669
183	14	17.86	2.40424624363
184	15	17.71	2.45477086507
185	15	17.7	2.36431808351
186	15	17.74	2.08624063809
187	15	17.93	2.51894819319
188	15	17.66	2.36313351294
189	15	17.33	2.24968886738
190	15	17.29	2.32935613421
191	15	17.61	2.38702744014
192	15	17.5	2.27376340018
193	15	17.31	2.52465839273
194	15	17.34	2.39674779649
195	15	17.51	2.25164384395
196	15	17.5	2.5632011236
197	15	17.23	2.44889771122
198	15	17.49	2.40622110372
199	15	17.19	2.41948341594
200	15	17.81	2.32247712583
201	15	17.81	2.47667115298
202	15	17.56	2.30356245845
203	14	17.83	2.44971426905
204	14	17.56	2.36778377391
205	15	17.63	2.64822582119
206	15	17.51	2.44742722057
207	15	17.03	2.30848435126
208	15	17.59	2.28076741471
209	15	17.88	2.33358093924
210	14	17.7	2.51992063367
211	14	17.32	2.50950194262
212	14	17.16	2.2922478051
213	14	17.29	2.32075418776
214	14	17.29	2.38031510519
215	14	17.6	2.45356882928
216	14	17.15	2.37644692766
217	14	17.41	2.54595758017
218	14	17.12	2.51904743901
219	14	17.46	2.49967997952
220	14	17.54	2.43483058959
221	13	17.67	2.59250843779
222	14	17.38	2.6297528401
223	14	17.62	2.40740524216
224	13	17.45	2.69583011334
225	13	17.13	2.44399263501
226	13	17.87	2.54815619615
227	13	17.49	2.34731761805
228	13	17.88	2.72499541284
229	13	18.0	2.5179356624
230	14	17.47	2.39355384314
231	14	17.97	2.50381708597
232	14	17.72	2.30685933685
233	14	17.89	2.3490210727
234	14	17.96	2.62267039485
235	14	17.72	2.49831943514
236	14	17.57	2.53872015
237	14	18.17	2.58478238929
238	14	17.73	2.34885078283
239	14	17.83	2.34544238897
240	14	18.18	2.68096997372
241	14	17.81	2.52861622236
242	14	17.68	2.43671910568
243	14	17.98	2.66075177347
244	14	17.67	2.68721044952
245	14	17.43	2.39271811963
246	13	17.74	2.73722487202
247	13	17.37	2.68572150455
248	13	16.97	2.49180657355
249	13	16.89	2.41617466256
250	13	17.25	2.51147367097
251	13	17.56	2.81893596948
252	13	17.02	2.38738350501
253	13	17.3	2.39791576166
254	13	17.06	2.36567115213
255	13	17.21	2.48714695987
256	13	16.88	2.19216787678
257	13	17.26	2.51642603706
258	13	16.99	2.39372095283
259	13	17.34	2.31611744089
260	14	17.68	2.39115035077
261	14	17.55	2.53130401177
262	14	17.35	2.30813777752
263	14	17.55	2.43874967965
264	13	17.09	2.29388317052
265	13	17.14	2.38335897422
266	13	17.38	2.51308575262
267	14	17.49	2.43102858889
268	14	17.47	2.59405088616
269	14	17.92	2.33957261054
270	14	17.79	2.69924063396
271	14	17.74	2.72990842337
272	14	17.54	2.2557482129
273	14	17.6	2.42074368738
274	14	17.94	2.43647286051
275	14	17.72	2.34128170027
276	14	17.87	2.58710262649
277	14	17.7	2.43926218353
278	13	18.38	2.44859143182
279	14	18.05	2.35531314266
280	13	18.54	2.55115660045
281	13	18.2	2.58069758011
282	13	18.26	2.74816302282
283	13	18.01	2.56708005329
284	13	17.94	2.52911051558
285	13	17.94	2.39924988278
286	13	18.26	2.6818650227
287	13	17.84	2.36101673014
288	14	17.7	2.29564805665
289	15	17.78	2.41900806117
290	14	18.07	2.47893122131
291	15	17.81	2.4807055448
292	15	17.79	2.55458411488
293	15	17.58	2.37562623323
294	15	17.69	2.43185114676
295	14	17.41	2.50637187983
296	14	17.45	2.45102019576
297	14	17.3	2.4269322199
298	14	17.44	2.58580741742
299	14	17.29	2.24630808217
300	14	17.48	2.49190690035
1	41	60.0	5.52449092677
2	42	56.41	4.23814818051
3	42	53.4	4.13279566395
4	42	50.26	3.32150568267
5	40	47.71	2.82239260203
6	37	45.47	3.21077872174
7	35	43.5	3.00166620396
8	34	41.58	2.43384469513
9	34	40.31	2.44824426886
10	33	39.14	2.22270105952
11	29	37.9	2.51197133742
12	29	36.51	2.41865665195
13	28	35.14	2.31525376579
14	27	34.19	2.61034480481
15	28	33.59	2.3155776817
16	23	33.11	2.42855924367
17	23	31.65	2.84385302011
18	23	30.58	2.40491164079
19	23	29.96	2.49767892252
20	23	29.6	2.77848879789
21	23	28.52	2.43918019015
22	23	28.1	2.79105714739
23	22	27.5	2.49198715888
24	22	27.79	2.18309413448
25	23	27.69	2.08180210395
26	21	27.57	2.35480360115
27	22	27.51	2.50397683695
28	21	27.15	2.68095132369
29	21	26.24	2.56171817341
30	20	25.48	2.33443783383
31	21	25.18	2.29512526891
32	18	24.73	2.53319955787
33	18	24.73	2.47327717816
34	19	24.34	2.62762249952
35	19	24.16	2.12941306467
36	19	24.32	2.59568873327
37	18	23.76	2.42123935207
38	20	24.13	2.34799914821
39	20	24.27	2.35735020733
40	19	24.1	2.26495033058
41	19	23.69	2.63322995578
42	19	23.83	2.45786492713
43	19	23.72	2.44981631965
44	19	23.16	2.56405928169
45	18	23.32	2.43261176516
46	18	23.02	2.16323831327
47	18	23.04	2.50966133173
48	20	23.05	2.0898564544
49	19	23.16	2.40715599827
50	19	23.0	2.0
51	18	23.03	2.36412774613
52	18	23.08	2.41114080883
53	17	22.75	2.57439313237
54	17	22.19	2.39037653938
55	17	22.11	2.41203233809
56	17	22.06	2.76340369834
57	17	21.64	2.48805144641
58	16	21.59	2.67990671479
59	16	21.2	2.4819347292
60	16	21.26	2.48040319303
61	16	21.46	2.43072005793
62	17	21.41	2.47020242086
63	17	21.35	2.3339880034
64	17	21.25	2.49949994999
65	15	21.46	2.47556054258
66	15	21.74	2.55976561427
67	15	21.34	2.48684539125
68	15	21.06	2.68633579435
69	15	21.0	2.88097205818
70	15	20.67	2.51815408583
71	15	20.56	2.91314263297
72	15	20.03	2.43086404392
73	14	20.03	2.20660372518
74	14	20.14	2.63825700037
75	15	20.01	2.44742722057
76	15	20.13	2.35225423796
77	16	20.34	2.29006550125
78	15	20.56	2.39716499224
79	15	21.11	3.01295535978
80	16	20.66	2.80078560408
81	13	20.22	2.41487059695
82	13	20.63	2.63687314826
83	13	20.11	2.76005434729
84	13	20.4	2.64575131106
85	13	20.21	2.790322562
86	15	19.82	2.69955551897
87	14	20.1	2.60192236625
88	8	19.84	2.79542483354
89	10	19.67	2.77508558427
90	8	19.72	3.26214653258
91	8	19.59	3.4988426658
92	11	19.36	3.55955053342
93	8	18.92	3.03868392565
94	11	19.28	2.98690475242
95	11	19.7	3.3
96	9	18.58	3.05018032254
97	9	18.92	3.00559478307
98	9	18.6	3.24961536185
99	12	18.8	3.20312347561
100	11	18.76	2.7353975945
101	11	18.96	3.10135454278
102	12	19.27	2.93208117214
103	11	18.94	3.05882330317
104	11	18.71	3.05710647508
105	12	18.22	2.62518570772
106	12	18.26	3.11004823114
107	10	18.29	3.3205270666
108	10	17.98	2.84949118265
109	11	18.21	3.00431356553
110	10	18.32	3.25232224726
111	12	18.27	2.80305190819
112	13	18.15	2.65847700761
113	12	18.44	3.1187176852
114	12	18.08	2.98891284584
115	10	17.12	2.72866267611
116	10	17.25	2.67721870605
117	10	17.26	3.04177579713
118	11	17.05	2.94406182
119	12	17.19	2.80604704166
120	10	17.27	2.95247353925
121	11	17.74	3.06143757082
122	10	17.49	3.00497920126
123	10	16.98	2.7891934318
124	10	17.3	3.40440890611
125	10	17.7	3.15119025132
126	10	17.32	2.93216643457
127	12	17.45	3.05081956202
128	11	17.39	2.54909787964
129	13	17.53	2.64747049086
130	11	17.72	2.81097847733
131	11	18.26	2.90041376359
132	10	17.74	3.14839641723
133	10	17.55	3.10282129682
134	10	17.48	3.04131550484
135	11	17.08	2.90062062325
136	11	17.43	2.62775569641
137	11	17.5	2.77308492477
138	11	17.92	2.89371733243
139	11	18.12	3.05378453726
140	11	18.1	2.96141857899
141	11	18.31	2.93153543386
142	11	18.46	2.95438656915
143	13	18.31	2.70072212565
144	13	18.67	2.93276320217
145	13	18.87	2.86585065905
146	12	18.68	2.92533758736
147	11	18.72	2.8180844558
148	11	18.76	3.0987739511
149	14	18.54	2.55507338446
150	13	18.79	2.68810342063
151	14	19.23	2.76353035084
152	13	19.32	2.9795301643
153	13	18.96	3.01966885602
154	13	19.36	2.9241067012
155	13	19.65	2.81202773813
156	13	19.67	2.84272756345
157	13	19.38	3.18050310486
158	13	18.91	2.65742356428
159	13	18.99	2.89653240962
160	13	18.94	2.68261066873
161	13	18.79	2.53887770481
162	14	19.27	2.71608173662
163	13	19.29	2.84357169771
164	13	18.96	2.84225262776
165	12	18.43	2.91635045905
166	12	18.72	2.8428155058
167	12	18.64	2.93434830925
168	12	18.43	3.03069299006
169	11	17.8	2.85657137142
170	11	17.04	2.84576878892
171	11	17.06	2.83837981954
172	11	17.68	3.16505924115
173	11	17.37	2.99217312333
174	11	17.46	3.10940508779
175	11	17.04	2.90833285578
176	11	16.19	2.30518979696
177	11	17.06	3.01602387258
178	11	16.96	2.97966441063
179	11	16.63	2.75555801971
180	11	17.09	2.87087094799
181	9	17.06	2.70118492518
182	9	17.73	2.71608173662
183	13	18.06	2.56834577111
184	13	18.11	2.842164668
185	10	18.13	2.67826436335
186	13	17.97	2.49180657355
187	13	18.41	2.73164785432
188	12	18.56	2.63560239793
189	12	18.71	2.67318162496
190	12	18.46	2.84752524133
191	14	19.1	2.48797106092
192	14	19.27	2.64142007261
193	14	19.44	2.87513477945
194	13	19.65	2.49549594269
195	14	19.69	2.87991319314
196	14	19.47	2.65124499057
197	14	19.89	2.48151163608
198	14	19.93	2.81870537659
199	14	19.8	2.66458251889
200	14	20.08	2.67462146854
201	14	20.17	3.03991776205
202	16	20.38	2.57984495658
203	16	19.91	2.40455817147
204	16	20.72	2.54982352331
205	15	20.31	2.41948341594
206	9	20.43	2.61631420131
207	9	20.28	3.09541596559
208	14	20.2	2.82488937837
209	16	20.32	2.4571528239
210	16	20.04	2.34059821413
211	16	20.81	2.46858258926
212	15	21.14	3.07902581996
213	12	20.46	2.72550912675
214	12	20.44	2.96755791856
215	12	20.62	2.86279583624
216	14	20.28	2.90199931082
217	15	20.46	2.69228527463
218	13	19.99	2.56318161666
219	13	20.82	2.61296766149
220	13	20.75	2.99123720223
221	15	20.15	2.62821232019
222	14	20.23	2.99284145922
223	13	19.4	2.99666481275
224	14	19.11	2.48955819374
225	14	19.53	2.88601801796
226	14	19.18	2.69213669787
227	13	19.33	2.66853892608
228	13	19.57	2.74319157187
229	13	19.53	2.48779018408
230	14	19.39	2.47747855692
231	14	19.74	2.57145872998
232	14	20.16	2.92479059079
233	14	19.87	2.82366782749
234	15	19.84	2.66353149033
235	13	20.34	3.0699185657
236	13	19.8	3.04630924235
237	14	19.6	2.5179356624
238	13	19.85	2.86836190185
239	13	19.9	2.76586333719
240	13	20.1	2.43926218353
241	13	20.25	2.79419040153
242	13	20.27	2.58787557661
243	13	20.36	2.85489054081
244	15	20.42	2.99726542035
245	14	19.92	2.58333118279
246	14	19.89	2.68661497055
247	14	19.76	2.76086942828
248	14	19.65	2.95423424934
249	14	19.25	2.88920404264
250	14	19.34	2.71005534999
251	14	19.29	2.74333738355
252	14	19.5	2.88617393793
253	14	19.02	2.83541884031
254	13	18.69	2.73749885845
255	11	18.45	2.50349755342
256	11	18.98	2.68320703637
257	11	18.85	2.89266313282
258	12	19.16	2.80969749261
259	14	19.12	3.07987012713
260	14	19.05	2.7290108098
261	14	19.09	2.99364326532
262	14	18.91	2.69107785097
263	14	19.14	2.46989878335
264	14	19.11	2.6111108747
265	14	19.41	2.888234755
266	14	19.56	2.81538629676
267	14	19.62	2.85930061379
268	14	19.22	3.20181198698
269	14	19.25	2.79060925248
270	14	19.25	2.75816968296
271	14	18.77	2.94569176935
272	14	18.79	2.71033208297
273	13	18.58	2.8850649906
274	14	18.49	2.63247032272
275	13	18.51	2.51195143265
276	13	18.93	3.00750727347
277	13	18.63	2.67826436335
278	13	18.76	2.92957334778
279	13	18.48	2.71470072015
280	13	18.53	2.81231221595
281	13	18.58	2.87464780451
282	13	18.4	2.70185121722
283	13	18.55	3.09313756564
284	13	18.25	2.80133896557
285	13	18.71	2.55066657954
286	13	18.67	2.97339872873
287	12	18.54	2.6321854038
288	10	18.56	2.80471032372
289	12	18.43	2.38434477373
290	12	18.75	2.97447474355
291	12	18.61	3.09158535383
292	12	18.33	2.98011744735
293	12	18.06	2.8171616922
294	13	18.13	2.50461573899
295	14	18.22	2.69287949972
296	13	18.51	2.77667066826
297	14	18.16	2.6027677576
298	13	18.36	2.4187600129
299	13	18.9	2.64386081328
300	9	18.41	2.92265290447
