100 40 20 0.8 9
1	64	73.39	2.85620377424
2	64	71.36	2.28700677743
3	62	69.65	2.37223523286
4	63	68.45	2.28637267303
5	62	66.97	2.43086404392
6	60	65.87	2.37341526076
7	59	65.25	2.55098020376
8	52	64.4	2.66833281283
9	52	63.54	2.84049291497
10	53	62.72	3.03341391834
11	52	61.73	3.14596567051
12	52	60.72	2.71691000955
13	53	59.22	2.36042369078
14	52	58.05	2.15580611373
15	52	57.03	2.41020745995
16	50	56.23	2.44481083113
17	50	55.18	2.08508992612
18	50	54.63	2.11969337405
19	50	53.69	1.93233019953
20	49	53.5	2.25610283454
21	48	52.59	1.93956180618
22	49	52.33	1.96496819313
23	48	52.2	1.96468827044
24	48	51.76	1.79510445379
25	47	51.84	2.1941741043
26	47	51.04	1.98454024902
27	47	50.3	2.02731349327
28	47	50.13	2.01323123361
29	45	50.06	2.23973212684
30	46	49.62	1.9223943404
31	44	49.32	1.97423402868
32	44	49.48	2.0123617965
33	44	49.39	2.21311996964
34	44	48.84	2.13410402746
35	42	48.36	2.55154854941
36	43	47.71	1.92507142725
37	43	47.42	2.14093437545
38	42	47.44	2.74707116763
39	39	46.93	2.52291498073
40	39	46.12	2.62404268258
41	38	45.83	2.52212212234
42	38	45.39	2.4531408439
43	38	45.08	2.39449368343
44	39	45.24	2.95675497801
45	39	44.2	2.04450483003
46	39	44.18	2.4015828114
47	38	43.65	2.08026440627
48	38	43.87	2.74464934008
49	38	42.86	2.32817525114
50	37	42.67	2.5536444545
51	37	42.41	2.68735929864
52	37	42.15	2.49148550066
53	37	42.17	2.19570034385
54	37	41.87	2.41103712124
55	37	41.4	2.63438797446
56	36	41.44	2.31222836242
57	36	41.13	2.27004405244
58	35	40.97	2.37678354084
59	35	40.8	2.75680975042
60	34	40.56	2.69562608683
61	34	40.23	2.22645458072
62	34	40.06	2.55663841792
63	34	39.94	2.72697634753
64	34	39.7	2.62106848442
65	34	39.63	2.86585065905
66	34	39.26	2.44384942253
67	33	39.33	2.54972547542
68	33	38.97	2.62851669198
69	33	38.5	2.53179778023
70	34	38.79	2.53493589663
71	34	38.51	2.49196709449
72	34	38.51	2.58261495388
73	34	38.53	2.19752133095
74	33	38.35	2.42641711171
75	33	38.44	2.23749860335
76	33	38.38	2.91472125597
77	34	38.14	2.24062491283
78	33	38.1	2.58263431403
79	33	37.96	2.42041318787
80	32	38.52	2.9748277261
81	33	38.19	2.66343762833
82	32	37.8	2.33238075794
83	31	37.92	2.52063484067
84	32	37.41	2.52228071396
85	32	37.78	2.65548488981
86	32	37.34	2.50687055908
87	32	37.71	2.84357169771
88	31	36.59	2.64232851856
89	29	36.62	2.57208086965
90	29	36.48	2.64756491894
91	29	35.47	2.7256375401
92	29	35.61	2.79962497489
93	29	35.02	2.61143638636
94	28	34.48	2.67761087539
95	28	34.21	2.67691987179
96	28	34.05	2.57050578681
97	28	33.72	2.46609002269
98	28	33.55	2.63581107062
99	27	33.48	3.13521929058
100	27	32.79	2.58957525475
101	27	32.87	2.67452799574
102	26	32.97	3.00151628348
103	26	32.75	2.9030156734
104	27	32.17	2.41683677562
105	27	32.39	2.49357173548
106	27	32.83	2.7966229635
107	27	32.97	2.73296542239
108	28	32.86	2.63825700037
109	28	32.55	2.67721870605
110	28	32.71	2.35921597146
111	28	33.0	2.57293606605
112	28	33.36	2.51602861669
113	29	33.66	2.76123160926
114	28	33.22	2.63279319355
115	28	32.96	2.37873916183
116	27	33.37	2.74464934008
117	27	33.47	2.67751750695
118	27	33.36	2.55154854941
119	28	33.55	2.26881026091
120	27	33.47	2.86166035721
121	26	33.19	2.75207194673
122	26	33.34	2.91279934084
123	26	33.0	2.5495097568
124	26	32.95	2.96437177156
125	28	32.77	3.11722633121
126	25	32.37	2.82012411074
127	26	32.2	2.84956136976
128	25	31.66	2.98067106538
129	25	31.47	2.60559014429
130	25	32.17	3.09856418362
131	25	31.31	2.68959104698
132	25	31.52	2.60568609007
133	24	31.55	2.79776696671
134	24	32.2	3.14006369362
135	24	31.89	3.08834907353
136	24	31.2	3.36452076825
137	24	31.31	3.27931395264
138	23	30.43	3.16940057424
139	23	30.48	3.13521929058
140	24	30.14	2.50207913544
141	25	29.92	2.59876893932
142	24	30.68	2.93216643457
143	22	30.62	3.03242477236
144	24	30.15	2.81558164506
145	24	30.29	3.02091045879
146	24	30.06	2.98938120687
147	25	29.82	2.80848713723
148	25	29.33	2.64217713259
149	25	29.37	2.53240991942
150	24	29.82	2.66975654321
151	24	29.59	2.73895965651
152	23	29.21	2.90618306375
153	23	28.91	2.73530619858
154	23	28.72	2.75347053734
155	23	28.74	2.73356909552
156	23	28.72	2.74619737091
157	23	29.1	2.61342686907
158	21	29.09	2.8498947349
159	24	29.82	3.28444820328
160	24	29.02	2.56507309837
161	23	29.08	2.74838134181
162	23	29.43	2.68050368401
163	24	29.54	2.71079324184
164	24	30.02	2.79992857052
165	24	30.47	3.11273191907
166	22	30.22	3.19242854266
167	22	29.35	2.74727137356
168	23	29.45	2.81202773813
169	23	29.16	3.10715303775
170	23	28.62	2.78847628643
171	23	28.66	3.19130067527
172	22	28.55	2.63201443765
173	22	28.85	2.63201443765
174	23	29.26	3.05489770696
175	23	28.85	2.7363296585
176	22	29.14	2.99673155288
177	22	28.79	2.97420577634
178	22	29.05	3.12209865315
179	22	29.37	3.07458940348
180	22	28.8	2.76405499222
181	22	28.81	2.95869903843
182	24	29.05	2.61294852609
183	23	28.58	2.80064278336
184	23	28.83	2.8144448831
185	24	28.51	2.83370781839
186	24	28.97	2.66253638473
187	24	29.58	2.86419273095
188	22	29.41	2.74260824764
189	22	29.74	3.17370446009
190	24	29.97	3.00484608591
191	22	29.67	2.67975745171
192	24	29.74	2.61388599598
193	21	30.21	3.25052303484
194	23	29.88	3.11538119658
195	21	29.25	3.0899029111
196	24	29.4	2.71661554144
197	23	28.95	2.79419040153
198	19	28.72	3.38254342175
199	19	28.13	3.30954679677
200	22	28.2	3.13687742827
201	22	27.99	2.74406632573
202	22	27.97	2.78012589643
203	22	28.22	2.91060131244
204	22	27.91	2.81813768294
205	22	28.64	2.71852901401
206	22	28.84	2.7557938965
207	22	28.53	2.60559014429
208	22	28.88	2.90957041503
209	24	29.39	2.97958050739
210	24	29.69	3.07797011032
211	22	29.13	3.05173721018
212	21	28.98	3.11441808369
213	22	28.82	2.94068019342
214	21	28.17	3.04648978334
215	20	27.7	3.03809150619
216	19	27.58	3.05018032254
217	21	27.12	3.13458131175
218	21	26.77	3.06872937875
219	19	26.47	3.00484608591
220	19	26.58	2.89198893497
221	19	26.36	2.96486087363
222	19	26.02	2.81772958248
223	19	26.45	2.99791594278
224	19	26.58	2.93318939041
225	19	26.57	3.12811444803
226	21	26.52	2.49190690035
227	21	27.38	2.97583601699
228	22	27.1	2.83019433962
229	21	27.65	2.99457843444
230	20	27.05	3.04753999153
231	21	27.64	2.91382909588
232	21	27.99	3.11607124437
233	21	27.8	2.78567765544
234	21	27.59	2.90549479435
235	21	27.61	3.30724961259
236	19	27.42	3.19743647318
237	19	26.83	2.95991553934
238	21	27.21	2.85760389137
239	21	27.19	3.00564468958
240	19	27.44	3.16644911533
241	19	26.36	2.99172191221
242	19	26.75	3.32377797092
243	19	25.95	2.84385302011
244	19	26.28	3.18458788543
245	20	26.11	3.01295535978
246	21	26.25	2.40987551546
247	20	26.54	2.9169161798
248	20	27.1	3.08382878902
249	21	27.59	2.8498947349
250	21	27.04	2.70525414703
251	18	27.28	3.08246654483
252	18	27.46	2.74743516757
253	20	27.45	3.30870065131
254	20	27.96	3.13662238722
255	20	26.81	2.89722280814
256	20	26.55	3.06390273997
257	20	26.26	3.09392954024
258	18	26.07	3.07003257312
259	20	26.48	3.11602310646
260	19	26.21	2.88199583622
261	19	26.04	3.22465502031
262	19	26.71	3.12504399969
263	20	26.47	2.88601801796
264	20	26.47	3.06742563072
265	17	26.45	3.14761814711
266	20	26.88	3.33250656413
267	20	26.71	3.14418510905
268	20	26.64	3.20786533383
269	21	26.07	2.94704937183
270	19	26.53	3.0804382805
271	20	26.04	2.6680329833
272	20	26.21	3.27809395838
273	20	25.58	2.86768199074
274	20	25.76	2.96013513205
275	20	25.8	2.68700576851
276	19	25.77	3.09468899891
277	20	26.07	3.05697562961
278	21	26.49	2.88268971622
279	19	26.94	2.93537050472
280	19	26.48	3.1574673395
281	19	26.62	3.09444663874
282	19	26.49	2.88961935209
283	18	26.59	2.95328630512
284	20	26.44	2.99105332617
285	20	27.01	3.13845503393
286	18	26.82	3.06391905898
287	21	26.76	2.90558083694
288	20	26.91	2.9869549712
289	21	26.93	2.67303198634
290	21	26.83	2.85676390344
291	21	26.97	3.11273191907
292	21	26.58	2.98723952839
293	21	26.78	3.01522801791
294	21	26.94	3.04243323674
295	20	26.35	3.02778797144
296	19	25.67	3.08886710624
297	20	25.56	2.66202930112
298	20	25.7	2.77668867538
299	20	25.92	2.92807103739
300	20	26.17	2.98347113276
1	67	73.12	2.77949635726
2	63	70.85	2.43053492055
3	61	69.26	2.36482557496
4	61	68.64	2.47192232888
5	64	68.13	2.18474254776
6	62	67.54	2.58232453421
7	62	66.92	2.39449368343
8	62	66.43	2.20115878573
9	60	65.65	2.50748878362
10	58	64.82	2.46324988582
11	58	64.04	2.3491274976
12	59	63.51	2.50397683695
13	58	62.63	2.2389953104
14	57	61.56	2.27297162323
15	55	60.53	2.12816822643
16	54	59.92	2.28333090024
17	54	59.15	2.32969955144
18	54	58.2	2.04450483003
19	52	57.1	1.83030052177
20	52	56.19	1.81491046611
21	52	56.1	2.00748598999
22	52	55.41	2.04985365331
23	52	54.95	1.57082780724
24	51	54.7	1.98242276016
25	52	54.52	1.86804710861
26	49	54.27	1.97916649123
27	49	53.94	1.67821333566
28	50	54.23	2.12534703049
29	50	53.7	1.84661853126
30	49	53.33	1.87112265766
31	47	52.9	2.18860686282
32	47	52.46	2.16064805093
33	47	51.8	2.0
34	46	51.73	2.11591587734
35	47	51.37	1.99326365542
36	46	51.16	2.38209991394
37	45	50.75	2.47133567125
38	45	49.78	2.08604889684
39	45	49.31	2.27901294424
40	44	48.86	1.92364237841
41	44	48.21	2.09902358253
42	43	47.91	2.20043177581
43	42	47.96	2.57262511843
44	42	47.78	2.29599651568
45	42	47.97	2.74027370896
46	42	46.78	2.22521909034
47	42	46.68	2.47741801075
48	42	46.54	2.38503668735
49	40	46.41	2.66493902369
50	40	45.87	2.37341526076
51	40	45.65	2.72534401498
52	39	45.25	2.61677282163
53	40	45.14	2.39173577136
54	37	44.83	2.93957479918
55	39	44.27	2.71976101891
56	38	43.78	2.64794259757
57	39	43.39	2.51751861959
58	38	43.15	2.51545224562
59	38	42.98	2.62289915933
60	38	42.55	2.56271340575
61	38	42.46	2.64355820817
62	37	41.69	2.29213873926
63	37	41.71	2.43020575261
64	37	41.15	2.16506350946
65	36	41.44	2.25086649982
66	37	41.84	2.35677746086
67	36	41.88	2.38444962203
68	35	41.68	2.70510628257
69	37	41.41	2.8498947349
70	36	40.72	2.42107414178
71	35	40.82	2.49551597871
72	35	40.72	2.37520525429
73	35	41.14	2.39173577136
74	35	41.07	2.61248923443
75	34	41.08	2.7191175039
76	34	40.19	2.71917266829
77	34	39.9	2.70739727414
78	32	39.96	2.67925362741
79	32	39.18	2.59376174696
80	32	39.12	2.72866267611
81	33	38.71	3.04727747342
82	33	38.25	2.64716829839
83	33	37.94	2.83485449362
84	33	37.66	2.68782439903
85	34	37.69	2.07217277272
86	33	38.02	2.39156852296
87	32	38.16	2.5989228538
88	32	38.23	2.61478488599
89	32	38.28	2.89164313151
90	30	37.23	2.48537723495
91	30	37.38	2.63734715197
92	32	37.53	2.57470386647
93	32	37.66	2.79721289858
94	32	37.24	2.62343286554
95	31	37.24	2.94659125092
96	32	36.84	2.68596351427
97	31	36.91	2.65365785285
98	29	36.87	2.84835039979
99	29	36.5	2.81957443597
100	29	36.15	2.92702921065
101	29	35.34	3.0040639141
102	29	35.08	2.62175513731
103	29	35.16	2.49286983214
104	29	35.18	2.62061061587
105	29	34.92	2.62175513731
106	29	35.43	2.49901980784
107	29	35.58	2.32025860628
108	29	35.81	2.66343762833
109	31	35.48	2.4838679514
110	29	35.43	2.52291498073
111	29	35.04	2.50567356214
112	29	35.31	2.76656827134
113	29	35.42	2.53448219564
114	30	35.37	2.88324469999
115	29	34.97	3.0804382805
116	28	34.28	2.71322686114
117	29	34.51	2.68139888864
118	29	34.46	2.79435144533
119	30	34.36	2.56717743836
120	30	34.11	2.5802906813
121	29	34.67	2.5379322292
122	30	34.71	2.54674301805
123	30	34.86	2.49807926215
124	29	34.69	2.41948341594
125	30	35.37	2.75555801971
126	27	35.35	2.86836190185
127	29	35.56	2.83661770424
128	29	35.16	3.11036975294
129	29	35.21	3.01759838282
130	28	34.94	2.70118492518
131	29	35.05	2.85788383249
132	29	34.76	2.76448910289
133	29	34.6	2.5495097568
134	30	34.76	2.66878249395
135	29	35.18	2.62442374627
136	30	35.17	2.80732969207
137	30	35.05	2.60144190787
138	28	34.81	2.47667115298
139	28	34.64	2.67776025813
140	29	34.58	3.1691639276
141	28	34.49	2.68139888864
142	28	34.69	2.88684949383
143	28	33.9	2.95465734054
144	27	33.53	2.85466285225
145	28	33.63	2.53635565329
146	28	33.43	2.69538494468
147	27	33.51	2.84075694138
148	27	33.37	2.74100346589
149	26	33.29	2.7723455773
150	26	33.57	2.84343102607
151	26	33.46	2.92718294611
152	26	33.03	3.07393884129
153	26	32.67	2.95991553934
154	26	32.75	3.06716481461
155	26	32.57	3.0405756034
156	25	32.04	3.15252279928
157	27	31.59	2.62714674124
158	26	32.17	2.73881361177
159	27	32.25	2.55489725821
160	23	32.46	2.78718495978
161	23	32.59	3.18149336004
162	23	32.24	3.09231305013
163	23	32.0	3.1874754901
164	23	31.71	3.4446915682
165	23	30.68	3.38195209901
166	23	29.93	3.22569372384
167	23	30.05	3.03768003582
168	23	30.07	2.93003412949
169	24	30.75	3.204293994
170	24	30.87	3.06155189406
171	24	30.07	3.0405756034
172	22	29.65	3.01122898498
173	24	29.55	2.9030156734
174	24	29.56	2.86817014837
175	24	30.3	3.06431068921
176	24	29.96	3.1206409598
177	24	29.49	2.5787400024
178	24	29.96	2.74197009466
179	22	29.86	2.59622803313
180	24	29.85	2.98789223367
181	24	29.81	2.77739086194
182	24	29.86	2.8143205219
183	24	29.84	2.86607745883
184	24	30.3	2.85832118559
185	24	30.02	2.96303898051
186	25	29.81	2.54045271556
187	22	29.72	2.87081869856
188	23	29.14	2.80007142766
189	22	29.17	3.0693810451
190	22	29.49	2.83017667293
191	22	29.5	2.78747197295
192	22	29.17	3.20953267626
193	21	28.86	2.87060969134
194	22	28.63	3.26084344917
195	21	28.05	2.7509089407
196	22	28.34	3.0040639141
197	22	28.45	3.1886517527
198	22	28.38	3.27957314296
199	21	28.57	3.39191686219
200	21	28.1	3.14801524774
201	20	27.8	2.91547594742
202	19	27.39	3.42021929122
203	20	26.55	2.97111090335
204	20	26.48	2.88956744168
205	20	27.08	2.8131121556
206	20	27.23	3.24608995562
207	18	27.35	3.09636884108
208	21	27.24	2.76086942828
209	19	27.53	3.08692403535
210	20	27.53	3.39250644804
211	19	27.02	3.37040056967
212	20	26.38	2.88714391744
213	19	26.51	2.7874540355
214	21	27.29	2.64308531834
215	19	27.46	3.31185748486
216	19	27.52	3.12243494728
217	19	27.01	3.37785434855
218	19	27.15	3.09959674797
219	20	27.43	3.11850925925
220	21	27.89	2.85620377424
221	23	28.46	2.91348588464
222	21	28.46	3.38354843323
223	20	28.31	3.06168254396
224	19	28.84	3.25490399244
225	19	28.89	3.61080323474
226	22	27.99	3.20466846959
227	20	28.23	3.65473665262
228	21	26.59	2.90205099886
229	21	26.72	2.74983635877
230	22	27.12	2.90613144919
231	21	27.1	3.16385840391
232	21	26.87	3.12299535703
233	21	27.21	3.01759838282
234	21	27.04	3.21844683038
235	21	26.98	2.67200299401
236	22	27.5	2.83372546306
237	20	27.35	2.95084733594
238	20	27.38	3.02582220231
239	21	27.29	3.03412260794
240	17	27.21	3.11863752302
241	20	27.05	3.39816126751
242	18	26.95	3.04753999153
243	20	27.86	3.23425416441
244	19	28.01	3.69186944515
245	19	27.2	3.19374388453
246	19	27.01	3.57349968518
247	16	25.79	3.38908542235
248	16	25.78	3.28809975518
249	18	24.95	3.07693028845
250	17	24.96	3.19662321834
251	17	25.16	3.37259543972
252	18	24.81	3.07797011032
253	16	24.4	3.37638860323
254	16	23.8	2.87402157264
255	17	24.05	3.021175268
256	17	24.14	3.29247627174
257	16	23.56	3.13151720417
258	16	23.77	3.03596772051
259	15	23.95	3.45940746371
260	17	23.82	3.15080941982
261	17	23.8	3.37638860323
262	14	23.9	3.11608729018
263	17	24.32	3.26459798444
264	16	24.12	3.67227449954
265	15	23.95	3.28138690191
266	15	23.97	3.58735278444
267	14	23.61	3.64662857994
268	17	23.27	3.22445344206
269	15	22.76	3.37081592497
270	15	22.69	3.2578980954
271	15	22.98	3.39405362362
272	15	23.26	3.45143448438
273	15	23.18	3.59549718398
274	15	22.6	3.48425027804
275	16	22.16	2.77027074489
276	15	22.27	3.13960188559
277	15	22.71	3.73709780445
278	14	21.66	3.15347427451
279	14	21.5	3.44238289561
280	14	21.84	3.30066659934
281	14	22.07	3.25961654187
282	14	22.35	3.11889403475
283	15	22.37	3.03201253296
284	15	22.27	3.27980182328
285	15	21.93	2.88185704017
286	15	22.9	3.00166620396
287	15	23.09	3.6471769905
288	15	22.52	2.79456615595
289	15	23.64	3.34819354279
290	15	23.47	3.22941171113
291	15	23.38	3.22422083611
292	15	23.56	3.59254784241
293	15	23.8	3.06594194335
294	15	23.94	3.34908942849
295	15	23.94	3.2212419965
296	15	23.93	2.99083600353
297	16	23.79	3.08640567651
298	16	24.03	3.02805217921
299	18	24.44	3.25059994463
300	17	24.48	3.55943815791
1	66	72.98	2.85299842271
2	64	70.53	2.84413431469
3	64	69.05	2.32540319085
4	63	68.06	2.05338744517
5	62	68.11	2.82451765794
6	61	66.32	1.99439213797
7	61	66.41	2.94311059935
8	58	65.64	2.69265668068
9	59	64.51	2.82310113173
10	59	63.94	2.67514485589
11	58	63.42	2.75383369142
12	56	62.34	2.79005376292
13	56	61.08	2.28770627485
14	55	60.35	2.63960224276
15	52	59.41	2.41700227555
16	51	58.42	2.50671099252
17	51	57.1	2.34733891886
18	50	56.21	2.51910698463
19	50	55.75	2.43053492055
20	48	54.76	2.63484344886
21	47	54.12	2.6991850622
22	49	53.06	2.07759476318
23	48	52.49	2.30432202611
24	45	51.63	2.2300448426
25	46	50.73	2.30588377851
26	45	49.85	2.0898564544
27	44	48.95	2.10416254125
28	43	48.4	2.27156333832
29	42	47.42	1.91927069482
30	43	47.17	2.03004926049
31	41	46.84	2.07229341552
32	42	46.43	2.05063404829
33	42	46.52	2.26044243457
34	42	45.69	1.90102603875
35	41	45.56	1.88318878501
36	40	46.05	2.41816045787
37	39	45.67	2.44562875351
38	39	45.22	2.41900806117
39	39	45.07	2.18748714282
40	38	44.75	2.60911862513
41	38	44.01	2.38953970463
42	38	43.63	2.48457239782
43	39	43.4	2.47386337537
44	39	43.09	2.01044771133
45	39	42.73	2.34032049087
46	39	43.01	2.22932725278
47	37	42.72	2.17292429689
48	37	42.81	2.40289408839
49	37	42.54	2.5036772955
50	38	42.51	2.63626629914
51	38	42.26	2.30919899532
52	36	42.06	2.5605468166
53	36	41.73	2.41600910594
54	35	41.21	2.39288528768
55	35	40.91	2.64611035295
56	34	40.01	2.37695182955
57	35	39.87	2.68944232137
58	34	39.16	2.43606239657
59	34	38.72	2.54196774173
60	34	38.34	2.40507796131
61	33	38.33	2.56536547104
62	34	37.98	2.38319113795
63	33	37.66	2.6238140178
64	33	37.68	2.40782059132
65	33	37.48	2.31292023209
66	33	37.71	2.3718979742
67	33	37.79	2.58571073401
68	33	37.82	2.31248783781
69	31	38.32	2.73452006758
70	31	37.64	2.34316025914
71	32	37.36	2.19781709885
72	33	37.89	2.3490210727
73	33	37.7	2.25166604984
74	32	37.47	2.43497433251
75	32	37.3	2.49599679487
76	33	37.32	2.70880047253
77	31	37.02	2.50191926329
78	31	36.81	2.65215007117
79	31	36.71	2.55849565175
80	31	36.64	2.65525893276
81	30	36.41	2.37526840589
82	30	36.22	2.6099042128
83	30	36.64	2.63256528884
84	31	36.7	2.81247222209
85	31	36.44	2.61273802743
86	30	36.7	2.99833287011
87	30	36.27	2.7599094188
88	30	35.48	2.60568609007
89	30	35.58	2.77193073507
90	28	35.16	2.7155846516
91	29	34.59	2.44579230516
92	27	34.6	2.76767050062
93	27	34.44	2.76521246923
94	28	34.0	2.82134719593
95	28	33.48	2.62861180093
96	28	33.12	2.77229147097
97	28	32.6	2.4899799196
98	28	32.55	2.259977876
99	28	32.97	2.65124499057
100	28	32.73	2.70501386318
101	28	32.67	2.72049627826
102	27	32.52	2.62099217855
103	27	32.73	2.80305190819
104	27	32.76	2.80399714693
105	27	32.03	2.60559014429
106	27	31.96	2.69414179285
107	28	31.7	2.48394846967
108	27	31.55	2.41816045787
109	28	31.51	2.38115518184
110	27	31.35	2.51545224562
111	27	31.24	2.34997872331
112	26	31.5	2.5436194684
113	27	32.02	2.22252109101
114	27	32.52	3.01489634979
115	27	32.33	2.5379322292
116	26	31.78	2.54
117	26	31.93	2.76135836139
118	26	32.05	2.64338797758
119	26	32.49	2.57485921945
120	26	32.14	2.78215743624
121	26	31.54	2.78718495978
122	26	31.57	2.84343102607
123	26	31.54	2.90317068048
124	26	31.26	2.43154272017
125	27	31.81	2.46452835244
126	26	31.97	2.90329123582
127	27	31.79	2.55849565175
128	26	31.75	2.70323879818
129	26	31.86	2.52594536758
130	27	32.65	2.53919278512
131	26	32.65	2.65847700761
132	28	32.61	2.69404899733
133	28	32.57	2.75047268665
134	27	32.39	2.54909787964
135	27	32.25	2.55489725821
136	27	32.51	2.75497731388
137	27	32.13	2.36497357279
138	27	32.67	2.87769004585
139	27	32.08	2.54039367028
140	27	32.23	2.88046871186
141	27	32.02	2.59221912654
142	26	31.76	2.59275914809
143	27	32.01	2.2737414101
144	27	32.33	2.64217713259
145	26	31.65	2.68467875173
146	26	31.18	2.37646796738
147	26	31.25	2.59374246987
148	25	30.97	2.59405088616
149	25	30.68	2.69027879596
150	24	30.58	2.6539781461
151	24	31.01	2.63626629914
152	26	31.06	2.59930760011
153	26	31.99	3.00497920126
154	27	32.06	2.96249894515
155	26	31.86	2.92923198125
156	24	31.29	2.87156751618
157	24	30.99	2.91717328933
158	24	31.08	2.89717103396
159	24	31.22	2.76615256268
160	24	31.43	2.94025509097
161	25	31.19	2.7881714438
162	26	30.62	2.59144747197
163	26	30.83	2.3876976358
164	25	31.06	2.96587255289
165	25	30.78	2.59453271323
166	25	30.87	2.54815619615
167	25	30.99	2.81600781249
168	25	30.6	2.74590604355
169	25	30.34	2.60852448714
170	22	30.42	2.8219851169
171	23	30.35	2.84736720498
172	23	29.98	3.30145422503
173	22	29.73	3.11080375466
174	24	29.25	2.54312799521
175	24	29.5	2.80178514522
176	23	29.72	2.98355492659
177	24	29.62	2.87673425954
178	22	29.36	2.75506805724
179	21	29.16	3.08129842761
180	22	29.27	3.08821955178
181	24	29.04	2.6416661409
182	24	29.08	2.56390327431
183	23	29.36	2.67776025813
184	23	29.43	2.59327977665
185	23	29.43	2.90604542291
186	23	29.34	3.0040639141
187	24	29.03	2.53162003468
188	23	29.3	2.81957443597
189	23	29.73	2.75265326549
190	22	29.51	2.8017672994
191	23	29.07	2.97743177924
192	23	28.73	2.48135043877
193	23	28.99	3.13526713375
194	23	29.02	2.95289688272
195	23	29.11	2.5725279396
196	23	29.21	2.99096974241
197	23	29.18	2.94407880329
198	23	29.27	2.88046871186
199	23	29.06	3.06861532291
200	23	29.22	2.73707873471
201	23	29.09	2.91237016878
202	24	29.34	2.76846527881
203	24	29.67	2.99350964588
204	24	29.92	2.9518807564
205	22	29.73	3.04254827406
206	22	29.67	3.14342170254
207	22	29.48	3.04131550484
208	20	29.17	3.21575807548
209	23	28.65	2.808469334
210	23	28.7	2.75136329844
211	23	28.9	2.57487863792
212	24	29.24	2.64620482956
213	24	29.63	2.82012411074
214	23	29.33	3.02342520992
215	22	29.14	2.67215269025
216	22	28.71	3.0308249702
217	22	29.04	3.14299220489
218	20	28.65	3.17608249263
219	21	28.75	2.96437177156
220	19	28.36	3.22961297991
221	19	28.11	3.25851193031
222	19	27.68	2.98623508787
223	21	28.24	3.32601864096
224	22	28.1	3.10966236109
225	20	27.8	2.82134719593
226	21	27.87	2.60251801147
227	22	27.96	2.61885471151
228	20	28.77	2.98949828567
229	23	28.81	3.02554127389
230	23	29.06	3.35505588627
231	24	28.91	2.72798460406
232	22	28.76	2.73173937263
233	22	29.08	2.94849113955
234	22	29.19	2.97555036926
235	22	28.94	2.84541736833
236	22	29.25	2.95423424934
237	20	28.95	3.21986024541
238	22	28.26	3.07447556504
239	22	28.12	2.73232501727
240	23	28.51	2.77306689425
241	22	28.83	3.04320554679
242	21	28.62	3.27957314296
243	21	27.84	2.92820764291
244	21	27.69	3.3005908562
245	22	27.76	2.90558083694
246	21	28.29	3.19779611608
247	21	28.1	3.10966236109
248	20	27.55	3.15713477698
249	20	27.2	3.08220700148
250	20	27.32	2.69399331848
251	20	27.18	2.62823134446
252	21	27.6	2.65329983228
253	22	27.7	2.68514431642
254	22	27.95	2.74727137356
255	22	28.37	3.21140156318
256	23	28.52	2.9205478938
257	23	28.24	2.93298482778
258	23	28.43	2.66178511529
259	23	28.1	2.6776855678
260	20	28.48	3.00492928369
261	21	28.32	3.03934203406
262	21	28.25	3.1380726569
263	21	27.94	3.23672674163
264	22	28.28	3.27133000475
265	22	28.3	3.12569992162
266	22	27.95	2.98789223367
267	20	27.8	3.25269119346
268	20	27.88	2.94713420122
269	22	27.69	2.7809890327
270	22	27.67	2.91566458976
271	22	27.84	2.74852687817
272	20	28.13	3.16750690607
273	20	28.37	2.96868657827
274	20	28.7	2.81247222209
275	20	28.89	3.17771930793
276	22	28.64	2.88624323299
277	21	28.25	2.93726062854
278	21	28.27	3.08497974061
279	21	28.18	3.42747720634
280	21	27.42	3.4093401121
281	21	26.63	2.83074195221
282	21	27.41	2.92948800987
283	21	28.1	3.30605505096
284	21	27.34	2.85033331384
285	19	27.76	2.9499830508
286	19	27.66	3.07967530756
287	21	27.94	3.51516713685
288	22	28.19	2.90067233586
289	22	28.76	3.34400956936
290	22	28.41	3.22519766836
291	21	28.32	2.87360400891
292	19	27.89	2.99964997958
293	19	27.77	3.08821955178
294	20	28.07	2.94025509097
295	22	28.38	3.11377584293
296	22	28.32	2.67162871672
297	22	28.58	2.76108674257
298	22	28.7	3.04795013083
299	20	28.28	3.27438543852
300	20	27.66	3.12160215274
1	67	73.25	2.8857408061
2	65	70.92	2.16647178611
3	64	69.41	1.90837627317
4	64	68.9	2.32594066992
5	64	68.32	2.21305219098
6	62	67.3	2.27376340018
7	60	67.06	2.76702005775
8	60	66.59	2.78960570691
9	60	65.23	2.57625697476
10	59	64.43	2.42592250495
11	58	63.74	2.39424309543
12	58	63.05	2.1089096709
13	59	62.31	1.99847441815
14	58	61.61	1.8649128666
15	58	61.21	1.69879368965
16	57	61.16	2.04313484626
17	55	60.74	2.08144180798
18	55	60.66	2.31611744089
19	54	59.75	1.93584606826
20	55	59.14	1.74939989711
21	54	58.8	2.05426385842
22	54	58.49	2.10947860857
23	54	58.46	2.21549091625
24	54	57.32	1.76
25	53	57.31	1.83681790061
26	52	56.69	1.85846711028
27	52	56.05	1.85674446276
28	51	55.92	2.0033971149
29	51	55.57	1.81799339933
30	51	55.24	1.85537058293
31	50	54.89	2.09711706874
32	50	54.28	1.82252571998
33	49	54.23	1.64836282414
34	50	54.14	1.8167003055
35	48	53.64	1.81945046649
36	49	53.37	1.85825186667
37	46	53.19	2.10568278713
38	46	52.59	2.06443696925
39	47	51.93	2.21022623276
40	44	51.23	2.49341131785
41	45	50.5	2.46373699895
42	45	49.87	2.17556889112
43	45	49.84	2.30529824535
44	46	49.48	2.10940749975
45	45	49.59	2.12647595801
46	45	49.12	2.1460661686
47	45	48.87	1.99326365542
48	45	48.79	2.10853029383
49	44	48.21	1.94059269297
50	44	48.22	2.05708531666
51	43	48.14	2.24953328493
52	43	47.87	2.22555611028
53	42	47.3	2.17025344142
54	42	47.13	2.2300448426
55	42	46.83	2.21835524657
56	42	46.48	2.13766227454
57	42	45.95	1.88348082018
58	42	45.95	1.96150452459
59	42	45.86	1.8167003055
60	42	45.54	1.86772588995
61	42	45.58	1.975753021
62	41	45.55	2.16043977005
63	41	45.45	2.13717102732
64	42	45.51	2.18858401712
65	41	45.26	2.09102845509
66	41	44.74	1.97797876632
67	41	44.64	1.99759855827
68	41	44.92	2.06726872951
69	41	44.77	2.15339267204
70	40	44.56	2.20145406493
71	40	44.35	2.03654118544
72	39	44.13	2.20750990938
73	39	43.85	2.13717102732
74	38	43.5	2.25166604984
75	37	43.37	2.51258830691
76	38	42.87	2.64066279559
77	37	42.38	2.4689268924
78	37	41.97	2.15153433624
79	37	41.95	2.38065117142
80	37	41.61	2.17667177131
81	36	41.3	2.06639783198
82	36	41.5	2.27815714998
83	36	41.16	2.27912263821
84	37	41.31	2.24808807657
85	37	41.26	2.14764987836
86	37	41.43	1.98118651318
87	36	41.53	2.57081699076
88	37	41.2	2.18632111091
89	37	41.21	2.1554349909
90	36	40.9	2.16564078277
91	36	40.82	2.59761429007
92	35	40.45	2.44284670006
93	36	40.25	2.26881026091
94	36	40.41	2.3069243594
95	37	40.53	2.49180657355
96	35	39.79	2.20134050069
97	36	40.21	2.05082910063
98	36	40.22	2.14280190405
99	36	39.91	2.11704983409
100	36	40.18	2.39741527483
101	36	39.9	2.09045449604
102	36	40.02	2.62670896751
103	35	39.71	2.44251919133
104	35	39.36	2.1284736315
105	36	39.67	2.34117491871
106	35	39.53	2.3128121411
107	35	39.52	2.32155120555
108	35	39.36	2.4187600129
109	34	39.1	2.51197133742
110	34	38.79	2.2104072023
111	33	38.75	2.58988416729
112	33	38.58	2.63886339169
113	32	37.67	2.74246239719
114	32	37.2	2.64196896272
115	31	36.71	2.79390407853
116	32	36.66	2.19645168397
117	30	36.95	2.51545224562
118	30	37.02	2.67947756102
119	30	36.8	2.54165300543
120	30	36.58	2.54236110732
121	29	35.96	2.73100714023
122	29	35.62	2.7231599292
123	29	35.41	2.82876298053
124	29	35.02	2.50591300727
125	29	34.93	2.39271811963
126	28	35.44	2.95404807002
127	30	35.33	2.86026222574
128	31	35.29	2.38870257671
129	30	35.67	2.67228366758
130	30	35.61	2.81032026645
131	31	35.31	2.18492562802
132	30	35.34	2.6238140178
133	31	35.55	2.56271340575
134	29	34.67	2.59250843779
135	29	34.8	2.64196896272
136	29	34.63	2.94161520257
137	28	34.12	2.81168988333
138	29	34.01	2.70368267369
139	29	34.02	2.75673720184
140	28	33.38	2.4567458151
141	28	33.64	2.34742412018
142	27	33.71	2.76873617378
143	28	34.17	2.74610633443
144	29	34.28	2.67237721888
145	29	34.14	2.54566297848
146	27	34.01	2.76945843081
147	28	34.03	2.50381708597
148	28	33.94	2.68633579435
149	28	33.76	2.76448910289
150	29	34.05	2.73998175176
151	28	33.95	2.43464576479
152	27	33.89	2.70516173269
153	27	33.74	2.65563551716
154	25	33.73	3.13960188559
155	25	33.17	2.84624313789
156	25	33.07	2.91291949769
157	27	33.06	2.95912149125
158	27	33.29	2.60497600757
159	26	33.03	2.5979030005
160	27	33.05	3.03108891325
161	26	32.76	2.87443907572
162	27	32.11	2.84568093784
163	28	32.06	2.39089941236
164	26	32.68	2.52539105883
165	26	32.89	2.97622243792
166	25	32.33	2.9087970022
167	27	32.24	2.61579815735
168	27	32.94	2.74525044395
169	28	32.53	2.45542257056
170	27	32.8	2.58843582111
171	27	32.96	2.63028515564
172	27	33.08	2.66338130954
173	28	33.05	2.71799558499
174	25	33.36	3.06763752748
175	25	32.6	2.78567765544
176	28	32.97	2.69241527258
177	28	32.43	2.35480360115
178	27	32.73	2.62623304373
179	26	32.72	2.66863260866
180	26	32.69	3.15180900437
181	26	32.49	2.87921864401
182	27	32.46	2.8157414654
183	26	32.06	2.96587255289
184	26	32.06	2.65262134501
185	26	31.6	2.90516780927
186	24	31.49	2.79103923297
187	24	31.19	3.07146544828
188	24	30.6	2.90516780927
189	25	30.52	2.86174771774
190	25	30.46	2.75470506588
191	25	30.2	2.7276363394
192	25	30.04	2.9963978374
193	25	29.84	2.82035458764
194	25	29.53	2.7256375401
195	23	30.17	2.68721044952
196	24	30.31	3.08770141043
197	24	30.19	2.85900332284
198	25	30.34	2.83273719219
199	25	30.5	2.79105714739
200	25	30.47	2.83356665706
201	25	29.81	2.7629513206
202	25	29.84	2.74488615429
203	24	30.0	2.70554985169
204	23	29.79	3.1122178587
205	23	30.1	2.79105714739
206	23	30.41	2.7967659895
207	25	30.52	2.65887194126
208	24	30.74	3.00872065835
209	24	30.45	2.93044365242
210	25	30.24	2.98033555158
211	24	29.77	2.83497795406
212	24	29.8	3.01330383466
213	24	29.49	2.75134512557
214	24	29.93	2.94704937183
215	23	29.55	3.23535160377
216	24	29.46	2.74014598151
217	22	29.09	2.604208133
218	23	29.66	2.88866751289
219	24	29.66	2.83626514981
220	23	29.69	2.83793939329
221	24	30.12	2.73963501219
222	24	30.69	2.75207194673
223	25	30.67	3.08886710624
224	25	30.61	2.71990808668
225	24	30.75	3.00790624854
226	25	30.87	2.80233830934
227	26	30.78	2.91746465274
228	25	30.87	2.98213011118
229	25	30.92	2.87986110776
230	25	30.72	2.90199931082
231	26	30.72	2.59645912735
232	26	31.28	2.75347053734
233	25	30.65	2.54705712539
234	24	31.06	3.00273208928
235	24	30.38	2.74510473389
236	24	29.96	2.77099260194
237	24	29.59	2.64611035295
238	24	29.82	2.54707675581
239	24	29.98	3.00326489008
240	25	29.55	2.7509089407
241	23	29.52	2.80171376125
242	23	29.51	2.75497731388
243	23	29.77	2.85606372478
244	24	29.48	2.92396990409
245	23	29.1	2.8930952283
246	23	29.1	2.85482048472
247	24	29.26	2.85524079545
248	25	29.56	2.46300629313
249	24	29.74	2.67065535028
250	23	29.6	2.7276363394
251	22	29.72	2.90888294711
252	22	29.5	3.16385840391
253	22	28.97	2.88601801796
254	22	28.7	2.98161030318
255	21	28.82	3.00126639937
256	21	28.96	3.04604661816
257	23	29.01	2.97151476523
258	22	28.37	2.9551818895
259	22	28.16	2.98234806822
260	22	28.08	2.95526648545
261	22	28.46	2.95438656915
262	21	28.9	2.84077454227
263	21	29.09	3.17834862783
264	21	28.56	3.0407893712
265	21	28.38	2.98254924519
266	22	28.37	2.7880279769
267	22	28.65	3.05736814924
268	22	28.7	2.87228132327
269	21	28.88	2.80813105107
270	21	28.62	2.84527678794
271	22	28.48	2.81240110937
272	22	28.64	2.84436284605
273	22	28.24	2.76448910289
274	21	28.45	2.81202773813
275	22	28.62	3.08473661761
276	22	27.74	3.12288328312
277	22	28.01	2.91717328933
278	22	27.58	3.09250707356
279	21	27.7	2.58650343128
280	22	28.53	2.91703616707
281	22	28.98	2.9325074595
282	22	28.27	2.88740367805
283	22	28.7	2.83372546306
284	22	28.52	2.75492286643
285	24	29.23	2.54894095655
286	23	29.85	3.11889403475
287	23	29.56	3.05718825066
288	23	29.03	2.64747049086
289	20	29.1	2.83725219182
290	20	29.39	2.87365620769
291	23	29.95	2.54312799521
292	23	30.27	2.85606372478
293	24	29.83	2.94637064878
294	24	29.52	2.55530820059
295	25	29.69	2.56005859308
296	23	30.46	2.8263757712
297	24	30.53	2.89639431017
298	23	30.28	3.31686599066
299	22	30.09	3.6416891685
300	23	29.13	2.93821374308
1	63	73.1	2.94108823397
2	61	70.77	2.68646608019
3	61	69.19	2.68959104698
4	57	67.48	2.74765354439
5	57	66.27	2.73442864233
6	58	64.89	2.90136174925
7	57	62.98	2.2582293949
8	57	62.19	2.36091084118
9	56	60.95	2.13717102732
10	55	59.66	1.77887604964
11	55	58.92	1.71860408472
12	53	58.2	2.12602916255
13	51	57.24	1.97544931598
14	51	56.47	1.93625928016
15	50	55.55	1.97673974008
16	52	55.12	1.90934543758
17	50	54.85	1.69336942219
18	50	54.85	1.9918584287
19	49	54.24	2.14532048888
20	49	53.7	2.25166604984
21	49	52.71	1.92507142725
22	46	52.59	2.37105461768
23	46	52.05	2.29945645751
24	45	51.66	2.15044181507
25	46	51.48	2.42272573768
26	45	50.58	2.08892316757
27	46	50.69	2.27022025363
28	46	50.6	2.15406592285
29	43	50.66	2.63522295072
30	45	50.17	2.40022915573
31	45	49.74	2.60622332121
32	43	49.38	2.61067041198
33	43	48.75	2.50748878362
34	43	48.13	2.37341526076
35	43	47.55	2.1277922831
36	41	47.56	2.57029181223
37	41	46.89	2.51751861959
38	41	46.82	2.41818113465
39	41	46.58	2.85019297592
40	41	46.03	2.60174941145
41	41	45.12	2.29904327928
42	41	44.69	2.11042649718
43	39	44.62	2.21711524283
44	38	44.51	2.70737880615
45	38	43.49	2.36006355847
46	38	43.45	2.31246621597
47	38	43.07	2.35055312639
48	37	42.85	2.36801604724
49	36	42.75	2.43874967965
50	36	42.53	2.61325467569
51	36	42.31	2.71549258883
52	37	42.65	3.02448342697
53	37	42.11	2.87713399062
54	37	41.92	2.52063484067
55	36	41.77	2.203882937
56	36	41.8	2.65329983228
57	37	41.43	2.2902183302
58	36	41.5	2.63628526529
59	36	41.24	2.45812937007
60	36	41.65	2.47941525364
61	36	41.36	2.66653333
62	36	41.07	2.5347780968
63	36	40.53	2.46761017991
64	36	40.14	2.54566297848
65	35	40.15	2.24220873248
66	35	39.92	2.58719925788
67	33	40.26	2.71889683512
68	35	39.84	2.59121593079
69	34	38.9	2.35584379788
70	34	39.33	2.52608392576
71	34	39.25	2.61677282163
72	33	38.99	2.41865665195
73	33	39.06	2.64128756481
74	32	38.62	2.66
75	32	38.39	3.04596454346
76	32	37.61	2.73822935489
77	30	37.66	2.88173558815
78	29	37.38	3.0554214112
79	29	36.78	2.95492808711
80	29	36.37	2.47246840222
81	31	36.2	2.56904651573
82	31	36.49	2.49196709449
83	30	36.62	2.74874516825
84	30	36.12	2.48306262507
85	31	36.0	2.64575131106
86	30	35.98	2.63431205441
87	31	35.27	2.42427308693
88	30	35.51	2.34731761805
89	30	35.75	3.04425688798
90	30	35.23	2.71608173662
91	29	34.95	2.66223590239
92	29	35.21	2.84005281641
93	28	35.04	3.0229786635
94	27	34.21	2.98092267595
95	27	33.7	2.88270706108
96	26	33.51	2.94786363321
97	27	32.63	3.08433137001
98	27	32.17	2.83215465679
99	25	31.47	2.59405088616
100	25	31.12	2.69176522007
101	25	30.89	2.86668798442
102	27	30.98	2.55726416312
103	24	30.77	2.73076912243
104	26	31.07	2.9368520562
105	26	30.86	2.62686124491
106	26	31.35	2.38065117142
107	25	31.38	2.66
108	25	31.17	2.70944643793
109	26	31.44	2.50327785114
110	27	31.52	2.73305689659
111	26	31.79	2.44251919133
112	26	31.87	2.64822582119
113	25	32.01	2.82310113173
114	25	32.14	2.56132778066
115	25	32.15	2.86138078556
116	26	32.18	2.7870414421
117	25	32.42	2.96708611267
118	25	31.75	3.07042342357
119	26	31.55	2.54312799521
120	25	31.83	2.76425396807
121	26	31.59	2.63095039862
122	26	31.37	2.70427439436
123	23	31.59	2.70959406554
124	26	31.42	2.84316724798
125	26	31.15	2.35531314266
126	25	31.26	2.6930280355
127	24	30.94	3.16802777766
128	25	30.66	3.03716973513
129	25	30.25	2.8368115905
130	24	30.11	2.73822935489
131	24	29.34	2.61235525915
132	24	29.48	2.75492286643
133	23	29.46	2.71079324184
134	23	29.29	2.82593347409
135	23	29.52	2.6324133414
136	24	29.79	2.92333713417
137	22	29.3	2.79821371593
138	23	29.62	2.85930061379
139	24	29.96	2.9014479144
140	24	29.69	2.68214466426
141	23	29.54	2.91348588464
142	24	29.14	2.49807926215
143	23	29.55	2.90989690539
144	23	29.27	2.89086492248
145	22	29.74	3.3064180014
146	22	29.3	2.99165506033
147	24	28.98	2.72756301485
148	21	29.23	2.96599055966
149	22	28.95	3.09636884108
150	23	28.48	2.93421198961
151	23	28.2	2.46981780705
152	23	28.59	2.54595758017
153	23	28.73	2.55286113998
154	24	29.23	2.91154598109
155	24	29.47	2.90329123582
156	23	28.82	2.91334858882
157	22	28.73	2.68646608019
158	22	28.98	2.73488573802
159	25	28.96	2.77099260194
160	25	28.99	2.43102858889
161	24	29.74	2.49246865577
162	24	30.48	2.89993103366
163	24	30.2	2.60768096208
164	25	30.22	2.65548488981
165	26	30.81	2.7629513206
166	23	30.55	2.80490641555
167	23	30.12	2.87499565217
168	24	30.13	2.46030485916
169	26	31.01	2.70368267369
170	26	30.84	2.89730909639
171	26	30.91	2.84638367055
172	23	30.7	2.68141753556
173	25	30.65	2.98789223367
174	24	30.4	2.91204395571
175	25	30.42	2.73926997574
176	25	30.64	2.75869534382
177	25	30.05	2.60528309402
178	24	29.91	2.55771382293
179	24	30.27	2.69390051784
180	24	30.28	2.80741874326
181	24	30.12	3.02416930743
182	24	30.07	3.09920957665
183	23	29.38	2.79921417544
184	23	29.38	2.85930061379
185	23	29.01	2.58648410009
186	23	29.05	2.66973781484
187	23	29.15	2.66223590239
188	25	29.58	2.28989082709
189	25	29.9	2.86530975638
190	22	29.7	2.7946377225
191	22	29.91	2.96005067524
192	24	30.09	3.0169355313
193	24	29.62	2.74145946532
194	23	29.33	2.50621228151
195	23	29.31	2.68587043619
196	22	29.07	3.09274958572
197	21	28.64	3.2388886983
198	21	27.98	3.11120555412
199	20	27.11	3.28297121523
200	20	26.84	3.1232034836
201	20	26.36	2.98167738027
202	20	26.05	2.69583011334
203	20	26.43	2.85045610385
204	20	26.36	2.86537955601
205	20	26.38	3.04558697134
206	21	26.61	2.54517189989
207	19	27.22	3.22049685608
208	20	26.95	3.00124973969
209	22	26.67	2.74974544276
210	21	26.27	2.77796688245
211	20	27.02	2.95966214288
212	21	26.88	2.71027673864
213	21	26.99	2.59034746704
214	21	27.22	2.83400776287
215	21	27.46	2.72550912675
216	20	27.24	2.96351143072
217	22	27.38	2.94543714922
218	22	27.27	2.78156430808
219	22	27.45	2.50349755342
220	22	27.77	2.61095767871
221	22	28.11	2.81387632991
222	21	27.95	2.66598949735
223	21	28.06	2.92513247563
224	21	27.68	3.04263044092
225	20	27.16	2.91794448199
226	22	27.02	2.51388146101
227	22	27.3	2.72946881279
228	22	27.25	2.91676190321
229	20	27.68	3.04263044092
230	22	28.26	3.0020659553
231	21	28.18	2.99125391767
232	21	27.72	2.82163073417
233	21	27.35	3.13488436788
234	21	27.03	2.87560428432
235	21	27.51	2.63247032272
236	21	27.42	2.62747026624
237	22	27.44	2.47111310951
238	22	28.47	2.96464163096
239	21	28.59	2.91922935036
240	21	28.13	2.77364381275
241	22	28.79	2.60113436792
242	24	28.76	2.6004614975
243	24	28.91	2.67990671479
244	23	29.13	2.64066279559
245	23	29.1	3.33916157141
246	21	28.59	3.06298873651
247	20	28.08	3.2332027465
248	20	27.83	3.059591476
249	20	27.35	3.13488436788
250	20	26.96	2.97294466817
251	20	26.96	3.2616560211
252	20	27.26	3.58502440717
253	21	26.85	3.04097023991
254	21	27.03	3.02805217921
255	21	26.64	2.72587600598
256	22	26.45	2.65847700761
257	20	26.88	2.85054380777
258	19	26.66	3.18502747241
259	19	26.8	3.16859590355
260	20	26.79	3.00431356553
261	20	26.52	3.00825530831
262	21	26.52	2.91712186924
263	21	26.99	2.65516477831
264	22	26.88	2.76144889505
265	22	27.01	2.76945843081
266	21	27.19	2.64081426836
267	22	27.52	2.77661664621
268	22	27.85	2.72534401498
269	20	27.73	2.72343533061
270	22	27.59	3.21588246054
271	22	27.33	3.09533519994
272	22	26.85	2.97111090335
273	20	26.72	3.23752992264
274	20	26.34	3.15664378732
275	19	26.3	2.95127091267
276	20	26.27	2.9149785591
277	20	26.75	3.07693028845
278	20	26.74	3.10361080034
279	21	26.95	2.67721870605
280	20	27.13	2.90053443351
281	20	27.3	2.81957443597
282	20	27.81	2.97890919633
283	22	27.75	2.89266313282
284	21	27.61	3.52390408496
285	20	26.53	2.93071663591
286	21	26.94	2.86991289066
287	22	27.02	2.87742940834
288	21	27.04	2.92547432052
289	21	27.43	2.89570371413
290	21	27.14	2.80364049051
291	22	27.14	2.47798305079
292	22	28.17	3.22197144618
293	22	27.76	2.62724189979
294	22	28.14	2.77856077853
295	21	28.31	2.88684949383
296	22	28.44	2.81538629676
297	23	28.9	3.34813380856
298	22	28.71	2.95057621491
299	22	28.71	3.26586895022
300	22	28.44	2.81893596948
1	65	73.48	2.67761087539
2	65	71.41	2.47828569782
3	64	69.92	2.20308874084
4	65	69.13	2.35650164439
5	64	68.1	2.11423745119
6	62	67.28	2.23642571976
7	61	66.27	2.25767579603
8	60	65.0	2.19544984001
9	59	64.09	2.00047494361
10	57	63.42	2.87464780451
11	53	62.29	2.58957525475
12	53	60.96	2.74561468528
13	53	59.42	2.37141308084
14	53	58.29	2.10378230813
15	51	57.27	2.07776322039
16	49	56.41	2.33707081621
17	49	55.55	2.30813777752
18	49	54.96	2.31913777081
19	47	54.07	2.15060456616
20	49	53.78	2.06678494285
21	47	53.55	2.53919278512
22	46	52.71	2.46290478907
23	46	52.2	2.59229627936
24	46	51.28	2.45796663932
25	45	50.58	2.39658089786
26	44	50.6	2.68700576851
27	43	49.96	2.32344571703
28	43	49.42	2.18714425679
29	43	48.99	2.32591917314
30	41	48.23	2.78874523756
31	41	47.26	2.26548008157
32	41	47.26	2.47636830863
33	42	47.21	2.60113436792
34	41	46.79	2.3845125288
35	41	46.21	2.84708622981
36	39	45.26	2.66690832238
37	37	44.77	2.6715351392
38	37	44.04	2.59969228948
39	37	43.07	2.41766416195
40	38	42.63	2.59096507117
41	38	42.85	2.50349755342
42	35	42.5	2.74043792121
43	34	42.18	2.82269374889
44	36	41.75	2.42641711171
45	36	40.89	2.47343890161
46	36	40.53	2.38098719022
47	36	40.45	2.37644692766
48	35	40.21	2.2058785098
49	34	40.25	2.41816045787
50	34	40.19	2.4847333861
51	34	40.05	2.72534401498
52	34	39.48	2.57091423428
53	33	39.21	2.59728704613
54	32	38.72	2.70953870613
55	31	38.72	2.74619737091
56	31	38.32	2.88749025972
57	31	37.67	2.84624313789
58	32	37.45	2.62059153628
59	33	37.38	2.73049446072
60	32	37.1	2.62106848442
61	32	37.12	2.19216787678
62	32	37.02	2.25379679652
63	31	36.92	2.33529441399
64	31	36.97	2.67003745292
65	31	36.89	2.4855381711
66	31	37.25	2.61677282163
67	32	36.88	2.50710988989
68	31	36.52	2.33443783383
69	33	36.6	2.25831795813
70	31	35.99	2.48795096415
71	30	35.63	2.53240991942
72	30	35.4	2.4899799196
73	30	35.86	2.58077507738
74	30	36.22	2.75165404802
75	30	36.05	2.63960224276
76	30	35.77	2.78874523756
77	30	35.56	2.68074616478
78	28	35.13	2.65576730908
79	26	34.7	2.95127091267
80	28	34.34	2.76846527881
81	28	34.43	2.71018449556
82	30	34.19	2.63702483872
83	28	34.25	2.60911862513
84	30	34.64	2.71852901401
85	30	34.31	2.69330651802
86	27	34.19	2.63322995578
87	26	33.75	3.02778797144
88	27	33.19	2.66343762833
89	27	32.86	2.56912436445
90	26	32.65	2.75454170417
91	26	32.95	2.98119103715
92	26	32.35	2.99791594278
93	26	31.82	2.86837933335
94	25	31.46	2.86503054085
95	25	31.56	2.68819642139
96	25	31.16	2.84154887341
97	25	31.08	2.92807103739
98	26	30.92	2.62556660552
99	25	30.8	2.87402157264
100	25	30.52	2.88263768101
101	26	29.73	2.30154296071
102	25	30.12	2.61258492685
103	24	30.58	2.78991039283
104	24	30.69	3.02223427285
105	25	30.53	2.33433073921
106	25	30.88	2.6991850622
107	26	30.67	2.56146442489
108	24	30.64	2.62495714251
109	24	31.01	2.88268971622
110	26	30.9	2.48394846967
111	26	31.12	2.5817823301
112	26	31.17	2.80376532542
113	26	31.06	2.60699060221
114	26	30.78	2.6965904398
115	25	31.18	2.88575813262
116	24	30.95	2.89956893348
117	25	30.5	2.61342686907
118	24	30.76	2.98703866731
119	25	30.63	2.59096507117
120	25	30.58	2.79349243779
121	25	30.64	2.64771599685
122	24	30.57	2.7468345418
123	25	30.49	2.62104940816
124	24	30.69	2.76656827134
125	22	30.36	2.72954208614
126	22	30.3	3.21714158843
127	22	29.87	2.93480834127
128	23	29.89	2.97622243792
129	23	29.62	3.08473661761
130	23	28.81	2.72284777393
131	23	28.74	2.52039679416
132	23	29.16	2.76665863453
133	24	29.1	2.9
134	24	29.04	2.84225262776
135	23	28.68	2.84914022119
136	23	28.46	3.08681065179
137	22	28.76	3.04341912986
138	23	28.53	2.94433354089
139	23	27.85	2.66973781484
140	22	28.11	2.93562599798
141	23	28.16	3.09748284902
142	22	27.49	2.93766914407
143	22	27.53	2.73662200532
144	22	27.31	2.49677792364
145	22	28.03	2.80162452873
146	22	28.48	2.83012367221
147	22	28.51	2.79461983103
148	22	28.46	2.75107251813
149	22	28.52	2.75492286643
150	22	29.27	3.05566686666
151	24	29.54	2.59005791441
152	24	29.51	2.45150973892
153	23	29.41	2.74260824764
154	22	29.62	3.08797668385
155	21	29.51	3.11927876279
156	21	29.47	3.11273191907
157	23	29.07	2.97070698656
158	23	28.89	2.85620377424
159	23	29.31	3.08121729192
160	23	29.26	2.76629716408
161	22	29.42	2.89889634171
162	22	29.41	3.10191876103
163	20	29.3	3.2511536414
164	20	28.73	3.05566686666
165	22	28.74	2.75543100077
166	22	29.0	3.07896086367
167	22	28.67	2.75700924917
168	23	28.82	2.8049242414
169	23	28.5	2.78388218142
170	22	28.38	3.06848496819
171	21	28.55	3.1380726569
172	21	28.34	2.95709316728
173	22	28.63	2.9854815357
174	21	28.78	2.63658870513
175	21	28.75	2.68840101175
176	22	28.23	2.69761005336
177	23	28.57	2.80447856116
178	23	28.71	2.54674301805
179	22	28.59	2.92607245296
180	23	28.73	2.80661718088
181	23	29.21	2.77955032334
182	22	29.08	3.06489804072
183	22	28.47	2.75845971513
184	22	28.69	2.74114939396
185	22	28.72	3.01024915912
186	23	29.28	3.14668079093
187	23	29.19	2.81316547682
188	22	29.0	2.92232783924
189	24	28.58	2.6539781461
190	24	28.8	3.04302481094
191	24	29.0	2.5495097568
192	23	29.08	2.73744406336
193	24	29.78	3.01522801791
194	24	29.31	2.5678590304
195	23	29.04	2.8597902021
196	20	28.86	2.86013985672
197	20	29.2	3.21558703816
198	21	29.04	3.23085128101
199	22	28.32	3.26765971301
200	21	27.67	3.09533519994
201	22	27.38	2.5249950495
202	23	27.67	2.49020079512
203	23	28.12	2.59722929292
204	21	28.07	3.01083045022
205	21	28.21	2.97420577634
206	21	27.95	2.85788383249
207	23	27.93	2.67303198634
208	23	28.0	2.91547594742
209	23	28.44	2.87513477945
210	22	28.57	3.05042619973
211	22	27.48	2.78381033837
212	22	27.59	3.01029898847
213	21	27.5	3.0347981811
214	21	27.32	2.93897941469
215	21	27.57	2.96396693639
216	21	27.78	3.15144411342
217	21	27.4	3.31662479036
218	20	27.51	3.09029124841
219	21	26.87	3.06481647085
220	21	26.9	3.03809150619
221	20	26.88	3.36832302489
222	21	26.08	3.01887396226
223	21	26.41	2.77162407263
224	20	26.69	2.93153543386
225	21	26.46	2.95438656915
226	20	26.44	2.85769137592
227	20	26.01	2.96140169514
228	20	25.94	2.78503141814
229	21	25.73	2.68274113548
230	21	26.05	2.87532606847
231	21	26.54	2.90317068048
232	21	26.25	2.78343313194
233	21	26.18	2.98120780893
234	21	26.16	3.02892720282
235	20	26.02	3.02317713672
236	20	26.31	2.96882131493
237	20	26.31	2.81671794825
238	20	26.48	2.86872794109
239	21	26.69	2.92812226521
240	21	26.98	2.83188982837
241	22	26.92	3.01887396226
242	20	26.77	2.88046871186
243	22	26.58	2.58913112839
244	20	26.99	2.84075694138
245	20	26.93	3.19454222073
246	20	26.72	2.92602118926
247	20	27.12	2.91986301049
248	20	27.09	3.0433369843
249	19	27.05	3.29962119038
250	18	26.97	3.1510474449
251	18	27.03	3.21700170967
252	18	26.45	3.1412577099
253	20	26.33	3.07263730369
254	18	26.74	2.848227519
255	18	26.69	3.33075066614
256	21	26.92	3.07792137651
257	18	26.99	3.34811887483
258	18	26.62	3.4893552413
259	17	26.23	3.61069245436
260	18	25.37	3.45153589001
261	17	24.84	3.26104277801
262	18	25.03	2.84764815242
263	19	25.43	3.02077804547
264	19	25.5	2.83725219182
265	19	25.45	3.09636884108
266	19	25.51	3.18589077026
267	17	24.82	3.11249096384
268	20	25.24	3.03684046338
269	17	25.04	2.95269368543
270	16	25.23	3.09145596766
271	16	25.11	3.22147481753
272	18	25.04	3.09166621743
273	16	25.24	3.16897459756
274	18	25.51	3.30301377533
275	18	25.35	3.38932146602
276	16	25.15	3.75599520766
277	16	24.77	3.07848988954
278	16	24.89	3.2090341226
279	16	25.12	3.08959544277
280	19	25.15	2.89956893348
281	19	25.32	2.88749025972
282	19	25.4	2.82842712475
283	19	25.65	2.53525146682
284	19	25.93	3.27186491164
285	21	25.97	2.78731053168
286	19	26.24	2.73905093052
287	19	26.67	3.25286027982
288	18	26.54	3.14140096135
289	20	25.94	2.78143847676
290	19	26.3	3.26036807738
291	19	26.21	3.02091045879
292	20	26.41	2.93289958914
293	20	26.31	2.66718953207
294	19	26.26	2.88658968335
295	19	27.02	2.8739519829
296	21	27.67	3.11786786122
297	22	27.0	2.66833281283
298	21	27.33	2.97003366984
299	18	27.36	3.00506239536
300	20	27.74	3.36339114585
1	66	73.12	2.69176522007
2	66	70.8	2.02484567313
3	64	69.83	2.5770331779
4	62	68.18	2.2017265952
5	61	67.21	2.36767818759
6	62	66.74	2.68931217972
7	61	65.62	2.10133291032
8	60	65.36	2.50806698475
9	59	64.69	2.71917266829
10	60	63.96	2.71263709331
11	58	63.01	2.64384190148
12	57	62.4	2.72029410175
13	57	61.45	2.67348087706
14	56	60.6	2.32379000772
15	56	59.66	2.21006787226
16	53	58.74	2.28306811112
17	53	58.26	2.16619482042
18	50	57.33	2.43743717868
19	52	56.73	2.29719394044
20	50	56.0	2.45764114549
21	50	55.31	2.46452835244
22	50	54.22	2.15675682449
23	48	53.67	2.03004926049
24	48	52.97	2.35565277577
25	48	52.62	2.25734357155
26	48	51.98	2.09274938777
27	46	52.22	2.56351321432
28	46	51.33	2.21384281285
29	46	50.88	2.38444962203
30	46	50.41	2.00546752654
31	46	50.2	2.08806130178
32	45	49.61	1.99947493108
33	45	49.52	2.17016128433
34	45	49.19	2.36091084118
35	43	48.47	2.26033183405
36	43	48.15	2.46322958735
37	43	47.54	2.22899080303
38	42	47.05	2.05121914968
39	42	46.68	2.34895721545
40	39	45.85	2.27760839479
41	40	46.24	2.37957979484
42	39	45.83	2.18657266058
43	38	46.12	2.47903206918
44	40	46.03	2.87212464911
45	40	45.22	2.59067558756
46	40	44.9	2.33023603955
47	39	44.61	2.2176338742
48	37	44.12	2.42602555634
49	37	44.03	2.96126662089
50	37	42.82	2.70325729445
51	36	42.2	2.61916017074
52	36	41.88	2.52697447553
53	36	41.36	2.50007999872
54	36	41.24	2.46219414344
55	37	41.1	2.7147743921
56	36	40.27	2.1347365177
57	36	40.24	2.37957979484
58	34	40.05	2.41402154091
59	35	39.9	2.31732604525
60	36	39.78	2.48427051667
61	35	39.78	2.44368574084
62	34	39.39	2.36598816565
63	35	39.22	2.27850828394
64	32	38.95	2.3339880034
65	34	39.18	2.39324048102
66	34	38.67	2.4700404855
67	34	38.21	2.40122885207
68	34	38.41	2.33278803152
69	33	37.98	2.46568448914
70	31	37.72	2.29381777829
71	33	37.57	2.4505305548
72	34	37.26	2.39006276068
73	33	37.16	2.28350607619
74	32	36.96	2.4121359829
75	31	36.38	2.29686743196
76	32	36.57	2.29893453582
77	31	36.91	2.4003958007
78	32	36.76	2.39215384121
79	31	37.14	2.46178796812
80	32	36.52	2.4061587645
81	32	36.12	2.5623426781
82	32	36.27	2.42014462378
83	31	36.08	2.35236051659
84	30	35.82	2.06097064511
85	32	36.31	2.34390699474
86	31	36.33	2.35819846493
87	31	36.53	2.33004291806
88	31	36.12	2.38025208749
89	31	36.04	2.13504098321
90	31	35.8	2.46170672502
91	28	35.29	2.49517534454
92	30	35.06	2.37411035969
93	31	34.82	2.62442374627
94	29	34.88	2.34640150017
95	30	34.97	2.27795961334
96	30	34.95	2.5860201082
97	29	35.0	2.56124969497
98	29	34.68	2.83153668526
99	29	34.26	2.7771208112
100	29	34.01	2.40206161453
101	28	34.38	2.53684843852
102	29	34.02	2.44940809176
103	29	34.32	2.4571528239
104	29	34.14	2.65337520905
105	29	33.6	2.4248711306
106	29	33.73	2.27532415273
107	29	33.72	2.34980850284
108	29	34.02	2.3957462303
109	28	34.22	2.44777449942
110	28	34.18	3.05738450313
111	27	33.29	2.8152974976
112	27	32.98	2.58449221318
113	27	32.96	2.66428226733
114	27	32.57	2.85045610385
115	27	32.51	2.66643957366
116	24	32.21	2.78314570226
117	27	32.33	2.5379322292
118	27	32.46	2.62838353366
119	27	32.35	2.7509089407
120	24	32.32	2.7563744303
121	24	32.59	3.07926939387
122	25	32.1	2.84780617318
123	25	32.33	3.07263730369
124	24	31.4	3.05941170816
125	25	30.73	2.76353035084
126	23	30.12	2.82233945513
127	25	30.44	3.08972490685
128	24	29.59	2.77162407263
129	24	29.68	2.65661438677
130	23	29.57	2.8328607449
131	23	29.54	2.68484636432
132	23	28.93	2.72490366802
133	23	28.97	2.67378009567
134	23	28.82	2.70695400774
135	23	28.64	2.61732688062
136	23	28.88	2.55452539623
137	23	28.94	2.85594117586
138	23	28.7	2.72946881279
139	23	28.31	2.67467755066
140	23	28.74	2.68559118259
141	23	28.58	2.91952050858
142	23	28.4	2.70554985169
143	23	28.11	2.51354331572
144	22	27.87	2.61784262323
145	22	27.9	2.87923600978
146	23	27.61	2.6301901072
147	22	27.79	3.10256345624
148	22	27.05	2.57050578681
149	22	27.37	2.51656511936
150	21	27.95	2.94406182
151	21	28.07	2.73223351857
152	23	28.49	2.59420508056
153	22	27.76	2.58889938005
154	23	28.28	2.68357969884
155	23	28.46	2.87200278551
156	23	28.36	2.60967430918
157	23	28.41	3.09869327298
158	23	28.0	2.82134719593
159	22	27.39	2.82451765794
160	22	27.28	2.93965984427
161	22	27.31	2.77018049953
162	22	27.32	2.90819531669
163	23	27.22	2.81630964207
164	23	27.28	2.69102211065
165	22	27.58	2.78991039283
166	23	27.91	2.82876298053
167	23	27.88	2.70658456362
168	23	27.48	3.17641307137
169	22	27.37	2.40688595492
170	22	27.44	3.04735951276
171	23	27.49	2.58261495388
172	22	27.87	2.68199552572
173	24	27.63	2.40272761669
174	24	27.96	2.59584283037
175	22	27.87	2.39438927495
176	22	28.15	2.808469334
177	22	28.28	2.86034962898
178	23	28.24	2.6575176387
179	23	28.23	2.45297778221
180	23	28.42	2.58913112839
181	23	28.26	2.62152627299
182	23	28.64	2.65902237674
183	23	28.88	2.6354506256
184	23	29.04	2.75288939117
185	22	28.97	2.88255095358
186	22	28.68	2.90131004893
187	22	28.49	2.96140169514
188	22	28.32	2.67536913341
189	22	28.77	2.71608173662
190	22	28.99	2.97823773396
191	22	28.13	2.80233830934
192	22	28.01	2.93766914407
193	22	28.0	2.61533936612
194	22	27.83	2.68721044952
195	22	27.91	3.19090896141
196	22	27.8	3.00998338866
197	22	27.8	2.82134719593
198	22	27.74	2.67065535028
199	22	27.85	2.4753787589
200	22	28.53	2.86864079313
201	22	28.47	2.72930394057
202	22	28.5	3.11608729018
203	22	28.57	2.86445457286
204	22	28.51	2.76584525959
205	24	28.51	2.5787400024
206	24	28.39	2.97958050739
207	24	28.45	2.49549594269
208	21	28.81	2.64081426836
209	21	29.16	2.86956442688
210	22	29.06	2.78861973026
211	22	28.73	2.71608173662
212	22	28.55	2.7363296585
213	22	28.62	2.97247371729
214	22	28.41	2.56941627612
215	22	28.35	2.84033448734
216	23	27.66	2.47879002741
217	22	28.16	2.66353149033
218	23	28.51	2.91030926192
219	23	28.76	2.60430412971
220	23	28.66	2.63522295072
221	23	29.1	2.86530975638
222	24	29.27	2.61095767871
223	24	29.37	2.9484063492
224	23	29.48	3.07076537691
225	24	29.38	2.65623794115
226	22	29.25	2.82975263937
227	22	29.03	2.85816374618
228	22	29.21	3.04727747342
229	22	29.06	2.45283509433
230	24	29.6	2.86705423737
231	22	29.12	3.30236279049
232	22	28.54	3.27236917233
233	22	28.42	2.6539781461
234	23	28.44	2.80471032372
235	23	28.7	2.90688837075
236	23	27.88	2.85054380777
237	22	28.01	3.11607124437
238	22	27.97	2.94433354089
239	21	28.19	2.74843591885
240	21	28.25	2.8788018341
241	21	28.19	3.07146544828
242	22	27.84	2.89730909639
243	22	28.02	2.98656993891
244	22	27.92	2.93489352447
245	21	27.35	2.8788018341
246	21	26.77	2.95585858931
247	21	26.66	2.91279934084
248	21	27.16	2.95540183393
249	21	27.26	2.9141722667
250	23	27.88	2.57402408691
251	21	27.81	2.87296014591
252	21	27.74	2.84119693087
253	21	27.96	2.99973332148
254	20	27.69	3.503412622
255	20	26.75	3.09959674797
256	20	26.85	3.21986024541
257	21	26.46	2.72183761455
258	20	26.32	2.80314109527
259	20	25.97	3.01812855922
260	21	25.93	2.82932854225
261	19	25.99	2.54752821378
262	21	26.44	2.60890781746
263	20	26.8	3.41467421579
264	21	26.1	2.45560583156
265	21	27.04	2.8597902021
266	21	27.42	2.6690073061
267	21	27.89	3.11735464777
268	21	27.48	2.98154322457
269	20	27.5	2.79105714739
270	22	27.57	2.61631420131
271	21	27.89	2.91168336191
272	21	28.21	2.94379007404
273	21	27.69	2.98561551443
274	21	27.82	3.00459647873
275	21	27.37	2.74829037767
276	21	27.52	2.39783235444
277	23	28.55	3.014548059
278	22	28.26	3.15791070171
279	22	27.63	2.74100346589
280	23	27.98	2.64189326052
281	23	28.19	2.84497803155
282	21	27.91	2.59266272392
283	21	28.06	2.93537050472
284	22	27.7	2.74043792121
285	22	27.93	2.73954375764
286	22	27.85	2.78343313194
287	23	27.67	2.36666431925
288	22	27.77	2.77436479216
289	22	27.8	2.55342906696
290	22	28.5	2.51594912508
291	23	28.83	2.60021152986
292	23	29.19	2.7809890327
293	24	28.81	2.5678590304
294	22	29.01	3.14163969927
295	21	28.84	3.0256239026
296	23	28.4	3.07571129985
297	23	28.07	3.02739161656
298	23	28.19	2.82026594491
299	23	28.1	2.52784493195
300	23	28.71	2.78673644251
1	65	73.14	2.75688229709
2	65	71.15	2.2287889088
3	65	69.91	2.3069243594
4	62	68.9	2.38117617996
5	62	67.81	2.29213873926
6	61	66.97	2.30848435126
7	61	66.2	2.30217288664
8	61	65.85	2.57050578681
9	61	64.69	2.31384960618
10	58	63.75	2.57827461687
11	58	63.02	2.11650655562
12	56	63.01	2.64762157417
13	57	62.22	2.57518931343
14	57	61.74	2.42742662093
15	56	61.04	2.7273430294
16	55	60.3	1.94679223339
17	55	60.13	2.2210583063
18	55	59.39	1.94882015589
19	54	59.02	2.59607395888
20	53	57.93	1.95578628689
21	52	57.55	2.23327114341
22	53	57.09	2.16376985837
23	52	56.44	1.95611860581
24	51	56.16	1.97848426832
25	51	55.93	2.0603640455
26	51	55.58	2.10798481968
27	48	54.77	2.24434845779
28	48	54.48	2.22027025382
29	49	53.75	2.13717102732
30	48	53.24	2.17310837282
31	48	53.27	2.37846589212
32	48	52.63	2.37762486528
33	48	52.11	2.30605724127
34	47	52.03	2.17924298783
35	48	51.99	2.38535112719
36	48	51.16	1.79287478648
37	47	51.18	1.90986910546
38	46	50.91	2.09807054219
39	47	50.39	2.13492388623
40	46	50.15	2.16967739537
41	44	49.84	2.25707775675
42	45	49.55	2.26439837484
43	44	49.33	2.25412954375
44	43	48.78	2.6175561121
45	44	48.57	2.26386837073
46	41	48.13	2.5442287633
47	42	47.81	2.33963672394
48	39	47.16	2.28350607619
49	39	46.56	2.67327514484
50	38	45.89	2.54517189989
51	39	45.74	2.28306811112
52	38	45.62	2.89060547291
53	38	45.2	2.66082693913
54	39	45.17	2.69464283348
55	39	45.55	2.73998175176
56	40	44.98	2.53763669583
57	38	44.52	2.57091423428
58	37	44.54	2.7691876065
59	37	43.95	2.52735039122
60	38	43.61	2.46128015472
61	38	43.49	2.76945843081
62	38	43.34	2.63522295072
63	39	42.93	2.6542607257
64	37	43.04	2.4856387509
65	37	42.85	2.49949994999
66	36	42.62	3.12659559265
67	36	42.3	2.44335834457
68	36	42.06	2.91485848713
69	36	41.49	2.62866886465
70	36	41.43	2.42592250495
71	36	41.6	2.58069758011
72	35	41.08	2.69325082382
73	36	40.54	2.39340761259
74	35	40.59	3.25298324619
75	34	40.05	2.41402154091
76	34	39.84	2.54448423064
77	34	39.84	2.46056903988
78	34	39.56	2.45079578913
79	34	39.42	2.43384469513
80	35	39.8	2.44948974278
81	33	39.84	2.75216278588
82	33	39.06	2.86991289066
83	32	38.5	2.5903667694
84	31	38.25	2.77983812478
85	31	37.96	2.8032837887
86	32	37.89	2.58416330753
87	32	38.1	2.78747197295
88	32	37.72	2.89164313151
89	32	37.81	2.7629513206
90	32	37.55	2.70693553673
91	31	37.27	2.54501473473
92	32	37.74	2.62152627299
93	32	37.79	2.67318162496
94	32	37.41	2.65365785285
95	31	37.14	2.85313862264
96	30	37.07	2.81160096742
97	30	36.9	2.4269322199
98	31	36.7	2.62106848442
99	31	36.22	2.23866031367
100	31	36.64	2.60199923136
101	31	36.42	2.58526594377
102	31	36.46	2.6699063654
103	31	36.38	2.62213653344
104	30	35.97	2.9814593742
105	30	35.11	3.2307739011
106	30	34.64	2.43113142384
107	30	34.82	2.54314765596
108	30	35.01	2.4798991915
109	30	34.95	2.54312799521
110	30	35.42	2.83964786549
111	30	35.22	2.6099042128
112	29	34.45	2.55880831638
113	29	34.33	2.7930449334
114	29	33.9	2.61725046566
115	29	33.78	2.42726183178
116	29	33.87	2.61019156385
117	28	33.7	2.45560583156
118	28	34.23	3.00950161987
119	28	33.8	2.81069386451
120	28	33.83	2.84975437538
121	28	33.61	2.38702744014
122	29	34.13	2.55599295774
123	30	34.28	2.3667699508
124	28	34.45	2.8368115905
125	26	33.75	2.68467875173
126	28	34.39	2.81387632991
127	27	33.9	2.76224546339
128	30	34.02	2.2758734587
129	30	34.51	2.64384190148
130	29	34.39	2.73091559738
131	30	34.41	2.58493713657
132	28	34.21	2.68438074796
133	28	34.11	2.59189120142
134	27	34.3	2.6776855678
135	27	33.99	2.95464041805
136	27	33.65	2.58988416729
137	27	34.23	2.88046871186
138	27	34.06	2.40341423812
139	29	34.88	2.94373911888
140	29	34.71	2.77595028774
141	28	34.86	2.82141808316
142	28	34.03	2.89984482343
143	27	33.89	2.61493785777
144	27	33.61	2.67542519985
145	28	33.3	2.80178514522
146	28	32.76	2.69859222559
147	28	32.82	2.65473162485
148	28	32.67	2.54580046351
149	28	32.88	2.59722929292
150	27	32.76	2.73905093052
151	27	32.65	2.56271340575
152	27	32.92	2.64832022233
153	27	32.91	2.66493902369
154	27	32.98	2.71285827127
155	27	32.69	3.00564468958
156	28	32.63	2.40688595492
157	27	32.89	2.74916350914
158	28	32.92	2.67835770576
159	28	33.34	2.64280154382
160	27	33.41	2.61570258248
161	28	33.99	2.81245444408
162	28	34.44	2.83309018565
163	26	34.16	2.98569924808
164	28	33.94	2.82779065703
165	27	33.35	3.021175268
166	26	32.97	2.87560428432
167	26	32.42	2.8850649906
168	25	32.39	2.99297510848
169	26	32.29	2.9301706435
170	26	31.8	2.69072480941
171	27	31.83	2.65350711324
172	26	31.98	2.79992857052
173	26	31.95	2.74362898366
174	27	32.38	2.52103153491
175	25	32.43	3.07654026465
176	26	32.25	2.82621655221
177	26	31.94	2.89074384891
178	26	32.15	2.53919278512
179	26	32.08	3.15176141229
180	26	31.35	2.55098020376
181	26	31.58	2.76470613267
182	26	31.51	2.72211314974
183	26	31.46	2.79435144533
184	26	31.69	2.69701687054
185	24	31.42	2.73561693225
186	25	31.38	2.5249950495
187	25	31.31	2.94514855313
188	25	31.21	2.90962196857
189	24	30.64	2.95133867931
190	24	30.64	2.92752455156
191	25	30.17	2.90191316204
192	25	30.1	2.88963665536
193	23	30.29	3.03412260794
194	23	29.27	2.54108244652
195	23	29.6	2.91890390387
196	24	29.22	2.75528582909
197	25	29.2	2.37907545067
198	23	28.99	2.76584525959
199	23	29.37	2.43579555792
200	24	29.96	2.58812673569
201	24	30.21	2.80105337329
202	24	30.33	2.75337974134
203	24	30.65	2.86138078556
204	24	30.5	2.98161030318
205	24	30.77	2.45705107802
206	25	31.11	2.56083970603
207	25	31.15	2.88227340827
208	25	31.19	2.90067233586
209	26	31.42	2.89889634171
210	26	31.27	2.57237244582
211	26	31.54	2.98804283771
212	25	31.43	2.94025509097
213	26	30.87	2.83074195221
214	25	30.97	2.68869856994
215	25	30.73	2.66403828801
216	25	30.91	2.61952285732
217	26	30.86	2.88451035706
218	25	30.87	2.70057401306
219	25	30.69	2.52069434879
220	25	30.95	2.97111090335
221	24	30.48	2.84070413806
222	24	30.57	2.66928829466
223	25	30.96	2.7236739893
224	26	31.38	2.62594744807
225	25	31.13	2.73369713026
226	27	31.61	2.69033455169
227	25	31.54	2.55898417346
228	25	31.58	2.49871967215
229	24	31.85	3.02778797144
230	26	31.8	2.98998327755
231	26	31.8	2.61151297144
232	24	32.19	2.68959104698
233	26	32.07	2.73223351857
234	26	31.94	2.81360978105
235	26	31.66	2.78646729749
236	27	31.49	2.85480297043
237	27	31.29	2.4831230336
238	26	31.77	2.68646608019
239	26	31.93	2.72490366802
240	27	31.88	2.49110417285
241	26	32.0	2.81069386451
242	27	32.07	2.64671494498
243	26	31.8	2.44540385213
244	25	32.21	2.76873617378
245	25	32.08	3.06815905715
246	26	32.25	2.54705712539
247	26	32.77	2.91154598109
248	25	32.88	2.77949635726
249	24	32.64	3.06437595605
250	24	31.85	3.15079355084
251	24	31.35	2.98454351618
252	26	30.89	2.81742790502
253	26	31.24	2.49046180457
254	27	31.76	3.0170183957
255	27	31.19	2.5911194492
256	26	31.79	2.7177012345
257	26	31.83	2.63459674334
258	25	31.66	2.75397893964
259	27	31.71	2.42196201457
260	25	31.74	2.6818650227
261	26	32.1	2.95803989155
262	26	31.45	2.58988416729
263	24	31.64	2.62114478806
264	26	31.39	2.6453544186
265	27	31.84	2.66728326205
266	24	31.55	2.91333142639
267	26	31.06	2.42412870945
268	26	31.33	2.73150141863
269	26	31.13	2.46436604424
270	25	31.5	2.64386081328
271	25	31.45	2.95423424934
272	25	30.92	2.84140810163
273	25	31.11	3.1044967386
274	25	31.2	2.95634909982
275	27	31.19	2.81671794825
276	27	31.52	2.83012367221
277	26	31.94	2.85243755409
278	27	31.61	2.68661497055
279	26	31.85	3.06390273997
280	25	31.13	3.18011006099
281	26	31.01	2.55536690125
282	26	31.02	2.84949118265
283	26	31.08	2.66713329251
284	26	31.18	3.03440274189
285	25	30.32	2.59183332797
286	25	31.26	2.98871209721
287	25	31.19	2.95531724185
288	25	30.74	2.69673877118
289	25	30.91	3.05972220961
290	25	30.47	2.9477279386
291	25	30.41	2.63854126365
292	24	30.75	2.66223590239
293	25	30.83	3.01348635305
294	25	31.0	3.10483493925
295	25	30.31	2.68214466426
296	24	30.71	3.09611046315
297	23	30.57	2.79017920571
298	23	30.44	3.18847926134
299	24	30.34	3.13119785386
300	23	29.66	3.06665942028
1	66	73.56	2.65073574692
2	64	71.35	2.45509673944
3	64	69.81	2.2964973329
4	64	68.63	2.01819226042
5	62	67.83	2.2805920284
6	61	67.18	2.32972101334
7	59	66.59	2.54595758017
8	60	66.3	2.48797106092
9	59	65.49	2.53966533228
10	58	65.03	2.64747049086
11	58	64.16	2.62190770242
12	58	63.59	2.91237016878
13	59	63.29	3.02421890742
14	58	62.59	2.65742356428
15	57	62.41	2.86389594783
16	56	61.7	2.46373699895
17	55	60.49	2.60190314962
18	55	59.49	2.58648410009
19	54	58.71	2.075066264
20	52	57.61	1.92818567571
21	53	57.23	2.02906382354
22	51	56.73	2.03889676051
23	53	56.32	1.87018715641
24	52	56.05	1.90984292548
25	52	55.84	2.14811545314
26	50	55.74	2.18
27	47	54.79	2.56240121761
28	48	54.06	2.34017093393
29	47	53.16	2.21232908944
30	47	52.51	2.56318161666
31	46	51.67	2.34117491871
32	44	50.95	2.49148550066
33	44	50.19	1.90627909814
34	44	50.19	2.40289408839
35	44	49.43	2.53082990341
36	44	48.59	2.16838649691
37	44	48.41	2.01044771133
38	43	48.39	2.2266342313
39	44	48.1	1.97737199333
40	44	48.15	2.02669681995
41	44	48.29	2.1785086642
42	42	48.03	2.09978570335
43	43	47.89	2.20406442737
44	43	47.4	2.4289915603
45	43	46.97	2.29109144296
46	40	46.45	1.9254869514
47	40	46.71	2.46696169407
48	42	46.34	2.1550870052
49	41	46.51	2.49597676271
50	40	46.46	2.56678787593
51	40	45.81	2.45232542702
52	39	45.6	2.77848879789
53	38	44.64	2.44344019775
54	38	43.96	2.56483917624
55	38	43.59	2.70590095902
56	38	43.57	2.76859169976
57	34	43.16	2.51682339468
58	34	42.65	2.58215026674
59	33	41.72	2.70584552405
60	33	41.01	2.90342900723
61	33	40.37	2.81657593542
62	32	40.0	2.92916370318
63	33	39.55	2.93385412044
64	32	38.93	2.69538494468
65	32	37.84	2.33117995873
66	32	37.81	2.53256786681
67	32	37.94	2.39924988278
68	33	38.03	2.55129378943
69	31	37.68	2.61870196853
70	31	36.61	2.79605078638
71	31	36.11	2.53730171639
72	31	35.94	2.33160888658
73	31	36.0	2.47386337537
74	32	35.48	2.4717605062
75	32	35.76	2.4129649811
76	31	35.57	2.49901980784
77	31	35.51	2.29126602558
78	31	35.44	2.41379369458
79	32	35.08	1.94257560985
80	32	35.94	2.51324491445
81	32	36.13	2.22555611028
82	33	36.61	2.24452667616
83	31	36.55	2.32109887769
84	31	36.72	2.4903011866
85	33	36.81	2.11042649718
86	32	36.87	2.33518735865
87	31	37.41	2.66118394704
88	32	37.23	2.54501473473
89	31	37.38	2.69733201516
90	30	36.9	2.75136329844
91	30	36.34	2.9537095321
92	30	35.64	2.46381817511
93	31	35.5	2.45560583156
94	30	35.64	2.43934417416
95	29	35.84	3.01237447871
96	30	35.46	2.65111297383
97	30	35.19	2.52069434879
98	30	35.46	2.4674683382
99	30	35.49	2.62866886465
100	30	35.36	2.50806698475
101	30	35.22	2.41900806117
102	30	35.43	2.7468345418
103	31	35.59	2.66493902369
104	30	35.7	2.77668867538
105	30	36.13	2.67826436335
106	30	36.46	2.95776942982
107	30	36.16	2.69339933913
108	31	36.08	2.26574491062
109	31	36.84	2.46462978964
110	31	36.9	2.73313007374
111	30	36.23	2.40355985987
112	31	36.46	2.40174936244
113	31	36.61	2.54517189989
114	30	37.18	3.01788005063
115	32	36.95	2.72167228005
116	31	36.96	2.91520153677
117	32	36.86	3.07577632477
118	30	36.22	2.67798431661
119	30	36.06	2.79935706904
120	29	35.33	2.68348653807
121	30	35.12	2.22836262758
122	30	35.31	2.66718953207
123	30	35.08	2.45226425982
124	30	35.29	2.77955032334
125	30	35.07	2.60865865916
126	30	34.66	2.50287834303
127	29	35.03	2.52370759003
128	29	34.66	2.76123160926
129	29	34.05	2.21979728804
130	29	34.37	2.74464934008
131	29	34.35	2.55880831638
132	29	34.1	2.7
133	29	34.49	2.4798991915
134	28	34.26	2.90385950073
135	28	34.3	2.9
136	29	33.77	2.81373417366
137	28	33.56	2.56639825436
138	28	33.35	2.35531314266
139	29	33.73	2.54108244652
140	29	33.29	2.29910852288
141	29	33.52	2.34725371445
142	29	33.68	2.34042731141
143	29	33.58	2.38822109529
144	27	33.78	2.39407602218
145	27	34.05	2.53130401177
146	27	34.04	2.73466634162
147	27	33.54	2.69970368744
148	28	33.36	2.68521879928
149	27	33.3	2.70370116692
150	27	33.69	2.60267170423
151	27	33.87	2.62165977961
152	28	33.52	2.49591666528
153	28	33.72	2.78237308785
154	28	33.83	2.51417978673
155	30	34.14	2.54958820204
156	29	34.25	2.78702350187
157	30	33.91	2.53019762074
158	27	33.94	2.57612111517
159	27	34.14	2.61541583692
160	29	34.52	2.5396062687
161	29	34.36	2.71116211245
162	28	34.37	2.44399263501
163	28	34.83	2.72783797173
164	28	34.73	3.01282259684
165	28	34.7	2.57875939165
166	28	34.57	2.61248923443
167	28	34.68	2.49351158008
168	28	34.64	2.98502931309
169	28	34.07	2.75410602556
170	27	34.3	2.87576076891
171	28	34.04	2.97294466817
172	27	33.31	2.68587043619
173	26	33.61	2.87365620769
174	28	33.67	2.83920763594
175	27	33.19	2.66718953207
176	29	33.54	2.49967997952
177	27	33.2	2.60384331326
178	28	33.67	2.4700404855
179	28	33.44	2.58967179388
180	27	33.55	2.55489725821
181	27	33.57	2.94704937183
182	27	33.61	2.73457492126
183	27	33.54	2.75833282981
184	27	33.52	3.00159957356
185	27	33.12	2.60107670014
186	27	33.71	2.8645942121
187	27	33.41	2.91237016878
188	27	33.04	2.8527881099
189	27	32.57	2.65802558302
190	27	32.4	2.88444102037
191	27	32.52	2.89302609736
192	27	32.52	2.45552438391
193	27	32.85	2.60528309402
194	28	32.76	2.68745232516
195	27	32.86	2.73868581623
196	27	33.02	2.84949118265
197	27	33.73	3.00950161987
198	27	33.77	2.97272602168
199	27	33.19	2.67093616547
200	27	33.22	2.74437606752
201	26	32.78	2.76976533302
202	26	32.63	2.65199924585
203	26	32.67	3.17822277382
204	26	32.09	2.90549479435
205	26	31.65	2.57439313237
206	25	31.8	2.70185121722
207	25	31.87	2.68199552572
208	25	31.73	2.71608173662
209	26	31.6	2.71661554144
210	27	31.35	2.70693553673
211	26	31.4	2.67581763205
212	25	31.63	2.62927746729
213	25	31.9	3.0083217913
214	26	31.49	2.80533420469
215	26	31.47	2.7548321183
216	25	31.34	2.72110271765
217	26	31.74	2.62152627299
218	27	31.96	2.5609373284
219	28	32.56	2.41793300155
220	28	32.54	2.85454024319
221	26	32.13	2.66703955726
222	28	31.91	2.51035854013
223	26	32.08	2.60261407051
224	27	32.1	2.71845544381
225	27	32.05	2.56271340575
226	28	32.45	2.42229230276
227	26	32.48	2.80171376125
228	26	32.15	2.43874967965
229	26	32.44	2.52317260607
230	26	32.84	2.62952467188
231	26	32.46	2.94081621323
232	26	32.51	2.78386422083
233	26	32.64	2.80185652738
234	28	32.72	2.73159294186
235	28	33.68	2.76
236	26	33.17	2.6193701533
237	27	33.22	2.93455277683
238	27	32.65	2.95084733594
239	27	32.25	2.74362898366
240	26	32.75	2.7690250992
241	26	32.76	2.78610839703
242	26	32.79	2.95057621491
243	25	32.41	2.59266272392
244	25	32.21	2.91991438231
245	25	32.31	2.75207194673
246	25	32.13	3.00883698462
247	25	32.3	2.89654967159
248	26	31.89	2.73822935489
249	26	32.08	2.27455490151
250	26	32.41	3.01029898847
251	27	32.2	2.7892651362
252	26	31.97	2.73296542239
253	26	32.21	2.82946991502
254	26	31.97	2.60942522407
255	27	32.02	2.79277639635
256	27	32.48	2.52776581194
257	27	33.04	2.92547432052
258	27	32.58	3.06978826631
259	27	32.39	2.98963208439
260	27	32.11	2.95599391068
261	27	32.04	2.63408428111
262	26	31.68	2.48547782126
263	27	31.56	2.79757037445
264	27	31.43	2.65049052064
265	26	31.06	2.79220343098
266	26	30.7	2.71108834235
267	26	30.87	2.6330780467
268	26	30.92	2.43589819163
269	26	31.32	2.74182421027
270	26	30.78	2.40241545117
271	26	31.1	2.65141471671
272	25	31.0	2.46170672502
273	24	31.11	2.87365620769
274	26	31.14	2.6907991378
275	26	31.75	2.74727137356
276	26	31.6	2.97993288515
277	26	31.07	2.75047268665
278	25	31.09	2.3920493306
279	25	31.73	2.4651774784
280	27	32.46	2.72550912675
281	25	32.16	2.75942022896
282	27	32.84	2.83450171988
283	26	32.56	2.86468148317
284	27	32.27	2.78874523756
285	25	31.85	3.01786348266
286	21	31.13	3.4165918691
287	22	30.77	2.83850312665
288	21	30.68	2.83506613679
289	25	31.51	2.79819584733
290	24	30.93	2.69167234262
291	22	31.46	3.04440470371
292	25	31.78	2.71874971264
293	25	32.27	2.94908460374
294	25	32.77	3.27064213879
295	27	32.01	2.63247032272
296	26	31.62	2.89751617769
297	23	31.69	2.97218774643
298	25	31.53	2.54344254899
299	24	31.04	2.95269368543
300	23	30.63	3.07133521453
1	64	72.93	2.92661920994
2	64	70.56	2.59738329863
3	65	68.93	2.24167348202
4	64	68.35	2.43874967965
5	63	67.56	2.26415547169
6	62	66.8	2.38327505756
7	61	66.24	2.56951357264
8	61	65.78	2.57906959968
9	61	65.08	2.18942914934
10	61	64.79	2.43431715271
11	60	64.2	2.31516738056
12	60	63.81	2.22123839333
13	59	62.99	2.24274385519
14	58	62.68	2.29294570367
15	58	61.98	2.19990908903
16	56	61.46	2.60929109147
17	56	60.58	2.96371388633
18	56	59.15	2.06579282601
19	54	58.11	1.9641537618
20	54	57.7	2.24722050542
21	53	56.69	2.04301248161
22	51	55.77	2.11591587734
23	50	55.01	2.03221553975
24	50	54.35	2.14184499906
25	48	53.54	2.03676213633
26	48	53.04	2.18137571271
27	47	52.58	2.38822109529
28	47	51.46	2.25131072933
29	46	50.71	2.26404505256
30	46	50.12	2.40532742054
31	45	49.11	2.23112079458
32	44	47.91	2.20497165515
33	43	47.28	1.97017765696
34	42	46.89	2.28864588786
35	42	46.01	2.19314842179
36	41	45.45	2.17428149052
37	42	45.53	2.09978570335
38	40	45.05	2.4672859583
39	38	44.42	2.47054649825
40	38	43.93	2.28584776396
41	37	43.63	2.52845802813
42	38	43.15	2.34680634054
43	35	42.67	2.4537929823
44	35	42.07	2.41352439391
45	36	41.72	2.70214729428
46	32	41.03	2.69241527258
47	33	40.76	2.93979591128
48	33	39.69	2.87296014591
49	32	39.01	2.53572474847
50	32	38.75	2.4672859583
51	32	38.13	2.59096507117
52	31	37.73	2.84554037047
53	31	37.04	2.86328482691
54	31	36.54	2.53542895779
55	31	36.26	2.53227170738
56	31	36.12	2.80456770287
57	28	35.55	2.66973781484
58	28	35.1	2.69258240357
59	29	34.61	2.3017167506
60	29	34.76	2.74269940023
61	29	34.46	2.7835947981
62	29	34.07	2.55050975297
63	29	34.14	2.60007692194
64	29	33.99	2.22483707269
65	30	34.46	2.44303090443
66	28	33.96	2.6680329833
67	29	33.86	2.50607262465
68	28	33.79	2.67318162496
69	28	33.73	2.7123974635
70	28	33.67	2.58091069198
71	28	33.61	2.54123985487
72	28	32.81	2.78458255399
73	26	32.87	2.57159483589
74	26	32.5	2.81247222209
75	26	32.28	2.58487910742
76	27	32.35	2.52339057619
77	28	32.77	2.6452032058
78	28	32.97	2.62470950774
79	28	33.09	2.6984995831
80	27	33.03	2.73662200532
81	26	33.06	2.81005338028
82	28	33.11	2.62257507042
83	28	32.97	2.70353472328
84	27	33.23	2.54501473473
85	27	33.09	3.12760291597
86	27	32.57	2.46274237386
87	27	32.76	2.56171817341
88	27	32.7	3.01496268634
89	27	32.09	2.55380108857
90	26	31.89	2.93903045238
91	26	31.39	2.86668798442
92	27	31.76	2.58889938005
93	24	31.86	2.78215743624
94	23	31.31	3.02884466422
95	26	31.61	2.59959612248
96	26	31.76	2.81467582503
97	25	31.07	2.7758061892
98	25	31.05	2.5860201082
99	25	31.2	2.74226184016
100	27	31.34	2.68782439903
101	25	31.21	2.72871764754
102	25	31.02	2.7891934318
103	25	30.46	2.88589674105
104	24	30.02	2.79635477005
105	24	30.23	2.88740367805
106	23	30.24	3.14044582822
107	23	30.24	3.09231305013
108	23	30.16	3.00905300718
109	24	30.06	2.68261066873
110	24	30.02	3.03637942293
111	24	29.87	3.04517651377
112	23	29.44	2.77604034553
113	25	29.55	2.46322958735
114	24	29.46	2.59005791441
115	25	29.65	2.72167228005
116	24	29.68	2.50551391934
117	24	29.91	2.85690391858
118	24	29.41	2.80033926516
119	21	30.04	3.21844683038
120	23	29.36	3.05784237658
121	24	28.96	2.75288939117
122	22	29.05	2.70693553673
123	22	29.39	2.95599391068
124	23	29.32	2.84211189083
125	23	29.62	3.05869253113
126	23	29.08	2.74474042489
127	23	28.93	2.91977738877
128	24	29.36	2.94115623522
129	22	28.81	2.69701687054
130	23	29.4	2.84253408071
131	23	29.3	2.88270706108
132	22	29.3	2.88617393793
133	19	29.58	3.033743562
134	19	29.07	3.26268294506
135	19	29.67	3.2126468838
136	19	29.1	3.37786915081
137	19	28.25	2.99791594278
138	20	27.96	3.2555183919
139	21	28.24	2.95337095537
140	21	28.25	3.00124973969
141	22	28.47	3.05762980101
142	19	28.44	2.97765008018
143	22	28.77	3.37299570115
144	22	28.65	2.71062723369
145	22	28.73	3.23374396018
146	19	28.35	3.52810147246
147	19	27.39	3.31630818833
148	18	26.84	3.10393298897
149	20	26.79	3.14418510905
150	20	26.61	2.84919286816
151	20	26.83	3.03991776205
152	18	26.93	2.87142821606
153	19	27.32	3.316262957
154	19	27.01	3.18589077026
155	18	27.27	3.35516020482
156	20	26.87	3.12939291237
157	20	27.06	3.15854396835
158	21	26.98	2.92909542351
159	21	27.31	3.07146544828
160	20	27.58	3.32018071797
161	21	27.58	3.0271438684
162	20	27.21	3.12504399969
163	21	26.98	3.00659275593
164	21	27.2	2.95634909982
165	20	27.17	2.85326129193
166	20	27.18	3.10283741114
167	20	26.9	2.70370116692
168	22	27.29	2.66193538614
169	21	27.78	2.81985815246
170	21	28.09	3.06298873651
171	22	27.89	2.97958050739
172	22	27.87	3.15485340388
173	22	27.37	3.06155189406
174	22	27.66	2.8256680626
175	20	28.11	3.37607760574
176	22	28.21	3.16637016156
177	22	28.13	2.71534528191
178	23	28.2	2.88790581564
179	22	28.14	2.92923198125
180	21	27.94	2.82425211339
181	21	28.54	3.04768764804
182	22	28.17	3.09210284434
183	22	28.29	2.58184042884
184	22	28.3	2.9478805946
185	22	28.22	2.91060131244
186	22	27.83	3.04977048317
187	22	27.72	3.26214653258
188	22	27.55	2.71799558499
189	20	26.97	2.80519161556
190	21	27.71	2.71401915984
191	21	27.95	3.09959674797
192	20	27.39	3.15561404484
193	21	27.85	3.39816126751
194	21	27.83	3.12747501988
195	19	27.8	3.11769145362
196	21	27.52	2.75492286643
197	20	28.0	3.0886890423
198	20	27.72	2.85685141371
199	20	27.76	2.80042853863
200	19	28.16	3.46906327414
201	22	28.23	3.22445344206
202	22	28.07	3.3083379513
203	21	27.33	2.89846511105
204	21	27.63	3.06807757399
205	19	27.82	3.16347909745
206	19	27.66	3.62
207	19	26.88	3.4125650177
208	21	26.94	2.98603415922
209	21	27.07	3.03069299006
210	20	27.32	3.19023510105
211	20	27.46	3.38945423335
212	20	27.17	3.00351460792
213	21	27.27	3.27980182328
214	21	27.69	3.06168254396
215	22	27.49	2.69998148142
216	17	27.71	3.45338963918
217	19	27.81	3.24867665365
218	18	27.77	3.41131939284
219	19	27.73	3.61346094486
220	19	26.66	3.2379623222
221	18	26.56	3.0010664771
222	18	26.56	3.7451835736
223	17	25.41	3.51879240649
224	17	25.15	3.36266263547
225	17	24.74	3.16739640715
226	16	24.55	3.18551408724
227	18	24.64	3.26349505898
228	17	24.77	3.59959719969
229	18	24.44	2.64696052105
230	19	25.27	3.32822775663
231	18	24.33	3.03991776205
232	15	23.85	3.1917863337
233	15	23.92	3.4137369553
234	16	23.64	3.41619671565
235	16	22.95	3.04425688798
236	16	22.7	2.9206163733
237	16	23.23	2.99284145922
238	16	23.49	3.20466846959
239	17	23.84	3.33382663017
240	17	24.12	3.17263297594
241	18	24.09	3.23757625393
242	18	23.9	3.36897610558
243	17	23.87	3.43410832677
244	16	23.68	3.14922212618
245	16	23.39	3.21214881349
246	16	23.59	3.09869327298
247	17	23.74	3.0252933742
248	17	23.31	3.18651847633
249	18	23.18	3.14763403209
250	18	23.78	2.73342276276
251	18	23.94	3.29186877017
252	17	23.38	2.79921417544
253	17	24.3	3.07733651069
254	18	24.81	3.3066448252
255	18	25.2	3.27414110875
256	18	25.63	3.48612965909
257	16	25.61	3.19028211919
258	19	25.39	3.06233570988
259	18	25.16	2.97563438614
260	19	25.37	3.23930548112
261	17	25.11	3.37607760574
262	17	24.47	3.2846765442
263	17	24.93	3.23498068
264	17	24.8	3.33466640011
265	17	24.71	3.07341829239
266	16	24.17	3.42652885585
267	17	23.88	2.85755139936
268	16	24.56	2.98435922771
269	17	24.63	3.07784015179
270	18	24.94	3.08486628559
271	17	25.18	3.33580574974
272	16	25.04	3.25244523397
273	17	24.67	3.26513399419
274	17	24.46	3.19192731747
275	17	24.11	3.18400690954
276	19	24.42	2.92294372166
277	19	24.9	2.64764045897
278	17	25.45	3.33279162265
279	16	24.89	3.37607760574
280	18	24.45	3.0899029111
281	16	24.85	3.67797498632
282	16	24.49	3.39851438131
283	15	24.19	3.50911669797
284	15	23.9	3.05122926048
285	18	23.65	3.01122898498
286	16	23.6	3.0166206258
287	16	23.59	3.36182985887
288	17	23.84	3.29763551655
289	17	23.48	3.10315968007
290	15	23.92	3.43709179394
291	16	23.79	3.35647136142
292	16	23.43	3.21948753686
293	16	23.48	3.11281223333
294	16	23.23	3.09791865613
295	16	23.04	3.01635541672
296	16	22.79	3.07667027808
297	16	22.87	3.19266346488
298	16	22.94	3.01602387258
299	17	23.34	3.22868394241
300	15	23.22	3.39582096112
