100 40 20 0.8 25
1	62	68.76	3.03354578011
2	62	66.77	2.27971489446
3	60	65.38	2.15768394349
4	59	64.19	1.90102603875
5	58	62.9	2.36854385647
6	56	61.59	2.3025855033
7	55	60.74	2.31352544831
8	54	59.66	2.14578656907
9	52	58.56	2.32946345754
10	52	57.72	2.10751037957
11	50	57.07	2.42179685358
12	49	56.17	2.42509793617
13	49	55.44	2.30356245845
14	49	54.12	2.31205536266
15	46	53.03	2.10454270567
16	44	52.35	2.44284670006
17	44	51.75	2.57050578681
18	44	50.39	2.73822935489
19	43	49.36	2.66653333
20	41	48.22	2.58294405669
21	41	46.86	2.36651642716
22	41	46.24	2.2808770243
23	39	45.38	2.25290923031
24	39	44.94	2.38251967463
25	39	44.29	2.35921597146
26	37	43.63	2.4521623111
27	38	43.21	2.08947361792
28	38	42.88	2.20127235934
29	36	42.2	2.36643191324
30	36	41.49	2.27813520231
31	35	41.23	2.33604366398
32	36	40.75	2.31678656764
33	37	40.14	1.78336760092
34	35	40.19	2.27462084753
35	33	39.86	2.50207913544
36	33	39.35	2.54705712539
37	32	38.42	2.41321362502
38	32	38.23	2.29719394044
39	32	37.79	2.54281340251
40	31	37.37	2.68944232137
41	31	36.29	2.96410188759
42	29	35.51	2.54752821378
43	28	34.89	2.65667084901
44	29	34.72	2.84633097162
45	29	34.46	2.41834654258
46	29	34.06	2.35295558819
47	29	34.0	2.64196896272
48	29	33.72	2.02524072643
49	29	33.7	2.38956062907
50	28	32.88	2.31205536266
51	28	33.28	2.85334890961
52	27	32.1	2.63628526529
53	25	31.78	2.56741114744
54	26	31.58	2.62366156354
55	26	31.37	2.73003662979
56	25	31.08	2.49671784549
57	25	30.71	2.30345392834
58	25	30.53	2.28234528501
59	25	30.39	2.4531408439
60	25	30.55	2.54312799521
61	23	30.47	2.66253638473
62	24	30.03	3.04780248704
63	24	29.37	2.44808088102
64	24	29.35	2.61294852609
65	23	29.07	2.83991197047
66	24	29.26	2.74452181627
67	24	29.12	2.35915239016
68	25	28.94	2.39089941236
69	24	28.95	2.38484800354
70	24	28.69	2.77378802362
71	24	28.75	2.38484800354
72	23	28.42	2.43794995847
73	23	28.02	2.19535874062
74	23	27.86	2.6230516579
75	23	27.86	2.56912436445
76	23	27.63	2.43168665745
77	23	27.46	2.5036772955
78	23	27.04	2.521586802
79	22	27.07	2.52291498073
80	22	26.9	2.35159520326
81	23	26.97	2.14221847625
82	24	27.29	2.25075542874
83	24	27.39	2.50157950104
84	23	27.95	2.32109887769
85	23	27.89	2.3490210727
86	22	27.85	2.43053492055
87	22	27.64	2.18869824325
88	23	27.81	2.166541022
89	23	27.83	2.5379322292
90	23	27.43	2.45867850684
91	24	27.24	2.34145254063
92	23	27.04	2.05873747719
93	22	27.66	2.32043099445
94	22	27.5	2.28691932521
95	23	28.18	2.6014611279
96	23	28.2	2.52586618806
97	23	28.61	2.63398936976
98	23	28.15	2.4753787589
99	23	28.24	2.54998039208
100	23	27.98	2.64189326052
101	23	27.94	2.78503141814
102	23	27.44	2.65073574692
103	22	27.44	2.40964727709
104	21	27.3	2.70370116692
105	22	26.65	2.44284670006
106	22	26.31	2.58725723499
107	21	25.91	2.62333756882
108	21	25.83	2.66853892608
109	22	25.24	2.28962879087
110	21	25.67	2.41683677562
111	20	25.85	2.92361078121
112	20	25.5	2.51197133742
113	20	25.45	2.49148550066
114	20	25.33	2.52212212234
115	20	25.21	2.38031510519
116	21	25.64	2.6287639681
117	22	25.6	2.24053565024
118	22	26.02	2.48989959637
119	21	26.25	2.40987551546
120	21	26.14	2.48201531019
121	22	25.76	2.38796984906
122	22	25.88	2.50710988989
123	22	25.95	2.8788018341
124	21	25.83	2.54972547542
125	21	26.11	2.67916031622
126	21	26.15	2.66223590239
127	21	25.77	2.65275328668
128	21	25.76	2.828851357
129	21	25.62	2.43220064962
130	21	25.55	2.2287889088
131	21	26.69	2.68214466426
132	21	26.51	2.59034746704
133	21	25.98	2.44532206468
134	21	26.0	2.64575131106
135	21	25.57	2.57003891021
136	21	25.91	2.59651689769
137	22	26.29	2.51115511269
138	21	25.84	2.56015624523
139	21	25.86	2.76050719977
140	21	25.86	2.53779431791
141	22	26.22	2.42726183178
142	23	26.54	2.49967997952
143	22	26.7	2.66270539114
144	22	26.52	2.51984126484
145	20	26.26	2.65563551716
146	21	26.23	2.64142007261
147	21	26.59	2.61952285732
148	21	26.78	2.70029628004
149	20	26.77	2.83144839261
150	21	26.9	2.80891438104
151	21	27.33	2.89155667418
152	22	27.17	2.65727303829
153	22	27.02	2.9325074595
154	21	26.49	2.83017667293
155	22	26.0	2.67955220139
156	20	25.85	2.85087705803
157	20	25.52	2.93761808273
158	20	25.14	2.17724596681
159	20	25.74	2.6818650227
160	21	26.27	2.42839453137
161	21	26.22	2.8304769916
162	20	26.31	2.87643877042
163	20	26.26	2.76629716408
164	20	26.38	2.8802083258
165	20	26.06	2.90454815763
166	20	25.67	2.92251603931
167	19	25.47	2.5979030005
168	19	25.95	3.24152741775
169	20	25.76	2.69117074895
170	20	25.89	2.85270047499
171	20	25.73	2.93548973768
172	20	26.07	2.5070101715
173	20	25.9	3.0347981811
174	20	25.75	2.85788383249
175	20	25.4	2.7892651362
176	20	25.01	2.8017672994
177	20	24.32	2.6148804944
178	20	24.55	2.71799558499
179	19	24.52	2.78740022243
180	19	24.78	2.70769274476
181	20	25.15	2.67721870605
182	19	25.12	2.84703354388
183	19	24.59	2.7571543301
184	19	24.92	2.82729552753
185	19	24.79	2.6317104704
186	19	25.17	2.72783797173
187	19	25.77	2.7923287772
188	19	25.42	2.95357410606
189	19	25.54	3.0509670598
190	19	25.18	2.96438863849
191	19	24.71	2.4831230336
192	20	24.87	2.57548053769
193	20	25.26	2.87269907926
194	20	24.74	2.62533807347
195	19	24.75	2.69583011334
196	18	24.72	2.77517567012
197	19	24.48	3.1574673395
198	18	24.01	2.40622110372
199	19	24.57	2.58555603304
200	19	24.71	2.76873617378
201	20	24.65	2.55098020376
202	19	24.64	2.65902237674
203	18	24.77	2.71608173662
204	18	24.71	2.60497600757
205	20	24.43	2.33775533365
206	19	25.06	2.7306409504
207	19	25.69	2.87296014591
208	19	25.27	2.81373417366
209	19	25.53	2.70723105774
210	19	25.38	2.93523423256
211	19	25.21	3.09287891777
212	19	24.77	2.9149785591
213	19	24.5	2.84077454227
214	19	24.69	2.69330651802
215	18	24.28	2.98355492659
216	19	23.79	2.73968976346
217	19	23.64	2.61732688062
218	19	23.84	2.56015624523
219	17	24.29	2.5934340169
220	20	24.34	2.55037252181
221	19	24.38	2.52103153491
222	20	24.5	2.5079872408
223	20	25.04	2.83167794779
224	19	24.82	2.77265215994
225	19	24.58	2.55413390409
226	18	24.74	2.64809365393
227	18	24.84	2.65977442653
228	18	25.24	2.84647149995
229	18	24.98	3.11120555412
230	19	24.58	2.77193073507
231	19	24.17	2.54972547542
232	20	24.46	2.55898417346
233	19	24.84	3.18345724017
234	19	24.35	2.63960224276
235	19	24.34	2.77568009684
236	19	23.91	2.4823174656
237	19	23.9	2.54754784057
238	19	24.02	2.55726416312
239	19	24.23	2.47731709718
240	19	24.49	2.4555854699
241	19	24.68	2.65661438677
242	20	24.81	2.4927695441
243	20	25.04	2.73832065325
244	21	25.35	2.44284670006
245	21	25.53	2.25590336672
246	21	25.54	2.55507338446
247	21	26.07	2.56614496863
248	21	26.03	2.93412678663
249	22	26.51	2.59805696627
250	21	26.57	2.41766416195
251	23	26.92	2.14792923533
252	22	27.31	2.54045271556
253	22	27.51	2.72945049415
254	21	27.49	2.43102858889
255	21	27.81	2.71917266829
256	22	27.75	2.55098020376
257	21	28.03	2.65877791476
258	21	28.06	2.62228907636
259	21	27.54	2.57456792491
260	21	27.57	2.55050975297
261	21	27.63	2.8901730052
262	21	27.35	2.72167228005
263	22	27.45	2.66973781484
264	19	27.12	2.99091959103
265	19	26.75	2.70693553673
266	20	26.48	3.06424542098
267	20	25.98	2.96641197409
268	20	25.53	2.67751750695
269	20	25.66	3.07642649839
270	20	25.32	2.59953842057
271	20	25.56	2.72514219812
272	19	24.98	2.74583320688
273	19	25.08	2.61793811997
274	19	25.25	2.70323879818
275	19	25.59	3.00364778228
276	18	25.62	3.04558697134
277	18	25.98	2.68693133519
278	19	26.19	2.84849082849
279	18	25.61	2.89446022602
280	19	25.9	2.78028775489
281	19	25.8	3.05941170816
282	19	25.38	2.9078514405
283	19	26.0	3.03315017762
284	19	25.81	2.66718953207
285	21	25.78	2.74072982981
286	20	25.82	2.63203343444
287	20	25.84	2.85559100713
288	21	25.51	2.46777227474
289	19	25.87	2.6330780467
290	19	25.95	3.03108891325
291	19	25.84	3.20848874082
292	18	25.44	3.15379136913
293	18	24.59	3.10835969605
294	18	24.33	3.1017898059
295	19	24.46	2.84049291497
296	17	24.54	3.29065343055
297	17	23.98	3.24339328482
298	17	24.28	3.12115363287
299	17	23.98	2.99993333259
300	18	24.39	3.15561404484
1	56	69.25	3.44782540161
2	56	66.54	2.89627346775
3	56	65.05	3.02448342697
4	56	62.6	2.7748873851
5	55	61.11	2.60727827437
6	54	59.75	2.45509673944
7	54	58.94	2.62609976962
8	51	57.87	2.69315799759
9	51	57.0	2.61533936612
10	50	56.63	2.32660697154
11	50	55.71	2.68810342063
12	50	55.3	2.55929677841
13	49	54.64	2.61350339583
14	49	54.14	2.44957139108
15	47	53.63	2.40272761669
16	47	53.39	2.45721386941
17	47	52.32	2.19945447782
18	47	51.79	2.61264234062
19	45	50.81	2.50876463623
20	45	50.34	2.4463033336
21	45	49.37	2.23452455793
22	45	49.05	2.21528779169
23	41	48.67	2.19114125515
24	41	48.46	2.43483058959
25	42	48.0	2.3622023622
26	42	47.39	2.34476011566
27	41	46.91	2.21853555302
28	41	47.08	2.57557760512
29	41	46.44	2.43852414382
30	39	46.0	2.48596057893
31	40	45.0	2.39582971014
32	39	44.31	2.61799541634
33	38	43.73	2.29719394044
34	38	43.02	2.12122606056
35	37	42.79	2.33364521725
36	36	42.33	2.60021152986
37	35	41.23	2.08257052702
38	35	41.38	2.71212094126
39	35	40.51	2.36006355847
40	36	40.17	2.1215796002
41	35	40.34	2.47475251288
42	34	39.78	2.63658870513
43	34	38.75	2.33826859022
44	32	38.73	2.57625697476
45	31	38.0	2.61533936612
46	30	37.5	2.5436194684
47	30	37.15	2.8191310718
48	28	36.08	2.87986110776
49	28	35.66	2.96384884905
50	28	35.52	3.16063284802
51	28	34.46	3.01801259109
52	28	33.44	2.68819642139
53	28	32.97	2.65501412426
54	27	32.35	2.41402154091
55	27	32.1	2.31732604525
56	28	32.67	2.74610633443
57	27	32.17	2.57314982074
58	27	31.54	2.97126235799
59	27	31.55	2.4753787589
60	25	31.18	2.86139825959
61	25	30.71	2.68065290554
62	25	30.33	2.37088591037
63	25	30.4	2.94278779391
64	25	29.83	2.44971426905
65	25	29.89	2.70885584703
66	24	29.34	2.66915717034
67	25	29.39	2.46128015472
68	25	29.62	2.44040980165
69	25	29.72	2.66112758056
70	24	29.43	2.62013358438
71	24	29.09	2.27198151401
72	24	29.21	2.69182094501
73	24	29.35	2.54705712539
74	24	29.2	2.6
75	23	29.04	2.79256154811
76	24	29.11	2.68661497055
77	24	28.94	2.75978260013
78	24	29.3	2.61725046566
79	23	29.17	2.3624351843
80	25	29.79	2.68438074796
81	24	28.81	2.46452835244
82	24	29.33	2.6193701533
83	24	29.11	2.47343890161
84	24	29.42	2.64643155967
85	24	28.88	2.60491842483
86	24	29.08	2.6141155292
87	23	28.82	2.59376174696
88	23	28.66	2.66915717034
89	23	28.27	2.57237244582
90	23	28.18	2.51149357953
91	23	28.25	2.76179289593
92	22	27.62	2.7231599292
93	22	27.16	2.67850704685
94	22	26.78	2.51626707644
95	22	26.82	2.48346532088
96	22	27.14	2.39173577136
97	22	27.16	2.43606239657
98	22	27.09	2.64611035295
99	22	27.09	2.66868881663
100	23	27.28	2.63089338438
101	23	27.05	2.7726341266
102	23	27.15	2.53130401177
103	23	27.17	2.56146442489
104	23	27.42	2.85369935347
105	23	27.34	2.45853614983
106	23	28.0	2.5099800796
107	23	28.3	2.67020598456
108	23	27.99	2.67766689489
109	22	28.11	2.83158965954
110	22	27.81	2.7809890327
111	23	27.12	2.56624238918
112	22	27.43	2.62394740801
113	22	27.69	2.73749885845
114	22	27.51	2.72578429081
115	22	27.79	2.81174323152
116	22	27.32	2.70880047253
117	22	27.43	2.7285710546
118	22	27.15	2.94066319051
119	22	27.23	2.63763151331
120	22	27.25	2.92702921065
121	23	27.3	2.8231188427
122	23	27.38	2.57208086965
123	23	27.49	2.4555854699
124	22	28.18	2.99793262099
125	22	27.34	2.68782439903
126	22	26.88	2.44245777855
127	22	27.47	2.78731053168
128	22	27.11	2.68661497055
129	22	27.15	2.57050578681
130	22	27.55	2.62821232019
131	23	27.92	2.73378857997
132	22	28.06	2.74889068535
133	20	27.85	2.85087705803
134	21	27.81	2.79891050232
135	21	27.74	2.67065535028
136	22	27.91	2.92607245296
137	21	27.62	3.10090309426
138	21	27.49	2.98159353367
139	21	27.34	3.39770510786
140	20	26.78	2.99526292669
141	21	26.56	2.34657196779
142	21	26.97	2.60559014429
143	21	27.56	3.19474568628
144	21	27.02	2.77841681538
145	19	26.75	3.06390273997
146	19	26.5	3.10322412984
147	19	26.05	2.79776696671
148	20	26.46	2.95438656915
149	20	25.95	2.7690250992
150	20	25.97	2.70723105774
151	20	26.35	2.84736720498
152	21	26.14	2.81787153717
153	21	26.04	2.94251593029
154	20	25.93	2.93344507363
155	21	25.88	2.59337617788
156	21	26.29	2.74333738355
157	22	26.42	2.75746260174
158	19	25.86	3.01004983347
159	20	26.1	2.94448637287
160	20	26.01	2.91717328933
161	20	25.9	2.97489495613
162	18	25.77	2.91154598109
163	18	25.89	3.24929223063
164	18	25.31	3.01892364925
165	19	25.42	3.1691639276
166	18	25.14	3.02991749063
167	18	25.11	3.27687350992
168	18	24.94	2.91485848713
169	20	25.67	2.89501295334
170	18	25.94	2.67888036314
171	20	26.0	2.74226184016
172	21	26.12	2.82588039379
173	21	26.88	2.98422519258
174	20	26.98	2.77481530917
175	20	27.18	3.11249096384
176	21	26.67	2.9632920882
177	20	26.62	3.01257365055
178	19	26.48	3.10638053046
179	19	26.82	3.03110540892
180	19	27.06	2.95235499221
181	21	26.93	2.81870537659
182	19	27.03	3.04780248704
183	17	26.45	3.17608249263
184	18	26.38	3.29781746008
185	18	26.11	3.09804777239
186	17	26.16	3.26410784136
187	20	26.44	2.70673234731
188	20	26.83	2.63838966038
189	21	26.93	2.88878867348
190	21	26.64	3.18910645793
191	19	26.1	2.68886593195
192	19	26.85	3.26611389881
193	19	25.74	3.20193691381
194	20	25.68	2.98623508787
195	20	25.17	2.90535712091
196	19	25.36	3.10650929501
197	17	24.94	3.26441418941
198	17	24.55	3.17608249263
199	17	24.11	2.75642884907
200	17	23.78	2.97180080086
201	17	23.63	2.95179606342
202	18	23.86	2.93264385836
203	18	23.51	2.60190314962
204	17	24.25	2.38903746308
205	17	25.08	3.34867137832
206	17	24.58	3.20680526381
207	19	24.67	2.92251603931
208	18	24.68	3.3996470405
209	17	24.27	2.96936020045
210	19	24.66	3.07642649839
211	18	24.4	2.79284800875
212	17	24.75	2.93044365242
213	17	24.69	3.29755970378
214	17	24.93	3.29015197217
215	17	24.43	2.97743177924
216	17	23.78	2.87603894271
217	18	24.52	3.02152279488
218	18	24.18	2.74
219	17	24.3	3.06431068921
220	18	24.18	2.74728957338
221	18	24.86	3.10167696577
222	18	24.52	3.3984702441
223	18	24.42	3.36505572019
224	19	24.66	2.91279934084
225	20	24.91	2.87782904287
226	20	25.94	3.04571830608
227	18	25.58	2.83612411576
228	19	25.21	2.8889271365
229	20	25.45	3.07042342357
230	20	25.35	2.77983812478
231	20	25.54	3.18565534859
232	19	25.39	3.09804777239
233	19	25.12	3.19462047824
234	19	25.33	2.92935146406
235	17	26.03	3.02474792338
236	19	26.18	3.44783990348
237	18	25.58	3.25324453431
238	19	25.22	3.10991961311
239	19	25.15	3.27528624703
240	16	24.17	2.98682105256
241	16	24.37	3.29136749695
242	15	23.95	3.30265045077
243	16	23.73	2.97272602168
244	16	23.2	3.10805405358
245	16	23.4	3.4205262753
246	15	22.73	2.98280069733
247	15	22.65	3.05736814924
248	17	23.28	3.00692533994
249	17	23.45	3.09313756564
250	16	23.68	3.0491966155
251	18	23.8	2.74590604355
252	17	24.91	3.29877249898
253	17	24.64	3.11935890849
254	17	24.3	3.06757233004
255	16	24.59	3.00364778228
256	16	24.22	2.91403500322
257	17	24.61	3.24929223063
258	17	24.55	3.03108891325
259	18	24.59	2.81103183902
260	18	24.56	2.94047615192
261	17	24.75	3.38045854878
262	18	24.22	3.24524267197
263	18	24.09	2.9869549712
264	18	24.17	2.80376532542
265	16	24.35	2.94745653064
266	16	24.66	3.39181367413
267	16	24.06	3.11390430168
268	15	24.09	3.23757625393
269	15	24.92	3.37840198911
270	17	24.83	3.43236070366
271	18	24.55	2.85438259524
272	17	24.74	3.19255383666
273	16	25.21	3.30845885572
274	17	24.84	2.91108227297
275	17	25.06	3.04243323674
276	17	24.84	3.53474185762
277	16	24.03	3.72949058184
278	16	23.17	3.14342170254
279	16	22.97	3.01149464552
280	16	22.85	2.8788018341
281	16	23.29	3.06364162395
282	16	22.96	3.04932779478
283	16	22.57	3.18513735968
284	17	22.29	3.06364162395
285	17	22.2	2.8
286	17	22.31	2.66718953207
287	16	22.47	2.99484557198
288	17	22.77	2.50541413742
289	17	23.6	2.66833281283
290	17	24.07	3.12811444803
291	18	23.89	3.05252354618
292	18	23.89	2.91168336191
293	17	24.77	3.14596567051
294	18	24.63	2.80946614146
295	18	25.07	3.52492553113
296	18	24.91	3.10835969605
297	16	24.95	3.1252999856
298	18	24.49	3.34214003297
299	16	23.98	3.36743225619
300	17	24.03	3.11594287496
1	62	68.57	3.06024508822
2	59	66.04	2.59969228948
3	59	64.56	2.39716499224
4	54	62.85	2.63201443765
5	55	61.39	2.35327431465
6	56	60.65	2.48746859277
7	50	59.63	2.61784262323
8	48	58.83	2.77508558427
9	49	57.7	2.63248931622
10	49	56.82	2.71801398083
11	49	56.17	2.67228366758
12	48	55.51	2.74406632573
13	45	54.49	2.91717328933
14	46	53.31	2.88684949383
15	46	52.09	2.604208133
16	46	51.35	2.79060925248
17	46	50.27	2.27971489446
18	44	49.6	2.33666428911
19	44	49.19	2.65215007117
20	44	49.66	2.89558284288
21	43	48.9	2.9
22	43	48.33	2.41269558793
23	43	48.41	2.73530619858
24	43	48.16	2.68968399631
25	43	48.02	2.74583320688
26	41	47.77	3.04583321933
27	41	47.51	2.83370781839
28	42	47.26	2.7771208112
29	40	46.97	2.68124970862
30	38	46.38	2.78488778948
31	39	45.52	2.29120055866
32	39	44.85	2.62821232019
33	38	44.26	2.43154272017
34	36	43.73	2.203882937
35	36	43.99	2.74770813588
36	38	43.31	2.33963672394
37	39	43.21	2.26845762579
38	38	42.83	2.14967439395
39	38	42.32	2.44899979584
40	36	42.27	2.42839453137
41	35	41.89	2.60344003196
42	35	41.17	2.54580046351
43	35	40.46	2.33846103239
44	35	40.28	2.33700663243
45	35	39.51	2.04203330041
46	36	39.35	1.98179211826
47	34	39.14	2.49407297407
48	34	38.42	2.32025860628
49	34	38.12	2.1460661686
50	34	37.97	2.26475164201
51	32	37.48	2.33015020975
52	33	37.75	2.62059153628
53	32	37.03	2.37678354084
54	32	36.59	2.29388317052
55	32	36.45	2.22429764195
56	31	35.75	2.28199474145
57	31	36.16	2.62190770242
58	31	35.76	2.38796984906
59	31	35.29	2.28164414403
60	31	35.35	2.41816045787
61	29	34.88	2.4506325714
62	29	34.3	2.36854385647
63	29	34.35	2.40572234474
64	29	33.89	2.37863406181
65	29	33.82	2.02178139273
66	27	33.54	2.55507338446
67	27	32.9	2.18403296678
68	27	32.8	2.28910462845
69	28	32.55	2.13248681121
70	28	32.8	2.30651251893
71	29	33.08	2.48467301672
72	27	32.82	2.68096997372
73	27	32.28	2.30685933685
74	28	31.88	2.18302542358
75	27	31.88	2.34213577745
76	26	31.71	2.60881199016
77	26	31.13	2.30501626892
78	26	31.37	2.8518590428
79	26	31.16	2.61044057584
80	26	31.05	2.57827461687
81	25	30.93	2.54658594986
82	26	30.56	2.12282830205
83	26	31.0	2.44131112315
84	26	30.75	2.64716829839
85	26	30.27	2.45297778221
86	26	30.52	2.49190690035
87	26	30.51	2.57485921945
88	24	29.94	2.40341423812
89	24	30.25	2.7690250992
90	24	29.91	2.61187671991
91	24	30.02	2.50191926329
92	25	30.51	2.5787400024
93	25	30.19	2.51274750025
94	25	30.07	2.15988425616
95	26	30.88	2.61640975384
96	25	29.92	2.3777300099
97	25	29.68	2.21305219098
98	25	30.07	2.37172932688
99	25	30.19	2.41120301924
100	25	30.58	2.57363556084
101	25	30.27	2.49741866734
102	26	30.61	2.29736805932
103	26	31.09	2.53414679922
104	25	30.62	2.65623794115
105	24	30.53	2.66628955667
106	24	30.38	2.6749953271
107	24	29.79	2.38031510519
108	25	30.01	2.48795096415
109	25	29.74	2.45609446072
110	24	29.63	2.21655137545
111	24	29.41	2.38786515532
112	25	29.22	2.60222981306
113	23	29.27	2.43661650655
114	25	28.94	2.54880364093
115	22	29.29	3.02421890742
116	22	29.13	2.84132011572
117	22	29.1	2.78747197295
118	24	28.94	2.64884880656
119	24	29.03	2.7511997383
120	22	29.41	2.72064330628
121	23	29.39	2.85970278176
122	23	28.69	2.50876463623
123	24	28.63	2.74100346589
124	24	28.66	2.4463033336
125	21	28.7	2.7946377225
126	21	28.6	2.55342906696
127	24	29.23	2.92525212589
128	22	29.25	2.59759504157
129	24	29.09	2.80390798708
130	24	28.55	2.28637267303
131	23	28.5	2.7946377225
132	23	28.58	2.42148714636
133	23	28.03	2.33433073921
134	23	27.79	2.54281340251
135	23	28.02	2.34085454482
136	22	27.9	2.62488094968
137	22	27.43	2.24167348202
138	22	28.1	2.36008474424
139	22	28.06	2.61465102834
140	22	27.99	2.38115518184
141	23	28.27	2.52132901463
142	22	28.36	2.62114478806
143	22	28.6	2.96984848098
144	22	28.49	2.53966533228
145	22	28.4	2.50199920064
146	22	28.37	2.37762486528
147	24	28.78	2.42726183178
148	24	28.8	2.49799919936
149	23	29.13	2.59867273815
150	23	29.17	2.46598864555
151	21	28.87	2.50061992314
152	21	28.9	2.57487863792
153	21	28.89	2.58803013893
154	21	28.59	2.9465064059
155	20	28.2	3.04302481094
156	20	28.16	2.93502981246
157	21	27.39	2.6604322957
158	21	27.4	3.24961536185
159	21	26.97	3.30289267158
160	21	27.13	2.76642368411
161	20	26.9	2.86181760425
162	20	26.29	2.84357169771
163	20	25.92	2.80955512493
164	20	25.7	2.64764045897
165	20	25.92	2.73744406336
166	20	25.65	2.84385302011
167	21	25.8	2.66833281283
168	19	25.53	2.70353472328
169	21	25.83	2.73515995876
170	21	26.08	2.6141155292
171	21	25.8	2.66833281283
172	20	26.09	2.55380108857
173	21	26.96	2.76376554722
174	22	26.8	2.61916017074
175	22	27.06	2.3614402385
176	23	27.1	2.60959767014
177	23	27.13	2.52845802813
178	21	26.98	2.61143638636
179	21	27.07	3.07654026465
180	21	26.5	2.7946377225
181	20	26.66	2.77207503506
182	19	26.95	3.27528624703
183	20	26.18	2.80848713723
184	20	26.17	2.77508558427
185	20	25.92	2.82375636343
186	20	25.86	2.86013985672
187	19	25.3	2.86530975638
188	20	25.74	2.82
189	19	25.38	2.99259085075
190	20	24.78	2.73342276276
191	19	24.7	2.84780617318
192	19	24.9	2.79105714739
193	20	24.36	2.6287639681
194	20	24.06	2.63370461518
195	20	24.5	2.8930952283
196	19	24.47	2.46355434281
197	20	24.91	2.87435210091
198	20	24.6	2.49799919936
199	20	24.74	2.66690832238
200	20	24.61	2.72358219997
201	20	24.99	2.79103923297
202	21	25.28	2.43753974327
203	19	25.5	2.89654967159
204	19	25.78	2.64794259757
205	20	25.89	2.83511904512
206	19	26.06	2.86642634652
207	19	25.58	2.77913655656
208	19	25.38	2.92157491775
209	19	25.33	2.89501295334
210	20	25.25	3.01122898498
211	18	24.9	2.81247222209
212	20	25.23	2.62242254414
213	18	25.43	2.83638854884
214	19	25.47	3.14469394377
215	18	24.81	2.82380948366
216	19	24.69	2.58338924671
217	17	24.74	2.95167748916
218	18	24.75	2.7726341266
219	17	24.57	3.05370267053
220	19	24.33	2.66103363376
221	19	24.63	2.75555801971
222	19	24.74	2.7771208112
223	16	24.63	3.03530888049
224	19	24.41	2.97353325187
225	19	24.81	2.79533540027
226	19	25.18	3.24154284254
227	19	24.67	2.94637064878
228	19	24.76	2.65375206076
229	17	25.37	3.2639086997
230	17	24.55	2.81202773813
231	17	24.62	2.77048732175
232	18	24.34	3.02066217906
233	19	24.16	3.21782535263
234	18	23.9	2.81602556807
235	18	23.57	2.68050368401
236	18	23.8	2.76405499222
237	18	23.73	2.92525212589
238	17	23.99	2.82664111624
239	18	24.58	3.08603305232
240	18	23.77	2.81017793031
241	18	23.8	3.06920185064
242	18	23.71	2.8645942121
243	18	23.58	2.81843928443
244	17	23.54	2.79435144533
245	18	23.48	2.91369181624
246	16	23.11	2.81742790502
247	17	23.42	2.93318939041
248	15	23.11	2.79605078638
249	17	23.14	2.85664138456
250	16	23.07	2.8749086942
251	16	23.42	2.74656148666
252	17	23.96	3.39387683925
253	16	23.29	2.99431127306
254	17	23.58	2.79349243779
255	18	23.5	2.71108834235
256	18	24.0	3.20936130718
257	17	23.5	3.06757233004
258	18	23.17	2.61172356883
259	18	23.38	2.58371825089
260	18	23.79	2.83652956974
261	19	23.49	2.7110698995
262	19	23.98	2.93931964917
263	18	24.05	3.2229644739
264	17	23.72	3.23443967327
265	17	23.75	3.08017856625
266	17	23.29	2.60113436792
267	17	23.53	2.91703616707
268	16	22.98	3.0132374616
269	17	23.4	2.90172362571
270	17	23.15	2.79060925248
271	17	23.02	2.77481530917
272	17	23.97	2.99818278295
273	18	23.59	2.86389594783
274	18	23.58	3.0271438684
275	18	23.24	2.75724500181
276	17	23.25	2.70693553673
277	17	23.3	2.83725219182
278	17	23.5	2.69629375254
279	18	23.77	2.64898093613
280	19	23.64	2.86188748905
281	17	23.66	2.85033331384
282	17	23.57	2.5583393051
283	16	23.98	2.9325074595
284	16	23.98	2.93931964917
285	16	23.8	3.20624390838
286	16	23.43	2.88532493837
287	18	23.91	2.74625199135
288	18	23.8	2.94957624075
289	17	23.5	2.87923600978
290	16	23.47	3.14469394377
291	16	22.42	3.08603305232
292	16	22.55	2.90989690539
293	17	22.28	2.84633097162
294	18	22.59	2.64988679003
295	17	23.16	3.22713495224
296	17	22.71	2.75425125942
297	16	22.41	3.02686306264
298	17	22.46	2.95438656915
299	17	22.03	2.88948092224
300	16	22.07	3.12171427264
1	60	68.74	3.30339219591
2	58	65.96	2.78897830755
3	58	64.62	2.58758574737
4	58	63.24	2.23660456943
5	55	62.05	2.16506350946
6	56	61.43	2.31194723123
7	54	60.78	2.74437606752
8	54	59.88	2.40532742054
9	53	58.91	2.27198151401
10	53	57.88	2.40948127198
11	53	57.66	2.41337937341
12	53	56.72	2.24089267927
13	52	56.45	2.38065117142
14	52	56.31	2.24808807657
15	52	56.03	2.53162003468
16	52	55.54	2.42660256326
17	49	55.24	2.22315091705
18	49	55.0	2.46981780705
19	49	54.26	2.5084656665
20	49	53.88	2.77589625166
21	47	53.19	2.34390699474
22	46	52.8	2.31084400166
23	46	52.35	2.64338797758
24	47	51.31	2.66343762833
25	44	50.3	2.44335834457
26	44	49.89	2.37863406181
27	42	49.7	2.35584379788
28	42	49.17	2.50221901519
29	42	48.92	2.73744406336
30	40	48.0	2.5179356624
31	41	46.52	2.43096688583
32	40	45.99	2.85480297043
33	40	44.57	1.9455333459
34	40	44.25	2.44284670006
35	39	44.13	2.39856206924
36	38	44.14	2.57301379709
37	38	43.63	2.50461573899
38	37	42.67	2.53398895025
39	36	42.19	2.28777184177
40	37	41.65	2.29510348351
41	35	41.06	2.47313566146
42	35	40.44	2.08
43	36	40.3	2.33880311271
44	33	39.38	2.12969481382
45	33	39.74	2.55585602098
46	34	38.91	2.20497165515
47	32	38.77	2.47327717816
48	32	38.28	2.27631280803
49	33	38.17	2.63079835791
50	32	37.77	2.40771676075
51	32	37.53	2.31713184778
52	32	37.56	2.55859336355
53	32	37.18	2.40574312843
54	32	37.35	2.58215026674
55	33	36.8	2.24944437584
56	32	36.81	2.35242428146
57	30	36.68	2.46121921007
58	30	36.59	2.3155776817
59	30	37.05	2.53919278512
60	30	36.75	2.66598949735
61	30	36.16	2.52475741409
62	27	35.87	2.44808088102
63	30	36.38	2.79921417544
64	30	36.07	2.89915504932
65	28	35.45	2.52339057619
66	28	35.34	2.76485080972
67	29	35.43	2.82225087475
68	30	34.73	2.52132901463
69	26	34.64	2.46381817511
70	26	34.47	2.66628955667
71	30	34.45	2.6244046944
72	29	34.29	2.45069377932
73	28	34.22	2.68171586862
74	28	33.76	2.69117074895
75	29	33.76	2.20054538694
76	29	34.31	2.47667115298
77	29	34.2	2.71661554144
78	27	34.18	2.8049242414
79	27	33.81	2.92470511334
80	27	33.77	2.58787557661
81	27	33.54	2.73283735337
82	27	33.19	2.69330651802
83	27	33.21	2.72137832725
84	27	32.87	2.76642368411
85	27	32.35	2.52735039122
86	27	32.35	2.68467875173
87	27	31.84	2.28788111579
88	27	31.8	2.67955220139
89	26	31.37	2.47246840222
90	25	31.33	2.65350711324
91	25	30.9	2.73678643668
92	25	31.23	2.66028193995
93	26	31.48	2.88956744168
94	25	30.73	2.72343533061
95	26	30.57	2.40522348234
96	26	30.6	2.58843582111
97	26	30.72	2.55374235192
98	24	30.82	2.76904315604
99	24	30.68	2.94916937459
100	24	29.92	2.74474042489
101	24	30.06	2.73430064185
102	24	30.14	2.6907991378
103	24	30.07	2.69538494468
104	24	29.81	2.79533540027
105	23	29.2	2.52586618806
106	24	29.09	2.70959406554
107	23	29.19	2.67467755066
108	24	29.22	2.82694181051
109	24	28.92	2.62937254873
110	24	28.37	2.39856206924
111	23	28.23	2.35310433258
112	23	28.46	2.39340761259
113	23	28.68	2.58410526101
114	24	28.27	2.47327717816
115	24	28.44	2.5112546665
116	23	28.6	2.61916017074
117	22	28.08	2.52459897806
118	23	28.27	2.61478488599
119	23	28.44	2.58193725718
120	24	28.6	2.48596057893
121	22	28.48	2.85475042692
122	24	28.19	2.71549258883
123	21	28.02	2.52578700606
124	23	27.91	2.57330526755
125	22	27.92	2.80242751913
126	22	27.92	2.61793811997
127	22	28.26	2.73722487202
128	24	28.0	2.63058928759
129	22	27.91	2.90549479435
130	23	27.76	2.49046180457
131	23	28.1	2.50399680511
132	23	27.79	2.4831230336
133	22	27.53	2.5669242295
134	22	27.65	2.53130401177
135	23	27.74	2.64053024978
136	23	28.05	2.61294852609
137	23	27.67	2.25412954375
138	23	28.09	2.54595758017
139	23	28.24	2.61961829281
140	23	28.53	2.76208254764
141	22	28.46	2.90317068048
142	21	27.73	2.95247353925
143	21	27.71	2.89929301727
144	21	27.63	2.8342723934
145	21	26.7	2.49599679487
146	20	27.13	2.9484063492
147	21	26.68	2.73086067019
148	21	26.28	2.64983018324
149	21	26.51	2.36006355847
150	21	26.29	2.68438074796
151	21	27.09	2.91922935036
152	21	26.89	2.56083970603
153	23	27.71	2.65441142252
154	22	27.54	2.91348588464
155	22	26.91	2.52624226867
156	20	26.9	2.73678643668
157	19	27.27	3.05893772411
158	19	26.61	2.61875924819
159	21	26.64	2.55154854941
160	21	26.51	2.86180013278
161	20	26.31	2.71549258883
162	21	26.24	2.53424544983
163	20	26.23	2.64898093613
164	20	26.62	2.95898631291
165	20	26.33	2.67228366758
166	20	25.91	2.7967659895
167	21	25.85	2.808469334
168	20	25.73	2.71976101891
169	20	25.47	2.55912094282
170	20	25.52	2.77661664621
171	20	25.23	2.54501473473
172	21	25.61	2.51751861959
173	20	25.5	2.55147016443
174	20	25.76	2.38796984906
175	20	25.99	2.50397683695
176	20	26.19	2.72284777393
177	22	26.39	2.55693175505
178	22	26.06	2.35720173087
179	22	26.22	2.59838411325
180	21	26.71	2.87504782569
181	21	26.8	2.76767050062
182	20	26.96	2.99973332148
183	20	26.54	2.8299116594
184	20	26.48	2.97818736818
185	20	26.57	3.13769023328
186	20	26.1	2.61725046566
187	20	26.01	2.86180013278
188	20	25.65	2.69211812519
189	21	26.22	2.88645110819
190	20	25.95	2.85788383249
191	22	26.19	2.83793939329
192	20	26.52	2.62861180093
193	20	26.22	2.63279319355
194	21	26.63	2.65953003367
195	21	26.5	2.65518360947
196	21	26.17	2.49421330283
197	20	26.77	2.56458573653
198	20	26.99	2.99831619413
199	19	26.74	2.79506708327
200	19	26.98	3.03967103483
201	19	26.93	3.06351105759
202	19	27.11	2.85620377424
203	21	27.31	2.76656827134
204	21	27.05	2.71431390963
205	21	27.42	2.9838900784
206	21	27.29	2.88546356761
207	21	27.11	3.01958606435
208	21	26.77	3.11722633121
209	21	26.39	2.56083970603
210	21	26.81	2.92470511334
211	21	26.29	2.62028624391
212	21	26.18	2.33828997346
213	21	26.61	2.63398936976
214	21	26.57	2.91291949769
215	21	26.53	2.68497672243
216	21	26.27	2.68646608019
217	21	26.33	2.75337974134
218	20	26.64	2.91382909588
219	20	26.57	2.81515541312
220	20	26.25	2.82267603525
221	20	26.16	2.84154887341
222	21	26.23	2.9422950226
223	18	25.78	3.14826936586
224	18	25.86	3.20318591405
225	19	25.3	2.90688837075
226	18	25.35	3.13169283296
227	18	25.47	2.9713801507
228	19	25.23	2.92525212589
229	20	25.31	3.0649469816
230	19	24.68	2.5685793739
231	18	25.35	2.808469334
232	18	25.47	2.86864079313
233	17	25.48	3.43941855551
234	17	24.82	3.08668106548
235	19	24.62	3.13617601547
236	19	24.04	2.62648053486
237	18	23.81	2.56005859308
238	19	24.39	2.65667084901
239	18	24.48	2.84070413806
240	18	24.5	2.86879765756
241	18	24.06	2.89420109875
242	19	23.85	2.7363296585
243	18	23.78	2.83753414076
244	19	24.03	2.76208254764
245	18	23.65	2.49549594269
246	18	23.99	2.57097257862
247	18	24.81	2.79533540027
248	20	24.79	2.8330019414
249	20	25.32	2.96607484734
250	19	24.79	2.70294284068
251	19	24.83	2.61554965543
252	19	24.81	2.93153543386
253	19	24.6	2.89482296523
254	19	24.29	2.69924063396
255	19	24.46	2.76557408145
256	19	24.11	2.88407697539
257	19	24.05	2.71431390963
258	19	23.91	2.89169500466
259	18	23.85	2.79776696671
260	18	23.95	2.93726062854
261	18	23.27	2.85606372478
262	18	23.47	2.48376729989
263	18	23.68	2.52539105883
264	18	24.34	2.87478694863
265	19	24.58	2.58526594377
266	19	24.99	2.70368267369
267	18	25.53	3.06089856088
268	18	25.75	3.11568612026
269	18	25.45	3.0899029111
270	18	25.59	3.08251520678
271	18	25.35	2.91333142639
272	19	24.51	2.85830369275
273	18	24.78	2.88991349351
274	19	25.29	2.73237991502
275	19	25.4	2.71661554144
276	19	25.89	2.6301901072
277	20	25.9	2.62868788562
278	21	26.29	2.73237991502
279	20	26.55	2.94066319051
280	19	26.42	3.15968352846
281	19	26.17	2.94976270232
282	19	26.1	2.87576076891
283	19	26.38	2.78129466256
284	20	26.41	2.93289958914
285	21	26.4	2.7748873851
286	22	26.53	2.53950782633
287	20	26.74	2.78790243732
288	20	27.2	2.89482296523
289	20	27.16	2.81325434328
290	20	26.95	2.85788383249
291	20	26.55	3.04425688798
292	19	25.83	3.07589011507
293	19	25.79	2.84708622981
294	19	25.98	3.22173866103
295	19	25.56	2.78323552722
296	20	26.0	2.98663690461
297	19	25.79	2.75787962029
298	19	26.07	2.7758061892
299	19	26.27	2.90122387968
300	19	25.74	2.72257231309
1	61	68.84	3.06828942572
2	61	66.6	2.31948270095
3	60	64.95	2.21076909694
4	55	63.66	2.53069160508
5	55	61.63	2.61784262323
6	55	60.5	2.47991935353
7	53	59.56	2.68819642139
8	50	58.27	2.89432202769
9	50	57.08	3.10380411753
10	50	55.83	2.76063398516
11	50	54.62	2.47297391818
12	50	54.15	2.54705712539
13	49	53.33	2.32832557861
14	49	53.23	2.29283667103
15	49	52.8	2.28473193176
16	46	52.25	2.61294852609
17	47	51.85	2.31678656764
18	46	50.96	2.235710178
19	46	50.48	2.4838679514
20	45	49.66	2.60468808113
21	41	48.98	2.23597853299
22	41	48.45	2.65094322836
23	42	48.04	2.59584283037
24	42	47.57	2.49901980784
25	43	47.42	2.27235560597
26	42	46.98	2.20898166584
27	41	46.4	2.28910462845
28	41	46.01	2.64384190148
29	39	45.79	2.26404505256
30	40	45.44	2.71779322245
31	39	44.82	2.23329353198
32	39	44.85	2.61294852609
33	37	44.17	2.94976270232
34	36	43.41	3.07276748225
35	36	42.34	2.36736140038
36	36	42.14	2.34529315865
37	34	41.54	2.487649493
38	34	41.13	2.74100346589
39	35	40.53	2.76931399448
40	35	40.13	2.62165977961
41	35	39.79	2.51910698463
42	35	39.73	2.59173686936
43	34	39.54	2.487649493
44	35	39.51	2.41451858556
45	33	39.47	2.58632944537
46	34	39.18	2.45104059534
47	35	39.48	2.27806935803
48	35	39.3	2.43104915623
49	34	38.76	1.99559514932
50	34	38.69	2.41534676599
51	32	38.05	2.21979728804
52	32	38.17	2.76425396807
53	32	37.11	1.94882015589
54	32	37.46	2.29529954472
55	32	37.33	2.56926059402
56	33	37.07	2.44644640244
57	33	37.38	2.5249950495
58	32	37.26	2.62533807347
59	32	37.09	2.4823174656
60	31	36.83	2.49020079512
61	31	36.74	2.43565186346
62	31	36.24	2.22764449587
63	31	36.35	2.26439837484
64	31	36.65	2.92702921065
65	31	36.3	2.43104915623
66	31	36.23	2.58400851392
67	30	35.71	2.32935613421
68	29	35.88	2.55060777071
69	30	35.55	2.26439837484
70	30	35.22	2.15675682449
71	30	35.69	2.5911194492
72	30	35.08	2.38612656831
73	31	35.02	2.3150809921
74	31	35.27	2.26651715193
75	29	35.08	2.24802135221
76	29	34.88	2.19672483484
77	29	34.84	2.8025702489
78	29	34.5	2.34307490277
79	29	34.53	2.42674679355
80	29	34.51	2.42691161767
81	28	34.25	2.68095132369
82	28	33.28	2.59645912735
83	28	33.47	2.80875417223
84	28	33.22	2.43959012951
85	28	33.28	2.4252010226
86	28	33.72	2.66112758056
87	28	33.38	2.66
88	28	32.96	2.25796368438
89	28	32.9	2.40208242989
90	28	32.78	2.22072060377
91	28	33.24	2.32
92	29	33.33	2.54186939082
93	28	33.52	2.30425693012
94	29	33.83	2.25856148909
95	29	34.18	2.54314765596
96	29	33.09	2.49036141955
97	27	32.67	2.53003952538
98	27	32.36	2.54369809529
99	27	32.5	2.53574446662
100	27	32.3	2.74043792121
101	27	32.0	2.38327505756
102	27	32.03	2.59405088616
103	28	31.73	2.36581909706
104	28	32.06	2.47313566146
105	27	32.58	2.63886339169
106	27	32.61	2.90136174925
107	26	32.23	2.48135043877
108	28	32.29	2.32505913903
109	28	32.18	2.52737017471
110	26	31.83	2.85326129193
111	27	31.55	2.27321358433
112	27	31.54	2.49967997952
113	27	31.47	2.39772809134
114	27	31.38	2.52895235226
115	27	31.33	2.3876976358
116	25	31.16	2.47677209287
117	25	31.1	2.47184141886
118	25	30.75	2.37223523286
119	26	30.29	2.34646542698
120	26	30.83	2.67602316881
121	24	30.56	2.77604034553
122	24	30.18	2.5666320344
123	24	30.12	2.61258492685
124	23	30.06	2.64507088752
125	24	29.76	2.52237982865
126	25	29.74	2.73722487202
127	24	29.65	2.39321958875
128	24	29.82	2.77985611138
129	25	29.46	2.65111297383
130	24	29.23	2.33175899269
131	23	29.47	2.76570063456
132	23	29.26	2.55194043818
133	23	29.7	2.74043792121
134	24	29.51	2.62866886465
135	23	28.89	2.69033455169
136	23	29.04	2.44507668591
137	25	29.8	2.71661554144
138	24	29.09	2.8322958885
139	24	29.08	2.50071989635
140	23	29.38	2.81346761133
141	23	28.81	2.83441351958
142	23	28.66	2.61618042191
143	22	28.55	2.79060925248
144	21	28.01	2.78026977108
145	21	27.89	2.85270047499
146	21	27.71	2.68438074796
147	23	27.89	2.54517189989
148	21	27.36	2.49607692189
149	22	27.45	2.41816045787
150	23	27.58	2.59299055147
151	23	27.7	2.49198715888
152	21	27.11	2.50157950104
153	21	27.19	2.54831316757
154	21	27.17	2.54580046351
155	20	26.89	2.58803013893
156	21	26.84	2.40715599827
157	22	26.84	2.44016392892
158	22	27.01	2.58261495388
159	21	26.71	2.55066657954
160	21	26.55	2.71431390963
161	19	26.57	2.73954375764
162	19	25.97	2.70353472328
163	19	25.63	2.74829037767
164	19	25.72	2.86384357115
165	19	25.48	2.93761808273
166	20	25.52	3.11923067438
167	19	25.53	2.52370759003
168	19	25.83	2.87769004585
169	19	25.42	2.69510667692
170	20	25.68	3.04263044092
171	19	25.55	2.77983812478
172	19	25.04	2.60353605698
173	19	25.46	2.72550912675
174	19	25.04	3.10457726591
175	19	24.9	2.9206163733
176	19	24.61	3.17141924066
177	19	24.27	2.4611176323
178	20	24.86	2.58464697783
179	20	24.98	2.77120912239
180	19	24.93	2.88878867348
181	19	24.35	2.73267268439
182	19	24.5	2.61725046566
183	19	24.57	2.73954375764
184	19	24.12	2.70288734504
185	19	23.66	2.7430639803
186	19	23.74	2.60622332121
187	18	23.84	2.75942022896
188	19	23.83	2.66103363376
189	19	24.18	2.77985611138
190	18	24.65	3.26611389881
191	18	24.15	2.82267603525
192	19	23.7	2.7
193	20	23.83	2.42921798116
194	20	24.0	2.40416305603
195	19	24.34	3.04046049144
196	19	24.13	2.81657593542
197	19	24.18	2.75818781086
198	19	24.2	2.88444102037
199	19	24.33	2.40854728
200	18	24.84	2.60660698994
201	18	24.71	2.82593347409
202	19	24.11	2.74552362947
203	19	24.1	2.97489495613
204	18	24.55	3.05736814924
205	19	24.56	2.75797026815
206	20	25.0	2.73130005675
207	19	25.53	2.93753297854
208	19	25.35	2.9609964539
209	19	25.01	2.79461983103
210	20	24.95	3.0899029111
211	20	24.98	2.5611716069
212	19	25.27	2.96936020045
213	21	25.06	2.5838730619
214	21	25.79	2.68065290554
215	21	25.7	2.87228132327
216	20	25.42	2.53053354058
217	20	25.89	2.81032026645
218	18	25.74	2.91073873785
219	19	25.61	2.90136174925
220	18	26.06	2.83837981954
221	18	25.8	3.26496554346
222	18	25.18	3.02119181781
223	19	25.58	3.046900064
224	19	25.5	3.03150127824
225	19	24.69	2.72284777393
226	18	24.7	2.88270706108
227	17	24.7	2.81957443597
228	17	24.7	3.0083217913
229	18	24.35	2.86138078556
230	19	24.88	2.72866267611
231	19	25.1	3.02820078595
232	19	24.56	2.66202930112
233	18	24.28	2.80028569971
234	18	24.73	2.91154598109
235	17	24.16	2.69710956396
236	20	24.21	2.4053897813
237	18	24.4	2.89136645896
238	18	24.67	2.9087970022
239	18	24.08	2.90406611495
240	18	23.82	2.84387060184
241	18	23.92	2.54432702301
242	18	24.19	2.83088325439
243	18	24.13	2.67826436335
244	18	24.1	3.03809150619
245	19	24.27	2.78156430808
246	20	24.36	2.58658075459
247	20	24.44	2.51920622419
248	20	24.72	2.88124972885
249	18	24.67	2.77147974916
250	19	24.6	2.70924343683
251	20	24.54	2.31698079405
252	19	25.1	2.39791576166
253	19	25.43	2.95721152439
254	19	25.14	2.88797506914
255	19	24.93	2.80804202248
256	20	25.4	2.75317997959
257	20	25.07	2.51497514898
258	19	25.08	2.83788653755
259	19	24.79	2.65441142252
260	20	25.15	2.7654113618
261	21	25.35	2.60144190787
262	18	25.54	2.72550912675
263	18	25.59	2.93289958914
264	18	25.52	3.16379518933
265	18	25.42	2.89198893497
266	18	25.36	2.96148611342
267	18	26.2	2.87749891399
268	18	26.02	2.47378252884
269	18	26.61	3.08834907353
270	18	26.28	3.21272470031
271	18	25.88	3.29022795563
272	18	25.02	3.09832212657
273	18	24.57	2.92661920994
274	18	24.22	2.87603894271
275	19	24.22	2.76615256268
276	19	24.05	2.64716829839
277	19	24.45	2.99123720223
278	19	24.23	3.0392597783
279	19	24.63	2.61019156385
280	21	24.79	2.54674301805
281	21	25.11	2.6111108747
282	19	24.97	2.87907971408
283	19	24.92	2.86942502951
284	19	24.44	2.78682615174
285	19	24.01	2.74406632573
286	19	23.94	2.7525261125
287	19	23.99	2.47586348574
288	18	24.36	2.7695486997
289	18	24.43	2.38853511592
290	18	25.05	2.94066319051
291	18	24.46	2.69970368744
292	18	24.78	2.83400776287
293	19	24.61	2.87713399062
294	19	24.41	2.47020242086
295	19	24.91	2.5023788682
296	18	24.67	3.11144660889
297	18	24.93	2.56614496863
298	19	24.97	2.68497672243
299	20	24.66	2.35889804782
300	20	24.79	2.49517534454
1	60	68.99	3.12248298634
2	59	66.43	2.46679954597
3	57	64.91	2.58493713657
4	56	63.37	2.72270086495
5	54	61.95	2.84736720498
6	54	60.21	2.85760389137
7	53	58.91	2.81103183902
8	52	57.74	2.5044759931
9	50	56.78	2.54786184869
10	50	55.77	2.63003802254
11	47	54.53	2.51974205029
12	45	53.56	2.87165457533
13	45	52.68	2.46933189345
14	45	52.06	2.66015037169
15	45	51.13	2.57936038583
16	44	50.29	2.49517534454
17	43	49.92	2.84843816854
18	43	49.15	2.7290108098
19	42	48.54	2.67738678565
20	43	47.61	2.60727827437
21	42	46.81	2.03319944914
22	41	46.7	2.22934968096
23	42	46.04	2.19963633358
24	40	45.31	2.35242428146
25	39	44.69	2.37779309445
26	39	44.27	2.52132901463
27	39	43.61	2.16746395587
28	38	43.11	2.05375266281
29	37	43.1	2.23383079037
30	36	42.26	2.30486442118
31	37	41.88	2.19216787678
32	37	41.26	2.17080630182
33	35	40.96	2.38713217062
34	35	40.41	2.4003958007
35	35	39.74	2.44793790771
36	35	39.42	2.16416265562
37	34	39.04	2.235710178
38	34	38.79	2.28602274704
39	34	38.18	2.32112041911
40	33	37.77	2.01422441649
41	33	37.31	2.33107271444
42	32	37.38	2.31421693019
43	34	37.59	2.21402348678
44	34	37.42	1.9656042328
45	33	37.5	2.14242852856
46	32	37.14	2.0347972872
47	32	37.18	2.26442045566
48	32	36.99	2.64005681757
49	32	36.52	2.09990475975
50	31	36.53	2.14221847625
51	31	36.22	2.26088478256
52	33	35.9	1.69410743461
53	32	36.17	2.10739175285
54	31	35.74	2.07181080217
55	32	35.45	2.13248681121
56	30	35.29	1.9864289567
57	31	35.56	1.76816288842
58	31	35.79	2.2058785098
59	31	35.62	2.00888028513
60	31	35.65	2.01183995387
61	31	35.97	2.35989406542
62	31	35.61	2.02926094921
63	31	35.58	2.26353705514
64	31	35.56	2.29921725811
65	30	35.03	2.26916284123
66	30	35.14	2.22270105952
67	30	34.78	2.20263478589
68	31	35.17	2.1215796002
69	31	35.38	2.32284308553
70	31	35.35	2.27321358433
71	29	35.08	2.31810267245
72	30	34.86	2.53385082434
73	29	34.54	2.32559669762
74	30	34.43	2.3205818236
75	28	34.68	2.56468321631
76	29	34.49	2.59805696627
77	27	33.88	2.54668411861
78	27	33.66	2.2944280333
79	27	33.48	2.47983870443
80	27	33.03	2.53162003468
81	27	32.86	2.67215269025
82	27	32.8	2.60384331326
83	26	32.61	2.7125449305
84	27	32.6	2.96984848098
85	27	32.09	2.56941627612
86	26	32.0	2.5179356624
87	26	31.49	2.40622110372
88	26	31.72	2.6536013265
89	27	31.66	2.392571838
90	27	31.57	2.60098058432
91	27	31.23	2.47327717816
92	27	31.16	2.19872690437
93	26	31.05	2.43464576479
94	27	31.67	2.40022915573
95	27	31.84	2.50886428489
96	27	31.55	2.72167228005
97	27	31.76	2.44589451939
98	26	31.22	2.38570744225
99	26	31.27	2.51735972797
100	26	31.09	2.38786515532
101	26	31.31	2.46858258926
102	26	31.28	2.59645912735
103	26	31.0	2.49799919936
104	26	30.96	2.69785099663
105	26	30.49	2.33878173415
106	27	30.49	2.12365251395
107	26	30.59	2.36683332747
108	25	30.99	2.33878173415
109	25	30.97	2.62851669198
110	25	30.61	2.98628531792
111	25	29.86	2.80720501567
112	25	29.91	2.8428682699
113	23	29.82	2.66975654321
114	25	29.82	2.72902913139
115	25	30.19	2.67467755066
116	24	30.19	2.7629513206
117	25	30.17	2.65727303829
118	25	30.63	2.67078640104
119	25	30.51	2.73311177964
120	24	30.15	2.68840101175
121	23	30.33	2.88809625878
122	23	29.72	2.77517567012
123	23	29.78	2.96168870748
124	24	29.16	2.95878353382
125	21	28.51	2.5199007917
126	22	28.23	2.54108244652
127	21	27.81	3.06820794602
128	21	27.28	2.61946559435
129	21	27.3	2.8231188427
130	21	27.36	2.79470928721
131	21	27.32	2.47741801075
132	19	27.18	2.89613535595
133	20	27.02	2.89129728669
134	21	26.65	2.85438259524
135	20	26.68	2.88749025972
136	20	26.56	2.57417948092
137	20	26.12	2.68804761863
138	20	26.84	2.79899982136
139	20	26.77	2.98615136924
140	20	26.61	2.63398936976
141	20	27.03	3.01481342706
142	20	27.13	2.90398002748
143	20	26.68	2.96944439247
144	20	26.72	2.79671235561
145	20	26.82	2.9236278833
146	20	26.71	2.82239260203
147	20	26.48	2.80528073461
148	20	26.8	2.97657521323
149	20	25.77	2.55286113998
150	20	25.72	2.86384357115
151	20	25.62	2.98590019927
152	21	25.14	2.48604102943
153	21	25.38	2.59144747197
154	21	25.48	2.64756491894
155	21	25.32	2.59953842057
156	21	25.75	2.59759504157
157	20	26.14	2.7240411157
158	20	25.61	2.68661497055
159	19	25.18	2.65096208951
160	20	25.19	2.90067233586
161	19	25.34	2.7430639803
162	20	24.92	2.80955512493
163	20	24.36	2.65902237674
164	20	24.72	2.68730348119
165	20	24.72	2.80028569971
166	20	24.88	2.81168988333
167	19	24.9	2.64764045897
168	21	25.68	2.46933189345
169	19	25.94	2.78503141814
170	19	25.84	3.02231699198
171	19	25.48	2.80884317825
172	19	25.11	2.52148765613
173	19	25.66	2.69896276373
174	19	25.47	3.15738816112
175	19	24.56	2.75797026815
176	20	24.92	2.38193198895
177	20	25.04	2.51761792177
178	20	25.53	2.46355434281
179	21	25.77	2.58400851392
180	21	25.65	2.90989690539
181	21	25.54	2.63977271749
182	21	25.37	2.59482176652
183	20	25.47	2.67751750695
184	21	25.41	2.8252256547
185	21	25.35	2.77983812478
186	21	25.16	2.59507225333
187	21	25.31	2.73018314404
188	21	25.36	3.00173283288
189	20	25.02	2.50990039643
190	20	25.99	2.88268971622
191	19	25.42	2.89889634171
192	19	25.35	2.7509089407
193	20	25.16	2.58348601699
194	19	25.32	2.70880047253
195	19	25.68	2.70510628257
196	19	25.46	2.97798589654
197	19	25.36	3.01171047745
198	19	25.28	2.79671235561
199	19	25.08	3.05836557658
200	19	24.73	2.77796688245
201	19	25.28	2.99693176432
202	19	25.08	2.84492530658
203	20	25.11	2.54517189989
204	20	25.23	2.69018586718
205	21	25.32	2.70510628257
206	20	25.42	2.78273247007
207	20	25.48	2.71470072015
208	20	25.4	2.8319604517
209	18	25.36	2.74051090127
210	18	25.11	2.89791304217
211	18	25.17	3.14342170254
212	18	24.97	2.85816374618
213	18	25.11	3.34333665669
214	18	24.44	2.85418990258
215	18	24.3	2.51594912508
216	19	24.55	2.42229230276
217	20	24.98	2.60760426445
218	19	25.61	3.28601582467
219	19	24.94	3.08810621579
220	19	24.8	2.53377189186
221	20	24.88	2.52301407051
222	20	25.32	2.53329824537
223	19	25.66	2.99739887236
224	21	25.72	2.57713018686
225	20	26.26	3.01867520611
226	20	26.39	2.70146256683
227	20	25.99	2.97823773396
228	20	25.66	2.78646729749
229	19	25.76	2.92273844194
230	19	25.64	2.97159889622
231	20	25.35	2.86138078556
232	20	24.8	2.72029410175
233	20	25.0	2.70924343683
234	20	24.88	2.58951732954
235	20	25.11	2.67542519985
236	20	25.68	2.7198529372
237	20	26.2	2.96984848098
238	19	25.68	2.61870196853
239	19	25.7	2.78388218142
240	19	26.49	3.18275038292
241	20	25.94	2.71595287146
242	20	25.86	2.65337520905
243	20	25.97	3.03135283331
244	20	26.48	3.11281223333
245	20	26.37	2.96531617201
246	20	26.43	2.70649219471
247	21	26.6	2.78208554865
248	21	26.43	2.95382802478
249	20	26.51	2.77667066826
250	20	26.74	2.99205614921
251	21	26.97	2.70353472328
252	20	26.91	2.95667042465
253	18	26.7	3.19843711834
254	20	27.09	2.93630720464
255	22	27.13	2.39856206924
256	21	27.46	3.4188302093
257	19	26.57	3.06677354886
258	19	26.03	2.82295944002
259	19	25.87	2.98882920221
260	19	26.18	2.78345109531
261	19	26.18	2.69584866044
262	19	26.4	3.09192496675
263	18	25.65	3.05081956202
264	19	25.7	3.09354165965
265	18	25.29	2.87852392729
266	19	25.76	3.28060969943
267	19	24.91	3.04990163776
268	19	25.23	3.03596772051
269	19	24.91	3.13399106572
270	19	24.46	2.89281869463
271	18	24.42	2.96708611267
272	18	24.28	2.9902508256
273	17	23.93	2.89570371413
274	17	24.09	3.2896656365
275	17	24.01	2.95464041805
276	18	24.05	2.8857408061
277	18	24.5	3.09354165965
278	18	24.12	3.03077547832
279	18	24.07	2.65802558302
280	16	24.15	2.58988416729
281	16	24.33	2.9087970022
282	16	24.35	3.09959674797
283	17	24.64	2.9206848512
284	18	24.38	2.46081287383
285	18	25.2	2.73130005675
286	18	25.5	3.31813200461
287	17	24.57	2.99083600353
288	17	24.58	2.92294372166
289	17	24.9	3.10966236109
290	16	24.22	3.14509141362
291	16	23.68	3.08830050351
292	17	23.86	3.18439947243
293	17	23.67	3.35873488087
294	16	23.51	2.85480297043
295	16	23.72	2.97684396635
296	16	24.08	2.94509762147
297	18	24.4	3.0495901364
298	17	24.46	3.1981869864
299	19	24.16	2.85909076456
300	18	24.52	3.08700502105
1	61	68.72	2.92943680594
2	59	66.32	2.86314512381
3	58	64.56	2.8855502075
4	58	62.97	2.47973788937
5	57	61.82	2.29947820168
6	54	61.12	2.71027673864
7	54	59.67	2.11213162469
8	53	58.97	2.77652660711
9	52	57.6	2.69443871706
10	50	56.41	2.94989830333
11	48	54.84	2.30529824535
12	46	53.97	2.28672254548
13	47	52.98	2.34512259807
14	45	52.14	2.28919199719
15	44	51.24	2.48241817589
16	45	49.82	2.31680814916
17	45	49.34	2.59314480891
18	44	48.63	2.26121648676
19	43	47.75	2.2511108369
20	43	47.22	2.08124962462
21	42	46.59	2.27198151401
22	42	46.18	2.19718001083
23	42	46.49	2.43513859975
24	40	45.64	2.5358233377
25	38	44.69	2.67841370964
26	38	43.57	2.75047268665
27	35	43.02	2.30208601056
28	36	42.31	2.4847333861
29	36	41.92	2.34810561943
30	35	41.18	2.46324988582
31	35	40.63	2.42757080226
32	34	39.74	2.05727975735
33	34	39.67	2.51417978673
34	33	39.53	2.590193043
35	33	38.62	2.84527678794
36	33	37.61	2.39121308126
37	32	37.28	2.40033331019
38	31	37.02	2.11177650333
39	31	36.91	2.50637187983
40	31	36.61	2.02926094921
41	31	36.45	2.37223523286
42	31	36.6	2.24053565024
43	31	36.47	2.39772809134
44	31	36.49	2.29997826077
45	31	36.08	2.67835770576
46	31	35.52	2.58642610565
47	30	35.39	2.47747855692
48	30	34.63	2.31367672764
49	30	34.44	1.98655480669
50	30	34.6	2.15870331449
51	28	34.33	2.4537929823
52	29	33.76	2.18229237271
53	30	33.65	1.9254869514
54	30	33.52	2.22925996689
55	29	33.03	2.16543298211
56	28	32.66	2.26812698057
57	28	32.55	2.10416254125
58	28	32.48	2.20671701856
59	27	32.36	2.10009523594
60	29	32.4	2.30217288664
61	28	32.23	2.06811508384
62	27	32.3	2.34733891886
63	27	32.05	2.51942453747
64	27	32.03	2.52370759003
65	27	31.59	2.66493902369
66	26	31.49	2.05180408421
67	26	31.58	2.36719242986
68	26	31.58	2.60069221555
69	26	31.08	2.51666445916
70	25	30.35	2.45509673944
71	26	30.24	2.51045812552
72	25	29.97	2.51974205029
73	26	29.95	2.52339057619
74	25	30.31	2.51274750025
75	25	30.09	2.34134576686
76	25	29.83	2.56146442489
77	25	29.88	2.24178500307
78	25	30.01	2.11421380187
79	25	30.56	2.95404807002
80	25	29.94	2.57223638105
81	25	30.08	2.51268780393
82	26	29.94	2.50926283996
83	24	30.12	2.69176522007
84	24	29.71	2.4053897813
85	24	29.71	2.39288528768
86	24	29.63	2.74100346589
87	24	29.5	2.67394839142
88	25	29.61	2.81032026645
89	25	29.85	2.68467875173
90	24	29.86	2.77495945916
91	24	29.62	2.69362209673
92	24	29.57	2.76135836139
93	24	29.3	2.46373699895
94	24	29.58	2.74291815408
95	23	29.92	2.98891284584
96	24	29.36	2.59044397739
97	24	29.57	2.80091056623
98	25	29.82	2.66225468353
99	24	29.95	2.68467875173
100	24	30.46	3.13183652191
101	26	30.06	2.71963232809
102	25	29.69	2.22123839333
103	24	29.86	2.74233477169
104	24	29.97	2.85466285225
105	24	29.41	2.40455817147
106	23	28.98	2.94611608733
107	23	28.44	2.65450560369
108	23	28.73	2.62242254414
109	23	28.31	2.67093616547
110	23	27.95	2.63960224276
111	22	27.93	2.86445457286
112	22	27.41	2.4417002273
113	23	27.41	2.33278803152
114	22	27.39	2.6111108747
115	22	27.24	2.58889938005
116	22	26.74	2.44384942253
117	21	26.47	2.61325467569
118	21	26.18	2.75092711645
119	21	26.26	2.59853805052
120	21	26.64	2.98502931309
121	22	26.19	2.36091084118
122	22	26.27	2.42014462378
123	22	26.95	2.53919278512
124	21	26.97	2.47165936164
125	22	27.13	2.65199924585
126	23	26.83	2.23631393145
127	22	27.3	2.41039415864
128	22	27.44	2.52317260607
129	22	27.9	2.66645832519
130	23	27.88	2.5388186229
131	24	28.23	2.71976101891
132	23	28.25	2.57050578681
133	23	27.96	2.45731560855
134	23	28.15	2.62059153628
135	23	27.59	2.51831292734
136	21	27.28	2.74983635877
137	21	27.05	2.7290108098
138	21	27.02	3.02317713672
139	21	26.74	2.47636830863
140	21	27.51	2.96140169514
141	21	27.17	3.08238543988
142	21	26.36	2.68149212194
143	21	26.4	2.8
144	21	25.84	2.77027074489
145	20	25.82	2.7870414421
146	21	25.51	2.50397683695
147	21	25.73	2.48135043877
148	22	25.93	2.22825043476
149	21	26.4	2.58843582111
150	21	26.08	2.62175513731
151	21	26.11	2.69404899733
152	22	26.37	2.31799482312
153	21	26.39	2.8386440425
154	21	26.09	2.3920493306
155	21	26.17	2.65727303829
156	21	25.76	2.70599334811
157	21	25.55	2.73267268439
158	21	25.34	2.40923224285
159	21	25.81	2.88684949383
160	19	25.5	2.41867732449
161	19	25.77	2.82437603729
162	20	25.66	2.82212685753
163	19	25.72	2.96
164	19	25.93	3.09274958572
165	19	25.62	3.10734613457
166	19	25.23	2.98280069733
167	19	24.97	2.88255095358
168	19	24.55	2.58988416729
169	19	24.98	2.58835855321
170	20	25.53	2.83356665706
171	19	25.6	2.82842712475
172	20	25.65	2.61677282163
173	20	25.72	2.77517567012
174	20	25.95	2.67348087706
175	17	26.16	3.12
176	19	25.62	3.03901299767
177	19	24.99	2.75860471978
178	17	24.92	2.99225667348
179	19	24.94	2.62609976962
180	18	24.71	2.8152974976
181	18	24.33	3.14977776994
182	18	24.07	2.83991197047
183	19	24.36	3.07089563483
184	18	23.67	2.73881361177
185	17	23.26	3.02198610189
186	18	23.17	2.77508558427
187	18	23.09	2.62333756882
188	18	23.24	2.898689359
189	17	23.25	2.85438259524
190	17	23.5	3.12569992162
191	18	23.14	2.88797506914
192	15	23.27	3.07198632809
193	18	23.35	2.92018835009
194	18	22.97	2.63611456504
195	18	23.38	2.89406288805
196	18	23.71	2.70663998345
197	19	23.85	2.48746859277
198	19	24.18	2.80848713723
199	18	23.87	2.64444701214
200	18	24.04	2.6680329833
201	18	24.18	2.88575813262
202	17	24.38	3.17735739255
203	17	24.07	2.68795461271
204	19	24.16	2.67102976397
205	19	24.08	2.86244650605
206	19	23.93	2.57780914732
207	19	23.82	2.57441255435
208	18	24.41	2.8322958885
209	18	24.54	3.02132421299
210	19	24.36	3.10006451546
211	19	24.27	2.67901101155
212	18	24.67	3.04648978334
213	19	24.46	2.85804128732
214	18	24.64	3.20786533383
215	18	23.99	2.75134512557
216	18	24.24	2.84295620789
217	18	23.91	2.87435210091
218	18	23.88	2.66938195094
219	18	24.61	2.74552362947
220	18	24.31	2.92812226521
221	18	23.84	2.84857859291
222	18	23.64	2.78395402261
223	18	23.98	2.72756301485
224	18	24.1	2.94108823397
225	16	23.97	3.04451966655
226	16	23.85	3.05409561082
227	18	23.82	2.90303289682
228	18	23.63	3.03201253296
229	17	23.52	2.87916654607
230	18	23.34	2.69154230879
231	17	23.04	2.54919595167
232	17	23.67	2.76063398516
233	18	23.91	2.89169500466
234	17	23.38	2.64869779326
235	15	23.68	2.81382302215
236	14	23.55	2.96437177156
237	14	23.6	2.93938769134
238	15	23.53	3.20142155925
239	17	23.6	3.16859590355
240	17	23.45	3.08666486681
241	16	23.2	2.86006992922
242	16	22.39	2.81742790502
243	16	22.66	2.73210541524
244	16	22.36	3.10006451546
245	17	22.62	2.77769688771
246	17	22.64	2.7477991193
247	14	23.04	3.16834341573
248	17	23.01	3.17960689394
249	17	23.29	2.94379007404
250	17	23.35	2.92018835009
251	17	23.45	2.808469334
252	18	23.21	2.49917986548
253	19	23.79	2.72871764754
254	18	24.23	2.95247353925
255	16	24.31	3.13590497305
256	18	24.37	3.25777531454
257	16	24.26	3.31849363417
258	16	23.32	3.22142825467
259	16	23.19	2.96545106181
260	15	23.34	3.06665942028
261	16	23.22	3.38402127653
262	16	23.16	3.39917637083
263	17	23.09	3.10514089857
264	16	23.14	2.89489205326
265	16	22.96	2.8527881099
266	16	23.19	2.8624989083
267	17	23.62	2.80278432991
268	19	24.17	3.00684219739
269	16	24.13	3.15485340388
270	18	23.7	3.28481354113
271	17	23.82	2.96101334006
272	18	23.71	3.03741666552
273	18	23.73	2.93889434992
274	18	23.73	2.64898093613
275	16	23.69	3.18023584031
276	16	23.63	2.85886341052
277	16	23.78	3.31535820086
278	15	23.48	3.12563593529
279	15	23.8	3.19687347263
280	15	23.67	3.17507480227
281	15	23.68	2.84562822589
282	17	23.47	3.16371616932
283	17	23.74	3.19255383666
284	16	23.27	3.43760090761
285	16	23.02	3.09832212657
286	17	23.41	2.75352501351
287	15	23.81	3.59080770858
288	15	23.25	3.33279162265
289	16	22.99	3.34214003297
290	16	22.66	3.44737581357
291	16	22.39	3.63564299678
292	16	21.82	2.87186350651
293	17	22.55	2.70323879818
294	16	22.92	3.28231625533
295	13	22.42	3.00393075819
296	13	22.65	3.1792294664
297	13	22.62	3.25815898937
298	14	22.56	3.25674684309
299	12	22.36	3.4482459309
300	12	22.52	3.40141147173
1	59	68.58	3.29599757281
2	58	65.97	2.66253638473
3	57	64.36	2.5358233377
4	56	63.09	2.49437366888
5	52	61.84	2.50886428489
6	52	60.09	2.74625199135
7	52	59.29	3.16321039452
8	51	57.6	2.91890390387
9	51	56.0	2.57681974535
10	50	55.36	2.6401515108
11	50	54.12	2.32929173785
12	49	53.55	2.45509673944
13	49	52.98	2.48588012583
14	49	52.57	2.6315584736
15	48	51.89	2.27549994507
16	46	51.02	1.92862645424
17	46	50.73	2.19934081033
18	44	49.49	2.2382805901
19	43	48.96	2.12565284089
20	43	48.65	2.21528779169
21	44	48.31	2.28777184177
22	42	47.81	2.54045271556
23	43	46.85	2.18346055609
24	41	46.42	2.28989082709
25	40	45.98	2.26706859182
26	39	45.41	2.37105461768
27	38	44.46	2.39758211538
28	38	43.58	2.58913112839
29	37	42.47	2.32144351644
30	37	41.91	2.33707081621
31	37	41.74	2.46827875249
32	35	40.67	2.3539541202
33	35	40.16	2.32258476702
34	36	39.54	1.94638125762
35	34	39.89	2.27549994507
36	35	40.06	2.35720173087
37	34	39.64	2.36440267298
38	33	39.13	2.52845802813
39	33	38.72	2.65736711803
40	31	38.31	2.41120301924
41	31	38.0	2.25388553392
42	32	38.11	2.46939263788
43	31	37.33	2.47812429067
44	31	37.08	2.70066658438
45	31	36.62	2.57596583828
46	30	36.29	2.61264234062
47	30	35.57	2.39689382326
48	29	35.32	2.37857099957
49	30	35.11	2.58803013893
50	29	34.6	2.69814751265
51	29	34.24	2.6310454196
52	29	34.15	2.40572234474
53	29	34.19	2.97218774643
54	29	33.13	2.31367672764
55	28	33.19	2.5911194492
56	27	32.92	2.70066658438
57	27	32.56	2.27297162323
58	28	32.32	2.34042731141
59	28	33.04	2.68670802284
60	28	32.49	2.44742722057
61	28	32.63	2.21203526193
62	27	32.45	2.48746859277
63	27	32.38	2.64491965852
64	28	32.69	2.46858258926
65	28	32.54	2.35125498405
66	27	32.55	2.39321958875
67	24	32.51	2.79819584733
68	27	32.3	2.75499546279
69	26	32.17	2.84624313789
70	25	31.58	2.79706989544
71	26	32.05	2.87532606847
72	26	32.25	3.02778797144
73	26	31.7	2.74772633281
74	25	31.57	2.79017920571
75	27	31.29	2.50716971903
76	26	32.07	2.52687554106
77	27	32.13	2.55599295774
78	27	32.38	2.47701433181
79	27	32.34	2.52673702629
80	25	32.76	2.72073519476
81	26	32.62	2.67873104286
82	26	32.54	2.8263757712
83	25	31.86	2.694512943
84	25	31.77	2.69761005336
85	25	31.44	2.76159374275
86	26	30.82	2.5899034731
87	25	30.72	2.53408760701
88	25	30.51	2.33878173415
89	26	30.63	2.43989753883
90	25	30.74	2.53227170738
91	24	30.65	2.45916652547
92	25	30.24	2.67626605553
93	26	30.25	2.30813777752
94	23	30.31	2.62562373542
95	22	29.58	2.51865043228
96	23	29.63	3.08757186151
97	22	28.57	2.47893122131
98	24	28.65	2.55880831638
99	23	28.79	2.52703383436
100	23	28.6	2.48596057893
101	23	28.42	2.30729278593
102	24	29.09	2.55771382293
103	23	28.48	2.16092572755
104	23	28.72	2.91917796648
105	22	27.84	2.57961237398
106	22	28.11	2.842164668
107	20	27.32	2.72352712489
108	20	26.94	2.6900557615
109	21	26.72	3.15620024713
110	21	25.96	2.48161237908
111	21	26.28	2.74983635877
112	21	26.37	2.71166000819
113	21	26.06	2.48120938254
114	20	25.75	2.7363296585
115	21	25.93	2.96733887515
116	21	25.36	2.49206741482
117	21	25.34	2.70636287293
118	20	25.4	2.63818119165
119	21	25.38	2.30555850067
120	20	25.61	2.56863777127
121	20	25.47	2.63611456504
122	20	25.58	2.58139497172
123	20	25.59	2.59651689769
124	19	24.83	2.39605926471
125	19	25.39	2.81742790502
126	20	25.28	2.79671235561
127	20	25.16	2.7008146919
128	20	25.5	2.95465734054
129	19	25.1	2.61342686907
130	20	25.14	3.00339807551
131	20	24.64	2.56717743836
132	19	24.88	2.73232501727
133	20	24.71	2.62028624391
134	19	24.78	2.68171586862
135	20	24.53	2.72930394057
136	20	24.46	2.63598179053
137	20	24.89	2.4855381711
138	20	24.78	2.46
139	20	24.79	2.78314570226
140	18	24.89	2.94582755775
141	18	24.96	2.84225262776
142	18	24.85	2.73998175176
143	18	24.93	2.85746391053
144	18	24.89	2.73822935489
145	18	24.82	2.79778483805
146	20	25.3	2.63248931622
147	18	25.5	2.85482048472
148	18	25.52	2.69992592491
149	19	25.24	3.09231305013
150	19	25.3	2.80891438104
151	19	25.6	2.88790581564
152	19	25.42	2.66525796125
153	20	25.77	2.76714654473
154	20	25.78	2.86907650647
155	19	25.18	2.90303289682
156	18	24.85	2.55489725821
157	19	25.32	2.79241830677
158	19	25.16	2.58348601699
159	18	25.68	3.00626013512
160	19	25.48	2.94102023114
161	19	25.63	2.91772171394
162	18	25.43	2.91635045905
163	18	25.6	2.71661554144
164	19	26.0	2.82842712475
165	19	25.96	2.67925362741
166	19	25.77	2.64142007261
167	19	25.86	2.79649780976
168	19	25.7	2.88270706108
169	19	25.48	3.00159957356
170	19	25.67	2.73881361177
171	18	25.73	2.95247353925
172	18	25.44	3.3356258783
173	18	25.42	2.90922670138
174	18	25.27	2.96261708629
175	19	25.39	3.09481824991
176	19	25.23	3.06872937875
177	20	25.14	2.79649780976
178	19	24.81	2.82026594491
179	19	25.16	3.03222690444
180	19	25.11	2.97958050739
181	19	24.57	2.76497739593
182	19	24.8	2.67955220139
183	19	24.58	2.9838900784
184	18	24.18	2.97785157454
185	18	23.72	2.69844399608
186	17	23.63	2.77003610085
187	19	23.67	2.9901672194
188	19	23.25	2.66223590239
189	19	23.62	2.48909622152
190	19	23.94	2.60699060221
191	19	23.95	2.50349755342
192	19	24.47	2.78372053195
193	20	24.68	2.59568873327
194	20	24.56	2.46706303122
195	20	25.34	2.58928561576
196	21	25.42	3.05018032254
197	19	24.56	2.44262154252
198	19	25.1	2.57875939165
199	19	25.23	2.94908460374
200	19	25.37	2.61784262323
201	19	25.11	2.73091559738
202	19	25.11	2.59574652075
203	19	25.11	2.79962497489
204	20	24.93	2.54658594986
205	19	24.82	2.71064567954
206	18	24.81	2.75207194673
207	18	24.76	2.47030362506
208	19	25.42	2.77913655656
209	20	25.3	2.69629375254
210	20	25.09	2.73530619858
211	19	25.64	2.55154854941
212	19	25.85	2.66223590239
213	19	25.88	2.46284388462
214	21	26.47	2.74392055279
215	20	26.8	2.8
216	20	26.72	3.08246654483
217	21	26.69	2.83088325439
218	22	27.27	2.98615136924
219	22	26.58	2.58526594377
220	22	27.52	2.54746933249
221	22	28.2	3.00998338866
222	22	27.66	2.804353758
223	20	27.6	3.0886890423
224	20	26.96	2.87722088134
225	20	26.87	2.75918466218
226	20	26.55	2.73267268439
227	19	25.87	3.03530888049
228	19	24.97	2.91360601317
229	20	24.57	2.67677044216
230	20	24.92	2.73744406336
231	20	24.98	2.86698447851
232	19	24.47	2.82649960198
233	20	24.42	2.58139497172
234	20	24.89	2.46939263788
235	21	25.31	2.36091084118
236	20	25.55	2.40572234474
237	20	25.47	2.5979030005
238	20	25.3	2.60576284416
239	19	25.75	2.84385302011
240	19	25.38	2.93182536997
241	19	24.82	2.84387060184
242	19	24.66	2.55820249394
243	19	24.65	2.84385302011
244	19	24.47	2.58246006746
245	19	24.09	2.74625199135
246	19	24.33	2.60021152986
247	19	24.49	2.67766689489
248	19	24.65	2.73267268439
249	20	25.1	2.7440845468
250	20	25.08	2.77733685389
251	20	24.99	2.68139888864
252	20	25.08	2.46040647048
253	20	24.97	2.93071663591
254	20	24.56	2.59353041239
255	20	25.05	2.85788383249
256	20	24.88	2.73232501727
257	20	24.98	2.517856231
258	19	24.58	2.65020753904
259	19	24.71	2.70663998345
260	19	24.55	2.58215026674
261	18	24.98	2.84597962045
262	18	24.99	2.92059925358
263	20	25.26	2.74816302282
264	18	25.03	3.00484608591
265	18	24.99	3.12568392516
266	20	24.49	2.62486190113
267	19	24.99	2.90342900723
268	19	24.84	2.95878353382
269	20	24.18	2.47539895774
270	18	23.98	2.72756301485
271	18	24.72	2.96337645263
272	18	24.73	3.00617697417
273	19	24.96	2.69414179285
274	18	24.4	2.90860791445
275	18	24.42	2.78632374286
276	18	24.28	2.90199931082
277	19	25.0	2.65329983228
278	19	25.9	2.8930952283
279	18	26.25	3.41577224065
280	18	25.97	3.17318452032
281	21	26.05	2.97111090335
282	17	26.06	3.09457589986
283	17	25.74	2.72624283585
284	22	26.21	2.42608738507
285	22	26.79	2.75061811235
286	22	26.71	2.54674301805
287	22	27.1	2.82665880502
288	22	26.9	2.64007575649
289	22	27.15	2.68467875173
290	21	26.84	2.91451539711
291	21	26.73	2.97944625728
292	21	26.84	2.69710956396
293	22	26.72	2.75709992565
294	21	26.85	2.80133896557
295	21	27.4	2.94957624075
296	21	27.06	2.78143847676
297	21	26.83	2.72416959824
298	20	26.75	2.65471279049
299	20	26.6	2.61151297144
300	20	27.0	2.84253408071
1	60	69.07	3.14723688336
2	60	66.26	2.71153093289
3	58	64.13	2.25678975538
4	57	62.74	2.49246865577
5	54	61.2	2.5495097568
6	54	60.49	2.41037341505
7	52	59.01	2.81245444408
8	52	57.65	2.68840101175
9	51	56.42	2.28551963457
10	50	55.72	2.56935789644
11	50	54.67	2.25412954375
12	49	54.18	2.48748869344
13	49	53.92	2.70066658438
14	48	53.02	2.39156852296
15	46	52.23	2.32316594328
16	46	51.24	2.63863601128
17	44	50.14	2.43318721022
18	42	49.16	2.39466072754
19	42	48.31	2.06734128774
20	40	47.66	2.58154992204
21	41	46.89	2.5725279396
22	39	46.09	2.69107785097
23	39	44.74	2.52436130536
24	36	44.04	2.59969228948
25	36	42.9	2.64007575649
26	36	42.05	2.1880356487
27	37	41.82	2.1371944226
28	37	41.8	2.36643191324
29	37	41.38	2.31421693019
30	35	41.03	2.23810187436
31	35	40.56	2.14625254805
32	36	40.41	2.26757579807
33	36	40.16	2.23928560036
34	35	39.87	2.2788374229
35	34	39.55	2.52339057619
36	33	39.39	2.24897754546
37	32	38.94	2.32731605073
38	35	38.97	2.2020672106
39	34	38.92	2.11508865062
40	35	39.31	2.30952376043
41	33	39.1	2.53574446662
42	32	39.16	2.53661191356
43	32	38.65	2.43874967965
44	33	38.72	2.69473560855
45	33	38.58	2.89544469814
46	33	37.96	2.37031643457
47	31	37.82	2.89268041788
48	31	37.15	2.80133896557
49	31	36.96	2.83167794779
50	30	35.91	2.66118394704
51	29	35.57	2.57003891021
52	31	35.35	2.84385302011
53	29	35.11	2.52545045487
54	28	35.09	2.81103183902
55	27	34.48	2.67761087539
56	27	34.54	2.8824295308
57	27	33.96	2.83167794779
58	27	33.94	2.90454815763
59	28	33.89	2.93221759083
60	28	33.32	2.61105342726
61	27	33.0	2.4248711306
62	27	33.11	2.67542519985
63	26	32.98	2.51388146101
64	26	32.44	2.62800304414
65	26	31.74	2.53227170738
66	26	32.16	2.56405928169
67	26	31.95	2.48344518764
68	26	31.72	2.61564523588
69	26	31.61	2.7125449305
70	27	31.68	2.52142816673
71	25	31.84	2.70451474391
72	25	31.69	2.94514855313
73	26	31.59	2.70220280512
74	25	31.6	2.32808934536
75	25	31.79	2.7177012345
76	25	31.2	2.47790233867
77	25	30.86	2.59237342989
78	26	30.68	2.38696459965
79	25	31.0	2.69072480941
80	26	30.95	2.37644692766
81	25	30.91	3.03016501201
82	24	30.24	2.75724500181
83	24	29.93	2.63535576346
84	24	30.02	2.51388146101
85	24	30.06	2.89420109875
86	25	30.27	2.44889771122
87	25	30.72	2.93625611962
88	25	30.69	2.78458255399
89	25	30.94	2.95912149125
90	24	30.88	3.12819436736
91	23	30.2	3.28024389337
92	20	29.43	3.05697562961
93	20	29.18	3.06391905898
94	22	29.22	3.03176516241
95	22	29.09	2.59651689769
96	22	29.21	3.1122178587
97	22	28.85	3.021175268
98	22	28.64	2.65525893276
99	20	28.84	3.01900645909
100	20	28.78	2.94815196352
101	22	28.37	2.78084519526
102	21	28.32	3.13011181909
103	22	28.38	3.13298579633
104	22	28.38	2.61067041198
105	21	29.05	3.23535160377
106	21	28.77	3.11401669873
107	22	28.3	2.84077454227
108	22	28.03	3.11594287496
109	20	28.02	3.5383046788
110	21	27.28	3.11152695634
111	19	26.66	3.3082321563
112	19	26.43	2.95382802478
113	20	26.25	2.88227340827
114	18	26.36	3.05784237658
115	18	26.6	3.14006369362
116	18	25.89	3.37903832473
117	17	25.17	3.40897345252
118	17	24.97	3.57058818684
119	17	24.8	3.3941125497
120	17	24.58	3.15968352846
121	18	25.05	2.98119103715
122	17	25.06	3.30702283028
123	16	24.97	3.52265524853
124	16	24.41	3.23448604882
125	16	24.45	3.1917863337
126	16	25.03	3.10307911597
127	16	24.91	3.14672845985
128	16	25.15	3.21364279284
129	16	25.06	3.44621531539
130	16	24.14	3.5665669768
131	16	23.55	3.31172160666
132	16	23.84	3.15505942892
133	17	24.29	3.47360043759
134	15	24.13	3.6651193705
135	17	23.75	2.98119103715
136	14	23.61	3.75205277148
137	16	23.22	2.95831032855
138	14	24.07	3.25039997539
139	14	23.98	3.52698171246
140	14	23.38	3.58825863059
141	14	22.93	3.30228708625
142	14	22.34	3.34131710557
143	14	21.57	2.95721152439
144	16	22.43	3.06351105759
145	16	22.65	3.11889403475
146	15	22.34	3.06339680747
147	15	22.97	2.9713801507
148	14	22.72	3.15620024713
149	14	22.54	3.48545549391
150	14	22.45	2.68467875173
151	16	23.15	2.98119103715
152	16	23.21	3.03741666552
153	16	23.03	3.27247612673
154	17	22.9	3.27871926215
155	16	23.13	3.22693352891
156	17	23.02	2.82835641318
157	17	23.84	2.97227185836
158	15	23.78	3.01854269475
159	18	23.63	3.02871259779
160	17	24.09	3.04990163776
161	17	24.04	3.38502584924
162	19	24.33	3.15295099867
163	16	24.26	2.89350997925
164	16	24.8	3.45543050863
165	17	24.1	3.05450486986
166	17	24.0	3.06920185064
167	17	24.12	3.22266970073
168	18	23.85	3.07042342357
169	15	23.48	3.147951715
170	15	23.83	3.2343623792
171	15	23.68	3.05574868077
172	15	24.21	3.07341829239
173	15	24.65	3.21052955134
174	15	24.48	3.10959804476
175	16	24.7	3.49714169001
176	19	24.22	2.798499598
177	18	24.57	3.11208933034
178	17	24.32	3.2737745799
179	18	24.12	3.02416930743
180	16	24.63	3.05173721018
181	13	24.1	2.87228132327
182	14	24.22	3.51448431495
183	13	23.83	3.28345854245
184	16	24.16	3.46329323044
185	15	23.44	3.4592484733
186	16	24.08	3.21770104267
187	14	24.1	3.51994318136
188	15	23.34	3.27481297176
189	15	22.95	3.34477204006
190	12	22.8	4.26614580154
191	14	21.75	3.26611389881
192	11	21.55	3.14443953671
193	11	21.4	3.08544972411
194	11	21.76	3.85517833569
195	11	21.03	3.38365187335
196	11	20.43	3.39191686219
197	11	20.7	3.98120584748
198	11	20.3	3.69188298839
199	11	20.44	3.29034952551
200	11	20.84	3.71138788056
201	11	20.32	4.16624531203
202	11	20.14	3.66611511003
203	11	19.97	3.75087989677
204	11	19.04	3.28913362453
205	11	18.94	3.39947054701
206	11	19.8	3.49571165859
207	11	20.03	3.59848579266
208	12	20.32	3.45797628679
209	12	20.56	3.53361005206
210	12	20.78	3.20805236865
211	12	21.0	3.24961536185
212	16	21.21	2.9335814289
213	13	21.07	3.33543100663
214	10	21.48	3.49708449998
215	10	21.12	3.43592782229
216	10	21.68	3.50964385658
217	15	21.67	3.46426038282
218	14	21.67	3.28954404135
219	14	22.01	3.78548543783
220	14	21.15	3.40404171537
221	14	21.82	3.02449995867
222	14	22.25	3.43037898781
223	14	21.39	3.34333665669
224	13	21.43	3.34142185304
225	13	21.92	3.62954542608
226	13	21.71	3.08640567651
227	13	22.49	3.56789854116
228	13	22.46	3.45375158342
229	11	22.68	3.63560173836
230	13	22.44	3.46213806773
231	12	22.72	3.24061722516
232	12	22.28	3.8912208881
233	13	22.66	3.72886041573
234	14	22.35	3.66708330966
235	15	22.46	3.28152403618
236	14	22.75	3.68340874734
237	13	21.68	3.36416408637
238	15	21.68	3.22453097365
239	13	21.64	3.34819354279
240	13	21.49	3.31208393613
241	14	21.62	3.5826805607
242	13	21.57	3.67764870536
243	13	21.21	3.11542934441
244	14	21.3	3.30907842155
245	14	21.28	3.32289030815
246	10	21.54	4.22946805166
247	10	20.99	4.07061420427
248	10	20.2	3.91407715816
249	11	19.87	3.92849844088
250	10	19.82	3.55353345278
251	13	20.0	3.10161248385
252	11	20.36	3.50005714239
253	13	20.67	3.29865123952
254	13	20.59	2.94311059935
255	13	21.45	2.99457843444
256	13	21.95	3.73195659139
257	13	21.22	3.65398412695
258	13	21.49	3.51139573389
259	12	21.5	3.68103246386
260	12	21.53	3.38365187335
261	12	20.97	3.59848579266
262	12	20.58	3.24400986435
263	12	20.62	3.17420856278
264	13	21.23	3.40251377661
265	14	21.59	2.99364326532
266	14	22.4	3.02985148151
267	17	22.98	2.97986576879
268	15	23.17	3.39721945126
269	13	22.85	3.41577224065
270	11	23.14	3.36160675868
271	13	23.68	3.12371573611
272	15	24.16	2.91108227297
273	15	24.37	3.34560906264
274	15	24.31	3.74351439158
275	15	23.82	3.2905318719
276	16	23.95	3.47958330839
277	16	23.98	3.23103698524
278	14	23.67	3.11786786122
279	17	23.92	3.46894796732
280	15	23.58	3.87344807633
281	17	23.01	3.24806096002
282	16	23.23	3.59959719969
283	14	22.68	3.1745235863
284	16	23.0	3.25269119346
285	17	23.16	3.05849636259
286	17	23.98	2.82835641318
287	15	24.38	3.36089273854
288	13	24.01	4.16772119989
289	11	22.88	3.65589934216
290	13	22.71	3.32954951908
291	13	22.72	4.23575258956
292	12	21.71	3.71024257967
293	12	20.89	3.61910209859
294	12	21.17	3.41190562589
295	12	21.75	3.3567096985
296	12	22.37	3.50615173659
297	12	22.37	3.74073522185
298	12	22.22	3.76451856152
299	12	21.7	3.98120584748
300	12	20.92	3.22391066874
1	60	69.0	3.17804971641
2	59	66.12	2.36761483354
3	59	64.82	2.62061061587
4	58	62.95	2.69211812519
5	55	61.77	2.61478488599
6	55	60.91	2.66493902369
7	54	59.61	2.72358219997
8	52	58.29	2.47101193846
9	51	57.41	2.82876298053
10	50	56.08	2.33529441399
11	48	55.49	2.51195143265
12	47	54.72	2.5926048677
13	47	53.34	2.14578656907
14	46	52.64	2.41047713119
15	46	51.78	2.59067558756
16	46	51.55	2.75454170417
17	45	50.87	2.67452799574
18	45	50.39	2.77811086892
19	45	49.81	2.5911194492
20	45	49.49	2.46371670449
21	43	49.31	2.61799541634
22	44	48.72	2.3198275798
23	42	48.56	2.57806128709
24	42	48.32	2.73452006758
25	44	48.24	2.54212509527
26	43	47.49	2.36006355847
27	40	46.7	2.33023603955
28	38	45.8	2.44131112315
29	38	45.52	2.68506983149
30	37	44.73	2.57237244582
31	37	44.05	3.05081956202
32	37	42.93	2.51894819319
33	37	42.97	2.72930394057
34	37	42.79	2.62790791315
35	36	42.84	2.70820974077
36	35	42.38	2.94883027657
37	37	42.33	3.0693810451
38	37	42.07	2.39271811963
39	32	41.33	3.25286027982
40	32	40.77	2.57237244582
41	34	40.7	2.97825452237
42	33	40.07	2.83991197047
43	33	39.63	2.73003662979
44	33	39.05	2.48746859277
45	33	39.11	2.3490210727
46	34	39.35	2.67721870605
47	33	38.89	2.56474170239
48	33	38.38	2.27059463577
49	33	38.16	2.28350607619
50	33	37.79	2.27725712207
51	31	37.44	2.47111310951
52	31	36.72	2.64227174984
53	31	36.46	2.32989270139
54	29	36.14	2.67589237452
55	29	35.78	2.7769767734
56	29	34.98	2.86349436877
57	29	34.67	2.77868674017
58	29	34.41	2.32849736955
59	29	34.0	2.55342906696
60	29	33.57	2.30328026953
61	29	33.58	2.47862865311
62	28	33.82	2.54707675581
63	27	33.75	2.43464576479
64	27	33.53	2.68124970862
65	27	33.18	2.83330196061
66	28	32.82	2.47943541961
67	27	33.05	2.7654113618
68	27	33.04	3.00306510086
69	27	32.68	2.62632823539
70	27	32.93	2.43825757458
71	25	33.13	2.87977429671
72	28	32.89	2.55301782211
73	28	33.1	2.28691932521
74	28	33.2	2.64575131106
75	28	33.37	2.48054429511
76	27	33.57	2.89224826044
77	29	33.83	2.81088953892
78	29	33.72	2.4252010226
79	28	33.62	2.71580558951
80	27	33.31	2.68587043619
81	27	32.82	2.48748869344
82	26	33.06	2.71226842329
83	26	32.99	2.76222736211
84	26	32.72	2.78955193535
85	28	32.39	2.3147138052
86	27	32.59	2.94311059935
87	27	31.89	2.39956246012
88	25	32.11	3.01958606435
89	23	31.53	2.85816374618
90	23	31.38	3.19305496351
91	23	31.0	2.88444102037
92	24	30.58	3.0304455118
93	24	30.44	2.76159374275
94	23	30.2	3.20624390838
95	25	29.76	2.70229532065
96	23	29.63	2.72637121464
97	24	29.58	2.55413390409
98	23	29.72	2.78237308785
99	22	29.81	3.22705748322
100	22	29.38	3.2086757393
101	23	29.11	3.01627253411
102	22	28.77	3.18702055218
103	22	28.54	2.87895814489
104	22	28.51	2.72211314974
105	22	28.46	2.62076324761
106	22	28.52	3.00159957356
107	22	28.36	3.28182875848
108	22	27.7	2.77308492477
109	22	27.5	2.82665880502
110	21	27.66	2.9230805668
111	21	27.34	2.68037310836
112	22	27.73	2.88393827951
113	21	27.53	2.90329123582
114	21	27.82	3.10927644316
115	21	27.77	2.81728592798
116	23	28.02	3.15588339455
117	22	28.06	3.04571830608
118	22	27.9	2.77308492477
119	21	28.06	2.78143847676
120	21	28.05	2.95423424934
121	22	28.12	2.94034011638
122	22	27.75	2.94406182
123	23	27.75	2.57439313237
124	24	28.15	2.61294852609
125	23	27.88	2.73232501727
126	21	27.91	2.86389594783
127	23	28.12	2.51109537852
128	22	28.08	2.85194670357
129	22	28.12	2.73232501727
130	19	28.32	3.13011181909
131	22	28.16	3.28243811823
132	22	28.14	3.00006666593
133	21	28.01	2.79819584733
134	21	28.11	2.97958050739
135	21	28.04	2.70894813535
136	19	28.41	3.41495241548
137	19	27.92	3.4137369553
138	19	27.43	3.06351105759
139	20	27.49	3.00830517069
140	22	26.5	2.95465734054
141	22	26.79	2.6392991494
142	22	27.03	2.65877791476
143	22	26.97	2.69612685162
144	20	27.16	2.78107892732
145	20	27.64	2.79470928721
146	21	27.7	2.96141857899
147	21	27.84	2.95878353382
148	20	27.88	3.16632278835
149	20	27.27	3.52095157592
150	20	26.61	2.97958050739
151	18	26.36	2.97159889622
152	19	26.37	2.82366782749
153	19	26.07	3.09274958572
154	19	25.62	3.31294430982
155	19	25.29	3.0799188301
156	18	25.21	3.15371209846
157	20	25.51	3.03148478472
158	20	25.48	3.04131550484
159	19	25.02	2.77481530917
160	19	25.41	3.05645219168
161	19	25.66	3.19130067527
162	19	25.81	3.08446105503
163	19	26.1	3.27261363439
164	19	26.17	3.18136763044
165	19	26.68	3.29812067699
166	19	26.71	3.41260897262
167	19	26.36	2.77315704568
168	19	26.26	2.88658968335
169	21	26.72	2.84984210089
170	18	27.25	3.21986024541
171	18	26.62	3.33700464489
172	18	25.97	3.35396779949
173	18	25.73	2.9046686558
174	19	25.71	3.20404431929
175	19	25.27	2.88393827951
176	19	25.14	2.62686124491
177	20	25.65	2.55098020376
178	22	26.48	2.4717605062
179	20	26.8	3.00333148354
180	19	26.67	2.97003366984
181	19	26.51	3.31510180839
182	18	25.68	3.21521383426
183	19	24.9	3.11287648325
184	19	24.94	2.84541736833
185	19	25.54	2.98134197971
186	18	26.15	3.07693028845
187	19	26.43	3.04714620588
188	18	26.58	3.36505572019
189	19	26.5	2.70370116692
190	19	27.1	3.79868398264
191	19	25.81	2.93494463321
192	19	25.79	3.4096774041
193	17	24.99	2.99163834713
194	17	25.23	3.13003194872
195	17	25.49	3.36004464256
196	17	25.07	3.18199622878
197	17	25.26	2.96856867867
198	17	25.35	3.27528624703
199	16	24.98	3.09509289037
200	18	25.37	2.91772171394
201	17	25.38	2.90441043931
202	17	25.31	3.09093836885
203	17	25.41	2.86040206964
204	17	25.68	3.37010385597
205	17	25.57	3.35337143782
206	16	25.33	3.14023884442
207	15	25.41	3.37963015728
208	16	25.26	3.52312361407
209	16	24.73	3.30410350927
210	16	25.14	3.51004273478
211	16	25.35	3.1252999856
212	19	25.55	3.16030061861
213	19	25.57	3.00084987962
214	19	26.04	3.01303833364
215	20	26.48	2.81950350239
216	20	26.63	2.96194193056
217	20	26.35	2.85438259524
218	20	26.25	2.99791594278
219	20	26.56	3.01104632977
220	16	26.71	3.19153568051
221	18	26.3	3.02158898595
222	17	25.99	3.40733033327
223	16	25.43	3.80067099339
224	16	24.74	2.84471439691
225	16	24.83	3.0693810451
226	17	24.49	3.03148478472
227	17	24.48	3.35702249024
228	16	24.04	3.06894118549
229	19	24.22	2.78057548
230	19	24.79	2.68065290554
231	18	25.14	3.23734459086
232	16	25.57	2.99417768344
233	17	25.86	3.01337020626
234	17	25.94	3.39358217817
235	16	25.59	3.37370715979
236	17	25.4	3.31360830516
237	18	25.77	3.59125326314
238	18	25.19	3.35170106066
239	15	24.29	3.24744514965
240	15	24.05	3.37749907476
241	16	23.8	3.21247568084
242	15	23.61	3.43189452052
243	15	23.94	3.16170839895
244	17	24.32	3.14286493506
245	17	24.07	2.94365419165
246	17	24.47	3.06416383374
247	16	23.83	3.1017898059
248	17	24.34	2.93673287856
249	18	24.12	3.05705740869
250	18	24.48	2.82304799818
251	18	24.67	3.13705275697
252	18	24.64	2.75143598872
253	18	24.48	3.0446017802
254	16	24.79	3.5841177436
255	18	23.97	3.18890263257
256	15	23.77	3.13003194872
257	15	24.18	3.12211466798
258	17	24.32	3.24
259	17	24.59	3.55554496526
260	17	23.86	3.0855145438
261	17	23.92	3.28231625533
262	18	24.89	3.01958606435
263	18	24.97	2.84413431469
264	16	25.8	3.64965751818
265	15	26.22	3.63202422899
266	17	26.0	3.57491258634
267	18	25.95	3.5843409436
268	17	25.43	3.68308294775
269	18	25.39	3.08834907353
270	18	25.7	3.41320963318
271	18	25.26	3.21751456873
272	17	25.7	3.34215499341
273	16	25.88	3.57289798343
274	16	25.95	3.27223165439
275	16	25.82	3.2507845207
276	16	25.89	3.682105376
277	16	25.38	3.65453143371
278	18	24.7	3.1384709653
279	18	24.6	3.24345494805
280	15	24.29	2.94379007404
281	15	24.83	3.37655149524
282	15	24.64	3.90773591738
283	15	24.55	3.60936282465
284	16	24.75	3.31775526524
285	16	24.42	3.24400986435
286	12	24.78	3.84078117054
287	16	24.61	3.58579140498
288	16	24.23	3.41717719763
289	16	24.11	3.20591640565
290	16	24.18	3.4967985358
291	16	24.02	3.61380685704
292	16	23.63	3.45732555598
293	15	23.9	3.45398320783
294	17	23.7	3.14165561448
295	17	24.23	3.05239250425
296	17	24.47	3.10307911597
297	16	24.02	3.10477052292
298	16	24.42	3.2746908251
299	15	24.1	3.4597687784
300	18	23.92	3.1358571396
