100 40 20 0.8 17
1	65	72.48	2.94102023114
2	63	69.84	2.45242736896
3	62	68.4	2.29346898824
4	63	67.46	1.9360785108
5	62	66.91	2.11232099833
6	62	66.24	2.63863601128
7	60	65.35	2.68467875173
8	59	63.98	2.71654191943
9	57	62.63	2.39438927495
10	57	62.0	2.61916017074
11	53	60.59	2.40455817147
12	53	59.78	2.46811669092
13	54	59.14	2.53779431791
14	52	59.02	3.1874127439
15	50	57.87	3.12299535703
16	53	56.89	2.34049140139
17	52	56.72	2.91575033225
18	50	55.62	2.56429327496
19	49	55.16	2.6333248945
20	49	54.49	2.92743915394
21	49	53.64	2.389644325
22	47	53.04	2.15833268983
23	44	52.35	2.17887585695
24	45	51.93	2.66928829466
25	45	50.95	2.60528309402
26	45	50.22	2.57906959968
27	45	49.69	2.49677792364
28	45	49.37	2.23452455793
29	44	48.86	2.26724502425
30	43	48.52	1.94154577592
31	44	48.56	2.25086649982
32	43	48.15	2.45509673944
33	42	47.63	2.3691981766
34	42	46.88	2.09895211951
35	40	46.69	2.18034400955
36	40	46.44	2.30356245845
37	40	45.8	2.17715410571
38	41	45.71	2.13679666791
39	41	45.1	2.40208242989
40	40	44.59	2.3155776817
41	40	44.15	2.60528309402
42	39	43.22	2.31767124502
43	37	42.64	2.27824493854
44	37	42.37	2.27004405244
45	36	42.09	2.03516584091
46	37	41.58	2.17338445748
47	36	41.32	2.40782059132
48	37	41.13	2.3860217937
49	36	40.86	2.18641258686
50	37	40.95	2.31246621597
51	36	40.46	2.36397969534
52	36	39.98	2.35788040409
53	35	39.89	2.15357841743
54	35	40.15	2.42229230276
55	35	39.95	2.42641711171
56	33	39.82	2.29512526891
57	33	39.72	2.68357969884
58	33	38.48	2.58642610565
59	33	38.24	2.68372874933
60	32	37.44	2.70303533088
61	32	37.21	2.69182094501
62	32	37.26	2.65563551716
63	32	36.73	2.63763151331
64	32	36.46	2.487649493
65	29	36.3	2.67020598456
66	30	36.12	2.62404268258
67	31	35.59	2.5655213895
68	30	35.04	2.33203773554
69	31	34.85	2.44693686065
70	30	34.65	2.16506350946
71	30	34.42	2.42148714636
72	30	34.48	2.60568609007
73	30	34.41	2.51831292734
74	30	34.09	2.40871334949
75	29	34.04	2.50966133173
76	29	34.03	2.590193043
77	29	33.59	2.42113609696
78	28	34.08	2.77012635091
79	28	34.19	2.5561494479
80	28	34.26	2.75179941129
81	28	34.01	2.7874540355
82	28	33.68	2.44899979584
83	28	34.02	2.71654191943
84	29	33.59	2.78601866469
85	28	33.9	3.00166620396
86	29	33.64	2.812543333
87	29	33.31	2.31384960618
88	29	33.65	2.50748878362
89	27	33.68	2.79599713877
90	28	33.24	2.71705723164
91	28	33.03	2.61325467569
92	27	33.33	2.83920763594
93	26	33.09	2.74260824764
94	26	32.71	2.72137832725
95	26	32.42	2.72095571445
96	26	32.91	2.73164785432
97	26	32.28	2.60798773003
98	26	32.02	2.64945277369
99	25	31.27	2.50940231928
100	25	31.09	2.51433887931
101	25	30.94	2.70857896322
102	25	30.72	2.46203168136
103	24	31.09	2.65742356428
104	24	31.24	2.96013513205
105	25	30.97	2.86864079313
106	26	31.09	2.7967659895
107	23	31.1	2.96816441593
108	23	30.79	2.89584184651
109	25	30.69	2.71180751529
110	25	30.55	2.9609964539
111	23	30.82	3.08991909279
112	23	30.71	2.84357169771
113	24	30.63	2.76642368411
114	23	30.55	2.8332843133
115	23	30.26	2.93809462067
116	24	30.48	2.99158820696
117	24	30.09	2.64988679003
118	24	30.14	2.90867667505
119	23	29.68	2.6977027264
120	23	29.69	2.95193157102
121	23	29.38	2.70103683796
122	25	29.45	2.36378933071
123	23	29.13	2.52053565736
124	23	29.37	3.08108747036
125	23	28.69	2.35242428146
126	23	29.3	2.9883105595
127	22	29.01	3.27259835605
128	22	28.9	2.94108823397
129	20	28.88	2.85054380777
130	23	29.08	2.72279268399
131	24	28.88	2.45878018538
132	24	29.16	2.55233226677
133	24	29.53	2.82295944002
134	23	29.55	2.7509089407
135	24	29.83	2.88809625878
136	22	29.12	2.70658456362
137	22	29.38	3.09767654864
138	22	29.7	3.214031736
139	22	29.03	3.06089856088
140	22	28.62	2.66375674565
141	21	28.53	2.68497672243
142	23	28.31	2.69330651802
143	22	28.05	2.53130401177
144	21	28.41	2.90549479435
145	20	28.16	2.77748087302
146	22	28.14	2.69822163656
147	23	28.64	2.65902237674
148	22	28.71	2.68810342063
149	22	28.73	2.62623304373
150	22	28.42	2.56195238051
151	22	28.13	2.68199552572
152	20	27.84	2.65601204817
153	22	28.24	2.87443907572
154	21	27.99	3.0016495465
155	21	27.65	2.72534401498
156	21	27.28	2.91231866388
157	21	26.98	3.04952455311
158	21	26.63	2.87629970622
159	21	26.14	2.35380542951
160	21	26.28	2.6536013265
161	21	26.29	2.62790791315
162	21	26.34	2.76485080972
163	22	26.09	2.25873858603
164	21	26.77	2.9422950226
165	21	25.96	2.50966133173
166	21	25.82	2.55882785666
167	22	26.28	2.54589866256
168	21	26.86	2.64204466276
169	22	27.09	2.44987754796
170	22	27.73	2.83497795406
171	21	27.43	2.85746391053
172	22	27.29	2.60881199016
173	20	26.67	2.38350582126
174	21	27.07	2.8749086942
175	20	27.01	3.06102923867
176	22	26.57	2.92320030104
177	21	26.66	2.67663968438
178	21	27.09	2.87782904287
179	21	27.02	2.65699077906
180	21	27.16	2.79184526792
181	21	27.48	3.01821139087
182	22	27.38	2.69733201516
183	20	27.56	2.96418622897
184	20	27.64	2.9000689647
185	20	27.48	3.02483057377
186	20	27.84	2.94183616131
187	20	27.32	2.73452006758
188	22	27.31	2.92812226521
189	22	27.07	2.85396215812
190	21	26.8	2.59229627936
191	21	26.96	2.67551864131
192	21	27.43	2.75410602556
193	21	27.66	2.75034543285
194	22	27.52	2.4717605062
195	21	27.42	2.77193073507
196	21	27.37	2.8970847416
197	21	26.89	2.5802906813
198	21	26.74	2.6818650227
199	21	26.6	2.5495097568
200	22	26.9	2.76586333719
201	22	26.7	2.90344622819
202	21	26.59	2.33707081621
203	21	26.19	2.45639980459
204	21	26.73	2.74537793391
205	21	26.94	2.7306409504
206	21	26.83	2.75700924917
207	21	26.73	2.68646608019
208	21	27.17	2.65350711324
209	22	27.1	2.86530975638
210	22	26.94	2.48925691723
211	22	27.21	2.75061811235
212	21	26.86	2.67962683969
213	21	27.63	2.75555801971
214	21	27.3	3.04138126515
215	22	27.42	2.40074988285
216	22	27.36	2.43934417416
217	22	28.02	2.84949118265
218	22	27.63	2.90053443351
219	22	27.31	2.52069434879
220	22	27.48	2.68879155012
221	23	27.6	2.66082693913
222	23	28.12	2.58951732954
223	22	28.23	2.64142007261
224	22	28.21	2.75425125942
225	22	28.54	2.74014598151
226	22	28.1	2.61725046566
227	22	28.08	2.69325082382
228	21	28.19	2.80604704166
229	21	28.32	2.58023254766
230	22	28.78	2.80563718253
231	22	28.32	2.89095140049
232	22	28.28	2.71322686114
233	23	28.05	2.8857408061
234	23	28.05	2.62821232019
235	22	28.08	2.68581458779
236	22	28.19	2.7809890327
237	23	27.99	2.59034746704
238	22	28.05	2.33826859022
239	23	27.55	2.7363296585
240	21	27.64	2.6401515108
241	20	27.67	2.5379322292
242	22	28.06	2.77784088817
243	22	27.95	2.64716829839
244	24	28.03	2.53950782633
245	20	28.64	3.4482459309
246	21	27.94	2.84190077237
247	20	27.69	3.15498019011
248	20	27.56	2.91657333184
249	22	27.46	2.47151775231
250	23	27.87	2.84483742945
251	22	27.88	2.62785083291
252	22	28.0	2.81069386451
253	22	27.8	2.83901391332
254	22	27.74	2.80577974902
255	21	27.64	3.00173283288
256	22	27.77	3.09145596766
257	21	27.41	3.05317867148
258	21	27.27	2.92183161732
259	21	27.14	2.77495945916
260	21	26.92	2.91094486379
261	19	27.2	2.66833281283
262	21	27.82	3.03110540892
263	20	27.72	2.82870995332
264	22	28.26	2.83414890223
265	21	28.52	3.03143530361
266	21	27.99	3.25421265439
267	22	27.2	2.8
268	22	27.94	2.89074384891
269	22	28.3	3.00499584026
270	22	27.59	2.76801372829
271	22	28.05	2.60911862513
272	22	28.16	2.91451539711
273	22	28.03	3.71067379326
274	19	26.91	3.42664559008
275	18	26.36	3.27878026101
276	20	26.05	2.85788383249
277	20	26.11	2.74552362947
278	19	26.44	3.17275905168
279	20	26.5	3.09030742807
280	20	26.17	3.03003300312
281	19	25.86	2.64582690288
282	19	26.09	2.83934851683
283	19	26.44	3.04407621455
284	21	26.48	2.7367133573
285	21	27.13	2.88671093115
286	21	27.33	2.92251603931
287	22	27.8	3.03315017762
288	22	27.74	2.95167748916
289	21	27.86	3.05620679929
290	20	27.49	3.45396873176
291	20	26.94	2.65262134501
292	20	27.08	2.95864834004
293	21	27.18	2.95763418969
294	21	26.66	2.83978872454
295	18	26.37	3.00883698462
296	18	25.77	3.19015673596
297	18	24.99	3.22643766405
298	18	25.53	3.40427672201
299	18	25.35	3.00457983751
300	19	25.2	2.83901391332
1	66	72.81	3.01229148656
2	65	70.39	2.49757882758
3	62	68.96	2.521586802
4	62	67.63	2.19387784528
5	63	67.1	2.17485631709
6	63	66.54	2.41006223986
7	62	66.18	2.58603944285
8	62	65.71	2.32505913903
9	60	65.0	2.19089023002
10	58	64.81	2.47667115298
11	58	64.17	2.23183780773
12	58	63.84	2.65977442653
13	58	63.41	2.40455817147
14	58	62.58	2.3629642401
15	57	62.5	2.71845544381
16	57	61.86	2.56132778066
17	56	61.11	2.54123985487
18	55	60.09	2.46209260589
19	55	58.84	1.97848426832
20	54	58.36	2.10959711794
21	53	57.81	2.31384960618
22	52	56.66	2.21909891623
23	50	55.65	1.93067345763
24	51	55.35	2.10416254125
25	51	54.79	2.01144226862
26	48	54.43	1.95066655275
27	50	54.01	1.93646585304
28	49	53.64	2.05679362115
29	50	53.07	1.70443539039
30	49	53.03	1.89976314313
31	47	52.3	2.05182845287
32	48	51.8	1.95959179423
33	47	51.75	2.02669681995
34	46	51.45	2.26881026091
35	46	50.95	2.4753787589
36	47	51.0	2.24944437584
37	46	50.73	2.11591587734
38	45	50.08	2.39449368343
39	45	49.35	2.10416254125
40	45	48.82	2.16046291336
41	43	48.2	2.10713075057
42	43	47.85	2.10416254125
43	43	47.51	2.1377324435
44	42	47.16	2.17586764303
45	41	46.99	2.43102858889
46	40	46.48	2.41445646057
47	40	46.0	2.52190404258
48	39	45.47	2.21564888915
49	39	45.59	2.53414679922
50	39	45.34	2.64280154382
51	37	44.41	2.72431642802
52	37	44.2	2.97657521323
53	38	43.35	2.66973781484
54	37	42.94	2.40757139043
55	37	42.92	2.75564874394
56	37	43.06	2.8207091307
57	36	42.21	2.35072329295
58	37	42.26	2.59082998284
59	37	41.8	2.44540385213
60	37	42.12	2.60107670014
61	36	41.97	2.47570192067
62	34	41.8	2.89827534924
63	34	41.61	2.5764122341
64	34	41.87	2.86235916684
65	34	41.51	2.74770813588
66	36	41.66	2.75034543285
67	34	40.55	2.73267268439
68	34	39.67	2.73515995876
69	34	39.46	2.48362638092
70	34	39.19	2.57175037669
71	31	39.12	2.78309180589
72	31	38.96	3.03288641396
73	30	38.3	3.00499584026
74	30	37.91	2.99698181509
75	33	38.42	2.64643155967
76	32	38.12	2.70658456362
77	32	37.77	2.76714654473
78	33	37.36	2.52792404949
79	32	37.28	2.63848441345
80	32	37.29	2.8152974976
81	32	36.86	2.24508351738
82	32	36.84	2.41958674157
83	32	36.64	2.33888862497
84	31	36.72	2.61946559435
85	31	36.92	2.99559676859
86	32	36.5	2.61342686907
87	30	36.09	2.53019762074
88	30	36.52	2.91025772055
89	30	36.15	2.69953699734
90	31	35.89	2.53335745603
91	31	36.02	2.88090263633
92	31	35.65	2.68840101175
93	27	35.84	2.74852687817
94	30	35.34	2.62762249952
95	28	35.52	3.11602310646
96	28	35.1	3.31511689085
97	27	34.97	3.53399207696
98	28	33.92	2.92123261655
99	25	33.95	3.06390273997
100	28	33.29	2.61646708368
101	25	32.98	2.92567940827
102	25	32.89	2.54909787964
103	27	32.9	2.74043792121
104	27	32.57	2.86096137688
105	26	32.82	2.8579013279
106	27	33.04	3.00306510086
107	27	33.15	2.92702921065
108	27	32.72	2.82870995332
109	27	32.38	2.56429327496
110	27	32.36	2.53976376854
111	27	32.81	2.87991319314
112	28	32.76	2.73905093052
113	27	32.76	2.54212509527
114	27	32.94	2.587740327
115	27	33.0	2.62678510731
116	27	33.19	2.65215007117
117	27	33.29	2.790322562
118	26	32.94	2.68633579435
119	26	33.19	2.90411776621
120	28	33.0	2.86705423737
121	27	32.54	2.72550912675
122	27	32.66	2.72844277932
123	26	32.71	3.07667027808
124	25	31.84	3.1865969309
125	27	31.92	2.75927526717
126	25	31.83	2.51417978673
127	25	31.71	2.75061811235
128	25	31.82	2.63962118494
129	24	32.42	3.17231776466
130	24	31.71	2.98762447439
131	24	31.45	2.8857408061
132	24	31.09	3.15307786139
133	24	30.13	2.68572150455
134	24	30.55	3.11889403475
135	23	29.81	2.77739086194
136	23	30.07	2.70649219471
137	24	30.15	2.93044365242
138	23	29.6	2.89827534924
139	24	29.13	2.51258830691
140	24	29.19	2.81671794825
141	24	28.84	2.71189970316
142	24	28.67	2.42509793617
143	24	29.04	3.06241734582
144	21	28.67	2.78587508693
145	21	28.79	3.28723287888
146	24	28.41	2.5023788682
147	24	29.0	2.73495886624
148	21	29.13	3.24855352426
149	20	29.4	3.37934904974
150	21	29.29	3.05055732613
151	21	29.26	3.14203755547
152	22	28.35	2.93726062854
153	21	28.32	2.90819531669
154	23	28.36	2.97832167504
155	21	28.81	3.11991987077
156	22	28.87	2.90742153806
157	24	29.21	2.75425125942
158	24	29.2	2.68700576851
159	24	29.57	2.78659290174
160	23	29.36	3.22961297991
161	22	29.29	3.43597147834
162	21	28.32	3.48390585407
163	23	28.21	2.47505555493
164	24	28.92	2.92123261655
165	24	29.21	2.63550754125
166	25	30.29	2.9335814289
167	25	30.46	2.65864627207
168	20	30.77	3.29501138086
169	19	30.87	3.62396192033
170	19	30.16	3.44592512977
171	22	30.09	3.01361908675
172	20	29.64	3.41912269449
173	22	29.23	3.10758748871
174	22	28.94	2.99606408476
175	20	29.14	3.35267057732
176	23	28.57	2.87838496383
177	22	28.55	2.8332843133
178	23	29.42	2.99392718682
179	23	29.28	3.00692533994
180	21	28.54	2.97462602691
181	22	28.65	2.89611809151
182	22	28.5	3.1384709653
183	22	28.43	3.06351105759
184	22	28.25	2.97447474355
185	22	28.31	3.08770141043
186	21	28.22	3.14826936586
187	21	28.44	3.02099321416
188	21	28.3	2.94448637287
189	20	28.21	3.12824231798
190	21	28.18	3.02119181781
191	21	27.97	3.07393884129
192	20	28.03	3.05762980101
193	20	28.17	3.15612103697
194	22	28.27	3.06546896902
195	21	28.37	3.15485340388
196	21	27.78	2.76253506765
197	21	28.23	3.29501138086
198	22	27.81	2.82380948366
199	21	27.6	3.06594194335
200	20	27.94	3.05555232323
201	22	28.13	2.77003610085
202	22	28.36	2.89316435758
203	22	28.43	3.13130963017
204	22	28.16	2.73393489315
205	21	28.72	2.83577149996
206	21	28.63	3.27614102261
207	21	28.11	2.86319751327
208	22	28.5	2.84429253067
209	21	28.35	2.98454351618
210	21	28.12	3.01423290407
211	20	28.45	3.38341543414
212	21	28.05	3.06716481461
213	18	27.67	3.22507364257
214	20	27.83	2.93276320217
215	20	27.96	3.24936916955
216	20	27.83	3.11786786122
217	20	27.96	2.98636903279
218	21	27.71	2.84708622981
219	21	27.84	3.04867184197
220	20	28.02	3.13681366995
221	21	27.99	3.0512128736
222	21	28.33	3.07913949018
223	18	27.93	3.02077804547
224	18	27.81	3.40204350354
225	21	27.42	3.3591070242
226	20	27.34	3.31427216746
227	19	26.84	3.26104277801
228	20	26.59	3.17834862783
229	21	26.78	3.10670243184
230	21	26.93	2.69909244006
231	19	27.71	2.94379007404
232	19	27.86	3.12416388815
233	21	27.81	2.71549258883
234	21	27.92	2.96540047886
235	21	28.62	3.05214678546
236	21	28.2	2.99332590942
237	21	28.52	3.17641307137
238	21	27.73	2.98280069733
239	21	28.19	3.02554127389
240	22	27.99	2.76945843081
241	20	28.32	3.21832254443
242	20	28.53	3.46829929504
243	21	28.1	3.01827765456
244	19	28.56	3.15696056358
245	19	28.06	3.38473041763
246	17	27.9	3.89743505398
247	17	26.78	3.49164717576
248	18	26.74	2.93127958407
249	16	26.69	3.23942896202
250	17	27.15	3.20741328799
251	19	27.13	3.16434827413
252	18	27.09	3.48165190678
253	18	26.52	3.58463387252
254	18	26.1	3.47419055321
255	18	26.51	3.1764602941
256	18	25.91	3.29573967419
257	18	26.14	3.20006249939
258	19	26.2	3.1304951685
259	18	26.22	3.18615756045
260	18	26.04	3.2432082881
261	18	26.0	3.21558703816
262	18	25.91	2.69107785097
263	15	25.99	3.14163969927
264	17	25.78	3.30024241534
265	16	25.37	3.1325867905
266	16	26.16	3.08778237575
267	19	26.17	3.40897345252
268	18	25.88	3.26275956822
269	17	25.88	3.66136586536
270	17	25.57	3.68036682954
271	17	25.35	3.34776044543
272	17	25.38	3.32198735699
273	17	25.26	3.3900442475
274	17	25.11	3.14609281491
275	17	25.72	3.25600982799
276	17	26.09	3.67177069001
277	18	26.03	2.9409352254
278	18	26.18	3.22917946234
279	12	25.99	3.64553151132
280	11	24.95	3.76131625897
281	14	24.76	3.57524824313
282	15	24.78	3.75387799482
283	16	24.44	3.16644911533
284	16	25.08	2.98556527311
285	19	25.85	3.29355431107
286	18	25.8	3.18119474412
287	18	25.79	3.20092174225
288	18	26.01	3.53975987886
289	15	25.89	3.5969292459
290	16	24.83	3.27736174384
291	18	24.77	3.08497974061
292	17	25.14	3.33172627927
293	17	24.53	3.14787229728
294	17	25.05	3.10926036221
295	16	24.85	3.53659440705
296	16	25.1	3.00166620396
297	17	25.28	3.44116259424
298	17	24.39	3.19341509986
299	17	24.41	3.42664559008
300	16	24.34	3.45027535133
1	64	72.61	2.64913193329
2	64	70.81	2.46046743527
3	62	69.29	2.62028624391
4	61	67.89	2.59189120142
5	58	66.39	2.48955819374
6	58	64.74	2.26988986517
7	58	63.94	2.46908890079
8	56	62.73	2.44481083113
9	56	61.91	2.10283142453
10	56	61.1	2.45967477525
11	55	59.59	2.29388317052
12	54	58.6	2.08806130178
13	53	57.8	2.14941852602
14	53	56.82	2.02178139273
15	52	56.09	2.12647595801
16	52	55.36	1.78056170912
17	49	54.95	2.11364613878
18	51	54.49	1.7116950663
19	50	54.64	1.76929364437
20	49	54.55	1.97673974008
21	51	54.31	2.01342990938
22	48	53.46	2.14671842588
23	48	52.75	2.33826859022
24	47	51.72	2.43753974327
25	45	51.0	2.38327505756
26	43	50.75	2.6244046944
27	43	49.91	2.49437366888
28	45	49.46	2.22899080303
29	41	49.3	2.55538646784
30	42	48.95	2.50349755342
31	42	48.59	2.54202675045
32	42	48.42	2.73926997574
33	42	48.42	2.59684423869
34	43	48.08	2.36507927986
35	41	48.16	2.74124059506
36	41	47.85	2.4672859583
37	43	47.55	2.4672859583
38	40	47.23	2.2709249217
39	42	47.04	2.57650926643
40	41	46.59	2.34134576686
41	41	46.37	2.20297526087
42	40	45.84	2.33974357569
43	40	45.73	2.12534703049
44	40	45.41	2.3025855033
45	40	45.22	2.07161772535
46	40	45.05	2.15580611373
47	40	45.11	2.24006696328
48	39	44.66	2.24597417616
49	40	45.04	2.91862981551
50	40	44.75	2.259977876
51	40	44.5	2.51197133742
52	38	44.04	2.28438175444
53	37	43.88	2.53092868331
54	37	43.5	2.77668867538
55	36	42.91	2.64988679003
56	37	42.51	2.44742722057
57	37	42.01	2.45965444728
58	34	41.15	2.58215026674
59	36	40.87	2.31367672764
60	34	40.47	2.33861069868
61	36	40.76	2.4129649811
62	34	40.54	2.62076324761
63	34	40.36	2.45975608547
64	34	40.64	2.69636792742
65	34	40.35	2.6244046944
66	35	40.2	2.75317997959
67	35	40.03	3.02805217921
68	32	39.3	2.27376340018
69	33	39.09	2.46615084697
70	34	39.02	2.2315017365
71	34	39.05	2.77623846238
72	32	38.69	2.57175037669
73	30	37.89	2.73822935489
74	30	37.31	2.64459826817
75	32	37.32	2.40782059132
76	32	37.32	2.54118082788
77	32	36.93	2.43415283004
78	31	36.86	2.49807926215
79	30	36.39	2.5725279396
80	30	36.25	2.62059153628
81	30	36.27	2.79948209496
82	30	35.81	2.59497591511
83	29	35.42	2.42973249556
84	30	35.37	2.60635761169
85	30	34.83	2.53003952538
86	29	34.78	2.56351321432
87	29	34.37	2.62927746729
88	27	34.01	2.53966533228
89	29	33.98	2.47378252884
90	27	33.93	2.7758061892
91	27	33.69	2.74114939396
92	29	33.38	2.36127084427
93	28	33.17	2.51417978673
94	26	32.98	2.42478865058
95	28	32.73	2.48939751747
96	29	32.31	2.09138709951
97	25	32.0	2.59229627936
98	27	32.21	2.22393794877
99	26	32.38	2.66750820055
100	27	32.08	3.03539124332
101	27	31.59	2.57330526755
102	26	31.55	2.55489725821
103	27	31.18	2.56273291624
104	27	30.66	2.392571838
105	26	30.82	2.29947820168
106	26	30.82	2.52737017471
107	26	30.7	2.59807621135
108	26	30.59	2.67243334809
109	24	29.95	2.47133567125
110	24	29.81	2.83088325439
111	24	29.58	2.82552649961
112	25	29.53	2.51577025978
113	24	29.67	2.37088591037
114	25	29.69	2.55223431526
115	24	29.87	2.8518590428
116	24	29.5	2.76947648483
117	25	29.95	2.85087705803
118	25	30.03	2.59405088616
119	25	30.43	2.54658594986
120	25	30.94	3.00273208928
121	25	30.43	2.69538494468
122	25	30.32	2.57635401294
123	25	30.57	2.55050975297
124	26	30.23	2.40771676075
125	24	30.98	2.77481530917
126	24	30.38	2.93182536997
127	26	30.14	2.45772252299
128	24	30.01	2.48795096415
129	25	29.92	2.28770627485
130	24	29.52	2.46771149043
131	24	30.04	2.54133823015
132	24	29.8	2.5495097568
133	26	29.45	2.51147367097
134	25	29.57	2.36328161674
135	24	29.43	2.23273375036
136	26	29.77	2.34458951631
137	24	30.03	2.7256375401
138	25	29.91	2.50637187983
139	24	29.72	2.54196774173
140	25	29.76	2.47838657195
141	25	30.09	2.76077887561
142	25	29.82	2.8049242414
143	24	29.74	2.49647751842
144	25	29.35	2.3595550428
145	25	29.42	2.27235560597
146	25	29.68	2.32327355255
147	23	29.83	2.42509793617
148	23	29.85	2.56271340575
149	25	29.97	2.68869856994
150	24	29.28	2.30685933685
151	24	29.39	2.31902996962
152	24	29.52	2.62480475464
153	24	29.33	2.60405453092
154	24	30.1	2.79105714739
155	24	29.73	2.66778934701
156	24	29.66	2.6008460162
157	24	29.68	2.99959997333
158	24	29.17	2.63079835791
159	24	28.77	2.42839453137
160	24	28.58	2.51865043228
161	24	28.41	2.46615084697
162	24	28.09	2.58106567138
163	23	28.43	2.52687554106
164	24	28.51	2.5199007917
165	24	28.65	2.54705712539
166	23	28.54	2.41834654258
167	24	28.6	2.4248711306
168	24	29.06	2.42
169	24	28.97	2.53556699773
170	25	28.69	2.39455632634
171	25	29.06	2.45690862671
172	25	29.25	2.54312799521
173	24	29.17	2.72783797173
174	24	28.72	2.7859648239
175	25	28.65	2.31678656764
176	23	28.88	2.2771912524
177	24	29.15	2.57827461687
178	24	29.28	2.70214729428
179	23	29.15	2.42641711171
180	23	29.12	2.44245777855
181	24	29.01	2.37695182955
182	24	28.82	2.33400942586
183	24	28.81	2.33535864483
184	24	29.22	2.41487059695
185	24	29.13	2.44399263501
186	25	29.18	2.41818113465
187	24	29.17	2.40022915573
188	24	29.38	2.64869779326
189	24	29.24	2.4129649811
190	25	30.0	2.34520787991
191	26	30.08	2.71175220107
192	25	29.71	2.86110118661
193	25	29.64	2.65902237674
194	25	29.25	2.42229230276
195	25	29.72	2.40449578914
196	25	29.9	2.60192236625
197	24	29.8	2.67207784318
198	24	29.52	2.57091423428
199	25	29.63	2.35650164439
200	25	29.75	2.3595550428
201	23	30.01	2.85830369275
202	25	29.83	2.54186939082
203	23	30.22	2.68171586862
204	23	30.33	2.81088953892
205	25	29.99	3.06102923867
206	25	29.92	2.50870484513
207	25	30.06	2.70488447073
208	25	29.76	2.49447389243
209	25	29.86	2.56912436445
210	25	30.11	2.47343890161
211	25	29.9	2.21133443875
212	25	30.22	2.57906959968
213	25	30.09	2.61570258248
214	25	30.11	2.39956246012
215	25	30.37	2.68944232137
216	23	30.45	2.97111090335
217	25	30.31	2.73018314404
218	25	29.99	2.71843705095
219	23	30.1	2.69629375254
220	23	30.32	2.65284752672
221	24	29.96	2.97294466817
222	24	29.58	2.77553598427
223	24	29.28	2.92260158078
224	24	28.93	2.55050975297
225	24	29.11	2.55301782211
226	23	29.12	2.61258492685
227	23	29.42	2.90922670138
228	23	29.46	2.57456792491
229	23	29.35	2.91676190321
230	22	29.49	2.59420508056
231	24	28.72	2.63469163281
232	24	29.11	2.48151163608
233	24	29.06	2.587740327
234	24	29.38	2.5329034723
235	24	29.51	2.47586348574
236	24	29.94	2.8171616922
237	24	30.21	2.59728704613
238	25	30.35	2.54312799521
239	23	30.5	2.5436194684
240	23	30.53	3.02805217921
241	23	30.41	2.92607245296
242	22	30.06	3.03585243383
243	22	29.55	3.1917863337
244	22	28.72	2.8428155058
245	23	29.06	2.9692423276
246	23	28.91	2.80033926516
247	24	28.69	2.39455632634
248	24	29.15	2.73998175176
249	22	29.35	2.80133896557
250	24	29.37	2.8342723934
251	21	28.83	2.81088953892
252	24	29.4	2.86705423737
253	23	29.47	2.86166035721
254	22	28.92	2.64075746709
255	21	29.33	2.90191316204
256	22	29.42	3.26857767232
257	23	28.93	2.61631420131
258	21	28.51	2.7147559743
259	22	29.12	3.16632278835
260	22	28.26	2.81289886061
261	22	27.89	2.99297510848
262	23	27.92	2.67835770576
263	23	28.11	2.63778316016
264	22	27.98	2.86349436877
265	21	27.5	2.9478805946
266	21	27.51	2.89307794572
267	22	27.25	2.92702921065
268	21	27.48	2.64378516525
269	22	27.33	2.95991553934
270	20	27.23	2.49341131785
271	20	27.14	2.83555990944
272	21	27.52	2.7403649392
273	21	27.43	2.88532493837
274	21	27.44	2.91657333184
275	21	27.29	3.0799188301
276	22	27.33	2.95653513424
277	22	27.47	3.03464989743
278	21	26.89	2.64913193329
279	21	26.97	3.09985483531
280	19	27.11	2.96275209898
281	19	26.56	2.87861077605
282	19	26.91	2.80747217261
283	19	26.78	2.88991349351
284	19	26.49	3.05448850055
285	19	25.91	2.92607245296
286	19	26.03	2.93753297854
287	19	26.33	2.96666479401
288	19	26.37	3.25470428764
289	19	25.55	2.98119103715
290	19	25.36	2.86188748905
291	19	25.77	3.19328983965
292	19	26.06	2.95574017803
293	19	25.76	2.85699142456
294	20	25.99	2.83017667293
295	21	25.84	2.72293958802
296	19	25.81	2.91785880399
297	19	26.28	2.90888294711
298	19	26.37	3.19892169332
299	19	26.39	3.19341509986
300	19	26.33	3.28041155955
1	62	72.25	3.1412577099
2	62	69.83	2.69092920754
3	61	68.55	2.54312799521
4	61	67.73	2.70501386318
5	61	66.25	2.25554871373
6	57	65.27	3.04583321933
7	58	63.61	2.3147138052
8	58	62.42	2.34597527694
9	58	61.44	1.71067238243
10	56	61.33	2.09787988217
11	53	60.45	2.64338797758
12	55	59.78	2.23866031367
13	54	59.11	2.13023472885
14	52	58.4	2.44540385213
15	53	58.07	2.35480360115
16	53	57.56	2.43441984875
17	53	57.51	2.32591917314
18	52	56.72	2.18210907152
19	52	56.37	2.46842054764
20	52	55.76	2.30269407434
21	49	55.41	2.3069243594
22	47	54.99	2.37274103096
23	48	54.28	2.39198662204
24	48	53.82	2.55882785666
25	47	53.2	2.5099800796
26	47	52.3	2.65141471671
27	46	51.36	2.17494827525
28	47	51.11	2.26227761338
29	46	50.76	2.43359815911
30	46	50.3	1.88944436277
31	46	49.93	2.21022623276
32	46	49.72	2.10751037957
33	44	49.51	2.26492825493
34	42	48.81	2.01839044786
35	43	48.3	2.26053091109
36	43	47.85	2.06579282601
37	43	47.7	2.15174347914
38	42	46.95	2.28637267303
39	40	46.29	2.22393794877
40	42	46.08	2.19399179579
41	41	45.99	2.31730446856
42	39	45.28	2.50231892452
43	39	44.85	2.4753787589
44	40	44.22	2.19353595822
45	37	44.04	2.61120661764
46	39	43.35	2.15116247643
47	39	43.22	2.52816138725
48	38	42.64	2.10009523594
49	36	42.35	2.29945645751
50	36	41.79	2.24630808217
51	35	41.98	2.59607395888
52	35	41.96	2.78897830755
53	34	41.48	2.56312309498
54	37	41.39	2.63398936976
55	37	41.12	2.49911984507
56	35	40.75	2.37223523286
57	36	41.08	2.48064507739
58	36	41.35	2.50349755342
59	36	40.91	2.55771382293
60	35	40.74	2.60622332121
61	35	40.1	2.23830292856
62	35	40.01	2.49196709449
63	34	39.52	2.45552438391
64	34	38.91	2.24095961588
65	33	38.9	2.38956062907
66	33	38.69	2.58338924671
67	33	38.31	2.60651107805
68	33	38.06	2.41172137694
69	33	37.64	2.28700677743
70	32	37.93	2.66178511529
71	31	37.35	2.40572234474
72	29	37.44	2.39716499224
73	31	37.54	2.45934950749
74	31	37.3	2.59807621135
75	31	37.16	2.84154887341
76	31	36.74	2.50047995393
77	31	36.5	2.60576284416
78	31	35.91	2.64988679003
79	31	35.78	2.49631728753
80	31	35.75	2.60144190787
81	30	35.45	2.37223523286
82	31	35.45	2.54705712539
83	30	34.88	2.15536539826
84	31	34.7	2.09523268398
85	31	35.29	2.46696169407
86	31	34.92	2.19399179579
87	31	35.4	2.65329983228
88	31	35.16	2.57961237398
89	29	35.32	2.48145118832
90	29	35.17	2.60789186892
91	31	35.07	2.54658594986
92	30	34.53	2.51974205029
93	30	34.29	2.5309879494
94	30	34.44	2.73247140882
95	29	34.23	2.63763151331
96	28	34.0	2.56124969497
97	28	33.84	2.58735386061
98	29	33.22	2.51626707644
99	28	33.09	2.43349542839
100	27	33.04	2.64544892221
101	27	32.52	2.69621957563
102	27	32.68	2.60722074248
103	27	32.37	2.65953003367
104	28	31.74	2.52436130536
105	28	31.94	2.45283509433
106	27	32.25	2.33826859022
107	27	32.22	2.32628459136
108	28	31.86	2.13082143785
109	27	31.84	2.31827522093
110	27	32.6	2.5179356624
111	26	32.26	2.68931217972
112	26	32.04	2.48161237908
113	26	32.12	2.45470975881
114	26	31.91	2.58493713657
115	26	32.17	2.49020079512
116	26	32.04	2.68670802284
117	26	32.17	2.59250843779
118	26	31.8	2.41246761636
119	26	31.55	2.35531314266
120	26	31.85	2.63201443765
121	25	31.55	2.56271340575
122	25	31.23	2.88393827951
123	25	31.34	2.91965751416
124	25	31.31	2.70072212565
125	25	30.7	2.71845544381
126	25	30.76	2.82531414183
127	23	30.01	2.51195143265
128	23	30.44	2.63939386981
129	23	31.0	2.93598365118
130	22	30.5	3.02158898595
131	24	30.86	2.92581612546
132	25	30.1	2.9478805946
133	25	29.81	3.03214445566
134	23	29.88	2.82233945513
135	23	29.59	2.76439866879
136	24	29.66	2.67663968438
137	24	29.62	2.64491965852
138	25	29.98	2.6757428875
139	25	30.04	2.465441137
140	23	29.98	2.90509896561
141	23	30.17	3.05304765767
142	23	29.73	2.80305190819
143	23	29.7	3.04466746953
144	25	29.66	2.86782147283
145	25	29.51	2.99163834713
146	24	29.44	2.75434202669
147	23	29.27	2.7123974635
148	23	28.98	2.87047034473
149	23	28.96	2.73466634162
150	25	28.83	2.48215632062
151	22	28.68	2.32327355255
152	24	29.73	2.83850312665
153	25	29.17	2.37930662169
154	24	29.8	2.76043474837
155	25	29.52	2.20218073736
156	23	30.02	2.6757428875
157	24	29.61	2.6453544186
158	25	29.86	2.48604102943
159	25	30.1	2.69629375254
160	23	30.22	2.69287949972
161	23	30.53	2.59405088616
162	25	30.67	2.91909232468
163	25	30.57	2.57780914732
164	24	30.25	2.7690250992
165	23	29.42	2.6764902391
166	24	29.29	2.73237991502
167	24	29.14	2.75688229709
168	22	29.16	2.73027471145
169	22	29.34	3.07967530756
170	22	29.15	2.82975263937
171	24	28.98	3.20929898888
172	24	28.33	2.5770331779
173	24	28.75	3.11568612026
174	24	27.85	2.63201443765
175	23	27.77	2.6715351392
176	23	27.51	2.51592925179
177	23	27.71	2.69924063396
178	22	27.26	2.53227170738
179	22	27.19	2.86947730432
180	22	27.52	2.67761087539
181	22	27.72	2.83929568731
182	22	27.71	2.73968976346
183	21	27.56	2.43852414382
184	21	27.52	2.63620939988
185	21	27.64	2.73685951411
186	22	27.27	2.59559241793
187	21	27.63	2.76642368411
188	21	27.78	2.82694181051
189	21	27.52	2.67761087539
190	21	28.12	2.72132320756
191	21	27.91	2.66118394704
192	21	28.3	2.90688837075
193	21	28.12	2.72866267611
194	21	27.98	2.85650135655
195	21	27.58	2.69139369101
196	21	27.13	2.44808088102
197	22	27.28	2.88471835714
198	22	27.67	2.60789186892
199	22	28.14	3.11133411899
200	22	27.55	2.67721870605
201	22	27.89	2.92880521715
202	22	27.41	2.68735929864
203	20	27.37	2.96531617201
204	19	27.15	2.98789223367
205	19	26.91	2.91922935036
206	22	26.88	2.68804761863
207	22	27.58	2.65774340372
208	22	27.33	2.70575312991
209	20	27.24	2.73173937263
210	22	27.74	2.72990842337
211	22	27.78	3.33940114392
212	22	27.3	2.81247222209
213	22	27.0	2.74590604355
214	20	27.3	2.96141857899
215	20	26.78	2.90372174975
216	20	26.4	2.73495886624
217	22	26.19	2.51274750025
218	21	27.08	2.67462146854
219	20	27.22	2.81630964207
220	20	27.32	3.06555052152
221	20	27.31	2.78458255399
222	21	27.31	3.13271447789
223	21	26.92	3.02549169558
224	21	27.61	2.77450896556
225	22	27.71	2.99096974241
226	21	27.39	2.69404899733
227	21	27.14	3.09845122602
228	21	27.0	2.90172362571
229	22	26.97	2.56302555586
230	22	27.15	2.50349755342
231	22	27.62	2.82411047943
232	22	27.72	2.85334890961
233	22	27.29	2.66568940426
234	22	27.81	2.80960851365
235	21	27.4	2.56904651573
236	21	27.29	2.9369882533
237	22	27.5	2.61342686907
238	21	28.18	2.90647552888
239	21	27.57	2.8749086942
240	21	27.25	2.61294852609
241	22	27.84	2.90764509526
242	22	27.48	2.84422221354
243	22	27.66	2.65789390307
244	21	27.91	2.7571543301
245	23	27.97	2.43907769454
246	20	28.75	2.98454351618
247	21	28.25	3.25076913976
248	21	28.09	2.89860311185
249	21	27.69	2.60267170423
250	22	28.1	2.9206163733
251	22	27.94	2.95235499221
252	22	28.21	2.43020575261
253	22	28.71	2.73968976346
254	22	28.67	2.95653513424
255	22	28.35	2.7290108098
256	22	28.31	2.96207697402
257	23	28.76	2.84998245609
258	22	28.59	3.15307786139
259	22	28.15	3.14443953671
260	22	27.78	2.80207066292
261	21	27.47	3.32100888285
262	21	27.24	2.81112077293
263	21	27.44	2.92342265162
264	20	27.09	2.92948800987
265	19	26.94	3.02264784585
266	21	26.95	2.8191310718
267	21	26.69	2.79175571997
268	20	26.54	3.10296632273
269	21	26.94	2.92513247563
270	21	26.94	3.06861532291
271	20	25.93	2.68423173366
272	20	26.06	2.87687330274
273	20	26.37	2.89363093708
274	20	26.47	2.86166035721
275	20	26.59	2.8428682699
276	20	26.61	3.08510939838
277	20	26.3	2.55929677841
278	21	26.03	2.68497672243
279	20	25.91	2.51035854013
280	20	25.71	2.69182094501
281	19	25.87	3.12619577122
282	19	25.42	2.9297781486
283	19	25.92	2.77733685389
284	20	26.24	2.93298482778
285	20	26.49	3.23263050781
286	20	26.27	3.18702055218
287	20	25.95	2.90645832587
288	20	26.15	2.81202773813
289	20	26.07	2.91977738877
290	20	26.15	2.96437177156
291	20	26.24	2.83591255154
292	21	26.16	3.03881555873
293	21	26.83	2.82154213153
294	21	26.54	2.80862955906
295	21	26.47	2.93071663591
296	20	26.65	3.01122898498
297	21	27.23	3.18702055218
298	22	26.5	2.8930952283
299	22	26.88	2.62785083291
300	22	26.99	2.91030926192
1	63	72.47	2.95111843205
2	63	70.26	2.5044759931
3	62	68.48	2.3429895433
4	59	66.98	2.39156852296
5	58	65.52	2.37688872268
6	59	64.52	2.51586963096
7	55	63.69	2.54831316757
8	55	62.94	2.65262134501
9	56	62.04	2.49767892252
10	53	60.72	2.57713018686
11	52	59.82	2.6014611279
12	53	58.79	2.35921597146
13	53	58.26	2.87269907926
14	53	57.1	2.64764045897
15	52	56.04	2.24017856431
16	52	55.12	1.76227126175
17	51	54.61	1.68460677904
18	50	53.87	1.85286265006
19	50	53.99	1.98743553355
20	48	53.15	1.83507493035
21	48	52.63	2.2300448426
22	47	51.64	1.94689496378
23	46	51.21	2.14147145673
24	47	50.45	2.09940467752
25	46	50.15	2.09940467752
26	44	49.87	2.03791560179
27	44	49.57	2.2902183302
28	44	48.91	2.22303846121
29	43	48.63	2.08160995386
30	41	48.21	2.58957525475
31	41	47.77	2.21745349444
32	41	47.6	2.39582971014
33	41	47.05	2.259977876
34	41	46.68	2.16277599395
35	41	46.77	2.59559241793
36	41	46.12	2.51904743901
37	41	45.56	2.28613210467
38	41	44.75	2.00187412192
39	40	45.01	2.31298508426
40	38	44.36	2.26061938415
41	40	44.52	2.28683186964
42	39	44.47	2.43497433251
43	38	44.13	2.60251801147
44	38	43.69	2.7044223043
45	37	43.46	2.33846103239
46	37	42.99	2.4555854699
47	37	42.81	2.71549258883
48	37	42.25	2.15580611373
49	35	41.89	2.43678066309
50	35	41.5	2.58263431403
51	35	41.12	2.37183473286
52	35	40.88	2.45878018538
53	35	40.65	2.44693686065
54	35	40.4	2.56904651573
55	35	40.57	2.7358910797
56	34	40.33	2.49020079512
57	35	40.34	2.72477522009
58	35	39.83	2.60021152986
59	35	39.68	2.44491308639
60	34	39.77	2.52132901463
61	34	39.71	2.33364521725
62	34	39.61	2.51751861959
63	35	39.01	2.27813520231
64	34	39.62	2.64113611917
65	35	39.43	2.36328161674
66	35	39.38	2.30121706929
67	35	39.32	2.60722074248
68	34	39.14	2.31525376579
69	34	39.34	2.49887974901
70	34	39.04	2.55311574356
71	35	38.76	2.49046180457
72	32	38.87	2.46030485916
73	32	38.57	2.40106226492
74	34	38.81	2.27901294424
75	35	38.83	2.55755742849
76	34	38.25	2.30813777752
77	34	38.03	2.02709151249
78	34	38.16	2.46868385987
79	33	37.94	2.5605468166
80	32	37.69	2.46858258926
81	33	37.68	2.33615068007
82	33	37.28	2.58874486962
83	32	36.71	2.58957525475
84	32	36.41	2.06443696925
85	32	36.49	2.43102858889
86	32	36.75	2.64716829839
87	31	36.47	2.7182899036
88	31	35.74	2.72624283585
89	31	35.39	2.48151163608
90	31	35.59	2.51433887931
91	31	35.58	2.56585268478
92	31	35.02	2.31075745157
93	31	35.33	2.58478238929
94	30	35.45	2.60911862513
95	30	35.41	2.52624226867
96	31	35.71	2.47909257592
97	31	35.56	2.73978101315
98	31	35.08	2.4481829997
99	31	35.01	2.38535112719
100	31	35.29	2.41369012096
101	31	35.42	2.50671099252
102	31	35.33	2.56536547104
103	31	34.86	2.20916273733
104	30	35.08	2.36084730552
105	30	35.37	2.65953003367
106	30	35.17	2.56536547104
107	30	34.83	2.37509999789
108	29	34.99	2.69998148142
109	30	34.4	2.25831795813
110	31	34.77	2.54894095655
111	30	34.33	2.24968886738
112	30	34.49	2.46777227474
113	30	34.45	2.36801604724
114	31	34.47	2.42262254592
115	30	34.82	2.38486896915
116	31	35.31	2.52069434879
117	30	35.05	2.44284670006
118	30	35.1	2.47184141886
119	30	35.23	2.62623304373
120	30	35.12	2.29904327928
121	30	35.21	2.67318162496
122	31	35.12	2.22836262758
123	31	35.26	2.39006276068
124	31	35.01	2.33021458239
125	32	35.47	2.38098719022
126	32	35.66	2.41751938979
127	31	35.67	2.41269558793
128	31	35.67	2.34544238897
129	31	35.59	2.43760127995
130	31	35.39	2.08276258849
131	31	35.79	2.38031510519
132	30	35.66	2.35465496411
133	31	35.52	2.38109218637
134	31	35.43	2.62013358438
135	29	34.88	2.66187903557
136	30	35.18	2.71801398083
137	29	34.98	2.44122919858
138	29	34.71	2.54281340251
139	29	34.67	2.66853892608
140	29	34.68	2.31464900147
141	30	34.68	2.71617377942
142	29	34.66	2.5737909783
143	29	34.38	2.27499450549
144	31	34.91	2.42113609696
145	29	34.84	2.50487524639
146	30	34.83	2.44153640153
147	30	35.11	2.62257507042
148	30	34.68	2.6148804944
149	29	34.38	2.70103683796
150	29	34.0	2.35796522451
151	30	34.32	2.45307969703
152	29	34.29	2.57796431317
153	29	34.34	2.56210850668
154	29	34.47	2.69612685162
155	29	34.62	2.58371825089
156	29	34.53	2.66628955667
157	29	34.59	2.60804524501
158	29	34.58	2.54236110732
159	29	34.54	2.73649410743
160	29	33.95	2.39739441895
161	29	34.03	2.57470386647
162	29	33.59	2.49036141955
163	28	33.82	2.72902913139
164	29	33.74	2.51642603706
165	27	33.38	2.51308575262
166	29	33.72	2.64983018324
167	28	33.64	2.38545593126
168	27	33.57	2.77220129139
169	25	32.93	2.41766416195
170	25	33.31	2.54045271556
171	24	33.55	2.82267603525
172	24	33.09	2.98360520177
173	24	32.79	2.94039113045
174	24	32.64	2.83732268168
175	24	32.4	3.0166206258
176	25	32.18	2.84035209085
177	26	32.26	2.79506708327
178	27	32.11	2.93903045238
179	25	31.9	2.72946881279
180	24	32.14	3.21875752426
181	24	31.41	3.05645219168
182	24	31.18	2.90647552888
183	25	31.55	2.8191310718
184	25	31.41	2.59266272392
185	24	31.56	3.00772339154
186	25	31.44	2.91657333184
187	24	31.23	3.11080375466
188	24	31.06	2.69377059157
189	24	31.02	2.73488573802
190	24	31.2	2.86705423737
191	24	31.68	2.6148804944
192	25	31.77	3.28284937212
193	26	31.72	3.30175710797
194	26	31.46	2.93059720876
195	21	30.59	2.8428682699
196	23	30.75	2.94406182
197	23	31.01	2.86529230621
198	23	30.95	2.82621655221
199	25	31.0	2.95634909982
200	25	31.38	2.85580111352
201	25	31.28	2.79671235561
202	25	31.16	2.88
203	25	30.6	2.73861278753
204	25	30.71	2.44660989943
205	25	31.05	2.91333142639
206	25	31.06	2.45283509433
207	25	31.65	2.95423424934
208	25	31.81	2.94854201259
209	24	31.07	3.21326936313
210	24	30.52	2.9205478938
211	24	30.11	2.63398936976
212	25	29.99	2.65139585879
213	24	29.72	2.46203168136
214	24	30.16	3.01237447871
215	24	29.72	2.69844399608
216	24	30.12	2.67686383666
217	24	30.25	2.808469334
218	24	30.14	2.95641675005
219	23	30.24	2.71337428307
220	23	30.54	3.09974192474
221	24	30.31	2.86599023027
222	25	30.28	2.54589866256
223	24	30.6	3.0886890423
224	24	30.21	2.61264234062
225	24	30.68	2.82092183515
226	25	31.37	3.10694383599
227	24	30.74	2.89696392798
228	25	30.8	2.59229627936
229	25	31.29	2.62028624391
230	25	31.42	2.82552649961
231	26	31.61	3.08510939838
232	24	31.14	2.97664240378
233	26	30.59	2.88477035481
234	24	30.93	2.70649219471
235	26	31.24	2.84998245609
236	24	30.82	2.58603944285
237	24	30.81	3.01892364925
238	26	30.58	2.72462841503
239	24	30.16	3.02231699198
240	24	30.21	2.80105337329
241	25	30.68	2.51745903641
242	25	31.06	2.96249894515
243	25	31.1	2.78388218142
244	24	31.04	2.75651954464
245	24	30.87	2.81657593542
246	24	31.05	2.91676190321
247	24	30.46	2.72183761455
248	24	31.01	2.90342900723
249	25	30.88	2.90613144919
250	25	30.71	2.90618306375
251	24	30.63	2.96194193056
252	23	30.46	2.96114842586
253	23	30.13	2.86933790272
254	23	30.23	2.66028193995
255	25	30.4	2.71661554144
256	25	30.5	2.90344622819
257	24	30.21	2.89584184651
258	23	30.29	2.94039113045
259	25	30.17	2.66478892222
260	24	30.45	2.84385302011
261	24	30.66	2.88520363233
262	24	30.65	3.27223165439
263	22	30.0	3.2
264	23	29.62	2.91128837459
265	24	29.59	3.05317867148
266	24	29.39	2.72358219997
267	23	29.56	2.90970788912
268	24	29.7	2.68141753556
269	24	29.44	2.91657333184
270	24	30.17	3.08562797498
271	23	29.97	3.00151628348
272	21	30.02	3.36743225619
273	21	29.1	3.19530906173
274	21	28.94	2.87687330274
275	21	29.06	3.16802777766
276	22	28.52	3.10315968007
277	21	28.15	3.10926036221
278	22	28.33	2.86724606548
279	22	28.86	2.76412734873
280	23	29.57	3.15992088509
281	23	29.65	3.06390273997
282	21	29.28	3.10509259121
283	21	28.74	3.00539514873
284	21	28.81	3.17394076819
285	21	29.1	2.75499546279
286	21	29.48	3.43068506278
287	21	29.29	3.59247825324
288	22	28.21	3.4243101495
289	21	27.78	3.21428063492
290	22	27.61	2.97622243792
291	22	27.6	2.61916017074
292	20	28.1	2.96816441593
293	21	28.3	3.0347981811
294	23	28.19	2.85900332284
295	23	28.6	2.87749891399
296	23	29.3	2.77308492477
297	20	29.24	3.35296883374
298	20	29.03	3.09339619189
299	18	29.2	3.10161248385
300	22	28.86	3.00006666593
1	65	71.92	2.92465382567
2	64	69.46	2.26459709441
3	64	68.63	2.39020919587
4	63	67.78	2.19353595822
5	63	67.11	2.44497443749
6	61	66.26	2.10057135085
7	61	65.71	2.11799433427
8	60	65.48	2.32585468162
9	59	64.64	2.11433204582
10	60	64.84	2.6333248945
11	59	64.16	2.68596351427
12	59	63.46	2.35550419231
13	58	63.0	2.81780056072
14	58	62.17	2.07390935192
15	58	62.23	2.73076912243
16	57	61.63	2.58710262649
17	56	60.97	2.60174941145
18	56	60.47	2.45949181743
19	55	59.69	2.42361300541
20	52	58.95	2.85438259524
21	50	57.88	2.89579004764
22	50	56.55	2.40572234474
23	51	56.15	2.67348087706
24	49	54.84	2.30963200532
25	49	54.11	1.97431000605
26	50	53.58	1.74459164276
27	45	53.45	2.06094638455
28	45	53.2	2.23159136044
29	45	52.91	2.37526840589
30	46	52.06	2.61465102834
31	45	51.15	2.66223590239
32	45	50.34	2.76485080972
33	45	49.65	2.57827461687
34	45	49.16	2.09628242372
35	45	49.18	2.15582930679
36	45	48.84	1.98856732348
37	44	48.82	2.05611283737
38	45	48.85	2.00686322404
39	45	48.73	1.94861489269
40	43	48.67	2.23183780773
41	43	48.18	2.29512526891
42	43	47.83	2.09787988217
43	43	47.6	2.19089023002
44	43	47.39	2.28427231301
45	42	47.09	2.18217781127
46	42	46.42	2.06
47	41	46.28	2.18210907152
48	40	45.92	2.3777300099
49	41	45.69	2.08180210395
50	41	45.48	1.9722068857
51	41	45.52	2.0123617965
52	40	45.11	1.98441427126
53	38	44.82	2.35533437117
54	38	44.1	2.62488094968
55	38	43.41	2.46209260589
56	38	42.91	2.51433887931
57	37	42.26	2.38168007927
58	37	42.23	2.18107771526
59	38	42.83	2.53398895025
60	38	42.69	2.43185114676
61	36	42.39	2.54123985487
62	36	42.15	2.60528309402
63	35	41.25	2.0850659462
64	37	40.86	2.02494444368
65	37	40.87	1.99827425545
66	36	41.21	2.1785086642
67	37	41.03	2.14688145923
68	37	40.83	2.14501748245
69	37	41.24	2.20508503237
70	36	41.19	1.98844160085
71	35	41.74	2.74087577245
72	36	41.44	2.32516666069
73	34	40.89	2.24452667616
74	34	40.55	2.15116247643
75	36	40.93	2.1966110261
76	36	41.15	2.53919278512
77	35	40.64	2.56327914984
78	33	40.45	2.94066319051
79	34	39.92	3.03868392565
80	33	39.02	2.72389427108
81	33	38.61	2.5764122341
82	33	38.25	2.25554871373
83	33	38.08	2.11508865062
84	33	37.87	2.41931808574
85	32	37.76	2.38796984906
86	33	37.57	2.53872015
87	32	37.78	2.29599651568
88	32	37.41	2.17299332719
89	32	37.45	2.40572234474
90	30	37.24	2.46625221743
91	31	36.85	2.58988416729
92	31	36.54	2.73649410743
93	30	36.14	2.76774276261
94	30	35.26	2.70044440787
95	28	34.96	2.50966133173
96	28	34.71	2.61264234062
97	29	34.76	2.66503283282
98	30	34.74	2.93127958407
99	28	34.54	2.74743516757
100	30	34.63	2.34373633329
101	30	34.83	2.32832557861
102	29	34.69	2.53651335498
103	29	34.32	2.24
104	28	34.58	2.51467691762
105	28	34.8	2.64196896272
106	28	34.55	2.74362898366
107	28	34.82	2.29512526891
108	29	35.0	2.59615099715
109	30	35.04	2.38293936138
110	28	35.24	2.50647162362
111	27	35.0	2.84604989415
112	27	34.55	2.94066319051
113	27	34.05	2.55098020376
114	28	33.72	2.76072454258
115	28	33.32	2.76362081335
116	27	33.14	2.71668916146
117	28	32.61	2.18584079933
118	28	32.83	2.16820202011
119	28	33.53	2.69983332819
120	27	32.97	2.24256549514
121	27	33.16	2.37368911191
122	27	32.74	2.27868383064
123	27	33.12	2.58951732954
124	27	32.72	2.70214729428
125	27	33.04	2.41627812969
126	27	32.68	2.7563744303
127	26	32.62	2.62213653344
128	27	32.62	2.70843128028
129	26	32.49	2.63626629914
130	26	32.58	2.87116701012
131	26	31.93	2.67677044216
132	25	32.18	2.5899034731
133	25	32.12	2.6991850622
134	25	31.98	2.57674212912
135	25	32.17	2.82154213153
136	25	32.03	2.78012589643
137	25	31.58	2.458373446
138	27	32.37	2.41103712124
139	27	32.78	2.62137368568
140	25	32.35	2.60911862513
141	27	32.44	2.85769137592
142	24	32.1	2.74043792121
143	25	31.68	2.90475472286
144	25	31.61	2.41617466256
145	26	31.86	2.71300571323
146	27	31.65	2.45916652547
147	25	31.62	2.46487322189
148	27	32.19	2.67841370964
149	27	32.1	2.65894716006
150	26	31.84	2.7155846516
151	26	31.88	2.88541158243
152	25	31.46	2.72917569973
153	25	30.89	2.59959612248
154	25	30.55	2.63960224276
155	25	30.29	2.6506414318
156	25	30.08	2.3777300099
157	25	29.85	2.4015619917
158	26	29.94	2.19006849208
159	25	30.34	2.392571838
160	25	30.11	2.51354331572
161	24	30.28	2.51825336295
162	24	30.4	2.57293606605
163	25	30.73	2.83850312665
164	23	30.91	2.82876298053
165	24	30.78	2.74801746719
166	24	30.71	2.6955333424
167	26	31.05	2.65471279049
168	26	30.88	2.42190008052
169	26	31.11	2.6453544186
170	26	30.63	2.72637121464
171	24	30.91	2.78960570691
172	26	30.85	2.60144190787
173	26	31.26	2.52039679416
174	26	31.44	2.80471032372
175	26	31.22	2.39407602218
176	26	31.59	2.89515111868
177	26	31.37	2.44399263501
178	26	31.73	2.52132901463
179	26	31.94	2.67514485589
180	26	32.01	2.94107123341
181	26	31.45	2.64338797758
182	27	31.56	2.37621547844
183	27	31.83	2.48215632062
184	25	31.09	2.4823174656
185	27	31.67	2.45786492713
186	26	31.59	2.52624226867
187	27	31.68	2.41611258016
188	27	31.83	2.42097087963
189	28	31.79	2.19223630113
190	27	31.97	2.58246006746
191	27	31.65	2.22429764195
192	26	32.37	2.9279856557
193	26	31.94	2.66390690528
194	26	31.39	2.26227761338
195	24	31.8	3.00665927567
196	25	31.04	2.60353605698
197	25	30.92	2.39866629609
198	25	31.19	2.27462084753
199	25	31.7	2.63248931622
200	25	31.8	2.94278779391
201	25	31.37	2.68199552572
202	26	31.36	2.53187677425
203	25	31.21	2.9369882533
204	25	30.97	2.5669242295
205	26	31.19	2.61034480481
206	26	31.28	2.70953870613
207	26	31.62	2.93182536997
208	26	31.31	2.62562373542
209	26	30.88	2.40532742054
210	26	30.84	2.43606239657
211	25	30.74	2.79506708327
212	24	30.44	2.49126473904
213	23	30.21	2.69924063396
214	23	29.72	2.98690475242
215	23	29.62	2.77409444684
216	24	29.2	2.82842712475
217	24	29.41	2.77522972022
218	24	29.39	2.99964997958
219	23	28.77	2.69018586718
220	23	29.17	2.66478892222
221	23	29.01	3.05448850055
222	24	28.83	2.52608392576
223	23	28.41	2.56941627612
224	23	28.67	2.5379322292
225	24	28.77	2.66778934701
226	24	29.07	2.62394740801
227	24	28.93	2.86445457286
228	24	28.87	2.49260907485
229	25	29.53	2.41849126523
230	24	29.72	2.93965984427
231	24	29.26	2.66315602247
232	25	29.15	2.39739441895
233	24	29.59	2.70220280512
234	25	29.91	2.84638367055
235	24	29.77	2.7599094188
236	24	29.72	2.60415053328
237	24	29.49	2.64384190148
238	24	29.79	2.89929301727
239	24	29.57	2.77940641145
240	24	28.85	2.57827461687
241	22	29.04	2.66052626373
242	22	28.77	2.86305780591
243	22	29.12	2.60107670014
244	22	29.02	2.41652643271
245	23	28.92	2.73378857997
246	23	28.91	2.54202675045
247	23	29.17	2.52212212234
248	23	29.23	2.58400851392
249	25	29.34	2.40507796131
250	24	29.63	2.75192659786
251	24	29.73	2.73076912243
252	23	29.74	2.36905044269
253	23	29.88	2.70288734504
254	23	30.14	3.15917710805
255	24	29.25	2.43464576479
256	24	29.29	2.69924063396
257	24	29.72	2.76072454258
258	22	29.49	2.55927724172
259	22	29.46	2.96452357049
260	22	29.11	2.94582755775
261	21	29.48	3.17955971795
262	21	28.95	3.43037898781
263	22	27.94	3.30399757869
264	22	27.18	2.7870414421
265	21	27.29	2.72137832725
266	21	27.07	2.77940641145
267	21	26.81	2.67841370964
268	21	26.99	2.85129795006
269	21	26.78	2.63279319355
270	21	26.99	2.85830369275
271	21	27.1	2.77308492477
272	21	26.54	2.41420794465
273	23	27.5	2.63248931622
274	23	27.7	2.61725046566
275	22	27.78	3.03176516241
276	22	27.73	2.69761005336
277	23	27.74	2.46016259625
278	23	27.65	2.7290108098
279	23	27.69	2.76656827134
280	22	27.54	2.34699808266
281	22	27.97	2.61707852385
282	21	27.97	2.67751750695
283	21	27.99	2.84075694138
284	22	28.17	2.60405453092
285	22	27.89	2.91511577815
286	20	27.57	3.02408663897
287	22	27.71	2.75061811235
288	21	28.02	3.0132374616
289	18	27.35	2.90989690539
290	20	27.47	3.19829642153
291	20	27.32	2.89095140049
292	20	26.81	3.03214445566
293	18	26.8	3.44383507154
294	18	26.45	3.4651839778
295	19	26.02	3.00991694238
296	19	26.04	2.93911551321
297	19	26.42	2.90578732876
298	20	26.55	3.16662280671
299	19	26.45	2.99791594278
300	21	26.47	3.0804382805
1	63	72.42	2.89544469814
2	63	70.2	2.49399278267
3	63	68.98	2.38738350501
4	61	67.55	2.49148550066
5	61	66.51	2.07602986491
6	60	65.82	2.40989626333
7	59	64.51	2.08564138816
8	58	63.81	2.31816737963
9	59	63.15	2.03162496539
10	58	62.51	2.09520882014
11	55	61.65	2.50349755342
12	54	60.78	2.62137368568
13	53	59.82	2.60530228572
14	53	58.67	2.30241177898
15	53	57.64	1.9417517864
16	51	56.66	2.35465496411
17	50	55.73	2.4651774784
18	50	55.08	2.23015694515
19	50	54.43	2.25501662965
20	48	53.83	2.1403504386
21	48	52.98	2.05416649763
22	46	52.35	2.3339880034
23	45	51.59	2.29388317052
24	45	50.58	1.91927069482
25	45	50.55	2.31678656764
26	44	50.06	2.44057370305
27	44	49.52	2.39365828806
28	44	48.89	2.27989034824
29	43	48.25	2.45916652547
30	42	47.04	2.35762592453
31	41	46.65	2.33826859022
32	40	46.47	2.45542257056
33	41	45.51	2.36852274635
34	41	45.63	2.66703955726
35	41	44.86	2.31956892547
36	40	44.32	2.43261176516
37	39	44.51	2.65892835556
38	40	43.88	2.29904327928
39	39	43.73	2.19478928374
40	39	43.52	2.20218073736
41	39	43.25	2.23327114341
42	39	43.16	2.09150663398
43	38	43.39	2.35751988327
44	38	43.21	2.44660989943
45	39	43.15	2.22429764195
46	38	43.11	2.17667177131
47	38	42.72	2.37520525429
48	37	42.79	2.41782960525
49	37	42.37	2.61784262323
50	36	41.86	2.81076502042
51	35	41.32	2.46527888889
52	34	40.73	2.98615136924
53	33	39.89	2.58803013893
54	34	39.51	2.43924168544
55	35	39.25	2.37644692766
56	32	39.51	2.62866886465
57	33	39.47	2.44726377818
58	33	39.04	2.65676495008
59	33	39.07	2.60482245076
60	34	38.24	2.47434839907
61	33	38.05	2.56271340575
62	33	37.68	2.3189652865
63	33	37.74	2.60622332121
64	32	37.13	2.44808088102
65	32	36.97	2.41020745995
66	32	36.86	2.18641258686
67	31	36.34	2.40507796131
68	31	36.26	2.55976561427
69	30	35.64	2.53187677425
70	30	35.9	2.5903667694
71	30	35.9	2.69258240357
72	29	35.88	2.75056357861
73	29	35.85	3.09959674797
74	29	35.32	2.66037591329
75	29	34.98	2.80706252157
76	29	34.81	2.67841370964
77	28	34.35	2.8857408061
78	29	34.13	2.31799482312
79	28	33.99	2.50397683695
80	28	34.17	2.54972547542
81	28	34.41	2.87087094799
82	30	34.48	2.83718170021
83	29	33.73	2.46923064941
84	29	33.83	2.62318508687
85	27	33.6	2.87054001888
86	26	33.17	2.85676390344
87	26	32.66	2.93673287856
88	26	32.41	2.94311059935
89	27	32.07	2.79376090602
90	26	32.22	2.61373296264
91	25	32.0	2.69072480941
92	26	31.75	2.60911862513
93	26	31.75	2.7654113618
94	26	31.1	2.73678643668
95	26	30.85	2.8788018341
96	26	30.77	2.7380832712
97	25	31.28	2.81453370916
98	24	30.81	2.82734858127
99	24	30.9	2.81602556807
100	26	31.04	2.44098340838
101	26	31.46	2.89627346775
102	24	31.36	3.18910645793
103	24	30.9	2.77308492477
104	26	31.21	2.73968976346
105	24	30.91	2.55380108857
106	25	30.56	2.49927989629
107	24	30.65	2.79776696671
108	24	30.18	2.56273291624
109	25	30.02	2.47782162393
110	25	29.94	2.79935706904
111	24	29.76	2.66878249395
112	24	29.91	2.95667042465
113	25	29.93	2.7285710546
114	24	30.34	2.63142546921
115	25	30.63	2.49260907485
116	25	31.37	2.86235916684
117	25	31.55	2.86836190185
118	25	30.98	2.93931964917
119	24	30.63	2.70796971918
120	24	30.7	2.99165506033
121	23	30.35	2.86836190185
122	24	30.15	2.93726062854
123	22	29.85	2.86836190185
124	24	30.11	2.70146256683
125	24	30.25	2.91676190321
126	24	29.94	3.12992012678
127	24	29.39	2.28864588786
128	24	29.8	2.99666481275
129	24	29.16	2.69710956396
130	24	29.48	2.60184549887
131	23	29.81	2.85199929874
132	25	29.65	2.42641711171
133	24	29.88	2.64680940001
134	24	29.98	2.50191926329
135	25	29.85	2.60911862513
136	24	29.92	2.67835770576
137	24	30.07	3.17255417605
138	23	29.09	2.87087094799
139	23	29.67	3.09210284434
140	24	29.27	2.59173686936
141	24	29.33	2.72783797173
142	24	29.2	2.6495282599
143	24	29.62	3.04558697134
144	24	29.0	2.4819347292
145	24	29.55	2.59374246987
146	24	30.16	2.71189970316
147	24	30.43	3.07654026465
148	25	30.04	2.73466634162
149	25	30.31	2.97555036926
150	25	30.26	3.04834381263
151	25	30.12	2.72499541284
152	25	30.24	2.57340241703
153	23	30.29	3.08640567651
154	23	29.86	2.86712399453
155	24	29.72	3.11152695634
156	24	29.05	2.7290108098
157	23	29.25	2.60911862513
158	23	29.57	3.12171427264
159	24	29.07	2.53872015
160	23	29.38	3.07174217668
161	22	29.02	2.98321973713
162	23	28.74	2.76990974582
163	23	29.1	2.9478805946
164	23	29.48	2.74401166178
165	24	29.99	3.30301377533
166	24	29.89	2.98293479647
167	23	28.83	3.11786786122
168	23	28.48	2.82658804922
169	24	28.65	2.65094322836
170	24	29.26	2.86223688747
171	24	28.96	2.55702952662
172	24	29.58	2.6539781461
173	23	29.77	3.05566686666
174	23	29.77	3.28284937212
175	21	29.71	3.29331140344
176	23	29.38	3.05869253113
177	23	29.44	2.87165457533
178	23	29.58	3.12147401078
179	24	29.55	3.00124973969
180	23	29.26	2.89350997925
181	24	29.03	2.91360601317
182	24	29.26	2.79864252808
183	24	29.69	2.66718953207
184	23	29.64	2.88277643948
185	23	29.74	3.26992354651
186	23	29.01	2.83017667293
187	23	28.86	2.92581612546
188	22	28.76	2.57340241703
189	19	29.23	3.11722633121
190	21	29.24	2.80042853863
191	21	29.37	2.74464934008
192	20	29.61	3.29816615712
193	19	29.0	3.69864840178
194	19	28.83	3.35873488087
195	21	27.94	3.52085216957
196	21	27.57	2.98749058576
197	19	27.43	3.44457544554
198	19	27.43	3.49357982591
199	18	26.77	3.23065008938
200	19	26.22	3.63202422899
201	20	25.98	2.8106227068
202	21	27.01	3.08056812942
203	19	26.88	2.95391265951
204	19	27.35	2.92018835009
205	16	27.55	3.15396575758
206	16	26.99	3.49140372916
207	16	26.88	3.43592782229
208	17	26.34	3.49061599148
209	18	26.05	3.12849804219
210	18	26.15	3.32678523503
211	18	26.01	3.57070021144
212	18	25.78	3.43680083799
213	20	26.09	2.77162407263
214	17	26.16	3.25183025387
215	19	26.07	2.98749058576
216	19	26.32	3.35225297375
217	17	25.52	3.42776895371
218	18	24.95	3.41869858279
219	18	24.92	2.59876893932
220	18	25.68	2.83506613679
221	17	25.78	3.34837273911
222	18	24.91	3.32594347517
223	17	24.94	3.08162294903
224	17	24.66	2.8782633653
225	19	24.71	2.79748100977
226	17	24.73	3.13003194872
227	19	24.73	2.87351700882
228	17	25.26	2.99205614921
229	17	25.01	3.10320801752
230	17	24.83	2.7966229635
231	17	25.36	2.74415742989
232	18	25.69	3.06168254396
233	18	25.82	3.03440274189
234	20	25.61	2.96949490655
235	19	25.57	2.79733802033
236	21	26.32	2.78524684723
237	19	26.17	2.69464283348
238	21	26.87	2.93139898342
239	20	26.51	3.04793372631
240	20	26.41	2.8498947349
241	20	26.46	3.21689291087
242	21	26.32	2.76723688903
243	20	26.69	2.95869903843
244	21	27.01	2.94786363321
245	19	27.07	2.97407128361
246	19	27.15	2.93385412044
247	21	27.27	3.09468899891
248	21	27.02	2.99993333259
249	20	26.84	2.96216137305
250	21	26.92	2.65209351268
251	21	27.3	2.77308492477
252	21	27.38	3.2086757393
253	20	27.97	3.18890263257
254	20	27.72	2.88124972885
255	21	28.37	3.16750690607
256	21	28.16	3.04210453469
257	21	27.64	3.00173283288
258	21	27.59	2.83934851683
259	21	27.64	2.75506805724
260	21	27.75	2.69953699734
261	20	27.38	2.82764920031
262	22	27.71	2.84005281641
263	21	27.03	2.74027370896
264	22	27.24	2.49847953764
265	22	27.45	2.78343313194
266	21	27.25	2.58988416729
267	21	27.35	2.87184609615
268	21	27.29	2.82239260203
269	20	27.35	2.96437177156
270	20	27.25	2.98454351618
271	20	27.15	2.8191310718
272	22	26.85	2.89956893348
273	20	26.27	2.87699496002
274	21	26.49	2.95125397077
275	21	26.07	2.67677044216
276	19	25.73	2.71976101891
277	19	26.05	2.89956893348
278	19	25.73	3.11722633121
279	19	25.49	2.74770813588
280	19	25.08	2.97213727812
281	19	24.7	2.57875939165
282	19	25.38	3.02912528628
283	19	25.52	3.07727151873
284	19	25.34	2.94013605127
285	19	25.13	2.51656511936
286	19	25.64	2.83026500526
287	19	25.58	3.05673027924
288	19	25.58	3.08279094328
289	19	25.36	2.94794843917
290	19	25.16	2.77027074489
291	19	25.54	2.75107251813
292	19	25.73	2.86305780591
293	19	25.51	2.89998275857
294	20	25.29	2.66568940426
295	20	25.73	2.82437603729
296	20	26.03	2.73296542239
297	19	25.85	3.03108891325
298	19	25.62	3.35195465363
299	19	24.78	2.95154196989
300	19	24.69	3.01892364925
1	60	72.16	3.03552301918
2	59	69.81	2.63322995578
3	59	68.44	2.46300629313
4	56	67.1	2.54754784057
5	56	66.22	2.97180080086
6	57	64.83	2.81799574166
7	56	63.82	2.88575813262
8	56	63.02	2.79635477005
9	56	62.0	2.74590604355
10	56	61.13	2.62927746729
11	54	60.2	2.44131112315
12	54	59.36	2.38545593126
13	54	58.56	2.21954950384
14	53	57.6	2.00997512422
15	50	56.86	2.05436121459
16	51	56.01	1.74639628951
17	50	55.63	1.9217439996
18	48	54.98	2.46568448914
19	48	54.08	2.26132704402
20	47	52.9	2.25166604984
21	47	52.46	2.26459709441
22	47	51.7	2.38117617996
23	47	50.94	1.89641767551
24	45	50.83	2.15432123881
25	45	50.17	2.11213162469
26	45	50.24	2.37537365482
27	45	49.88	2.22836262758
28	45	49.38	2.11556139122
29	45	48.66	2.05046336227
30	44	48.45	2.4015619917
31	43	47.62	2.15768394349
32	43	47.44	2.44262154252
33	42	46.77	2.17188857909
34	42	46.47	2.30848435126
35	42	46.05	2.46322958735
36	42	45.73	2.31021644008
37	41	45.33	2.20479023946
38	41	45.25	2.71062723369
39	38	44.86	2.37915951546
40	39	44.75	2.29510348351
41	38	44.55	2.46322958735
42	38	44.25	2.49949994999
43	40	44.31	2.41120301924
44	38	44.14	2.36651642716
45	38	44.02	2.69065047897
46	38	43.58	2.53842470836
47	39	43.79	2.26845762579
48	37	43.88	2.38444962203
49	37	43.82	2.52341039072
50	39	43.83	2.53398895025
51	39	43.96	2.58038756779
52	39	43.5	2.89654967159
53	39	43.16	2.56795638592
54	39	43.11	2.25785296244
55	40	43.39	2.54517189989
56	39	43.45	2.2511108369
57	39	43.76	2.53818833029
58	39	43.63	2.67452799574
59	38	43.37	2.61019156385
60	38	43.59	2.48634269561
61	37	43.24	2.66878249395
62	37	43.4	2.8
63	37	42.79	2.78314570226
64	37	42.86	2.5535073918
65	37	42.31	2.73749885845
66	37	42.14	2.37073828163
67	37	42.04	2.81396517391
68	35	41.55	2.32969955144
69	35	41.62	2.92499572649
70	35	41.2	2.74954541697
71	34	41.04	2.91862981551
72	34	40.7	2.57875939165
73	35	40.39	2.4855381711
74	33	40.02	2.45348731401
75	33	39.64	2.93434830925
76	32	38.76	2.58889938005
77	33	38.91	2.87435210091
78	31	38.41	2.8252256547
79	32	37.88	2.97751574303
80	31	37.51	2.64005681757
81	32	36.91	2.35412404091
82	31	36.66	2.40923224285
83	31	36.69	2.46452835244
84	31	36.43	2.24613000514
85	30	36.22	2.67798431661
86	31	36.09	2.23649279006
87	30	36.43	2.65049052064
88	31	36.22	2.6099042128
89	31	36.5	2.22036033112
90	31	36.74	2.50047995393
91	32	36.85	2.7290108098
92	30	36.14	2.43318721022
93	30	35.93	2.60482245076
94	30	35.92	2.38612656831
95	30	36.01	2.60190314962
96	30	36.44	3.00772339154
97	30	35.87	2.46436604424
98	30	36.0	2.78208554865
99	30	35.34	2.442212112
100	30	35.46	2.80149959843
101	29	35.13	2.43989753883
102	29	35.05	2.47133567125
103	29	34.93	2.68795461271
104	29	34.67	3.03003300312
105	29	34.16	2.86956442688
106	28	33.96	2.45731560855
107	28	33.93	2.58942078465
108	28	34.03	2.82649960198
109	26	33.85	2.72534401498
110	28	33.58	2.65020753904
111	28	33.59	2.65365785285
112	28	33.34	2.93332575757
113	28	33.05	2.49549594269
114	28	33.27	2.19478928374
115	28	33.64	2.47596445855
116	28	33.54	2.81929069094
117	29	33.83	2.48215632062
118	27	33.94	2.84541736833
119	27	33.95	2.43874967965
120	27	33.65	2.70323879818
121	27	33.32	3.05574868077
122	26	32.72	2.72792961786
123	27	32.31	2.44415629615
124	26	32.26	2.82708330263
125	26	32.34	3.01071420098
126	26	31.95	2.87184609615
127	26	32.06	2.31870653598
128	26	32.88	3.11538119658
129	27	32.63	2.91085897975
130	29	33.06	2.68261066873
131	28	32.67	2.69092920754
132	28	32.85	2.53525146682
133	28	32.38	2.54864669972
134	28	32.52	2.69992592491
135	27	32.79	2.68810342063
136	27	32.11	2.87365620769
137	25	32.16	2.57573290541
138	25	32.41	2.63095039862
139	26	32.64	2.61732688062
140	27	33.15	2.98789223367
141	27	32.72	2.74619737091
142	27	33.0	2.88444102037
143	27	32.32	2.84211189083
144	27	32.07	2.92320030104
145	25	31.67	2.65350711324
146	27	31.68	2.64151471698
147	26	31.3	2.45967477525
148	26	31.42	2.72095571445
149	24	31.82	2.93046071463
150	24	31.77	2.85256025353
151	24	31.78	3.02516115273
152	24	31.49	2.75134512557
153	24	31.28	2.8428155058
154	24	31.4	3.01330383466
155	27	31.47	2.47570192067
156	27	31.81	2.90067233586
157	27	32.24	2.64998113201
158	27	31.83	2.95653513424
159	26	31.97	2.62470950774
160	25	32.46	2.93741382852
161	25	31.86	2.74961815531
162	25	31.64	2.98502931309
163	24	31.53	3.00484608591
164	24	31.1	2.78388218142
165	24	31.31	3.19591927307
166	24	31.12	3.19462047824
167	23	31.04	2.91176922162
168	24	30.92	3.09088983951
169	24	30.33	3.25286027982
170	26	30.13	2.48054429511
171	23	30.72	2.82870995332
172	23	30.99	3.0935254969
173	23	30.65	2.63581107062
174	26	30.7	2.86181760425
175	25	30.75	2.69211812519
176	24	30.96	3.15252279928
177	24	30.54	2.53542895779
178	24	30.72	2.69473560855
179	25	30.85	2.57827461687
180	26	31.22	2.64037876071
181	26	31.08	2.3777300099
182	28	31.58	2.55413390409
183	25	31.41	2.84638367055
184	26	30.94	2.56444925861
185	23	30.86	2.46178796812
186	23	31.44	2.90282620906
187	23	30.95	2.72167228005
188	26	30.99	2.7110698995
189	26	30.72	2.44573097458
190	24	30.32	2.70140704078
191	25	30.14	2.63066531509
192	25	30.09	2.46209260589
193	26	30.83	2.68348653807
194	25	30.34	2.64280154382
195	24	30.41	3.06298873651
196	24	30.01	2.65892835556
197	24	29.7	2.84429253067
198	24	30.2	2.86705423737
199	25	29.97	3.0706839629
200	23	29.88	2.73598245608
201	22	30.09	3.04662107916
202	25	29.79	2.56630083973
203	26	30.54	2.53148177951
204	22	30.88	2.97415534228
205	25	30.47	2.80519161556
206	25	30.39	2.70885584703
207	23	29.82	2.63583004004
208	23	30.01	2.88268971622
209	23	29.75	2.98789223367
210	23	29.86	3.00672579395
211	23	30.19	3.01229148656
212	23	29.64	2.65149014707
213	23	29.72	3.10831143871
214	23	29.32	3.01953638826
215	23	29.33	2.66103363376
216	22	29.31	2.69701687054
217	23	29.5	2.80535202782
218	23	29.49	2.85830369275
219	23	29.93	2.93003412949
220	23	30.13	2.8342723934
221	22	30.53	2.97474368644
222	24	30.8	2.59615099715
223	23	30.86	3.05293301597
224	23	30.64	3.27878026101
225	23	30.46	2.97462602691
226	25	30.26	2.80934155987
227	24	29.91	3.08251520678
228	23	29.39	2.65667084901
229	23	29.42	2.92294372166
230	23	29.54	3.40123506979
231	23	28.84	2.75942022896
232	22	28.92	3.09735370922
233	22	28.65	2.73267268439
234	22	29.29	2.76150321383
235	22	28.84	2.69339933913
236	24	29.57	2.62394740801
237	25	29.96	2.53740024434
238	24	30.19	2.70811742729
239	25	30.3	2.57487863792
240	25	30.76	2.98368899184
241	25	30.47	2.76208254764
242	24	30.2	2.88444102037
243	25	30.07	2.8257919244
244	25	30.21	2.64686607141
245	24	30.62	3.08473661761
246	24	30.52	2.78740022243
247	24	30.76	2.78610839703
248	24	30.4	2.87054001888
249	25	30.54	3.09651416919
250	25	30.64	2.7695486997
251	23	29.94	2.76702005775
252	24	30.15	3.08666486681
253	23	29.97	2.90329123582
254	23	30.07	3.21637995268
255	22	29.43	2.81870537659
256	22	29.29	2.91991438231
257	22	29.5	3.51140997322
258	19	29.1	3.22335229226
259	20	29.14	3.0594770795
260	21	29.0	3.33466640011
261	21	28.52	3.32409386149
262	21	28.02	3.42046780426
263	21	27.8	2.89482296523
264	19	27.53	3.02805217921
265	19	27.9	3.27871926215
266	19	27.66	3.34729741732
267	20	27.44	2.96418622897
268	20	27.34	3.09263641575
269	20	27.3	3.32716095192
270	20	26.6	3.14642654451
271	20	26.8	2.76043474837
272	20	26.64	2.6401515108
273	20	27.49	3.04793372631
274	22	27.49	2.85480297043
275	22	27.47	2.97474368644
276	20	27.6	3.03973683071
277	19	27.16	2.80969749261
278	21	26.98	2.63431205441
279	21	26.98	2.91197527462
280	20	26.68	2.65284752672
281	21	27.46	2.98804283771
282	21	27.04	3.33142612105
283	19	26.97	3.03794338328
284	19	27.46	2.88935979068
285	19	27.11	2.99297510848
286	19	27.47	3.16055374895
287	17	27.04	3.23394495933
288	19	27.2	3.01330383466
289	21	27.42	2.79706989544
290	20	27.52	3.02813473941
291	22	27.66	2.91279934084
292	17	27.56	3.25674684309
293	21	27.5	2.97153159162
294	22	27.78	3.09703083614
295	20	27.15	2.8788018341
296	21	27.54	2.80862955906
297	21	27.8	3.00998338866
298	18	27.81	3.49483905209
299	18	27.39	3.3967484452
300	18	26.91	3.5442770772
1	63	71.88	2.93011945149
2	64	69.76	2.26768604529
3	63	68.5	2.21133443875
4	60	67.36	2.38126017058
5	60	66.11	2.6604322957
6	60	64.57	2.23720808152
7	59	63.53	2.41849126523
8	57	62.8	2.29346898824
9	57	62.04	1.88637217961
10	56	60.83	2.24523940817
11	52	60.22	2.53211374152
12	53	59.38	2.43220064962
13	53	58.43	2.27708146539
14	53	57.36	2.29137513297
15	48	56.67	2.50621228151
16	49	55.5	2.38117617996
17	49	54.61	2.74916350914
18	48	53.53	2.19296602801
19	47	53.03	2.27795961334
20	47	52.49	2.38115518184
21	47	52.05	2.3038012067
22	48	51.72	2.18668699178
23	47	51.06	2.05338744517
24	46	50.67	2.2629847547
25	45	50.55	2.09940467752
26	45	50.28	2.31551290215
27	45	50.12	2.37183473286
28	46	50.07	2.42179685358
29	45	49.64	2.40632499883
30	42	48.8	2.52586618806
31	43	48.71	2.23291289575
32	39	48.04	2.35338054721
33	39	47.38	2.60683716407
34	40	46.42	2.39240464805
35	40	45.74	2.32645653301
36	40	45.15	2.0850659462
37	40	44.84	1.90641023917
38	40	44.86	2.26724502425
39	38	44.47	2.26916284123
40	37	43.8	2.02484567313
41	39	43.82	2.1743044865
42	38	44.1	2.29564805665
43	38	43.52	2.5396062687
44	38	43.29	2.3845125288
45	38	42.72	2.26309522557
46	38	42.64	2.30008695488
47	37	42.27	2.40355985987
48	36	42.11	2.42443807923
49	35	41.92	2.36930369518
50	34	41.62	2.79921417544
51	34	40.75	2.82975263937
52	33	40.22	2.73342276276
53	33	39.84	3.03552301918
54	33	39.37	3.00883698462
55	34	38.92	2.56390327431
56	33	38.19	2.53256786681
57	33	38.22	2.19809008005
58	33	38.18	2.52341039072
59	33	38.27	2.6715351392
60	33	37.81	2.48875470868
61	32	37.75	2.36378933071
62	32	37.02	2.25379679652
63	33	37.22	2.14280190405
64	33	37.21	2.18309413448
65	33	37.57	2.34629495162
66	32	37.46	2.45528002476
67	32	37.41	2.32419878668
68	32	37.54	2.13738157567
69	33	37.92	2.17568380056
70	32	38.12	2.35065948193
71	29	38.18	2.31680814916
72	33	38.51	2.71843705095
73	32	38.45	2.61677282163
74	32	37.84	2.48483399848
75	32	37.82	2.68096997372
76	32	37.82	2.32542469239
77	32	37.95	2.42229230276
78	32	37.92	2.55609076521
79	32	37.57	2.5583393051
80	32	37.28	2.44163879393
81	32	37.39	2.42443807923
82	32	37.23	2.48537723495
83	31	36.92	2.61793811997
84	31	36.64	2.52792404949
85	32	36.56	2.35082964079
86	31	36.53	2.69612685162
87	31	36.28	2.5732469761
88	31	36.12	2.64302856587
89	30	35.75	2.42641711171
90	30	35.68	2.52934774201
91	30	36.2	2.98663690461
92	30	35.82	2.47539895774
93	32	35.65	2.02175666192
94	32	36.01	2.07120737735
95	31	36.61	2.5764122341
96	30	36.39	2.39956246012
97	31	35.98	2.46568448914
98	30	35.79	2.60113436792
99	31	35.77	2.65652028037
100	31	35.62	2.58758574737
101	31	36.12	2.68432486857
102	31	35.99	2.41037341505
103	31	35.85	2.36801604724
104	31	36.05	2.54312799521
105	31	35.99	2.50796730441
106	31	36.29	2.78673644251
107	31	35.97	2.2954520252
108	31	35.85	2.52735039122
109	30	35.24	2.73173937263
110	29	34.98	2.19990908903
111	29	35.28	2.43753974327
112	30	35.55	2.48344518764
113	30	35.24	2.49847953764
114	30	35.17	2.63838966038
115	29	35.16	2.67850704685
116	29	34.92	2.22566843892
117	30	35.38	2.6297528401
118	30	35.57	2.60482245076
119	30	35.07	2.38014705428
120	29	35.19	2.52861622236
121	29	34.83	2.51417978673
122	29	35.22	2.59838411325
123	29	34.67	2.62318508687
124	29	34.31	2.4847333861
125	28	34.2	2.44540385213
126	28	34.05	2.60528309402
127	29	33.89	2.89100328606
128	29	33.61	2.75642884907
129	28	33.34	2.71374280285
130	29	33.9	2.64007575649
131	28	33.96	2.58038756779
132	29	34.26	2.78790243732
133	28	33.98	2.91883538419
134	29	34.26	2.54409119333
135	29	34.52	2.51189171741
136	27	34.68	2.79241830677
137	27	34.3	2.5632011236
138	29	34.32	2.66413212886
139	29	34.31	2.67467755066
140	29	33.87	2.63687314826
141	28	33.36	2.32602665505
142	27	33.19	2.75207194673
143	28	32.96	2.59198765429
144	28	33.02	2.28464439246
145	28	33.25	2.66598949735
146	28	33.15	2.67348087706
147	28	32.85	2.69583011334
148	27	32.53	2.80875417223
149	26	31.99	2.38115518184
150	25	31.51	2.52386608203
151	25	31.26	2.43975408597
152	26	32.01	2.60574365585
153	27	32.21	2.76150321383
154	27	31.76	2.4088171371
155	27	32.14	2.48604102943
156	23	32.4	2.81069386451
157	25	32.31	2.74479507432
158	25	32.06	3.06535479186
159	25	31.64	2.88624323299
160	25	31.16	2.75942022896
161	25	31.38	2.73415434824
162	25	30.99	2.62104940816
163	23	30.89	2.77811086892
164	24	30.83	2.93957479918
165	24	29.99	2.95464041805
166	25	29.78	2.6965904398
167	24	29.63	2.61019156385
168	24	29.69	2.81671794825
169	24	29.58	2.70621506906
170	24	29.39	2.91168336191
171	24	29.29	2.40122885207
172	24	29.96	2.7236739893
173	24	29.81	2.98561551443
174	24	29.31	2.80604704166
175	24	29.06	2.39924988278
176	23	29.47	2.71460862741
177	23	29.39	2.95599391068
178	23	28.92	2.55609076521
179	24	29.51	2.47182119094
180	23	29.86	2.83203107328
181	22	29.95	3.1252999856
182	22	29.58	2.86069921523
183	23	29.21	2.56630083973
184	23	29.1	2.57099202644
185	23	29.72	2.88124972885
186	22	29.02	2.88437168201
187	23	29.04	2.78897830755
188	21	29.0	2.73130005675
189	23	29.16	2.66728326205
190	23	29.51	2.69998148142
191	23	29.24	2.81467582503
192	23	29.72	2.92943680594
193	22	29.26	2.91760175487
194	22	28.99	2.78026977108
195	22	29.78	2.9885782573
196	22	29.05	3.12849804219
197	22	28.59	2.77162407263
198	22	28.45	2.63201443765
199	22	28.76	2.54212509527
200	23	28.88	2.85054380777
201	23	29.19	2.92812226521
202	23	28.92	3.05181912963
203	23	28.69	2.70811742729
204	23	28.78	2.82340220302
205	23	28.63	2.71902556075
206	23	29.01	2.88268971622
207	22	28.51	2.49597676271
208	22	28.81	2.5678590304
209	22	28.85	2.68095132369
210	23	29.18	2.69955551897
211	23	29.43	2.98414141756
212	21	28.92	2.77733685389
213	23	29.41	2.81103183902
214	24	28.98	2.79992857052
215	23	29.32	3.08181764548
216	23	29.02	2.94950843362
217	23	28.77	2.71608173662
218	22	28.87	3.07784015179
219	20	27.9	3.18276609257
220	21	27.31	2.75207194673
221	22	27.87	2.80946614146
222	22	27.62	2.83118349812
223	22	27.23	2.59944224787
224	22	27.2	2.95972971739
225	21	26.92	2.8131121556
226	20	26.66	2.9230805668
227	20	26.53	2.49581649966
228	21	27.05	2.93385412044
229	21	26.75	2.89611809151
230	19	26.52	2.72572926022
231	19	26.72	2.82870995332
232	22	26.43	2.76135836139
233	22	26.6	2.66833281283
234	19	26.66	2.66915717034
235	19	26.42	2.77913655656
236	19	26.16	2.79184526792
237	20	26.33	3.00351460792
238	21	25.88	2.73598245608
239	21	26.06	2.75615674445
240	21	26.0	2.60768096208
241	21	26.25	2.69583011334
242	22	26.43	2.28146882512
243	21	26.81	2.88684949383
244	21	26.89	2.81032026645
245	21	26.88	2.94373911888
246	21	26.99	2.67392969242
247	20	26.83	2.93276320217
248	22	26.73	2.77075801903
249	21	26.38	2.36127084427
250	20	26.62	3.03242477236
251	20	27.02	2.72022057929
252	20	27.37	3.18011006099
253	20	26.44	2.97092578164
254	20	26.94	3.04899983601
255	20	26.72	3.09218369441
256	21	27.06	3.04243323674
257	21	26.88	2.45470975881
258	22	27.5	2.45967477525
259	22	27.56	2.82955826941
260	22	27.03	2.85115765962
261	22	27.04	2.69414179285
262	21	27.01	2.86529230621
263	22	27.35	3.06716481461
264	22	27.03	2.71092235226
265	22	27.21	2.68438074796
266	22	27.05	2.61294852609
267	21	27.09	2.8252256547
268	20	27.4	3.05286750449
269	21	27.0	3.06267856622
270	22	26.84	2.65601204817
271	22	26.85	2.52339057619
272	21	27.29	2.99431127306
273	21	27.15	2.59374246987
274	20	26.79	3.01096330101
275	21	26.86	2.8740911607
276	21	26.7	2.64386081328
277	22	27.32	3.03934203406
278	22	26.96	2.77820085667
279	20	26.62	2.63355273348
280	20	27.04	2.57650926643
281	22	27.58	2.75019999273
282	20	27.7	2.94448637287
283	19	26.97	2.68124970862
284	21	27.3	2.80891438104
285	21	27.3	3.26343377442
286	21	26.92	2.58719925788
287	21	27.02	2.8106227068
288	21	27.2	2.8319604517
289	21	27.1	2.97825452237
290	20	26.89	2.91511577815
291	20	26.5	2.7946377225
292	20	26.27	2.92183161732
293	20	25.86	2.6646575765
294	20	26.4	2.90860791445
295	19	26.27	2.96261708629
296	20	26.12	2.98087235554
297	21	26.63	2.82012411074
298	21	26.63	2.69315799759
299	20	26.83	3.20953267626
300	20	26.95	3.05736814924
1	66	72.73	2.62623304373
2	66	70.83	2.13098568742
3	64	69.14	2.12141462237
4	64	68.06	2.02395652127
5	62	67.54	2.24686448189
6	59	66.36	2.27824493854
7	59	65.17	2.30241177898
8	59	64.31	2.31384960618
9	57	63.19	2.22123839333
10	58	62.21	2.11326761202
11	57	61.4	1.8
12	56	60.81	2.14333851736
13	56	59.58	1.8120706388
14	54	59.23	1.83223906737
15	53	58.75	2.01183995387
16	52	57.82	2.01682919455
17	52	57.03	2.15153433624
18	52	56.27	2.03398623398
19	50	55.55	2.20170388563
20	49	55.0	2.2360679775
21	48	54.44	2.63180546394
22	47	53.33	2.49421330283
23	47	52.34	1.99108010889
24	47	52.07	2.14594967322
25	45	51.32	2.42437620843
26	45	50.4	2.19544984001
27	45	49.68	2.12546465508
28	43	49.61	2.37021096107
29	45	49.15	2.16967739537
30	43	48.65	2.18346055609
31	44	48.54	2.0900717691
32	43	48.36	2.25619148124
33	42	48.01	2.65516477831
34	43	47.09	2.11704983409
35	40	46.65	2.36801604724
36	40	46.28	2.42932089276
37	40	45.49	2.58648410009
38	39	44.79	2.81884728214
39	38	43.89	2.48955819374
40	38	43.56	2.40549371232
41	38	43.38	2.55648195769
42	38	43.11	2.50557378658
43	37	42.77	2.44071710774
44	38	42.5	2.20680764907
45	36	42.08	2.60261407051
46	36	41.77	2.41186649713
47	34	41.44	2.72880926413
48	34	41.33	2.40022915573
49	34	41.26	2.64809365393
50	34	40.67	2.3624351843
51	34	40.26	2.25219892549
52	34	39.96	2.39966664352
53	34	39.58	2.38403020115
54	35	39.47	2.27795961334
55	35	39.27	2.1347365177
56	33	38.82	2.51944438319
57	34	38.36	2.1932624102
58	34	38.5	2.19772609758
59	34	38.81	2.27462084753
60	33	38.81	2.04790136481
61	34	38.86	2.46178796812
62	34	39.07	2.64293397572
63	34	38.34	2.66915717034
64	33	37.87	2.67078640104
65	33	37.66	2.45853614983
66	33	37.44	2.29486383038
67	33	37.52	2.24713150483
68	33	37.32	2.13953265925
69	33	37.67	2.60405453092
70	33	37.12	2.42602555634
71	30	37.32	2.4571528239
72	31	37.08	2.66713329251
73	31	37.1	2.5436194684
74	31	37.13	2.53635565329
75	31	36.87	2.62165977961
76	31	36.54	2.49166610925
77	31	36.89	2.91168336191
78	30	36.64	2.91725898747
79	29	36.17	2.78946231378
80	30	36.14	2.96991582372
81	29	35.71	2.72505045825
82	30	35.23	2.64142007261
83	28	35.33	2.87769004585
84	28	35.14	2.65714132104
85	30	35.36	2.54369809529
86	30	35.25	3.04097023991
87	30	35.01	2.5199007917
88	28	34.61	2.87017421074
89	28	34.43	2.8749086942
90	26	34.09	3.13399106572
91	28	34.27	3.13641515109
92	28	33.65	2.96437177156
93	27	32.97	2.66253638473
94	27	32.86	2.59622803313
95	27	32.67	2.75337974134
96	26	32.61	3.17457083714
97	26	32.22	3.01522801791
98	24	32.07	3.19767102748
99	24	31.17	3.18136763044
100	26	30.55	2.36378933071
101	26	31.0	2.42074368738
102	25	30.99	2.76222736211
103	25	30.35	2.808469334
104	24	30.27	2.89432202769
105	24	29.56	2.76159374275
106	24	29.06	2.55663841792
107	25	29.4	2.53771550809
108	24	29.56	2.59353041239
109	24	29.41	2.29388317052
110	24	29.41	2.65365785285
111	24	29.5	3.0083217913
112	24	29.45	2.68840101175
113	24	29.49	2.77667066826
114	23	29.1	2.39374184072
115	25	29.66	2.52673702629
116	25	29.9	2.8231188427
117	24	29.7	2.85131548588
118	25	30.05	2.57439313237
119	26	30.06	2.46908890079
120	25	29.89	2.25785296244
121	25	30.05	2.34680634054
122	24	30.1	2.7946377225
123	24	29.47	2.80162452873
124	24	29.06	2.38251967463
125	24	28.97	2.60559014429
126	24	29.42	2.55804612937
127	24	29.68	2.6339324213
128	24	29.15	2.77623846238
129	24	29.08	2.97549995799
130	22	28.37	2.84132011572
131	22	28.05	2.93385412044
132	23	27.62	2.79563946173
133	22	27.4	2.62678510731
134	22	27.32	2.4571528239
135	22	27.37	2.46030485916
136	23	27.74	2.38168007927
137	23	27.8	2.47790233867
138	23	28.42	2.60453450735
139	23	28.63	2.93480834127
140	21	28.46	2.57456792491
141	23	28.98	3.00326489008
142	23	28.71	2.52703383436
143	23	29.05	2.67721870605
144	23	28.79	2.42608738507
145	24	29.3	2.68886593195
146	24	29.06	2.61465102834
147	22	28.78	2.93455277683
148	22	28.56	2.91657333184
149	22	28.4	2.96310647801
150	21	28.06	2.84190077237
151	22	28.23	2.7923287772
152	21	27.89	2.81032026645
153	21	28.15	2.76179289593
154	21	28.07	2.76135836139
155	23	27.81	2.50477543904
156	23	27.95	2.79060925248
157	23	28.34	2.89903432198
158	23	28.04	2.66428226733
159	23	27.61	2.69033455169
160	22	27.56	2.45894286229
161	22	27.51	2.71843705095
162	22	27.7	2.59807621135
163	22	27.87	3.10049995968
164	21	27.16	2.75216278588
165	22	27.45	2.69583011334
166	22	27.38	2.91472125597
167	21	27.12	2.90613144919
168	21	26.47	3.27553049139
169	20	25.62	3.2917472564
170	21	25.87	2.70057401306
171	20	25.79	2.79748100977
172	20	25.6	2.76767050062
173	19	25.45	2.76179289593
174	21	26.02	3.0264831075
175	21	25.95	2.91333142639
176	20	25.48	2.49991999872
177	20	25.47	2.60559014429
178	19	25.6	3.03315017762
179	19	25.3	3.1
180	19	25.34	2.89212724478
181	20	25.6	2.97993288515
182	20	25.71	3.03741666552
183	20	25.15	2.7509089407
184	18	25.58	3.06
185	20	25.2	2.91547594742
186	20	25.05	3.09313756564
187	18	24.5	2.71108834235
188	19	24.96	2.90489242486
189	18	24.96	2.8527881099
190	17	24.9	2.99165506033
191	19	24.99	2.85129795006
192	19	25.45	3.16662280671
193	19	24.91	2.90205099886
194	19	24.76	2.81822639261
195	20	25.07	2.91635045905
196	19	25.09	2.82168389441
197	17	25.09	2.7132821453
198	17	25.44	2.71042432102
199	20	25.65	3.04753999153
200	18	25.59	3.2896656365
201	18	25.42	2.76470613267
202	18	25.49	3.37785434855
203	19	24.78	3.21428063492
204	18	24.39	3.1044967386
205	18	24.06	2.89765422368
206	19	24.72	3.12435593363
207	19	24.58	3.37099391871
208	19	24.26	2.87617801953
209	19	24.25	2.71062723369
210	20	24.49	2.85480297043
211	18	24.67	2.82154213153
212	17	24.64	2.83732268168
213	19	24.97	3.09339619189
214	18	24.4	3.03644529014
215	18	24.35	2.97111090335
216	19	24.75	2.51942453747
217	19	25.26	2.97529830437
218	18	25.71	2.89238655784
219	18	25.96	3.09489902905
220	20	26.19	3.01560939115
221	18	25.86	3.39711642426
222	17	25.4	3.25269119346
223	19	25.29	2.70294284068
224	19	25.96	2.89108975993
225	19	25.92	2.98556527311
226	19	25.74	3.20193691381
227	18	25.59	2.93630720464
228	20	25.53	3.02474792338
229	20	25.63	2.95179606342
230	20	25.95	2.78702350187
231	20	26.59	3.11478731216
232	20	26.5	3.25422801905
233	20	26.19	3.09093836885
234	18	25.51	3.14482113959
235	20	25.52	3.00159957356
236	19	25.79	2.80818446688
237	18	25.75	3.25998466254
238	18	25.42	2.75746260174
239	18	25.39	2.92196851455
240	18	25.73	3.11401669873
241	19	25.61	3.12696338322
242	19	25.13	2.64444701214
243	19	25.82	2.95425117416
244	19	26.07	3.2007967758
245	19	25.81	2.87296014591
246	18	26.15	2.98119103715
247	18	26.1	2.99499582637
248	18	26.24	2.88138855415
249	19	26.49	2.8687802286
250	18	26.58	3.11506019203
251	20	26.01	3.00830517069
252	18	26.16	2.99573029494
253	18	25.81	2.90067233586
254	21	25.73	3.04254827406
255	19	25.42	2.90234388038
256	19	25.29	2.9369882533
257	20	25.63	2.80590448875
258	20	26.24	2.74998181812
259	19	26.28	2.97684396635
260	19	26.15	2.84033448734
261	19	25.99	3.1890280651
262	21	25.92	2.86244650605
263	21	25.56	2.58193725718
264	21	26.14	3.03980262517
265	20	26.15	2.67721870605
266	20	26.56	2.87513477945
267	20	26.52	3.0999354832
268	20	26.31	3.06820794602
269	20	26.15	2.67348087706
270	20	26.5	2.91376045687
271	20	26.11	3.04596454346
272	20	26.03	2.96126662089
273	20	26.24	2.84295620789
274	20	26.16	3.10070959621
275	20	26.27	3.05566686666
276	20	25.71	2.69182094501
277	20	26.16	2.91451539711
278	20	25.91	2.78601866469
279	19	25.92	2.73744406336
280	19	25.82	2.72536236123
281	19	25.7	2.91376045687
282	20	25.78	3.03835481799
283	20	25.45	2.66973781484
284	19	25.54	2.6699063654
285	20	25.99	2.82664111624
286	20	25.97	2.88601801796
287	20	25.69	3.02223427285
288	20	25.62	2.71212094126
289	20	25.6	2.96647939484
290	20	26.02	2.98321973713
291	21	25.89	2.75279857599
292	20	25.88	2.81168988333
293	21	25.6	2.62297540972
294	21	25.76	2.62724189979
295	21	25.41	2.5655213895
296	21	25.38	2.55256733506
297	21	25.58	2.9297781486
298	21	25.01	2.25608067232
299	21	26.0	2.88790581564
300	21	26.26	2.49246865577
