200 50 100 0.9 33
1	51	61.07	3.8451397894
2	48	56.875	2.9697432549
3	47	54.15	2.66786431439
4	44	52.07	2.97407128361
5	44	49.575	2.58734902941
6	42	48.335	2.41718327812
7	40	46.87	2.60635761169
8	39	45.43	2.46679954597
9	37	44.1	2.25831795813
10	37	43.575	2.80969304373
11	37	42.155	2.35180250021
12	35	41.425	2.24819371941
13	32	40.63	2.3860217937
14	33	39.905	2.4951903735
15	32	39.2	2.63818119165
16	32	37.84	2.56405928169
17	30	37.28	2.50231892452
18	29	36.485	2.74586507316
19	29	35.175	2.69339469815
20	28	34.33	2.64217713259
21	27	33.35	2.62630919733
22	25	32.335	2.57735814353
23	25	31.76	2.70599334811
24	23	30.665	2.71344338434
25	24	30.045	2.79874525457
26	23	29.195	2.64517957802
27	21	28.495	2.65517890169
28	22	28.08	2.55217554255
29	20	27.505	2.61533458663
30	19	26.735	2.4949498993
31	17	26.615	2.79406066505
32	19	25.94	2.80827349095
33	17	24.96	2.87374320356
34	18	24.495	2.72946423314
35	17	23.985	2.75223091328
36	15	23.49	2.89998275857
37	16	23.005	2.82222872921
38	14	22.81	2.90927826101
39	14	22.355	3.00648881588
40	15	21.455	2.84041810303
41	15	20.915	2.68659170698
42	15	20.745	2.64385608534
43	13	20.865	2.75077716291
44	13	20.705	2.92198134833
45	12	20.17	2.97843918857
46	12	19.555	3.24144643639
47	10	18.53	2.91360601317
48	11	18.28	2.92431188487
49	12	18.07	3.07328814139
50	11	17.485	2.93764786862
51	11	17.245	2.70831589738
52	11	17.77	2.9371925371
53	9	17.39	2.87887130661
54	9	17.06	2.72514219812
55	9	17.125	2.88433267845
56	9	17.535	3.06247857135
57	9	16.97	2.99651464205
58	9	16.955	3.09240602121
59	9	16.55	2.81024909928
60	9	16.495	2.86355984746
61	10	16.755	2.73038001018
62	10	16.815	2.89840904636
63	9	16.85	3.03438626414
64	10	16.55	2.82798514848
65	10	16.89	2.60344003196
66	10	17.4	2.83019433962
67	10	16.83	2.84624313789
68	9	16.74	2.91931498814
69	9	16.395	2.96462054908
70	9	16.115	2.9311729734
71	8	15.75	3.01288897904
72	8	15.785	2.66810325887
73	8	15.81	3.32474059138
74	8	14.9	3.09030742807
75	8	14.54	3.03123737111
76	8	14.815	2.7019946336
77	8	14.8	2.87576076891
78	8	14.995	2.86443275362
79	8	14.625	2.96553114973
80	8	14.57	2.95044064506
81	8	14.5	2.77848879789
82	8	14.725	2.92905701549
83	7	14.89	2.98628531792
84	7	14.395	3.00981311712
85	7	14.49	2.989966555
86	7	14.325	3.0346952071
87	7	14.435	2.88544190723
88	7	14.43	2.78479801781
89	7	15.43	2.87142821606
90	7	15.1	3.07083050656
91	7	14.995	2.93001279861
92	8	14.905	2.85411544966
93	7	15.21	3.11863752302
94	8	14.98	2.96135104302
95	8	15.19	2.81849250487
96	8	15.14	2.92239627703
97	8	15.415	2.90736564608
98	8	15.28	2.88645110819
99	8	15.38	2.69733201516
100	8	15.255	2.97657101377
101	8	15.375	2.90764079625
102	8	15.385	3.00944762373
103	9	15.105	2.97556297194
104	8	14.945	2.96343972437
105	8	14.875	2.84066453493
106	8	15.025	2.76484628868
107	8	15.03	2.77472521162
108	8	15.07	2.88012152521
109	8	15.05	2.67535044433
110	10	15.3	2.92745623366
111	9	15.595	2.74061580671
112	8	15.61	2.86319751327
113	8	15.695	2.71881867729
114	8	15.82	2.91163184486
115	9	16.275	2.86170840583
116	9	16.41	3.12280322787
117	8	16.315	3.09447491507
118	8	16.08	3.14381933323
119	7	16.11	2.74916350914
120	9	16.335	2.97031563979
121	10	16.39	2.93562599798
122	10	16.71	2.94209109308
123	8	16.785	3.08525120533
124	9	16.69	3.23788511223
125	8	16.025	2.96721670931
126	8	16.26	2.91931498814
127	9	16.735	3.03723146961
128	10	16.6	2.81780056072
129	10	16.625	2.98401993961
130	8	16.8	2.97657521323
131	8	16.445	3.28130690427
132	7	15.875	3.48989613026
133	8	15.27	2.82791442586
134	8	15.535	2.99312128054
135	8	15.365	2.96340597961
136	8	14.875	3.26793130283
137	6	14.235	3.26186679679
138	6	14.175	3.06991449392
139	7	14.09	2.95667042465
140	7	14.29	2.93528533536
141	6	14.78	2.96337645263
142	7	14.705	2.96782327641
143	7	14.52	2.93931964917
144	7	14.905	3.00099566811
145	7	14.815	2.95648017074
146	7	14.645	3.00648881588
147	6	14.775	2.98234387689
148	7	15.035	3.01558866558
149	7	14.765	3.08703336555
150	6	14.625	2.97394939432
151	6	14.2	2.89482296523
152	6	14.525	3.05276514
153	6	14.425	2.95370530013
154	6	14.48	2.87742940834
155	6	14.805	2.88044701392
156	8	14.775	3.16770816206
157	8	14.855	2.65969453133
158	9	15.51	2.94616700138
159	7	15.425	2.89730478203
160	7	15.465	3.19041925145
161	7	14.975	2.89385124013
162	7	15.31	3.11350285049
163	8	15.7	2.83019433962
164	9	15.865	2.91320699574
165	9	15.985	2.81864772542
166	9	16.095	2.88200884801
167	9	16.255	2.91375616687
168	8	16.065	3.02171722701
169	9	16.04	2.91348588464
170	10	16.225	2.84681839955
171	8	16.22	2.97684396635
172	8	16.075	3.08858786503
173	7	15.89	2.91683047159
174	7	15.925	3.15743170948
175	7	15.53	2.87734252393
176	9	15.84	2.87652568214
177	9	16.115	3.24372856448
178	6	15.54	3.00639318786
179	7	15.435	3.03410200883
180	7	15.655	3.09935073846
181	7	15.2	3.38378486314
182	6	14.44	2.9726082823
183	6	14.9	3.0083217913
184	8	14.72	3.13553823131
185	6	14.485	2.97149373212
186	7	14.68	3.0442733123
187	6	14.875	3.2602722279
188	7	14.8	3.38082830088
189	7	14.52	3.12083322207
190	7	14.275	2.78376992584
191	7	14.84	3.09425273693
192	7	14.69	2.72835115042
193	7	15.0	2.98496231132
194	6	15.07	2.97911060553
195	8	14.99	2.81778281633
196	8	15.03	2.73113529507
197	7	15.475	2.99822864372
198	7	15.71	2.8152974976
199	9	15.605	2.89464591962
200	7	15.62	2.87499565217
201	7	15.96	2.86503054085
202	9	16.235	3.04463051946
203	8	16.155	2.69276345044
204	8	16.525	3.1542629884
205	7	15.91	3.17992138268
206	7	15.885	3.0646003002
207	7	15.615	3.15860333059
208	8	15.72	3.04493021266
209	9	15.365	2.88821311541
210	9	15.43	2.90432436205
211	9	15.79	2.77054146332
212	8	16.08	3.00725788718
213	10	16.245	3.0634906561
214	10	16.02	2.8739519829
215	10	16.26	3.18628310104
216	10	16.065	2.95309583319
217	9	16.04	2.82814426789
218	9	16.595	3.12585588279
219	10	16.56	2.88728245934
220	7	16.845	2.97505882295
221	7	16.95	3.24306953364
222	7	17.08	3.033743562
223	8	17.43	3.11690551669
224	8	17.66	3.13598469384
225	8	17.455	3.012967806
226	8	17.52	3.36148776586
227	8	16.795	3.42096112226
228	8	15.77	3.34022454335
229	8	15.05	3.19491783932
230	8	14.775	2.97394939432
231	8	15.08	2.87290793448
232	6	15.345	3.34005613725
233	8	14.75	3.17450783587
234	8	14.79	3.13303367361
235	8	14.995	2.63153472331
236	8	15.33	2.96666479401
237	6	15.16	2.91794448199
238	6	14.955	2.77902410929
239	10	15.205	2.76459309845
240	8	15.16	2.88866751289
241	8	15.38	2.83647668772
242	9	15.5	2.95465734054
243	9	15.405	2.73147853735
244	8	15.77	2.83497795406
245	7	15.955	2.86408362308
246	9	15.97	2.78910379871
247	9	16.6	2.88790581564
248	8	16.2	3.16701752442
249	8	15.955	3.06642707397
250	8	15.725	3.05603910315
251	8	15.475	3.07723496015
252	8	15.225	2.72477063255
253	8	15.41	3.0219033737
254	8	15.345	2.83301517822
255	8	15.42	2.9518807564
256	8	15.695	2.92266573525
257	8	15.595	2.97505882295
258	8	15.635	3.14988491853
259	8	15.43	2.82047868278
260	7	15.89	2.85970278176
261	7	16.21	3.20560446718
262	8	15.82	3.20586961681
263	8	15.84	3.03716973513
264	8	15.835	2.90994415754
265	8	15.96	2.94760920069
266	8	16.045	3.27459539485
267	9	15.765	3.03311308724
268	9	15.81	2.89722280814
269	9	16.155	2.97001262624
270	9	16.395	3.02803153881
271	9	16.1	2.75136329844
272	9	16.43	2.83638854884
273	10	16.665	2.79155422659
274	10	17.19	2.72284777393
275	10	17.635	2.78240453565
276	10	17.58	2.91952050858
277	11	17.79	3.00431356553
278	11	18.045	2.85358984439
279	10	18.21	2.97588642256
280	10	18.08	2.94509762147
281	8	17.79	3.14895220669
282	8	17.455	3.19499217526
283	9	17.255	2.98495812366
284	9	17.2	3.04466746953
285	10	16.795	2.9602322544
286	10	16.705	2.7853141654
287	10	17.22	2.64227174984
288	8	17.525	2.95793424538
289	9	16.99	3.27412583753
290	8	16.725	3.12719922614
291	8	16.52	3.09509289037
292	8	16.63	3.26084344917
293	8	16.55	3.18080178571
294	8	16.55	2.96774325035
295	9	16.715	2.82909437807
296	8	16.665	3.217572843
297	8	16.535	3.26477794038
298	8	16.0	3.04466746953
299	8	16.025	3.13598070785
300	8	15.5	2.93598365118
301	8	15.47	3.03794338328
302	8	15.35	3.28443297998
303	8	15.33	2.96160429497
304	8	14.915	3.01127464706
305	8	14.725	3.05112684102
306	8	14.895	2.74116307432
307	8	15.335	3.05004508163
308	8	15.55	2.8191310718
309	8	15.54	3.4041739086
310	8	14.97	2.90845319715
311	9	15.0	2.74226184016
312	8	15.285	3.02055872315
313	8	15.255	2.66457782772
314	9	15.335	3.03690220455
315	9	15.325	3.00489184498
316	9	15.45	2.64149578837
317	8	15.985	2.6428724903
318	9	16.255	2.76043022009
319	9	16.355	2.95279105255
320	9	16.14	2.88797506914
321	9	16.455	2.88755519428
322	9	16.265	3.16777129856
323	9	16.08	2.67275139136
324	9	16.605	2.95955655462
325	10	16.56	2.92
326	9	17.445	2.61284806294
327	9	17.905	2.91650047146
328	11	17.96	2.88416365694
329	9	17.735	3.10399339561
330	8	17.02	2.98154322457
331	8	17.195	3.40836837798
332	8	16.685	3.30692833306
333	8	16.515	3.22486821436
334	8	16.285	3.25941329076
335	8	16.13	2.86235916684
336	8	16.17	3.10501207727
337	7	15.615	2.87346045736
338	7	15.62	3.13458131175
339	9	15.695	3.12921315989
340	9	15.41	3.0400493417
341	7	15.375	3.16612934038
342	9	15.315	2.67315824447
343	8	15.525	2.79631453882
344	9	15.71	3.1122178587
345	9	15.775	2.58928078817
346	9	16.095	3.01429510831
347	8	15.625	2.78825662377
348	8	15.68	3.14763403209
349	8	15.48	3.1574673395
350	8	15.045	3.212938686
351	7	14.855	2.96377715087
352	7	14.935	2.90357968721
353	7	15.12	2.91472125597
354	7	15.47	2.96126662089
355	7	15.675	3.01154030357
356	7	15.51	3.00996677723
357	8	15.625	3.07317018728
358	8	15.46	2.95438656915
359	8	15.425	2.94013179977
360	7	15.27	3.31769498297
361	7	14.98	2.90853915222
362	7	15.08	3.30962233495
363	7	15.125	2.85646197244
364	8	15.265	2.76129951291
365	7	15.43	2.85396215812
366	7	15.375	3.13757470031
367	7	15.585	3.12774279633
368	7	15.56	3.19631037291
369	8	15.6	2.9883105595
370	7	15.835	3.12374374749
371	8	15.525	3.09182389537
372	8	15.715	3.12790265194
373	8	15.44	2.83485449362
374	8	15.61	2.87539562495
375	8	15.525	3.20146450863
376	7	15.525	3.05112684102
377	7	15.625	3.07154277196
378	7	15.445	3.23527046783
379	7	15.43	3.26727715384
380	7	15.085	3.00628924091
381	6	14.82	3.01290557436
382	6	14.905	3.19937103194
383	8	14.51	2.86529230621
384	7	14.795	3.04187031282
385	7	15.01	3.08056812942
386	6	14.93	3.02243279495
387	7	15.09	3.04497947448
388	6	15.04	3.37318840268
389	7	14.325	3.18894575056
390	7	14.165	3.18555725109
391	7	14.165	2.97283955167
392	7	14.76	3.25306009782
393	6	14.68	2.93557490111
394	8	14.795	3.1117479011
395	7	14.905	2.88027342452
396	7	14.805	3.15229678171
397	7	14.91	3.07439424928
398	7	14.84	2.85909076456
399	7	15.17	2.91394921026
400	7	15.28	2.94136022955
1	51	60.845	3.4685695899
2	48	56.87	2.80055351672
3	48	54.485	2.67951021644
4	45	52.52	2.86523995505
5	43	50.53	2.85991258608
6	41	49.06	2.54487720725
7	41	47.855	2.58146760584
8	38	46.215	2.36617307059
9	36	44.98	2.56702162048
10	35	43.55	2.83151902695
11	33	42.075	2.86170840583
12	35	40.805	2.48937241087
13	34	39.77	2.56458573653
14	28	38.81	3.00398069235
15	28	37.195	2.67151174431
16	29	35.93	2.75047268665
17	26	34.945	3.1051529753
18	26	33.53	2.87734252393
19	27	32.695	2.90894740413
20	25	31.43	2.64293397572
21	25	30.915	2.73820652983
22	22	30.56	2.95066094291
23	23	29.425	2.7375856151
24	22	28.87	2.87282091332
25	19	27.88	2.98087235554
26	19	26.76	2.97697833381
27	19	25.76	2.90385950073
28	20	24.98	2.90337734372
29	16	23.96	2.69042747533
30	16	23.49	2.67392969242
31	16	22.87	2.84659445654
32	16	22.13	2.87282091332
33	15	21.775	2.83449730993
34	15	21.225	2.68967934892
35	15	21.085	2.71804617326
36	13	20.54	2.71447969232
37	14	19.92	2.54825430442
38	14	19.725	2.71097307253
39	12	19.445	2.88564984016
40	13	18.93	2.80447856116
41	13	18.67	2.5379322292
42	13	18.54	2.79792780464
43	12	18.23	2.64709274488
44	12	18.305	2.65178713324
45	12	18.155	2.74061580671
46	12	18.33	2.81799574166
47	12	18.535	2.92211823854
48	13	17.84	2.63901496775
49	11	18.28	2.78416953507
50	11	18.005	2.83283868231
51	12	17.675	2.81946360147
52	11	18.18	2.83330196061
53	11	18.135	2.66022085549
54	9	17.975	3.05194610044
55	10	17.55	2.84385302011
56	10	17.415	2.99044729096
57	7	17.785	3.32697685595
58	7	17.285	3.33073190155
59	7	16.785	3.07225894091
60	7	16.29	3.4199268998
61	7	15.595	3.10499194846
62	7	15.16	2.95878353382
63	7	15.07	3.03069299006
64	7	15.09	3.09546442396
65	7	14.48	3.13840723935
66	7	14.615	2.98609695087
67	7	14.705	2.79427539802
68	7	14.845	2.89153505945
69	7	14.605	3.05760936027
70	7	14.685	3.07664996384
71	7	14.635	3.08249493106
72	7	14.6	3.35857112475
73	7	14.235	3.11765536902
74	7	14.3	3.22645316098
75	7	14.215	2.75658756436
76	7	14.385	3.38183012583
77	7	13.78	2.97684396635
78	7	13.74	2.94489388603
79	8	13.82	2.7198529372
80	7	14.26	2.88312330642
81	7	14.305	2.97858607396
82	7	14.19	2.92812226521
83	7	14.025	3.12799856138
84	6	14.33	2.96497892067
85	4	14.7	2.97657521323
86	6	14.59	3.30634239001
87	6	14.47	3.09339619189
88	6	14.355	3.08690378859
89	4	14.485	2.98492462216
90	6	14.7	3.00499584026
91	6	14.425	3.01568814701
92	6	14.415	3.06149881594
93	6	14.15	2.94915242061
94	7	14.48	2.99993333259
95	5	14.305	3.26679889188
96	5	14.27	2.9710435877
97	5	14.955	3.08431110623
98	7	15.135	3.21819436952
99	6	15.21	3.40821067424
100	5	14.79	3.13462916467
101	4	14.455	3.28298263779
102	4	14.37	3.17538973986
103	5	14.075	3.40284807184
104	5	13.785	3.24172407833
105	4	13.445	3.35514157674
106	4	12.93	3.33992514886
107	4	12.67	2.95484348147
108	5	13.095	2.97421838472
109	5	12.95	2.90645832587
110	5	13.37	2.97709590037
111	5	13.85	3.28595496013
112	4	13.825	2.98569506146
113	7	14.135	3.02436356941
114	4	13.955	3.24853428487
115	7	13.965	2.90237402827
116	7	14.03	3.14469394377
117	5	14.03	3.12235488053
118	5	13.91	3.37222478492
119	5	13.735	3.17407860646
120	4	13.94	3.24289993678
121	4	13.955	3.20358783242
122	4	13.72	3.31535820086
123	4	13.02	3.5312320796
124	5	12.88	3.27957314296
125	4	12.555	3.27825792152
126	4	12.31	3.2193011664
127	4	12.875	3.12719922614
128	5	12.89	3.13015974033
129	4	13.27	3.12043266231
130	4	13.555	3.46366496648
131	4	13.27	2.81728592798
132	4	13.9	3.21558703816
133	4	13.605	3.41891430135
134	4	13.11	3.26311201156
135	4	13.21	3.23355841141
136	4	13.415	3.39599396348
137	4	13.46	3.13502791056
138	4	13.23	3.15707142776
139	4	13.17	3.36913935598
140	4	12.93	3.23034053932
141	4	12.87	3.17381473939
142	4	12.92	3.03868392565
143	4	13.34	3.05849636259
144	5	13.78	3.14031845519
145	4	13.55	3.31926196616
146	6	13.805	3.14753474961
147	4	13.695	3.20811081479
148	5	13.48	3.44667956155
149	4	13.225	3.37259173337
150	5	12.985	3.14559612792
151	5	13.5	3.20780298647
152	4	13.765	3.20308835345
153	4	14.015	3.17565347606
154	6	14.195	3.10273669524
155	6	14.52	3.2710243044
156	7	14.04	3.01137842192
157	7	14.325	2.97982801517
158	7	14.84	2.90075852149
159	7	15.075	3.29232061015
160	7	14.915	2.99962914374
161	8	15.49	2.97151476523
162	8	15.595	3.3333129166
163	5	15.14	3.45982658525
164	4	14.505	3.38230320935
165	4	14.715	3.23477588095
166	4	14.31	3.4181720261
167	7	14.49	3.14323082194
168	4	14.76	3.4702161316
169	5	14.57	3.11530094854
170	5	14.985	3.30828883261
171	5	14.69	3.28996960472
172	7	14.405	3.33031154699
173	6	13.925	3.23100216651
174	5	14.15	3.03768003582
175	5	13.965	3.37398503257
176	5	13.38	3.26582302031
177	4	13.375	3.23641391049
178	5	13.45	3.16030061861
179	6	13.37	2.80233830934
180	6	13.88	3.10895480829
181	5	14.04	3.2137828178
182	6	13.77	3.28741539815
183	6	14.0	3.03315017762
184	5	14.055	3.21433896781
185	5	13.825	3.3127594238
186	6	13.62	3.13936299271
187	6	13.9	3.3
188	4	13.645	3.24175492596
189	5	13.4	3.21869538789
190	5	13.745	3.33766010852
191	4	13.36	3.2388886983
192	4	13.115	3.53295556157
193	4	12.8	3.11608729018
194	4	13.01	3.35557744658
195	4	13.155	3.08722772079
196	5	13.56	3.22589522458
197	5	13.535	3.18257364408
198	5	13.58	3.1691639276
199	4	13.235	3.44960504986
200	4	12.905	3.16164118774
201	4	12.84	3.16139209843
202	4	12.215	3.13189639037
203	4	12.095	3.202495121
204	4	12.375	3.24412931308
205	4	12.385	3.32517292783
206	4	12.105	3.09418406046
207	4	12.265	3.19449135231
208	4	12.425	3.2209276614
209	4	12.46	3.439244103
210	4	12.275	3.20146450863
211	4	12.455	2.96782327641
212	4	12.905	3.23047597112
213	4	12.665	3.17218773089
214	4	12.725	3.50704647816
215	4	11.745	3.42490510817
216	4	11.755	3.31737471504
217	4	11.56	3.05882330317
218	4	12.115	2.82166174443
219	4	12.65	3.27833799356
220	4	12.805	3.19170409029
221	4	12.78	3.52726522961
222	4	12.59	3.16889570671
223	4	12.87	3.28071638518
224	4	13.065	3.25741845639
225	4	13.23	3.08335855846
226	4	13.565	3.48794710396
227	4	13.565	3.26431845873
228	4	13.22	3.5442347552
229	4	12.7	3.1432467291
230	4	12.825	3.04866774182
231	5	13.23	3.0277219159
232	4	13.235	2.88093300859
233	4	13.565	3.55749560787
234	4	13.31	3.31871963263
235	4	13.22	3.5442347552
236	4	12.47	3.43206934662
237	4	12.495	3.33316291231
238	5	12.45	3.021175268
239	5	12.975	3.23486862175
240	5	12.65	3.2630507198
241	4	12.545	3.20592810275
242	4	12.31	2.99898316101
243	4	12.49	3.12568392516
244	4	12.555	2.97942528015
245	4	12.55	3.09636884108
246	4	12.845	3.36020460687
247	4	12.465	3.40275990925
248	4	12.52	3.28627448641
249	4	12.155	3.21573863988
250	4	12.285	3.37694758621
251	4	12.245	3.03232171776
252	4	12.86	3.24505778069
253	4	12.985	3.01077647792
254	7	13.405	2.88461002564
255	4	13.625	3.14235182626
256	4	13.62	3.07336948641
257	4	13.835	3.27837993527
258	4	14.07	3.24886133899
259	4	13.965	3.2285871523
260	4	14.06	3.53361005206
261	4	13.82	3.35970236777
262	4	13.945	3.35290545647
263	4	13.34	3.3547578154
264	4	13.455	3.55780480072
265	4	13.655	3.18213371812
266	6	13.45	3.36860505254
267	6	13.51	2.85655386786
268	4	13.83	3.5848430928
269	4	13.615	3.52374445725
270	4	13.51	3.31510180839
271	4	13.115	3.32592468345
272	6	13.03	2.96295460647
273	4	13.295	3.28754847873
274	4	12.92	3.5921581257
275	4	12.15	3.39963233306
276	4	11.82	3.27224693445
277	4	12.17	3.14977776994
278	4	12.295	3.41876805297
279	4	12.13	2.96700185372
280	5	12.82	2.86489092288
281	5	12.99	3.08705361146
282	5	13.395	3.07716996606
283	5	13.715	3.43566223602
284	4	13.175	3.53332350628
285	4	12.41	3.56256929757
286	4	12.075	3.14791597728
287	4	12.11	3.26311201156
288	4	11.685	3.04725696324
289	4	11.73	3.0930729057
290	4	11.725	3.02974833938
291	4	12.17	3.02673090974
292	3	12.275	3.44374432849
293	3	11.865	3.59955205546
294	3	11.365	3.20963783004
295	3	11.75	3.00790624854
296	3	12.155	3.10821090018
297	3	12.51	3.30603992716
298	4	12.74	2.98368899184
299	6	12.815	2.85495621683
300	3	13.085	2.90306303755
301	4	13.245	3.27184580933
302	3	13.61	3.18714605878
303	3	13.96	3.08843002187
304	3	14.26	3.25613267543
305	3	14.31	3.50769154858
306	3	14.16	3.71138788056
307	3	13.645	3.2324874323
308	3	13.72	3.46865968351
309	3	13.625	3.63240622728
310	3	13.26	3.65409359486
311	3	12.925	3.5999131934
312	3	12.53	3.55233725876
313	3	12.88	3.05214678546
314	5	12.725	3.0658400154
315	3	12.82	3.10605859571
316	3	13.165	3.58716810311
317	5	12.575	3.08939719039
318	5	12.71	2.94039113045
319	6	13.23	3.0326720891
320	5	13.355	2.97304137206
321	5	13.675	2.93587721133
322	5	13.87	2.9854815357
323	5	14.27	3.0392597783
324	6	14.51	2.86529230621
325	6	14.65	3.00624350311
326	6	14.305	3.10676278464
327	7	14.58	2.82021275793
328	5	14.765	3.03805447614
329	5	14.99	3.34961191782
330	6	14.655	3.35499254843
331	6	14.255	3.05450077754
332	6	14.295	2.88408997779
333	7	14.48	3.11762730293
334	7	14.685	2.9909488461
335	6	14.675	3.1223989175
336	5	14.865	2.86300104785
337	6	14.955	2.89878854006
338	6	15.225	3.3052042297
339	5	14.64	3.08227188937
340	5	14.59	3.18777351768
341	5	14.38	3.45334620332
342	5	13.955	3.22071032538
343	6	14.16	3.15981012088
344	6	13.965	3.16919153729
345	6	13.955	3.40043747186
346	4	13.57	3.27339273537
347	6	13.41	2.8498947349
348	5	13.665	2.91080315377
349	5	14.135	2.9388390565
350	6	14.455	3.07863200139
351	6	14.085	3.30874220815
352	6	13.97	3.02309444113
353	6	14.205	3.0402261429
354	5	14.11	3.23232114741
355	5	14.045	3.20358783242
356	5	14.595	3.0001624956
357	5	14.625	3.13916788337
358	5	14.555	2.92523076013
359	7	14.755	2.94363295946
360	7	14.755	3.00415961627
361	7	14.675	3.25259511775
362	6	14.54	3.10135454278
363	7	14.305	3.23140449341
364	5	14.395	3.08528361743
365	5	13.82	3.23691210879
366	6	13.77	2.9710435877
367	6	13.915	3.11091224563
368	6	14.0	3.04630924235
369	6	14.165	3.35227907549
370	6	13.715	3.36359554644
371	6	13.325	3.08534844061
372	6	13.635	2.9785525008
373	6	14.02	3.09509289037
374	6	13.945	3.20499219968
375	4	14.11	2.93562599798
376	4	14.325	3.08696857775
377	6	14.355	2.9998291618
378	6	14.51	3.1128604209
379	6	14.505	2.96310225946
380	6	14.6	3.4278273002
381	6	14.15	3.25076913976
382	6	14.415	3.26079361506
383	6	14.17	3.59041780299
384	5	13.495	2.80534757205
385	6	13.79	3.06690397633
386	4	13.735	3.28097165486
387	6	13.685	2.75241257808
388	6	14.115	3.14829715878
389	6	13.98	3.02317713672
390	4	14.295	3.03775821948
391	6	14.24	3.30490544494
392	6	13.825	2.97898892244
393	5	13.545	3.04433490273
394	5	13.9	2.97153159162
395	7	13.95	2.96437177156
396	8	14.12	2.91815009895
397	8	14.39	2.71438759207
398	5	14.715	3.05675890446
399	8	14.95	3.11568612026
400	5	14.525	3.69450605629
1	48	61.075	3.76156549857
2	50	56.43	2.75954706428
3	47	53.965	2.69513914298
4	43	51.72	2.79671235561
5	42	49.52	2.86872794109
6	39	47.11	2.73457492126
7	36	45.62	2.99759903923
8	34	43.57	2.98414141756
9	34	41.855	2.83266217541
10	32	40.455	3.05253583108
11	33	38.655	2.78495511633
12	31	37.07	2.72673797788
13	28	36.345	2.76513562054
14	30	35.775	2.62190293489
15	30	35.41	2.55184247163
16	30	34.965	2.38196872356
17	27	34.355	2.46352897284
18	27	33.855	2.96377715087
19	27	33.035	2.58723307802
20	27	32.46	2.51364277494
21	26	31.925	2.70912808852
22	24	31.66	2.67290104568
23	23	31.03	2.8034086395
24	23	30.255	2.86355984746
25	23	29.885	2.58491295792
26	23	29.195	2.31883052421
27	23	29.355	2.52764218196
28	24	29.11	2.47747855692
29	24	28.95	2.59566947048
30	22	28.385	2.34238660345
31	23	28.26	2.54605577315
32	20	27.955	2.55205309506
33	20	27.315	2.63358595835
34	20	27.245	2.54852408268
35	20	26.83	2.38560264923
36	20	27.195	2.69387731718
37	20	26.59	2.70035182893
38	20	26.165	2.68286693669
39	19	25.96	2.6321854038
40	18	25.38	2.78129466256
41	18	25.105	2.79713692908
42	19	25.125	2.84418265939
43	19	25.175	2.62571418856
44	18	24.645	2.80873192028
45	18	24.385	2.6432508394
46	17	24.055	2.70591481758
47	17	23.635	2.58297793254
48	15	22.91	2.63285016664
49	15	22.905	2.88894011707
50	16	22.63	2.7880279769
51	15	22.305	2.58495164365
52	15	22.11	2.68289023257
53	15	22.075	2.84769643747
54	15	21.74	2.55585602098
55	15	21.705	2.58417781896
56	15	21.955	2.7519038864
57	15	21.635	2.59649282687
58	15	21.565	2.6955101558
59	15	21.51	2.51791580479
60	16	21.815	2.59437372019
61	15	21.705	2.60153320179
62	15	21.565	2.69736445443
63	15	21.38	2.56819002412
64	15	21.545	2.73458863451
65	15	21.31	2.77378802362
66	15	20.99	2.73676816702
67	15	20.695	2.63665981879
68	15	20.51	2.65139585879
69	15	20.56	2.62800304414
70	14	20.41	2.63474856485
71	14	20.255	2.72763175667
72	14	20.105	2.61227391366
73	14	20.145	2.64461244798
74	14	20.445	2.88391660767
75	14	20.14	2.58271175318
76	14	19.945	2.71145256274
77	14	20.26	2.65939842822
78	14	20.1	2.79821371593
79	13	19.78	2.80028569971
80	13	19.945	2.57137609073
81	15	20.29	2.56630083973
82	15	20.76	2.59275914809
83	15	20.905	2.72506421943
84	14	20.75	2.86487347016
85	14	20.545	2.63969221691
86	14	20.75	2.82090411039
87	14	20.27	2.78156430808
88	14	20.28	2.69473560855
89	14	19.935	2.71859798426
90	13	19.87	2.79876758592
91	13	19.525	2.99489148384
92	13	19.63	2.72453665786
93	13	19.485	2.94953809943
94	13	19.575	2.87999565972
95	13	19.29	2.75425125942
96	14	19.32	2.54511296409
97	13	19.54	2.8263757712
98	13	19.51	2.63247032272
99	14	19.6	2.50599281723
100	13	19.615	2.85425559472
101	13	19.94	2.71595287146
102	13	19.72	2.74437606752
103	13	19.89	2.82097500875
104	13	19.3	2.65329983228
105	13	19.67	2.60789186892
106	13	19.85	2.85613375037
107	14	19.6	2.40416305603
108	14	20.27	2.7833612773
109	13	20.28	2.70399704142
110	13	20.38	2.79742738958
111	14	20.565	2.85758201982
112	14	20.58	2.77012635091
113	14	20.24	2.71153093289
114	14	20.77	2.8752565103
115	14	20.305	2.75898079007
116	15	20.24	2.74269940023
117	14	20.185	2.75695030786
118	13	20.335	2.73363768631
119	13	20.375	2.58348117857
120	15	20.52	2.57285833267
121	13	20.695	2.78244047555
122	13	20.555	2.7562610544
123	13	20.695	2.7169790209
124	13	20.285	2.99228591548
125	13	19.635	2.74804930815
126	13	19.665	2.78078675917
127	13	19.735	2.64854205177
128	13	20.0	2.79642629082
129	13	19.9	2.53968501984
130	13	20.125	2.67008894983
131	13	20.175	2.69153766461
132	13	19.86	2.63256528884
133	13	20.085	2.69958793152
134	13	20.24	2.75724500181
135	13	20.125	2.89125837656
136	13	19.49	3.03807504845
137	13	19.19	3.0006499296
138	13	19.25	2.6865405264
139	13	19.46	2.69414179285
140	13	19.67	2.7168179917
141	13	19.58	2.75019999273
142	13	19.51	2.67392969242
143	13	19.75	2.62059153628
144	13	19.935	2.80727180729
145	13	19.705	2.88928624404
146	13	19.68	2.59376174696
147	13	19.835	2.61108693842
148	13	20.41	2.77703078845
149	13	20.39	2.80141035909
150	13	20.53	2.81408955081
151	13	20.255	2.87923166834
152	13	19.865	3.02931923045
153	13	19.595	2.80017410173
154	13	19.8	2.75499546279
155	13	19.335	3.00545753588
156	13	19.375	2.5385773575
157	13	19.75	2.80133896557
158	14	19.75	2.62821232019
159	13	19.495	2.87575642223
160	13	19.72	2.76072454258
161	13	19.795	2.78800555954
162	13	20.065	2.60974615624
163	13	20.14	2.74415742989
164	13	20.28	2.64605366537
165	14	20.54	2.56288899486
166	14	21.055	2.84639684514
167	14	20.93	2.81693095407
168	13	20.78	2.84633097162
169	14	20.86	2.87930547181
170	13	20.465	2.92040664977
171	13	20.29	2.90101706303
172	13	19.805	2.75807450951
173	14	19.45	2.52735039122
174	14	20.02	2.63431205441
175	15	20.38	2.51904743901
176	15	20.965	2.60648709953
177	14	21.185	2.85320433898
178	15	21.14	2.72220498861
179	15	20.855	2.72286154624
180	15	21.105	2.62373302758
181	15	20.73	2.7923287772
182	14	20.49	2.78565970643
183	14	20.255	2.69628911655
184	14	20.335	2.87450430509
185	14	20.395	2.73111241072
186	14	19.985	2.94529709877
187	14	20.005	2.46068587999
188	14	20.485	2.71104684578
189	14	20.4	2.59229627936
190	14	20.51	2.58455025101
191	14	20.925	2.75850956134
192	13	21.125	2.82831663715
193	13	20.455	2.91684332798
194	13	20.395	2.78728810854
195	13	20.305	2.70406638232
196	12	20.48	2.81950350239
197	13	20.43	2.73771802785
198	13	20.35	2.8332843133
199	14	20.39	2.61875924819
200	14	21.0	2.84956136976
201	12	20.83	2.67228366758
202	14	20.995	2.58166128685
203	14	20.755	2.7631458521
204	14	20.655	2.55655529962
205	14	21.195	2.98445556174
206	15	21.02	2.71101457023
207	14	21.385	2.90633360095
208	14	21.465	2.86160357143
209	15	21.385	2.67147431206
210	14	21.495	2.83018992296
211	13	21.175	2.79004928272
212	13	21.2	2.94448637287
213	13	21.04	3.16044300692
214	13	20.23	2.77256199209
215	13	20.405	2.78943990794
216	13	20.77	2.95077955802
217	13	20.195	2.79051518541
218	13	20.29	2.7469801601
219	11	19.93	2.77760688363
220	13	19.93	3.0520648748
221	12	19.65	2.9030156734
222	12	19.515	2.85478107742
223	12	19.2	2.82488937837
224	11	19.195	2.93546844643
225	9	18.9	3.00998338866
226	9	18.345	3.03578243621
227	7	18.12	2.83118349812
228	7	17.935	3.46132561311
229	10	17.22	2.74255355463
230	10	17.845	3.09046517534
231	9	17.765	3.116051187
232	7	17.415	3.02535535103
233	7	17.705	3.09967336989
234	8	17.37	3.06318461735
235	8	17.605	3.03956822592
236	10	17.445	3.30408459335
237	9	17.06	3.1790564638
238	7	16.95	3.15079355084
239	7	16.685	3.22424797433
240	7	16.5	3.3
241	7	15.855	3.38880141053
242	7	15.645	3.04121275152
243	7	16.015	3.2457318127
244	7	15.69	3.19278874967
245	7	15.835	3.02948427954
246	7	15.935	3.01343242831
247	9	15.93	3.03234232896
248	8	16.09	2.81458700345
249	9	16.49	3.05776061849
250	9	16.32	3.11730652968
251	7	16.12	2.99091959103
252	7	16.08	3.19117533207
253	7	16.155	3.11463882336
254	7	15.995	2.85919131924
255	7	16.225	3.01071004914
256	8	16.51	2.8687802286
257	8	16.475	3.1111693943
258	7	16.185	3.30314622746
259	8	16.22	2.75891282936
260	10	16.61	2.90996563554
261	9	16.95	2.9929082846
262	8	16.915	2.9373074405
263	7	16.945	3.24067508399
264	7	16.725	3.2045865568
265	7	16.065	3.01674907806
266	10	16.365	3.20340053693
267	7	16.575	2.98066687169
268	7	16.15	3.12689942275
269	7	16.285	3.05512274712
270	7	16.195	3.05728228988
271	7	16.155	2.92591438699
272	9	16.8	3.1432467291
273	9	16.685	2.9775451298
274	8	16.39	3.16510663327
275	7	16.02	3.22948912369
276	7	15.68	3.29205103241
277	7	15.91	3.44556236339
278	7	15.54	3.26472050871
279	7	15.68	3.04263044092
280	7	15.645	3.25867687873
281	7	15.455	3.16353836708
282	7	15.475	2.85646197244
283	7	15.86	3.25121515744
284	7	15.42	3.06
285	7	15.66	2.92820764291
286	7	16.24	3.23610877444
287	7	16.06	3.10264403372
288	7	16.195	3.15546747725
289	7	16.19	3.13111801119
290	8	16.385	3.28584464027
291	7	15.93	3.15992088509
292	8	15.53	3.02309444113
293	9	16.045	2.78979837981
294	9	16.055	2.87957896228
295	9	16.22	2.93965984427
296	8	16.09	2.90377340714
297	8	16.55	3.12049675533
298	8	16.48	3.10315968007
299	7	16.305	3.11640417789
300	7	16.14	3.3496865525
301	9	16.08	3.08765283023
302	9	16.14	2.93775424432
303	10	16.45	3.05573231812
304	9	16.27	2.99951662773
305	10	16.745	2.72763175667
306	9	17.12	3.0619601565
307	9	17.245	3.12009214608
308	9	17.035	2.99228591548
309	9	16.935	3.25895305275
310	9	17.0	3.11608729018
311	7	16.815	3.21259630206
312	7	16.475	3.49991071315
313	7	16.1	3.22180073872
314	7	16.025	3.15822339299
315	7	16.075	3.38959805877
316	7	15.5	3.07408522979
317	7	16.035	2.96374340995
318	7	16.26	3.17370446009
319	7	15.925	3.22635630394
320	7	15.77	3.22445344206
321	7	16.035	3.03212384312
322	7	15.87	3.0566484914
323	7	15.905	3.09289104237
324	7	15.905	3.03907469471
325	7	16.6	2.98161030318
326	7	16.56	3.16486966556
327	7	16.43	3.31890042032
328	7	15.86	3.23579974659
329	8	15.975	2.90935989523
330	7	15.795	3.18637333029
331	7	15.945	3.05155288337
332	7	16.075	3.17795138415
333	7	16.515	3.23261117365
334	9	16.455	3.05253583108
335	7	16.29	2.96747367301
336	7	16.715	3.07632491782
337	7	16.76	3.17212862287
338	7	16.805	3.35960935229
339	7	16.545	3.16669780686
340	7	16.345	3.25975075734
341	7	16.195	3.17127340354
342	7	16.33	3.04648978334
343	7	16.18	3.14445543775
344	7	16.205	2.8588415486
345	9	16.325	2.94268160017
346	7	16.685	2.95563444966
347	8	16.435	3.24126132856
348	7	16.41	3.27290390937
349	7	16.315	3.29935978638
350	7	15.565	3.20714436844
351	9	15.89	2.67168486166
352	8	16.445	3.25990413969
353	7	16.415	2.83774117918
354	7	16.445	3.37297717158
355	7	15.655	3.50228139932
356	7	15.23	3.5038692898
357	7	14.945	3.23295143793
358	7	15.155	3.20951320296
359	7	15.275	2.85120588524
360	7	15.5	3.18119474412
361	7	15.255	3.21247178976
362	7	15.105	3.36659694647
363	7	14.595	2.88114126693
364	7	15.035	2.76111843281
365	8	15.82	3.01456464519
366	7	15.535	3.18414431206
367	7	15.26	3.04998360651
368	7	15.285	2.92810092039
369	8	15.205	2.95854271559
370	7	15.575	2.66540334659
371	8	15.59	3.04169360719
372	7	15.68	3.01290557436
373	7	15.645	3.22629431391
374	7	15.675	2.8034576865
375	7	15.615	2.91492281201
376	7	15.72	2.73890489065
377	8	16.15	2.96942755426
378	10	16.585	2.97872036284
379	7	16.55	3.07367857786
380	7	16.425	3.12159814838
381	7	16.86	3.02661527122
382	7	16.49	3.22953557033
383	7	16.505	3.33316291231
384	7	16.125	3.22790566777
385	7	15.9	3.09030742807
386	7	16.42	3.15017459834
387	8	16.045	3.31405718116
388	7	15.86	3.13534687076
389	8	15.83	2.94127523364
390	7	16.435	3.2257983508
391	7	16.115	3.5484891151
392	7	15.56	3.21191531644
393	7	15.415	3.27150959039
394	7	15.215	3.02469419942
395	7	15.07	2.94535227095
396	9	15.79	2.60497600757
397	9	16.13	3.11979165971
398	7	16.03	2.9409352254
399	7	16.395	3.42767778532
400	8	15.945	3.02522313227
1	52	60.645	3.53962921787
2	47	56.395	2.74935901621
3	46	53.545	2.77812436727
4	44	50.785	2.87032663646
5	38	48.22	2.96
6	38	45.97	2.52568802507
7	36	44.23	2.86305780591
8	34	41.945	2.62525713026
9	33	40.335	2.33725800886
10	34	39.45	2.3510635891
11	32	38.2	2.3769728648
12	32	37.035	2.14330935705
13	29	36.015	2.38007878021
14	28	35.07	2.46882563175
15	30	34.37	2.2590042054
16	28	33.705	2.23337748713
17	28	32.705	2.10189795185
18	26	32.38	2.40324780245
19	24	31.55	2.35743504683
20	25	31.29	2.32720862838
21	26	31.285	2.26136573778
22	25	30.64	2.5535073918
23	24	29.95	2.55098020376
24	22	29.265	2.5109311022
25	22	28.72	2.73890489065
26	23	27.975	2.58541582729
27	23	27.5	2.55929677841
28	22	27.435	2.49915485715
29	22	27.02	2.44532206468
30	20	26.675	2.33653054763
31	19	26.485	2.53570010056
32	19	26.26	2.7152163818
33	18	25.72	2.57130317155
34	19	25.475	2.60947791713
35	19	25.545	2.76730464532
36	19	24.565	2.61070392806
37	18	24.18	2.5685793739
38	18	23.87	2.67265785315
39	17	23.725	2.49386747844
40	17	23.555	2.64706913397
41	16	23.225	2.73575857853
42	16	22.985	2.64854205177
43	16	22.855	2.5444007153
44	16	22.825	2.66727857563
45	16	22.55	2.69953699734
46	16	22.49	2.58067820543
47	16	22.16	2.69896276373
48	16	21.855	2.67095020545
49	16	21.685	2.50714479039
50	16	21.73	2.72343533061
51	15	21.64	2.49407297407
52	14	21.565	2.4810834327
53	15	21.5	2.68141753556
54	14	21.75	2.74362898366
55	14	21.675	2.59987980491
56	14	21.37	2.53240991942
57	13	21.26	2.85524079545
58	14	20.61	2.82097500875
59	14	20.545	2.817441215
60	14	19.985	2.58355859233
61	14	19.895	2.73568547169
62	14	19.965	2.77736835872
63	13	19.43	2.52291498073
64	13	19.865	2.75622477313
65	14	19.395	2.60364648138
66	14	19.115	2.4518921265
67	13	19.22	2.86733325583
68	13	18.665	2.53037052623
69	13	18.84	2.55037252181
70	13	19.06	2.62609976962
71	13	19.03	2.7908959135
72	13	18.515	2.84249450307
73	12	18.325	2.60564291491
74	13	18.665	2.68938189925
75	13	18.79	2.60497600757
76	14	18.885	2.4518921265
77	14	19.125	2.76936364532
78	14	18.995	2.61055070818
79	13	19.235	2.73125886726
80	13	19.25	2.71799558499
81	14	19.14	2.41462212365
82	12	19.11	2.60535985998
83	12	19.575	2.96721670931
84	12	18.945	2.85516636993
85	12	18.24	2.82
86	12	18.25	2.75816968296
87	12	18.16	2.67102976397
88	13	18.415	2.67633611492
89	12	18.39	2.63209042398
90	12	18.46	2.62076324761
91	12	18.35	2.72350876628
92	12	18.16	2.73393489315
93	12	17.8	2.62488094968
94	12	17.75	2.77803887662
95	12	17.455	2.9929876378
96	12	17.38	2.74145946532
97	12	17.19	2.91957188642
98	12	16.8	2.52784493195
99	12	16.965	2.5988026089
100	12	16.8	2.67020598456
101	12	16.655	2.53889247508
102	12	16.85	2.67535044433
103	12	17.0	2.53771550809
104	12	17.02	2.55139177705
105	12	17.375	2.66540334659
106	12	17.165	2.66228755021
107	12	17.405	2.41681091524
108	12	17.88	2.69733201516
109	12	17.78	2.54393396141
110	12	17.835	2.81385411846
111	12	17.655	2.70110625485
112	12	17.36	2.60775765745
113	12	17.54	2.55507338446
114	11	17.7	2.58843582111
115	12	18.085	2.64533079217
116	12	17.79	2.76512205879
117	12	18.04	2.54527012319
118	12	18.195	2.7562610544
119	12	17.885	2.79853086458
120	12	17.945	2.63286440973
121	12	18.045	2.61399598316
122	12	18.055	2.70591481758
123	12	17.88	2.78668261558
124	12	17.84	2.51284699096
125	12	18.025	2.7936311496
126	11	18.19	2.7683749746
127	11	17.92	2.87638662214
128	11	17.49	2.95802298842
129	12	17.555	2.78154183862
130	11	17.43	2.64104146124
131	12	17.755	2.67300860455
132	12	17.81	2.56201092894
133	12	17.86	2.80007142766
134	11	17.89	2.6772934094
135	10	17.62	2.89406288805
136	11	17.185	3.034925864
137	11	17.115	2.69105462598
138	9	16.735	3.10077006564
139	9	16.075	2.85295899024
140	10	15.885	2.77160152259
141	10	15.955	2.67824102724
142	10	15.835	2.80673742983
143	10	16.165	2.77628798938
144	10	15.845	2.67038854851
145	10	16.31	2.63702483872
146	10	16.385	2.62807439012
147	10	16.405	2.68159933622
148	11	16.38	2.59722929292
149	11	16.67	2.75156319208
150	11	16.765	2.62102556264
151	10	17.065	2.76600343456
152	10	16.93	2.95552025877
153	10	16.98	2.90681956784
154	10	17.205	2.92625614053
155	9	17.03	2.84589177588
156	9	17.215	2.96627291394
157	9	17.41	3.00531196384
158	7	17.22	3.17357842191
159	10	16.805	2.65084420515
160	9	16.91	2.78062942515
161	11	17.08	2.92294372166
162	10	17.16	2.75397893964
163	10	17.365	2.88128009746
164	10	17.365	2.93628591932
165	7	17.27	3.13960188559
166	9	17.045	3.10209203603
167	9	16.93	3.20547968329
168	9	16.35	2.92702921065
169	8	16.265	3.07811224617
170	9	16.29	2.76512205879
171	8	16.435	3.1234236024
172	8	16.315	2.9522491426
173	8	16.41	3.12280322787
174	7	16.575	3.13598070785
175	7	16.285	3.20371268999
176	8	15.68	3.04263044092
177	7	15.635	2.74258545901
178	7	15.84	2.78467233261
179	7	16.275	3.15267743355
180	8	16.15	2.96774325035
181	7	16.005	3.03726439415
182	7	15.735	3.00579024551
183	7	15.77	3.13003194872
184	7	15.465	3.25711145035
185	7	15.24	2.94149621791
186	7	15.475	3.0346952071
187	7	15.93	2.94704937183
188	7	16.29	3.12504399969
189	7	15.635	3.14988491853
190	8	15.805	3.00282783389
191	8	15.745	2.92403402853
192	7	15.895	3.25637451777
193	7	15.615	3.1806878187
194	7	15.74	3.18157193852
195	7	15.145	3.36065097861
196	7	14.985	2.97233494075
197	7	15.165	3.36864587038
198	7	14.685	2.90444056575
199	7	14.93	2.85746391053
200	7	14.93	2.83815080642
201	7	15.255	2.87749456993
202	7	15.005	2.96563231032
203	7	15.5	2.66833281283
204	8	15.73	2.7869517398
205	8	16.285	3.20527299929
206	9	16.44	3.01104632977
207	8	16.3	3.09515750811
208	7	15.955	3.19264388869
209	8	15.655	3.16322224954
210	8	15.27	3.00451327173
211	7	15.09	2.93289958914
212	7	14.995	2.81335653624
213	7	15.05	2.91333142639
214	8	14.94	2.87513477945
215	8	15.105	2.99064792311
216	8	15.18	2.99292499071
217	7	15.26	3.11807633005
218	8	15.39	2.7853007019
219	9	15.65	2.92018835009
220	10	15.885	2.85688204167
221	8	15.29	3.04399408672
222	9	15.395	2.99816193692
223	7	15.55	2.84736720498
224	7	15.735	3.09592877825
225	7	15.42	2.99559676859
226	8	15.12	2.87847181678
227	8	15.63	2.93651153582
228	7	15.675	3.05112684102
229	7	16.19	2.99230680245
230	7	16.49	3.19059555569
231	7	16.005	3.31737471504
232	7	15.525	3.23564135837
233	7	15.935	2.96323725004
234	7	15.705	3.30423591773
235	7	15.325	3.27251814357
236	7	15.04	3.03782817157
237	7	15.255	2.89481864717
238	7	15.5	2.9478805946
239	7	15.73	2.8682921748
240	7	16.01	3.05612499744
241	7	15.735	3.35332297878
242	8	15.885	3.17360599319
243	7	15.565	3.20402481264
244	7	15.22	3.17515353959
245	7	14.755	2.88876703803
246	7	14.19	3.01063116306
247	7	14.2	2.92232783924
248	7	14.1	3.10483493925
249	7	14.205	2.93137766247
250	7	14.06	3.06045748214
251	7	14.225	3.01402969461
252	7	13.995	3.17883233279
253	7	13.69	2.81316547682
254	7	14.015	2.74859509568
255	7	14.685	2.7360144371
256	7	14.79	3.08316395931
257	7	14.93	2.86445457286
258	8	15.31	2.93494463321
259	7	15.535	2.82290187573
260	7	15.865	3.14750297855
261	8	16.005	3.23650660435
262	8	15.61	2.86145068104
263	8	15.715	2.87293839126
264	8	15.64	3.13215580711
265	8	15.335	2.9022017504
266	8	15.8	3.00499584026
267	9	15.63	2.62737511597
268	8	15.88	2.97415534228
269	8	15.84	3.19756157095
270	7	15.625	3.20848484491
271	9	15.665	2.98710143785
272	10	15.935	2.97502520998
273	7	15.875	3.07398357185
274	7	15.705	2.86844470053
275	7	16.295	2.89620009668
276	9	16.12	2.98087235554
277	7	16.025	3.04374358316
278	10	15.865	3.0077857304
279	9	15.925	2.58251331071
280	8	16.6	2.85482048472
281	9	16.925	3.10312342648
282	9	16.485	2.87050082738
283	9	16.775	2.90764079625
284	9	16.915	2.9150943381
285	9	16.89	3.05743356428
286	9	16.61	2.8386440425
287	7	16.495	3.21558315085
288	7	16.3	3.39558536927
289	8	15.81	3.16131301835
290	7	15.845	3.01843916619
291	8	15.97	3.11112519838
292	7	16.24	3.09069571456
293	7	16.27	3.04747436413
294	7	16.045	2.94668881968
295	7	16.01	3.25421265439
296	7	15.495	3.48998209164
297	6	14.95	3.15713477698
298	6	15.325	2.98820598353
299	6	15.8	3.05450486986
300	6	16.01	3.09837053949
301	6	15.835	3.19339552827
302	8	15.385	3.29951132745
303	6	15.255	3.26036424346
304	6	14.455	3.05089740896
305	6	14.21	3.04727747342
306	8	14.48	3.08862428923
307	7	14.415	3.03195893772
308	7	14.54	2.95776942982
309	7	14.61	2.86319751327
310	7	15.04	2.89799930987
311	8	15.28	2.93114312172
312	8	15.74	2.95844553778
313	7	16.06	3.03749897119
314	7	16.29	3.14895220669
315	7	16.33	3.49443843843
316	7	15.71	3.13462916467
317	7	15.89	2.98628531792
318	7	15.66	3.4313845602
319	8	15.53	3.00650960418
320	7	15.375	3.18502354779
321	6	15.455	3.21527215022
322	6	15.065	3.18131655137
323	7	15.06	2.94387499735
324	6	15.16	3.20068742616
325	7	15.25	2.86312766044
326	6	15.305	3.18307634216
327	6	15.045	3.31254811286
328	7	14.365	3.11637208947
329	5	14.22	3.27591208673
330	5	14.07	3.32191209998
331	5	13.945	2.94651913281
332	6	14.225	2.72293499739
333	6	14.665	3.0071207159
334	6	14.8	3.22024843762
335	5	14.4	2.97825452237
336	5	14.53	3.16845388163
337	5	13.85	3.24461091658
338	5	13.405	2.93614968964
339	5	13.775	3.01900231865
340	5	13.86	3.14807877919
341	5	13.795	3.17379504694
342	5	13.99	2.93426311022
343	5	14.19	3.16447467994
344	5	14.295	3.12217472285
345	5	14.72	3.31987951589
346	5	14.49	3.25421265439
347	5	14.285	3.54030719006
348	5	13.895	3.36956599579
349	5	13.685	3.04725696324
350	5	13.91	3.13877364587
351	5	13.935	3.25127282768
352	5	13.465	3.21228501226
353	5	13.555	3.17757375996
354	5	13.685	3.27196806219
355	5	13.41	3.35736503824
356	5	13.29	3.30694723272
357	5	13.165	2.78168564004
358	5	13.865	2.97267135755
359	5	14.16	3.17401953365
360	5	14.03	3.27247612673
361	5	14.0	3.07733651069
362	5	14.375	3.32781835442
363	5	13.945	2.73166158226
364	5	14.29	3.38170075554
365	5	13.845	3.19389652306
366	5	13.525	3.05930956263
367	5	13.79	3.160047468
368	5	13.85	3.00291525022
369	6	14.015	3.19292577427
370	6	13.73	2.85956290366
371	6	14.445	2.84376071427
372	6	14.675	3.18580837465
373	6	14.505	3.24807250535
374	6	14.335	2.94665488308
375	5	14.375	3.37110886801
376	5	14.295	3.30877243098
377	5	14.015	3.2718152454
378	6	14.035	3.18806759652
379	7	14.215	3.07388597707
380	7	14.195	3.12681547265
381	5	14.235	3.09996370946
382	7	14.585	3.03195893772
383	7	14.67	3.2173125431
384	6	14.11	3.22302652797
385	5	13.82	3.03275452353
386	7	14.395	3.03956822592
387	6	14.685	3.27349583779
388	5	14.67	3.07913949018
389	5	14.745	3.19060730896
390	5	14.39	3.53099136221
391	5	13.85	3.31624787976
392	5	13.46	3.33592565864
393	5	13.43	3.05042619973
394	5	13.655	3.04564853521
395	5	13.99	3.09837053949
396	5	14.42	3.1989998437
397	6	14.505	3.31511312024
398	7	14.08	3.17546846938
399	6	14.12	3.06032677994
400	6	14.28	3.35434047169
1	49	60.885	3.63342469304
2	48	56.965	2.95191039837
3	45	54.01	2.93255860981
4	46	51.56	2.60123047806
5	42	49.86	2.59622803313
6	42	48.33	2.42097087963
7	37	47.175	2.48080128184
8	38	45.685	2.40536379785
9	38	44.545	2.74189259454
10	37	43.395	2.79445432956
11	35	41.775	2.60276295502
12	34	40.325	2.56307920283
13	33	39.515	2.6832396464
14	33	38.895	2.80070973148
15	30	37.46	2.69414179285
16	28	36.42	2.5325086377
17	28	35.405	2.86547989
18	27	33.675	2.61713106282
19	27	32.535	2.54730740194
20	26	31.515	2.56705570645
21	25	30.905	2.39498956156
22	24	30.365	2.62712295106
23	25	29.61	2.29301112078
24	25	29.31	2.23693987402
25	24	29.375	2.3841927355
26	23	29.16	2.46665765764
27	22	28.89	2.64724384974
28	22	28.39	2.51553175293
29	23	28.255	2.43925705902
30	22	27.77	2.61478488599
31	21	27.39	2.72358219997
32	20	26.615	2.67521494464
33	20	26.03	2.58439548057
34	20	25.585	2.61204421861
35	20	25.42	2.66713329251
36	20	24.95	2.614861373
37	20	24.66	2.3883885781
38	18	24.785	2.7108624089
39	18	24.305	2.67244738021
40	18	23.92	2.76289703029
41	18	22.895	2.5444007153
42	17	22.745	2.63817645354
43	17	22.63	2.69130080073
44	17	22.415	2.52839375889
45	15	22.24	2.52039679416
46	15	21.615	2.43038577185
47	16	21.83	2.74792649101
48	16	21.515	2.66641613406
49	16	21.505	2.68327691452
50	15	21.335	2.59090235246
51	15	21.3	2.33880311271
52	14	21.19	2.73018314404
53	14	20.92	2.67088000479
54	14	20.815	2.49414815117
55	16	20.98	2.66075177347
56	15	20.525	2.7729722321
57	15	20.255	2.89136213574
58	15	19.98	2.71470072015
59	15	20.255	2.57487378331
60	15	19.94	2.84892962356
61	14	19.7	2.62297540972
62	14	19.665	2.68193493583
63	14	19.69	2.53454137863
64	14	19.68	2.53132376436
65	14	19.21	2.6317104704
66	14	19.07	2.53872015
67	14	19.31	2.67654628206
68	14	19.17	2.77147974916
69	14	18.61	2.74734417211
70	13	18.82	2.5899034731
71	14	18.975	2.6465779792
72	14	18.705	2.65668496439
73	14	18.74	2.79506708327
74	13	18.165	2.51152841911
75	13	18.42	2.61220213613
76	14	18.685	2.5250297028
77	13	19.11	2.69590430097
78	13	18.635	2.63472484332
79	13	18.975	2.5640544066
80	13	18.875	2.46563886245
81	13	19.16	2.66165362134
82	13	18.98	2.6980733867
83	13	18.895	2.57759092953
84	13	19.11	2.65290406913
85	13	18.94	2.88208258036
86	13	18.54	2.93571115745
87	13	18.185	2.65721188466
88	13	18.22	2.76253506765
89	13	18.13	2.66891363667
90	13	18.3	2.84077454227
91	13	18.375	2.72477063255
92	13	18.415	2.54612941541
93	13	18.59	2.63474856485
94	13	18.745	2.58262947401
95	13	18.93	2.53082990341
96	13	18.87	2.70612268754
97	13	18.7	2.78567765544
98	12	18.635	2.58684653584
99	12	18.32	2.85264789275
100	12	18.305	2.66682864091
101	13	18.62	2.57208086965
102	13	18.765	2.74586507316
103	12	18.565	2.76509945572
104	12	18.7	2.88444102037
105	12	18.48	2.82304799818
106	12	18.32	2.86314512381
107	12	18.205	2.78082271999
108	12	18.075	2.56892487239
109	12	18.145	2.60460649619
110	12	18.275	2.4411831148
111	12	18.575	2.7936311496
112	12	18.31	2.53848379944
113	12	18.49	2.60190314962
114	13	18.37	2.83603596592
115	13	18.65	2.88053814417
116	13	18.69	2.61225955831
117	12	18.68	2.58410526101
118	12	18.965	2.95360373104
119	12	18.285	2.78456010889
120	13	18.775	2.63332014765
121	13	18.64	2.78754372163
122	13	18.31	2.68587043619
123	13	18.08	2.65774340372
124	13	18.125	2.45751398775
125	13	18.54	2.75833282981
126	12	18.76	2.70968632871
127	12	18.695	2.35838398061
128	13	19.035	2.56588678628
129	12	19.405	2.7551724084
130	12	19.125	3.00322743062
131	12	18.435	2.91475127584
132	12	18.37	2.75010908875
133	12	18.32	2.80314109527
134	12	18.42	2.67835770576
135	12	18.31	2.68214466426
136	12	18.485	2.86352492568
137	12	18.365	2.64230486508
138	12	18.295	2.72175954118
139	12	18.555	2.62049136614
140	12	18.685	2.79209150996
141	12	18.32	2.69213669787
142	12	18.64	2.71116211245
143	12	18.615	2.6032239627
144	13	18.89	2.67168486166
145	12	18.69	2.96376449807
146	12	18.425	2.77747637254
147	12	18.36	2.75869534382
148	12	17.875	2.79273611356
149	12	17.885	2.86387412433
150	12	17.555	2.61284806294
151	12	18.03	2.76027172575
152	12	17.6	2.63818119165
153	12	17.65	2.66411336095
154	12	17.54	2.43072005793
155	12	17.805	2.87523477302
156	12	18.0	2.49599679487
157	12	18.205	2.81300106648
158	12	18.46	2.6699063654
159	12	18.5	2.80713376952
160	12	18.67	2.68721044952
161	12	18.59	2.66681457923
162	12	18.55	2.81024909928
163	12	18.74	2.6291443475
164	11	18.84	2.72293958802
165	12	18.675	2.95624339323
166	12	18.125	3.00489184498
167	12	17.86	2.76050719977
168	12	18.255	2.59421953581
169	12	18.365	2.80566836957
170	12	18.385	2.75803825209
171	10	18.015	3.15670318529
172	12	17.425	2.7936311496
173	12	17.57	2.70279484978
174	12	17.535	2.57075378051
175	12	18.175	2.63901023113
176	12	18.37	2.78982078277
177	12	18.43	2.80091056623
178	12	18.17	2.72967030976
179	11	18.095	2.82063379403
180	12	17.835	2.65099509619
181	11	18.005	2.89395490635
182	9	17.82	2.79062716965
183	9	17.995	3.01080969176
184	8	17.915	3.29966286157
185	8	17.18	3.24
186	8	16.605	3.38363340213
187	8	16.19	2.88684949383
188	8	16.47	2.81408955081
189	8	16.475	2.85821185359
190	9	16.42	2.95018643479
191	7	16.56	3.15220557705
192	7	16.1	3.28785644455
193	7	15.965	3.26554359946
194	8	15.76	3.23301716667
195	7	15.485	2.72392639401
196	7	16.435	3.0668835974
197	7	16.6	3.03973683071
198	7	16.56	3.06535479186
199	7	16.27	3.29197509104
200	7	15.805	3.07684497497
201	7	15.71	2.99096974241
202	7	15.805	3.09466880296
203	7	15.785	3.15575268359
204	7	15.905	3.17426763207
205	7	15.825	2.98401993961
206	7	15.675	3.11759121759
207	7	15.77	3.0326720891
208	7	15.685	3.10415447425
209	7	15.795	3.17379504694
210	7	15.48	2.96809703345
211	7	15.61	3.03774587482
212	7	15.55	2.95254127829
213	7	15.455	3.02456195175
214	7	15.735	3.18037340575
215	7	15.74	3.16581742999
216	7	15.88	3.05050815439
217	7	15.95	3.12369972949
218	8	16.13	3.09888689694
219	8	16.08	3.23783878536
220	7	15.68	2.96438863849
221	8	15.805	2.90636800836
222	7	15.66	3.1296006135
223	7	15.855	3.18809896333
224	7	15.69	3.29452576253
225	7	15.485	3.25419344846
226	7	15.47	3.15263381952
227	7	15.535	3.34346751143
228	7	14.79	3.29634646237
229	7	14.68	3.10927644316
230	7	14.73	3.01448171333
231	7	14.79	3.17740460124
232	7	14.83	2.91909232468
233	7	14.685	2.90616155779
234	7	14.85	3.33129104102
235	7	14.605	2.69981017851
236	7	15.085	3.01293461595
237	8	14.58	3.00892007205
238	7	14.685	3.00262801559
239	7	14.925	3.20614644082
240	7	14.97	3.27705660616
241	7	14.75	3.1060424981
242	7	14.71	2.817072949
243	7	15.09	3.16415865595
244	7	14.785	3.17470864805
245	7	14.54	2.94591242232
246	7	14.52	2.71654191943
247	7	14.745	2.99832870113
248	7	14.805	2.89257238457
249	7	15.275	2.8964417826
250	7	15.725	2.68874970944
251	8	16.195	3.40102558062
252	8	15.475	3.07398357185
253	8	15.435	2.8453075405
254	8	15.765	3.02816363494
255	8	15.37	3.18796173126
256	8	15.215	2.92382882536
257	8	15.595	2.94634943617
258	8	15.845	2.9884736907
259	8	16.375	2.98401993961
260	8	16.175	2.99739470207
261	8	16.18	3.13649485891
262	8	16.0	2.9883105595
263	8	15.89	3.19654500985
264	8	15.645	2.93410548549
265	9	16.005	3.002494796
266	8	15.71	2.97588642256
267	8	16.015	2.9265636846
268	9	16.25	3.2276152187
269	9	16.315	3.1234236024
270	7	16.5	3.04138126515
271	9	16.24	3.21596019876
272	9	15.78	2.75528582909
273	7	16.455	2.94923295112
274	10	16.58	2.93659666962
275	8	16.675	2.89298721048
276	10	16.855	2.96546370742
277	7	17.24	3.0020659553
278	9	17.37	3.11497993573
279	8	16.73	3.04090447071
280	8	16.655	3.21962342519
281	9	16.905	3.29635783858
282	9	16.85	3.1886517527
283	7	16.58	3.19430743668
284	8	16.275	2.91193664079
285	10	16.57	2.84694573183
286	10	17.05	2.97951338309
287	7	17.105	3.25944397099
288	7	16.585	3.21601850119
289	8	16.345	3.18527471343
290	8	16.115	3.20652070007
291	7	15.76	3.17527951526
292	7	15.965	3.42691917033
293	8	15.48	3.20774063789
294	8	15.22	2.93965984427
295	7	15.34	2.91279934084
296	7	15.5	3.02489669245
297	7	15.9	3.01330383466
298	7	15.64	3.46704485117
299	8	15.485	2.97653741787
300	8	15.525	3.07398357185
301	8	15.18	3.05574868077
302	8	15.415	2.89530222947
303	9	15.605	2.80873192028
304	7	15.805	3.27825792152
305	7	15.31	3.23479520217
306	7	15.13	3.06481647085
307	7	14.745	3.24499229583
308	8	14.645	2.9831149827
309	8	14.965	2.83967867901
310	8	15.0	3.02820078595
311	8	15.315	3.20402481264
312	8	14.655	3.07993100572
313	7	14.325	3.09667160028
314	7	14.61	2.8806075748
315	7	14.82	2.88922134839
316	8	15.02	2.97650802115
317	8	15.22	3.0432876959
318	8	15.19	3.04530786621
319	8	15.305	3.12281523629
320	8	15.34	2.73576314764
321	7	15.865	2.94733354068
322	7	16.09	3.17362568681
323	7	15.975	2.91965323283
324	8	15.765	2.923999829
325	8	16.315	3.01923417442
326	9	16.34	3.00239904077
327	8	16.64	2.97832167504
328	10	16.845	3.00515806573
329	10	16.455	3.28145927904
330	8	16.535	3.11428563237
331	8	16.555	3.04581269943
332	8	16.86	2.87060969134
333	8	16.705	3.14451506595
334	8	16.525	2.91879684117
335	8	16.495	2.95126667721
336	7	16.39	2.78170810834
337	8	16.57	3.0520648748
338	8	16.51	3.04793372631
339	10	16.48	3.17798678411
340	7	16.275	2.86520069105
341	8	16.45	3.07205143186
342	8	15.855	3.13112998772
343	8	16.01	3.16226184874
344	7	16.15	3.26151805146
345	8	15.75	3.35074618555
346	7	15.445	3.10917593584
347	8	15.33	3.10017741428
348	7	15.46	2.97966441063
349	7	15.52	3.00659275593
350	7	15.8	3.09838667697
351	7	15.87	3.12619577122
352	9	16.275	3.00156209331
353	9	16.505	2.81957000268
354	11	16.525	2.83008392102
355	9	16.81	2.96545106181
356	10	16.645	3.03627650256
357	9	16.625	2.89730478203
358	7	16.675	2.9815054922
359	7	16.505	3.20779908972
360	7	15.885	3.31387612925
361	7	15.67	3.17664917799
362	8	15.385	3.06378442453
363	7	15.34	3.02066217906
364	7	15.78	2.97011784278
365	8	16.23	3.12683546097
366	9	16.22	3.12435593363
367	9	16.175	2.86607309746
368	8	16.37	3.14532987141
369	8	16.25	3.08828431334
370	7	16.07	3.37121639768
371	7	15.555	3.17284966552
372	7	15.27	3.31920171126
373	7	15.075	2.88433267845
374	7	15.81	3.02223427285
375	8	15.9	2.93768616431
376	7	16.015	2.88873242098
377	7	15.905	3.01926729522
378	7	16.13	3.36943615461
379	7	15.92	3.24400986435
380	8	15.87	3.19109699006
381	7	15.545	3.38939153831
382	7	15.03	3.0706839629
383	8	15.495	2.66270069666
384	7	16.15	3.13647891751
385	7	16.08	3.14699857007
386	8	16.32	2.86489092288
387	7	16.415	3.06802460877
388	7	16.705	3.34035552
389	7	16.22	3.31686599066
390	7	15.89	2.91511577815
391	8	16.28	3.00858770854
392	8	16.285	2.68956780915
393	10	16.72	2.62899220235
394	10	17.485	2.95800185936
395	10	17.77	3.01448171333
396	10	17.63	2.96194193056
397	7	17.54	3.3193975357
398	8	16.92	3.08765283023
399	8	16.77	3.07686528792
400	9	16.57	2.99584712561
1	52	60.81	3.57685616149
2	46	56.7	2.75862284483
3	48	54.85	2.7744368798
4	48	52.8	2.35372045919
5	46	51.62	2.45470975881
6	43	49.89	2.62257507042
7	43	48.12	2.49311050698
8	40	47.025	2.41337419395
9	37	45.7	2.85482048472
10	38	44.46	2.59776827296
11	34	43.185	2.63832806906
12	33	41.245	2.90258074823
13	32	39.475	2.72017922204
14	30	37.885	2.65928091784
15	29	36.675	2.56307920283
16	28	35.485	2.5553424428
17	28	34.585	2.89875404269
18	29	33.755	2.35052653676
19	27	32.695	2.28953597919
20	26	32.145	2.44417163882
21	26	31.3	2.4269322199
22	26	30.895	2.45234071858
23	24	30.33	2.52212212234
24	24	29.79	2.53887770481
25	24	28.825	2.27252612746
26	23	28.355	2.52566327922
27	22	27.585	2.49254388126
28	22	26.81	2.33321666375
29	18	26.525	2.50387200152
30	21	26.765	2.62102556264
31	20	26.295	2.74189259454
32	20	25.84	2.6446927988
33	20	25.34	2.6008460162
34	19	24.745	2.54164808736
35	19	24.96	2.81218776045
36	18	24.335	2.58703981415
37	18	24.19	2.55027449503
38	17	23.805	2.6223987111
39	17	23.485	2.70550827018
40	17	23.155	2.71679498674
41	16	22.975	2.8397843228
42	14	22.62	2.80991103062
43	15	21.995	2.78477557444
44	15	21.515	2.83015458942
45	16	21.32	2.54314765596
46	14	21.16	2.71374280285
47	14	21.035	3.09253536762
48	14	20.53	2.79268687826
49	14	19.875	2.66070949185
50	14	19.76	2.69117074895
51	14	19.335	2.76455692653
52	14	19.09	2.59459052646
53	14	18.85	2.73084236088
54	14	18.825	2.45446022579
55	14	18.995	2.56222071649
56	14	18.85	2.56661255354
57	14	19.02	2.6324133414
58	14	19.395	2.61896449002
59	14	19.125	2.63426934842
60	14	19.03	2.75664651343
61	12	18.76	2.5044759931
62	12	18.825	2.5207885671
63	14	18.62	2.42190008052
64	12	18.95	2.58215026674
65	13	18.955	2.61399598316
66	13	19.05	2.7527259217
67	12	18.895	2.65027828727
68	14	18.715	2.58529978919
69	13	18.985	2.66735355737
70	13	18.545	2.63020436468
71	13	18.895	2.69146335661
72	13	19.005	2.69721615745
73	13	18.885	2.60993773872
74	13	18.775	2.56795151823
75	13	18.885	2.66116046115
76	13	18.93	2.57974804971
77	13	18.97	2.63990530133
78	13	18.995	2.72304517039
79	13	19.135	2.66022085549
80	13	18.715	2.69142620185
81	12	18.83	2.65539074337
82	12	18.745	2.92745196374
83	12	18.435	2.66003289453
84	11	18.69	2.67093616547
85	13	18.74	2.63294511906
86	12	18.83	2.76063398516
87	13	18.53	2.62470950774
88	13	19.36	2.40424624363
89	14	19.34	2.55624724939
90	13	19.05	2.81380525268
91	12	18.63	2.80233830934
92	12	18.785	2.49575138986
93	11	18.73	2.97776762021
94	11	18.87	2.83250772285
95	11	18.705	2.97623503776
96	11	18.535	3.17942998036
97	11	18.195	2.9235209936
98	12	17.96	2.73283735337
99	12	17.97	2.76027172575
100	12	17.985	2.61051240181
101	11	18.57	2.79912486324
102	12	18.795	2.96360844242
103	11	18.225	3.26410401182
104	10	17.79	2.82770224741
105	10	17.735	2.88873242098
106	10	17.655	3.03083734305
107	11	17.63	2.74647046225
108	11	17.99	2.85830369275
109	12	17.785	2.92040664977
110	12	17.375	2.71558004853
111	12	17.84	2.68782439903
112	12	18.12	2.78488778948
113	12	18.305	3.09224433058
114	12	18.16	2.77928048243
115	11	18.28	2.62899220235
116	12	18.395	2.64177497149
117	12	18.23	2.79411882353
118	12	18.65	2.78881695348
119	12	18.15	2.93044365242
120	12	17.96	2.83167794779
121	12	17.865	2.74167375886
122	11	18.245	3.03067236764
123	11	17.475	2.79810203531
124	11	17.31	2.90927826101
125	11	16.865	2.67521494464
126	11	16.975	2.60660219443
127	11	16.9	2.85482048472
128	10	16.615	2.68826616986
129	10	16.66	2.68596351427
130	10	16.645	2.53159534681
131	10	16.83	2.71129120531
132	12	16.785	2.59591506024
133	12	16.99	2.80889658051
134	12	16.92	2.57751818616
135	12	16.755	2.6258284407
136	11	17.12	2.66187903557
137	11	16.815	2.62502857127
138	12	17.065	2.4861164494
139	11	17.325	2.64563319453
140	11	17.79	2.61455541154
141	11	18.11	2.7853007019
142	11	17.67	2.60405453092
143	11	17.655	2.80997775792
144	11	17.625	2.84857420476
145	11	17.71	2.64308531834
146	10	17.915	2.87537388873
147	10	17.63	3.00218253942
148	11	17.73	2.81728592798
149	9	17.38	2.74145946532
150	11	17.295	2.98797172008
151	11	16.995	2.86617776839
152	9	16.905	2.92676869602
153	9	16.435	2.99429040008
154	9	16.34	2.74670711944
155	9	16.405	2.77145719794
156	10	16.345	2.67693388039
157	10	16.62	2.90096535657
158	9	16.42	2.99726542035
159	10	16.26	2.82
160	10	16.1	2.7147743921
161	10	16.61	2.5725279396
162	9	16.665	2.98207561943
163	9	16.345	2.90963485682
164	9	16.105	2.94516128591
165	9	16.085	2.94410852381
166	9	16.015	2.88180065237
167	9	15.84	3.06013071616
168	9	15.895	2.70813127451
169	9	16.095	2.98931012108
170	9	16.05	3.01951982938
171	9	16.165	2.6282646366
172	9	16.79	2.84708622981
173	9	16.76	3.13407083519
174	10	16.245	2.7631458521
175	9	16.33	2.83215465679
176	9	16.425	2.8397843228
177	11	16.605	2.81761867541
178	9	16.85	3.08180142125
179	9	16.415	3.06639446256
180	9	16.315	2.78671401475
181	10	16.46	2.88589674105
182	10	16.675	3.04127851405
183	9	16.28	2.82340220302
184	8	16.47	3.03958878798
185	8	16.48	3.0837639339
186	9	16.565	3.01094254346
187	9	16.325	2.89298721048
188	9	16.285	2.66153621054
189	10	16.345	2.81708626066
190	8	16.45	2.79419040153
191	8	16.69	2.98058719047
192	8	16.735	2.75948817718
193	8	16.865	3.09625176625
194	9	16.635	2.92434180629
195	9	16.345	3.09773707729
196	10	16.305	2.76802727588
197	9	16.57	2.98414141756
198	10	16.795	2.8395378145
199	10	16.6	2.83548937575
200	9	16.575	2.73575857853
201	9	16.8	2.88617393793
202	9	16.805	2.92181022655
203	9	16.745	2.79642182083
204	8	16.635	3.030144386
205	8	16.47	3.38955749324
206	8	16.135	3.12038058576
207	10	16.48	2.9714642855
208	8	16.025	3.10714901477
209	7	15.43	2.90604542291
210	8	15.615	2.98274621783
211	8	15.55	2.89611809151
212	8	15.325	2.98653227004
213	8	15.475	2.95962413154
214	8	15.59	2.88130178912
215	8	15.84	2.92991467453
216	8	16.105	2.9570213053
217	8	16.16	2.9907189771
218	8	16.255	2.93597939366
219	9	16.18	2.93897941469
220	7	16.035	3.30813769363
221	7	15.74	3.16581742999
222	7	15.365	3.17203010705
223	7	15.495	2.87575642223
224	7	15.775	3.09263237388
225	7	15.83	3.16087013337
226	7	15.615	3.0359141951
227	7	15.99	2.80889658051
228	7	16.07	3.12971244686
229	9	16.155	2.90877551557
230	9	16.515	3.08379230818
231	8	16.43	2.90087917708
232	8	16.38	2.72682966098
233	7	16.385	2.92690536232
234	9	16.89	2.83335490188
235	8	16.745	3.07895680385
236	7	16.355	3.08528361743
237	9	16.215	2.97972733652
238	7	16.265	3.03723146961
239	7	16.7	2.97825452237
240	7	16.09	3.22364700301
241	7	16.105	3.03874562937
242	7	16.145	3.11672504402
243	7	16.3	2.92745623366
244	9	16.43	3.00916932059
245	7	16.75	3.08017856625
246	7	17.03	3.24177420559
247	7	16.715	3.21150665576
248	10	16.81	3.3217314762
249	9	16.235	2.93253729729
250	9	16.52	2.98489530805
251	7	16.575	3.05522094127
252	7	16.59	3.24528889315
253	7	16.5	3.15436205912
254	7	16.48	3.21863325031
255	8	16.51	3.01494610234
256	8	16.96	3.17307421911
257	8	16.385	3.19010579762
258	10	16.655	2.82948316835
259	9	16.84	3.19912488034
260	9	16.355	3.01479269602
261	8	16.82	3.21365835147
262	9	16.495	3.21558315085
263	10	15.965	2.99395641251
264	8	15.925	2.94268160017
265	9	16.67	2.91737896064
266	8	17.015	2.91114668129
267	8	17.42	3.26398529408
268	7	17.365	3.2835613288
269	7	17.055	3.30937682956
270	8	16.43	3.3083379513
271	8	15.775	2.97226765282
272	8	15.885	2.89512953078
273	8	15.95	2.9030156734
274	8	15.94	3.04407621455
275	8	15.865	2.8838819324
276	8	15.75	3.06716481461
277	7	15.36	3.04637489485
278	7	15.14	3.05129480713
279	8	15.205	2.87279915762
280	8	15.39	3.01129540231
281	7	15.86	2.80007142766
282	7	16.165	3.2136855789
283	8	16.045	2.94159395566
284	8	16.18	3.14286493506
285	8	15.99	2.88442368594
286	8	16.25	3.29355431107
287	9	15.945	2.74626564629
288	9	16.82	2.8297703087
289	9	17.3	2.90860791445
290	7	17.465	3.07713746849
291	7	17.215	3.3687942947
292	7	16.98	3.35404233724
293	7	16.915	3.03443157774
294	7	16.85	3.26458266858
295	8	16.675	3.23254930357
296	9	16.7	2.87054001888
297	9	17.075	2.89471501188
298	7	17.075	3.13039534244
299	9	16.925	2.9697432549
300	8	16.895	3.15657646826
301	9	16.25	2.97951338309
302	8	16.38	3.04394480896
303	8	16.725	2.99155060128
304	9	16.965	3.3051134625
305	8	16.325	3.2602722279
306	8	16.22	3.19868723072
307	8	15.85	3.38636973764
308	8	15.755	2.96057004646
309	8	16.235	3.06916519594
310	8	16.625	3.06665534418
311	8	16.61	3.29513277426
312	8	17.0	2.99833287011
313	8	17.14	2.9883774862
314	7	17.225	3.03057337809
315	10	17.255	3.26342994409
316	9	16.51	2.97823773396
317	7	16.235	3.16856039867
318	8	16.235	3.15907818833
319	8	16.37	2.98715583792
320	8	16.145	3.06822016811
321	8	16.125	2.98820598353
322	8	16.095	3.16005933489
323	8	15.5	3.17175030543
324	7	15.45	2.84561065503
325	7	15.47	3.04780248704
326	7	15.175	3.1135791302
327	7	15.62	2.85755139936
328	7	15.59	3.07764520372
329	7	15.645	2.92215246009
330	8	16.45	2.93044365242
331	8	16.61	3.15244349672
332	9	16.605	2.77109635343
333	9	16.79	3.04070715459
334	9	16.8	2.89654967159
335	10	17.075	2.83890383775
336	10	17.155	2.84446392137
337	10	17.145	2.97892178481
338	9	17.025	2.89730478203
339	9	17.045	3.13256683887
340	9	17.045	3.15166225982
341	8	16.845	3.24052079148
342	8	16.645	3.06087814197
343	10	16.575	2.70635825419
344	8	16.755	3.11528088621
345	10	17.065	2.92929599051
346	10	16.85	2.8788018341
347	10	17.105	2.78818489344
348	10	17.575	3.0910152054
349	9	17.535	2.828210565
350	10	17.585	3.10205979955
351	7	17.21	3.0390623554
352	10	17.555	2.9878043778
353	8	16.87	3.13737151131
354	7	16.82	3.10605859571
355	7	16.58	2.87638662214
356	7	16.685	3.25818584491
357	7	16.435	3.62433097275
358	7	15.68	3.2996363436
359	7	15.535	3.15416787759
360	7	15.21	3.44033428608
361	7	15.245	3.31284998151
362	7	14.985	3.00579024551
363	7	14.55	3.27528624703
364	7	14.575	2.85208257244
365	7	14.99	2.62104940816
366	7	15.67	3.03497940685
367	7	15.48	3.10477052292
368	9	15.37	2.93821374308
369	7	15.705	2.94923295112
370	7	15.73	2.96599055966
371	7	15.925	2.87739031068
372	7	16.325	3.10151172817
373	7	16.095	3.06528546795
374	9	16.385	2.99612666621
375	9	16.705	2.9627647561
376	7	16.7	3.23882694814
377	9	16.195	3.22288302611
378	9	16.255	2.89136213574
379	9	16.11	3.15085702627
380	7	15.805	2.84024206715
381	8	16.32	2.87186350651
382	7	16.265	3.5262976335
383	7	15.875	3.18109650907
384	7	15.545	3.0113078554
385	9	15.495	2.94617972975
386	7	15.695	2.91066573141
387	7	15.6	3.02158898595
388	7	15.615	2.91835141818
389	9	15.86	2.78035968896
390	8	16.08	2.99726542035
391	9	15.57	2.69538494468
392	7	16.055	2.9752268821
393	7	15.64	3.45404111151
394	7	15.01	3.03478170549
395	8	15.42	3.05836557658
396	7	15.25	2.91333142639
397	7	15.425	3.17243991275
398	8	15.045	2.81832840528
399	8	15.76	2.75543100077
400	8	15.55	2.8857408061
1	51	60.63	3.78722853813
2	45	56.675	2.89989223938
3	45	54.49	2.83194279603
4	44	52.03	3.19516822718
5	41	49.285	3.1549603801
6	42	46.765	2.4899347381
7	39	45.11	2.35114865544
8	38	44.125	2.29986412642
9	37	42.975	2.69153766461
10	34	41.37	2.4131100265
11	33	39.905	2.50518961358
12	33	38.51	2.36852274635
13	29	37.655	2.5467577427
14	30	36.625	2.48885013611
15	30	35.695	2.49839448446
16	28	34.925	2.64752242672
17	27	33.795	2.68010727397
18	26	32.535	2.60936294907
19	24	31.385	2.76166163749
20	24	30.495	2.75135875523
21	23	29.515	2.89823653279
22	23	28.285	2.64457463498
23	21	27.365	2.64608673327
24	20	26.755	2.67487850191
25	19	26.015	2.73400347476
26	19	25.26	2.70968632871
27	19	24.71	2.71217624796
28	18	24.13	2.62927746729
29	18	23.32	2.66788305591
30	18	22.71	2.52109103366
31	16	22.65	2.59759504157
32	15	21.94	2.51324491445
33	15	21.81	2.66906350618
34	15	21.39	2.76729109419
35	15	20.875	2.84594009073
36	14	20.57	2.38644086455
37	14	20.855	2.57176495816
38	14	20.22	2.65548488981
39	14	20.08	2.90578732876
40	14	19.88	2.6991850622
41	14	19.88	2.66563313305
42	14	19.755	2.85569168504
43	14	19.15	2.56466372065
44	14	19.125	2.60947791713
45	14	19.21	2.75061811235
46	14	19.115	2.52621752824
47	14	19.29	2.36767818759
48	14	19.53	2.60942522407
49	15	19.455	2.64347782287
50	14	19.285	2.59109532823
51	14	19.225	2.50087484693
52	13	19.285	2.60648709953
53	13	19.035	2.78276391381
54	12	18.5	2.59807621135
55	12	18.805	2.69016263449
56	12	18.615	2.65834064785
57	12	18.43	2.78300197628
58	12	18.135	2.77430621958
59	12	18.085	2.67727006482
60	13	18.27	2.70501386318
61	13	17.88	2.66563313305
62	12	17.82	2.69584866044
63	13	17.755	2.50299320814
64	11	18.335	2.59668538718
65	12	18.37	2.7880279769
66	12	18.11	2.86145068104
67	12	17.58	2.6764902391
68	12	17.55	2.87532606847
69	12	17.465	2.79620725269
70	12	17.765	2.68137557981
71	12	17.715	2.70624740185
72	13	17.86	2.64204466276
73	12	17.85	2.79419040153
74	12	17.92	2.77373394542
75	12	17.9	2.57487863792
76	12	18.24	2.64431465601
77	12	18.56	2.58580741742
78	12	18.34	2.76846527881
79	12	18.22	2.79671235561
80	12	18.165	2.58026645911
81	12	17.785	2.89633820539
82	12	17.515	2.72025274561
83	11	17.575	2.68223321134
84	11	17.875	2.82123643107
85	12	17.4	2.64575131106
86	12	17.68	2.7762564723
87	12	17.53	2.61898835431
88	12	17.98	2.79635477005
89	12	17.75	2.74727137356
90	12	17.42	2.86069921523
91	12	17.24	2.7771208112
92	12	17.63	2.68944232137
93	11	17.85	2.8332843133
94	12	17.95	2.68281568506
95	12	18.325	3.00655533792
96	12	17.895	2.81850580982
97	11	18.085	2.87537388873
98	11	17.86	2.812543333
99	11	17.77	2.82968196093
100	11	17.115	2.72429348639
101	11	17.19	2.87643877042
102	11	16.455	2.7799235601
103	11	16.64	2.74961815531
104	11	16.645	2.66063432286
105	11	16.6	2.63248931622
106	11	16.975	2.79899535548
107	11	17.045	2.60057205245
108	11	16.96	2.64544892221
109	11	16.77	2.83850312665
110	11	16.73	2.74719857309
111	11	16.715	2.58723307802
112	11	16.65	2.63960224276
113	11	16.495	2.5709871645
114	11	16.81	2.65779984197
115	11	16.905	2.85411544966
116	11	16.93	2.61057464938
117	11	17.235	2.66266314054
118	11	17.145	2.98897557702
119	11	16.985	2.69717908193
120	11	17.1	2.65894716006
121	11	17.1	2.82134719593
122	11	17.165	2.8120766348
123	11	17.405	2.71311168218
124	11	17.18	2.74728957338
125	11	17.235	2.84601036541
126	10	17.055	2.85866664723
127	11	16.875	2.74032388597
128	11	17.055	2.87957896228
129	11	16.975	2.77747637254
130	11	17.215	2.76021285411
131	11	17.18	2.99125391767
132	11	16.865	2.73619717857
133	11	17.16	2.76123160926
134	11	16.645	2.7035116053
135	12	16.89	2.69775832869
136	12	16.985	2.65419950267
137	11	16.755	2.69721615745
138	11	16.715	2.79173333254
139	10	16.705	2.61495219842
140	10	17.265	2.68230777503
141	10	17.095	2.91135277835
142	11	17.125	2.76936364532
143	11	16.93	2.88012152521
144	10	16.55	2.79955353583
145	10	16.185	2.76419518124
146	10	16.175	2.7720705258
147	10	16.2	2.77128129211
148	10	16.37	2.85536337442
149	10	16.055	2.72616488863
150	10	16.15	2.77983812478
151	10	16.44	2.85243755409
152	10	15.995	2.84867951865
153	9	15.965	2.76111843281
154	9	15.955	3.0402261429
155	10	15.81	2.83441351958
156	10	16.315	2.70846358661
157	9	16.105	2.65781395135
158	9	16.23	2.78156430808
159	10	16.155	2.57506796027
160	11	16.7	2.71293199325
161	9	16.71	2.77595028774
162	9	16.795	3.18323341903
163	9	16.685	2.81349871157
164	9	16.785	3.07388597707
165	11	16.42	2.74291815408
166	11	16.285	2.65401111527
167	10	16.41	2.69107785097
168	10	16.4	2.66833281283
169	9	16.625	2.68223321134
170	10	17.22	2.81630964207
171	10	17.235	2.77124069687
172	10	17.39	2.5725279396
173	10	17.83	2.96497892067
174	10	17.475	2.93076355239
175	9	16.87	3.05173721018
176	10	16.43	2.87664735413
177	10	16.28	2.69102211065
178	9	16.41	2.98360520177
179	9	16.46	2.62076324761
180	10	16.225	2.91107797903
181	10	16.7	2.69814751265
182	10	17.13	2.90742153806
183	10	16.965	2.86771250302
184	10	17.045	3.19733873714
185	9	16.355	2.99482470272
186	8	16.025	3.17559049627
187	8	15.815	3.0067881535
188	8	15.64	3.1305590555
189	8	15.115	2.80388569667
190	7	15.27	2.92354237185
191	7	15.585	2.96357469958
192	7	15.53	3.08530387482
193	7	15.63	2.9955133116
194	7	15.47	3.01812855922
195	7	15.405	3.0709892543
196	8	15.21	3.06527323415
197	7	15.185	2.74422575602
198	7	15.295	2.75462792406
199	8	15.66	2.90592498183
200	8	15.765	2.90168485539
201	8	15.955	2.76640109167
202	8	16.05	3.19804627859
203	7	15.89	3.19028211919
204	8	15.36	3.03486408262
205	7	15.43	2.95213482077
206	8	15.375	2.91107797903
207	8	15.445	2.82789232468
208	8	16.065	2.92758859815
209	9	15.845	3.03495881356
210	9	15.75	2.99457843444
211	8	15.94	2.89420109875
212	8	16.085	2.6847299678
213	8	16.355	3.03956822592
214	7	16.455	3.00632250432
215	7	16.485	3.10801785709
216	7	16.435	3.23508500661
217	5	16.03	3.05435754292
218	9	15.85	3.03768003582
219	5	16.27	3.17601952135
220	5	15.935	2.90530118921
221	8	15.88	3.07174217668
222	5	15.55	2.94915242061
223	7	15.75	3.49392329624
224	7	15.05	3.00457983751
225	7	14.99	3.19685783231
226	7	14.975	2.81857676851
227	7	15.77	3.13162896908
228	5	15.55	3.35968748547
229	5	15.43	3.48785034083
230	7	14.335	3.09560575655
231	7	14.76	2.84471439691
232	7	15.12	2.99259085075
233	5	15.375	3.11518458522
234	7	15.33	2.85150837277
235	5	15.345	3.18841261445
236	5	15.28	3.40170545462
237	5	14.775	3.15505546702
238	7	15.08	3.1358571396
239	7	14.585	3.02700759827
240	5	14.66	3.34879082655
241	5	14.68	3.10283741114
242	5	14.365	3.38700088574
243	5	14.305	3.09709137741
244	5	14.385	3.39952570221
245	6	13.985	3.03393721095
246	5	14.36	3.00672579395
247	8	14.375	3.07154277196
248	6	14.67	3.44834743029
249	5	14.25	3.11889403475
250	5	14.15	3.24923067818
251	5	14.52	2.73305689659
252	5	15.34	3.0040639141
253	6	15.17	3.37358859377
254	6	14.66	3.41678211187
255	6	14.14	3.32421419286
256	4	14.185	3.34077461078
257	4	14.325	3.3510259623
258	5	14.6	3.29696830437
259	4	14.605	3.4232988476
260	4	14.705	3.46669511206
261	4	14.84	3.68570210408
262	4	14.04	3.84686885662
263	4	13.63	3.20516770232
264	4	13.725	3.08048291669
265	6	13.365	3.54002471743
266	4	13.195	3.35663149601
267	4	12.89	3.31329141489
268	4	12.615	3.50524963448
269	6	13.02	2.62861180093
270	6	13.895	2.80784169782
271	6	14.305	3.13081059791
272	7	14.385	3.14909113873
273	4	14.51	3.04793372631
274	7	14.7	3.1496031496
275	7	14.49	3.03972038188
276	6	14.75	3.18080178571
277	6	14.43	3.02739161656
278	4	14.53	2.99984999625
279	4	14.69	3.19122233635
280	4	14.72	2.98187860249
281	4	14.495	2.91032214712
282	5	14.625	2.94353104281
283	4	14.78	3.31837309536
284	4	14.66	3.27939018721
285	4	14.12	3.26735366926
286	4	13.84	3.14871402322
287	6	13.96	3.36725407417
288	6	13.735	3.17407860646
289	6	13.68	2.84914022119
290	6	14.245	2.98746966512
291	4	13.715	3.20371268999
292	6	13.745	3.09838264261
293	4	13.905	3.05056961894
294	4	14.06	3.39652763863
295	4	14.09	3.40027940028
296	4	13.65	3.75199946695
297	4	13.425	3.60060758762
298	4	12.505	3.62215060427
299	4	12.115	3.18775391146
300	4	12.015	3.10882212421
301	4	12.095	2.88894011707
302	6	12.745	2.78208105561
303	5	13.075	3.14314730803
304	6	13.04	2.97294466817
305	6	13.44	2.88381691513
306	4	13.92	3.33670496149
307	5	14.085	2.94070994829
308	5	14.305	3.10676278464
309	5	14.255	3.31209525829
310	4	14.165	3.20901464627
311	5	14.11	3.22922591343
312	5	14.14	3.26502679928
313	5	13.765	2.81776063568
314	8	14.875	2.71650050617
315	7	15.175	3.17873795711
316	7	14.99	3.1128604209
317	4	14.985	3.2023077616
318	7	15.065	3.26508422556
319	7	14.745	3.03973271851
320	7	14.51	3.26341845309
321	7	14.445	3.11239056032
322	7	13.995	3.17253447578
323	7	14.1	2.83548937575
324	6	14.27	3.19954684291
325	5	14.06	3.29642230304
326	4	13.665	3.217572843
327	4	13.65	3.014548059
328	4	13.515	3.33163248273
329	4	13.065	3.37205797696
330	4	12.97	3.26941890861
331	3	12.71	3.4519414827
332	4	12.325	3.38812263651
333	4	12.69	3.06004901922
334	4	12.53	3.17633436527
335	4	12.33	3.19860907271
336	4	12.36	3.22651514796
337	4	11.91	3.17204981045
338	4	12.51	2.78026977108
339	4	13.195	2.97438649136
340	4	13.25	3.43765908723
341	4	13.015	3.51351319906
342	4	12.575	3.30369111752
343	4	12.88	3.16158188254
344	4	12.97	3.22631368593
345	4	12.955	3.19107740426
346	4	13.075	3.2092639343
347	4	13.37	3.09565824987
348	4	13.355	3.02141936844
349	6	13.655	3.1584766898
350	4	13.445	3.09951205837
351	6	13.825	2.97563018536
352	4	14.44	2.83132477826
353	4	14.97	3.33453145134
354	4	14.14	3.51715794357
355	4	13.745	3.38968656368
356	4	13.735	2.96728411178
357	4	13.665	3.46594503707
358	3	13.26	3.08583862183
359	4	13.61	2.95768490546
360	4	14.05	3.09152066142
361	5	14.05	3.06553421119
362	7	14.56	3.38177468203
363	4	13.735	3.37265103442
364	4	13.515	3.10962618332
365	4	13.495	3.23573407436
366	6	13.7	2.82842712475
367	7	14.015	3.14082393649
368	6	14.07	3.23034053932
369	5	13.905	3.41554900419
370	5	13.85	3.35074618555
371	4	13.785	3.28158117376
372	4	13.99	3.19216227658
373	4	14.0	3.35111921602
374	5	13.53	3.10146739464
375	4	13.68	3.09638498898
376	4	14.08	3.32018071797
377	4	14.48	3.47988505557
378	4	14.38	3.44609924407
379	4	14.21	3.29786294439
380	7	14.1	3.1224989992
381	7	14.085	3.30723071466
382	7	13.96	3.09328304557
383	7	14.4	2.83019433962
384	6	14.56	3.50234207353
385	6	13.94	3.08486628559
386	5	14.065	2.98509212588
387	4	14.295	3.29666118975
388	4	14.34	3.45317245443
389	5	13.835	2.83862202486
390	6	14.03	3.12235488053
391	6	14.225	3.05358395987
392	4	14.435	3.2257983508
393	5	14.19	3.28844948266
394	4	13.72	3.19399436443
395	4	14.04	2.86328482691
396	4	14.45	3.42162242219
397	4	14.17	3.42798774794
398	4	13.6	3.33616546352
399	4	13.55	3.23225927178
400	4	13.555	3.68333748114
1	50	61.025	3.93120528591
2	50	57.04	2.97462602691
3	48	54.46	2.62838353366
4	45	52.31	2.77739086194
5	41	50.39	2.77991007049
6	41	48.35	2.64149578837
7	39	46.49	2.60574365585
8	37	44.86	2.5885130867
9	37	43.68	2.65661438677
10	34	42.485	2.59610766341
11	33	41.345	2.13915286971
12	34	40.435	2.5329380174
13	32	39.53	2.59982691732
14	29	38.695	2.83760021849
15	29	37.21	2.40331021718
16	29	35.93	2.62394740801
17	30	34.99	2.61914108058
18	29	33.835	2.37650478645
19	28	33.46	2.63977271749
20	24	32.745	2.59036194382
21	24	31.915	2.88058587791
22	22	30.515	3.03476111086
23	22	29.675	2.59410389152
24	23	29.49	2.64950938855
25	23	28.665	2.63870706976
26	21	28.445	2.69943975669
27	19	28.27	2.56848204199
28	20	27.83	2.86375627455
29	19	27.185	2.67596244368
30	21	26.945	2.60997605353
31	20	26.495	2.50598782918
32	19	26.585	2.72814497415
33	18	26.115	2.69291199262
34	19	25.91	2.57912775953
35	18	25.57	2.65049052064
36	18	25.15	2.65094322836
37	18	25.245	2.69164912275
38	17	24.78	2.74072982981
39	17	24.515	2.72576136153
40	14	24.225	2.92820337408
41	14	23.455	2.95262171637
42	14	23.34	2.95709316728
43	13	22.915	3.03607888567
44	13	22.04	2.88069436074
45	13	21.76	2.7626798584
46	14	21.8	2.52982212813
47	13	21.915	2.90994415754
48	14	21.685	2.99595977944
49	13	21.05	2.99457843444
50	13	20.81	2.99230680245
51	10	20.55	3.04097023991
52	12	19.725	3.15109108088
53	12	19.605	2.89809851454
54	11	19.49	3.28632013048
55	10	19.16	3.04703134214
56	12	18.855	3.09579957362
57	10	18.845	2.92591438699
58	7	18.505	3.43365330224
59	7	17.905	3.06038804729
60	9	18.015	3.38301271059
61	9	17.57	2.94025509097
62	8	17.54	3.41443992479
63	9	16.61	3.15878141061
64	9	16.485	2.85478107742
65	8	16.515	3.08865261886
66	6	15.95	3.30265045077
67	7	15.455	3.17930416915
68	7	14.895	3.15657646826
69	7	14.68	3.08506077736
70	8	14.845	2.93785210656
71	8	14.925	3.04948766189
72	6	14.33	3.09048539877
73	7	14.36	2.81964536777
74	6	14.505	3.01495854035
75	5	14.36	3.19849964827
76	5	14.49	2.93085311812
77	6	14.885	3.23910095551
78	8	14.805	2.90808785975
79	5	14.88	3.01920519342
80	5	15.415	3.52884896248
81	6	15.195	3.46943439194
82	8	14.78	3.34837273911
83	3	15.025	2.92991040819
84	3	15.29	3.26892948838
85	6	14.97	3.07231183313
86	3	14.965	3.54595191733
87	3	14.695	3.43248816458
88	3	14.345	3.50798731469
89	3	13.095	3.45918704322
90	3	13.24	3.22992259969
91	3	13.465	3.42180873224
92	3	13.445	3.43612790798
93	0	13.31	4.02416450956
