200 50 100 0.0 33
1	50	61.02	3.72419118736
2	50	56.945	2.83407392282
3	46	54.07	2.48497484897
4	46	51.555	2.30802404667
5	44	49.78	1.97017765696
6	43	48.485	1.97731509881
7	42	47.135	2.24204705571
8	40	45.47	2.18611527601
9	40	43.73	1.73409918978
10	40	41.93	0.857379729175
11	37	41.19	1.28604043482
12	37	40.22	1.47702403501
13	37	39.47	1.77175054678
14	37	37.15	0.630476010646
15	37	37.0	0.0
16	37	37.0	0.0
17	37	37.0	0.0
18	37	37.0	0.0
19	37	37.0	0.0
20	37	37.0	0.0
21	37	37.0	0.0
22	37	37.0	0.0
23	37	37.0	0.0
24	37	37.0	0.0
25	37	37.0	0.0
26	37	37.0	0.0
27	37	37.0	0.0
28	37	37.0	0.0
29	37	37.0	0.0
30	37	37.0	0.0
31	37	37.0	0.0
32	37	37.0	0.0
33	37	37.0	0.0
34	37	37.0	0.0
35	37	37.0	0.0
36	37	37.0	0.0
37	37	37.0	0.0
38	37	37.0	0.0
39	37	37.0	0.0
40	37	37.0	0.0
41	37	37.0	0.0
42	37	37.0	0.0
43	37	37.0	0.0
44	37	37.0	0.0
45	37	37.0	0.0
46	37	37.0	0.0
47	37	37.0	0.0
48	37	37.0	0.0
49	37	37.0	0.0
50	37	37.0	0.0
51	37	37.0	0.0
52	37	37.0	0.0
53	37	37.0	0.0
54	37	37.0	0.0
55	37	37.0	0.0
56	37	37.0	0.0
57	37	37.0	0.0
58	37	37.0	0.0
59	37	37.0	0.0
60	37	37.0	0.0
61	37	37.0	0.0
62	37	37.0	0.0
63	37	37.0	0.0
64	37	37.0	0.0
65	37	37.0	0.0
66	37	37.0	0.0
67	37	37.0	0.0
68	37	37.0	0.0
69	37	37.0	0.0
70	37	37.0	0.0
71	37	37.0	0.0
72	37	37.0	0.0
73	37	37.0	0.0
74	37	37.0	0.0
75	37	37.0	0.0
76	37	37.0	0.0
77	37	37.0	0.0
78	37	37.0	0.0
79	37	37.0	0.0
80	37	37.0	0.0
81	37	37.0	0.0
82	37	37.0	0.0
83	37	37.0	0.0
84	37	37.0	0.0
85	37	37.0	0.0
86	37	37.0	0.0
87	37	37.0	0.0
88	37	37.0	0.0
89	37	37.0	0.0
90	37	37.0	0.0
91	37	37.0	0.0
92	37	37.0	0.0
93	37	37.0	0.0
94	37	37.0	0.0
95	37	37.0	0.0
96	37	37.0	0.0
97	37	37.0	0.0
98	37	37.0	0.0
99	37	37.0	0.0
100	37	37.0	0.0
101	37	37.0	0.0
102	37	37.0	0.0
103	37	37.0	0.0
104	37	37.0	0.0
105	37	37.0	0.0
106	37	37.0	0.0
107	37	37.0	0.0
108	37	37.0	0.0
109	37	37.0	0.0
110	37	37.0	0.0
111	37	37.0	0.0
112	37	37.0	0.0
113	37	37.0	0.0
114	37	37.0	0.0
115	37	37.0	0.0
116	37	37.0	0.0
117	37	37.0	0.0
118	37	37.0	0.0
119	37	37.0	0.0
120	37	37.0	0.0
121	37	37.0	0.0
122	37	37.0	0.0
123	37	37.0	0.0
124	37	37.0	0.0
125	37	37.0	0.0
126	37	37.0	0.0
127	37	37.0	0.0
128	37	37.0	0.0
129	37	37.0	0.0
130	37	37.0	0.0
131	37	37.0	0.0
132	37	37.0	0.0
133	37	37.0	0.0
134	37	37.0	0.0
135	37	37.0	0.0
136	37	37.0	0.0
137	37	37.0	0.0
138	37	37.0	0.0
139	37	37.0	0.0
140	37	37.0	0.0
141	37	37.0	0.0
142	37	37.0	0.0
143	37	37.0	0.0
144	37	37.0	0.0
145	37	37.0	0.0
146	37	37.0	0.0
147	37	37.0	0.0
148	37	37.0	0.0
149	37	37.0	0.0
150	37	37.0	0.0
151	37	37.0	0.0
152	37	37.0	0.0
153	37	37.0	0.0
154	37	37.0	0.0
155	37	37.0	0.0
156	37	37.0	0.0
157	37	37.0	0.0
158	37	37.0	0.0
159	37	37.0	0.0
160	37	37.0	0.0
161	37	37.0	0.0
162	37	37.0	0.0
163	37	37.0	0.0
164	37	37.0	0.0
165	37	37.0	0.0
166	37	37.0	0.0
167	37	37.0	0.0
168	37	37.0	0.0
169	37	37.0	0.0
170	37	37.0	0.0
171	37	37.0	0.0
172	37	37.0	0.0
173	37	37.0	0.0
174	37	37.0	0.0
175	37	37.0	0.0
176	37	37.0	0.0
177	37	37.0	0.0
178	37	37.0	0.0
179	37	37.0	0.0
180	37	37.0	0.0
181	37	37.0	0.0
182	37	37.0	0.0
183	37	37.0	0.0
184	37	37.0	0.0
185	37	37.0	0.0
186	37	37.0	0.0
187	37	37.0	0.0
188	37	37.0	0.0
189	37	37.0	0.0
190	37	37.0	0.0
191	37	37.0	0.0
192	37	37.0	0.0
193	37	37.0	0.0
194	37	37.0	0.0
195	37	37.0	0.0
196	37	37.0	0.0
197	37	37.0	0.0
198	37	37.0	0.0
199	37	37.0	0.0
200	37	37.0	0.0
201	37	37.0	0.0
202	37	37.0	0.0
203	37	37.0	0.0
204	37	37.0	0.0
205	37	37.0	0.0
206	37	37.0	0.0
207	37	37.0	0.0
208	37	37.0	0.0
209	37	37.0	0.0
210	37	37.0	0.0
211	37	37.0	0.0
212	37	37.0	0.0
213	37	37.0	0.0
214	37	37.0	0.0
215	37	37.0	0.0
216	37	37.0	0.0
217	37	37.0	0.0
218	37	37.0	0.0
219	37	37.0	0.0
220	37	37.0	0.0
221	37	37.0	0.0
222	37	37.0	0.0
223	37	37.0	0.0
224	37	37.0	0.0
225	37	37.0	0.0
226	37	37.0	0.0
227	37	37.0	0.0
228	37	37.0	0.0
229	37	37.0	0.0
230	37	37.0	0.0
231	37	37.0	0.0
232	37	37.0	0.0
233	37	37.0	0.0
234	37	37.0	0.0
235	37	37.0	0.0
236	37	37.0	0.0
237	37	37.0	0.0
238	37	37.0	0.0
239	37	37.0	0.0
240	37	37.0	0.0
241	37	37.0	0.0
242	37	37.0	0.0
243	37	37.0	0.0
244	37	37.0	0.0
245	37	37.0	0.0
246	37	37.0	0.0
247	37	37.0	0.0
248	37	37.0	0.0
249	37	37.0	0.0
250	37	37.0	0.0
251	37	37.0	0.0
252	37	37.0	0.0
253	37	37.0	0.0
254	37	37.0	0.0
255	37	37.0	0.0
256	37	37.0	0.0
257	37	37.0	0.0
258	37	37.0	0.0
259	37	37.0	0.0
260	37	37.0	0.0
261	37	37.0	0.0
262	37	37.0	0.0
263	37	37.0	0.0
264	37	37.0	0.0
265	37	37.0	0.0
266	37	37.0	0.0
267	37	37.0	0.0
268	37	37.0	0.0
269	37	37.0	0.0
270	37	37.0	0.0
271	37	37.0	0.0
272	37	37.0	0.0
273	37	37.0	0.0
274	37	37.0	0.0
275	37	37.0	0.0
276	37	37.0	0.0
277	37	37.0	0.0
278	37	37.0	0.0
279	37	37.0	0.0
280	37	37.0	0.0
281	37	37.0	0.0
282	37	37.0	0.0
283	37	37.0	0.0
284	37	37.0	0.0
285	37	37.0	0.0
286	37	37.0	0.0
287	37	37.0	0.0
288	37	37.0	0.0
289	37	37.0	0.0
290	37	37.0	0.0
291	37	37.0	0.0
292	37	37.0	0.0
293	37	37.0	0.0
294	37	37.0	0.0
295	37	37.0	0.0
296	37	37.0	0.0
297	37	37.0	0.0
298	37	37.0	0.0
299	37	37.0	0.0
300	37	37.0	0.0
301	37	37.0	0.0
302	37	37.0	0.0
303	37	37.0	0.0
304	37	37.0	0.0
305	37	37.0	0.0
306	37	37.0	0.0
307	37	37.0	0.0
308	37	37.0	0.0
309	37	37.0	0.0
310	37	37.0	0.0
311	37	37.0	0.0
312	37	37.0	0.0
313	37	37.0	0.0
314	37	37.0	0.0
315	37	37.0	0.0
316	37	37.0	0.0
317	37	37.0	0.0
318	37	37.0	0.0
319	37	37.0	0.0
320	37	37.0	0.0
321	37	37.0	0.0
322	37	37.0	0.0
323	37	37.0	0.0
324	37	37.0	0.0
325	37	37.0	0.0
326	37	37.0	0.0
327	37	37.0	0.0
328	37	37.0	0.0
329	37	37.0	0.0
330	37	37.0	0.0
331	37	37.0	0.0
332	37	37.0	0.0
333	37	37.0	0.0
334	37	37.0	0.0
335	37	37.0	0.0
336	37	37.0	0.0
337	37	37.0	0.0
338	37	37.0	0.0
339	37	37.0	0.0
340	37	37.0	0.0
341	37	37.0	0.0
342	37	37.0	0.0
343	37	37.0	0.0
344	37	37.0	0.0
345	37	37.0	0.0
346	37	37.0	0.0
347	37	37.0	0.0
348	37	37.0	0.0
349	37	37.0	0.0
350	37	37.0	0.0
351	37	37.0	0.0
352	37	37.0	0.0
353	37	37.0	0.0
354	37	37.0	0.0
355	37	37.0	0.0
356	37	37.0	0.0
357	37	37.0	0.0
358	37	37.0	0.0
359	37	37.0	0.0
360	37	37.0	0.0
361	37	37.0	0.0
362	37	37.0	0.0
363	37	37.0	0.0
364	37	37.0	0.0
365	37	37.0	0.0
366	37	37.0	0.0
367	37	37.0	0.0
368	37	37.0	0.0
369	37	37.0	0.0
370	37	37.0	0.0
371	37	37.0	0.0
372	37	37.0	0.0
373	37	37.0	0.0
374	37	37.0	0.0
375	37	37.0	0.0
376	37	37.0	0.0
377	37	37.0	0.0
378	37	37.0	0.0
379	37	37.0	0.0
380	37	37.0	0.0
381	37	37.0	0.0
382	37	37.0	0.0
383	37	37.0	0.0
384	37	37.0	0.0
385	37	37.0	0.0
386	37	37.0	0.0
387	37	37.0	0.0
388	37	37.0	0.0
389	37	37.0	0.0
390	37	37.0	0.0
391	37	37.0	0.0
392	37	37.0	0.0
393	37	37.0	0.0
394	37	37.0	0.0
395	37	37.0	0.0
396	37	37.0	0.0
397	37	37.0	0.0
398	37	37.0	0.0
399	37	37.0	0.0
400	37	37.0	0.0
1	51	60.825	3.5488554493
2	48	56.225	2.62190293489
3	48	53.35	2.21979728804
4	47	51.725	2.2381633095
5	45	49.805	2.07291461474
6	42	48.125	2.03208636627
7	39	46.02	2.14233517452
8	37	43.725	2.2537468802
9	36	41.33	2.15432123881
10	35	38.88	2.1131966307
11	33	36.63	1.14153405556
12	33	35.665	1.04056475051
13	32	34.615	0.858355986756
14	31	33.97	1.01936254591
15	30	32.85	0.798435971134
16	30	31.85	0.942072184071
17	30	30.74	0.576541412216
18	30	30.02	0.198997487421
19	30	30.01	0.141067359797
20	30	30.0	0.0
21	30	30.0	0.0
22	30	30.0	0.0
23	30	30.0	0.0
24	30	30.0	0.0
25	30	30.0	0.0
26	30	30.0	0.0
27	30	30.0	0.0
28	30	30.0	0.0
29	30	30.0	0.0
30	30	30.0	0.0
31	30	30.0	0.0
32	30	30.0	0.0
33	30	30.0	0.0
34	30	30.0	0.0
35	30	30.0	0.0
36	30	30.0	0.0
37	30	30.0	0.0
38	30	30.0	0.0
39	30	30.0	0.0
40	30	30.0	0.0
41	30	30.0	0.0
42	30	30.0	0.0
43	30	30.0	0.0
44	30	30.0	0.0
45	30	30.0	0.0
46	30	30.0	0.0
47	30	30.0	0.0
48	30	30.0	0.0
49	30	30.0	0.0
50	30	30.0	0.0
51	30	30.0	0.0
52	30	30.0	0.0
53	30	30.0	0.0
54	30	30.0	0.0
55	30	30.0	0.0
56	30	30.0	0.0
57	30	30.0	0.0
58	30	30.0	0.0
59	30	30.0	0.0
60	30	30.0	0.0
61	30	30.0	0.0
62	30	30.0	0.0
63	30	30.0	0.0
64	30	30.0	0.0
65	30	30.0	0.0
66	30	30.0	0.0
67	30	30.0	0.0
68	30	30.0	0.0
69	30	30.0	0.0
70	30	30.0	0.0
71	30	30.0	0.0
72	30	30.0	0.0
73	30	30.0	0.0
74	30	30.0	0.0
75	30	30.0	0.0
76	30	30.0	0.0
77	30	30.0	0.0
78	30	30.0	0.0
79	30	30.0	0.0
80	30	30.0	0.0
81	30	30.0	0.0
82	30	30.0	0.0
83	30	30.0	0.0
84	30	30.0	0.0
85	30	30.0	0.0
86	30	30.0	0.0
87	30	30.0	0.0
88	30	30.0	0.0
89	30	30.0	0.0
90	30	30.0	0.0
91	30	30.0	0.0
92	30	30.0	0.0
93	30	30.0	0.0
94	30	30.0	0.0
95	30	30.0	0.0
96	30	30.0	0.0
97	30	30.0	0.0
98	30	30.0	0.0
99	30	30.0	0.0
100	30	30.0	0.0
101	30	30.0	0.0
102	30	30.0	0.0
103	30	30.0	0.0
104	30	30.0	0.0
105	30	30.0	0.0
106	30	30.0	0.0
107	30	30.0	0.0
108	30	30.0	0.0
109	30	30.0	0.0
110	30	30.0	0.0
111	30	30.0	0.0
112	30	30.0	0.0
113	30	30.0	0.0
114	30	30.0	0.0
115	30	30.0	0.0
116	30	30.0	0.0
117	30	30.0	0.0
118	30	30.0	0.0
119	30	30.0	0.0
120	30	30.0	0.0
121	30	30.0	0.0
122	30	30.0	0.0
123	30	30.0	0.0
124	30	30.0	0.0
125	30	30.0	0.0
126	30	30.0	0.0
127	30	30.0	0.0
128	30	30.0	0.0
129	30	30.0	0.0
130	30	30.0	0.0
131	30	30.0	0.0
132	30	30.0	0.0
133	30	30.0	0.0
134	30	30.0	0.0
135	30	30.0	0.0
136	30	30.0	0.0
137	30	30.0	0.0
138	30	30.0	0.0
139	30	30.0	0.0
140	30	30.0	0.0
141	30	30.0	0.0
142	30	30.0	0.0
143	30	30.0	0.0
144	30	30.0	0.0
145	30	30.0	0.0
146	30	30.0	0.0
147	30	30.0	0.0
148	30	30.0	0.0
149	30	30.0	0.0
150	30	30.0	0.0
151	30	30.0	0.0
152	30	30.0	0.0
153	30	30.0	0.0
154	30	30.0	0.0
155	30	30.0	0.0
156	30	30.0	0.0
157	30	30.0	0.0
158	30	30.0	0.0
159	30	30.0	0.0
160	30	30.0	0.0
161	30	30.0	0.0
162	30	30.0	0.0
163	30	30.0	0.0
164	30	30.0	0.0
165	30	30.0	0.0
166	30	30.0	0.0
167	30	30.0	0.0
168	30	30.0	0.0
169	30	30.0	0.0
170	30	30.0	0.0
171	30	30.0	0.0
172	30	30.0	0.0
173	30	30.0	0.0
174	30	30.0	0.0
175	30	30.0	0.0
176	30	30.0	0.0
177	30	30.0	0.0
178	30	30.0	0.0
179	30	30.0	0.0
180	30	30.0	0.0
181	30	30.0	0.0
182	30	30.0	0.0
183	30	30.0	0.0
184	30	30.0	0.0
185	30	30.0	0.0
186	30	30.0	0.0
187	30	30.0	0.0
188	30	30.0	0.0
189	30	30.0	0.0
190	30	30.0	0.0
191	30	30.0	0.0
192	30	30.0	0.0
193	30	30.0	0.0
194	30	30.0	0.0
195	30	30.0	0.0
196	30	30.0	0.0
197	30	30.0	0.0
198	30	30.0	0.0
199	30	30.0	0.0
200	30	30.0	0.0
201	30	30.0	0.0
202	30	30.0	0.0
203	30	30.0	0.0
204	30	30.0	0.0
205	30	30.0	0.0
206	30	30.0	0.0
207	30	30.0	0.0
208	30	30.0	0.0
209	30	30.0	0.0
210	30	30.0	0.0
211	30	30.0	0.0
212	30	30.0	0.0
213	30	30.0	0.0
214	30	30.0	0.0
215	30	30.0	0.0
216	30	30.0	0.0
217	30	30.0	0.0
218	30	30.0	0.0
219	30	30.0	0.0
220	30	30.0	0.0
221	30	30.0	0.0
222	30	30.0	0.0
223	30	30.0	0.0
224	30	30.0	0.0
225	30	30.0	0.0
226	30	30.0	0.0
227	30	30.0	0.0
228	30	30.0	0.0
229	30	30.0	0.0
230	30	30.0	0.0
231	30	30.0	0.0
232	30	30.0	0.0
233	30	30.0	0.0
234	30	30.0	0.0
235	30	30.0	0.0
236	30	30.0	0.0
237	30	30.0	0.0
238	30	30.0	0.0
239	30	30.0	0.0
240	30	30.0	0.0
241	30	30.0	0.0
242	30	30.0	0.0
243	30	30.0	0.0
244	30	30.0	0.0
245	30	30.0	0.0
246	30	30.0	0.0
247	30	30.0	0.0
248	30	30.0	0.0
249	30	30.0	0.0
250	30	30.0	0.0
251	30	30.0	0.0
252	30	30.0	0.0
253	30	30.0	0.0
254	30	30.0	0.0
255	30	30.0	0.0
256	30	30.0	0.0
257	30	30.0	0.0
258	30	30.0	0.0
259	30	30.0	0.0
260	30	30.0	0.0
261	30	30.0	0.0
262	30	30.0	0.0
263	30	30.0	0.0
264	30	30.0	0.0
265	30	30.0	0.0
266	30	30.0	0.0
267	30	30.0	0.0
268	30	30.0	0.0
269	30	30.0	0.0
270	30	30.0	0.0
271	30	30.0	0.0
272	30	30.0	0.0
273	30	30.0	0.0
274	30	30.0	0.0
275	30	30.0	0.0
276	30	30.0	0.0
277	30	30.0	0.0
278	30	30.0	0.0
279	30	30.0	0.0
280	30	30.0	0.0
281	30	30.0	0.0
282	30	30.0	0.0
283	30	30.0	0.0
284	30	30.0	0.0
285	30	30.0	0.0
286	30	30.0	0.0
287	30	30.0	0.0
288	30	30.0	0.0
289	30	30.0	0.0
290	30	30.0	0.0
291	30	30.0	0.0
292	30	30.0	0.0
293	30	30.0	0.0
294	30	30.0	0.0
295	30	30.0	0.0
296	30	30.0	0.0
297	30	30.0	0.0
298	30	30.0	0.0
299	30	30.0	0.0
300	30	30.0	0.0
301	30	30.0	0.0
302	30	30.0	0.0
303	30	30.0	0.0
304	30	30.0	0.0
305	30	30.0	0.0
306	30	30.0	0.0
307	30	30.0	0.0
308	30	30.0	0.0
309	30	30.0	0.0
310	30	30.0	0.0
311	30	30.0	0.0
312	30	30.0	0.0
313	30	30.0	0.0
314	30	30.0	0.0
315	30	30.0	0.0
316	30	30.0	0.0
317	30	30.0	0.0
318	30	30.0	0.0
319	30	30.0	0.0
320	30	30.0	0.0
321	30	30.0	0.0
322	30	30.0	0.0
323	30	30.0	0.0
324	30	30.0	0.0
325	30	30.0	0.0
326	30	30.0	0.0
327	30	30.0	0.0
328	30	30.0	0.0
329	30	30.0	0.0
330	30	30.0	0.0
331	30	30.0	0.0
332	30	30.0	0.0
333	30	30.0	0.0
334	30	30.0	0.0
335	30	30.0	0.0
336	30	30.0	0.0
337	30	30.0	0.0
338	30	30.0	0.0
339	30	30.0	0.0
340	30	30.0	0.0
341	30	30.0	0.0
342	30	30.0	0.0
343	30	30.0	0.0
344	30	30.0	0.0
345	30	30.0	0.0
346	30	30.0	0.0
347	30	30.0	0.0
348	30	30.0	0.0
349	30	30.0	0.0
350	30	30.0	0.0
351	30	30.0	0.0
352	30	30.0	0.0
353	30	30.0	0.0
354	30	30.0	0.0
355	30	30.0	0.0
356	30	30.0	0.0
357	30	30.0	0.0
358	30	30.0	0.0
359	30	30.0	0.0
360	30	30.0	0.0
361	30	30.0	0.0
362	30	30.0	0.0
363	30	30.0	0.0
364	30	30.0	0.0
365	30	30.0	0.0
366	30	30.0	0.0
367	30	30.0	0.0
368	30	30.0	0.0
369	30	30.0	0.0
370	30	30.0	0.0
371	30	30.0	0.0
372	30	30.0	0.0
373	30	30.0	0.0
374	30	30.0	0.0
375	30	30.0	0.0
376	30	30.0	0.0
377	30	30.0	0.0
378	30	30.0	0.0
379	30	30.0	0.0
380	30	30.0	0.0
381	30	30.0	0.0
382	30	30.0	0.0
383	30	30.0	0.0
384	30	30.0	0.0
385	30	30.0	0.0
386	30	30.0	0.0
387	30	30.0	0.0
388	30	30.0	0.0
389	30	30.0	0.0
390	30	30.0	0.0
391	30	30.0	0.0
392	30	30.0	0.0
393	30	30.0	0.0
394	30	30.0	0.0
395	30	30.0	0.0
396	30	30.0	0.0
397	30	30.0	0.0
398	30	30.0	0.0
399	30	30.0	0.0
400	30	30.0	0.0
1	52	60.525	3.67142683435
2	51	56.51	2.66456375416
3	48	53.855	2.18036120861
4	46	52.005	2.21922846954
5	43	50.085	2.21985922977
6	43	48.55	2.19943174479
7	42	46.52	2.23374125628
8	41	44.605	1.75184902318
9	40	43.005	1.36197466937
10	38	42.02	1.48310485132
11	37	40.73	1.59596365873
12	37	39.16	1.34327956882
13	36	37.52	0.538144961883
14	36	37.0	0.173205080757
15	36	36.96	0.261533936612
16	36	36.865	0.443593282185
17	36	36.35	0.526782687643
18	36	36.0	0.0
19	36	36.0	0.0
20	36	36.0	0.0
21	36	36.0	0.0
22	36	36.0	0.0
23	36	36.0	0.0
24	36	36.0	0.0
25	36	36.0	0.0
26	36	36.0	0.0
27	36	36.0	0.0
28	36	36.0	0.0
29	36	36.0	0.0
30	36	36.0	0.0
31	36	36.0	0.0
32	36	36.0	0.0
33	36	36.0	0.0
34	36	36.0	0.0
35	36	36.0	0.0
36	36	36.0	0.0
37	36	36.0	0.0
38	36	36.0	0.0
39	36	36.0	0.0
40	36	36.0	0.0
41	36	36.0	0.0
42	36	36.0	0.0
43	36	36.0	0.0
44	36	36.0	0.0
45	36	36.0	0.0
46	36	36.0	0.0
47	36	36.0	0.0
48	36	36.0	0.0
49	36	36.0	0.0
50	36	36.0	0.0
51	36	36.0	0.0
52	36	36.0	0.0
53	36	36.0	0.0
54	36	36.0	0.0
55	36	36.0	0.0
56	36	36.0	0.0
57	36	36.0	0.0
58	36	36.0	0.0
59	36	36.0	0.0
60	36	36.0	0.0
61	36	36.0	0.0
62	36	36.0	0.0
63	36	36.0	0.0
64	36	36.0	0.0
65	36	36.0	0.0
66	36	36.0	0.0
67	36	36.0	0.0
68	36	36.0	0.0
69	36	36.0	0.0
70	36	36.0	0.0
71	36	36.0	0.0
72	36	36.0	0.0
73	36	36.0	0.0
74	36	36.0	0.0
75	36	36.0	0.0
76	36	36.0	0.0
77	36	36.0	0.0
78	36	36.0	0.0
79	36	36.0	0.0
80	36	36.0	0.0
81	36	36.0	0.0
82	36	36.0	0.0
83	36	36.0	0.0
84	36	36.0	0.0
85	36	36.0	0.0
86	36	36.0	0.0
87	36	36.0	0.0
88	36	36.0	0.0
89	36	36.0	0.0
90	36	36.0	0.0
91	36	36.0	0.0
92	36	36.0	0.0
93	36	36.0	0.0
94	36	36.0	0.0
95	36	36.0	0.0
96	36	36.0	0.0
97	36	36.0	0.0
98	36	36.0	0.0
99	36	36.0	0.0
100	36	36.0	0.0
101	36	36.0	0.0
102	36	36.0	0.0
103	36	36.0	0.0
104	36	36.0	0.0
105	36	36.0	0.0
106	36	36.0	0.0
107	36	36.0	0.0
108	36	36.0	0.0
109	36	36.0	0.0
110	36	36.0	0.0
111	36	36.0	0.0
112	36	36.0	0.0
113	36	36.0	0.0
114	36	36.0	0.0
115	36	36.0	0.0
116	36	36.0	0.0
117	36	36.0	0.0
118	36	36.0	0.0
119	36	36.0	0.0
120	36	36.0	0.0
121	36	36.0	0.0
122	36	36.0	0.0
123	36	36.0	0.0
124	36	36.0	0.0
125	36	36.0	0.0
126	36	36.0	0.0
127	36	36.0	0.0
128	36	36.0	0.0
129	36	36.0	0.0
130	36	36.0	0.0
131	36	36.0	0.0
132	36	36.0	0.0
133	36	36.0	0.0
134	36	36.0	0.0
135	36	36.0	0.0
136	36	36.0	0.0
137	36	36.0	0.0
138	36	36.0	0.0
139	36	36.0	0.0
140	36	36.0	0.0
141	36	36.0	0.0
142	36	36.0	0.0
143	36	36.0	0.0
144	36	36.0	0.0
145	36	36.0	0.0
146	36	36.0	0.0
147	36	36.0	0.0
148	36	36.0	0.0
149	36	36.0	0.0
150	36	36.0	0.0
151	36	36.0	0.0
152	36	36.0	0.0
153	36	36.0	0.0
154	36	36.0	0.0
155	36	36.0	0.0
156	36	36.0	0.0
157	36	36.0	0.0
158	36	36.0	0.0
159	36	36.0	0.0
160	36	36.0	0.0
161	36	36.0	0.0
162	36	36.0	0.0
163	36	36.0	0.0
164	36	36.0	0.0
165	36	36.0	0.0
166	36	36.0	0.0
167	36	36.0	0.0
168	36	36.0	0.0
169	36	36.0	0.0
170	36	36.0	0.0
171	36	36.0	0.0
172	36	36.0	0.0
173	36	36.0	0.0
174	36	36.0	0.0
175	36	36.0	0.0
176	36	36.0	0.0
177	36	36.0	0.0
178	36	36.0	0.0
179	36	36.0	0.0
180	36	36.0	0.0
181	36	36.0	0.0
182	36	36.0	0.0
183	36	36.0	0.0
184	36	36.0	0.0
185	36	36.0	0.0
186	36	36.0	0.0
187	36	36.0	0.0
188	36	36.0	0.0
189	36	36.0	0.0
190	36	36.0	0.0
191	36	36.0	0.0
192	36	36.0	0.0
193	36	36.0	0.0
194	36	36.0	0.0
195	36	36.0	0.0
196	36	36.0	0.0
197	36	36.0	0.0
198	36	36.0	0.0
199	36	36.0	0.0
200	36	36.0	0.0
201	36	36.0	0.0
202	36	36.0	0.0
203	36	36.0	0.0
204	36	36.0	0.0
205	36	36.0	0.0
206	36	36.0	0.0
207	36	36.0	0.0
208	36	36.0	0.0
209	36	36.0	0.0
210	36	36.0	0.0
211	36	36.0	0.0
212	36	36.0	0.0
213	36	36.0	0.0
214	36	36.0	0.0
215	36	36.0	0.0
216	36	36.0	0.0
217	36	36.0	0.0
218	36	36.0	0.0
219	36	36.0	0.0
220	36	36.0	0.0
221	36	36.0	0.0
222	36	36.0	0.0
223	36	36.0	0.0
224	36	36.0	0.0
225	36	36.0	0.0
226	36	36.0	0.0
227	36	36.0	0.0
228	36	36.0	0.0
229	36	36.0	0.0
230	36	36.0	0.0
231	36	36.0	0.0
232	36	36.0	0.0
233	36	36.0	0.0
234	36	36.0	0.0
235	36	36.0	0.0
236	36	36.0	0.0
237	36	36.0	0.0
238	36	36.0	0.0
239	36	36.0	0.0
240	36	36.0	0.0
241	36	36.0	0.0
242	36	36.0	0.0
243	36	36.0	0.0
244	36	36.0	0.0
245	36	36.0	0.0
246	36	36.0	0.0
247	36	36.0	0.0
248	36	36.0	0.0
249	36	36.0	0.0
250	36	36.0	0.0
251	36	36.0	0.0
252	36	36.0	0.0
253	36	36.0	0.0
254	36	36.0	0.0
255	36	36.0	0.0
256	36	36.0	0.0
257	36	36.0	0.0
258	36	36.0	0.0
259	36	36.0	0.0
260	36	36.0	0.0
261	36	36.0	0.0
262	36	36.0	0.0
263	36	36.0	0.0
264	36	36.0	0.0
265	36	36.0	0.0
266	36	36.0	0.0
267	36	36.0	0.0
268	36	36.0	0.0
269	36	36.0	0.0
270	36	36.0	0.0
271	36	36.0	0.0
272	36	36.0	0.0
273	36	36.0	0.0
274	36	36.0	0.0
275	36	36.0	0.0
276	36	36.0	0.0
277	36	36.0	0.0
278	36	36.0	0.0
279	36	36.0	0.0
280	36	36.0	0.0
281	36	36.0	0.0
282	36	36.0	0.0
283	36	36.0	0.0
284	36	36.0	0.0
285	36	36.0	0.0
286	36	36.0	0.0
287	36	36.0	0.0
288	36	36.0	0.0
289	36	36.0	0.0
290	36	36.0	0.0
291	36	36.0	0.0
292	36	36.0	0.0
293	36	36.0	0.0
294	36	36.0	0.0
295	36	36.0	0.0
296	36	36.0	0.0
297	36	36.0	0.0
298	36	36.0	0.0
299	36	36.0	0.0
300	36	36.0	0.0
301	36	36.0	0.0
302	36	36.0	0.0
303	36	36.0	0.0
304	36	36.0	0.0
305	36	36.0	0.0
306	36	36.0	0.0
307	36	36.0	0.0
308	36	36.0	0.0
309	36	36.0	0.0
310	36	36.0	0.0
311	36	36.0	0.0
312	36	36.0	0.0
313	36	36.0	0.0
314	36	36.0	0.0
315	36	36.0	0.0
316	36	36.0	0.0
317	36	36.0	0.0
318	36	36.0	0.0
319	36	36.0	0.0
320	36	36.0	0.0
321	36	36.0	0.0
322	36	36.0	0.0
323	36	36.0	0.0
324	36	36.0	0.0
325	36	36.0	0.0
326	36	36.0	0.0
327	36	36.0	0.0
328	36	36.0	0.0
329	36	36.0	0.0
330	36	36.0	0.0
331	36	36.0	0.0
332	36	36.0	0.0
333	36	36.0	0.0
334	36	36.0	0.0
335	36	36.0	0.0
336	36	36.0	0.0
337	36	36.0	0.0
338	36	36.0	0.0
339	36	36.0	0.0
340	36	36.0	0.0
341	36	36.0	0.0
342	36	36.0	0.0
343	36	36.0	0.0
344	36	36.0	0.0
345	36	36.0	0.0
346	36	36.0	0.0
347	36	36.0	0.0
348	36	36.0	0.0
349	36	36.0	0.0
350	36	36.0	0.0
351	36	36.0	0.0
352	36	36.0	0.0
353	36	36.0	0.0
354	36	36.0	0.0
355	36	36.0	0.0
356	36	36.0	0.0
357	36	36.0	0.0
358	36	36.0	0.0
359	36	36.0	0.0
360	36	36.0	0.0
361	36	36.0	0.0
362	36	36.0	0.0
363	36	36.0	0.0
364	36	36.0	0.0
365	36	36.0	0.0
366	36	36.0	0.0
367	36	36.0	0.0
368	36	36.0	0.0
369	36	36.0	0.0
370	36	36.0	0.0
371	36	36.0	0.0
372	36	36.0	0.0
373	36	36.0	0.0
374	36	36.0	0.0
375	36	36.0	0.0
376	36	36.0	0.0
377	36	36.0	0.0
378	36	36.0	0.0
379	36	36.0	0.0
380	36	36.0	0.0
381	36	36.0	0.0
382	36	36.0	0.0
383	36	36.0	0.0
384	36	36.0	0.0
385	36	36.0	0.0
386	36	36.0	0.0
387	36	36.0	0.0
388	36	36.0	0.0
389	36	36.0	0.0
390	36	36.0	0.0
391	36	36.0	0.0
392	36	36.0	0.0
393	36	36.0	0.0
394	36	36.0	0.0
395	36	36.0	0.0
396	36	36.0	0.0
397	36	36.0	0.0
398	36	36.0	0.0
399	36	36.0	0.0
400	36	36.0	0.0
1	47	60.175	3.82025849911
2	47	55.775	2.619995229
3	47	53.45	2.58988416729
4	46	51.36	2.60583959598
5	44	48.64	2.0347972872
6	40	47.025	2.0938899207
7	36	45.06	2.53503451653
8	36	42.585	2.89702865019
9	31	38.66	2.28131541002
10	30	35.775	1.2265296572
11	30	34.58	1.47091808066
12	30	32.505	1.46627930491
13	30	30.93	0.255147016443
14	30	30.795	0.403701622489
15	30	30.21	0.407308237088
16	30	30.0	0.0
17	30	30.0	0.0
18	30	30.0	0.0
19	30	30.0	0.0
20	30	30.0	0.0
21	30	30.0	0.0
22	30	30.0	0.0
23	30	30.0	0.0
24	30	30.0	0.0
25	30	30.0	0.0
26	30	30.0	0.0
27	30	30.0	0.0
28	30	30.0	0.0
29	30	30.0	0.0
30	30	30.0	0.0
31	30	30.0	0.0
32	30	30.0	0.0
33	30	30.0	0.0
34	30	30.0	0.0
35	30	30.0	0.0
36	30	30.0	0.0
37	30	30.0	0.0
38	30	30.0	0.0
39	30	30.0	0.0
40	30	30.0	0.0
41	30	30.0	0.0
42	30	30.0	0.0
43	30	30.0	0.0
44	30	30.0	0.0
45	30	30.0	0.0
46	30	30.0	0.0
47	30	30.0	0.0
48	30	30.0	0.0
49	30	30.0	0.0
50	30	30.0	0.0
51	30	30.0	0.0
52	30	30.0	0.0
53	30	30.0	0.0
54	30	30.0	0.0
55	30	30.0	0.0
56	30	30.0	0.0
57	30	30.0	0.0
58	30	30.0	0.0
59	30	30.0	0.0
60	30	30.0	0.0
61	30	30.0	0.0
62	30	30.0	0.0
63	30	30.0	0.0
64	30	30.0	0.0
65	30	30.0	0.0
66	30	30.0	0.0
67	30	30.0	0.0
68	30	30.0	0.0
69	30	30.0	0.0
70	30	30.0	0.0
71	30	30.0	0.0
72	30	30.0	0.0
73	30	30.0	0.0
74	30	30.0	0.0
75	30	30.0	0.0
76	30	30.0	0.0
77	30	30.0	0.0
78	30	30.0	0.0
79	30	30.0	0.0
80	30	30.0	0.0
81	30	30.0	0.0
82	30	30.0	0.0
83	30	30.0	0.0
84	30	30.0	0.0
85	30	30.0	0.0
86	30	30.0	0.0
87	30	30.0	0.0
88	30	30.0	0.0
89	30	30.0	0.0
90	30	30.0	0.0
91	30	30.0	0.0
92	30	30.0	0.0
93	30	30.0	0.0
94	30	30.0	0.0
95	30	30.0	0.0
96	30	30.0	0.0
97	30	30.0	0.0
98	30	30.0	0.0
99	30	30.0	0.0
100	30	30.0	0.0
101	30	30.0	0.0
102	30	30.0	0.0
103	30	30.0	0.0
104	30	30.0	0.0
105	30	30.0	0.0
106	30	30.0	0.0
107	30	30.0	0.0
108	30	30.0	0.0
109	30	30.0	0.0
110	30	30.0	0.0
111	30	30.0	0.0
112	30	30.0	0.0
113	30	30.0	0.0
114	30	30.0	0.0
115	30	30.0	0.0
116	30	30.0	0.0
117	30	30.0	0.0
118	30	30.0	0.0
119	30	30.0	0.0
120	30	30.0	0.0
121	30	30.0	0.0
122	30	30.0	0.0
123	30	30.0	0.0
124	30	30.0	0.0
125	30	30.0	0.0
126	30	30.0	0.0
127	30	30.0	0.0
128	30	30.0	0.0
129	30	30.0	0.0
130	30	30.0	0.0
131	30	30.0	0.0
132	30	30.0	0.0
133	30	30.0	0.0
134	30	30.0	0.0
135	30	30.0	0.0
136	30	30.0	0.0
137	30	30.0	0.0
138	30	30.0	0.0
139	30	30.0	0.0
140	30	30.0	0.0
141	30	30.0	0.0
142	30	30.0	0.0
143	30	30.0	0.0
144	30	30.0	0.0
145	30	30.0	0.0
146	30	30.0	0.0
147	30	30.0	0.0
148	30	30.0	0.0
149	30	30.0	0.0
150	30	30.0	0.0
151	30	30.0	0.0
152	30	30.0	0.0
153	30	30.0	0.0
154	30	30.0	0.0
155	30	30.0	0.0
156	30	30.0	0.0
157	30	30.0	0.0
158	30	30.0	0.0
159	30	30.0	0.0
160	30	30.0	0.0
161	30	30.0	0.0
162	30	30.0	0.0
163	30	30.0	0.0
164	30	30.0	0.0
165	30	30.0	0.0
166	30	30.0	0.0
167	30	30.0	0.0
168	30	30.0	0.0
169	30	30.0	0.0
170	30	30.0	0.0
171	30	30.0	0.0
172	30	30.0	0.0
173	30	30.0	0.0
174	30	30.0	0.0
175	30	30.0	0.0
176	30	30.0	0.0
177	30	30.0	0.0
178	30	30.0	0.0
179	30	30.0	0.0
180	30	30.0	0.0
181	30	30.0	0.0
182	30	30.0	0.0
183	30	30.0	0.0
184	30	30.0	0.0
185	30	30.0	0.0
186	30	30.0	0.0
187	30	30.0	0.0
188	30	30.0	0.0
189	30	30.0	0.0
190	30	30.0	0.0
191	30	30.0	0.0
192	30	30.0	0.0
193	30	30.0	0.0
194	30	30.0	0.0
195	30	30.0	0.0
196	30	30.0	0.0
197	30	30.0	0.0
198	30	30.0	0.0
199	30	30.0	0.0
200	30	30.0	0.0
201	30	30.0	0.0
202	30	30.0	0.0
203	30	30.0	0.0
204	30	30.0	0.0
205	30	30.0	0.0
206	30	30.0	0.0
207	30	30.0	0.0
208	30	30.0	0.0
209	30	30.0	0.0
210	30	30.0	0.0
211	30	30.0	0.0
212	30	30.0	0.0
213	30	30.0	0.0
214	30	30.0	0.0
215	30	30.0	0.0
216	30	30.0	0.0
217	30	30.0	0.0
218	30	30.0	0.0
219	30	30.0	0.0
220	30	30.0	0.0
221	30	30.0	0.0
222	30	30.0	0.0
223	30	30.0	0.0
224	30	30.0	0.0
225	30	30.0	0.0
226	30	30.0	0.0
227	30	30.0	0.0
228	30	30.0	0.0
229	30	30.0	0.0
230	30	30.0	0.0
231	30	30.0	0.0
232	30	30.0	0.0
233	30	30.0	0.0
234	30	30.0	0.0
235	30	30.0	0.0
236	30	30.0	0.0
237	30	30.0	0.0
238	30	30.0	0.0
239	30	30.0	0.0
240	30	30.0	0.0
241	30	30.0	0.0
242	30	30.0	0.0
243	30	30.0	0.0
244	30	30.0	0.0
245	30	30.0	0.0
246	30	30.0	0.0
247	30	30.0	0.0
248	30	30.0	0.0
249	30	30.0	0.0
250	30	30.0	0.0
251	30	30.0	0.0
252	30	30.0	0.0
253	30	30.0	0.0
254	30	30.0	0.0
255	30	30.0	0.0
256	30	30.0	0.0
257	30	30.0	0.0
258	30	30.0	0.0
259	30	30.0	0.0
260	30	30.0	0.0
261	30	30.0	0.0
262	30	30.0	0.0
263	30	30.0	0.0
264	30	30.0	0.0
265	30	30.0	0.0
266	30	30.0	0.0
267	30	30.0	0.0
268	30	30.0	0.0
269	30	30.0	0.0
270	30	30.0	0.0
271	30	30.0	0.0
272	30	30.0	0.0
273	30	30.0	0.0
274	30	30.0	0.0
275	30	30.0	0.0
276	30	30.0	0.0
277	30	30.0	0.0
278	30	30.0	0.0
279	30	30.0	0.0
280	30	30.0	0.0
281	30	30.0	0.0
282	30	30.0	0.0
283	30	30.0	0.0
284	30	30.0	0.0
285	30	30.0	0.0
286	30	30.0	0.0
287	30	30.0	0.0
288	30	30.0	0.0
289	30	30.0	0.0
290	30	30.0	0.0
291	30	30.0	0.0
292	30	30.0	0.0
293	30	30.0	0.0
294	30	30.0	0.0
295	30	30.0	0.0
296	30	30.0	0.0
297	30	30.0	0.0
298	30	30.0	0.0
299	30	30.0	0.0
300	30	30.0	0.0
301	30	30.0	0.0
302	30	30.0	0.0
303	30	30.0	0.0
304	30	30.0	0.0
305	30	30.0	0.0
306	30	30.0	0.0
307	30	30.0	0.0
308	30	30.0	0.0
309	30	30.0	0.0
310	30	30.0	0.0
311	30	30.0	0.0
312	30	30.0	0.0
313	30	30.0	0.0
314	30	30.0	0.0
315	30	30.0	0.0
316	30	30.0	0.0
317	30	30.0	0.0
318	30	30.0	0.0
319	30	30.0	0.0
320	30	30.0	0.0
321	30	30.0	0.0
322	30	30.0	0.0
323	30	30.0	0.0
324	30	30.0	0.0
325	30	30.0	0.0
326	30	30.0	0.0
327	30	30.0	0.0
328	30	30.0	0.0
329	30	30.0	0.0
330	30	30.0	0.0
331	30	30.0	0.0
332	30	30.0	0.0
333	30	30.0	0.0
334	30	30.0	0.0
335	30	30.0	0.0
336	30	30.0	0.0
337	30	30.0	0.0
338	30	30.0	0.0
339	30	30.0	0.0
340	30	30.0	0.0
341	30	30.0	0.0
342	30	30.0	0.0
343	30	30.0	0.0
344	30	30.0	0.0
345	30	30.0	0.0
346	30	30.0	0.0
347	30	30.0	0.0
348	30	30.0	0.0
349	30	30.0	0.0
350	30	30.0	0.0
351	30	30.0	0.0
352	30	30.0	0.0
353	30	30.0	0.0
354	30	30.0	0.0
355	30	30.0	0.0
356	30	30.0	0.0
357	30	30.0	0.0
358	30	30.0	0.0
359	30	30.0	0.0
360	30	30.0	0.0
361	30	30.0	0.0
362	30	30.0	0.0
363	30	30.0	0.0
364	30	30.0	0.0
365	30	30.0	0.0
366	30	30.0	0.0
367	30	30.0	0.0
368	30	30.0	0.0
369	30	30.0	0.0
370	30	30.0	0.0
371	30	30.0	0.0
372	30	30.0	0.0
373	30	30.0	0.0
374	30	30.0	0.0
375	30	30.0	0.0
376	30	30.0	0.0
377	30	30.0	0.0
378	30	30.0	0.0
379	30	30.0	0.0
380	30	30.0	0.0
381	30	30.0	0.0
382	30	30.0	0.0
383	30	30.0	0.0
384	30	30.0	0.0
385	30	30.0	0.0
386	30	30.0	0.0
387	30	30.0	0.0
388	30	30.0	0.0
389	30	30.0	0.0
390	30	30.0	0.0
391	30	30.0	0.0
392	30	30.0	0.0
393	30	30.0	0.0
394	30	30.0	0.0
395	30	30.0	0.0
396	30	30.0	0.0
397	30	30.0	0.0
398	30	30.0	0.0
399	30	30.0	0.0
400	30	30.0	0.0
1	50	60.77	3.75194616166
2	49	56.58	2.62366156354
3	45	53.86	2.437293581
4	44	51.38	2.35278558309
5	43	49.19	2.42979422997
6	40	46.89	2.35327431465
7	38	44.56	2.45283509433
8	38	42.14	1.86558301879
9	37	40.205	1.01142226592
10	37	39.39	1.15667627277
11	37	37.975	0.757875319561
12	37	37.295	0.563892720293
13	37	37.0	0.0
14	37	37.0	0.0
15	37	37.0	0.0
16	37	37.0	0.0
17	37	37.0	0.0
18	37	37.0	0.0
19	37	37.0	0.0
20	37	37.0	0.0
21	37	37.0	0.0
22	37	37.0	0.0
23	37	37.0	0.0
24	37	37.0	0.0
25	37	37.0	0.0
26	37	37.0	0.0
27	37	37.0	0.0
28	37	37.0	0.0
29	37	37.0	0.0
30	37	37.0	0.0
31	37	37.0	0.0
32	37	37.0	0.0
33	37	37.0	0.0
34	37	37.0	0.0
35	37	37.0	0.0
36	37	37.0	0.0
37	37	37.0	0.0
38	37	37.0	0.0
39	37	37.0	0.0
40	37	37.0	0.0
41	37	37.0	0.0
42	37	37.0	0.0
43	37	37.0	0.0
44	37	37.0	0.0
45	37	37.0	0.0
46	37	37.0	0.0
47	37	37.0	0.0
48	37	37.0	0.0
49	37	37.0	0.0
50	37	37.0	0.0
51	37	37.0	0.0
52	37	37.0	0.0
53	37	37.0	0.0
54	37	37.0	0.0
55	37	37.0	0.0
56	37	37.0	0.0
57	37	37.0	0.0
58	37	37.0	0.0
59	37	37.0	0.0
60	37	37.0	0.0
61	37	37.0	0.0
62	37	37.0	0.0
63	37	37.0	0.0
64	37	37.0	0.0
65	37	37.0	0.0
66	37	37.0	0.0
67	37	37.0	0.0
68	37	37.0	0.0
69	37	37.0	0.0
70	37	37.0	0.0
71	37	37.0	0.0
72	37	37.0	0.0
73	37	37.0	0.0
74	37	37.0	0.0
75	37	37.0	0.0
76	37	37.0	0.0
77	37	37.0	0.0
78	37	37.0	0.0
79	37	37.0	0.0
80	37	37.0	0.0
81	37	37.0	0.0
82	37	37.0	0.0
83	37	37.0	0.0
84	37	37.0	0.0
85	37	37.0	0.0
86	37	37.0	0.0
87	37	37.0	0.0
88	37	37.0	0.0
89	37	37.0	0.0
90	37	37.0	0.0
91	37	37.0	0.0
92	37	37.0	0.0
93	37	37.0	0.0
94	37	37.0	0.0
95	37	37.0	0.0
96	37	37.0	0.0
97	37	37.0	0.0
98	37	37.0	0.0
99	37	37.0	0.0
100	37	37.0	0.0
101	37	37.0	0.0
102	37	37.0	0.0
103	37	37.0	0.0
104	37	37.0	0.0
105	37	37.0	0.0
106	37	37.0	0.0
107	37	37.0	0.0
108	37	37.0	0.0
109	37	37.0	0.0
110	37	37.0	0.0
111	37	37.0	0.0
112	37	37.0	0.0
113	37	37.0	0.0
114	37	37.0	0.0
115	37	37.0	0.0
116	37	37.0	0.0
117	37	37.0	0.0
118	37	37.0	0.0
119	37	37.0	0.0
120	37	37.0	0.0
121	37	37.0	0.0
122	37	37.0	0.0
123	37	37.0	0.0
124	37	37.0	0.0
125	37	37.0	0.0
126	37	37.0	0.0
127	37	37.0	0.0
128	37	37.0	0.0
129	37	37.0	0.0
130	37	37.0	0.0
131	37	37.0	0.0
132	37	37.0	0.0
133	37	37.0	0.0
134	37	37.0	0.0
135	37	37.0	0.0
136	37	37.0	0.0
137	37	37.0	0.0
138	37	37.0	0.0
139	37	37.0	0.0
140	37	37.0	0.0
141	37	37.0	0.0
142	37	37.0	0.0
143	37	37.0	0.0
144	37	37.0	0.0
145	37	37.0	0.0
146	37	37.0	0.0
147	37	37.0	0.0
148	37	37.0	0.0
149	37	37.0	0.0
150	37	37.0	0.0
151	37	37.0	0.0
152	37	37.0	0.0
153	37	37.0	0.0
154	37	37.0	0.0
155	37	37.0	0.0
156	37	37.0	0.0
157	37	37.0	0.0
158	37	37.0	0.0
159	37	37.0	0.0
160	37	37.0	0.0
161	37	37.0	0.0
162	37	37.0	0.0
163	37	37.0	0.0
164	37	37.0	0.0
165	37	37.0	0.0
166	37	37.0	0.0
167	37	37.0	0.0
168	37	37.0	0.0
169	37	37.0	0.0
170	37	37.0	0.0
171	37	37.0	0.0
172	37	37.0	0.0
173	37	37.0	0.0
174	37	37.0	0.0
175	37	37.0	0.0
176	37	37.0	0.0
177	37	37.0	0.0
178	37	37.0	0.0
179	37	37.0	0.0
180	37	37.0	0.0
181	37	37.0	0.0
182	37	37.0	0.0
183	37	37.0	0.0
184	37	37.0	0.0
185	37	37.0	0.0
186	37	37.0	0.0
187	37	37.0	0.0
188	37	37.0	0.0
189	37	37.0	0.0
190	37	37.0	0.0
191	37	37.0	0.0
192	37	37.0	0.0
193	37	37.0	0.0
194	37	37.0	0.0
195	37	37.0	0.0
196	37	37.0	0.0
197	37	37.0	0.0
198	37	37.0	0.0
199	37	37.0	0.0
200	37	37.0	0.0
201	37	37.0	0.0
202	37	37.0	0.0
203	37	37.0	0.0
204	37	37.0	0.0
205	37	37.0	0.0
206	37	37.0	0.0
207	37	37.0	0.0
208	37	37.0	0.0
209	37	37.0	0.0
210	37	37.0	0.0
211	37	37.0	0.0
212	37	37.0	0.0
213	37	37.0	0.0
214	37	37.0	0.0
215	37	37.0	0.0
216	37	37.0	0.0
217	37	37.0	0.0
218	37	37.0	0.0
219	37	37.0	0.0
220	37	37.0	0.0
221	37	37.0	0.0
222	37	37.0	0.0
223	37	37.0	0.0
224	37	37.0	0.0
225	37	37.0	0.0
226	37	37.0	0.0
227	37	37.0	0.0
228	37	37.0	0.0
229	37	37.0	0.0
230	37	37.0	0.0
231	37	37.0	0.0
232	37	37.0	0.0
233	37	37.0	0.0
234	37	37.0	0.0
235	37	37.0	0.0
236	37	37.0	0.0
237	37	37.0	0.0
238	37	37.0	0.0
239	37	37.0	0.0
240	37	37.0	0.0
241	37	37.0	0.0
242	37	37.0	0.0
243	37	37.0	0.0
244	37	37.0	0.0
245	37	37.0	0.0
246	37	37.0	0.0
247	37	37.0	0.0
248	37	37.0	0.0
249	37	37.0	0.0
250	37	37.0	0.0
251	37	37.0	0.0
252	37	37.0	0.0
253	37	37.0	0.0
254	37	37.0	0.0
255	37	37.0	0.0
256	37	37.0	0.0
257	37	37.0	0.0
258	37	37.0	0.0
259	37	37.0	0.0
260	37	37.0	0.0
261	37	37.0	0.0
262	37	37.0	0.0
263	37	37.0	0.0
264	37	37.0	0.0
265	37	37.0	0.0
266	37	37.0	0.0
267	37	37.0	0.0
268	37	37.0	0.0
269	37	37.0	0.0
270	37	37.0	0.0
271	37	37.0	0.0
272	37	37.0	0.0
273	37	37.0	0.0
274	37	37.0	0.0
275	37	37.0	0.0
276	37	37.0	0.0
277	37	37.0	0.0
278	37	37.0	0.0
279	37	37.0	0.0
280	37	37.0	0.0
281	37	37.0	0.0
282	37	37.0	0.0
283	37	37.0	0.0
284	37	37.0	0.0
285	37	37.0	0.0
286	37	37.0	0.0
287	37	37.0	0.0
288	37	37.0	0.0
289	37	37.0	0.0
290	37	37.0	0.0
291	37	37.0	0.0
292	37	37.0	0.0
293	37	37.0	0.0
294	37	37.0	0.0
295	37	37.0	0.0
296	37	37.0	0.0
297	37	37.0	0.0
298	37	37.0	0.0
299	37	37.0	0.0
300	37	37.0	0.0
301	37	37.0	0.0
302	37	37.0	0.0
303	37	37.0	0.0
304	37	37.0	0.0
305	37	37.0	0.0
306	37	37.0	0.0
307	37	37.0	0.0
308	37	37.0	0.0
309	37	37.0	0.0
310	37	37.0	0.0
311	37	37.0	0.0
312	37	37.0	0.0
313	37	37.0	0.0
314	37	37.0	0.0
315	37	37.0	0.0
316	37	37.0	0.0
317	37	37.0	0.0
318	37	37.0	0.0
319	37	37.0	0.0
320	37	37.0	0.0
321	37	37.0	0.0
322	37	37.0	0.0
323	37	37.0	0.0
324	37	37.0	0.0
325	37	37.0	0.0
326	37	37.0	0.0
327	37	37.0	0.0
328	37	37.0	0.0
329	37	37.0	0.0
330	37	37.0	0.0
331	37	37.0	0.0
332	37	37.0	0.0
333	37	37.0	0.0
334	37	37.0	0.0
335	37	37.0	0.0
336	37	37.0	0.0
337	37	37.0	0.0
338	37	37.0	0.0
339	37	37.0	0.0
340	37	37.0	0.0
341	37	37.0	0.0
342	37	37.0	0.0
343	37	37.0	0.0
344	37	37.0	0.0
345	37	37.0	0.0
346	37	37.0	0.0
347	37	37.0	0.0
348	37	37.0	0.0
349	37	37.0	0.0
350	37	37.0	0.0
351	37	37.0	0.0
352	37	37.0	0.0
353	37	37.0	0.0
354	37	37.0	0.0
355	37	37.0	0.0
356	37	37.0	0.0
357	37	37.0	0.0
358	37	37.0	0.0
359	37	37.0	0.0
360	37	37.0	0.0
361	37	37.0	0.0
362	37	37.0	0.0
363	37	37.0	0.0
364	37	37.0	0.0
365	37	37.0	0.0
366	37	37.0	0.0
367	37	37.0	0.0
368	37	37.0	0.0
369	37	37.0	0.0
370	37	37.0	0.0
371	37	37.0	0.0
372	37	37.0	0.0
373	37	37.0	0.0
374	37	37.0	0.0
375	37	37.0	0.0
376	37	37.0	0.0
377	37	37.0	0.0
378	37	37.0	0.0
379	37	37.0	0.0
380	37	37.0	0.0
381	37	37.0	0.0
382	37	37.0	0.0
383	37	37.0	0.0
384	37	37.0	0.0
385	37	37.0	0.0
386	37	37.0	0.0
387	37	37.0	0.0
388	37	37.0	0.0
389	37	37.0	0.0
390	37	37.0	0.0
391	37	37.0	0.0
392	37	37.0	0.0
393	37	37.0	0.0
394	37	37.0	0.0
395	37	37.0	0.0
396	37	37.0	0.0
397	37	37.0	0.0
398	37	37.0	0.0
399	37	37.0	0.0
400	37	37.0	0.0
1	49	60.575	3.7728470682
2	48	56.045	2.65008962113
3	48	53.145	2.20317384698
4	47	51.2	1.76635217327
5	46	49.86	2.02247373283
6	44	48.34	1.85051344226
7	41	46.825	1.64753603906
8	41	45.08	1.36513735573
9	40	44.31	1.86115555502
10	39	42.03	1.56176182563
11	39	40.455	0.893294464329
12	39	39.665	0.550249943208
13	39	39.0	0.0
14	39	39.0	0.0
15	39	39.0	0.0
16	39	39.0	0.0
17	39	39.0	0.0
18	39	39.0	0.0
19	39	39.0	0.0
20	39	39.0	0.0
21	39	39.0	0.0
22	39	39.0	0.0
23	39	39.0	0.0
24	39	39.0	0.0
25	39	39.0	0.0
26	39	39.0	0.0
27	39	39.0	0.0
28	39	39.0	0.0
29	39	39.0	0.0
30	39	39.0	0.0
31	39	39.0	0.0
32	39	39.0	0.0
33	39	39.0	0.0
34	39	39.0	0.0
35	39	39.0	0.0
36	39	39.0	0.0
37	39	39.0	0.0
38	39	39.0	0.0
39	39	39.0	0.0
40	39	39.0	0.0
41	39	39.0	0.0
42	39	39.0	0.0
43	39	39.0	0.0
44	39	39.0	0.0
45	39	39.0	0.0
46	39	39.0	0.0
47	39	39.0	0.0
48	39	39.0	0.0
49	39	39.0	0.0
50	39	39.0	0.0
51	39	39.0	0.0
52	39	39.0	0.0
53	39	39.0	0.0
54	39	39.0	0.0
55	39	39.0	0.0
56	39	39.0	0.0
57	39	39.0	0.0
58	39	39.0	0.0
59	39	39.0	0.0
60	39	39.0	0.0
61	39	39.0	0.0
62	39	39.0	0.0
63	39	39.0	0.0
64	39	39.0	0.0
65	39	39.0	0.0
66	39	39.0	0.0
67	39	39.0	0.0
68	39	39.0	0.0
69	39	39.0	0.0
70	39	39.0	0.0
71	39	39.0	0.0
72	39	39.0	0.0
73	39	39.0	0.0
74	39	39.0	0.0
75	39	39.0	0.0
76	39	39.0	0.0
77	39	39.0	0.0
78	39	39.0	0.0
79	39	39.0	0.0
80	39	39.0	0.0
81	39	39.0	0.0
82	39	39.0	0.0
83	39	39.0	0.0
84	39	39.0	0.0
85	39	39.0	0.0
86	39	39.0	0.0
87	39	39.0	0.0
88	39	39.0	0.0
89	39	39.0	0.0
90	39	39.0	0.0
91	39	39.0	0.0
92	39	39.0	0.0
93	39	39.0	0.0
94	39	39.0	0.0
95	39	39.0	0.0
96	39	39.0	0.0
97	39	39.0	0.0
98	39	39.0	0.0
99	39	39.0	0.0
100	39	39.0	0.0
101	39	39.0	0.0
102	39	39.0	0.0
103	39	39.0	0.0
104	39	39.0	0.0
105	39	39.0	0.0
106	39	39.0	0.0
107	39	39.0	0.0
108	39	39.0	0.0
109	39	39.0	0.0
110	39	39.0	0.0
111	39	39.0	0.0
112	39	39.0	0.0
113	39	39.0	0.0
114	39	39.0	0.0
115	39	39.0	0.0
116	39	39.0	0.0
117	39	39.0	0.0
118	39	39.0	0.0
119	39	39.0	0.0
120	39	39.0	0.0
121	39	39.0	0.0
122	39	39.0	0.0
123	39	39.0	0.0
124	39	39.0	0.0
125	39	39.0	0.0
126	39	39.0	0.0
127	39	39.0	0.0
128	39	39.0	0.0
129	39	39.0	0.0
130	39	39.0	0.0
131	39	39.0	0.0
132	39	39.0	0.0
133	39	39.0	0.0
134	39	39.0	0.0
135	39	39.0	0.0
136	39	39.0	0.0
137	39	39.0	0.0
138	39	39.0	0.0
139	39	39.0	0.0
140	39	39.0	0.0
141	39	39.0	0.0
142	39	39.0	0.0
143	39	39.0	0.0
144	39	39.0	0.0
145	39	39.0	0.0
146	39	39.0	0.0
147	39	39.0	0.0
148	39	39.0	0.0
149	39	39.0	0.0
150	39	39.0	0.0
151	39	39.0	0.0
152	39	39.0	0.0
153	39	39.0	0.0
154	39	39.0	0.0
155	39	39.0	0.0
156	39	39.0	0.0
157	39	39.0	0.0
158	39	39.0	0.0
159	39	39.0	0.0
160	39	39.0	0.0
161	39	39.0	0.0
162	39	39.0	0.0
163	39	39.0	0.0
164	39	39.0	0.0
165	39	39.0	0.0
166	39	39.0	0.0
167	39	39.0	0.0
168	39	39.0	0.0
169	39	39.0	0.0
170	39	39.0	0.0
171	39	39.0	0.0
172	39	39.0	0.0
173	39	39.0	0.0
174	39	39.0	0.0
175	39	39.0	0.0
176	39	39.0	0.0
177	39	39.0	0.0
178	39	39.0	0.0
179	39	39.0	0.0
180	39	39.0	0.0
181	39	39.0	0.0
182	39	39.0	0.0
183	39	39.0	0.0
184	39	39.0	0.0
185	39	39.0	0.0
186	39	39.0	0.0
187	39	39.0	0.0
188	39	39.0	0.0
189	39	39.0	0.0
190	39	39.0	0.0
191	39	39.0	0.0
192	39	39.0	0.0
193	39	39.0	0.0
194	39	39.0	0.0
195	39	39.0	0.0
196	39	39.0	0.0
197	39	39.0	0.0
198	39	39.0	0.0
199	39	39.0	0.0
200	39	39.0	0.0
201	39	39.0	0.0
202	39	39.0	0.0
203	39	39.0	0.0
204	39	39.0	0.0
205	39	39.0	0.0
206	39	39.0	0.0
207	39	39.0	0.0
208	39	39.0	0.0
209	39	39.0	0.0
210	39	39.0	0.0
211	39	39.0	0.0
212	39	39.0	0.0
213	39	39.0	0.0
214	39	39.0	0.0
215	39	39.0	0.0
216	39	39.0	0.0
217	39	39.0	0.0
218	39	39.0	0.0
219	39	39.0	0.0
220	39	39.0	0.0
221	39	39.0	0.0
222	39	39.0	0.0
223	39	39.0	0.0
224	39	39.0	0.0
225	39	39.0	0.0
226	39	39.0	0.0
227	39	39.0	0.0
228	39	39.0	0.0
229	39	39.0	0.0
230	39	39.0	0.0
231	39	39.0	0.0
232	39	39.0	0.0
233	39	39.0	0.0
234	39	39.0	0.0
235	39	39.0	0.0
236	39	39.0	0.0
237	39	39.0	0.0
238	39	39.0	0.0
239	39	39.0	0.0
240	39	39.0	0.0
241	39	39.0	0.0
242	39	39.0	0.0
243	39	39.0	0.0
244	39	39.0	0.0
245	39	39.0	0.0
246	39	39.0	0.0
247	39	39.0	0.0
248	39	39.0	0.0
249	39	39.0	0.0
250	39	39.0	0.0
251	39	39.0	0.0
252	39	39.0	0.0
253	39	39.0	0.0
254	39	39.0	0.0
255	39	39.0	0.0
256	39	39.0	0.0
257	39	39.0	0.0
258	39	39.0	0.0
259	39	39.0	0.0
260	39	39.0	0.0
261	39	39.0	0.0
262	39	39.0	0.0
263	39	39.0	0.0
264	39	39.0	0.0
265	39	39.0	0.0
266	39	39.0	0.0
267	39	39.0	0.0
268	39	39.0	0.0
269	39	39.0	0.0
270	39	39.0	0.0
271	39	39.0	0.0
272	39	39.0	0.0
273	39	39.0	0.0
274	39	39.0	0.0
275	39	39.0	0.0
276	39	39.0	0.0
277	39	39.0	0.0
278	39	39.0	0.0
279	39	39.0	0.0
280	39	39.0	0.0
281	39	39.0	0.0
282	39	39.0	0.0
283	39	39.0	0.0
284	39	39.0	0.0
285	39	39.0	0.0
286	39	39.0	0.0
287	39	39.0	0.0
288	39	39.0	0.0
289	39	39.0	0.0
290	39	39.0	0.0
291	39	39.0	0.0
292	39	39.0	0.0
293	39	39.0	0.0
294	39	39.0	0.0
295	39	39.0	0.0
296	39	39.0	0.0
297	39	39.0	0.0
298	39	39.0	0.0
299	39	39.0	0.0
300	39	39.0	0.0
301	39	39.0	0.0
302	39	39.0	0.0
303	39	39.0	0.0
304	39	39.0	0.0
305	39	39.0	0.0
306	39	39.0	0.0
307	39	39.0	0.0
308	39	39.0	0.0
309	39	39.0	0.0
310	39	39.0	0.0
311	39	39.0	0.0
312	39	39.0	0.0
313	39	39.0	0.0
314	39	39.0	0.0
315	39	39.0	0.0
316	39	39.0	0.0
317	39	39.0	0.0
318	39	39.0	0.0
319	39	39.0	0.0
320	39	39.0	0.0
321	39	39.0	0.0
322	39	39.0	0.0
323	39	39.0	0.0
324	39	39.0	0.0
325	39	39.0	0.0
326	39	39.0	0.0
327	39	39.0	0.0
328	39	39.0	0.0
329	39	39.0	0.0
330	39	39.0	0.0
331	39	39.0	0.0
332	39	39.0	0.0
333	39	39.0	0.0
334	39	39.0	0.0
335	39	39.0	0.0
336	39	39.0	0.0
337	39	39.0	0.0
338	39	39.0	0.0
339	39	39.0	0.0
340	39	39.0	0.0
341	39	39.0	0.0
342	39	39.0	0.0
343	39	39.0	0.0
344	39	39.0	0.0
345	39	39.0	0.0
346	39	39.0	0.0
347	39	39.0	0.0
348	39	39.0	0.0
349	39	39.0	0.0
350	39	39.0	0.0
351	39	39.0	0.0
352	39	39.0	0.0
353	39	39.0	0.0
354	39	39.0	0.0
355	39	39.0	0.0
356	39	39.0	0.0
357	39	39.0	0.0
358	39	39.0	0.0
359	39	39.0	0.0
360	39	39.0	0.0
361	39	39.0	0.0
362	39	39.0	0.0
363	39	39.0	0.0
364	39	39.0	0.0
365	39	39.0	0.0
366	39	39.0	0.0
367	39	39.0	0.0
368	39	39.0	0.0
369	39	39.0	0.0
370	39	39.0	0.0
371	39	39.0	0.0
372	39	39.0	0.0
373	39	39.0	0.0
374	39	39.0	0.0
375	39	39.0	0.0
376	39	39.0	0.0
377	39	39.0	0.0
378	39	39.0	0.0
379	39	39.0	0.0
380	39	39.0	0.0
381	39	39.0	0.0
382	39	39.0	0.0
383	39	39.0	0.0
384	39	39.0	0.0
385	39	39.0	0.0
386	39	39.0	0.0
387	39	39.0	0.0
388	39	39.0	0.0
389	39	39.0	0.0
390	39	39.0	0.0
391	39	39.0	0.0
392	39	39.0	0.0
393	39	39.0	0.0
394	39	39.0	0.0
395	39	39.0	0.0
396	39	39.0	0.0
397	39	39.0	0.0
398	39	39.0	0.0
399	39	39.0	0.0
400	39	39.0	0.0
1	49	60.725	3.96854822322
2	48	56.325	3.05767477015
3	48	52.885	2.6194989979
4	42	49.8	2.67955220139
5	41	46.99	2.40414225869
6	40	44.735	2.00119339395
7	38	42.715	1.61671735316
8	38	41.455	1.59310231938
9	36	40.24	1.41152399909
10	36	39.415	1.55008870714
11	34	37.83	0.895041898461
12	34	36.78	0.849470423264
13	34	35.78	0.641560597294
14	34	35.08	0.890842298053
15	34	34.0	0.0
16	34	34.0	0.0
17	34	34.0	0.0
18	34	34.0	0.0
19	34	34.0	0.0
20	34	34.0	0.0
21	34	34.0	0.0
22	34	34.0	0.0
23	34	34.0	0.0
24	34	34.0	0.0
25	34	34.0	0.0
26	34	34.0	0.0
27	34	34.0	0.0
28	34	34.0	0.0
29	34	34.0	0.0
30	34	34.0	0.0
31	34	34.0	0.0
32	34	34.0	0.0
33	34	34.0	0.0
34	34	34.0	0.0
35	34	34.0	0.0
36	34	34.0	0.0
37	34	34.0	0.0
38	34	34.0	0.0
39	34	34.0	0.0
40	34	34.0	0.0
41	34	34.0	0.0
42	34	34.0	0.0
43	34	34.0	0.0
44	34	34.0	0.0
45	34	34.0	0.0
46	34	34.0	0.0
47	34	34.0	0.0
48	34	34.0	0.0
49	34	34.0	0.0
50	34	34.0	0.0
51	34	34.0	0.0
52	34	34.0	0.0
53	34	34.0	0.0
54	34	34.0	0.0
55	34	34.0	0.0
56	34	34.0	0.0
57	34	34.0	0.0
58	34	34.0	0.0
59	34	34.0	0.0
60	34	34.0	0.0
61	34	34.0	0.0
62	34	34.0	0.0
63	34	34.0	0.0
64	34	34.0	0.0
65	34	34.0	0.0
66	34	34.0	0.0
67	34	34.0	0.0
68	34	34.0	0.0
69	34	34.0	0.0
70	34	34.0	0.0
71	34	34.0	0.0
72	34	34.0	0.0
73	34	34.0	0.0
74	34	34.0	0.0
75	34	34.0	0.0
76	34	34.0	0.0
77	34	34.0	0.0
78	34	34.0	0.0
79	34	34.0	0.0
80	34	34.0	0.0
81	34	34.0	0.0
82	34	34.0	0.0
83	34	34.0	0.0
84	34	34.0	0.0
85	34	34.0	0.0
86	34	34.0	0.0
87	34	34.0	0.0
88	34	34.0	0.0
89	34	34.0	0.0
90	34	34.0	0.0
91	34	34.0	0.0
92	34	34.0	0.0
93	34	34.0	0.0
94	34	34.0	0.0
95	34	34.0	0.0
96	34	34.0	0.0
97	34	34.0	0.0
98	34	34.0	0.0
99	34	34.0	0.0
100	34	34.0	0.0
101	34	34.0	0.0
102	34	34.0	0.0
103	34	34.0	0.0
104	34	34.0	0.0
105	34	34.0	0.0
106	34	34.0	0.0
107	34	34.0	0.0
108	34	34.0	0.0
109	34	34.0	0.0
110	34	34.0	0.0
111	34	34.0	0.0
112	34	34.0	0.0
113	34	34.0	0.0
114	34	34.0	0.0
115	34	34.0	0.0
116	34	34.0	0.0
117	34	34.0	0.0
118	34	34.0	0.0
119	34	34.0	0.0
120	34	34.0	0.0
121	34	34.0	0.0
122	34	34.0	0.0
123	34	34.0	0.0
124	34	34.0	0.0
125	34	34.0	0.0
126	34	34.0	0.0
127	34	34.0	0.0
128	34	34.0	0.0
129	34	34.0	0.0
130	34	34.0	0.0
131	34	34.0	0.0
132	34	34.0	0.0
133	34	34.0	0.0
134	34	34.0	0.0
135	34	34.0	0.0
136	34	34.0	0.0
137	34	34.0	0.0
138	34	34.0	0.0
139	34	34.0	0.0
140	34	34.0	0.0
141	34	34.0	0.0
142	34	34.0	0.0
143	34	34.0	0.0
144	34	34.0	0.0
145	34	34.0	0.0
146	34	34.0	0.0
147	34	34.0	0.0
148	34	34.0	0.0
149	34	34.0	0.0
150	34	34.0	0.0
151	34	34.0	0.0
152	34	34.0	0.0
153	34	34.0	0.0
154	34	34.0	0.0
155	34	34.0	0.0
156	34	34.0	0.0
157	34	34.0	0.0
158	34	34.0	0.0
159	34	34.0	0.0
160	34	34.0	0.0
161	34	34.0	0.0
162	34	34.0	0.0
163	34	34.0	0.0
164	34	34.0	0.0
165	34	34.0	0.0
166	34	34.0	0.0
167	34	34.0	0.0
168	34	34.0	0.0
169	34	34.0	0.0
170	34	34.0	0.0
171	34	34.0	0.0
172	34	34.0	0.0
173	34	34.0	0.0
174	34	34.0	0.0
175	34	34.0	0.0
176	34	34.0	0.0
177	34	34.0	0.0
178	34	34.0	0.0
179	34	34.0	0.0
180	34	34.0	0.0
181	34	34.0	0.0
182	34	34.0	0.0
183	34	34.0	0.0
184	34	34.0	0.0
185	34	34.0	0.0
186	34	34.0	0.0
187	34	34.0	0.0
188	34	34.0	0.0
189	34	34.0	0.0
190	34	34.0	0.0
191	34	34.0	0.0
192	34	34.0	0.0
193	34	34.0	0.0
194	34	34.0	0.0
195	34	34.0	0.0
196	34	34.0	0.0
197	34	34.0	0.0
198	34	34.0	0.0
199	34	34.0	0.0
200	34	34.0	0.0
201	34	34.0	0.0
202	34	34.0	0.0
203	34	34.0	0.0
204	34	34.0	0.0
205	34	34.0	0.0
206	34	34.0	0.0
207	34	34.0	0.0
208	34	34.0	0.0
209	34	34.0	0.0
210	34	34.0	0.0
211	34	34.0	0.0
212	34	34.0	0.0
213	34	34.0	0.0
214	34	34.0	0.0
215	34	34.0	0.0
216	34	34.0	0.0
217	34	34.0	0.0
218	34	34.0	0.0
219	34	34.0	0.0
220	34	34.0	0.0
221	34	34.0	0.0
222	34	34.0	0.0
223	34	34.0	0.0
224	34	34.0	0.0
225	34	34.0	0.0
226	34	34.0	0.0
227	34	34.0	0.0
228	34	34.0	0.0
229	34	34.0	0.0
230	34	34.0	0.0
231	34	34.0	0.0
232	34	34.0	0.0
233	34	34.0	0.0
234	34	34.0	0.0
235	34	34.0	0.0
236	34	34.0	0.0
237	34	34.0	0.0
238	34	34.0	0.0
239	34	34.0	0.0
240	34	34.0	0.0
241	34	34.0	0.0
242	34	34.0	0.0
243	34	34.0	0.0
244	34	34.0	0.0
245	34	34.0	0.0
246	34	34.0	0.0
247	34	34.0	0.0
248	34	34.0	0.0
249	34	34.0	0.0
250	34	34.0	0.0
251	34	34.0	0.0
252	34	34.0	0.0
253	34	34.0	0.0
254	34	34.0	0.0
255	34	34.0	0.0
256	34	34.0	0.0
257	34	34.0	0.0
258	34	34.0	0.0
259	34	34.0	0.0
260	34	34.0	0.0
261	34	34.0	0.0
262	34	34.0	0.0
263	34	34.0	0.0
264	34	34.0	0.0
265	34	34.0	0.0
266	34	34.0	0.0
267	34	34.0	0.0
268	34	34.0	0.0
269	34	34.0	0.0
270	34	34.0	0.0
271	34	34.0	0.0
272	34	34.0	0.0
273	34	34.0	0.0
274	34	34.0	0.0
275	34	34.0	0.0
276	34	34.0	0.0
277	34	34.0	0.0
278	34	34.0	0.0
279	34	34.0	0.0
280	34	34.0	0.0
281	34	34.0	0.0
282	34	34.0	0.0
283	34	34.0	0.0
284	34	34.0	0.0
285	34	34.0	0.0
286	34	34.0	0.0
287	34	34.0	0.0
288	34	34.0	0.0
289	34	34.0	0.0
290	34	34.0	0.0
291	34	34.0	0.0
292	34	34.0	0.0
293	34	34.0	0.0
294	34	34.0	0.0
295	34	34.0	0.0
296	34	34.0	0.0
297	34	34.0	0.0
298	34	34.0	0.0
299	34	34.0	0.0
300	34	34.0	0.0
301	34	34.0	0.0
302	34	34.0	0.0
303	34	34.0	0.0
304	34	34.0	0.0
305	34	34.0	0.0
306	34	34.0	0.0
307	34	34.0	0.0
308	34	34.0	0.0
309	34	34.0	0.0
310	34	34.0	0.0
311	34	34.0	0.0
312	34	34.0	0.0
313	34	34.0	0.0
314	34	34.0	0.0
315	34	34.0	0.0
316	34	34.0	0.0
317	34	34.0	0.0
318	34	34.0	0.0
319	34	34.0	0.0
320	34	34.0	0.0
321	34	34.0	0.0
322	34	34.0	0.0
323	34	34.0	0.0
324	34	34.0	0.0
325	34	34.0	0.0
326	34	34.0	0.0
327	34	34.0	0.0
328	34	34.0	0.0
329	34	34.0	0.0
330	34	34.0	0.0
331	34	34.0	0.0
332	34	34.0	0.0
333	34	34.0	0.0
334	34	34.0	0.0
335	34	34.0	0.0
336	34	34.0	0.0
337	34	34.0	0.0
338	34	34.0	0.0
339	34	34.0	0.0
340	34	34.0	0.0
341	34	34.0	0.0
342	34	34.0	0.0
343	34	34.0	0.0
344	34	34.0	0.0
345	34	34.0	0.0
346	34	34.0	0.0
347	34	34.0	0.0
348	34	34.0	0.0
349	34	34.0	0.0
350	34	34.0	0.0
351	34	34.0	0.0
352	34	34.0	0.0
353	34	34.0	0.0
354	34	34.0	0.0
355	34	34.0	0.0
356	34	34.0	0.0
357	34	34.0	0.0
358	34	34.0	0.0
359	34	34.0	0.0
360	34	34.0	0.0
361	34	34.0	0.0
362	34	34.0	0.0
363	34	34.0	0.0
364	34	34.0	0.0
365	34	34.0	0.0
366	34	34.0	0.0
367	34	34.0	0.0
368	34	34.0	0.0
369	34	34.0	0.0
370	34	34.0	0.0
371	34	34.0	0.0
372	34	34.0	0.0
373	34	34.0	0.0
374	34	34.0	0.0
375	34	34.0	0.0
376	34	34.0	0.0
377	34	34.0	0.0
378	34	34.0	0.0
379	34	34.0	0.0
380	34	34.0	0.0
381	34	34.0	0.0
382	34	34.0	0.0
383	34	34.0	0.0
384	34	34.0	0.0
385	34	34.0	0.0
386	34	34.0	0.0
387	34	34.0	0.0
388	34	34.0	0.0
389	34	34.0	0.0
390	34	34.0	0.0
391	34	34.0	0.0
392	34	34.0	0.0
393	34	34.0	0.0
394	34	34.0	0.0
395	34	34.0	0.0
396	34	34.0	0.0
397	34	34.0	0.0
398	34	34.0	0.0
399	34	34.0	0.0
400	34	34.0	0.0
1	48	61.11	3.65073965108
2	48	56.73	2.51338417278
3	47	54.055	2.29607817811
4	46	51.86	2.334609175
5	44	49.315	1.86165920619
6	42	47.175	1.39081810457
7	42	45.775	1.72173604249
8	42	44.0	1.58429795178
9	42	42.25	0.847053717305
10	41	42.03	0.243104915623
11	41	42.07	0.324191301549
12	41	42.06	0.431740662898
13	41	41.975	0.379967103839
14	41	41.8	0.424264068712
15	41	41.175	0.379967103839
16	41	41.0	0.0
17	41	41.0	0.0
18	41	41.0	0.0
19	41	41.0	0.0
20	41	41.0	0.0
21	41	41.0	0.0
22	41	41.0	0.0
23	41	41.0	0.0
24	41	41.0	0.0
25	41	41.0	0.0
26	41	41.0	0.0
27	41	41.0	0.0
28	41	41.0	0.0
29	41	41.0	0.0
30	41	41.0	0.0
31	41	41.0	0.0
32	41	41.0	0.0
33	41	41.0	0.0
34	41	41.0	0.0
35	41	41.0	0.0
36	41	41.0	0.0
37	41	41.0	0.0
38	41	41.0	0.0
39	41	41.0	0.0
40	41	41.0	0.0
41	41	41.0	0.0
42	41	41.0	0.0
43	41	41.0	0.0
44	41	41.0	0.0
45	41	41.0	0.0
46	41	41.0	0.0
47	41	41.0	0.0
48	41	41.0	0.0
49	41	41.0	0.0
50	41	41.0	0.0
51	41	41.0	0.0
52	41	41.0	0.0
53	41	41.0	0.0
54	41	41.0	0.0
55	41	41.0	0.0
56	41	41.0	0.0
57	41	41.0	0.0
58	41	41.0	0.0
59	41	41.0	0.0
60	41	41.0	0.0
61	41	41.0	0.0
62	41	41.0	0.0
63	41	41.0	0.0
64	41	41.0	0.0
65	41	41.0	0.0
66	41	41.0	0.0
67	41	41.0	0.0
68	41	41.0	0.0
69	41	41.0	0.0
70	41	41.0	0.0
71	41	41.0	0.0
72	41	41.0	0.0
73	41	41.0	0.0
74	41	41.0	0.0
75	41	41.0	0.0
76	41	41.0	0.0
77	41	41.0	0.0
78	41	41.0	0.0
79	41	41.0	0.0
80	41	41.0	0.0
81	41	41.0	0.0
82	41	41.0	0.0
83	41	41.0	0.0
84	41	41.0	0.0
85	41	41.0	0.0
86	41	41.0	0.0
87	41	41.0	0.0
88	41	41.0	0.0
89	41	41.0	0.0
90	41	41.0	0.0
91	41	41.0	0.0
92	41	41.0	0.0
93	41	41.0	0.0
94	41	41.0	0.0
95	41	41.0	0.0
96	41	41.0	0.0
97	41	41.0	0.0
98	41	41.0	0.0
99	41	41.0	0.0
100	41	41.0	0.0
101	41	41.0	0.0
102	41	41.0	0.0
103	41	41.0	0.0
104	41	41.0	0.0
105	41	41.0	0.0
106	41	41.0	0.0
107	41	41.0	0.0
108	41	41.0	0.0
109	41	41.0	0.0
110	41	41.0	0.0
111	41	41.0	0.0
112	41	41.0	0.0
113	41	41.0	0.0
114	41	41.0	0.0
115	41	41.0	0.0
116	41	41.0	0.0
117	41	41.0	0.0
118	41	41.0	0.0
119	41	41.0	0.0
120	41	41.0	0.0
121	41	41.0	0.0
122	41	41.0	0.0
123	41	41.0	0.0
124	41	41.0	0.0
125	41	41.0	0.0
126	41	41.0	0.0
127	41	41.0	0.0
128	41	41.0	0.0
129	41	41.0	0.0
130	41	41.0	0.0
131	41	41.0	0.0
132	41	41.0	0.0
133	41	41.0	0.0
134	41	41.0	0.0
135	41	41.0	0.0
136	41	41.0	0.0
137	41	41.0	0.0
138	41	41.0	0.0
139	41	41.0	0.0
140	41	41.0	0.0
141	41	41.0	0.0
142	41	41.0	0.0
143	41	41.0	0.0
144	41	41.0	0.0
145	41	41.0	0.0
146	41	41.0	0.0
147	41	41.0	0.0
148	41	41.0	0.0
149	41	41.0	0.0
150	41	41.0	0.0
151	41	41.0	0.0
152	41	41.0	0.0
153	41	41.0	0.0
154	41	41.0	0.0
155	41	41.0	0.0
156	41	41.0	0.0
157	41	41.0	0.0
158	41	41.0	0.0
159	41	41.0	0.0
160	41	41.0	0.0
161	41	41.0	0.0
162	41	41.0	0.0
163	41	41.0	0.0
164	41	41.0	0.0
165	41	41.0	0.0
166	41	41.0	0.0
167	41	41.0	0.0
168	41	41.0	0.0
169	41	41.0	0.0
170	41	41.0	0.0
171	41	41.0	0.0
172	41	41.0	0.0
173	41	41.0	0.0
174	41	41.0	0.0
175	41	41.0	0.0
176	41	41.0	0.0
177	41	41.0	0.0
178	41	41.0	0.0
179	41	41.0	0.0
180	41	41.0	0.0
181	41	41.0	0.0
182	41	41.0	0.0
183	41	41.0	0.0
184	41	41.0	0.0
185	41	41.0	0.0
186	41	41.0	0.0
187	41	41.0	0.0
188	41	41.0	0.0
189	41	41.0	0.0
190	41	41.0	0.0
191	41	41.0	0.0
192	41	41.0	0.0
193	41	41.0	0.0
194	41	41.0	0.0
195	41	41.0	0.0
196	41	41.0	0.0
197	41	41.0	0.0
198	41	41.0	0.0
199	41	41.0	0.0
200	41	41.0	0.0
201	41	41.0	0.0
202	41	41.0	0.0
203	41	41.0	0.0
204	41	41.0	0.0
205	41	41.0	0.0
206	41	41.0	0.0
207	41	41.0	0.0
208	41	41.0	0.0
209	41	41.0	0.0
210	41	41.0	0.0
211	41	41.0	0.0
212	41	41.0	0.0
213	41	41.0	0.0
214	41	41.0	0.0
215	41	41.0	0.0
216	41	41.0	0.0
217	41	41.0	0.0
218	41	41.0	0.0
219	41	41.0	0.0
220	41	41.0	0.0
221	41	41.0	0.0
222	41	41.0	0.0
223	41	41.0	0.0
224	41	41.0	0.0
225	41	41.0	0.0
226	41	41.0	0.0
227	41	41.0	0.0
228	41	41.0	0.0
229	41	41.0	0.0
230	41	41.0	0.0
231	41	41.0	0.0
232	41	41.0	0.0
233	41	41.0	0.0
234	41	41.0	0.0
235	41	41.0	0.0
236	41	41.0	0.0
237	41	41.0	0.0
238	41	41.0	0.0
239	41	41.0	0.0
240	41	41.0	0.0
241	41	41.0	0.0
242	41	41.0	0.0
243	41	41.0	0.0
244	41	41.0	0.0
245	41	41.0	0.0
246	41	41.0	0.0
247	41	41.0	0.0
248	41	41.0	0.0
249	41	41.0	0.0
250	41	41.0	0.0
251	41	41.0	0.0
252	41	41.0	0.0
253	41	41.0	0.0
254	41	41.0	0.0
255	41	41.0	0.0
256	41	41.0	0.0
257	41	41.0	0.0
258	41	41.0	0.0
259	41	41.0	0.0
260	41	41.0	0.0
261	41	41.0	0.0
262	41	41.0	0.0
263	41	41.0	0.0
264	41	41.0	0.0
265	41	41.0	0.0
266	41	41.0	0.0
267	41	41.0	0.0
268	41	41.0	0.0
269	41	41.0	0.0
270	41	41.0	0.0
271	41	41.0	0.0
272	41	41.0	0.0
273	41	41.0	0.0
274	41	41.0	0.0
275	41	41.0	0.0
276	41	41.0	0.0
277	41	41.0	0.0
278	41	41.0	0.0
279	41	41.0	0.0
280	41	41.0	0.0
281	41	41.0	0.0
282	41	41.0	0.0
283	41	41.0	0.0
284	41	41.0	0.0
285	41	41.0	0.0
286	41	41.0	0.0
287	41	41.0	0.0
288	41	41.0	0.0
289	41	41.0	0.0
290	41	41.0	0.0
291	41	41.0	0.0
292	41	41.0	0.0
293	41	41.0	0.0
294	41	41.0	0.0
295	41	41.0	0.0
296	41	41.0	0.0
297	41	41.0	0.0
298	41	41.0	0.0
299	41	41.0	0.0
300	41	41.0	0.0
301	41	41.0	0.0
302	41	41.0	0.0
303	41	41.0	0.0
304	41	41.0	0.0
305	41	41.0	0.0
306	41	41.0	0.0
307	41	41.0	0.0
308	41	41.0	0.0
309	41	41.0	0.0
310	41	41.0	0.0
311	41	41.0	0.0
312	41	41.0	0.0
313	41	41.0	0.0
314	41	41.0	0.0
315	41	41.0	0.0
316	41	41.0	0.0
317	41	41.0	0.0
318	41	41.0	0.0
319	41	41.0	0.0
320	41	41.0	0.0
321	41	41.0	0.0
322	41	41.0	0.0
323	41	41.0	0.0
324	41	41.0	0.0
325	41	41.0	0.0
326	41	41.0	0.0
327	41	41.0	0.0
328	41	41.0	0.0
329	41	41.0	0.0
330	41	41.0	0.0
331	41	41.0	0.0
332	41	41.0	0.0
333	41	41.0	0.0
334	41	41.0	0.0
335	41	41.0	0.0
336	41	41.0	0.0
337	41	41.0	0.0
338	41	41.0	0.0
339	41	41.0	0.0
340	41	41.0	0.0
341	41	41.0	0.0
342	41	41.0	0.0
343	41	41.0	0.0
344	41	41.0	0.0
345	41	41.0	0.0
346	41	41.0	0.0
347	41	41.0	0.0
348	41	41.0	0.0
349	41	41.0	0.0
350	41	41.0	0.0
351	41	41.0	0.0
352	41	41.0	0.0
353	41	41.0	0.0
354	41	41.0	0.0
355	41	41.0	0.0
356	41	41.0	0.0
357	41	41.0	0.0
358	41	41.0	0.0
359	41	41.0	0.0
360	41	41.0	0.0
361	41	41.0	0.0
362	41	41.0	0.0
363	41	41.0	0.0
364	41	41.0	0.0
365	41	41.0	0.0
366	41	41.0	0.0
367	41	41.0	0.0
368	41	41.0	0.0
369	41	41.0	0.0
370	41	41.0	0.0
371	41	41.0	0.0
372	41	41.0	0.0
373	41	41.0	0.0
374	41	41.0	0.0
375	41	41.0	0.0
376	41	41.0	0.0
377	41	41.0	0.0
378	41	41.0	0.0
379	41	41.0	0.0
380	41	41.0	0.0
381	41	41.0	0.0
382	41	41.0	0.0
383	41	41.0	0.0
384	41	41.0	0.0
385	41	41.0	0.0
386	41	41.0	0.0
387	41	41.0	0.0
388	41	41.0	0.0
389	41	41.0	0.0
390	41	41.0	0.0
391	41	41.0	0.0
392	41	41.0	0.0
393	41	41.0	0.0
394	41	41.0	0.0
395	41	41.0	0.0
396	41	41.0	0.0
397	41	41.0	0.0
398	41	41.0	0.0
399	41	41.0	0.0
400	41	41.0	0.0
1	50	60.665	3.45872447587
2	49	56.695	3.03017738755
3	42	53.22	2.97684396635
4	39	50.295	2.82806912928
5	39	47.82	2.70695400774
6	39	45.43	3.19454222073
7	35	41.41	1.42544729822
8	35	39.53	1.71729438362
9	34	37.335	1.57250596183
10	34	35.255	0.761560897105
11	34	34.45	0.497493718553
12	34	34.01	0.141067359797
13	34	34.01	0.141067359797
14	34	34.03	0.243104915623
15	34	34.015	0.157400762387
16	34	34.02	0.198997487421
17	34	34.0	0.0
18	34	34.0	0.0
19	34	34.01	0.141067359797
20	34	34.02	0.198997487421
21	34	34.0	0.0
22	34	34.0	0.0
23	34	34.0	0.0
24	34	34.0	0.0
25	34	34.0	0.0
26	34	34.0	0.0
27	34	34.0	0.0
28	34	34.0	0.0
29	34	34.0	0.0
30	34	34.0	0.0
31	34	34.0	0.0
32	34	34.0	0.0
33	34	34.0	0.0
34	34	34.0	0.0
35	34	34.0	0.0
36	34	34.0	0.0
37	34	34.0	0.0
38	34	34.0	0.0
39	34	34.0	0.0
40	34	34.0	0.0
41	34	34.0	0.0
42	34	34.0	0.0
43	34	34.0	0.0
44	34	34.0	0.0
45	34	34.0	0.0
46	34	34.0	0.0
47	34	34.0	0.0
48	34	34.0	0.0
49	34	34.0	0.0
50	34	34.0	0.0
51	34	34.0	0.0
52	34	34.0	0.0
53	34	34.0	0.0
54	34	34.0	0.0
55	34	34.0	0.0
56	34	34.0	0.0
57	34	34.0	0.0
58	34	34.0	0.0
59	34	34.0	0.0
60	34	34.0	0.0
61	34	34.0	0.0
62	34	34.0	0.0
63	34	34.0	0.0
64	34	34.0	0.0
65	34	34.0	0.0
66	34	34.0	0.0
67	34	34.0	0.0
68	34	34.0	0.0
69	34	34.0	0.0
70	34	34.0	0.0
71	34	34.0	0.0
72	34	34.0	0.0
73	34	34.0	0.0
74	34	34.0	0.0
75	34	34.0	0.0
76	34	34.0	0.0
77	34	34.0	0.0
78	34	34.0	0.0
79	34	34.0	0.0
80	34	34.0	0.0
81	34	34.0	0.0
82	34	34.0	0.0
83	34	34.0	0.0
84	34	34.0	0.0
85	34	34.0	0.0
86	34	34.0	0.0
87	34	34.0	0.0
88	34	34.0	0.0
89	34	34.0	0.0
90	34	34.0	0.0
91	34	34.0	0.0
92	34	34.0	0.0
93	34	34.0	0.0
94	34	34.0	0.0
95	34	34.0	0.0
96	34	34.0	0.0
97	34	34.0	0.0
98	34	34.0	0.0
99	34	34.0	0.0
100	34	34.0	0.0
101	34	34.0	0.0
102	34	34.0	0.0
103	34	34.0	0.0
104	34	34.0	0.0
105	34	34.0	0.0
106	34	34.0	0.0
107	34	34.0	0.0
108	34	34.0	0.0
109	34	34.0	0.0
110	34	34.0	0.0
111	34	34.0	0.0
112	34	34.0	0.0
113	34	34.0	0.0
114	34	34.0	0.0
115	34	34.0	0.0
116	34	34.0	0.0
117	34	34.0	0.0
118	34	34.0	0.0
119	34	34.0	0.0
120	34	34.0	0.0
121	34	34.0	0.0
122	34	34.0	0.0
123	34	34.0	0.0
124	34	34.0	0.0
125	34	34.0	0.0
126	34	34.0	0.0
127	34	34.0	0.0
128	34	34.0	0.0
129	34	34.0	0.0
130	34	34.0	0.0
131	34	34.0	0.0
132	34	34.0	0.0
133	34	34.0	0.0
134	34	34.0	0.0
135	34	34.0	0.0
136	34	34.0	0.0
137	34	34.0	0.0
138	34	34.0	0.0
139	34	34.0	0.0
140	34	34.0	0.0
141	34	34.0	0.0
142	34	34.0	0.0
143	34	34.0	0.0
144	34	34.0	0.0
145	34	34.0	0.0
146	34	34.0	0.0
147	34	34.0	0.0
148	34	34.0	0.0
149	34	34.0	0.0
150	34	34.0	0.0
151	34	34.0	0.0
152	34	34.0	0.0
153	34	34.0	0.0
154	34	34.0	0.0
155	34	34.0	0.0
156	34	34.0	0.0
157	34	34.0	0.0
158	34	34.0	0.0
159	34	34.0	0.0
160	34	34.0	0.0
161	34	34.0	0.0
162	34	34.0	0.0
163	34	34.0	0.0
164	34	34.0	0.0
165	34	34.0	0.0
166	34	34.0	0.0
167	34	34.0	0.0
168	34	34.0	0.0
169	34	34.0	0.0
170	34	34.0	0.0
171	34	34.0	0.0
172	34	34.0	0.0
173	34	34.0	0.0
174	34	34.0	0.0
175	34	34.0	0.0
176	34	34.0	0.0
177	34	34.0	0.0
178	34	34.0	0.0
179	34	34.0	0.0
180	34	34.0	0.0
181	34	34.0	0.0
182	34	34.0	0.0
183	34	34.0	0.0
184	34	34.0	0.0
185	34	34.0	0.0
186	34	34.0	0.0
187	34	34.0	0.0
188	34	34.0	0.0
189	34	34.0	0.0
190	34	34.0	0.0
191	34	34.0	0.0
192	34	34.0	0.0
193	34	34.0	0.0
194	34	34.0	0.0
195	34	34.0	0.0
196	34	34.0	0.0
197	34	34.0	0.0
198	34	34.0	0.0
199	34	34.0	0.0
200	34	34.0	0.0
201	34	34.0	0.0
202	34	34.0	0.0
203	34	34.0	0.0
204	34	34.0	0.0
205	34	34.0	0.0
206	34	34.0	0.0
207	34	34.0	0.0
208	34	34.0	0.0
209	34	34.0	0.0
210	34	34.0	0.0
211	34	34.0	0.0
212	34	34.0	0.0
213	34	34.0	0.0
214	34	34.0	0.0
215	34	34.0	0.0
216	34	34.0	0.0
217	34	34.0	0.0
218	34	34.0	0.0
219	34	34.0	0.0
220	34	34.0	0.0
221	34	34.0	0.0
222	34	34.0	0.0
223	34	34.0	0.0
224	34	34.0	0.0
225	34	34.0	0.0
226	34	34.0	0.0
227	34	34.0	0.0
228	34	34.0	0.0
229	34	34.0	0.0
230	34	34.0	0.0
231	34	34.0	0.0
232	34	34.0	0.0
233	34	34.0	0.0
234	34	34.0	0.0
235	34	34.0	0.0
236	34	34.0	0.0
237	34	34.0	0.0
238	34	34.0	0.0
239	34	34.0	0.0
240	34	34.0	0.0
241	34	34.0	0.0
242	34	34.0	0.0
243	34	34.0	0.0
244	34	34.0	0.0
245	34	34.0	0.0
246	34	34.0	0.0
247	34	34.0	0.0
248	34	34.0	0.0
249	34	34.0	0.0
250	34	34.0	0.0
251	34	34.0	0.0
252	34	34.0	0.0
253	34	34.0	0.0
254	34	34.0	0.0
255	34	34.0	0.0
256	34	34.0	0.0
257	34	34.0	0.0
258	34	34.0	0.0
259	34	34.0	0.0
260	34	34.0	0.0
261	34	34.0	0.0
262	34	34.0	0.0
263	34	34.0	0.0
264	34	34.0	0.0
265	34	34.0	0.0
266	34	34.0	0.0
267	34	34.0	0.0
268	34	34.0	0.0
269	34	34.0	0.0
270	34	34.0	0.0
271	34	34.0	0.0
272	34	34.0	0.0
273	34	34.0	0.0
274	34	34.0	0.0
275	34	34.0	0.0
276	34	34.0	0.0
277	34	34.0	0.0
278	34	34.0	0.0
279	34	34.0	0.0
280	34	34.0	0.0
281	34	34.0	0.0
282	34	34.0	0.0
283	34	34.0	0.0
284	34	34.0	0.0
285	34	34.0	0.0
286	34	34.0	0.0
287	34	34.0	0.0
288	34	34.0	0.0
289	34	34.0	0.0
290	34	34.0	0.0
291	34	34.0	0.0
292	34	34.0	0.0
293	34	34.0	0.0
294	34	34.0	0.0
295	34	34.0	0.0
296	34	34.0	0.0
297	34	34.0	0.0
298	34	34.0	0.0
299	34	34.0	0.0
300	34	34.0	0.0
301	34	34.0	0.0
302	34	34.0	0.0
303	34	34.0	0.0
304	34	34.0	0.0
305	34	34.0	0.0
306	34	34.0	0.0
307	34	34.0	0.0
308	34	34.0	0.0
309	34	34.0	0.0
310	34	34.0	0.0
311	34	34.0	0.0
312	34	34.0	0.0
313	34	34.0	0.0
314	34	34.0	0.0
315	34	34.0	0.0
316	34	34.0	0.0
317	34	34.0	0.0
318	34	34.0	0.0
319	34	34.0	0.0
320	34	34.0	0.0
321	34	34.0	0.0
322	34	34.0	0.0
323	34	34.0	0.0
324	34	34.0	0.0
325	34	34.0	0.0
326	34	34.0	0.0
327	34	34.0	0.0
328	34	34.0	0.0
329	34	34.0	0.0
330	34	34.0	0.0
331	34	34.0	0.0
332	34	34.0	0.0
333	34	34.0	0.0
334	34	34.0	0.0
335	34	34.0	0.0
336	34	34.0	0.0
337	34	34.0	0.0
338	34	34.0	0.0
339	34	34.0	0.0
340	34	34.0	0.0
341	34	34.0	0.0
342	34	34.0	0.0
343	34	34.0	0.0
344	34	34.0	0.0
345	34	34.0	0.0
346	34	34.0	0.0
347	34	34.0	0.0
348	34	34.0	0.0
349	34	34.0	0.0
350	34	34.0	0.0
351	34	34.0	0.0
352	34	34.0	0.0
353	34	34.0	0.0
354	34	34.0	0.0
355	34	34.0	0.0
356	34	34.0	0.0
357	34	34.0	0.0
358	34	34.0	0.0
359	34	34.0	0.0
360	34	34.0	0.0
361	34	34.0	0.0
362	34	34.0	0.0
363	34	34.0	0.0
364	34	34.0	0.0
365	34	34.0	0.0
366	34	34.0	0.0
367	34	34.0	0.0
368	34	34.0	0.0
369	34	34.0	0.0
370	34	34.0	0.0
371	34	34.0	0.0
372	34	34.0	0.0
373	34	34.0	0.0
374	34	34.0	0.0
375	34	34.0	0.0
376	34	34.0	0.0
377	34	34.0	0.0
378	34	34.0	0.0
379	34	34.0	0.0
380	34	34.0	0.0
381	34	34.0	0.0
382	34	34.0	0.0
383	34	34.0	0.0
384	34	34.0	0.0
385	34	34.0	0.0
386	34	34.0	0.0
387	34	34.0	0.0
388	34	34.0	0.0
389	34	34.0	0.0
390	34	34.0	0.0
391	34	34.0	0.0
392	34	34.0	0.0
393	34	34.0	0.0
394	34	34.0	0.0
395	34	34.0	0.0
396	34	34.0	0.0
397	34	34.0	0.0
398	34	34.0	0.0
399	34	34.0	0.0
400	34	34.0	0.0
1	50	60.565	3.73975600808
2	49	56.54	2.60545581425
3	46	53.895	2.63134471326
4	43	50.94	2.74525044395
5	42	48.01	2.24274385519
6	41	45.5	1.7378147197
7	41	43.84	1.70129362545
8	39	42.73	1.48226178525
9	39	41.11	0.92622891339
10	39	40.25	0.887411967465
11	39	39.0	0.0
12	39	39.0	0.0
13	39	39.0	0.0
14	39	39.0	0.0
15	39	39.0	0.0
16	39	39.0	0.0
17	39	39.0	0.0
18	39	39.0	0.0
19	39	39.0	0.0
20	39	39.0	0.0
21	39	39.0	0.0
22	39	39.0	0.0
23	39	39.0	0.0
24	39	39.0	0.0
25	39	39.0	0.0
26	39	39.0	0.0
27	39	39.0	0.0
28	39	39.0	0.0
29	39	39.0	0.0
30	39	39.0	0.0
31	39	39.0	0.0
32	39	39.0	0.0
33	39	39.0	0.0
34	39	39.0	0.0
35	39	39.0	0.0
36	39	39.0	0.0
37	39	39.0	0.0
38	39	39.0	0.0
39	39	39.0	0.0
40	39	39.0	0.0
41	39	39.0	0.0
42	39	39.0	0.0
43	39	39.0	0.0
44	39	39.0	0.0
45	39	39.0	0.0
46	39	39.0	0.0
47	39	39.0	0.0
48	39	39.0	0.0
49	39	39.0	0.0
50	39	39.0	0.0
51	39	39.0	0.0
52	39	39.0	0.0
53	39	39.0	0.0
54	39	39.0	0.0
55	39	39.0	0.0
56	39	39.0	0.0
57	39	39.0	0.0
58	39	39.0	0.0
59	39	39.0	0.0
60	39	39.0	0.0
61	39	39.0	0.0
62	39	39.0	0.0
63	39	39.0	0.0
64	39	39.0	0.0
65	39	39.0	0.0
66	39	39.0	0.0
67	39	39.0	0.0
68	39	39.0	0.0
69	39	39.0	0.0
70	39	39.0	0.0
71	39	39.0	0.0
72	39	39.0	0.0
73	39	39.0	0.0
74	39	39.0	0.0
75	39	39.0	0.0
76	39	39.0	0.0
77	39	39.0	0.0
78	39	39.0	0.0
79	39	39.0	0.0
80	39	39.0	0.0
81	39	39.0	0.0
82	39	39.0	0.0
83	39	39.0	0.0
84	39	39.0	0.0
85	39	39.0	0.0
86	39	39.0	0.0
87	39	39.0	0.0
88	39	39.0	0.0
89	39	39.0	0.0
90	39	39.0	0.0
91	39	39.0	0.0
92	39	39.0	0.0
93	39	39.0	0.0
94	39	39.0	0.0
95	39	39.0	0.0
96	39	39.0	0.0
97	39	39.0	0.0
98	39	39.0	0.0
99	39	39.0	0.0
100	39	39.0	0.0
101	39	39.0	0.0
102	39	39.0	0.0
103	39	39.0	0.0
104	39	39.0	0.0
105	39	39.0	0.0
106	39	39.0	0.0
107	39	39.0	0.0
108	39	39.0	0.0
109	39	39.0	0.0
110	39	39.0	0.0
111	39	39.0	0.0
112	39	39.0	0.0
113	39	39.0	0.0
114	39	39.0	0.0
115	39	39.0	0.0
116	39	39.0	0.0
117	39	39.0	0.0
118	39	39.0	0.0
119	39	39.0	0.0
120	39	39.0	0.0
121	39	39.0	0.0
122	39	39.0	0.0
123	39	39.0	0.0
124	39	39.0	0.0
125	39	39.0	0.0
126	39	39.0	0.0
127	39	39.0	0.0
128	39	39.0	0.0
129	39	39.0	0.0
130	39	39.0	0.0
131	39	39.0	0.0
132	39	39.0	0.0
133	39	39.0	0.0
134	39	39.0	0.0
135	39	39.0	0.0
136	39	39.0	0.0
137	39	39.0	0.0
138	39	39.0	0.0
139	39	39.0	0.0
140	39	39.0	0.0
141	39	39.0	0.0
142	39	39.0	0.0
143	39	39.0	0.0
144	39	39.0	0.0
145	39	39.0	0.0
146	39	39.0	0.0
147	39	39.0	0.0
148	39	39.0	0.0
149	39	39.0	0.0
150	39	39.0	0.0
151	39	39.0	0.0
152	39	39.0	0.0
153	39	39.0	0.0
154	39	39.0	0.0
155	39	39.0	0.0
156	39	39.0	0.0
157	39	39.0	0.0
158	39	39.0	0.0
159	39	39.0	0.0
160	39	39.0	0.0
161	39	39.0	0.0
162	39	39.0	0.0
163	39	39.0	0.0
164	39	39.0	0.0
165	39	39.0	0.0
166	39	39.0	0.0
167	39	39.0	0.0
168	39	39.0	0.0
169	39	39.0	0.0
170	39	39.0	0.0
171	39	39.0	0.0
172	39	39.0	0.0
173	39	39.0	0.0
174	39	39.0	0.0
175	39	39.0	0.0
176	39	39.0	0.0
177	39	39.0	0.0
178	39	39.0	0.0
179	39	39.0	0.0
180	39	39.0	0.0
181	39	39.0	0.0
182	39	39.0	0.0
183	39	39.0	0.0
184	39	39.0	0.0
185	39	39.0	0.0
186	39	39.0	0.0
187	39	39.0	0.0
188	39	39.0	0.0
189	39	39.0	0.0
190	39	39.0	0.0
191	39	39.0	0.0
192	39	39.0	0.0
193	39	39.0	0.0
194	39	39.0	0.0
195	39	39.0	0.0
196	39	39.0	0.0
197	39	39.0	0.0
198	39	39.0	0.0
199	39	39.0	0.0
200	39	39.0	0.0
201	39	39.0	0.0
202	39	39.0	0.0
203	39	39.0	0.0
204	39	39.0	0.0
205	39	39.0	0.0
206	39	39.0	0.0
207	39	39.0	0.0
208	39	39.0	0.0
209	39	39.0	0.0
210	39	39.0	0.0
211	39	39.0	0.0
212	39	39.0	0.0
213	39	39.0	0.0
214	39	39.0	0.0
215	39	39.0	0.0
216	39	39.0	0.0
217	39	39.0	0.0
218	39	39.0	0.0
219	39	39.0	0.0
220	39	39.0	0.0
221	39	39.0	0.0
222	39	39.0	0.0
223	39	39.0	0.0
224	39	39.0	0.0
225	39	39.0	0.0
226	39	39.0	0.0
227	39	39.0	0.0
228	39	39.0	0.0
229	39	39.0	0.0
230	39	39.0	0.0
231	39	39.0	0.0
232	39	39.0	0.0
233	39	39.0	0.0
234	39	39.0	0.0
235	39	39.0	0.0
236	39	39.0	0.0
237	39	39.0	0.0
238	39	39.0	0.0
239	39	39.0	0.0
240	39	39.0	0.0
241	39	39.0	0.0
242	39	39.0	0.0
243	39	39.0	0.0
244	39	39.0	0.0
245	39	39.0	0.0
246	39	39.0	0.0
247	39	39.0	0.0
248	39	39.0	0.0
249	39	39.0	0.0
250	39	39.0	0.0
251	39	39.0	0.0
252	39	39.0	0.0
253	39	39.0	0.0
254	39	39.0	0.0
255	39	39.0	0.0
256	39	39.0	0.0
257	39	39.0	0.0
258	39	39.0	0.0
259	39	39.0	0.0
260	39	39.0	0.0
261	39	39.0	0.0
262	39	39.0	0.0
263	39	39.0	0.0
264	39	39.0	0.0
265	39	39.0	0.0
266	39	39.0	0.0
267	39	39.0	0.0
268	39	39.0	0.0
269	39	39.0	0.0
270	39	39.0	0.0
271	39	39.0	0.0
272	39	39.0	0.0
273	39	39.0	0.0
274	39	39.0	0.0
275	39	39.0	0.0
276	39	39.0	0.0
277	39	39.0	0.0
278	39	39.0	0.0
279	39	39.0	0.0
280	39	39.0	0.0
281	39	39.0	0.0
282	39	39.0	0.0
283	39	39.0	0.0
284	39	39.0	0.0
285	39	39.0	0.0
286	39	39.0	0.0
287	39	39.0	0.0
288	39	39.0	0.0
289	39	39.0	0.0
290	39	39.0	0.0
291	39	39.0	0.0
292	39	39.0	0.0
293	39	39.0	0.0
294	39	39.0	0.0
295	39	39.0	0.0
296	39	39.0	0.0
297	39	39.0	0.0
298	39	39.0	0.0
299	39	39.0	0.0
300	39	39.0	0.0
301	39	39.0	0.0
302	39	39.0	0.0
303	39	39.0	0.0
304	39	39.0	0.0
305	39	39.0	0.0
306	39	39.0	0.0
307	39	39.0	0.0
308	39	39.0	0.0
309	39	39.0	0.0
310	39	39.0	0.0
311	39	39.0	0.0
312	39	39.0	0.0
313	39	39.0	0.0
314	39	39.0	0.0
315	39	39.0	0.0
316	39	39.0	0.0
317	39	39.0	0.0
318	39	39.0	0.0
319	39	39.0	0.0
320	39	39.0	0.0
321	39	39.0	0.0
322	39	39.0	0.0
323	39	39.0	0.0
324	39	39.0	0.0
325	39	39.0	0.0
326	39	39.0	0.0
327	39	39.0	0.0
328	39	39.0	0.0
329	39	39.0	0.0
330	39	39.0	0.0
331	39	39.0	0.0
332	39	39.0	0.0
333	39	39.0	0.0
334	39	39.0	0.0
335	39	39.0	0.0
336	39	39.0	0.0
337	39	39.0	0.0
338	39	39.0	0.0
339	39	39.0	0.0
340	39	39.0	0.0
341	39	39.0	0.0
342	39	39.0	0.0
343	39	39.0	0.0
344	39	39.0	0.0
345	39	39.0	0.0
346	39	39.0	0.0
347	39	39.0	0.0
348	39	39.0	0.0
349	39	39.0	0.0
350	39	39.0	0.0
351	39	39.0	0.0
352	39	39.0	0.0
353	39	39.0	0.0
354	39	39.0	0.0
355	39	39.0	0.0
356	39	39.0	0.0
357	39	39.0	0.0
358	39	39.0	0.0
359	39	39.0	0.0
360	39	39.0	0.0
361	39	39.0	0.0
362	39	39.0	0.0
363	39	39.0	0.0
364	39	39.0	0.0
365	39	39.0	0.0
366	39	39.0	0.0
367	39	39.0	0.0
368	39	39.0	0.0
369	39	39.0	0.0
370	39	39.0	0.0
371	39	39.0	0.0
372	39	39.0	0.0
373	39	39.0	0.0
374	39	39.0	0.0
375	39	39.0	0.0
376	39	39.0	0.0
377	39	39.0	0.0
378	39	39.0	0.0
379	39	39.0	0.0
380	39	39.0	0.0
381	39	39.0	0.0
382	39	39.0	0.0
383	39	39.0	0.0
384	39	39.0	0.0
385	39	39.0	0.0
386	39	39.0	0.0
387	39	39.0	0.0
388	39	39.0	0.0
389	39	39.0	0.0
390	39	39.0	0.0
391	39	39.0	0.0
392	39	39.0	0.0
393	39	39.0	0.0
394	39	39.0	0.0
395	39	39.0	0.0
396	39	39.0	0.0
397	39	39.0	0.0
398	39	39.0	0.0
399	39	39.0	0.0
400	39	39.0	0.0
