200 50 100 0.7 33
1	49	61.145	3.79920715413
2	47	56.79	2.83652956974
3	47	53.66	2.73941599616
4	43	51.08	2.87638662214
5	41	48.385	2.62045320508
6	39	46.37	3.13896479751
7	39	44.14	2.57883694715
8	37	42.59	2.14287190471
9	35	41.435	2.16235404132
10	34	40.15	2.14883689469
11	33	39.085	2.36596174948
12	32	37.65	2.20624114729
13	30	36.515	2.42069721361
14	29	35.11	2.36175781993
15	29	34.015	2.21692918245
16	28	33.08	2.32456447534
17	28	31.87	2.25678975538
18	27	30.935	2.16581970625
19	27	30.285	2.24806027499
20	26	29.94	2.28613210467
21	25	29.35	2.19260119493
22	25	28.69	2.35242428146
23	24	28.02	2.27367543858
24	24	27.595	2.3454157414
25	24	27.045	2.08637844122
26	22	26.955	2.2523265749
27	22	26.255	2.09522671804
28	22	26.25	2.51942453747
29	21	25.555	2.50538919132
30	21	24.79	2.33364521725
31	20	24.4	2.37065391823
32	20	24.03	2.38937230251
33	19	23.76	2.55585602098
34	19	23.05	2.18116941112
35	19	23.25	2.34680634054
36	18	22.96	2.36609382739
37	19	22.61	2.3125527021
38	18	22.595	2.65159857445
39	17	21.625	2.3418742494
40	16	21.44	2.54094470621
41	16	20.95	2.38694365246
42	16	20.74	2.38587510151
43	16	20.65	2.56855990781
44	17	20.01	2.49797918326
45	16	19.96	2.64922630215
46	16	19.57	2.57198367024
47	16	19.56	2.44671207951
48	16	19.465	2.60936294907
49	16	19.225	2.52871014551
50	16	19.315	2.64116924865
51	16	19.19	2.59497591511
52	16	18.77	2.47731709718
53	16	18.625	2.4195815754
54	16	18.245	2.32270854823
55	16	18.865	2.48531185166
56	15	18.195	2.50738409503
57	15	18.64	2.64204466276
58	15	18.48	2.49991999872
59	15	18.5	2.67394839142
60	15	18.615	2.63377580671
61	14	18.42	2.67275139136
62	14	18.29	2.56630083973
63	14	18.195	2.51534788846
64	14	18.26	2.58696733648
65	13	17.85	2.6939747586
66	13	17.735	2.67297119326
67	13	17.53	2.72012867343
68	13	17.34	2.75397893964
69	13	17.09	2.71143873248
70	12	16.245	2.7522672472
71	12	16.015	2.71933355806
72	12	15.525	2.79273611356
73	12	15.79	2.73603728045
74	12	15.695	2.60805962355
75	12	15.52	2.65887194126
76	12	15.12	2.76868199691
77	12	14.995	2.73586823513
78	12	15.09	2.70774814191
79	12	15.245	2.78118230255
80	12	14.985	2.76129951291
81	12	15.105	2.64082846849
82	12	15.08	2.74291815408
83	12	15.36	2.73868581623
84	12	15.32	2.75818781086
85	12	15.28	2.63658870513
86	12	14.865	2.69384019571
87	12	14.855	2.71550639845
88	12	14.79	2.790322562
89	12	15.245	2.75771191389
90	12	15.155	2.62506666582
91	12	14.82	2.74728957338
92	12	15.06	2.68074616478
93	12	15.025	2.66352679731
94	12	15.085	2.74732142277
95	12	15.335	2.84653737021
96	12	15.035	2.62369491367
97	12	15.1	2.62106848442
98	12	15.38	2.7938503897
99	12	15.27	2.81017793031
100	12	15.065	2.69272631361
101	12	15.355	2.71458560373
102	12	15.14	2.82496017671
103	12	14.97	2.80519161556
104	12	15.395	2.74207494427
105	12	15.05	2.78881695348
106	12	15.275	2.75669639242
107	12	15.125	2.73484460253
108	12	15.13	2.79161243728
109	12	15.22	2.75528582909
110	12	14.935	2.75876330989
111	12	15.055	2.65743767566
112	12	14.935	2.58471952057
113	12	14.88	2.68059694844
114	12	14.96	2.74561468528
115	12	14.84	2.62571894916
116	12	15.185	2.66472794109
117	12	15.13	2.78084519526
118	12	15.105	2.74298651109
119	12	15.06	2.85769137592
120	12	15.095	2.78495511633
121	12	14.915	2.69031132028
122	12	14.995	2.77037452342
123	12	15.125	2.76394193137
124	12	15.06	2.72697634753
125	12	14.87	2.71350327068
126	12	14.7	2.67020598456
127	12	14.985	2.7576756517
128	12	14.77	2.72343533061
129	12	15.07	2.69538494468
130	12	15.085	2.69402579795
131	12	15.095	2.743351053
132	12	14.96	2.81040922287
133	12	14.865	2.74167375886
134	12	14.93	2.68236835651
135	12	15.235	2.81065383852
136	12	15.15	2.83504850047
137	12	15.15	2.82090411039
138	12	15.14	2.61923652998
139	12	15.03	2.72380248917
140	12	15.075	2.76394193137
141	12	15.035	2.74112659321
142	12	14.935	2.71491712581
143	12	15.365	2.71878189636
144	12	15.16	2.75397893964
145	12	15.16	2.82743700195
146	12	15.13	2.85536337442
147	12	15.18	2.77985611138
148	12	15.355	2.73111241072
149	12	15.055	2.77704429205
150	12	15.565	2.71951742043
151	12	14.955	2.58707846808
152	12	15.055	2.76802727588
153	12	15.015	2.71933355806
154	12	15.105	2.77740436379
155	12	14.945	2.81992464438
156	12	14.9	2.66082693913
157	12	15.09	2.80212419425
158	12	14.97	2.78910379871
159	12	14.745	2.74772178359
160	12	15.035	2.66341416231
161	12	15.235	2.709201912
162	12	14.95	2.77803887662
163	12	14.615	2.61472273865
164	12	14.835	2.70513862861
165	12	15.085	2.68100261096
166	12	15.355	2.76567803621
167	12	15.235	2.76582266243
168	12	14.97	2.77111890759
169	12	15.045	2.65950653317
170	12	14.715	2.59495183
171	12	14.635	2.70587786125
172	12	14.9	2.78388218142
173	12	14.995	2.83283868231
174	12	15.39	2.6604322957
175	12	14.76	2.7626798584
176	12	15.05	2.7290108098
177	12	14.585	2.75368389617
178	12	15.435	2.73418635064
179	12	15.2	2.5079872408
180	12	15.14	2.73868581623
181	12	15.385	2.8994439122
182	12	14.85	2.70693553673
183	12	15.255	2.78567316819
184	12	15.415	2.68938189925
185	12	15.095	2.72873139023
186	12	15.12	2.71027673864
187	12	15.175	2.80078114104
188	12	14.965	2.75023180841
189	12	14.765	2.81243222141
190	12	15.125	2.88952850825
191	12	15.22	2.76795953728
192	12	15.325	2.83714204791
193	12	14.97	2.7256375401
194	12	15.055	2.77163760257
195	12	14.85	2.70878201412
196	12	15.085	2.83862202486
197	12	15.05	2.79240040109
198	12	15.155	2.82151998044
199	12	15.28	2.83753414076
200	12	15.015	2.72117162267
201	12	15.26	2.72624283585
202	12	15.16	2.83978872454
203	12	15.155	2.80730742884
204	12	15.35	2.7527259217
205	12	15.21	2.69182094501
206	12	15.025	2.59313998851
207	11	14.71	2.6392991494
208	11	15.3	2.68886593195
209	11	15.22	2.7859648239
210	12	15.22	2.90544316757
211	12	15.225	2.76665411644
212	12	15.0	2.74772633281
213	12	14.77	2.72710469179
214	12	15.3	2.59615099715
215	12	14.78	2.68357969884
216	12	15.2	2.76043474837
217	12	14.98	2.57480096318
218	12	15.0	2.70739727414
219	12	14.95	2.73998175176
220	12	15.16	2.76304180207
221	12	15.155	2.81619867907
222	12	14.695	2.59845627248
223	12	15.05	2.81558164506
224	12	15.36	2.63256528884
225	12	15.09	2.74625199135
226	12	15.035	2.76654568009
227	12	15.09	2.79855319764
228	12	15.11	2.58416330753
229	12	14.955	2.73367426736
230	12	14.91	2.69664606502
231	12	15.19	2.76656827134
232	12	14.85	2.64905643579
233	12	15.345	2.78136207639
234	12	14.96	2.74561468528
235	12	14.905	2.78315917619
236	12	15.17	2.77508558427
237	11	14.945	2.83407392282
238	11	14.905	2.81708626066
239	11	14.915	2.67540183898
240	11	14.895	2.70997693717
241	11	15.045	2.71716304259
242	11	15.285	2.79173333254
243	9	14.955	2.69684537933
244	9	14.915	2.83862202486
245	9	14.72	2.66675833176
246	9	14.835	2.72539446686
247	9	14.725	2.65882962974
248	9	14.575	2.73027013316
249	9	14.715	2.90065078905
250	9	14.05	2.85438259524
251	9	14.215	2.81580805454
252	9	13.555	2.88564984016
253	9	13.755	2.85569168504
254	9	13.26	2.95844553778
255	9	12.865	2.96593577139
256	9	12.355	2.78010341534
257	9	12.395	2.73842564259
258	9	12.335	2.75549904736
259	9	12.4	2.82488937837
260	9	12.51	2.74770813588
261	9	12.405	2.86547989
262	9	11.79	2.70479204376
263	9	12.66	2.70636287293
264	9	12.505	2.83900951038
265	9	12.47	2.73844846583
266	9	12.455	2.79069435804
267	9	12.42	2.93318939041
268	9	12.365	2.75894454457
269	9	12.4	2.60192236625
270	9	12.495	2.82665438283
271	9	12.235	2.792807727
272	9	12.425	2.75941569902
273	9	12.34	2.68037310836
274	9	12.225	2.74123603508
275	9	12.28	2.78416953507
276	9	12.5	2.79284800875
277	9	12.73	2.76353035084
278	9	12.605	2.71458560373
279	9	12.485	2.73308891184
280	9	12.11	2.74187891782
281	9	12.125	2.75124971604
282	9	12.215	2.76021285411
283	9	12.19	2.81316547682
284	9	12.06	2.79578253804
285	9	12.375	2.78646281152
286	9	12.085	2.79423961034
287	9	12.265	2.822193296
288	9	12.67	2.74792649101
289	9	12.615	2.72704510414
290	9	12.485	2.65702371085
291	9	12.385	2.72521100101
292	9	12.565	2.75241257808
293	9	12.175	2.7266050319
294	9	12.315	2.70106923273
295	9	12.375	2.79542036195
296	9	12.625	2.77387364528
297	9	12.265	2.79727992879
298	9	12.01	2.75316181871
299	9	12.34	2.74852687817
300	9	12.54	2.69970368744
301	9	12.66	2.73027471145
302	9	12.58	2.76832079066
303	9	12.625	2.79720842985
304	9	12.81	2.66155969311
305	9	11.815	2.71491712581
306	9	12.23	2.81373417366
307	9	12.32	2.81026689124
308	9	12.5	2.71293199325
309	9	12.215	2.81935719624
310	9	12.54	2.81396517391
311	9	12.415	2.92793015627
312	9	12.385	2.845483263
313	9	12.235	2.77124069687
314	9	12.445	2.81015568964
315	9	12.23	2.88393827951
316	9	12.49	2.90170639452
317	9	12.11	2.82628731731
318	9	12.28	2.90372174975
319	9	12.28	2.91060131244
320	9	12.695	2.65178713324
321	9	12.665	2.67633611492
322	9	12.295	2.82806912928
323	9	12.22	2.78057548
324	9	12.39	2.81742790502
325	9	12.455	2.83513227205
326	9	12.21	2.83652956974
327	9	12.11	2.94073120159
328	9	11.995	2.76856912502
329	9	12.57	2.71571353423
330	9	12.735	2.67484111678
331	9	12.47	2.7944766952
332	9	12.17	2.77688674598
333	9	12.355	2.91186795717
334	9	12.555	2.83319166312
335	9	12.33	2.69649772854
336	9	12.385	2.75441010018
337	9	12.465	2.78904553566
338	9	12.115	2.6891959765
339	9	12.125	2.81591459388
340	9	12.265	2.79012096512
341	9	12.19	2.74479507432
342	9	12.11	2.87017421074
343	9	12.325	2.85295899024
344	9	12.295	2.79248545207
345	9	12.575	2.82389358865
346	9	12.275	2.79988839063
347	9	12.01	2.82664111624
348	9	12.51	2.75497731388
349	9	12.365	2.79853086458
350	9	12.245	2.80623858572
351	9	12.225	2.70081006367
352	9	12.455	2.81033361009
353	9	12.275	2.85471101865
354	9	12.525	2.76032153924
355	9	12.305	2.87610413581
356	9	12.13	2.79340294265
357	9	12.53	2.7998392811
358	9	12.205	2.72818162885
359	9	12.265	2.78114634638
360	9	12.54	2.85454024319
361	9	12.475	2.76032153924
362	9	12.445	2.71237442106
363	9	12.425	2.65412414932
364	9	12.55	2.72717802866
365	9	12.15	2.92361078121
366	9	12.465	2.81225443372
367	9	12.55	2.67535044433
368	9	12.48	2.80884317825
369	9	12.345	2.85936618851
370	9	12.285	2.70994003624
371	9	12.28	2.70029628004
372	9	12.325	2.78556547222
373	9	12.555	2.78692931378
374	9	12.64	2.74961815531
375	9	12.17	2.83568333916
376	9	12.395	2.79624301519
377	9	12.445	2.94906341064
378	9	12.435	2.74695740775
379	9	12.3	2.89482296523
380	9	12.265	2.74677538215
381	9	12.38	2.75963765737
382	9	12.365	2.6891959765
383	9	12.325	2.69432273494
384	9	12.33	2.7966229635
385	9	12.285	2.86945552327
386	9	12.7	2.66082693913
387	9	12.155	2.7624219446
388	9	12.28	2.77337339715
389	9	12.75	2.72534401498
390	9	12.5	2.80891438104
391	9	12.665	2.73911938404
392	9	12.44	2.82248117797
393	9	12.07	2.81337875161
394	9	12.205	2.83777641825
395	9	12.185	2.86893272839
396	9	12.465	2.84055892387
397	9	12.58	2.8131121556
398	9	12.43	2.83462519568
399	9	12.53	2.7511997383
400	9	12.585	2.74459013334
1	48	60.7	3.77491721764
2	49	56.335	2.88838622764
3	48	53.37	2.52845802813
4	44	51.59	2.70959406554
5	43	49.49	2.38744633448
6	41	48.315	2.55260161404
7	40	46.73	2.90122387968
8	37	44.865	2.63377580671
9	33	42.905	2.78674989908
10	34	40.985	2.65984492029
11	34	39.55	2.7708302005
12	31	38.16	2.87130632291
13	30	36.6	2.70739727414
14	30	35.34	2.77928048243
15	29	34.06	2.65073574692
16	28	32.68	2.26442045566
17	28	31.995	2.34200234842
18	26	31.145	2.24587956044
19	25	30.365	2.50435121339
20	24	29.265	2.39055955793
21	21	28.475	2.57087047515
22	19	27.44	2.5838730619
23	19	26.81	2.68400819671
24	19	25.64	2.389644325
25	19	24.9	2.43310501212
26	19	24.36	2.45975608547
27	18	23.62	2.29904327928
28	18	22.895	2.55028919929
29	18	22.15	2.49148550066
30	17	21.635	2.3899320074
31	17	21.125	2.28021380576
32	16	21.345	2.41577627275
33	16	20.73	2.38056715931
34	16	20.245	2.48293676923
35	16	20.33	2.47812429067
36	16	20.17	2.35819846493
37	16	20.125	2.5650292396
38	16	20.06	2.42412870945
39	15	19.485	2.26048114347
40	15	19.545	2.51355823485
41	14	19.14	2.38126017058
42	14	18.98	2.5238066487
43	14	18.92	2.65020753904
44	14	18.375	2.83273277949
45	14	18.015	2.93679672432
46	14	17.245	2.66551589753
47	14	16.715	2.57949122891
48	14	17.055	2.63476279767
49	14	16.58	2.50071989635
50	14	16.77	2.66778934701
51	14	17.21	2.6449763704
52	14	17.02	2.50391693153
53	13	17.015	2.6181625236
54	13	16.355	2.58049898276
55	13	16.98	2.56312309498
56	13	16.495	2.59614618232
57	13	16.64	2.61350339583
58	13	16.26	2.55585602098
59	13	15.98	2.73305689659
60	13	15.845	2.54970096286
61	13	16.035	2.75749433363
62	13	15.86	2.63636112853
63	13	15.8	2.60576284416
64	13	15.795	2.62354245249
65	13	15.725	2.60756112105
66	13	16.185	2.58665324309
67	13	16.205	2.74462656841
68	13	15.705	2.57836673109
69	13	16.095	2.62030055528
70	13	16.125	2.62094925552
71	13	15.91	2.51035854013
72	13	16.045	2.54420419778
73	13	16.345	2.65442554991
74	13	15.725	2.65129685249
75	13	15.87	2.60443851914
76	13	15.835	2.62064400482
77	13	15.92	2.71359540094
78	13	16.025	2.619995229
79	13	15.68	2.6225178741
80	13	16.115	2.64041189969
81	13	16.025	2.69710492936
82	13	16.08	2.62747026624
83	13	16.26	2.67626605553
84	13	15.76	2.64998113201
85	13	15.56	2.55272403522
86	13	15.925	2.50387200152
87	13	16.005	2.58553186018
88	13	15.985	2.61434026095
89	13	15.495	2.57487378331
90	13	15.87	2.61401989281
91	13	15.95	2.62249880839
92	13	15.85	2.69768419204
93	13	15.575	2.62380925374
94	13	15.9	2.63248931622
95	12	15.785	2.71454876545
96	13	16.055	2.65555549744
97	13	15.975	2.65035374997
98	13	15.71	2.52505445486
99	13	16.125	2.6531820518
100	13	16.075	2.63237060461
101	13	15.79	2.6411929123
102	13	16.09	2.64611035295
103	13	15.93	2.76316847116
104	12	15.955	2.77001353787
105	12	15.82	2.73452006758
106	12	15.955	2.6425319298
107	12	15.795	2.60633363175
108	12	16.015	2.66547838108
109	12	15.625	2.69153766461
110	12	15.8	2.72946881279
111	12	15.9	2.71845544381
112	12	15.71	2.79211389453
113	12	15.225	2.70266072603
114	12	15.125	2.66258802671
115	12	14.965	2.75930697821
116	12	15.01	2.73128175039
117	12	14.79	2.69738762509
118	12	14.825	2.70266072603
119	12	15.265	2.73948444055
120	12	15.37	2.5442287633
121	12	15.23	2.6715351392
122	12	14.965	2.69884697603
123	12	14.94	2.74889068535
124	12	15.0	2.71293199325
125	12	14.69	2.63322995578
126	12	14.79	2.72505045825
127	12	15.16	2.62
128	12	14.73	2.70870817919
129	12	14.81	2.71365067759
130	12	15.005	2.70092113917
131	12	15.265	2.730343385
132	12	14.805	2.76893029887
133	12	14.935	2.70569307202
134	12	15.135	2.7434968562
135	12	15.0	2.73495886624
136	12	15.005	2.79910253474
137	11	14.97	2.75301652738
138	11	14.555	2.65272972615
139	11	14.725	2.63426934842
140	11	15.23	2.74537793391
141	11	14.655	2.72506421943
142	11	15.035	2.73382058665
143	11	14.825	2.60084121007
144	11	14.925	2.82300814735
145	11	14.89	2.63967801067
146	11	14.51	2.7147559743
147	11	14.805	2.74717582255
148	11	14.585	2.82183893942
149	11	13.96	2.65676495008
150	11	14.165	2.74914077486
151	11	14.605	2.52961953661
152	11	14.43	2.78659290174
153	11	14.23	2.67340606717
154	11	14.255	2.76405046987
155	11	14.015	2.71565369663
156	11	13.94	2.74707116763
157	11	13.89	2.71990808668
158	11	14.015	2.56997568082
159	11	13.94	2.71042432102
160	11	14.23	2.84554037047
161	11	14.185	2.79656485711
162	11	14.35	2.67535044433
163	11	14.07	2.84343102607
164	11	14.355	2.7620599197
165	11	14.2	2.66833281283
166	11	14.29	2.64875442425
167	11	14.395	2.6284929142
168	11	14.07	2.6935292833
169	11	14.235	2.78743161351
170	11	13.94	2.63560239793
171	11	14.325	2.64941031175
172	11	14.23	2.81551061088
173	11	14.53	2.72380248917
174	11	14.275	2.78915309727
175	11	14.345	2.68439471762
176	11	14.07	2.6935292833
177	11	14.035	2.78994175566
178	11	14.465	2.73107579536
179	11	14.31	2.76114106847
180	11	14.38	2.76325894552
181	11	14.23	2.81551061088
182	11	14.025	2.752158244
183	11	14.11	2.7853007019
184	11	14.35	2.76360272109
185	11	14.275	2.83361518206
186	11	14.155	2.72781505971
187	11	14.135	2.75622477313
188	11	14.19	2.81316547682
189	11	14.085	2.75821953441
190	11	14.145	2.63703905925
191	11	13.91	2.78781276272
192	11	13.945	2.68737325283
193	11	13.975	2.82743258098
194	11	14.16	2.7557938965
195	11	13.965	2.68584716617
196	11	13.905	2.78315917619
197	11	13.835	2.67166146808
198	11	14.2	2.73678643668
199	11	14.055	2.62716101524
200	11	14.165	2.69216919973
201	11	13.97	2.6719094296
202	11	14.05	2.77803887662
203	11	14.37	2.80946614146
204	11	14.31	2.68214466426
205	11	13.845	2.79123180693
206	11	13.85	2.70878201412
207	10	14.115	2.84811779953
208	10	13.785	2.81935719624
209	10	14.405	2.80730742884
210	10	13.935	2.80192344649
211	10	14.22	2.76615256268
212	10	13.585	2.83950259729
213	10	13.735	2.86439784248
214	9	13.75	2.87706447616
215	9	13.145	2.90929115078
216	9	13.145	2.82736184455
217	9	13.28	2.70953870613
218	9	13.185	2.87415639797
219	9	13.27	2.88046871186
220	9	13.385	2.79227058144
221	9	13.12	2.80099982149
222	9	13.295	2.81033361009
223	9	13.005	2.74863147766
224	9	13.1	2.78388218142
225	9	13.045	2.82187437708
226	9	13.505	2.8705356643
227	9	13.195	2.84024206715
228	9	12.99	2.81067607525
229	9	12.46	2.92376469641
230	9	12.24	2.8779159126
231	9	12.32	2.93216643457
232	9	12.315	2.89063574322
233	9	11.99	2.81778281633
234	9	12.525	2.89816752449
235	9	12.635	2.84108693989
236	9	12.575	2.86432801893
237	9	12.165	2.83156758704
238	9	12.455	2.86495636965
239	9	12.46	2.8527881099
240	9	11.605	2.8911892017
241	9	12.125	2.7909451804
242	9	11.92	3.00226581102
243	9	12.42	2.90062062325
244	9	12.195	2.90808785975
245	9	12.205	2.8710581673
246	9	11.995	2.82399982295
247	9	12.4	2.83548937575
248	9	12.255	2.78926065473
249	9	12.29	2.85585363771
250	9	12.365	2.78240453565
251	9	12.28	2.8881828197
252	9	12.59	2.8934235777
253	9	12.67	2.91566458976
254	9	12.145	2.80962186068
255	9	12.52	2.84070413806
256	9	12.58	2.92294372166
257	9	12.475	2.85120588524
258	9	12.37	2.91943487682
259	9	12.435	2.81172100323
260	9	12.445	2.98947737907
261	9	12.145	2.92300786862
262	9	12.375	2.82920041708
263	9	12.57	2.69909244006
264	9	12.625	2.94353104281
265	9	12.29	2.77414851801
266	9	12.08	2.89198893497
267	9	12.215	2.84759108722
268	9	12.345	2.89067033748
269	9	12.18	2.82800282885
270	9	12.565	2.96070515249
271	9	12.3	2.84956136976
272	9	12.155	2.94465193189
273	9	12.12	2.84351894666
274	9	12.375	2.87999565972
275	9	12.04	2.84752524133
276	9	12.195	2.81371196109
277	9	12.175	2.88346579657
278	9	12.265	2.90082315904
279	9	12.3	2.93768616431
280	9	12.11	2.82982331604
281	9	12.52	2.82835641318
282	9	12.39	2.82982331604
283	9	12.5	2.88790581564
284	9	12.56	2.88728245934
285	9	12.035	2.9586779142
286	9	12.265	2.89909899796
287	9	12.485	2.86527049334
288	9	12.315	2.85583175275
289	9	11.675	2.88259865399
290	9	11.935	2.7314419269
291	9	12.18	2.88229075563
292	9	12.4	2.85482048472
293	9	12.235	2.81776063568
294	9	12.365	2.9260510932
295	9	11.95	2.89611809151
296	9	12.09	2.81458700345
297	9	12.305	2.80213757692
298	9	12.065	2.80370736704
299	9	12.545	2.85796693473
300	9	12.335	2.82891763754
301	9	12.38	2.93011945149
302	9	12.42	2.87116701012
303	9	12.18	2.82446455103
304	9	12.015	2.85215269577
305	9	12.175	3.00904885304
306	9	12.165	2.81385411846
307	9	12.355	2.82293730005
308	9	12.265	2.8765908642
309	9	12.145	2.86251200871
310	9	12.255	2.79642182083
311	9	12.585	2.89357477871
312	9	12.745	2.89309090766
313	9	12.105	2.94346309642
314	9	12.3	2.88790581564
315	9	12.315	2.87676467581
316	9	12.25	2.8173569174
317	9	11.77	2.82260517962
318	9	12.075	2.8669452384
319	9	12.375	2.99572612233
320	9	12.33	2.89846511105
321	9	12.035	2.92639283077
322	9	11.89	2.90136174925
323	9	12.01	2.83723456908
324	9	12.595	2.88461002564
325	9	12.67	2.93787338053
326	9	12.235	2.8266190051
327	9	12.145	2.86774737381
328	9	12.155	2.77686423867
329	9	12.1	2.82134719593
330	9	12.18	2.86837933335
331	9	12.37	2.91600754457
332	9	12.32	2.90303289682
333	9	12.235	2.75858206331
334	9	12.545	2.78890211374
335	9	12.21	2.831236479
336	9	12.35	2.84385302011
337	9	12.545	2.838657253
338	9	12.715	2.93492333801
339	9	12.4	2.8930952283
340	9	12.19	2.86947730432
341	9	12.105	2.84850399333
342	9	12.15	2.86487347016
343	9	12.16	2.88866751289
344	9	12.205	2.88842084884
345	9	12.455	2.88582310615
346	9	12.29	2.96578825947
347	9	12.295	2.95262171637
348	9	12.375	2.72109812392
349	9	12.05	2.8857408061
350	9	12.725	2.7238529696
351	9	11.835	2.79065852443
352	9	12.255	2.90171931792
353	9	12.27	2.81728592798
354	9	12.335	2.96188706739
355	9	12.185	2.87241623028
356	9	12.22	2.84808707732
357	9	12.21	2.9369882533
358	9	12.385	2.91835141818
359	9	12.05	2.88920404264
360	9	12.35	2.7654113618
361	9	12.39	2.90136174925
362	9	12.36	2.94964404632
363	9	12.48	2.96809703345
364	9	12.375	2.95370530013
365	9	12.645	2.92044089137
366	9	12.12	2.77769688771
367	9	12.375	2.93502555355
368	9	11.95	2.92873692912
369	9	12.085	2.97115718197
370	9	12.82	2.86489092288
371	9	12.365	2.92263151971
372	9	12.195	2.89430043361
373	9	12.345	2.90791592038
374	9	12.37	2.99718200982
375	9	12.235	2.88959772287
376	9	12.125	2.8808635858
377	9	12.555	2.94736746945
378	9	12.44	2.78503141814
379	9	12.225	2.81147203436
380	9	12.015	2.94189989633
381	9	12.465	2.84934641629
382	9	11.945	2.83407392282
383	9	12.205	2.81655374527
384	9	12.065	2.95140220912
385	9	12.65	2.79060925248
386	9	11.875	2.80524063139
387	9	12.39	2.89100328606
388	9	12.335	2.75368389617
389	9	12.46	2.86328482691
390	9	12.61	2.84392334637
391	9	12.515	2.86701499822
392	9	12.465	2.90495697042
393	9	12.295	2.88408997779
394	9	12.285	2.91269205375
395	9	12.395	2.84235377812
396	9	12.21	2.85410231071
397	9	12.105	2.89032437626
398	9	12.56	2.81360978105
399	9	11.78	2.8180844558
400	9	12.295	2.86321061049
1	49	60.91	3.56817880718
2	50	56.805	3.03923921401
3	46	53.86	2.812543333
4	42	51.14	2.92239627703
5	40	48.66	2.99739887236
6	40	46.565	2.78491920888
7	37	44.755	2.89395490635
8	35	42.635	2.8340386377
9	34	41.085	2.77448643896
10	33	38.85	2.75454170417
11	32	37.19	2.35879206375
12	31	36.22	2.27850828394
13	29	34.91	2.34561292629
14	29	33.85	2.3595550428
15	29	32.8	2.1610182785
16	28	32.045	2.28319403468
17	27	31.49	2.32806786843
18	25	30.675	2.25152725944
19	25	30.02	2.24490534322
20	25	29.37	2.4296296014
21	24	28.865	2.61472273865
22	23	28.1	2.36643191324
23	23	27.465	2.45942574598
24	23	27.11	2.68661497055
25	20	26.31	2.45436346127
26	20	25.7	2.37907545067
27	20	25.33	2.57120594274
28	20	24.72	2.59645912735
29	19	24.115	2.42523710181
30	20	23.76	2.45609446072
31	19	23.44	2.58580741742
32	18	23.24	2.53227170738
33	18	23.115	2.6630386779
34	18	22.675	2.61904085497
35	17	21.88	2.54078727957
36	17	21.495	2.84780178383
37	16	21.215	2.70162451129
38	16	20.54	2.69414179285
39	15	20.465	2.64362913435
40	16	20.12	2.49311050698
41	15	19.8	2.61916017074
42	15	19.175	2.75034088796
43	11	18.75	2.69768419204
44	11	18.47	2.88081585666
45	11	18.255	3.08220294595
46	11	17.005	2.72488073133
47	11	16.625	2.92991040819
48	11	16.19	3.02223427285
49	11	15.42	2.90062062325
50	11	15.075	2.74214788077
51	11	15.055	2.85691704465
52	10	14.945	2.77884418419
53	10	14.74	2.75543100077
54	10	14.555	2.81726374342
55	10	14.515	2.86701499822
56	10	14.595	2.80552579742
57	10	14.165	2.84214267763
58	10	14.28	2.78416953507
59	10	13.755	2.78297951843
60	10	13.655	2.87506086892
61	9	13.625	2.83273277949
62	9	13.65	2.94066319051
63	9	13.31	2.84673497186
64	9	13.085	3.0720961899
65	9	13.16	2.77748087302
66	8	12.775	2.89039357182
67	8	12.45	2.7726341266
68	8	12.405	3.01678222615
69	8	12.335	2.84478030786
70	8	12.28	2.9650632371
71	8	12.24	2.92444866599
72	8	12.085	3.03772530029
73	8	11.86	3.0594770795
74	8	11.94	2.84892962356
75	8	11.27	2.83850312665
76	8	11.62	2.92157491775
77	8	11.62	2.90613144919
78	8	11.565	3.04233052116
79	8	11.315	2.90444056575
80	8	11.185	2.8863081956
81	8	11.415	2.93815843684
82	8	11.645	2.840594128
83	8	11.515	2.88959772287
84	8	11.34	2.88866751289
85	8	11.385	2.9927871625
86	8	11.49	2.8687802286
87	8	11.215	2.71270621336
88	8	11.17	2.86375627455
89	8	11.24	2.85524079545
90	8	11.825	2.85032892839
91	8	11.315	2.7560433596
92	8	11.25	3.01786348266
93	8	11.385	2.89771893047
94	8	11.705	2.81033361009
95	8	11.06	2.91485848713
96	8	11.59	2.81280998292
97	8	11.5	2.98496231132
98	8	11.56	2.84717403753
99	8	10.985	2.79727992879
100	8	11.1	2.78388218142
101	8	11.075	2.92734948375
102	8	11.395	2.77650409688
103	8	11.4	2.87402157264
104	8	11.25	2.75635629047
105	8	11.335	2.88145362621
106	8	11.415	2.89702865019
107	8	11.695	2.84639684514
108	7	11.415	2.91937921483
109	7	11.24	2.82
110	8	11.625	2.92136526302
111	8	11.125	2.96468801057
112	8	11.26	3.00539514873
113	8	11.705	2.97287318936
114	8	11.355	2.83707155356
115	8	11.45	2.85438259524
116	8	11.215	2.81403180508
117	8	11.325	2.76936364532
118	8	11.435	2.9909488461
119	8	11.425	2.88173125048
120	8	11.37	2.8970847416
121	8	11.605	2.94601001356
122	8	11.275	2.99155060128
123	7	11.295	2.7853141654
124	7	11.74	2.87617801953
125	7	11.285	2.89720123568
126	7	11.575	2.93502555355
127	7	11.25	2.97279329924
128	7	11.03	2.81408955081
129	7	10.915	2.88578845379
130	7	11.435	2.97082059371
131	7	11.11	2.95260901577
132	7	10.83	2.96497892067
133	7	10.785	2.98810558716
134	7	10.34	3.00239904077
135	7	10.205	2.96698078861
136	7	10.55	2.808469334
137	7	10.09	2.97857348407
138	7	10.495	2.93938343875
139	7	10.5	2.91719042916
140	7	11.05	2.8368115905
141	7	10.42	2.95864834004
142	7	10.13	2.79698051477
143	7	10.255	2.90344192296
144	7	10.265	3.01906856497
145	7	10.63	2.92114703498
146	7	10.43	2.94874549597
147	7	10.435	3.02088976959
148	7	10.8	2.90172362571
149	7	10.535	2.97468905938
150	7	10.58	3.01224169017
151	7	10.72	2.91746465274
152	7	10.645	2.87210288813
153	7	10.305	2.83583761876
154	7	10.31	2.90411776621
155	7	10.45	2.93385412044
156	7	10.55	2.96774325035
157	7	10.265	2.84864441445
158	7	10.73	2.97608803633
159	7	10.49	2.9731969326
160	6	10.3	3.12409987036
161	6	10.345	2.95228301489
162	6	10.24	3.04834381263
163	6	10.335	3.08265713306
164	6	10.345	3.00598985361
165	6	10.415	3.04676467749
166	6	10.68	3.06391905898
167	6	10.38	3.07499593496
168	6	10.09	3.08899660084
169	6	9.91	3.0219033737
170	6	9.855	2.92642700234
171	6	9.34	3.00572786526
172	6	9.405	2.97505882295
173	6	9.75	3.03603359665
174	6	9.54	3.04604661816
175	6	9.885	2.99696096071
176	6	9.245	3.02902211943
177	6	9.3	2.9
178	6	9.525	3.09667160028
179	6	9.5	2.99666481275
180	6	9.485	3.04955324597
181	6	9.765	2.94274956461
182	6	9.795	2.88668928013
183	6	10.025	2.93332149619
184	6	9.565	3.07014250484
185	6	9.295	3.0459768548
186	6	9.67	2.9901672194
187	6	9.475	3.05276514
188	6	9.78	2.90372174975
189	6	9.61	3.06723002072
190	6	9.425	3.03387128929
191	6	9.925	2.88952850825
192	6	9.465	3.00146214369
193	6	9.545	3.05089740896
194	6	9.79	3.04563622253
195	6	9.345	2.95735946412
196	6	9.92	2.87986110776
197	6	9.75	3.00124973969
198	6	9.4	2.99833287011
199	6	9.07	2.98916376266
200	6	9.81	2.93153543386
201	6	9.46	2.9169161798
202	6	10.155	2.93444628508
203	6	9.19	3.0006499296
204	6	9.795	3.00715397012
205	6	9.5	3.1
206	6	9.55	3.01786348266
207	6	9.64	2.96991582372
208	6	9.605	2.98479061242
209	6	9.33	2.94806716341
210	6	9.365	2.90030601834
211	6	9.54	2.92547432052
212	6	9.98	2.87569122125
213	6	9.48	2.96303898051
214	6	9.425	2.89385124013
215	6	9.74	2.85874098162
216	6	9.52	2.98656993891
217	6	9.94	2.98770815174
218	6	9.345	2.95058892427
219	6	9.63	3.01215869436
220	6	9.615	2.90805347269
221	6	9.735	2.90082315904
222	6	9.73	3.02937287239
223	6	9.57	2.98581647125
224	6	9.405	3.04646926786
225	6	9.075	3.00322743062
226	6	9.655	2.90963485682
227	6	9.515	2.99829534903
228	6	9.69	2.97050500757
229	6	9.345	2.96917075966
230	6	9.51	3.01328724154
231	6	9.75	2.94406182
232	6	9.445	2.9422737806
233	6	9.255	3.06104148943
234	6	9.345	2.97925745782
235	6	9.795	2.92625614053
236	6	9.37	2.9484063492
237	6	9.55	2.91504716943
238	6	9.545	3.04925810649
239	6	9.345	3.02918718471
240	6	9.395	3.09822126389
241	6	9.52	2.96303898051
242	6	9.545	2.98797172008
243	6	9.63	2.97709590037
244	6	9.87	3.05337518166
245	6	9.62	2.86104875876
246	6	9.535	2.96627291394
247	6	9.48	2.9325074595
248	6	9.765	2.92912529606
249	6	9.5	2.97657521323
250	6	9.85	2.99791594278
251	6	9.41	2.90377340714
252	6	9.635	2.96509274728
253	6	9.165	2.93049057327
254	6	9.36	2.97496218463
255	6	9.31	2.95700862359
256	6	9.405	2.9497415141
257	6	9.68	3.0376964957
258	6	9.715	3.00894915211
259	6	9.175	2.91451110823
260	6	9.685	2.83650753569
261	6	9.685	2.88544190723
262	6	9.495	2.89999568965
263	6	9.72	3.10187040348
264	6	9.635	2.92775938219
265	6	9.695	2.95837370864
266	6	9.195	3.03923921401
267	6	8.97	2.91017181623
268	6	9.59	2.94820284241
269	6	9.5	3.07733651069
270	6	9.59	3.00531196384
271	6	10.035	2.98726881951
272	6	9.505	2.95126667721
273	6	9.71	2.96915812984
274	6	9.515	2.99495826348
275	6	9.615	2.93713721164
276	6	9.42	3.02218464029
277	6	9.43	2.9385540662
278	6	9.69	2.87643877042
279	6	9.8	2.92574776767
280	6	9.235	2.98324906771
281	6	9.59	2.97689435486
282	6	9.745	2.93427589023
283	6	9.5	3.06920185064
284	6	9.735	3.0007957278
285	6	9.455	3.01959848324
286	6	9.76	2.9550634511
287	6	9.445	2.89430043361
288	6	9.395	2.92044089137
289	6	9.555	2.89775344017
290	6	9.555	3.00449246962
291	6	9.375	2.95539760438
292	6	9.595	3.10660184124
293	6	9.695	3.09062695905
294	6	9.335	3.02204814654
295	6	9.65	2.98286774765
296	6	9.61	2.97622243792
297	6	9.54	2.94421466609
298	6	9.565	2.96408080187
299	6	9.275	2.95116502419
300	6	9.995	2.96394584971
301	6	9.39	2.98963208439
302	6	9.655	3.02092287224
303	6	9.725	3.0098795657
304	6	9.62	2.98087235554
305	6	9.51	2.92914663341
306	6	9.825	3.01900231865
307	6	9.655	2.98763702615
308	6	9.51	3.00664264588
309	6	9.465	2.91698045931
310	6	9.835	2.96273100365
311	6	9.735	2.96896867616
312	6	9.74	2.91760175487
313	6	9.855	2.96883394618
314	6	9.545	2.95769758427
315	6	9.65	2.99624765332
316	6	9.815	2.93270779315
317	6	9.67	3.01016610837
318	6	9.225	2.8921229227
319	6	9.465	2.94257965058
320	6	9.765	2.96306851085
321	6	9.375	2.94183191226
322	6	9.43	3.00916932059
323	6	9.255	2.92403402853
324	6	9.55	3.02448342697
325	6	9.53	2.9814593742
326	6	9.535	2.98475710905
327	6	9.76	2.91931498814
328	6	9.63	2.95348946164
329	6	9.835	2.90134020756
330	6	9.21	3.03577008352
331	6	9.145	2.96040115525
332	6	9.49	2.91030926192
333	6	9.49	2.94616700138
334	6	9.52	2.95120314448
335	6	9.79	2.92333713417
336	6	9.725	2.91193664079
337	6	9.57	2.96733887515
338	6	9.555	2.92864729867
339	6	9.56	3.05882330317
340	6	9.615	2.8994439122
341	6	9.545	3.02786641053
342	6	9.43	3.02243279495
343	6	9.535	2.96289976206
344	6	9.19	3.03379300546
345	6	9.935	2.81260999785
346	6	9.595	3.04811007019
347	6	9.65	3.06063718856
348	6	9.735	2.9128637112
349	6	9.33	2.95315085968
350	6	9.72	2.94645549771
351	6	9.475	2.93417364858
352	6	9.54	2.97630643584
353	6	9.77	2.83144839261
354	6	9.545	2.9610766623
355	6	9.53	2.96464163096
356	6	9.72	3.00858770854
357	6	9.6	2.97153159162
358	6	9.505	2.97992869042
359	6	9.75	2.95423424934
360	6	9.705	2.97623503776
361	6	9.595	2.95651399456
362	6	9.85	2.9184756295
363	6	9.72	3.10991961311
364	6	9.69	2.98728974156
365	6	9.485	3.0066218585
366	6	9.35	2.98286774765
367	6	9.46	3.02793659115
368	6	9.47	3.02309444113
369	6	9.83	2.87073161407
370	6	9.4	2.98998327755
371	6	9.61	2.97958050739
372	6	9.745	2.97320954526
373	6	9.795	2.94838515123
374	6	9.2	2.98663690461
375	6	9.565	3.06198873283
376	6	9.76	2.90041376359
377	6	9.345	2.94719782166
378	6	9.355	3.04285638833
379	6	9.8	2.97489495613
380	6	9.23	2.92354237185
381	6	9.355	3.01479269602
382	6	9.565	2.85232799657
383	6	9.685	2.89409312221
384	6	9.645	3.10949754784
385	6	9.685	2.97586542034
386	6	9.29	3.0390623554
387	6	9.845	2.95143609113
388	6	9.64	2.98502931309
389	6	9.67	3.02673090974
390	6	9.435	3.01426193288
391	6	9.48	2.94102023114
392	6	9.935	2.93100238826
393	6	9.57	2.97070698656
394	6	9.435	3.01260269535
395	6	9.85	2.94406182
396	6	9.715	3.01393015845
397	6	9.755	2.92317892029
398	6	9.845	2.98009647495
399	6	9.67	2.93787338053
400	6	9.615	3.13157707873
1	51	59.78	3.63615181201
2	47	55.835	3.02122077975
3	46	53.15	2.94066319051
4	43	50.755	2.56612061291
5	42	48.865	2.17411476238
6	40	47.225	2.33760026523
7	39	45.445	2.78333882235
8	37	42.975	2.44220699368
9	35	40.64	2.15879596072
10	35	39.765	2.45759536946
11	35	38.75	2.16275287539
12	33	37.795	2.11966388845
13	30	37.06	2.50726943107
14	30	35.825	2.46259517583
15	27	34.62	2.43014402865
16	27	33.725	2.67756885999
17	27	32.52	2.39991666522
18	26	31.545	2.73824304984
19	26	30.22	2.3198275798
20	25	29.285	2.33961001024
21	24	28.815	2.4312085472
22	23	28.49	2.34091862311
23	22	27.67	2.18199450045
24	21	27.195	2.3742314546
25	21	26.81	2.5561494479
26	20	26.355	2.58243586561
27	17	25.31	2.58532396423
28	17	24.41	2.86040206964
29	15	23.72	3.03176516241
30	15	22.27	3.07848988954
31	13	20.865	3.06541595872
32	15	19.735	2.97569739725
33	13	18.98	2.69992592491
34	13	18.565	2.71030902297
35	13	18.295	2.7853141654
36	13	17.93	2.65614382141
37	13	17.635	2.8340386377
38	13	17.625	2.73027013316
39	13	17.3	2.80356915378
40	13	17.23	2.94569176935
41	12	16.54	2.87374320356
42	12	16.65	2.98286774765
43	12	16.415	2.96863183975
44	12	16.21	2.84708622981
45	12	16.27	2.74355608654
46	12	15.75	2.8874729436
47	12	15.18	2.69027879596
48	12	15.3	2.80178514522
49	12	14.91	2.71512430655
50	12	15.285	2.87989149101
51	12	15.355	2.8193926651
52	12	15.165	2.79423961034
53	12	15.165	2.88232111327
54	12	14.795	2.7519038864
55	12	15.15	2.82798514848
56	12	14.9	2.65329983228
57	12	15.025	2.67476634494
58	12	14.885	2.75168584689
59	12	15.145	2.60268611246
60	12	15.025	2.73210084001
61	12	15.295	2.7996383695
62	12	15.28	2.76615256268
63	12	15.06	2.86642634652
64	12	14.98	2.7856058587
65	12	14.665	2.74823124937
66	11	15.175	2.76303727807
67	11	14.75	2.67721870605
68	11	15.07	2.86270850769
69	11	15.47	2.77292264587
70	11	15.315	2.88544190723
71	11	15.155	2.79123180693
72	11	14.73	2.70316481185
73	11	14.69	2.87121925321
74	11	15.065	2.68528862508
75	11	14.62	2.84878921649
76	11	14.1	2.80713376952
77	11	14.02	2.76217305758
78	11	14.225	2.82389358865
79	11	14.28	2.87255983402
80	11	14.085	2.6977351612
81	11	14.07	2.69723932939
82	11	13.94	2.85068412842
83	11	13.96	2.73100714023
84	11	14.045	2.76278392206
85	11	14.095	2.79928115773
86	11	14.355	2.78549367258
87	11	14.13	2.82366782749
88	11	14.155	2.84270557744
89	11	14.535	2.86335031039
90	11	14.155	2.79660061503
91	11	14.4	2.7276363394
92	11	14.22	2.81275665496
93	11	14.06	2.90798899585
94	11	14.12	2.75419679762
95	11	14.01	2.66831407447
96	11	14.295	2.90309748372
97	11	14.16	2.79363562406
98	11	14.045	2.82010194851
99	11	14.32	2.98958191057
100	11	13.865	2.89080871038
101	11	13.71	2.79211389453
102	11	14.32	2.84035209085
103	11	14.315	2.74877700078
104	11	13.99	2.74770813588
105	11	14.415	2.69495361741
106	11	13.97	2.78551611017
107	11	13.965	2.83086117639
108	11	14.07	2.73040290067
109	11	13.98	2.80706252157
110	11	13.73	2.78515708713
111	11	14.105	2.93495741025
112	11	14.18	2.75092711645
113	11	13.855	2.72653167963
114	11	14.125	2.82831663715
115	11	14.025	2.72843819794
116	11	14.205	2.77722433375
117	11	14.03	2.94603122862
118	11	14.155	2.80017410173
119	11	14.63	2.80233830934
120	11	14.22	2.84105614165
121	11	14.37	2.7880279769
122	11	14.61	2.75461431057
123	11	14.085	2.78168564004
124	11	14.015	2.68789415714
125	11	13.995	2.71753104858
126	11	14.455	2.820988302
127	11	13.865	2.86649175823
128	11	13.925	2.74761260006
129	11	14.085	2.89961635393
130	11	14.22	2.82340220302
131	11	14.32	2.74910894655
132	11	14.065	2.81971186471
133	11	13.86	2.78933683875
134	11	14.185	2.84794223958
135	10	14.38	2.74328270508
136	10	14.2	2.77128129211
137	10	14.055	2.73714723754
138	10	14.075	2.92222090199
139	10	14.43	2.84870145856
140	10	13.905	2.84006602036
141	10	14.13	2.8901730052
142	10	13.83	2.79125419838
143	10	13.505	2.78926065473
144	10	13.595	2.66851550492
145	10	13.76	2.79685537703
146	10	13.26	2.88312330642
147	10	13.275	2.92905701549
148	10	13.405	2.90533560884
149	10	13.495	2.87227697132
150	10	13.32	2.82800282885
151	10	13.42	2.81488898538
152	10	13.305	2.73531990816
153	10	13.625	2.72843819794
154	10	12.88	2.86628679654
155	10	13.525	2.83361518206
156	10	13.495	2.94617972975
157	10	13.37	2.79876758592
158	10	13.265	2.87137162346
159	10	13.27	2.88220401776
160	10	13.655	2.87332124901
161	10	13.705	2.82453093451
162	10	13.09	2.75896719807
163	10	13.17	2.95315085968
164	10	13.27	2.70316481185
165	10	13.265	2.730343385
166	10	13.23	2.94059517785
167	10	13.475	2.85120588524
168	10	13.42	2.86768199074
169	10	13.63	2.79340294265
170	10	13.165	2.80495543637
171	10	13.17	2.67975745171
172	10	13.405	2.93444628508
173	10	13.255	2.75499092557
174	10	13.21	2.89756794571
175	10	12.99	2.72027572132
176	10	13.36	2.92923198125
177	10	13.23	2.79053758262
178	10	12.87	2.86759481099
179	10	13.165	2.90650563392
180	10	13.4	2.78208554865
181	10	13.465	2.83350930826
182	10	13.385	2.86300104785
183	10	13.13	2.82543801914
184	10	13.22	2.8251725611
185	10	13.43	2.77039708345
186	10	13.16	2.80613613355
187	10	13.11	2.86319751327
188	10	13.235	2.8266190051
189	10	13.125	2.91365320517
190	10	13.045	2.96698078861
191	10	13.365	2.78060694813
192	10	13.385	2.90805347269
193	10	13.035	2.73930191837
194	10	12.97	2.79626536652
195	10	13.385	2.99445737989
196	10	13.415	2.89184629605
197	10	13.18	2.94068019342
198	10	13.61	2.89963790843
199	10	12.99	2.94277080317
200	10	13.42	2.81133420283
201	10	12.985	2.81154317057
202	10	13.11	2.7853007019
203	10	13.51	2.92231072954
204	10	13.515	2.8266190051
205	10	13.705	2.87540866661
206	10	13.485	2.87224215553
207	10	13.255	2.83724778615
208	10	13.235	2.82838734971
209	10	13.245	2.87140644981
210	10	13.245	2.72854814874
211	10	13.19	2.9144296183
212	10	12.83	2.85326129193
213	10	13.21	2.94379007404
214	10	13.265	2.84688865255
215	10	13.0	2.84780617318
216	10	13.415	2.84829334866
217	10	13.35	2.83151902695
218	10	13.555	2.74717582255
219	10	13.29	2.73603728045
220	10	13.045	2.88148833071
221	10	13.29	2.94379007404
222	10	13.275	2.80880312589
223	10	13.25	2.95592625077
224	10	12.925	2.82654824831
225	10	13.28	2.76434440691
226	10	13.27	2.76895287067
227	10	13.415	2.82361027764
228	10	13.395	2.84938151184
229	10	13.02	2.79992857052
230	10	13.23	2.7833612773
231	10	13.13	2.71534528191
232	10	13.535	2.78904553566
233	10	12.865	2.75622477313
234	10	13.14	2.89661871844
235	10	13.465	2.7365626249
236	10	13.13	2.81657593542
237	10	13.315	2.90099551878
238	10	13.545	2.87192879438
239	10	13.045	2.74644770567
240	9	13.155	2.84622117904
241	9	13.095	2.82594674401
242	9	13.025	2.88519929988
243	9	13.155	2.89326372804
244	9	12.74	2.76990974582
245	10	13.27	2.76353035084
246	10	13.07	2.7358910797
247	10	13.04	2.94591242232
248	10	13.405	2.86373444998
249	10	13.205	2.88668928013
250	10	13.095	3.02423130729
251	10	13.165	2.84038289672
252	10	13.13	2.91943487682
253	10	13.305	3.10676278464
254	10	13.48	2.83718170021
255	10	13.2	2.7946377225
256	10	13.14	2.94964404632
257	10	13.55	2.97615523789
258	10	13.38	2.74328270508
259	10	13.21	2.86633912857
260	10	13.485	2.92057785378
261	10	13.38	2.93523423256
262	10	13.49	2.84075694138
263	10	13.17	2.81088953892
264	10	12.915	2.82803376925
265	10	13.39	2.90824689461
266	10	13.345	2.8558667686
267	10	13.42	2.92465382567
268	10	13.435	2.70846358661
269	10	13.115	2.86387412433
270	10	13.285	2.88336175323
271	10	13.175	2.93502555355
272	10	13.055	2.78423687929
273	10	13.495	2.82311441497
274	10	12.875	2.83890383775
275	10	13.21	2.8152974976
276	10	13.435	2.88370854977
277	10	13.455	2.89447318177
278	10	13.005	2.90602391594
279	10	13.475	2.7783763244
280	10	13.315	2.7938817083
281	10	12.98	2.83541884031
282	10	13.24	2.80934155987
283	10	13.26	2.90385950073
284	10	13.365	2.85688204167
285	10	13.38	2.97247371729
286	10	13.03	2.98983277124
287	10	12.76	2.79685537703
288	9	13.055	2.82169718432
289	9	13.24	2.95675497801
290	10	13.69	2.77559002736
291	10	13.11	2.78350498473
292	10	13.315	2.93526404264
293	10	13.12	2.75056357861
294	10	13.18	2.81204551883
295	10	12.87	2.87977429671
296	10	12.855	2.86251200871
297	10	13.18	2.90303289682
298	10	13.505	2.85831681239
299	10	13.365	2.88821311541
300	10	13.25	2.89956893348
301	10	13.375	2.81857676851
302	10	13.405	2.9968274892
303	10	12.98	2.92909542351
304	10	13.27	2.91326277565
305	10	13.14	2.84787640181
306	10	13.16	2.82212685753
307	10	12.95	2.8788018341
308	9	13.43	2.82402195459
309	9	13.725	2.86868872484
310	9	13.645	2.78010341534
311	9	12.99	2.95633218702
312	9	12.945	2.9329123751
313	9	12.69	2.82734858127
314	9	12.83	2.86550170127
315	9	12.465	2.8668405955
316	9	12.55	2.8191310718
317	9	12.745	2.93597939366
318	9	12.53	2.9477279386
319	9	12.055	2.81282331475
320	9	12.195	2.83848110792
321	9	12.475	2.81946360147
322	9	12.255	2.94787635426
323	9	12.395	3.00316083485
324	9	12.495	2.87749456993
325	9	12.345	2.93359421188
326	9	12.23	2.93037540257
327	9	12.655	2.77235910372
328	9	12.165	2.90994415754
329	9	12.45	2.78163620914
330	9	12.385	2.84723989154
331	9	12.23	2.85781384978
332	8	12.48	2.83894346545
333	8	12.37	2.88324469999
334	8	12.495	2.98160611081
335	8	12.54	2.98636903279
336	8	12.275	2.81768965644
337	8	12.55	2.89611809151
338	8	12.175	2.96215715316
339	8	12.395	2.93069530999
340	9	11.965	2.86596842272
341	9	12.44	2.87513477945
342	9	12.35	2.72167228005
343	9	12.53	2.85466285225
344	9	12.3	2.91204395571
345	9	12.875	2.85821185359
346	9	12.475	2.82654824831
347	9	12.56	2.75615674445
348	9	12.405	2.93444628508
349	8	12.47	2.85291079426
350	9	12.495	2.87227697132
351	9	12.48	2.77481530917
352	9	12.005	2.92317892029
353	9	12.585	2.88145362621
354	9	12.325	2.99656052834
355	9	12.425	2.92307629049
356	9	12.1	2.81602556807
357	9	12.325	2.94268160017
358	9	12.41	2.88477035481
359	9	12.405	2.87419119058
360	9	12.415	2.98207561943
361	9	12.135	2.80120956017
362	9	12.27	2.91154598109
363	9	12.61	2.95599391068
364	9	12.295	2.69591821093
365	9	12.61	2.99964997958
366	8	12.365	2.87780732503
367	8	12.51	2.84075694138
368	9	12.43	2.96902340846
369	9	12.18	2.84211189083
370	9	12.4	2.85482048472
371	9	12.475	2.82300814735
372	9	12.14	2.91382909588
373	9	12.73	2.75628372995
374	8	12.27	2.98280069733
375	8	12.79	2.91305681373
376	8	12.05	2.86312766044
377	8	12.19	2.90239556229
378	8	12.27	3.00950161987
379	8	12.185	2.90874113664
380	8	11.915	2.96273100365
381	8	12.31	2.8937691684
382	8	12.145	3.05188056778
383	8	12.215	2.92724700017
384	8	11.55	3.02282980004
385	8	11.16	2.93502981246
386	8	11.28	2.81097847733
387	8	11.495	2.96310225946
388	8	11.54	2.84576878892
389	8	11.37	2.84483742945
390	8	11.385	2.91492281201
391	8	11.785	2.89115461364
392	8	11.605	2.94091397358
393	8	11.395	2.93240089347
394	8	11.145	2.92129680108
395	8	11.41	3.0351112006
396	8	11.515	2.92057785378
397	8	11.48	2.84070413806
398	8	11.385	2.86125409567
399	8	11.515	2.97653741787
400	8	11.255	2.92403402853
1	50	61.125	4.06440340025
2	51	56.68	2.54314765596
3	46	54.275	2.56892487239
4	44	52.17	2.3390382639
5	44	50.565	2.37608396316
6	43	48.865	2.5800726734
7	42	47.11	2.4531408439
8	38	45.81	2.52861622236
9	34	44.38	2.53092868331
10	34	43.395	2.64933482218
11	32	41.98	3.11441808369
12	32	40.025	2.87304281207
13	33	38.255	2.61533458663
14	31	36.85	2.47739782837
15	30	35.83	2.53003952538
16	27	34.615	2.17641333391
17	27	33.605	2.45743260335
18	26	32.82	2.59568873327
19	25	31.32	2.58797217914
20	24	30.055	2.77163760257
21	23	28.56	2.54487720725
22	22	27.795	2.44601206048
23	22	26.815	2.40640291722
24	21	26.24	2.33931613939
25	21	25.56	2.28175371151
26	21	25.565	2.5368829299
27	19	24.995	2.71753104858
28	19	23.945	2.49238339747
29	19	23.305	2.45600793973
30	18	22.455	2.39540706353
31	17	22.025	2.47878498462
32	16	21.53	2.68683829063
33	16	21.17	2.36877605527
34	15	20.745	2.58456476026
35	15	20.5	2.64764045897
36	15	19.355	2.44314858328
37	15	19.0	2.66458251889
38	15	18.51	2.54556477034
39	14	17.655	2.36135024933
40	14	17.365	2.47017711916
41	14	17.45	2.44897937925
42	14	17.605	2.4492805066
43	14	17.615	2.47118898508
44	14	17.275	2.5395619701
45	13	17.175	2.57766852019
46	13	17.03	2.69055756303
47	13	16.47	2.55716640053
48	13	16.145	2.65027828727
49	13	16.185	2.61548752626
50	13	15.375	2.41130151578
51	13	15.92	2.57557760512
52	13	15.75	2.68467875173
53	13	15.75	2.75635629047
54	13	15.51	2.47182119094
55	13	15.895	2.59884108787
56	13	15.4	2.55734237051
57	13	15.885	2.58877866957
58	13	15.695	2.74079824139
59	13	16.135	2.7104934975
60	13	15.77	2.51338417278
61	13	16.045	2.68197222208
62	13	15.95	2.66598949735
63	13	15.88	2.67312551146
64	13	15.795	2.71348023763
65	13	15.975	2.55819760769
66	13	16.14	2.7477991193
67	13	16.035	2.67091276533
68	13	15.87	2.75374290739
69	13	15.28	2.55374235192
70	13	15.57	2.53280476942
71	13	15.775	2.56600370226
72	13	15.89	2.56279144684
73	13	15.555	2.48937241087
74	12	15.43	2.48698612783
75	13	15.62	2.64491965852
76	13	15.825	2.65976972687
77	13	15.705	2.65480225252
78	13	15.78	2.75528582909
79	13	16.105	2.75390177748
80	13	15.6	2.58263431403
81	13	15.915	2.74003193412
82	13	16.08	2.67835770576
83	13	15.43	2.56419578036
84	13	15.835	2.65852872845
85	13	15.665	2.51053281197
86	13	15.71	2.71217624796
87	13	15.635	2.41076232756
88	13	15.405	2.64782457878
89	13	16.005	2.55831487507
90	12	16.035	2.70439919391
91	12	15.745	2.74772178359
92	13	15.75	2.58215026674
93	12	15.44	2.60123047806
94	12	15.895	2.66157378256
95	12	15.905	2.67880103778
96	12	15.395	2.48374213637
97	12	15.53	2.62089679308
98	11	15.62	2.67125438699
99	11	15.495	2.74225728188
100	11	15.125	2.83890383775
101	11	14.55	2.65659556576
102	11	14.665	2.77358522494
103	11	14.205	2.62544758089
104	11	14.185	2.7019946336
105	11	14.28	2.61373296264
106	11	14.165	2.88578845379
107	11	13.89	2.75642884907
108	11	14.06	2.80827349095
109	11	14.17	2.90707757034
110	11	13.9	2.72029410175
111	11	13.95	2.67161000148
112	11	14.14	2.75506805724
113	11	14.02	2.79098548903
114	11	14.2	2.70739727414
115	11	14.16	2.79363562406
116	11	13.975	2.57572805242
117	11	14.31	2.82026594491
118	11	14.11	2.77090238009
119	11	13.945	2.61571691893
120	11	13.815	2.6402225285
121	11	14.3	2.75499546279
122	11	13.91	2.74625199135
123	11	13.89	2.64724384974
124	11	13.78	2.57518931343
125	11	14.26	2.68931217972
126	11	14.005	2.82045652333
127	11	14.075	2.64374261228
128	11	14.125	2.62856900233
129	11	14.185	2.64967450831
130	11	13.915	2.6415478417
131	11	13.905	2.51117004601
132	11	14.015	2.75041360526
133	11	14.355	2.64744688332
134	11	13.63	2.66328744224
135	11	13.865	2.69940271171
136	11	14.08	2.65586144217
137	11	13.845	2.75879955778
138	11	14.2	2.7946377225
139	11	13.91	2.84462651327
140	11	14.375	2.8921229227
141	11	14.06	2.7525261125
142	11	13.925	2.67570084277
143	11	14.275	2.70173555331
144	11	13.735	2.7576756517
145	11	14.145	2.76115464978
146	11	13.59	2.54005905443
147	11	13.925	2.56307920283
148	11	13.755	2.64480150484
149	11	13.8	2.68514431642
150	11	13.855	2.73385716525
151	11	13.925	2.65129685249
152	11	13.725	2.69988425678
153	11	14.25	2.6865405264
154	11	13.805	2.70129135785
155	11	13.705	2.6510328176
156	11	14.265	2.72484403223
157	11	13.91	2.76801372829
158	11	14.015	2.65419950267
159	11	14.05	2.62059153628
160	11	14.135	2.72153908662
161	11	14.01	2.66831407447
162	11	13.865	2.68268056242
163	11	13.57	2.59520712083
164	11	14.025	2.73575857853
165	11	13.85	2.65659556576
166	11	13.835	2.66416497237
167	11	13.67	2.6440688342
168	11	13.965	2.67465418325
169	11	14.12	2.75963765737
170	11	13.935	2.71123127011
171	11	13.615	2.54298545021
172	11	14.135	2.61472273865
173	11	14.34	2.86607745883
174	11	13.83	2.67415407185
175	11	13.7	2.58456959666
176	10	13.8	2.683281573
177	10	13.835	2.66604107245
178	10	13.83	2.74610633443
179	10	14.005	2.65612029095
180	10	13.835	2.68286693669
181	10	13.94	2.70118492518
182	10	14.005	2.62963400495
183	10	14.085	2.68659170698
184	10	13.78	2.79492397034
185	10	13.86	2.694512943
186	9	13.55	2.87532606847
187	9	13.315	2.68621946237
188	9	13.025	2.69525045218
189	9	12.835	2.70883277446
190	9	13.065	2.69458252796
191	9	12.89	2.80497771827
192	9	12.795	2.77001353787
193	9	13.07	2.77220129139
194	9	12.175	2.77026623269
195	9	12.325	2.78376992584
196	9	12.095	2.71771503289
197	9	12.075	2.73849867628
198	9	12.26	2.81112077293
199	9	12.27	2.84554037047
200	9	11.885	2.73345477373
201	9	11.87	2.68944232137
202	9	12.345	2.83654279009
203	9	12.17	2.82862157243
204	9	12.09	2.75170856015
205	9	12.31	2.74114939396
206	9	12.2	2.69258240357
207	9	12.02	2.88956744168
208	9	12.17	2.71497697964
209	9	12.245	2.87140644981
210	9	12.345	2.84358488532
211	9	12.41	2.70405251428
212	9	11.98	2.88263768101
213	9	12.575	2.82212242824
214	9	12.11	2.77090238009
215	9	12.395	2.7548094308
216	9	12.02	2.79277639635
217	9	11.965	2.83439146908
218	9	12.22	2.76434440691
219	9	12.515	2.84249450307
220	9	12.36	2.86712399453
221	9	12.465	2.66435264183
222	9	12.375	2.7720705258
223	9	11.93	2.73771802785
224	9	12.885	2.63851757622
225	9	12.47	2.74756255616
226	9	12.48	2.79277639635
227	9	12.3	2.77668867538
228	9	12.21	2.91305681373
229	9	12.02	2.82127630692
230	9	12.07	2.7758061892
231	9	12.32	2.7563744303
232	9	12.54	2.8299116594
233	9	12.33	2.82685337434
234	9	12.495	2.83018992296
235	9	12.155	2.70203164304
236	9	12.38	2.79206017127
237	9	12.125	2.76213232847
238	9	12.395	2.9443123136
239	9	12.105	2.80962186068
240	9	11.765	2.76943586313
241	9	11.875	2.72568798655
242	9	12.325	2.67196089043
243	9	12.27	2.69761005336
244	9	12.11	2.83158965954
245	9	11.945	2.73897334781
246	9	12.38	2.9420401085
247	9	11.98	2.80706252157
248	9	12.35	2.84209429822
249	9	12.03	2.75301652738
250	9	12.135	2.86300104785
251	9	12.43	2.82932854225
252	9	12.31	2.81138755777
253	9	12.205	2.76097356018
254	9	12.23	2.84378269212
255	9	12.35	2.71062723369
256	9	12.2	2.90344622819
257	9	12.45	2.91161467231
258	9	12.45	2.99624765332
259	9	12.475	2.80524063139
260	9	12.21	2.73420920926
261	9	12.055	2.73897334781
262	9	12.445	2.69943975669
263	9	12.44	2.72697634753
264	9	12.19	2.81671794825
265	9	12.145	2.70443617044
266	9	12.22	2.69287949972
267	9	12.325	2.7783763244
268	9	12.02	2.8106227068
269	9	11.94	2.83837981954
270	9	12.435	2.74695740775
271	9	12.32	2.85440011211
272	9	12.295	2.90997852226
273	9	12.54	2.72550912675
274	9	12.26	2.71889683512
275	9	11.99	2.80889658051
276	9	12.31	2.72284777393
277	9	12.205	2.8342503418
278	9	12.07	2.79733802033
279	9	12.255	2.81602112918
280	9	12.445	2.74717582255
281	9	12.015	2.75223091328
282	9	11.995	2.73404005091
283	9	12.41	2.82699487088
284	9	12.055	2.69294912689
285	9	12.075	2.68688946553
286	9	12.155	2.6647654681
287	9	12.23	2.91154598109
288	9	11.92	2.69696125297
289	9	12.075	2.60372329559
290	9	12.18	2.86314512381
291	9	11.87	2.76099619703
292	9	11.91	2.79139749946
293	9	11.85	2.68840101175
294	9	12.34	2.72844277932
295	9	11.87	2.69686855445
296	9	12.4	2.75680975042
297	9	12.35	2.73084236088
298	9	12.105	2.92471793512
299	9	11.975	2.77387364528
300	9	12.21	2.84884186995
301	9	12.06	2.86817014837
302	9	12.075	2.88606566107
303	9	12.13	2.72086383342
304	9	12.28	2.78237308785
305	9	12.045	2.79516994117
306	9	12.28	2.93455277683
307	9	12.21	2.86808298346
308	9	12.32	2.88749025972
309	9	11.98	2.72205804494
310	9	11.74	2.77892065378
311	9	12.065	2.83738876434
312	9	12.225	2.80613167902
313	9	12.165	2.77988758766
314	9	12.355	2.84235377812
315	9	12.14	2.95810750312
316	9	12.385	2.85775698757
317	9	12.71	2.75787962029
318	9	11.59	2.76620678909
319	9	11.99	2.73494058436
320	9	12.18	2.82623424365
321	9	12.245	2.81335653624
322	9	12.275	2.8669452384
323	9	12.425	2.7612270823
324	9	12.245	2.97068594772
325	9	12.2	2.63058928759
326	9	12.415	2.7969224158
327	9	12.22	2.83577149996
328	9	11.73	2.75446909585
329	9	12.555	2.90464713864
330	9	12.43	2.71018449556
331	9	12.27	2.7869517398
332	9	12.11	2.68289023257
333	9	12.685	2.71030902297
334	9	12.365	2.72062033367
335	9	12.35	2.84033448734
336	9	12.215	2.85285383432
337	9	11.7	2.76767050062
338	9	12.11	2.73822935489
339	9	12.165	2.81740572158
340	9	12.51	2.75679161345
341	9	11.99	2.78026977108
342	9	12.04	2.75470506588
343	9	12.255	2.81424501421
344	9	12.395	2.7620599197
345	9	12.27	2.91326277565
346	9	12.12	2.86279583624
347	9	11.84	2.77748087302
348	9	12.64	2.90523665129
349	9	12.365	2.76799114883
350	9	12.22	2.80741874326
351	9	12.295	2.72909783628
352	9	12.375	2.74852233027
353	9	12.655	2.79749441465
354	9	12.305	2.82346861148
355	9	12.325	2.80167360697
356	9	12.34	2.70820974077
357	9	12.19	2.73384344833
358	9	11.91	2.81458700345
359	9	12.315	2.74513660862
360	9	11.71	2.71586082118
361	9	12.175	2.78107443266
362	9	12.04	2.74925444439
363	9	12.17	2.83920763594
364	9	12.12	2.75963765737
365	9	12.3	2.88963665536
366	9	12.135	2.7904793495
367	9	12.15	2.79060925248
368	9	12.22	2.76976533302
369	9	12.255	2.80178068378
370	9	12.16	2.81680670263
371	9	11.965	2.67465418325
372	9	12.17	2.97339872873
373	9	12.27	2.78515708713
374	9	12.32	2.71433233043
375	9	12.225	2.79720842985
376	9	12.08	2.75927526717
377	9	12.465	2.6511836979
378	9	12.45	2.88053814417
379	9	12.185	2.82679588934
380	9	12.105	2.78997759848
381	9	12.465	2.79799481772
382	9	12.145	2.87471302916
383	9	12.105	2.68588439811
384	9	12.28	2.78955193535
385	9	12.49	2.81067607525
386	9	11.995	2.89568213035
387	9	11.75	2.75635629047
388	9	12.025	2.70635825419
389	9	12.175	2.78825662377
390	9	11.925	2.69803168995
391	9	12.44	2.86642634652
392	9	12.05	2.79060925248
393	9	11.74	2.81645166832
394	9	11.87	2.72637121464
395	9	12.175	2.807912926
396	9	12.125	2.92222090199
397	9	12.275	2.83185010197
398	9	12.205	2.67824102724
399	9	12.175	2.72109812392
400	9	11.84	2.84506590433
1	51	60.735	3.69794199522
2	50	56.4	2.69814751265
3	47	53.835	2.74367909931
4	43	51.71	2.67131053979
5	43	49.73	2.43250899279
6	40	47.9	2.33666428911
7	40	46.6	2.63248931622
8	39	44.635	2.34984573962
9	38	43.48	2.56896866466
10	37	42.19	2.44415629615
11	36	40.96	2.20644510469
12	34	39.88	2.30121706929
13	32	38.835	2.61682536674
14	32	37.3	2.31300670124
15	31	35.965	2.18031534416
16	30	34.905	2.12743390027
17	28	33.83	2.5399015729
18	27	32.405	2.23404901468
19	27	31.49	2.27154132694
20	26	30.65	2.12544113068
21	25	29.975	2.22584253711
22	24	29.41	2.3134173856
23	24	29.11	2.29082954407
24	23	28.185	2.1864983421
25	23	27.69	2.17345347316
26	23	27.295	2.25786957108
27	23	26.7	2.17485631709
28	22	25.94	2.12753378352
29	22	25.915	2.22660616185
30	20	25.105	2.38620514625
31	21	24.615	2.26423828251
32	20	24.145	2.42980966333
33	19	23.405	2.33258976247
34	20	22.74	2.23883898483
35	19	22.735	2.48088189965
36	19	21.765	2.14004088746
37	18	21.78	2.31551290215
38	18	21.55	2.17657988597
39	18	21.175	2.35252523897
40	18	20.815	2.3813389091
41	17	20.32	2.2489108475
42	17	20.12	2.19899977262
43	17	20.19	2.33963672394
44	17	20.175	2.27911715364
45	17	20.275	2.29115145724
46	17	20.005	2.35052653676
47	17	20.185	2.4841044664
48	16	20.06	2.47111310951
49	16	19.59	2.50437616983
50	16	19.205	2.45621151369
51	16	19.135	2.39724320835
52	16	19.165	2.45515274474
53	16	19.085	2.6072543029
54	16	18.925	2.6738315205
55	15	18.31	2.43185114676
56	16	18.355	2.44519426631
57	15	18.865	2.6733452826
58	15	18.355	2.37465260617
59	15	18.255	2.35158988771
60	15	18.765	2.56510721024
61	16	18.495	2.3853668481
62	16	18.56	2.66953179415
63	16	18.35	2.49349152796
64	16	18.135	2.32954394678
65	16	18.32	2.5134836383
66	15	18.265	2.47078428844
67	15	18.45	2.51743917503
68	15	18.63	2.79161243728
69	15	18.33	2.41683677562
70	15	18.575	2.56600370226
71	15	18.355	2.42878055822
72	14	18.58	2.61793811997
73	14	18.42	2.61793811997
74	15	18.355	2.63988162613
75	15	18.23	2.61478488599
76	15	17.875	2.75306647214
77	14	17.965	2.65401111527
78	14	17.405	2.56144002467
79	14	17.32	2.45511710515
80	14	17.675	2.64374261228
81	14	17.045	2.45417501413
82	14	17.31	2.81138755777
83	14	17.165	2.70143943112
84	14	16.695	2.51832781822
85	14	16.91	2.83406069095
86	14	16.845	2.63836597158
87	14	16.7	2.58263431403
88	13	17.14	2.71668916146
89	14	16.685	2.54278882332
90	13	16.74	2.65186726666
91	14	16.725	2.5650292396
92	12	16.54	2.46341226757
93	12	16.8	2.7440845468
94	13	16.8	2.59807621135
95	13	16.57	2.67116079636
96	12	16.58	2.61793811997
97	12	16.115	2.59841778781
98	12	15.94	2.75797026815
99	12	15.895	2.674691571
100	12	16.065	2.71307482389
101	12	15.685	2.76148058114
102	12	15.905	2.71955419141
103	12	15.78	2.83224292743
104	12	15.285	2.70809434843
105	12	15.545	2.69034849044
106	11	15.345	2.71955419141
107	11	15.23	2.66591447725
108	11	15.005	2.86617776839
109	11	15.065	2.81083172744
110	11	14.76	2.7771208112
111	11	14.795	2.78979837981
112	11	14.79	2.88546356761
113	11	14.57	2.62775569641
114	11	14.355	2.88945929198
115	11	14.5	2.78747197295
116	11	14.065	2.71675817842
117	11	13.8	2.83019433962
118	11	14.055	2.83760021849
119	11	13.98	2.80171376125
120	11	14.335	2.67259705156
121	11	14.255	2.75861831358
122	11	13.85	2.76179289593
123	11	14.155	2.78585265224
124	11	14.505	2.70369654362
125	11	13.835	2.77988758766
126	11	14.295	2.75462792406
127	11	14.155	2.78405729108
128	10	14.365	2.56744522824
129	10	13.945	2.73349135722
130	10	13.3	2.62678510731
131	10	13.59	2.97689435486
132	10	13.725	2.69803168995
133	10	13.17	2.77868674017
134	10	13.065	2.81971186471
135	10	13.175	2.63901023113
136	10	13.47	2.86689727755
137	10	13.455	2.82630058557
138	10	13.145	2.80070973148
139	10	12.99	2.82310113173
140	10	13.47	2.8034086395
141	10	13.285	2.78276391381
142	10	12.875	2.85996066407
143	10	13.045	2.82010194851
144	10	13.205	2.90223620679
145	10	13.21	2.8347663043
146	10	13.33	2.82685337434
147	10	13.02	2.77301280199
148	10	13.315	2.82237045761
149	10	13.155	2.90877551557
150	10	12.865	2.79942404791
151	10	13.79	2.79569311621
152	10	13.47	2.73296542239
153	10	13.205	2.67076299959
154	10	13.335	2.67072555685
155	10	13.19	2.72284777393
156	10	13.14	2.74961815531
157	10	13.32	2.84738476501
158	10	13.04	2.73283735337
159	10	13.095	2.88720885978
160	10	13.095	2.9010299895
161	10	13.445	2.82612367033
162	10	13.24	2.77351762208
163	10	13.195	2.79767314031
164	10	13.36	2.86188748905
165	10	12.985	2.80085254878
166	10	13.365	2.83050790495
167	10	12.855	2.78818489344
168	10	13.06	2.88208258036
169	10	13.33	2.88982698444
170	10	13.21	2.78853007873
171	10	13.38	2.87673425954
172	10	13.065	2.75876330989
173	8	13.265	2.92827167455
174	8	13.33	2.81088953892
175	8	12.945	2.76260293926
176	8	12.925	2.96300101249
177	8	13.42	2.70436683902
178	8	13.375	2.81324990003
179	8	13.03	2.8247300756
180	8	13.0	2.75136329844
181	8	12.915	2.82803376925
182	8	12.97	2.85816374618
183	8	12.745	3.05286340998
184	8	12.46	3.02132421299
185	8	11.795	2.87279915762
186	8	11.335	2.93815843684
187	8	11.42	2.88159677957
188	8	11.415	2.98039846329
189	8	11.47	2.89639431017
190	8	11.835	2.87884959663
191	8	11.21	2.90101706303
192	8	11.225	2.85208257244
193	8	11.3	2.81602556807
194	8	11.385	2.95411154156
195	8	11.255	2.88963232955
196	8	11.315	3.03080434868
197	8	11.545	2.95600659675
198	8	11.795	2.85709205312
199	8	11.52	2.79992857052
200	8	11.8	2.90688837075
201	8	11.015	2.92827167455
202	8	11.33	2.86724606548
203	8	11.27	2.82614578534
204	8	11.49	2.82132947385
205	8	11.29	2.86284823209
206	8	11.735	2.80263715097
207	8	11.23	2.95247353925
208	8	11.46	2.85454024319
209	8	11.525	2.83890383775
210	8	11.255	2.84077014206
211	8	11.535	2.91355023983
212	8	11.65	2.88920404264
213	8	11.445	2.81193438757
214	8	11.545	2.87192879438
215	8	11.42	2.92294372166
216	8	11.565	2.91989297749
217	8	11.835	2.73272300096
218	8	11.72	2.92431188487
219	8	10.995	2.8469237784
220	8	11.28	2.76976533302
221	8	11.565	2.79030016306
222	8	10.965	2.76654568009
223	8	11.13	2.88324469999
224	8	11.26	2.80221341086
225	8	11.625	2.91622615721
226	8	11.61	2.87539562495
227	8	11.365	2.78240453565
228	8	11.38	2.96236392093
229	8	11.385	2.79942404791
230	8	11.235	2.86527049334
231	8	11.38	2.75419679762
232	8	11.65	2.84561065503
233	8	11.06	2.92513247563
234	8	11.5	2.88270706108
235	8	11.61	2.89791304217
236	8	11.29	2.90446208445
237	8	11.165	2.89098166719
238	8	11.06	3.01602387258
239	8	11.22	2.82163073417
240	8	11.41	2.87261205177
241	8	11.325	2.94438024039
242	8	11.165	2.85443076637
243	8	11.265	2.89737381088
244	8	11.485	2.95461926481
245	8	11.07	2.86794351409
246	8	11.45	2.81380525268
247	8	11.48	2.80349781523
248	8	11.41	2.90377340714
249	8	11.48	2.92396990409
250	8	11.43	2.89224826044
251	8	11.24	2.78969532387
252	8	10.99	2.90170639452
253	8	11.135	2.87693847692
254	8	11.45	2.89439112768
255	8	11.765	2.80709369277
256	8	11.445	2.86128904517
257	8	11.5	2.83725219182
258	8	11.35	2.88053814417
259	8	11.22	2.90027584895
260	8	11.17	2.95653513424
261	8	11.48	2.91369181624
262	8	11.275	2.76213232847
263	8	11.635	2.87780732503
264	8	11.385	2.88214763675
265	8	11.755	2.97741078792
266	8	11.585	2.96357469958
267	8	11.395	2.8158435681
268	8	11.36	2.78035968896
269	8	11.405	2.88980535677
270	8	11.535	2.80691556695
271	8	11.46	2.86153804797
272	8	11.695	2.74626564629
273	8	11.33	2.88116295964
274	8	11.155	2.95482232968
275	8	11.16	2.82212685753
276	8	11.44	2.87687330274
277	8	11.175	2.73941143314
278	8	11.41	2.80033926516
279	8	11.195	2.77253944967
280	8	11.195	2.81193438757
281	8	11.705	2.76911086813
282	8	11.19	2.90067233586
283	8	11.88	2.85580111352
284	8	11.205	2.92967148329
285	8	11.8	2.83725219182
286	8	11.325	2.86520069105
287	8	10.995	2.84867951865
288	8	11.465	2.85460592727
289	8	11.505	2.74772178359
290	8	11.6	2.76405499222
291	8	11.805	3.03100230947
292	8	11.435	2.90960048804
293	8	11.285	2.81492006991
294	8	11.39	2.9509151123
295	8	11.665	2.9228025934
296	8	11.305	2.78423687929
297	8	11.185	2.94461797183
298	8	11.32	2.93897941469
299	8	11.14	2.87235095349
300	8	11.12	2.87325599277
301	8	11.07	2.94365419165
302	8	11.61	2.83335490188
303	8	11.3	2.83548937575
304	8	11.235	2.81065383852
305	8	11.29	2.85760389137
306	8	11.21	2.90618306375
307	8	11.93	2.75047268665
308	8	11.5	2.78747197295
309	8	11.48	2.89820634186
310	8	11.48	2.90165470034
311	8	11.485	2.87398242862
312	8	11.765	2.79638606061
313	8	11.56	2.88901367252
314	8	11.47	2.91874973233
315	8	11.025	2.81680226498
316	8	11.53	2.87038324967
317	8	11.61	2.88407697539
318	8	11.495	2.89136213574
319	8	11.4	2.81780056072
320	8	11.515	2.87224215553
321	8	11.58	2.78093509453
322	8	11.16	2.96553536482
323	8	11.58	2.94849113955
324	8	11.235	2.86003059424
325	8	11.605	2.87732080241
326	8	11.225	2.89385124013
327	8	11.32	2.96270146994
328	8	11.225	2.89730478203
329	8	11.295	2.92026967933
330	8	11.125	2.90506024034
331	8	11.465	2.77466664664
332	8	11.315	2.89063574322
333	8	11.49	2.95294767986
334	8	11.505	2.82665438283
335	8	11.905	2.77055499855
336	8	10.995	2.74681178824
337	8	11.25	2.95930735139
338	8	11.135	2.84372554935
339	8	11.405	2.81086730388
340	8	11.06	2.78503141814
341	8	11.39	2.82274688911
342	8	11.16	2.86956442688
343	8	11.62	2.79026880426
344	8	11.465	2.85985576559
345	8	11.18	2.70880047253
346	8	11.36	2.88970586739
347	8	11.1	2.84429253067
348	8	11.445	2.88738203222
349	8	11.22	2.89509930745
350	8	11.465	2.86858414553
351	8	11.32	2.83330196061
352	8	11.815	2.83738876434
353	8	10.97	2.87038324967
354	8	11.235	2.80887432969
355	8	11.115	2.79495527692
356	8	11.37	2.96868657827
357	8	11.765	2.84601036541
358	8	11.68	2.88749025972
359	8	11.38	2.88887521364
360	8	11.22	2.89337173554
361	8	11.34	2.84154887341
362	8	11.3	2.95972971739
363	8	11.15	2.70508779894
364	8	11.36	2.8740911607
365	8	11.68	2.83330196061
366	8	11.055	2.8934365381
367	8	11.34	2.88866751289
368	8	11.235	2.88440201775
369	8	11.235	2.88093300859
370	8	11.375	2.92136526302
371	8	11.18	2.79241830677
372	8	11.235	2.89823653279
373	8	11.28	2.9650632371
374	8	11.415	2.91080315377
375	8	11.62	2.90096535657
376	8	11.415	2.94155996029
377	8	11.705	2.81211219549
378	8	11.09	2.86912878763
379	8	11.365	2.97351223303
380	8	11.43	2.87664735413
381	8	11.235	2.87745981727
382	8	11.185	2.88977075215
383	8	11.355	2.80695119302
384	8	11.635	2.88301491498
385	8	11.205	2.86757301564
386	8	11.195	2.85429062991
387	8	11.56	2.99439476355
388	8	11.415	2.93815843684
389	8	11.495	2.72946423314
390	8	11.795	2.95008050738
391	8	11.61	3.00298185143
392	8	11.37	2.97541593731
393	8	11.33	2.96160429497
394	8	11.38	2.81879406839
395	8	11.305	2.91752892017
396	8	11.34	2.86607745883
397	8	11.655	3.01429510831
398	8	11.52	2.83012367221
399	8	11.32	2.88749025972
400	8	11.67	2.81266777277
1	49	60.46	3.78924794649
2	48	56.05	2.67908566492
3	46	53.615	2.50933756199
4	44	51.64	2.48805144641
5	44	50.18	2.35957623314
6	41	48.895	2.63514231115
7	41	47.62	2.68990706159
8	40	46.41	2.67243334809
9	37	45.12	2.78668261558
10	36	43.545	3.02456195175
11	34	41.71	2.60305589644
12	34	40.06	2.50127967249
13	32	38.72	2.57518931343
14	30	37.785	2.58239714219
15	28	36.365	2.68361230434
16	28	34.8	2.57681974535
17	29	33.925	2.3493350123
18	27	33.195	2.28187970761
19	27	32.745	2.31083859237
20	24	31.47	2.27795961334
21	24	30.735	2.3568570173
22	23	30.085	2.31900301854
23	24	29.335	2.31576661173
24	23	28.745	2.44744254274
25	23	28.065	2.41262823493
26	22	27.455	2.31256891789
27	19	27.075	2.72017922204
28	21	26.17	2.56731377124
29	20	25.46	2.47757946391
30	19	24.885	2.53214829739
31	19	24.715	2.67465418325
32	19	23.84	2.48483399848
33	17	23.375	2.54447931805
34	17	22.58	2.77553598427
35	16	21.67	2.64595918336
36	16	21.185	2.57502912605
37	16	20.9	2.38746727726
38	16	20.37	2.62927746729
39	16	20.06	2.63370461518
40	15	19.815	2.6553295464
41	15	19.475	2.66634112596
42	14	19.36	2.5885130867
43	13	19.09	2.69107785097
44	12	18.725	2.68130099019
45	12	17.94	2.76159374275
46	12	17.54	2.85804128732
47	11	16.86	2.74415742989
48	11	16.285	2.72832824272
49	11	16.23	2.9046686558
50	11	15.5	2.72029410175
51	11	14.955	2.67824102724
52	11	14.945	2.73166158226
53	11	14.645	2.70905426302
54	10	15.02	2.80884317825
55	10	14.66	2.78646729749
56	10	14.29	2.69924063396
57	10	14.11	2.71438759207
58	10	14.105	2.80962186068
59	10	13.97	2.76750790423
60	10	14.2	2.65518360947
61	10	13.74	2.72440819262
62	10	13.755	2.67113739819
63	10	13.58	2.66338130954
64	10	13.6	2.79105714739
65	10	13.435	2.80994217022
66	10	13.5	2.68886593195
67	10	13.6	2.68886593195
68	10	13.1	2.63438797446
69	10	13.035	2.64079060132
70	10	13.165	2.71436456652
71	10	12.78	2.82694181051
72	10	12.975	2.91622615721
73	10	13.385	2.69754981418
74	10	13.09	2.70405251428
75	10	13.34	2.79005376292
76	10	13.12	2.66563313305
77	10	13.6	2.63628526529
78	10	13.26	2.66690832238
79	10	13.05	2.6865405264
80	10	13.415	2.7969224158
81	10	12.765	2.69810581705
82	10	13.28	2.61373296264
83	10	12.98	2.70362719324
84	10	12.885	2.7077250599
85	10	13.095	2.67506541976
86	10	13.215	2.77826834557
87	10	13.245	2.79373853465
88	10	12.66	2.65412885897
89	10	13.325	2.63806273618
90	10	13.185	2.72227386572
91	10	13.26	2.6310454196
92	10	12.95	2.70693553673
93	10	13.18	2.65473162485
94	10	13.17	2.83744603473
95	10	13.045	2.82541589859
96	10	12.715	2.72098787208
97	10	13.24	2.76448910289
98	10	13.33	2.59250843779
99	10	12.815	2.67222285747
100	10	13.395	2.69795756082
101	10	13.095	2.74152785869
102	10	13.16	2.8025702489
103	10	13.205	2.71348023763
104	10	13.075	2.72017922204
105	10	13.2	2.57681974535
106	10	13.085	2.72172279999
107	10	13.305	2.81637621777
108	10	13.4	2.66082693913
109	10	13.06	2.66015037169
110	10	13.03	2.77832683463
111	10	13.09	2.62524284591
112	10	13.155	2.74243960736
113	10	13.025	2.752158244
114	10	13.525	2.75488203014
115	10	13.02	2.6682578586
116	10	13.01	2.74952723209
117	10	13.25	2.65847700761
118	10	13.22	2.73525135956
119	10	13.01	2.66080814791
120	10	13.035	2.73930191837
121	10	13.105	2.65027828727
122	10	13.22	2.67798431661
123	10	12.65	2.71615537111
124	10	13.33	2.78587508693
125	10	12.81	2.70072212565
126	10	13.215	2.72924440093
127	10	13.35	2.63391343821
128	10	13.155	2.69647455022
129	10	13.285	2.77916804098
130	10	13.04	2.8157414654
131	10	12.88	2.81701970174
132	10	13.235	2.80531192562
133	10	13.315	2.70291971764
134	10	12.745	2.69999537037
135	10	13.27	2.63383750448
136	10	13.19	2.59882665832
137	10	13.15	2.63960224276
138	10	13.065	2.78581675636
139	10	12.845	2.68532586477
140	10	12.94	2.70303533088
141	10	12.98	2.79098548903
142	10	13.125	2.6906086672
143	10	13.1	2.74043792121
144	10	13.285	2.65965693276
145	10	13.325	2.85646197244
146	10	12.82	2.70880047253
147	10	13.255	2.75135875523
148	10	13.23	2.7380832712
149	10	13.435	2.62026239144
150	8	12.965	2.77376549117
151	10	13.175	2.77927598486
152	10	12.905	2.68439471762
153	10	13.425	2.68409668231
154	10	13.065	2.64589776824
155	10	12.965	2.63320622056
156	10	13.27	2.69575592367
157	10	13.14	2.75869534382
158	10	13.125	2.69246634148
159	10	13.385	2.71602190713
160	10	13.005	2.6598825162
161	10	13.265	2.82927110755
162	10	13.03	2.6979807264
163	10	13.05	2.64149578837
164	10	12.68	2.73086067019
165	10	13.105	2.73202763529
166	10	12.865	2.59360270666
167	10	13.115	2.78420096257
168	10	12.95	2.7509089407
169	10	13.06	2.66202930112
170	10	13.62	2.66375674565
171	10	12.875	2.6738315205
172	10	13.385	2.85250328659
173	10	13.425	2.63332014765
174	10	12.935	2.69829112588
175	10	13.35	2.81380525268
176	10	12.955	2.74826763617
177	10	13.155	2.69276345044
178	10	13.22	2.70214729428
179	10	13.045	2.62544758089
180	10	13.315	2.80816221041
181	10	13.195	2.66025844609
182	10	13.135	2.7141803551
183	10	13.02	2.76398263381
184	10	13.28	2.78237308785
185	10	13.41	2.75534026937
186	10	13.165	2.8350970001
187	10	13.15	2.77983812478
188	10	13.08	2.72095571445
189	10	12.875	2.69803168995
190	10	13.065	2.92417082264
191	10	13.075	2.63237060461
192	10	13.51	2.82664111624
193	10	13.195	2.79945976931
194	10	13.345	2.78315917619
195	10	13.075	2.71097307253
196	10	13.265	2.70458407153
197	10	13.09	2.6984995831
198	10	13.17	2.8339195472
199	10	13.28	2.55178368989
200	10	12.78	2.70029628004
201	10	12.89	2.65478812714
202	10	13.39	2.73274587183
203	10	12.695	2.76983302746
204	10	13.115	2.77160152259
205	10	13.085	2.72722844661
206	10	13.17	2.66853892608
207	10	13.33	2.78407974024
208	10	13.395	2.66063432286
209	10	13.105	2.72653167963
210	10	12.885	2.6630386779
211	10	13.655	2.6974015274
212	10	13.1	2.74043792121
213	10	13.355	2.53356961617
214	10	13.22	2.74619737091
215	10	13.245	2.66551589753
216	10	12.945	2.69294912689
217	10	12.91	2.67056173866
218	10	13.28	2.68730348119
219	10	13.36	2.67589237452
220	10	13.245	2.66176163471
221	10	13.295	2.7070232729
222	10	13.165	2.77448643896
223	10	13.225	2.704510122
224	10	13.14	2.7659356464
225	10	12.79	2.68251747431
226	10	13.36	2.78215743624
227	10	13.465	2.73838912501
228	10	13.075	2.78376992584
229	10	12.93	2.79017920571
230	10	12.935	2.72043654585
231	10	13.175	2.66727857563
232	10	12.92	2.88852903742
233	10	13.15	2.71431390963
234	10	13.14	2.6907991378
235	10	13.07	2.73040290067
236	10	13.255	2.77848429904
237	10	13.295	2.69962497395
238	10	13.115	2.7077250599
239	10	13.03	2.65501412426
240	10	13.23	2.6715351392
241	10	12.895	2.69703077476
242	10	13.46	2.80684876686
243	10	12.915	2.72172279999
244	10	13.25	2.68467875173
245	10	13.265	2.69346895286
246	10	12.85	2.71799558499
247	10	13.525	2.6906086672
248	10	12.615	2.65645910942
249	10	13.17	2.81799574166
250	10	13.285	2.73930191837
251	10	13.13	2.68385916173
252	10	13.5	2.81780056072
253	10	13.47	2.7511997383
254	10	12.905	2.64876858181
255	10	13.325	2.79631453882
256	10	12.985	2.69161197055
257	10	13.365	2.78958330222
258	10	13.21	2.66568940426
259	10	13.195	2.69758688461
260	10	13.03	2.81764085717
261	10	12.95	2.79419040153
262	10	13.025	2.81324990003
263	10	13.225	2.67476634494
264	10	13.375	2.77387364528
265	10	13.47	2.64369060217
266	10	12.91	2.70405251428
267	10	13.25	2.60144190787
268	10	13.27	2.82260517962
269	10	13.135	2.69384019571
270	9	13.3	2.82488937837
271	10	13.155	2.75335704187
272	10	13.255	2.67954753643
273	10	13.065	2.81260999785
274	10	13.475	2.62476189396
275	10	12.98	2.73488573802
276	10	13.375	2.73941143314
277	10	12.93	2.79017920571
278	10	13.145	2.88686248374
279	10	13.265	2.78473966467
280	10	12.915	2.71804617326
281	10	13.23	2.73625656692
282	10	13.12	2.78847628643
283	10	13.655	2.75244890961
284	10	12.975	2.73575857853
285	10	13.3	2.63818119165
286	10	13.245	2.7631458521
287	10	13.145	2.77920402274
288	10	13.52	2.84246372009
289	10	13.06	2.73430064185
290	8	13.105	2.71182134367
291	8	13.33	2.86200978335
292	8	12.625	2.62380925374
293	8	12.92	2.85019297592
294	8	13.0	2.85832118559
295	8	12.77	2.81373417366
296	8	12.655	2.96073892804
297	8	12.43	2.89915504932
298	7	12.0	2.82665880502
299	6	11.31	2.88511698203
300	6	11.275	2.7783763244
301	7	11.4	2.87576076891
302	6	11.42	2.77733685389
303	5	10.92	2.97045451068
304	6	11.35	2.89266313282
305	5	10.495	2.85656699554
306	6	10.74	3.05816938707
307	5	10.415	2.82183893942
308	5	10.315	2.96408080187
309	5	9.99	2.95125397077
310	5	10.225	3.06502446972
311	5	9.65	3.01951982938
312	5	9.285	3.00395988655
313	5	9.465	3.01641757719
314	5	8.945	2.99866220172
315	3	9.305	2.9277935378
316	3	8.885	3.00362697418
317	3	8.625	3.07154277196
318	3	8.96	2.86328482691
319	3	8.38	3.09121335401
320	3	8.155	3.14658147837
321	3	7.78	3.23443967327
322	3	7.68	3.20274881937
323	3	7.295	3.1237757602
324	0	6.805	3.03923921401
